2019-12-12 03:57:28 [scrapy.utils.log] INFO: Scrapy 1.7.4 started (bot: spider_tophub)
2019-12-12 03:57:28 [scrapy.utils.log] INFO: Versions: lxml 4.4.1.0, libxml2 2.9.9, cssselect 1.1.0, parsel 1.5.2, w3lib 1.21.0, Twisted 19.7.0, Python 3.7.5 (default, Nov 23 2019, 05:59:34) - [GCC 8.3.0], pyOpenSSL 19.0.0 (OpenSSL 1.1.1d  10 Sep 2019), cryptography 2.8, Platform Linux-3.10.0-1062.1.2.el7.x86_64-x86_64-with-debian-10.2
2019-12-12 03:57:28 [scrapy.crawler] INFO: Overridden settings: {'BOT_NAME': 'spider_tophub', 'DOWNLOAD_DELAY': 1, 'LOG_FILE': 'logs/spider_tophub/sspai_remen/ae98b01c1c8e11ea9d990242ac190004.log', 'NEWSPIDER_MODULE': 'spider_tophub.spiders', 'ROBOTSTXT_OBEY': True, 'SPIDER_MODULES': ['spider_tophub.spiders'], 'USER_AGENT': 'Mozilla/5.0 (Windows NT 10.0; Win64; x64) AppleWebKit/537.36 (KHTML, like Gecko) Chrome/77.0.3865.120 Safari/537.36'}
2019-12-12 03:57:28 [scrapy.extensions.telnet] INFO: Telnet Password: e8177aec0cdc76f9
2019-12-12 03:57:28 [scrapy.middleware] INFO: Enabled extensions:
['scrapy.extensions.corestats.CoreStats',
 'scrapy.extensions.telnet.TelnetConsole',
 'scrapy.extensions.memusage.MemoryUsage',
 'scrapy.extensions.logstats.LogStats']
2019-12-12 03:57:28 [scrapy.middleware] INFO: Enabled downloader middlewares:
['scrapy.downloadermiddlewares.robotstxt.RobotsTxtMiddleware',
 'scrapy.downloadermiddlewares.httpauth.HttpAuthMiddleware',
 'scrapy.downloadermiddlewares.downloadtimeout.DownloadTimeoutMiddleware',
 'scrapy.downloadermiddlewares.defaultheaders.DefaultHeadersMiddleware',
 'scrapy.downloadermiddlewares.useragent.UserAgentMiddleware',
 'scrapy.downloadermiddlewares.retry.RetryMiddleware',
 'scrapy.downloadermiddlewares.redirect.MetaRefreshMiddleware',
 'scrapy.downloadermiddlewares.httpcompression.HttpCompressionMiddleware',
 'scrapy.downloadermiddlewares.redirect.RedirectMiddleware',
 'scrapy.downloadermiddlewares.cookies.CookiesMiddleware',
 'scrapy.downloadermiddlewares.httpproxy.HttpProxyMiddleware',
 'scrapy.downloadermiddlewares.stats.DownloaderStats']
2019-12-12 03:57:28 [scrapy.middleware] INFO: Enabled spider middlewares:
['scrapy.spidermiddlewares.httperror.HttpErrorMiddleware',
 'scrapy.spidermiddlewares.offsite.OffsiteMiddleware',
 'scrapy.spidermiddlewares.referer.RefererMiddleware',
 'scrapy.spidermiddlewares.urllength.UrlLengthMiddleware',
 'scrapy.spidermiddlewares.depth.DepthMiddleware']
2019-12-12 03:57:28 [scrapy.middleware] INFO: Enabled item pipelines:
['spider_tophub.pipelines.MysqlTwistedPipeline']
2019-12-12 03:57:28 [scrapy.core.engine] INFO: Spider opened
2019-12-12 03:57:28 [scrapy.extensions.logstats] INFO: Crawled 0 pages (at 0 pages/min), scraped 0 items (at 0 items/min)
2019-12-12 03:57:28 [scrapy.extensions.telnet] INFO: Telnet console listening on 127.0.0.1:6023
2019-12-12 03:57:29 [scrapy.core.engine] DEBUG: Crawled (200) <GET https://sspai.com/robots.txt> (referer: None)
2019-12-12 03:57:30 [scrapy.core.engine] DEBUG: Crawled (200) <GET https://sspai.com/api/v1/articles?offset=0&limit=20&has_tag=1&tag=%E7%83%AD%E9%97%A8%E6%96%87%E7%AB%A0&include_total=false&type=recommend_to_home> (referer: None)
2019-12-12 03:57:30 [scrapy.core.scraper] DEBUG: Scraped from <200 https://sspai.com/api/v1/articles?offset=0&limit=20&has_tag=1&tag=%E7%83%AD%E9%97%A8%E6%96%87%E7%AB%A0&include_total=false&type=recommend_to_home>
None
2019-12-12 03:57:30 [scrapy.core.scraper] DEBUG: Scraped from <200 https://sspai.com/api/v1/articles?offset=0&limit=20&has_tag=1&tag=%E7%83%AD%E9%97%A8%E6%96%87%E7%AB%A0&include_total=false&type=recommend_to_home>
None
2019-12-12 03:57:30 [scrapy.core.scraper] DEBUG: Scraped from <200 https://sspai.com/api/v1/articles?offset=0&limit=20&has_tag=1&tag=%E7%83%AD%E9%97%A8%E6%96%87%E7%AB%A0&include_total=false&type=recommend_to_home>
None
2019-12-12 03:57:30 [scrapy.core.scraper] DEBUG: Scraped from <200 https://sspai.com/api/v1/articles?offset=0&limit=20&has_tag=1&tag=%E7%83%AD%E9%97%A8%E6%96%87%E7%AB%A0&include_total=false&type=recommend_to_home>
None
2019-12-12 03:57:30 [scrapy.core.scraper] DEBUG: Scraped from <200 https://sspai.com/api/v1/articles?offset=0&limit=20&has_tag=1&tag=%E7%83%AD%E9%97%A8%E6%96%87%E7%AB%A0&include_total=false&type=recommend_to_home>
None
2019-12-12 03:57:30 [scrapy.core.scraper] DEBUG: Scraped from <200 https://sspai.com/api/v1/articles?offset=0&limit=20&has_tag=1&tag=%E7%83%AD%E9%97%A8%E6%96%87%E7%AB%A0&include_total=false&type=recommend_to_home>
None
2019-12-12 03:57:30 [scrapy.core.scraper] DEBUG: Scraped from <200 https://sspai.com/api/v1/articles?offset=0&limit=20&has_tag=1&tag=%E7%83%AD%E9%97%A8%E6%96%87%E7%AB%A0&include_total=false&type=recommend_to_home>
None
2019-12-12 03:57:30 [scrapy.core.scraper] DEBUG: Scraped from <200 https://sspai.com/api/v1/articles?offset=0&limit=20&has_tag=1&tag=%E7%83%AD%E9%97%A8%E6%96%87%E7%AB%A0&include_total=false&type=recommend_to_home>
None
2019-12-12 03:57:30 [scrapy.core.scraper] DEBUG: Scraped from <200 https://sspai.com/api/v1/articles?offset=0&limit=20&has_tag=1&tag=%E7%83%AD%E9%97%A8%E6%96%87%E7%AB%A0&include_total=false&type=recommend_to_home>
None
2019-12-12 03:57:30 [scrapy.core.scraper] DEBUG: Scraped from <200 https://sspai.com/api/v1/articles?offset=0&limit=20&has_tag=1&tag=%E7%83%AD%E9%97%A8%E6%96%87%E7%AB%A0&include_total=false&type=recommend_to_home>
None
2019-12-12 03:57:30 [scrapy.core.scraper] DEBUG: Scraped from <200 https://sspai.com/api/v1/articles?offset=0&limit=20&has_tag=1&tag=%E7%83%AD%E9%97%A8%E6%96%87%E7%AB%A0&include_total=false&type=recommend_to_home>
None
2019-12-12 03:57:30 [scrapy.core.scraper] DEBUG: Scraped from <200 https://sspai.com/api/v1/articles?offset=0&limit=20&has_tag=1&tag=%E7%83%AD%E9%97%A8%E6%96%87%E7%AB%A0&include_total=false&type=recommend_to_home>
None
2019-12-12 03:57:30 [scrapy.core.scraper] DEBUG: Scraped from <200 https://sspai.com/api/v1/articles?offset=0&limit=20&has_tag=1&tag=%E7%83%AD%E9%97%A8%E6%96%87%E7%AB%A0&include_total=false&type=recommend_to_home>
None
2019-12-12 03:57:30 [scrapy.core.scraper] DEBUG: Scraped from <200 https://sspai.com/api/v1/articles?offset=0&limit=20&has_tag=1&tag=%E7%83%AD%E9%97%A8%E6%96%87%E7%AB%A0&include_total=false&type=recommend_to_home>
None
2019-12-12 03:57:30 [scrapy.core.scraper] DEBUG: Scraped from <200 https://sspai.com/api/v1/articles?offset=0&limit=20&has_tag=1&tag=%E7%83%AD%E9%97%A8%E6%96%87%E7%AB%A0&include_total=false&type=recommend_to_home>
None
2019-12-12 03:57:30 [scrapy.core.scraper] DEBUG: Scraped from <200 https://sspai.com/api/v1/articles?offset=0&limit=20&has_tag=1&tag=%E7%83%AD%E9%97%A8%E6%96%87%E7%AB%A0&include_total=false&type=recommend_to_home>
None
2019-12-12 03:57:30 [scrapy.core.scraper] DEBUG: Scraped from <200 https://sspai.com/api/v1/articles?offset=0&limit=20&has_tag=1&tag=%E7%83%AD%E9%97%A8%E6%96%87%E7%AB%A0&include_total=false&type=recommend_to_home>
None
2019-12-12 03:57:30 [scrapy.core.scraper] DEBUG: Scraped from <200 https://sspai.com/api/v1/articles?offset=0&limit=20&has_tag=1&tag=%E7%83%AD%E9%97%A8%E6%96%87%E7%AB%A0&include_total=false&type=recommend_to_home>
None
2019-12-12 03:57:30 [scrapy.core.scraper] DEBUG: Scraped from <200 https://sspai.com/api/v1/articles?offset=0&limit=20&has_tag=1&tag=%E7%83%AD%E9%97%A8%E6%96%87%E7%AB%A0&include_total=false&type=recommend_to_home>
None
2019-12-12 03:57:30 [scrapy.core.scraper] DEBUG: Scraped from <200 https://sspai.com/api/v1/articles?offset=0&limit=20&has_tag=1&tag=%E7%83%AD%E9%97%A8%E6%96%87%E7%AB%A0&include_total=false&type=recommend_to_home>
None
2019-12-12 03:57:30 [scrapy.core.engine] INFO: Closing spider (finished)
2019-12-12 03:57:30 [scrapy.statscollectors] INFO: Dumping Scrapy stats:
{'downloader/request_bytes': 715,
 'downloader/request_count': 2,
 'downloader/request_method_count/GET': 2,
 'downloader/response_bytes': 94773,
 'downloader/response_count': 2,
 'downloader/response_status_count/200': 2,
 'elapsed_time_seconds': 1.645221,
 'finish_reason': 'finished',
 'finish_time': datetime.datetime(2019, 12, 12, 3, 57, 30, 616398),
 'item_scraped_count': 20,
 'log_count/DEBUG': 22,
 'log_count/INFO': 10,
 'memusage/max': 57221120,
 'memusage/startup': 57221120,
 'response_received_count': 2,
 'robotstxt/request_count': 1,
 'robotstxt/response_count': 1,
 'robotstxt/response_status_count/200': 1,
 'scheduler/dequeued': 1,
 'scheduler/dequeued/memory': 1,
 'scheduler/enqueued': 1,
 'scheduler/enqueued/memory': 1,
 'start_time': datetime.datetime(2019, 12, 12, 3, 57, 28, 971177)}
2019-12-12 03:57:30 [scrapy.core.engine] INFO: Spider closed (finished)
2019-12-12 03:57:30 [urllib3.connectionpool] DEBUG: Starting new HTTP connection (1): elasticsearch:9200
2019-12-12 03:57:30 [urllib3.connectionpool] DEBUG: Starting new HTTP connection (1): elasticsearch:9200
2019-12-12 03:57:30 [urllib3.connectionpool] DEBUG: Starting new HTTP connection (1): elasticsearch:9200
2019-12-12 03:57:30 [urllib3.connectionpool] DEBUG: Starting new HTTP connection (1): elasticsearch:9200
2019-12-12 03:57:30 [urllib3.connectionpool] DEBUG: http://elasticsearch:9200 "HEAD /top HTTP/1.1" 200 0
2019-12-12 03:57:30 [elasticsearch] INFO: HEAD http://elasticsearch:9200/top [status:200 request:0.007s]
2019-12-12 03:57:30 [elasticsearch] DEBUG: > None
2019-12-12 03:57:30 [elasticsearch] DEBUG: < 
2019-12-12 03:57:30 [urllib3.connectionpool] DEBUG: http://elasticsearch:9200 "HEAD /top HTTP/1.1" 200 0
2019-12-12 03:57:30 [elasticsearch] INFO: HEAD http://elasticsearch:9200/top [status:200 request:0.008s]
2019-12-12 03:57:30 [elasticsearch] DEBUG: > None
2019-12-12 03:57:30 [elasticsearch] DEBUG: < 
2019-12-12 03:57:30 [urllib3.connectionpool] DEBUG: http://elasticsearch:9200 "HEAD /top HTTP/1.1" 200 0
2019-12-12 03:57:30 [elasticsearch] INFO: HEAD http://elasticsearch:9200/top [status:200 request:0.010s]
2019-12-12 03:57:30 [elasticsearch] DEBUG: > None
2019-12-12 03:57:30 [elasticsearch] DEBUG: < 
2019-12-12 03:57:30 [urllib3.connectionpool] DEBUG: http://elasticsearch:9200 "HEAD /top HTTP/1.1" 200 0
2019-12-12 03:57:30 [elasticsearch] INFO: HEAD http://elasticsearch:9200/top [status:200 request:0.008s]
2019-12-12 03:57:30 [elasticsearch] DEBUG: > None
2019-12-12 03:57:30 [elasticsearch] DEBUG: < 
2019-12-12 03:57:30 [urllib3.connectionpool] DEBUG: Starting new HTTP connection (1): elasticsearch:9200
2019-12-12 03:57:30 [urllib3.connectionpool] DEBUG: http://elasticsearch:9200 "HEAD /top HTTP/1.1" 200 0
2019-12-12 03:57:30 [elasticsearch] INFO: HEAD http://elasticsearch:9200/top [status:200 request:0.002s]
2019-12-12 03:57:30 [elasticsearch] DEBUG: > None
2019-12-12 03:57:30 [elasticsearch] DEBUG: < 
2019-12-12 03:57:30 [urllib3.connectionpool] DEBUG: http://elasticsearch:9200 "POST /top/_doc/2050 HTTP/1.1" 201 158
2019-12-12 03:57:30 [elasticsearch] INFO: POST http://elasticsearch:9200/top/_doc/2050 [status:201 request:0.012s]
2019-12-12 03:57:30 [elasticsearch] DEBUG: > {"title":"脑洞 | 有趣的富文本创作社区：年轻、充满活力、基于主题、共同创作虚拟类作品的社区","description_content":"_CE","update_at":1576123050605}
2019-12-12 03:57:30 [elasticsearch] DEBUG: < {"_index":"top","_type":"_doc","_id":"2050","_version":1,"result":"created","_shards":{"total":2,"successful":1,"failed":0},"_seq_no":3549,"_primary_term":14}
2019-12-12 03:57:30 [urllib3.connectionpool] DEBUG: http://elasticsearch:9200 "POST /top/_doc/2047 HTTP/1.1" 201 158
2019-12-12 03:57:30 [elasticsearch] INFO: POST http://elasticsearch:9200/top/_doc/2047 [status:201 request:0.019s]
2019-12-12 03:57:30 [elasticsearch] DEBUG: > {"title":"iPhone 拍照新选择，一台「古朴」的「未来相机」：INCH","description_content":"Tp","update_at":1576123050605}
2019-12-12 03:57:30 [elasticsearch] DEBUG: < {"_index":"top","_type":"_doc","_id":"2047","_version":1,"result":"created","_shards":{"total":2,"successful":1,"failed":0},"_seq_no":3550,"_primary_term":14}
2019-12-12 03:57:30 [urllib3.connectionpool] DEBUG: Starting new HTTP connection (1): elasticsearch:9200
2019-12-12 03:57:30 [urllib3.connectionpool] DEBUG: http://elasticsearch:9200 "HEAD /top HTTP/1.1" 200 0
2019-12-12 03:57:30 [elasticsearch] INFO: HEAD http://elasticsearch:9200/top [status:200 request:0.002s]
2019-12-12 03:57:30 [elasticsearch] DEBUG: > None
2019-12-12 03:57:30 [elasticsearch] DEBUG: < 
2019-12-12 03:57:30 [urllib3.connectionpool] DEBUG: http://elasticsearch:9200 "POST /top/_doc/2048 HTTP/1.1" 201 158
2019-12-12 03:57:30 [elasticsearch] INFO: POST http://elasticsearch:9200/top/_doc/2048 [status:201 request:0.028s]
2019-12-12 03:57:30 [elasticsearch] DEBUG: > {"title":"实力与美貌并存，让人「眼前一亮」的笔记 App：Noto","description_content":"ElijahLee","update_at":1576123050605}
2019-12-12 03:57:30 [elasticsearch] DEBUG: < {"_index":"top","_type":"_doc","_id":"2048","_version":1,"result":"created","_shards":{"total":2,"successful":1,"failed":0},"_seq_no":3551,"_primary_term":14}
2019-12-12 03:57:30 [urllib3.connectionpool] DEBUG: Starting new HTTP connection (1): elasticsearch:9200
2019-12-12 03:57:30 [urllib3.connectionpool] DEBUG: http://elasticsearch:9200 "HEAD /top HTTP/1.1" 200 0
2019-12-12 03:57:30 [elasticsearch] INFO: HEAD http://elasticsearch:9200/top [status:200 request:0.003s]
2019-12-12 03:57:30 [elasticsearch] DEBUG: > None
2019-12-12 03:57:30 [elasticsearch] DEBUG: < 
2019-12-12 03:57:30 [urllib3.connectionpool] DEBUG: http://elasticsearch:9200 "POST /top/_doc/2049 HTTP/1.1" 201 158
2019-12-12 03:57:30 [elasticsearch] INFO: POST http://elasticsearch:9200/top/_doc/2049 [status:201 request:0.035s]
2019-12-12 03:57:30 [elasticsearch] DEBUG: > {"title":"2019 年末，我们能采用什么方式改善 Windows 的字体渲染？","description_content":"SunsetYe","update_at":1576123050605}
2019-12-12 03:57:30 [elasticsearch] DEBUG: < {"_index":"top","_type":"_doc","_id":"2049","_version":1,"result":"created","_shards":{"total":2,"successful":1,"failed":0},"_seq_no":3552,"_primary_term":14}
2019-12-12 03:57:30 [urllib3.connectionpool] DEBUG: Starting new HTTP connection (1): elasticsearch:9200
2019-12-12 03:57:30 [urllib3.connectionpool] DEBUG: http://elasticsearch:9200 "HEAD /top HTTP/1.1" 200 0
2019-12-12 03:57:30 [elasticsearch] INFO: HEAD http://elasticsearch:9200/top [status:200 request:0.002s]
2019-12-12 03:57:30 [elasticsearch] DEBUG: > None
2019-12-12 03:57:30 [elasticsearch] DEBUG: < 
2019-12-12 03:57:30 [urllib3.connectionpool] DEBUG: http://elasticsearch:9200 "POST /top/_doc/2051 HTTP/1.1" 201 158
2019-12-12 03:57:30 [elasticsearch] INFO: POST http://elasticsearch:9200/top/_doc/2051 [status:201 request:0.038s]
2019-12-12 03:57:30 [elasticsearch] DEBUG: > {"title":"新玩意 | 三合一无线充、升降电火锅……少数派的编辑们最近买了啥？","description_content":"少数派编辑部","update_at":1576123050605}
2019-12-12 03:57:30 [elasticsearch] DEBUG: < {"_index":"top","_type":"_doc","_id":"2051","_version":1,"result":"created","_shards":{"total":2,"successful":1,"failed":0},"_seq_no":3553,"_primary_term":14}
2019-12-12 03:57:30 [urllib3.connectionpool] DEBUG: Starting new HTTP connection (1): elasticsearch:9200
2019-12-12 03:57:30 [urllib3.connectionpool] DEBUG: http://elasticsearch:9200 "HEAD /top HTTP/1.1" 200 0
2019-12-12 03:57:30 [elasticsearch] INFO: HEAD http://elasticsearch:9200/top [status:200 request:0.002s]
2019-12-12 03:57:30 [elasticsearch] DEBUG: > None
2019-12-12 03:57:30 [elasticsearch] DEBUG: < 
2019-12-12 03:57:30 [urllib3.connectionpool] DEBUG: http://elasticsearch:9200 "POST /top/_doc/2052 HTTP/1.1" 201 158
2019-12-12 03:57:30 [elasticsearch] INFO: POST http://elasticsearch:9200/top/_doc/2052 [status:201 request:0.032s]
2019-12-12 03:57:30 [elasticsearch] DEBUG: > {"title":"实践 Notion 构建作者与内容管理系统","description_content":"Linmi","update_at":1576123050605}
2019-12-12 03:57:30 [elasticsearch] DEBUG: < {"_index":"top","_type":"_doc","_id":"2052","_version":1,"result":"created","_shards":{"total":2,"successful":1,"failed":0},"_seq_no":3554,"_primary_term":14}
2019-12-12 03:57:30 [urllib3.connectionpool] DEBUG: Starting new HTTP connection (1): elasticsearch:9200
2019-12-12 03:57:30 [urllib3.connectionpool] DEBUG: http://elasticsearch:9200 "HEAD /top HTTP/1.1" 200 0
2019-12-12 03:57:30 [elasticsearch] INFO: HEAD http://elasticsearch:9200/top [status:200 request:0.002s]
2019-12-12 03:57:30 [elasticsearch] DEBUG: > None
2019-12-12 03:57:30 [elasticsearch] DEBUG: < 
2019-12-12 03:57:30 [urllib3.connectionpool] DEBUG: Starting new HTTP connection (1): elasticsearch:9200
2019-12-12 03:57:30 [urllib3.connectionpool] DEBUG: http://elasticsearch:9200 "POST /top/_doc/2053 HTTP/1.1" 201 158
2019-12-12 03:57:30 [elasticsearch] INFO: POST http://elasticsearch:9200/top/_doc/2053 [status:201 request:0.034s]
2019-12-12 03:57:30 [elasticsearch] DEBUG: > {"title":"Nintendo Switch 国行即将发售，这里有所有你关心的细节","description_content":"Kenny MacCormick","update_at":1576123050605}
2019-12-12 03:57:30 [elasticsearch] DEBUG: < {"_index":"top","_type":"_doc","_id":"2053","_version":1,"result":"created","_shards":{"total":2,"successful":1,"failed":0},"_seq_no":3555,"_primary_term":14}
2019-12-12 03:57:30 [urllib3.connectionpool] DEBUG: http://elasticsearch:9200 "HEAD /top HTTP/1.1" 200 0
2019-12-12 03:57:30 [elasticsearch] INFO: HEAD http://elasticsearch:9200/top [status:200 request:0.004s]
2019-12-12 03:57:30 [elasticsearch] DEBUG: > None
2019-12-12 03:57:30 [elasticsearch] DEBUG: < 
2019-12-12 03:57:30 [urllib3.connectionpool] DEBUG: http://elasticsearch:9200 "POST /top/_doc/2054 HTTP/1.1" 201 158
2019-12-12 03:57:30 [elasticsearch] INFO: POST http://elasticsearch:9200/top/_doc/2054 [status:201 request:0.032s]
2019-12-12 03:57:30 [elasticsearch] DEBUG: > {"title":"可能是 iOS 上综合体验最好的阅读器：Apple Books 使用详解","description_content":"Vanilla","update_at":1576123050605}
2019-12-12 03:57:30 [elasticsearch] DEBUG: < {"_index":"top","_type":"_doc","_id":"2054","_version":1,"result":"created","_shards":{"total":2,"successful":1,"failed":0},"_seq_no":3556,"_primary_term":14}
2019-12-12 03:57:30 [urllib3.connectionpool] DEBUG: Starting new HTTP connection (1): elasticsearch:9200
2019-12-12 03:57:30 [urllib3.connectionpool] DEBUG: http://elasticsearch:9200 "HEAD /top HTTP/1.1" 200 0
2019-12-12 03:57:30 [elasticsearch] INFO: HEAD http://elasticsearch:9200/top [status:200 request:0.002s]
2019-12-12 03:57:30 [elasticsearch] DEBUG: > None
2019-12-12 03:57:30 [elasticsearch] DEBUG: < 
2019-12-12 03:57:30 [urllib3.connectionpool] DEBUG: http://elasticsearch:9200 "POST /top/_doc/2055 HTTP/1.1" 201 158
2019-12-12 03:57:30 [elasticsearch] INFO: POST http://elasticsearch:9200/top/_doc/2055 [status:201 request:0.030s]
2019-12-12 03:57:30 [elasticsearch] DEBUG: > {"title":"Google Play「User's Choice Awards」 出炉，是你的选择吗？","description_content":"黎明前线Alan","update_at":1576123050605}
2019-12-12 03:57:30 [elasticsearch] DEBUG: < {"_index":"top","_type":"_doc","_id":"2055","_version":1,"result":"created","_shards":{"total":2,"successful":1,"failed":0},"_seq_no":3557,"_primary_term":14}
2019-12-12 03:57:30 [urllib3.connectionpool] DEBUG: Starting new HTTP connection (1): elasticsearch:9200
2019-12-12 03:57:30 [urllib3.connectionpool] DEBUG: http://elasticsearch:9200 "HEAD /top HTTP/1.1" 200 0
2019-12-12 03:57:30 [elasticsearch] INFO: HEAD http://elasticsearch:9200/top [status:200 request:0.002s]
2019-12-12 03:57:30 [elasticsearch] DEBUG: > None
2019-12-12 03:57:30 [elasticsearch] DEBUG: < 
2019-12-12 03:57:30 [urllib3.connectionpool] DEBUG: http://elasticsearch:9200 "POST /top/_doc/2056 HTTP/1.1" 201 158
2019-12-12 03:57:30 [elasticsearch] INFO: POST http://elasticsearch:9200/top/_doc/2056 [status:201 request:0.032s]
2019-12-12 03:57:30 [elasticsearch] DEBUG: > {"title":"苹果选出了今年的年度 App 和游戏，还为它们办了场 party","description_content":"少数派编辑部","update_at":1576123050605}
2019-12-12 03:57:30 [elasticsearch] DEBUG: < {"_index":"top","_type":"_doc","_id":"2056","_version":1,"result":"created","_shards":{"total":2,"successful":1,"failed":0},"_seq_no":3558,"_primary_term":14}
2019-12-12 03:57:30 [urllib3.connectionpool] DEBUG: Starting new HTTP connection (1): elasticsearch:9200
2019-12-12 03:57:30 [urllib3.connectionpool] DEBUG: http://elasticsearch:9200 "HEAD /top HTTP/1.1" 200 0
2019-12-12 03:57:30 [elasticsearch] INFO: HEAD http://elasticsearch:9200/top [status:200 request:0.002s]
2019-12-12 03:57:30 [elasticsearch] DEBUG: > None
2019-12-12 03:57:30 [elasticsearch] DEBUG: < 
2019-12-12 03:57:30 [urllib3.connectionpool] DEBUG: http://elasticsearch:9200 "POST /top/_doc/2057 HTTP/1.1" 201 158
2019-12-12 03:57:30 [elasticsearch] INFO: POST http://elasticsearch:9200/top/_doc/2057 [status:201 request:0.033s]
2019-12-12 03:57:30 [elasticsearch] DEBUG: > {"title":"最后 24 小时：这个 Mac 软件大礼包，帮你省下 1000 刀","description_content":"Tp","update_at":1576123050605}
2019-12-12 03:57:30 [elasticsearch] DEBUG: < {"_index":"top","_type":"_doc","_id":"2057","_version":1,"result":"created","_shards":{"total":2,"successful":1,"failed":0},"_seq_no":3559,"_primary_term":14}
2019-12-12 03:57:30 [urllib3.connectionpool] DEBUG: Starting new HTTP connection (1): elasticsearch:9200
2019-12-12 03:57:30 [urllib3.connectionpool] DEBUG: http://elasticsearch:9200 "HEAD /top HTTP/1.1" 200 0
2019-12-12 03:57:30 [elasticsearch] INFO: HEAD http://elasticsearch:9200/top [status:200 request:0.002s]
2019-12-12 03:57:30 [elasticsearch] DEBUG: > None
2019-12-12 03:57:30 [elasticsearch] DEBUG: < 
2019-12-12 03:57:30 [urllib3.connectionpool] DEBUG: http://elasticsearch:9200 "POST /top/_doc/2058 HTTP/1.1" 201 158
2019-12-12 03:57:30 [elasticsearch] INFO: POST http://elasticsearch:9200/top/_doc/2058 [status:201 request:0.033s]
2019-12-12 03:57:30 [elasticsearch] DEBUG: > {"title":"试试用你的 iPad 做个逐帧动画","description_content":"Quentin_Yu","update_at":1576123050605}
2019-12-12 03:57:30 [elasticsearch] DEBUG: < {"_index":"top","_type":"_doc","_id":"2058","_version":1,"result":"created","_shards":{"total":2,"successful":1,"failed":0},"_seq_no":3560,"_primary_term":14}
2019-12-12 03:57:30 [urllib3.connectionpool] DEBUG: http://elasticsearch:9200 "POST /top/_doc/2059 HTTP/1.1" 201 158
2019-12-12 03:57:30 [elasticsearch] INFO: POST http://elasticsearch:9200/top/_doc/2059 [status:201 request:0.032s]
2019-12-12 03:57:30 [elasticsearch] DEBUG: > {"title":"一周 App 派评 | 近期值得关注的 15 款应用","description_content":"huhuhang","update_at":1576123050605}
2019-12-12 03:57:30 [elasticsearch] DEBUG: < {"_index":"top","_type":"_doc","_id":"2059","_version":1,"result":"created","_shards":{"total":2,"successful":1,"failed":0},"_seq_no":3561,"_primary_term":14}
2019-12-12 03:57:30 [urllib3.connectionpool] DEBUG: http://elasticsearch:9200 "POST /top/_doc/2060 HTTP/1.1" 201 158
2019-12-12 03:57:30 [elasticsearch] INFO: POST http://elasticsearch:9200/top/_doc/2060 [status:201 request:0.029s]
2019-12-12 03:57:30 [elasticsearch] DEBUG: > {"title":"进一步打通手机与电脑的藩篱 - EMUI10 多屏协同体验","description_content":"Kenny MacCormick","update_at":1576123050605}
2019-12-12 03:57:30 [elasticsearch] DEBUG: < {"_index":"top","_type":"_doc","_id":"2060","_version":1,"result":"created","_shards":{"total":2,"successful":1,"failed":0},"_seq_no":3562,"_primary_term":14}
2019-12-12 03:57:30 [urllib3.connectionpool] DEBUG: http://elasticsearch:9200 "POST /top/_doc/2061 HTTP/1.1" 201 158
2019-12-12 03:57:30 [elasticsearch] INFO: POST http://elasticsearch:9200/top/_doc/2061 [status:201 request:0.025s]
2019-12-12 03:57:30 [elasticsearch] DEBUG: > {"title":"这么多第三方相机 App，为什么 Moment 是我的首选？","description_content":"huhuhang","update_at":1576123050605}
2019-12-12 03:57:30 [elasticsearch] DEBUG: < {"_index":"top","_type":"_doc","_id":"2061","_version":1,"result":"created","_shards":{"total":2,"successful":1,"failed":0},"_seq_no":3563,"_primary_term":14}
