2019-12-12 03:52:13 [scrapy.utils.log] INFO: Scrapy 1.7.4 started (bot: spider_tophub)
2019-12-12 03:52:13 [scrapy.utils.log] INFO: Versions: lxml 4.4.1.0, libxml2 2.9.9, cssselect 1.1.0, parsel 1.5.2, w3lib 1.21.0, Twisted 19.7.0, Python 3.7.5 (default, Nov 23 2019, 05:59:34) - [GCC 8.3.0], pyOpenSSL 19.0.0 (OpenSSL 1.1.1d  10 Sep 2019), cryptography 2.8, Platform Linux-3.10.0-1062.1.2.el7.x86_64-x86_64-with-debian-10.2
2019-12-12 03:52:13 [scrapy.crawler] INFO: Overridden settings: {'BOT_NAME': 'spider_tophub', 'DOWNLOAD_DELAY': 1, 'LOG_FILE': 'logs/spider_tophub/zhangxinxu/43afce2a1c8e11ea9d990242ac190004.log', 'NEWSPIDER_MODULE': 'spider_tophub.spiders', 'ROBOTSTXT_OBEY': True, 'SPIDER_MODULES': ['spider_tophub.spiders'], 'USER_AGENT': 'Mozilla/5.0 (Windows NT 10.0; Win64; x64) AppleWebKit/537.36 (KHTML, like Gecko) Chrome/77.0.3865.120 Safari/537.36'}
2019-12-12 03:52:13 [scrapy.extensions.telnet] INFO: Telnet Password: b01b4b62faed8b1b
2019-12-12 03:52:13 [scrapy.middleware] INFO: Enabled extensions:
['scrapy.extensions.corestats.CoreStats',
 'scrapy.extensions.telnet.TelnetConsole',
 'scrapy.extensions.memusage.MemoryUsage',
 'scrapy.extensions.logstats.LogStats']
2019-12-12 03:52:14 [scrapy.middleware] INFO: Enabled downloader middlewares:
['scrapy.downloadermiddlewares.robotstxt.RobotsTxtMiddleware',
 'scrapy.downloadermiddlewares.httpauth.HttpAuthMiddleware',
 'scrapy.downloadermiddlewares.downloadtimeout.DownloadTimeoutMiddleware',
 'scrapy.downloadermiddlewares.defaultheaders.DefaultHeadersMiddleware',
 'scrapy.downloadermiddlewares.useragent.UserAgentMiddleware',
 'scrapy.downloadermiddlewares.retry.RetryMiddleware',
 'scrapy.downloadermiddlewares.redirect.MetaRefreshMiddleware',
 'scrapy.downloadermiddlewares.httpcompression.HttpCompressionMiddleware',
 'scrapy.downloadermiddlewares.redirect.RedirectMiddleware',
 'scrapy.downloadermiddlewares.cookies.CookiesMiddleware',
 'scrapy.downloadermiddlewares.httpproxy.HttpProxyMiddleware',
 'scrapy.downloadermiddlewares.stats.DownloaderStats']
2019-12-12 03:52:14 [scrapy.middleware] INFO: Enabled spider middlewares:
['scrapy.spidermiddlewares.httperror.HttpErrorMiddleware',
 'scrapy.spidermiddlewares.offsite.OffsiteMiddleware',
 'scrapy.spidermiddlewares.referer.RefererMiddleware',
 'scrapy.spidermiddlewares.urllength.UrlLengthMiddleware',
 'scrapy.spidermiddlewares.depth.DepthMiddleware']
2019-12-12 03:52:14 [scrapy.middleware] INFO: Enabled item pipelines:
['spider_tophub.pipelines.MysqlTwistedPipeline']
2019-12-12 03:52:14 [scrapy.core.engine] INFO: Spider opened
2019-12-12 03:52:14 [scrapy.extensions.logstats] INFO: Crawled 0 pages (at 0 pages/min), scraped 0 items (at 0 items/min)
2019-12-12 03:52:14 [py.warnings] WARNING: /usr/local/lib/python3.7/site-packages/scrapy/spidermiddlewares/offsite.py:61: URLWarning: allowed_domains accepts only domains, not URLs. Ignoring URL entry http://www.zhangxinxu.com/ in allowed_domains.
  warnings.warn(message, URLWarning)

2019-12-12 03:52:14 [scrapy.extensions.telnet] INFO: Telnet console listening on 127.0.0.1:6024
2019-12-12 03:52:14 [scrapy.downloadermiddlewares.redirect] DEBUG: Redirecting (301) to <GET https://www.zhangxinxu.com/robots.txt> from <GET http://www.zhangxinxu.com/robots.txt>
2019-12-12 03:52:15 [scrapy.core.engine] DEBUG: Crawled (404) <GET https://www.zhangxinxu.com/robots.txt> (referer: None)
2019-12-12 03:52:16 [scrapy.downloadermiddlewares.redirect] DEBUG: Redirecting (301) to <GET https://www.zhangxinxu.com/life/feed/> from <GET http://www.zhangxinxu.com/life/feed/>
2019-12-12 03:52:18 [scrapy.downloadermiddlewares.redirect] DEBUG: Redirecting (301) to <GET https://www.zhangxinxu.com/wordpress/feed/> from <GET http://www.zhangxinxu.com/wordpress/feed/>
2019-12-12 03:52:19 [scrapy.core.engine] DEBUG: Crawled (200) <GET https://www.zhangxinxu.com/life/feed/> (referer: None)
2019-12-12 03:52:19 [scrapy.core.scraper] DEBUG: Scraped from <200 https://www.zhangxinxu.com/life/feed/>
None
2019-12-12 03:52:19 [scrapy.core.scraper] DEBUG: Scraped from <200 https://www.zhangxinxu.com/life/feed/>
None
2019-12-12 03:52:19 [scrapy.core.scraper] DEBUG: Scraped from <200 https://www.zhangxinxu.com/life/feed/>
None
2019-12-12 03:52:19 [scrapy.core.scraper] DEBUG: Scraped from <200 https://www.zhangxinxu.com/life/feed/>
None
2019-12-12 03:52:19 [scrapy.core.scraper] DEBUG: Scraped from <200 https://www.zhangxinxu.com/life/feed/>
None
2019-12-12 03:52:19 [scrapy.core.scraper] DEBUG: Scraped from <200 https://www.zhangxinxu.com/life/feed/>
None
2019-12-12 03:52:19 [scrapy.core.scraper] DEBUG: Scraped from <200 https://www.zhangxinxu.com/life/feed/>
None
2019-12-12 03:52:19 [scrapy.core.scraper] DEBUG: Scraped from <200 https://www.zhangxinxu.com/life/feed/>
None
2019-12-12 03:52:19 [scrapy.core.scraper] DEBUG: Scraped from <200 https://www.zhangxinxu.com/life/feed/>
None
2019-12-12 03:52:19 [scrapy.core.scraper] DEBUG: Scraped from <200 https://www.zhangxinxu.com/life/feed/>
None
2019-12-12 03:52:19 [urllib3.connectionpool] DEBUG: Starting new HTTP connection (1): elasticsearch:9200
2019-12-12 03:52:19 [urllib3.connectionpool] DEBUG: Starting new HTTP connection (1): elasticsearch:9200
2019-12-12 03:52:19 [urllib3.connectionpool] DEBUG: Starting new HTTP connection (1): elasticsearch:9200
2019-12-12 03:52:19 [urllib3.connectionpool] DEBUG: Starting new HTTP connection (1): elasticsearch:9200
2019-12-12 03:52:19 [urllib3.connectionpool] DEBUG: Starting new HTTP connection (1): elasticsearch:9200
2019-12-12 03:52:19 [urllib3.connectionpool] DEBUG: http://elasticsearch:9200 "HEAD /top HTTP/1.1" 200 0
2019-12-12 03:52:19 [elasticsearch] INFO: HEAD http://elasticsearch:9200/top [status:200 request:0.012s]
2019-12-12 03:52:19 [elasticsearch] DEBUG: > None
2019-12-12 03:52:19 [elasticsearch] DEBUG: < 
2019-12-12 03:52:19 [urllib3.connectionpool] DEBUG: http://elasticsearch:9200 "HEAD /top HTTP/1.1" 200 0
2019-12-12 03:52:19 [elasticsearch] INFO: HEAD http://elasticsearch:9200/top [status:200 request:0.013s]
2019-12-12 03:52:19 [elasticsearch] DEBUG: > None
2019-12-12 03:52:19 [elasticsearch] DEBUG: < 
2019-12-12 03:52:19 [urllib3.connectionpool] DEBUG: http://elasticsearch:9200 "HEAD /top HTTP/1.1" 200 0
2019-12-12 03:52:19 [elasticsearch] INFO: HEAD http://elasticsearch:9200/top [status:200 request:0.015s]
2019-12-12 03:52:19 [elasticsearch] DEBUG: > None
2019-12-12 03:52:19 [elasticsearch] DEBUG: < 
2019-12-12 03:52:19 [urllib3.connectionpool] DEBUG: http://elasticsearch:9200 "HEAD /top HTTP/1.1" 200 0
2019-12-12 03:52:19 [elasticsearch] INFO: HEAD http://elasticsearch:9200/top [status:200 request:0.016s]
2019-12-12 03:52:19 [elasticsearch] DEBUG: > None
2019-12-12 03:52:19 [elasticsearch] DEBUG: < 
2019-12-12 03:52:19 [urllib3.connectionpool] DEBUG: http://elasticsearch:9200 "HEAD /top HTTP/1.1" 200 0
2019-12-12 03:52:19 [elasticsearch] INFO: HEAD http://elasticsearch:9200/top [status:200 request:0.013s]
2019-12-12 03:52:19 [elasticsearch] DEBUG: > None
2019-12-12 03:52:19 [elasticsearch] DEBUG: < 
2019-12-12 03:52:19 [urllib3.connectionpool] DEBUG: http://elasticsearch:9200 "POST /top/_doc/1921 HTTP/1.1" 201 158
2019-12-12 03:52:19 [elasticsearch] INFO: POST http://elasticsearch:9200/top/_doc/1921 [status:201 request:0.017s]
2019-12-12 03:52:19 [elasticsearch] DEBUG: > {"title":"程序员吴叶辉和洗衣妹的故事","description_content":"中短篇小说","update_at":1576122739744}
2019-12-12 03:52:19 [elasticsearch] DEBUG: < {"_index":"top","_type":"_doc","_id":"1921","_version":1,"result":"created","_shards":{"total":2,"successful":1,"failed":0},"_seq_no":2509,"_primary_term":14}
2019-12-12 03:52:19 [urllib3.connectionpool] DEBUG: Starting new HTTP connection (1): elasticsearch:9200
2019-12-12 03:52:19 [urllib3.connectionpool] DEBUG: http://elasticsearch:9200 "HEAD /top HTTP/1.1" 200 0
2019-12-12 03:52:19 [elasticsearch] INFO: HEAD http://elasticsearch:9200/top [status:200 request:0.004s]
2019-12-12 03:52:19 [elasticsearch] DEBUG: > None
2019-12-12 03:52:19 [elasticsearch] DEBUG: < 
2019-12-12 03:52:19 [urllib3.connectionpool] DEBUG: http://elasticsearch:9200 "POST /top/_doc/1920 HTTP/1.1" 201 158
2019-12-12 03:52:19 [elasticsearch] INFO: POST http://elasticsearch:9200/top/_doc/1920 [status:201 request:0.032s]
2019-12-12 03:52:19 [elasticsearch] DEBUG: > {"title":"为什么有些专家的判断是狗屎？","description_content":"名作启示录","update_at":1576122739744}
2019-12-12 03:52:19 [elasticsearch] DEBUG: < {"_index":"top","_type":"_doc","_id":"1920","_version":1,"result":"created","_shards":{"total":2,"successful":1,"failed":0},"_seq_no":2510,"_primary_term":14}
2019-12-12 03:52:19 [urllib3.connectionpool] DEBUG: Starting new HTTP connection (1): elasticsearch:9200
2019-12-12 03:52:19 [urllib3.connectionpool] DEBUG: http://elasticsearch:9200 "HEAD /top HTTP/1.1" 200 0
2019-12-12 03:52:19 [elasticsearch] INFO: HEAD http://elasticsearch:9200/top [status:200 request:0.008s]
2019-12-12 03:52:19 [elasticsearch] DEBUG: > None
2019-12-12 03:52:19 [elasticsearch] DEBUG: < 
2019-12-12 03:52:19 [urllib3.connectionpool] DEBUG: http://elasticsearch:9200 "POST /top/_doc/1919 HTTP/1.1" 201 158
2019-12-12 03:52:19 [elasticsearch] INFO: POST http://elasticsearch:9200/top/_doc/1919 [status:201 request:0.057s]
2019-12-12 03:52:19 [elasticsearch] DEBUG: > {"title":"为什么股市中交易有损财富？","description_content":"名作启示录","update_at":1576122739744}
2019-12-12 03:52:19 [elasticsearch] DEBUG: < {"_index":"top","_type":"_doc","_id":"1919","_version":1,"result":"created","_shards":{"total":2,"successful":1,"failed":0},"_seq_no":2511,"_primary_term":14}
2019-12-12 03:52:19 [urllib3.connectionpool] DEBUG: Starting new HTTP connection (1): elasticsearch:9200
2019-12-12 03:52:19 [urllib3.connectionpool] DEBUG: http://elasticsearch:9200 "HEAD /top HTTP/1.1" 200 0
2019-12-12 03:52:19 [elasticsearch] INFO: HEAD http://elasticsearch:9200/top [status:200 request:0.004s]
2019-12-12 03:52:19 [elasticsearch] DEBUG: > None
2019-12-12 03:52:19 [elasticsearch] DEBUG: < 
2019-12-12 03:52:19 [urllib3.connectionpool] DEBUG: http://elasticsearch:9200 "POST /top/_doc/1917 HTTP/1.1" 201 158
2019-12-12 03:52:19 [elasticsearch] INFO: POST http://elasticsearch:9200/top/_doc/1917 [status:201 request:0.071s]
2019-12-12 03:52:19 [elasticsearch] DEBUG: > {"title":"参加异步社区4周年庆活动","description_content":"精彩人生","update_at":1576122739744}
2019-12-12 03:52:19 [elasticsearch] DEBUG: < {"_index":"top","_type":"_doc","_id":"1917","_version":1,"result":"created","_shards":{"total":2,"successful":1,"failed":0},"_seq_no":2512,"_primary_term":14}
2019-12-12 03:52:19 [urllib3.connectionpool] DEBUG: Starting new HTTP connection (1): elasticsearch:9200
2019-12-12 03:52:19 [urllib3.connectionpool] DEBUG: http://elasticsearch:9200 "HEAD /top HTTP/1.1" 200 0
2019-12-12 03:52:19 [elasticsearch] INFO: HEAD http://elasticsearch:9200/top [status:200 request:0.004s]
2019-12-12 03:52:19 [elasticsearch] DEBUG: > None
2019-12-12 03:52:19 [elasticsearch] DEBUG: < 
2019-12-12 03:52:19 [urllib3.connectionpool] DEBUG: http://elasticsearch:9200 "POST /top/_doc/1918 HTTP/1.1" 201 158
2019-12-12 03:52:19 [elasticsearch] INFO: POST http://elasticsearch:9200/top/_doc/1918 [status:201 request:0.081s]
2019-12-12 03:52:19 [elasticsearch] DEBUG: > {"title":"锤子，技术与交互体验细节","description_content":"散文随笔","update_at":1576122739744}
2019-12-12 03:52:19 [elasticsearch] DEBUG: < {"_index":"top","_type":"_doc","_id":"1918","_version":1,"result":"created","_shards":{"total":2,"successful":1,"failed":0},"_seq_no":2513,"_primary_term":14}
2019-12-12 03:52:19 [urllib3.connectionpool] DEBUG: Starting new HTTP connection (1): elasticsearch:9200
2019-12-12 03:52:19 [urllib3.connectionpool] DEBUG: http://elasticsearch:9200 "HEAD /top HTTP/1.1" 200 0
2019-12-12 03:52:19 [elasticsearch] INFO: HEAD http://elasticsearch:9200/top [status:200 request:0.003s]
2019-12-12 03:52:19 [elasticsearch] DEBUG: > None
2019-12-12 03:52:19 [elasticsearch] DEBUG: < 
2019-12-12 03:52:19 [urllib3.connectionpool] DEBUG: http://elasticsearch:9200 "POST /top/_doc/1922 HTTP/1.1" 201 158
2019-12-12 03:52:19 [elasticsearch] INFO: POST http://elasticsearch:9200/top/_doc/1922 [status:201 request:0.067s]
2019-12-12 03:52:19 [elasticsearch] DEBUG: > {"title":"太感动了，今年终于吃到公司的月饼了！","description_content":"精彩人生","update_at":1576122739744}
2019-12-12 03:52:19 [elasticsearch] DEBUG: < {"_index":"top","_type":"_doc","_id":"1922","_version":1,"result":"created","_shards":{"total":2,"successful":1,"failed":0},"_seq_no":2514,"_primary_term":14}
2019-12-12 03:52:19 [urllib3.connectionpool] DEBUG: http://elasticsearch:9200 "POST /top/_doc/1923 HTTP/1.1" 201 158
2019-12-12 03:52:19 [elasticsearch] INFO: POST http://elasticsearch:9200/top/_doc/1923 [status:201 request:0.059s]
2019-12-12 03:52:19 [elasticsearch] DEBUG: > {"title":"为什么医生总是让你做各种检查？","description_content":"名作启示录","update_at":1576122739744}
2019-12-12 03:52:19 [elasticsearch] DEBUG: < {"_index":"top","_type":"_doc","_id":"1923","_version":1,"result":"created","_shards":{"total":2,"successful":1,"failed":0},"_seq_no":2515,"_primary_term":14}
2019-12-12 03:52:19 [urllib3.connectionpool] DEBUG: http://elasticsearch:9200 "POST /top/_doc/1924 HTTP/1.1" 201 158
2019-12-12 03:52:19 [elasticsearch] INFO: POST http://elasticsearch:9200/top/_doc/1924 [status:201 request:0.066s]
2019-12-12 03:52:19 [elasticsearch] DEBUG: > {"title":"哎呀，周末两天发高烧生病了","description_content":"精彩人生","update_at":1576122739744}
2019-12-12 03:52:19 [elasticsearch] DEBUG: < {"_index":"top","_type":"_doc","_id":"1924","_version":1,"result":"created","_shards":{"total":2,"successful":1,"failed":0},"_seq_no":2516,"_primary_term":14}
2019-12-12 03:52:19 [urllib3.connectionpool] DEBUG: http://elasticsearch:9200 "POST /top/_doc/1925 HTTP/1.1" 201 158
2019-12-12 03:52:19 [elasticsearch] INFO: POST http://elasticsearch:9200/top/_doc/1925 [status:201 request:0.062s]
2019-12-12 03:52:19 [elasticsearch] DEBUG: > {"title":"公司不重视前端怎么办？","description_content":"散文随笔","update_at":1576122739744}
2019-12-12 03:52:19 [elasticsearch] DEBUG: < {"_index":"top","_type":"_doc","_id":"1925","_version":1,"result":"created","_shards":{"total":2,"successful":1,"failed":0},"_seq_no":2517,"_primary_term":14}
2019-12-12 03:52:19 [urllib3.connectionpool] DEBUG: http://elasticsearch:9200 "POST /top/_doc/1926 HTTP/1.1" 201 158
2019-12-12 03:52:19 [elasticsearch] INFO: POST http://elasticsearch:9200/top/_doc/1926 [status:201 request:0.059s]
2019-12-12 03:52:19 [elasticsearch] DEBUG: > {"title":"天然回归与因果推论陷阱","description_content":"名作启示录","update_at":1576122739744}
2019-12-12 03:52:19 [elasticsearch] DEBUG: < {"_index":"top","_type":"_doc","_id":"1926","_version":1,"result":"created","_shards":{"total":2,"successful":1,"failed":0},"_seq_no":2518,"_primary_term":14}
2019-12-12 03:52:20 [scrapy.core.engine] DEBUG: Crawled (200) <GET https://www.zhangxinxu.com/wordpress/feed/> (referer: None)
2019-12-12 03:52:21 [scrapy.core.scraper] DEBUG: Scraped from <200 https://www.zhangxinxu.com/wordpress/feed/>
None
2019-12-12 03:52:21 [scrapy.core.scraper] DEBUG: Scraped from <200 https://www.zhangxinxu.com/wordpress/feed/>
None
2019-12-12 03:52:21 [scrapy.core.scraper] DEBUG: Scraped from <200 https://www.zhangxinxu.com/wordpress/feed/>
None
2019-12-12 03:52:21 [scrapy.core.scraper] DEBUG: Scraped from <200 https://www.zhangxinxu.com/wordpress/feed/>
None
2019-12-12 03:52:21 [scrapy.core.scraper] DEBUG: Scraped from <200 https://www.zhangxinxu.com/wordpress/feed/>
None
2019-12-12 03:52:21 [scrapy.core.scraper] DEBUG: Scraped from <200 https://www.zhangxinxu.com/wordpress/feed/>
None
2019-12-12 03:52:21 [scrapy.core.scraper] DEBUG: Scraped from <200 https://www.zhangxinxu.com/wordpress/feed/>
None
2019-12-12 03:52:21 [scrapy.core.scraper] DEBUG: Scraped from <200 https://www.zhangxinxu.com/wordpress/feed/>
None
2019-12-12 03:52:21 [scrapy.core.scraper] DEBUG: Scraped from <200 https://www.zhangxinxu.com/wordpress/feed/>
None
2019-12-12 03:52:21 [scrapy.core.scraper] DEBUG: Scraped from <200 https://www.zhangxinxu.com/wordpress/feed/>
None
2019-12-12 03:52:21 [scrapy.core.engine] INFO: Closing spider (finished)
2019-12-12 03:52:21 [scrapy.statscollectors] INFO: Dumping Scrapy stats:
{'downloader/request_bytes': 1858,
 'downloader/request_count': 6,
 'downloader/request_method_count/GET': 6,
 'downloader/response_bytes': 308087,
 'downloader/response_count': 6,
 'downloader/response_status_count/200': 2,
 'downloader/response_status_count/301': 3,
 'downloader/response_status_count/404': 1,
 'elapsed_time_seconds': 7.077685,
 'finish_reason': 'finished',
 'finish_time': datetime.datetime(2019, 12, 12, 3, 52, 21, 100553),
 'item_scraped_count': 20,
 'log_count/DEBUG': 96,
 'log_count/INFO': 30,
 'log_count/WARNING': 1,
 'memusage/max': 57249792,
 'memusage/startup': 57249792,
 'response_received_count': 3,
 'robotstxt/request_count': 1,
 'robotstxt/response_count': 1,
 'robotstxt/response_status_count/404': 1,
 'scheduler/dequeued': 4,
 'scheduler/dequeued/memory': 4,
 'scheduler/enqueued': 4,
 'scheduler/enqueued/memory': 4,
 'start_time': datetime.datetime(2019, 12, 12, 3, 52, 14, 22868)}
2019-12-12 03:52:21 [scrapy.core.engine] INFO: Spider closed (finished)
2019-12-12 03:52:21 [urllib3.connectionpool] DEBUG: Starting new HTTP connection (1): elasticsearch:9200
2019-12-12 03:52:21 [urllib3.connectionpool] DEBUG: Starting new HTTP connection (1): elasticsearch:9200
2019-12-12 03:52:21 [urllib3.connectionpool] DEBUG: Starting new HTTP connection (1): elasticsearch:9200
2019-12-12 03:52:21 [urllib3.connectionpool] DEBUG: Starting new HTTP connection (1): elasticsearch:9200
2019-12-12 03:52:21 [urllib3.connectionpool] DEBUG: Starting new HTTP connection (1): elasticsearch:9200
2019-12-12 03:52:21 [urllib3.connectionpool] DEBUG: http://elasticsearch:9200 "HEAD /top HTTP/1.1" 200 0
2019-12-12 03:52:21 [elasticsearch] INFO: HEAD http://elasticsearch:9200/top [status:200 request:0.008s]
2019-12-12 03:52:21 [elasticsearch] DEBUG: > None
2019-12-12 03:52:21 [elasticsearch] DEBUG: < 
2019-12-12 03:52:21 [urllib3.connectionpool] DEBUG: http://elasticsearch:9200 "HEAD /top HTTP/1.1" 200 0
2019-12-12 03:52:21 [elasticsearch] INFO: HEAD http://elasticsearch:9200/top [status:200 request:0.009s]
2019-12-12 03:52:21 [elasticsearch] DEBUG: > None
2019-12-12 03:52:21 [elasticsearch] DEBUG: < 
2019-12-12 03:52:21 [urllib3.connectionpool] DEBUG: http://elasticsearch:9200 "HEAD /top HTTP/1.1" 200 0
2019-12-12 03:52:21 [elasticsearch] INFO: HEAD http://elasticsearch:9200/top [status:200 request:0.015s]
2019-12-12 03:52:21 [elasticsearch] DEBUG: > None
2019-12-12 03:52:21 [elasticsearch] DEBUG: < 
2019-12-12 03:52:21 [urllib3.connectionpool] DEBUG: http://elasticsearch:9200 "HEAD /top HTTP/1.1" 200 0
2019-12-12 03:52:21 [elasticsearch] INFO: HEAD http://elasticsearch:9200/top [status:200 request:0.016s]
2019-12-12 03:52:21 [elasticsearch] DEBUG: > None
2019-12-12 03:52:21 [elasticsearch] DEBUG: < 
2019-12-12 03:52:21 [urllib3.connectionpool] DEBUG: http://elasticsearch:9200 "HEAD /top HTTP/1.1" 200 0
2019-12-12 03:52:21 [elasticsearch] INFO: HEAD http://elasticsearch:9200/top [status:200 request:0.019s]
2019-12-12 03:52:21 [elasticsearch] DEBUG: > None
2019-12-12 03:52:21 [elasticsearch] DEBUG: < 
2019-12-12 03:52:21 [urllib3.connectionpool] DEBUG: http://elasticsearch:9200 "POST /top/_doc/1936 HTTP/1.1" 201 158
2019-12-12 03:52:21 [elasticsearch] INFO: POST http://elasticsearch:9200/top/_doc/1936 [status:201 request:0.025s]
2019-12-12 03:52:21 [elasticsearch] DEBUG: > {"title":"CSS值类型文档大全","description_content":"CSS相关","update_at":1576122741089}
2019-12-12 03:52:21 [elasticsearch] DEBUG: < {"_index":"top","_type":"_doc","_id":"1936","_version":1,"result":"created","_shards":{"total":2,"successful":1,"failed":0},"_seq_no":2527,"_primary_term":14}
2019-12-12 03:52:21 [urllib3.connectionpool] DEBUG: Starting new HTTP connection (1): elasticsearch:9200
2019-12-12 03:52:21 [urllib3.connectionpool] DEBUG: http://elasticsearch:9200 "POST /top/_doc/1937 HTTP/1.1" 201 158
2019-12-12 03:52:21 [elasticsearch] INFO: POST http://elasticsearch:9200/top/_doc/1937 [status:201 request:0.038s]
2019-12-12 03:52:21 [elasticsearch] DEBUG: > {"title":"我们一起学习CSS image-set()","description_content":"CSS相关","update_at":1576122741089}
2019-12-12 03:52:21 [elasticsearch] DEBUG: < {"_index":"top","_type":"_doc","_id":"1937","_version":1,"result":"created","_shards":{"total":2,"successful":1,"failed":0},"_seq_no":2528,"_primary_term":14}
2019-12-12 03:52:21 [urllib3.connectionpool] DEBUG: http://elasticsearch:9200 "HEAD /top HTTP/1.1" 200 0
2019-12-12 03:52:21 [elasticsearch] INFO: HEAD http://elasticsearch:9200/top [status:200 request:0.008s]
2019-12-12 03:52:21 [elasticsearch] DEBUG: > None
2019-12-12 03:52:21 [elasticsearch] DEBUG: < 
2019-12-12 03:52:21 [urllib3.connectionpool] DEBUG: Starting new HTTP connection (1): elasticsearch:9200
2019-12-12 03:52:21 [urllib3.connectionpool] DEBUG: http://elasticsearch:9200 "HEAD /top HTTP/1.1" 200 0
2019-12-12 03:52:21 [elasticsearch] INFO: HEAD http://elasticsearch:9200/top [status:200 request:0.003s]
2019-12-12 03:52:21 [elasticsearch] DEBUG: > None
2019-12-12 03:52:21 [elasticsearch] DEBUG: < 
2019-12-12 03:52:21 [urllib3.connectionpool] DEBUG: http://elasticsearch:9200 "POST /top/_doc/1938 HTTP/1.1" 201 158
2019-12-12 03:52:21 [elasticsearch] INFO: POST http://elasticsearch:9200/top/_doc/1938 [status:201 request:0.044s]
2019-12-12 03:52:21 [elasticsearch] DEBUG: > {"title":"CSS repeat()函数详细介绍","description_content":"CSS相关","update_at":1576122741089}
2019-12-12 03:52:21 [elasticsearch] DEBUG: < {"_index":"top","_type":"_doc","_id":"1938","_version":1,"result":"created","_shards":{"total":2,"successful":1,"failed":0},"_seq_no":2529,"_primary_term":14}
2019-12-12 03:52:21 [urllib3.connectionpool] DEBUG: Starting new HTTP connection (1): elasticsearch:9200
2019-12-12 03:52:21 [urllib3.connectionpool] DEBUG: http://elasticsearch:9200 "HEAD /top HTTP/1.1" 200 0
2019-12-12 03:52:21 [elasticsearch] INFO: HEAD http://elasticsearch:9200/top [status:200 request:0.005s]
2019-12-12 03:52:21 [elasticsearch] DEBUG: > None
2019-12-12 03:52:21 [elasticsearch] DEBUG: < 
2019-12-12 03:52:21 [urllib3.connectionpool] DEBUG: http://elasticsearch:9200 "POST /top/_doc/1939 HTTP/1.1" 201 158
2019-12-12 03:52:21 [elasticsearch] INFO: POST http://elasticsearch:9200/top/_doc/1939 [status:201 request:0.062s]
2019-12-12 03:52:21 [elasticsearch] DEBUG: > {"title":"CSS minmax()函数简介","description_content":"CSS相关","update_at":1576122741089}
2019-12-12 03:52:21 [elasticsearch] DEBUG: < {"_index":"top","_type":"_doc","_id":"1939","_version":1,"result":"created","_shards":{"total":2,"successful":1,"failed":0},"_seq_no":2530,"_primary_term":14}
2019-12-12 03:52:21 [urllib3.connectionpool] DEBUG: Starting new HTTP connection (1): elasticsearch:9200
2019-12-12 03:52:21 [urllib3.connectionpool] DEBUG: http://elasticsearch:9200 "POST /top/_doc/1935 HTTP/1.1" 201 158
2019-12-12 03:52:21 [elasticsearch] INFO: POST http://elasticsearch:9200/top/_doc/1935 [status:201 request:0.075s]
2019-12-12 03:52:21 [elasticsearch] DEBUG: > {"title":"CSS backdrop-filter简介与苹果iOS毛玻璃效果","description_content":"CSS相关","update_at":1576122741089}
2019-12-12 03:52:21 [elasticsearch] DEBUG: < {"_index":"top","_type":"_doc","_id":"1935","_version":1,"result":"created","_shards":{"total":2,"successful":1,"failed":0},"_seq_no":2531,"_primary_term":14}
2019-12-12 03:52:21 [urllib3.connectionpool] DEBUG: http://elasticsearch:9200 "HEAD /top HTTP/1.1" 200 0
2019-12-12 03:52:21 [elasticsearch] INFO: HEAD http://elasticsearch:9200/top [status:200 request:0.008s]
2019-12-12 03:52:21 [elasticsearch] DEBUG: > None
2019-12-12 03:52:21 [elasticsearch] DEBUG: < 
2019-12-12 03:52:21 [urllib3.connectionpool] DEBUG: Starting new HTTP connection (1): elasticsearch:9200
2019-12-12 03:52:21 [urllib3.connectionpool] DEBUG: http://elasticsearch:9200 "HEAD /top HTTP/1.1" 200 0
2019-12-12 03:52:21 [elasticsearch] INFO: HEAD http://elasticsearch:9200/top [status:200 request:0.003s]
2019-12-12 03:52:21 [elasticsearch] DEBUG: > None
2019-12-12 03:52:21 [elasticsearch] DEBUG: < 
2019-12-12 03:52:21 [urllib3.connectionpool] DEBUG: http://elasticsearch:9200 "POST /top/_doc/1940 HTTP/1.1" 201 158
2019-12-12 03:52:21 [elasticsearch] INFO: POST http://elasticsearch:9200/top/_doc/1940 [status:201 request:0.058s]
2019-12-12 03:52:21 [elasticsearch] DEBUG: > {"title":"JS检测CSS属性浏览器是否支持的多种方法","description_content":"JS实例","update_at":1576122741089}
2019-12-12 03:52:21 [elasticsearch] DEBUG: < {"_index":"top","_type":"_doc","_id":"1940","_version":1,"result":"created","_shards":{"total":2,"successful":1,"failed":0},"_seq_no":2532,"_primary_term":14}
2019-12-12 03:52:21 [urllib3.connectionpool] DEBUG: http://elasticsearch:9200 "POST /top/_doc/1941 HTTP/1.1" 201 158
2019-12-12 03:52:21 [elasticsearch] INFO: POST http://elasticsearch:9200/top/_doc/1941 [status:201 request:0.057s]
2019-12-12 03:52:21 [elasticsearch] DEBUG: > {"title":"幸好document.readyState还是有点锤子用的","description_content":"JS API","update_at":1576122741089}
2019-12-12 03:52:21 [elasticsearch] DEBUG: < {"_index":"top","_type":"_doc","_id":"1941","_version":1,"result":"created","_shards":{"total":2,"successful":1,"failed":0},"_seq_no":2533,"_primary_term":14}
2019-12-12 03:52:21 [urllib3.connectionpool] DEBUG: http://elasticsearch:9200 "POST /top/_doc/1942 HTTP/1.1" 201 158
2019-12-12 03:52:21 [elasticsearch] INFO: POST http://elasticsearch:9200/top/_doc/1942 [status:201 request:0.051s]
2019-12-12 03:52:21 [elasticsearch] DEBUG: > {"title":"关于《CSS选择器世界》这本书","description_content":"CSS相关","update_at":1576122741089}
2019-12-12 03:52:21 [elasticsearch] DEBUG: < {"_index":"top","_type":"_doc","_id":"1942","_version":1,"result":"created","_shards":{"total":2,"successful":1,"failed":0},"_seq_no":2534,"_primary_term":14}
2019-12-12 03:52:21 [urllib3.connectionpool] DEBUG: http://elasticsearch:9200 "POST /top/_doc/1943 HTTP/1.1" 201 158
2019-12-12 03:52:21 [elasticsearch] INFO: POST http://elasticsearch:9200/top/_doc/1943 [status:201 request:0.043s]
2019-12-12 03:52:21 [elasticsearch] DEBUG: > {"title":"实现a元素href URL链接自动刷新或新窗口打开","description_content":"JS实例","update_at":1576122741089}
2019-12-12 03:52:21 [elasticsearch] DEBUG: < {"_index":"top","_type":"_doc","_id":"1943","_version":1,"result":"created","_shards":{"total":2,"successful":1,"failed":0},"_seq_no":2535,"_primary_term":14}
2019-12-12 03:52:21 [urllib3.connectionpool] DEBUG: http://elasticsearch:9200 "POST /top/_doc/1944 HTTP/1.1" 201 158
2019-12-12 03:52:21 [elasticsearch] INFO: POST http://elasticsearch:9200/top/_doc/1944 [status:201 request:0.040s]
2019-12-12 03:52:21 [elasticsearch] DEBUG: > {"title":"浏览器IMG图片原生懒加载loading=”lazy”实践指南","description_content":"HTML相关","update_at":1576122741089}
2019-12-12 03:52:21 [elasticsearch] DEBUG: < {"_index":"top","_type":"_doc","_id":"1944","_version":1,"result":"created","_shards":{"total":2,"successful":1,"failed":0},"_seq_no":2536,"_primary_term":14}
