2019-12-12 03:59:13 [scrapy.utils.log] INFO: Scrapy 1.7.4 started (bot: spider_tophub)
2019-12-12 03:59:13 [scrapy.utils.log] INFO: Versions: lxml 4.4.1.0, libxml2 2.9.9, cssselect 1.1.0, parsel 1.5.2, w3lib 1.21.0, Twisted 19.7.0, Python 3.7.5 (default, Nov 23 2019, 05:59:34) - [GCC 8.3.0], pyOpenSSL 19.0.0 (OpenSSL 1.1.1d  10 Sep 2019), cryptography 2.8, Platform Linux-3.10.0-1062.1.2.el7.x86_64-x86_64-with-debian-10.2
2019-12-12 03:59:13 [scrapy.crawler] INFO: Overridden settings: {'BOT_NAME': 'spider_tophub', 'DOWNLOAD_DELAY': 1, 'LOG_FILE': 'logs/spider_tophub/zhangxinxu/aeb146221c8e11ea9d990242ac190004.log', 'NEWSPIDER_MODULE': 'spider_tophub.spiders', 'ROBOTSTXT_OBEY': True, 'SPIDER_MODULES': ['spider_tophub.spiders'], 'USER_AGENT': 'Mozilla/5.0 (Windows NT 10.0; Win64; x64) AppleWebKit/537.36 (KHTML, like Gecko) Chrome/77.0.3865.120 Safari/537.36'}
2019-12-12 03:59:13 [scrapy.extensions.telnet] INFO: Telnet Password: 6c16292c65c402ef
2019-12-12 03:59:13 [scrapy.middleware] INFO: Enabled extensions:
['scrapy.extensions.corestats.CoreStats',
 'scrapy.extensions.telnet.TelnetConsole',
 'scrapy.extensions.memusage.MemoryUsage',
 'scrapy.extensions.logstats.LogStats']
2019-12-12 03:59:14 [scrapy.middleware] INFO: Enabled downloader middlewares:
['scrapy.downloadermiddlewares.robotstxt.RobotsTxtMiddleware',
 'scrapy.downloadermiddlewares.httpauth.HttpAuthMiddleware',
 'scrapy.downloadermiddlewares.downloadtimeout.DownloadTimeoutMiddleware',
 'scrapy.downloadermiddlewares.defaultheaders.DefaultHeadersMiddleware',
 'scrapy.downloadermiddlewares.useragent.UserAgentMiddleware',
 'scrapy.downloadermiddlewares.retry.RetryMiddleware',
 'scrapy.downloadermiddlewares.redirect.MetaRefreshMiddleware',
 'scrapy.downloadermiddlewares.httpcompression.HttpCompressionMiddleware',
 'scrapy.downloadermiddlewares.redirect.RedirectMiddleware',
 'scrapy.downloadermiddlewares.cookies.CookiesMiddleware',
 'scrapy.downloadermiddlewares.httpproxy.HttpProxyMiddleware',
 'scrapy.downloadermiddlewares.stats.DownloaderStats']
2019-12-12 03:59:14 [scrapy.middleware] INFO: Enabled spider middlewares:
['scrapy.spidermiddlewares.httperror.HttpErrorMiddleware',
 'scrapy.spidermiddlewares.offsite.OffsiteMiddleware',
 'scrapy.spidermiddlewares.referer.RefererMiddleware',
 'scrapy.spidermiddlewares.urllength.UrlLengthMiddleware',
 'scrapy.spidermiddlewares.depth.DepthMiddleware']
2019-12-12 03:59:14 [scrapy.middleware] INFO: Enabled item pipelines:
['spider_tophub.pipelines.MysqlTwistedPipeline']
2019-12-12 03:59:14 [scrapy.core.engine] INFO: Spider opened
2019-12-12 03:59:14 [scrapy.extensions.logstats] INFO: Crawled 0 pages (at 0 pages/min), scraped 0 items (at 0 items/min)
2019-12-12 03:59:14 [py.warnings] WARNING: /usr/local/lib/python3.7/site-packages/scrapy/spidermiddlewares/offsite.py:61: URLWarning: allowed_domains accepts only domains, not URLs. Ignoring URL entry http://www.zhangxinxu.com/ in allowed_domains.
  warnings.warn(message, URLWarning)

2019-12-12 03:59:14 [scrapy.extensions.telnet] INFO: Telnet console listening on 127.0.0.1:6025
2019-12-12 03:59:14 [scrapy.downloadermiddlewares.redirect] DEBUG: Redirecting (301) to <GET https://www.zhangxinxu.com/robots.txt> from <GET http://www.zhangxinxu.com/robots.txt>
2019-12-12 03:59:15 [scrapy.core.engine] DEBUG: Crawled (404) <GET https://www.zhangxinxu.com/robots.txt> (referer: None)
2019-12-12 03:59:16 [scrapy.downloadermiddlewares.redirect] DEBUG: Redirecting (301) to <GET https://www.zhangxinxu.com/life/feed/> from <GET http://www.zhangxinxu.com/life/feed/>
2019-12-12 03:59:17 [scrapy.downloadermiddlewares.redirect] DEBUG: Redirecting (301) to <GET https://www.zhangxinxu.com/wordpress/feed/> from <GET http://www.zhangxinxu.com/wordpress/feed/>
2019-12-12 03:59:18 [scrapy.core.engine] DEBUG: Crawled (200) <GET https://www.zhangxinxu.com/life/feed/> (referer: None)
2019-12-12 03:59:18 [scrapy.core.scraper] DEBUG: Scraped from <200 https://www.zhangxinxu.com/life/feed/>
None
2019-12-12 03:59:18 [scrapy.core.scraper] DEBUG: Scraped from <200 https://www.zhangxinxu.com/life/feed/>
None
2019-12-12 03:59:18 [scrapy.core.scraper] DEBUG: Scraped from <200 https://www.zhangxinxu.com/life/feed/>
None
2019-12-12 03:59:18 [scrapy.core.scraper] DEBUG: Scraped from <200 https://www.zhangxinxu.com/life/feed/>
None
2019-12-12 03:59:18 [scrapy.core.scraper] DEBUG: Scraped from <200 https://www.zhangxinxu.com/life/feed/>
None
2019-12-12 03:59:18 [scrapy.core.scraper] DEBUG: Scraped from <200 https://www.zhangxinxu.com/life/feed/>
None
2019-12-12 03:59:18 [scrapy.core.scraper] DEBUG: Scraped from <200 https://www.zhangxinxu.com/life/feed/>
None
2019-12-12 03:59:18 [scrapy.core.scraper] DEBUG: Scraped from <200 https://www.zhangxinxu.com/life/feed/>
None
2019-12-12 03:59:18 [scrapy.core.scraper] DEBUG: Scraped from <200 https://www.zhangxinxu.com/life/feed/>
None
2019-12-12 03:59:18 [scrapy.core.scraper] DEBUG: Scraped from <200 https://www.zhangxinxu.com/life/feed/>
None
2019-12-12 03:59:20 [scrapy.core.engine] DEBUG: Crawled (200) <GET https://www.zhangxinxu.com/wordpress/feed/> (referer: None)
2019-12-12 03:59:20 [scrapy.core.scraper] DEBUG: Scraped from <200 https://www.zhangxinxu.com/wordpress/feed/>
None
2019-12-12 03:59:20 [scrapy.core.scraper] DEBUG: Scraped from <200 https://www.zhangxinxu.com/wordpress/feed/>
None
2019-12-12 03:59:20 [scrapy.core.scraper] DEBUG: Scraped from <200 https://www.zhangxinxu.com/wordpress/feed/>
None
2019-12-12 03:59:20 [scrapy.core.scraper] DEBUG: Scraped from <200 https://www.zhangxinxu.com/wordpress/feed/>
None
2019-12-12 03:59:20 [scrapy.core.scraper] DEBUG: Scraped from <200 https://www.zhangxinxu.com/wordpress/feed/>
None
2019-12-12 03:59:20 [scrapy.core.scraper] DEBUG: Scraped from <200 https://www.zhangxinxu.com/wordpress/feed/>
None
2019-12-12 03:59:20 [scrapy.core.scraper] DEBUG: Scraped from <200 https://www.zhangxinxu.com/wordpress/feed/>
None
2019-12-12 03:59:20 [scrapy.core.scraper] DEBUG: Scraped from <200 https://www.zhangxinxu.com/wordpress/feed/>
None
2019-12-12 03:59:20 [scrapy.core.scraper] DEBUG: Scraped from <200 https://www.zhangxinxu.com/wordpress/feed/>
None
2019-12-12 03:59:20 [scrapy.core.scraper] DEBUG: Scraped from <200 https://www.zhangxinxu.com/wordpress/feed/>
None
2019-12-12 03:59:20 [scrapy.core.engine] INFO: Closing spider (finished)
2019-12-12 03:59:20 [scrapy.statscollectors] INFO: Dumping Scrapy stats:
{'downloader/request_bytes': 1858,
 'downloader/request_count': 6,
 'downloader/request_method_count/GET': 6,
 'downloader/response_bytes': 308087,
 'downloader/response_count': 6,
 'downloader/response_status_count/200': 2,
 'downloader/response_status_count/301': 3,
 'downloader/response_status_count/404': 1,
 'elapsed_time_seconds': 6.125367,
 'finish_reason': 'finished',
 'finish_time': datetime.datetime(2019, 12, 12, 3, 59, 20, 146843),
 'item_scraped_count': 20,
 'log_count/DEBUG': 26,
 'log_count/INFO': 10,
 'log_count/WARNING': 1,
 'memusage/max': 57249792,
 'memusage/startup': 57249792,
 'response_received_count': 3,
 'robotstxt/request_count': 1,
 'robotstxt/response_count': 1,
 'robotstxt/response_status_count/404': 1,
 'scheduler/dequeued': 4,
 'scheduler/dequeued/memory': 4,
 'scheduler/enqueued': 4,
 'scheduler/enqueued/memory': 4,
 'start_time': datetime.datetime(2019, 12, 12, 3, 59, 14, 21476)}
2019-12-12 03:59:20 [scrapy.core.engine] INFO: Spider closed (finished)
