2019-12-12 03:21:23 [scrapy.utils.log] INFO: Scrapy 1.7.4 started (bot: spider_tophub)
2019-12-12 03:21:23 [scrapy.utils.log] INFO: Versions: lxml 4.4.1.0, libxml2 2.9.9, cssselect 1.1.0, parsel 1.5.2, w3lib 1.21.0, Twisted 19.7.0, Python 3.7.5 (default, Nov 23 2019, 05:59:34) - [GCC 8.3.0], pyOpenSSL 19.0.0 (OpenSSL 1.1.1d  10 Sep 2019), cryptography 2.8, Platform Linux-3.10.0-1062.1.2.el7.x86_64-x86_64-with-debian-10.2
2019-12-12 03:21:23 [scrapy.crawler] INFO: Overridden settings: {'BOT_NAME': 'spider_tophub', 'DOWNLOAD_DELAY': 1, 'LOG_FILE': 'logs/spider_tophub/changhai/4315d5041c8e11ea9d990242ac190004.log', 'NEWSPIDER_MODULE': 'spider_tophub.spiders', 'SPIDER_MODULES': ['spider_tophub.spiders'], 'USER_AGENT': 'Mozilla/5.0 (Windows NT 10.0; Win64; x64) AppleWebKit/537.36 (KHTML, like Gecko) Chrome/77.0.3865.120 Safari/537.36'}
2019-12-12 03:21:23 [scrapy.extensions.telnet] INFO: Telnet Password: c515554f787f8bd2
2019-12-12 03:21:23 [scrapy.middleware] INFO: Enabled extensions:
['scrapy.extensions.corestats.CoreStats',
 'scrapy.extensions.telnet.TelnetConsole',
 'scrapy.extensions.memusage.MemoryUsage',
 'scrapy.extensions.logstats.LogStats']
2019-12-12 03:21:23 [scrapy.middleware] INFO: Enabled downloader middlewares:
['scrapy.downloadermiddlewares.httpauth.HttpAuthMiddleware',
 'scrapy.downloadermiddlewares.downloadtimeout.DownloadTimeoutMiddleware',
 'scrapy.downloadermiddlewares.defaultheaders.DefaultHeadersMiddleware',
 'scrapy.downloadermiddlewares.useragent.UserAgentMiddleware',
 'scrapy.downloadermiddlewares.retry.RetryMiddleware',
 'scrapy.downloadermiddlewares.redirect.MetaRefreshMiddleware',
 'scrapy.downloadermiddlewares.httpcompression.HttpCompressionMiddleware',
 'scrapy.downloadermiddlewares.redirect.RedirectMiddleware',
 'scrapy.downloadermiddlewares.cookies.CookiesMiddleware',
 'scrapy.downloadermiddlewares.httpproxy.HttpProxyMiddleware',
 'scrapy.downloadermiddlewares.stats.DownloaderStats']
2019-12-12 03:21:23 [scrapy.middleware] INFO: Enabled spider middlewares:
['scrapy.spidermiddlewares.httperror.HttpErrorMiddleware',
 'scrapy.spidermiddlewares.offsite.OffsiteMiddleware',
 'scrapy.spidermiddlewares.referer.RefererMiddleware',
 'scrapy.spidermiddlewares.urllength.UrlLengthMiddleware',
 'scrapy.spidermiddlewares.depth.DepthMiddleware']
2019-12-12 03:21:23 [scrapy.middleware] INFO: Enabled item pipelines:
['spider_tophub.pipelines.MysqlTwistedPipeline']
2019-12-12 03:21:23 [scrapy.core.engine] INFO: Spider opened
2019-12-12 03:21:23 [scrapy.extensions.logstats] INFO: Crawled 0 pages (at 0 pages/min), scraped 0 items (at 0 items/min)
2019-12-12 03:21:23 [scrapy.extensions.telnet] INFO: Telnet console listening on 127.0.0.1:6024
2019-12-12 03:21:25 [scrapy.core.engine] DEBUG: Crawled (200) <GET https://www.changhai.org/feed.xml> (referer: None)
2019-12-12 03:21:25 [scrapy.core.scraper] DEBUG: Scraped from <200 https://www.changhai.org/feed.xml>
None
2019-12-12 03:21:25 [scrapy.core.scraper] DEBUG: Scraped from <200 https://www.changhai.org/feed.xml>
None
2019-12-12 03:21:25 [scrapy.core.scraper] DEBUG: Scraped from <200 https://www.changhai.org/feed.xml>
None
2019-12-12 03:21:25 [scrapy.core.scraper] DEBUG: Scraped from <200 https://www.changhai.org/feed.xml>
None
2019-12-12 03:21:25 [scrapy.core.scraper] DEBUG: Scraped from <200 https://www.changhai.org/feed.xml>
None
2019-12-12 03:21:25 [scrapy.core.scraper] DEBUG: Scraped from <200 https://www.changhai.org/feed.xml>
None
2019-12-12 03:21:25 [scrapy.core.scraper] DEBUG: Scraped from <200 https://www.changhai.org/feed.xml>
None
2019-12-12 03:21:25 [scrapy.core.scraper] DEBUG: Scraped from <200 https://www.changhai.org/feed.xml>
None
2019-12-12 03:21:25 [scrapy.core.scraper] DEBUG: Scraped from <200 https://www.changhai.org/feed.xml>
None
2019-12-12 03:21:25 [scrapy.core.scraper] DEBUG: Scraped from <200 https://www.changhai.org/feed.xml>
None
2019-12-12 03:21:25 [scrapy.core.scraper] DEBUG: Scraped from <200 https://www.changhai.org/feed.xml>
None
2019-12-12 03:21:25 [scrapy.core.scraper] DEBUG: Scraped from <200 https://www.changhai.org/feed.xml>
None
2019-12-12 03:21:25 [scrapy.core.scraper] DEBUG: Scraped from <200 https://www.changhai.org/feed.xml>
None
2019-12-12 03:21:25 [scrapy.core.scraper] DEBUG: Scraped from <200 https://www.changhai.org/feed.xml>
None
2019-12-12 03:21:25 [scrapy.core.scraper] DEBUG: Scraped from <200 https://www.changhai.org/feed.xml>
None
2019-12-12 03:21:25 [scrapy.core.scraper] DEBUG: Scraped from <200 https://www.changhai.org/feed.xml>
None
2019-12-12 03:21:25 [scrapy.core.scraper] DEBUG: Scraped from <200 https://www.changhai.org/feed.xml>
None
2019-12-12 03:21:25 [scrapy.core.scraper] DEBUG: Scraped from <200 https://www.changhai.org/feed.xml>
None
2019-12-12 03:21:25 [scrapy.core.scraper] DEBUG: Scraped from <200 https://www.changhai.org/feed.xml>
None
2019-12-12 03:21:25 [scrapy.core.scraper] DEBUG: Scraped from <200 https://www.changhai.org/feed.xml>
None
2019-12-12 03:21:25 [scrapy.core.scraper] DEBUG: Scraped from <200 https://www.changhai.org/feed.xml>
None
2019-12-12 03:21:25 [scrapy.core.scraper] DEBUG: Scraped from <200 https://www.changhai.org/feed.xml>
None
2019-12-12 03:21:25 [scrapy.core.scraper] DEBUG: Scraped from <200 https://www.changhai.org/feed.xml>
None
2019-12-12 03:21:25 [scrapy.core.scraper] DEBUG: Scraped from <200 https://www.changhai.org/feed.xml>
None
2019-12-12 03:21:25 [scrapy.core.scraper] DEBUG: Scraped from <200 https://www.changhai.org/feed.xml>
None
2019-12-12 03:21:25 [scrapy.core.scraper] DEBUG: Scraped from <200 https://www.changhai.org/feed.xml>
None
2019-12-12 03:21:25 [scrapy.core.scraper] DEBUG: Scraped from <200 https://www.changhai.org/feed.xml>
None
2019-12-12 03:21:25 [scrapy.core.scraper] DEBUG: Scraped from <200 https://www.changhai.org/feed.xml>
None
2019-12-12 03:21:25 [scrapy.core.scraper] DEBUG: Scraped from <200 https://www.changhai.org/feed.xml>
None
2019-12-12 03:21:25 [scrapy.core.scraper] DEBUG: Scraped from <200 https://www.changhai.org/feed.xml>
None
2019-12-12 03:21:25 [scrapy.core.scraper] DEBUG: Scraped from <200 https://www.changhai.org/feed.xml>
None
2019-12-12 03:21:25 [scrapy.core.scraper] DEBUG: Scraped from <200 https://www.changhai.org/feed.xml>
None
2019-12-12 03:21:25 [scrapy.core.scraper] DEBUG: Scraped from <200 https://www.changhai.org/feed.xml>
None
2019-12-12 03:21:25 [scrapy.core.scraper] DEBUG: Scraped from <200 https://www.changhai.org/feed.xml>
None
2019-12-12 03:21:25 [scrapy.core.scraper] DEBUG: Scraped from <200 https://www.changhai.org/feed.xml>
None
2019-12-12 03:21:25 [scrapy.core.engine] INFO: Closing spider (finished)
2019-12-12 03:21:25 [scrapy.statscollectors] INFO: Dumping Scrapy stats:
{'downloader/request_bytes': 304,
 'downloader/request_count': 1,
 'downloader/request_method_count/GET': 1,
 'downloader/response_bytes': 3690,
 'downloader/response_count': 1,
 'downloader/response_status_count/200': 1,
 'elapsed_time_seconds': 1.667983,
 'finish_reason': 'finished',
 'finish_time': datetime.datetime(2019, 12, 12, 3, 21, 25, 617868),
 'item_scraped_count': 35,
 'log_count/DEBUG': 36,
 'log_count/INFO': 10,
 'memusage/max': 57208832,
 'memusage/startup': 57208832,
 'response_received_count': 1,
 'scheduler/dequeued': 1,
 'scheduler/dequeued/memory': 1,
 'scheduler/enqueued': 1,
 'scheduler/enqueued/memory': 1,
 'start_time': datetime.datetime(2019, 12, 12, 3, 21, 23, 949885)}
2019-12-12 03:21:25 [scrapy.core.engine] INFO: Spider closed (finished)
2019-12-12 03:21:25 [urllib3.connectionpool] DEBUG: Starting new HTTP connection (1): elasticsearch:9200
2019-12-12 03:21:25 [urllib3.connectionpool] DEBUG: Starting new HTTP connection (1): elasticsearch:9200
2019-12-12 03:21:25 [urllib3.connectionpool] DEBUG: Starting new HTTP connection (1): elasticsearch:9200
2019-12-12 03:21:25 [urllib3.connectionpool] DEBUG: Starting new HTTP connection (1): elasticsearch:9200
2019-12-12 03:21:25 [urllib3.connectionpool] DEBUG: http://elasticsearch:9200 "HEAD /top HTTP/1.1" 200 0
2019-12-12 03:21:25 [elasticsearch] INFO: HEAD http://elasticsearch:9200/top [status:200 request:0.009s]
2019-12-12 03:21:25 [elasticsearch] DEBUG: > None
2019-12-12 03:21:25 [elasticsearch] DEBUG: < 
2019-12-12 03:21:25 [urllib3.connectionpool] DEBUG: http://elasticsearch:9200 "HEAD /top HTTP/1.1" 200 0
2019-12-12 03:21:25 [elasticsearch] INFO: HEAD http://elasticsearch:9200/top [status:200 request:0.009s]
2019-12-12 03:21:25 [elasticsearch] DEBUG: > None
2019-12-12 03:21:25 [elasticsearch] DEBUG: < 
2019-12-12 03:21:25 [urllib3.connectionpool] DEBUG: http://elasticsearch:9200 "HEAD /top HTTP/1.1" 200 0
2019-12-12 03:21:25 [elasticsearch] INFO: HEAD http://elasticsearch:9200/top [status:200 request:0.009s]
2019-12-12 03:21:25 [elasticsearch] DEBUG: > None
2019-12-12 03:21:25 [elasticsearch] DEBUG: < 
2019-12-12 03:21:25 [urllib3.connectionpool] DEBUG: Starting new HTTP connection (1): elasticsearch:9200
2019-12-12 03:21:25 [urllib3.connectionpool] DEBUG: http://elasticsearch:9200 "HEAD /top HTTP/1.1" 200 0
2019-12-12 03:21:25 [elasticsearch] INFO: HEAD http://elasticsearch:9200/top [status:200 request:0.027s]
2019-12-12 03:21:25 [elasticsearch] DEBUG: > None
2019-12-12 03:21:25 [elasticsearch] DEBUG: < 
2019-12-12 03:21:25 [urllib3.connectionpool] DEBUG: http://elasticsearch:9200 "HEAD /top HTTP/1.1" 200 0
2019-12-12 03:21:25 [elasticsearch] INFO: HEAD http://elasticsearch:9200/top [status:200 request:0.010s]
2019-12-12 03:21:25 [elasticsearch] DEBUG: > None
2019-12-12 03:21:25 [elasticsearch] DEBUG: < 
2019-12-12 03:21:25 [urllib3.connectionpool] DEBUG: http://elasticsearch:9200 "POST /top/_doc/545 HTTP/1.1" 201 157
2019-12-12 03:21:25 [elasticsearch] INFO: POST http://elasticsearch:9200/top/_doc/545 [status:201 request:0.045s]
2019-12-12 03:21:25 [elasticsearch] DEBUG: > {"title":"微言小义 (2019.10)","description_content":null,"update_at":1576120885593}
2019-12-12 03:21:25 [elasticsearch] DEBUG: < {"_index":"top","_type":"_doc","_id":"545","_version":1,"result":"created","_shards":{"total":2,"successful":1,"failed":0},"_seq_no":1067,"_primary_term":10}
2019-12-12 03:21:25 [urllib3.connectionpool] DEBUG: Starting new HTTP connection (1): elasticsearch:9200
2019-12-12 03:21:25 [urllib3.connectionpool] DEBUG: http://elasticsearch:9200 "POST /top/_doc/544 HTTP/1.1" 201 157
2019-12-12 03:21:25 [elasticsearch] INFO: POST http://elasticsearch:9200/top/_doc/544 [status:201 request:0.053s]
2019-12-12 03:21:25 [elasticsearch] DEBUG: > {"title":"《一位天体物理学家的来信》","description_content":null,"update_at":1576120885593}
2019-12-12 03:21:25 [elasticsearch] DEBUG: < {"_index":"top","_type":"_doc","_id":"544","_version":1,"result":"created","_shards":{"total":2,"successful":1,"failed":0},"_seq_no":1068,"_primary_term":10}
2019-12-12 03:21:25 [urllib3.connectionpool] DEBUG: http://elasticsearch:9200 "HEAD /top HTTP/1.1" 200 0
2019-12-12 03:21:25 [elasticsearch] INFO: HEAD http://elasticsearch:9200/top [status:200 request:0.005s]
2019-12-12 03:21:25 [elasticsearch] DEBUG: > None
2019-12-12 03:21:25 [elasticsearch] DEBUG: < 
2019-12-12 03:21:25 [urllib3.connectionpool] DEBUG: Starting new HTTP connection (1): elasticsearch:9200
2019-12-12 03:21:25 [urllib3.connectionpool] DEBUG: http://elasticsearch:9200 "HEAD /top HTTP/1.1" 200 0
2019-12-12 03:21:25 [elasticsearch] INFO: HEAD http://elasticsearch:9200/top [status:200 request:0.004s]
2019-12-12 03:21:25 [elasticsearch] DEBUG: > None
2019-12-12 03:21:25 [elasticsearch] DEBUG: < 
2019-12-12 03:21:25 [urllib3.connectionpool] DEBUG: http://elasticsearch:9200 "POST /top/_doc/546 HTTP/1.1" 201 157
2019-12-12 03:21:25 [elasticsearch] INFO: POST http://elasticsearch:9200/top/_doc/546 [status:201 request:0.068s]
2019-12-12 03:21:25 [elasticsearch] DEBUG: > {"title":"二〇〇三年日记","description_content":null,"update_at":1576120885593}
2019-12-12 03:21:25 [elasticsearch] DEBUG: < {"_index":"top","_type":"_doc","_id":"546","_version":1,"result":"created","_shards":{"total":2,"successful":1,"failed":0},"_seq_no":1069,"_primary_term":10}
2019-12-12 03:21:25 [urllib3.connectionpool] DEBUG: Starting new HTTP connection (1): elasticsearch:9200
2019-12-12 03:21:25 [urllib3.connectionpool] DEBUG: http://elasticsearch:9200 "HEAD /top HTTP/1.1" 200 0
2019-12-12 03:21:25 [elasticsearch] INFO: HEAD http://elasticsearch:9200/top [status:200 request:0.003s]
2019-12-12 03:21:25 [elasticsearch] DEBUG: > None
2019-12-12 03:21:25 [elasticsearch] DEBUG: < 
2019-12-12 03:21:25 [urllib3.connectionpool] DEBUG: http://elasticsearch:9200 "POST /top/_doc/543 HTTP/1.1" 201 157
2019-12-12 03:21:25 [elasticsearch] INFO: POST http://elasticsearch:9200/top/_doc/543 [status:201 request:0.061s]
2019-12-12 03:21:25 [elasticsearch] DEBUG: > {"title":"尺规作图三大问题的早期历史","description_content":null,"update_at":1576120885593}
2019-12-12 03:21:25 [elasticsearch] DEBUG: < {"_index":"top","_type":"_doc","_id":"543","_version":1,"result":"created","_shards":{"total":2,"successful":1,"failed":0},"_seq_no":1070,"_primary_term":10}
2019-12-12 03:21:25 [urllib3.connectionpool] DEBUG: Starting new HTTP connection (1): elasticsearch:9200
2019-12-12 03:21:25 [urllib3.connectionpool] DEBUG: http://elasticsearch:9200 "HEAD /top HTTP/1.1" 200 0
2019-12-12 03:21:25 [elasticsearch] INFO: HEAD http://elasticsearch:9200/top [status:200 request:0.002s]
2019-12-12 03:21:25 [elasticsearch] DEBUG: > None
2019-12-12 03:21:25 [elasticsearch] DEBUG: < 
2019-12-12 03:21:25 [urllib3.connectionpool] DEBUG: http://elasticsearch:9200 "POST /top/_doc/547 HTTP/1.1" 201 157
2019-12-12 03:21:25 [elasticsearch] INFO: POST http://elasticsearch:9200/top/_doc/547 [status:201 request:0.069s]
2019-12-12 03:21:25 [elasticsearch] DEBUG: > {"title":"二〇〇二年日记","description_content":null,"update_at":1576120885593}
2019-12-12 03:21:25 [elasticsearch] DEBUG: < {"_index":"top","_type":"_doc","_id":"547","_version":1,"result":"created","_shards":{"total":2,"successful":1,"failed":0},"_seq_no":1071,"_primary_term":10}
2019-12-12 03:21:25 [urllib3.connectionpool] DEBUG: Starting new HTTP connection (1): elasticsearch:9200
2019-12-12 03:21:25 [urllib3.connectionpool] DEBUG: http://elasticsearch:9200 "POST /top/_doc/548 HTTP/1.1" 201 157
2019-12-12 03:21:25 [elasticsearch] INFO: POST http://elasticsearch:9200/top/_doc/548 [status:201 request:0.040s]
2019-12-12 03:21:25 [elasticsearch] DEBUG: > {"title":"趋于 1 的缘分","description_content":null,"update_at":1576120885593}
2019-12-12 03:21:25 [elasticsearch] DEBUG: < {"_index":"top","_type":"_doc","_id":"548","_version":1,"result":"created","_shards":{"total":2,"successful":1,"failed":0},"_seq_no":1072,"_primary_term":10}
2019-12-12 03:21:25 [urllib3.connectionpool] DEBUG: http://elasticsearch:9200 "HEAD /top HTTP/1.1" 200 0
2019-12-12 03:21:25 [elasticsearch] INFO: HEAD http://elasticsearch:9200/top [status:200 request:0.009s]
2019-12-12 03:21:25 [elasticsearch] DEBUG: > None
2019-12-12 03:21:25 [elasticsearch] DEBUG: < 
2019-12-12 03:21:25 [urllib3.connectionpool] DEBUG: Starting new HTTP connection (1): elasticsearch:9200
2019-12-12 03:21:25 [urllib3.connectionpool] DEBUG: http://elasticsearch:9200 "HEAD /top HTTP/1.1" 200 0
2019-12-12 03:21:25 [elasticsearch] INFO: HEAD http://elasticsearch:9200/top [status:200 request:0.003s]
2019-12-12 03:21:25 [elasticsearch] DEBUG: > None
2019-12-12 03:21:25 [elasticsearch] DEBUG: < 
2019-12-12 03:21:25 [urllib3.connectionpool] DEBUG: http://elasticsearch:9200 "POST /top/_doc/549 HTTP/1.1" 201 157
2019-12-12 03:21:25 [elasticsearch] INFO: POST http://elasticsearch:9200/top/_doc/549 [status:201 request:0.041s]
2019-12-12 03:21:25 [elasticsearch] DEBUG: > {"title":"微言小义 (2019.09)","description_content":null,"update_at":1576120885593}
2019-12-12 03:21:25 [elasticsearch] DEBUG: < {"_index":"top","_type":"_doc","_id":"549","_version":1,"result":"created","_shards":{"total":2,"successful":1,"failed":0},"_seq_no":1073,"_primary_term":10}
2019-12-12 03:21:25 [urllib3.connectionpool] DEBUG: Starting new HTTP connection (1): elasticsearch:9200
2019-12-12 03:21:25 [urllib3.connectionpool] DEBUG: http://elasticsearch:9200 "HEAD /top HTTP/1.1" 200 0
2019-12-12 03:21:25 [elasticsearch] INFO: HEAD http://elasticsearch:9200/top [status:200 request:0.002s]
2019-12-12 03:21:25 [elasticsearch] DEBUG: > None
2019-12-12 03:21:25 [elasticsearch] DEBUG: < 
2019-12-12 03:21:25 [urllib3.connectionpool] DEBUG: http://elasticsearch:9200 "POST /top/_doc/550 HTTP/1.1" 201 157
2019-12-12 03:21:25 [elasticsearch] INFO: POST http://elasticsearch:9200/top/_doc/550 [status:201 request:0.040s]
2019-12-12 03:21:25 [elasticsearch] DEBUG: > {"title":"阿基米德的方法","description_content":null,"update_at":1576120885593}
2019-12-12 03:21:25 [elasticsearch] DEBUG: < {"_index":"top","_type":"_doc","_id":"550","_version":1,"result":"created","_shards":{"total":2,"successful":1,"failed":0},"_seq_no":1074,"_primary_term":10}
2019-12-12 03:21:25 [urllib3.connectionpool] DEBUG: Starting new HTTP connection (1): elasticsearch:9200
2019-12-12 03:21:25 [urllib3.connectionpool] DEBUG: http://elasticsearch:9200 "HEAD /top HTTP/1.1" 200 0
2019-12-12 03:21:25 [elasticsearch] INFO: HEAD http://elasticsearch:9200/top [status:200 request:0.003s]
2019-12-12 03:21:25 [elasticsearch] DEBUG: > None
2019-12-12 03:21:25 [elasticsearch] DEBUG: < 
2019-12-12 03:21:25 [urllib3.connectionpool] DEBUG: http://elasticsearch:9200 "POST /top/_doc/551 HTTP/1.1" 201 157
2019-12-12 03:21:25 [elasticsearch] INFO: POST http://elasticsearch:9200/top/_doc/551 [status:201 request:0.040s]
2019-12-12 03:21:25 [elasticsearch] DEBUG: > {"title":"《从圆周率计算浅谈计算数学》推荐","description_content":null,"update_at":1576120885593}
2019-12-12 03:21:25 [elasticsearch] DEBUG: < {"_index":"top","_type":"_doc","_id":"551","_version":1,"result":"created","_shards":{"total":2,"successful":1,"failed":0},"_seq_no":1075,"_primary_term":10}
2019-12-12 03:21:25 [urllib3.connectionpool] DEBUG: Starting new HTTP connection (1): elasticsearch:9200
2019-12-12 03:21:25 [urllib3.connectionpool] DEBUG: http://elasticsearch:9200 "HEAD /top HTTP/1.1" 200 0
2019-12-12 03:21:25 [elasticsearch] INFO: HEAD http://elasticsearch:9200/top [status:200 request:0.002s]
2019-12-12 03:21:25 [elasticsearch] DEBUG: > None
2019-12-12 03:21:25 [elasticsearch] DEBUG: < 
2019-12-12 03:21:25 [urllib3.connectionpool] DEBUG: http://elasticsearch:9200 "POST /top/_doc/552 HTTP/1.1" 201 157
2019-12-12 03:21:25 [elasticsearch] INFO: POST http://elasticsearch:9200/top/_doc/552 [status:201 request:0.034s]
2019-12-12 03:21:25 [elasticsearch] DEBUG: > {"title":"微言小义 (2019.07 - 2019.08)","description_content":null,"update_at":1576120885593}
2019-12-12 03:21:25 [elasticsearch] DEBUG: < {"_index":"top","_type":"_doc","_id":"552","_version":1,"result":"created","_shards":{"total":2,"successful":1,"failed":0},"_seq_no":1076,"_primary_term":10}
2019-12-12 03:21:25 [urllib3.connectionpool] DEBUG: Starting new HTTP connection (1): elasticsearch:9200
2019-12-12 03:21:25 [urllib3.connectionpool] DEBUG: http://elasticsearch:9200 "POST /top/_doc/553 HTTP/1.1" 201 157
2019-12-12 03:21:25 [elasticsearch] INFO: POST http://elasticsearch:9200/top/_doc/553 [status:201 request:0.036s]
2019-12-12 03:21:25 [elasticsearch] DEBUG: > {"title":"近况 (2003 - 2019)","description_content":null,"update_at":1576120885593}
2019-12-12 03:21:25 [elasticsearch] DEBUG: < {"_index":"top","_type":"_doc","_id":"553","_version":1,"result":"created","_shards":{"total":2,"successful":1,"failed":0},"_seq_no":1077,"_primary_term":10}
2019-12-12 03:21:25 [urllib3.connectionpool] DEBUG: http://elasticsearch:9200 "HEAD /top HTTP/1.1" 200 0
2019-12-12 03:21:25 [elasticsearch] INFO: HEAD http://elasticsearch:9200/top [status:200 request:0.005s]
2019-12-12 03:21:25 [elasticsearch] DEBUG: > None
2019-12-12 03:21:25 [elasticsearch] DEBUG: < 
2019-12-12 03:21:25 [urllib3.connectionpool] DEBUG: Starting new HTTP connection (1): elasticsearch:9200
2019-12-12 03:21:25 [urllib3.connectionpool] DEBUG: http://elasticsearch:9200 "POST /top/_doc/554 HTTP/1.1" 201 157
2019-12-12 03:21:25 [elasticsearch] INFO: POST http://elasticsearch:9200/top/_doc/554 [status:201 request:0.039s]
2019-12-12 03:21:25 [elasticsearch] DEBUG: > {"title":"阿基米德的著作","description_content":null,"update_at":1576120885593}
2019-12-12 03:21:25 [elasticsearch] DEBUG: < {"_index":"top","_type":"_doc","_id":"554","_version":1,"result":"created","_shards":{"total":2,"successful":1,"failed":0},"_seq_no":1078,"_primary_term":10}
2019-12-12 03:21:25 [urllib3.connectionpool] DEBUG: http://elasticsearch:9200 "HEAD /top HTTP/1.1" 200 0
2019-12-12 03:21:25 [elasticsearch] INFO: HEAD http://elasticsearch:9200/top [status:200 request:0.005s]
2019-12-12 03:21:25 [elasticsearch] DEBUG: > None
2019-12-12 03:21:25 [elasticsearch] DEBUG: < 
2019-12-12 03:21:25 [urllib3.connectionpool] DEBUG: http://elasticsearch:9200 "POST /top/_doc/555 HTTP/1.1" 201 157
2019-12-12 03:21:25 [elasticsearch] INFO: POST http://elasticsearch:9200/top/_doc/555 [status:201 request:0.036s]
2019-12-12 03:21:25 [elasticsearch] DEBUG: > {"title":"希尔伯特与广义相对论场方程","description_content":null,"update_at":1576120885593}
2019-12-12 03:21:25 [elasticsearch] DEBUG: < {"_index":"top","_type":"_doc","_id":"555","_version":1,"result":"created","_shards":{"total":2,"successful":1,"failed":0},"_seq_no":1079,"_primary_term":10}
2019-12-12 03:21:25 [urllib3.connectionpool] DEBUG: Starting new HTTP connection (1): elasticsearch:9200
2019-12-12 03:21:25 [urllib3.connectionpool] DEBUG: http://elasticsearch:9200 "HEAD /top HTTP/1.1" 200 0
2019-12-12 03:21:25 [elasticsearch] INFO: HEAD http://elasticsearch:9200/top [status:200 request:0.002s]
2019-12-12 03:21:25 [elasticsearch] DEBUG: > None
2019-12-12 03:21:25 [elasticsearch] DEBUG: < 
2019-12-12 03:21:25 [urllib3.connectionpool] DEBUG: http://elasticsearch:9200 "POST /top/_doc/556 HTTP/1.1" 201 157
2019-12-12 03:21:25 [elasticsearch] INFO: POST http://elasticsearch:9200/top/_doc/556 [status:201 request:0.035s]
2019-12-12 03:21:25 [elasticsearch] DEBUG: > {"title":"闲聊·王小波致柯云路信","description_content":null,"update_at":1576120885593}
2019-12-12 03:21:25 [elasticsearch] DEBUG: < {"_index":"top","_type":"_doc","_id":"556","_version":1,"result":"created","_shards":{"total":2,"successful":1,"failed":0},"_seq_no":1080,"_primary_term":10}
2019-12-12 03:21:25 [urllib3.connectionpool] DEBUG: Starting new HTTP connection (1): elasticsearch:9200
2019-12-12 03:21:25 [urllib3.connectionpool] DEBUG: http://elasticsearch:9200 "HEAD /top HTTP/1.1" 200 0
2019-12-12 03:21:25 [elasticsearch] INFO: HEAD http://elasticsearch:9200/top [status:200 request:0.002s]
2019-12-12 03:21:25 [elasticsearch] DEBUG: > None
2019-12-12 03:21:25 [elasticsearch] DEBUG: < 
2019-12-12 03:21:25 [urllib3.connectionpool] DEBUG: http://elasticsearch:9200 "POST /top/_doc/557 HTTP/1.1" 201 157
2019-12-12 03:21:25 [elasticsearch] INFO: POST http://elasticsearch:9200/top/_doc/557 [status:201 request:0.031s]
2019-12-12 03:21:25 [elasticsearch] DEBUG: > {"title":"二〇一九年回国散记","description_content":null,"update_at":1576120885593}
2019-12-12 03:21:25 [elasticsearch] DEBUG: < {"_index":"top","_type":"_doc","_id":"557","_version":1,"result":"created","_shards":{"total":2,"successful":1,"failed":0},"_seq_no":1081,"_primary_term":10}
2019-12-12 03:21:25 [urllib3.connectionpool] DEBUG: Starting new HTTP connection (1): elasticsearch:9200
2019-12-12 03:21:25 [urllib3.connectionpool] DEBUG: http://elasticsearch:9200 "HEAD /top HTTP/1.1" 200 0
2019-12-12 03:21:25 [elasticsearch] INFO: HEAD http://elasticsearch:9200/top [status:200 request:0.002s]
2019-12-12 03:21:25 [elasticsearch] DEBUG: > None
2019-12-12 03:21:25 [elasticsearch] DEBUG: < 
2019-12-12 03:21:25 [urllib3.connectionpool] DEBUG: http://elasticsearch:9200 "POST /top/_doc/558 HTTP/1.1" 201 157
2019-12-12 03:21:25 [elasticsearch] INFO: POST http://elasticsearch:9200/top/_doc/558 [status:201 request:0.028s]
2019-12-12 03:21:25 [elasticsearch] DEBUG: > {"title":"阿基米德的传说","description_content":null,"update_at":1576120885593}
2019-12-12 03:21:25 [elasticsearch] DEBUG: < {"_index":"top","_type":"_doc","_id":"558","_version":1,"result":"created","_shards":{"total":2,"successful":1,"failed":0},"_seq_no":1082,"_primary_term":10}
2019-12-12 03:21:25 [urllib3.connectionpool] DEBUG: Starting new HTTP connection (1): elasticsearch:9200
2019-12-12 03:21:25 [urllib3.connectionpool] DEBUG: http://elasticsearch:9200 "HEAD /top HTTP/1.1" 200 0
2019-12-12 03:21:25 [elasticsearch] INFO: HEAD http://elasticsearch:9200/top [status:200 request:0.003s]
2019-12-12 03:21:25 [elasticsearch] DEBUG: > None
2019-12-12 03:21:25 [elasticsearch] DEBUG: < 
2019-12-12 03:21:25 [urllib3.connectionpool] DEBUG: http://elasticsearch:9200 "POST /top/_doc/559 HTTP/1.1" 201 157
2019-12-12 03:21:25 [elasticsearch] INFO: POST http://elasticsearch:9200/top/_doc/559 [status:201 request:0.031s]
2019-12-12 03:21:25 [elasticsearch] DEBUG: > {"title":"二〇一八年回国图集之深圳掠影 (二)","description_content":null,"update_at":1576120885593}
2019-12-12 03:21:25 [elasticsearch] DEBUG: < {"_index":"top","_type":"_doc","_id":"559","_version":1,"result":"created","_shards":{"total":2,"successful":1,"failed":0},"_seq_no":1083,"_primary_term":10}
2019-12-12 03:21:25 [urllib3.connectionpool] DEBUG: Starting new HTTP connection (1): elasticsearch:9200
2019-12-12 03:21:25 [urllib3.connectionpool] DEBUG: http://elasticsearch:9200 "HEAD /top HTTP/1.1" 200 0
2019-12-12 03:21:25 [elasticsearch] INFO: HEAD http://elasticsearch:9200/top [status:200 request:0.005s]
2019-12-12 03:21:25 [elasticsearch] DEBUG: > None
2019-12-12 03:21:25 [elasticsearch] DEBUG: < 
2019-12-12 03:21:25 [urllib3.connectionpool] DEBUG: http://elasticsearch:9200 "POST /top/_doc/560 HTTP/1.1" 201 157
2019-12-12 03:21:25 [elasticsearch] INFO: POST http://elasticsearch:9200/top/_doc/560 [status:201 request:0.035s]
2019-12-12 03:21:25 [elasticsearch] DEBUG: > {"title":"《几何原本》与中国","description_content":null,"update_at":1576120885593}
2019-12-12 03:21:25 [elasticsearch] DEBUG: < {"_index":"top","_type":"_doc","_id":"560","_version":1,"result":"created","_shards":{"total":2,"successful":1,"failed":0},"_seq_no":1084,"_primary_term":10}
2019-12-12 03:21:25 [urllib3.connectionpool] DEBUG: Starting new HTTP connection (1): elasticsearch:9200
2019-12-12 03:21:25 [urllib3.connectionpool] DEBUG: http://elasticsearch:9200 "HEAD /top HTTP/1.1" 200 0
2019-12-12 03:21:25 [elasticsearch] INFO: HEAD http://elasticsearch:9200/top [status:200 request:0.003s]
2019-12-12 03:21:25 [elasticsearch] DEBUG: > None
2019-12-12 03:21:25 [elasticsearch] DEBUG: < 
2019-12-12 03:21:25 [urllib3.connectionpool] DEBUG: http://elasticsearch:9200 "POST /top/_doc/561 HTTP/1.1" 201 157
2019-12-12 03:21:25 [elasticsearch] INFO: POST http://elasticsearch:9200/top/_doc/561 [status:201 request:0.037s]
2019-12-12 03:21:25 [elasticsearch] DEBUG: > {"title":"微言小义 (2019.06)","description_content":null,"update_at":1576120885593}
2019-12-12 03:21:25 [elasticsearch] DEBUG: < {"_index":"top","_type":"_doc","_id":"561","_version":1,"result":"created","_shards":{"total":2,"successful":1,"failed":0},"_seq_no":1085,"_primary_term":10}
2019-12-12 03:21:25 [urllib3.connectionpool] DEBUG: Starting new HTTP connection (1): elasticsearch:9200
2019-12-12 03:21:25 [urllib3.connectionpool] DEBUG: http://elasticsearch:9200 "HEAD /top HTTP/1.1" 200 0
2019-12-12 03:21:25 [elasticsearch] INFO: HEAD http://elasticsearch:9200/top [status:200 request:0.003s]
2019-12-12 03:21:25 [elasticsearch] DEBUG: > None
2019-12-12 03:21:25 [elasticsearch] DEBUG: < 
2019-12-12 03:21:25 [urllib3.connectionpool] DEBUG: http://elasticsearch:9200 "POST /top/_doc/562 HTTP/1.1" 201 157
2019-12-12 03:21:25 [elasticsearch] INFO: POST http://elasticsearch:9200/top/_doc/562 [status:201 request:0.037s]
2019-12-12 03:21:25 [elasticsearch] DEBUG: > {"title":"微言小义 (2019.05)","description_content":null,"update_at":1576120885593}
2019-12-12 03:21:25 [elasticsearch] DEBUG: < {"_index":"top","_type":"_doc","_id":"562","_version":1,"result":"created","_shards":{"total":2,"successful":1,"failed":0},"_seq_no":1086,"_primary_term":10}
2019-12-12 03:21:25 [urllib3.connectionpool] DEBUG: Starting new HTTP connection (1): elasticsearch:9200
2019-12-12 03:21:25 [urllib3.connectionpool] DEBUG: http://elasticsearch:9200 "HEAD /top HTTP/1.1" 200 0
2019-12-12 03:21:25 [elasticsearch] INFO: HEAD http://elasticsearch:9200/top [status:200 request:0.002s]
2019-12-12 03:21:25 [elasticsearch] DEBUG: > None
2019-12-12 03:21:25 [elasticsearch] DEBUG: < 
2019-12-12 03:21:25 [urllib3.connectionpool] DEBUG: Starting new HTTP connection (1): elasticsearch:9200
2019-12-12 03:21:25 [urllib3.connectionpool] DEBUG: http://elasticsearch:9200 "POST /top/_doc/563 HTTP/1.1" 201 157
2019-12-12 03:21:25 [elasticsearch] INFO: POST http://elasticsearch:9200/top/_doc/563 [status:201 request:0.040s]
2019-12-12 03:21:25 [elasticsearch] DEBUG: > {"title":"老树发新枝——黎曼猜想研究的新进展？","description_content":null,"update_at":1576120885593}
2019-12-12 03:21:25 [elasticsearch] DEBUG: < {"_index":"top","_type":"_doc","_id":"563","_version":1,"result":"created","_shards":{"total":2,"successful":1,"failed":0},"_seq_no":1087,"_primary_term":10}
2019-12-12 03:21:25 [urllib3.connectionpool] DEBUG: http://elasticsearch:9200 "HEAD /top HTTP/1.1" 200 0
2019-12-12 03:21:25 [elasticsearch] INFO: HEAD http://elasticsearch:9200/top [status:200 request:0.014s]
2019-12-12 03:21:25 [elasticsearch] DEBUG: > None
2019-12-12 03:21:25 [elasticsearch] DEBUG: < 
2019-12-12 03:21:25 [urllib3.connectionpool] DEBUG: Starting new HTTP connection (1): elasticsearch:9200
2019-12-12 03:21:25 [urllib3.connectionpool] DEBUG: http://elasticsearch:9200 "POST /top/_doc/564 HTTP/1.1" 201 157
2019-12-12 03:21:25 [elasticsearch] INFO: POST http://elasticsearch:9200/top/_doc/564 [status:201 request:0.066s]
2019-12-12 03:21:25 [elasticsearch] DEBUG: > {"title":"关于引力波历史的一部佳作","description_content":null,"update_at":1576120885593}
2019-12-12 03:21:25 [elasticsearch] DEBUG: < {"_index":"top","_type":"_doc","_id":"564","_version":1,"result":"created","_shards":{"total":2,"successful":1,"failed":0},"_seq_no":1088,"_primary_term":10}
2019-12-12 03:21:25 [urllib3.connectionpool] DEBUG: http://elasticsearch:9200 "HEAD /top HTTP/1.1" 200 0
2019-12-12 03:21:25 [elasticsearch] INFO: HEAD http://elasticsearch:9200/top [status:200 request:0.011s]
2019-12-12 03:21:25 [elasticsearch] DEBUG: > None
2019-12-12 03:21:25 [elasticsearch] DEBUG: < 
2019-12-12 03:21:25 [urllib3.connectionpool] DEBUG: Starting new HTTP connection (1): elasticsearch:9200
2019-12-12 03:21:25 [urllib3.connectionpool] DEBUG: http://elasticsearch:9200 "HEAD /top HTTP/1.1" 200 0
2019-12-12 03:21:25 [elasticsearch] INFO: HEAD http://elasticsearch:9200/top [status:200 request:0.005s]
2019-12-12 03:21:25 [elasticsearch] DEBUG: > None
2019-12-12 03:21:25 [elasticsearch] DEBUG: < 
2019-12-12 03:21:25 [urllib3.connectionpool] DEBUG: http://elasticsearch:9200 "POST /top/_doc/565 HTTP/1.1" 201 157
2019-12-12 03:21:25 [elasticsearch] INFO: POST http://elasticsearch:9200/top/_doc/565 [status:201 request:0.073s]
2019-12-12 03:21:25 [elasticsearch] DEBUG: > {"title":"第五公设的早期探索 (下)","description_content":null,"update_at":1576120885593}
2019-12-12 03:21:25 [elasticsearch] DEBUG: < {"_index":"top","_type":"_doc","_id":"565","_version":1,"result":"created","_shards":{"total":2,"successful":1,"failed":0},"_seq_no":1089,"_primary_term":10}
2019-12-12 03:21:25 [urllib3.connectionpool] DEBUG: Starting new HTTP connection (1): elasticsearch:9200
2019-12-12 03:21:25 [urllib3.connectionpool] DEBUG: http://elasticsearch:9200 "HEAD /top HTTP/1.1" 200 0
2019-12-12 03:21:25 [elasticsearch] INFO: HEAD http://elasticsearch:9200/top [status:200 request:0.003s]
2019-12-12 03:21:25 [elasticsearch] DEBUG: > None
2019-12-12 03:21:25 [elasticsearch] DEBUG: < 
2019-12-12 03:21:25 [urllib3.connectionpool] DEBUG: http://elasticsearch:9200 "POST /top/_doc/566 HTTP/1.1" 201 157
2019-12-12 03:21:25 [elasticsearch] INFO: POST http://elasticsearch:9200/top/_doc/566 [status:201 request:0.086s]
2019-12-12 03:21:25 [elasticsearch] DEBUG: > {"title":"微言小义 (2019.04)","description_content":null,"update_at":1576120885593}
2019-12-12 03:21:25 [elasticsearch] DEBUG: < {"_index":"top","_type":"_doc","_id":"566","_version":1,"result":"created","_shards":{"total":2,"successful":1,"failed":0},"_seq_no":1090,"_primary_term":10}
2019-12-12 03:21:25 [urllib3.connectionpool] DEBUG: Starting new HTTP connection (1): elasticsearch:9200
2019-12-12 03:21:25 [urllib3.connectionpool] DEBUG: http://elasticsearch:9200 "HEAD /top HTTP/1.1" 200 0
2019-12-12 03:21:25 [elasticsearch] INFO: HEAD http://elasticsearch:9200/top [status:200 request:0.005s]
2019-12-12 03:21:25 [elasticsearch] DEBUG: > None
2019-12-12 03:21:25 [elasticsearch] DEBUG: < 
2019-12-12 03:21:25 [urllib3.connectionpool] DEBUG: http://elasticsearch:9200 "POST /top/_doc/567 HTTP/1.1" 201 157
2019-12-12 03:21:25 [elasticsearch] INFO: POST http://elasticsearch:9200/top/_doc/567 [status:201 request:0.088s]
2019-12-12 03:21:25 [elasticsearch] DEBUG: > {"title":"第五公设的早期探索 (上)","description_content":null,"update_at":1576120885593}
2019-12-12 03:21:25 [elasticsearch] DEBUG: < {"_index":"top","_type":"_doc","_id":"567","_version":1,"result":"created","_shards":{"total":2,"successful":1,"failed":0},"_seq_no":1091,"_primary_term":10}
2019-12-12 03:21:25 [urllib3.connectionpool] DEBUG: http://elasticsearch:9200 "POST /top/_doc/568 HTTP/1.1" 201 157
2019-12-12 03:21:25 [elasticsearch] INFO: POST http://elasticsearch:9200/top/_doc/568 [status:201 request:0.073s]
2019-12-12 03:21:25 [elasticsearch] DEBUG: > {"title":"我的科普推荐书单","description_content":null,"update_at":1576120885593}
2019-12-12 03:21:25 [elasticsearch] DEBUG: < {"_index":"top","_type":"_doc","_id":"568","_version":1,"result":"created","_shards":{"total":2,"successful":1,"failed":0},"_seq_no":1092,"_primary_term":10}
2019-12-12 03:21:25 [urllib3.connectionpool] DEBUG: Starting new HTTP connection (1): elasticsearch:9200
2019-12-12 03:21:25 [urllib3.connectionpool] DEBUG: http://elasticsearch:9200 "HEAD /top HTTP/1.1" 200 0
2019-12-12 03:21:25 [elasticsearch] INFO: HEAD http://elasticsearch:9200/top [status:200 request:0.007s]
2019-12-12 03:21:25 [elasticsearch] DEBUG: > None
2019-12-12 03:21:25 [elasticsearch] DEBUG: < 
2019-12-12 03:21:26 [urllib3.connectionpool] DEBUG: http://elasticsearch:9200 "POST /top/_doc/569 HTTP/1.1" 201 157
2019-12-12 03:21:26 [elasticsearch] INFO: POST http://elasticsearch:9200/top/_doc/569 [status:201 request:0.078s]
2019-12-12 03:21:26 [elasticsearch] DEBUG: > {"title":"微言小义 (2019.03)","description_content":null,"update_at":1576120885593}
2019-12-12 03:21:26 [elasticsearch] DEBUG: < {"_index":"top","_type":"_doc","_id":"569","_version":1,"result":"created","_shards":{"total":2,"successful":1,"failed":0},"_seq_no":1093,"_primary_term":10}
2019-12-12 03:21:26 [urllib3.connectionpool] DEBUG: Starting new HTTP connection (1): elasticsearch:9200
2019-12-12 03:21:26 [urllib3.connectionpool] DEBUG: http://elasticsearch:9200 "HEAD /top HTTP/1.1" 200 0
2019-12-12 03:21:26 [elasticsearch] INFO: HEAD http://elasticsearch:9200/top [status:200 request:0.007s]
2019-12-12 03:21:26 [elasticsearch] DEBUG: > None
2019-12-12 03:21:26 [elasticsearch] DEBUG: < 
2019-12-12 03:21:26 [urllib3.connectionpool] DEBUG: Starting new HTTP connection (1): elasticsearch:9200
2019-12-12 03:21:26 [urllib3.connectionpool] DEBUG: http://elasticsearch:9200 "HEAD /top HTTP/1.1" 200 0
2019-12-12 03:21:26 [elasticsearch] INFO: HEAD http://elasticsearch:9200/top [status:200 request:0.003s]
2019-12-12 03:21:26 [elasticsearch] DEBUG: > None
2019-12-12 03:21:26 [elasticsearch] DEBUG: < 
2019-12-12 03:21:26 [urllib3.connectionpool] DEBUG: http://elasticsearch:9200 "POST /top/_doc/570 HTTP/1.1" 201 157
2019-12-12 03:21:26 [elasticsearch] INFO: POST http://elasticsearch:9200/top/_doc/570 [status:201 request:0.079s]
2019-12-12 03:21:26 [elasticsearch] DEBUG: > {"title":"欧几里得与《几何原本》 (下)","description_content":null,"update_at":1576120885593}
2019-12-12 03:21:26 [elasticsearch] DEBUG: < {"_index":"top","_type":"_doc","_id":"570","_version":1,"result":"created","_shards":{"total":2,"successful":1,"failed":0},"_seq_no":1094,"_primary_term":10}
2019-12-12 03:21:26 [urllib3.connectionpool] DEBUG: http://elasticsearch:9200 "POST /top/_doc/571 HTTP/1.1" 201 157
2019-12-12 03:21:26 [elasticsearch] INFO: POST http://elasticsearch:9200/top/_doc/571 [status:201 request:0.070s]
2019-12-12 03:21:26 [elasticsearch] DEBUG: > {"title":"《上帝幻觉》平装版序","description_content":null,"update_at":1576120885593}
2019-12-12 03:21:26 [elasticsearch] DEBUG: < {"_index":"top","_type":"_doc","_id":"571","_version":1,"result":"created","_shards":{"total":2,"successful":1,"failed":0},"_seq_no":1095,"_primary_term":10}
2019-12-12 03:21:26 [urllib3.connectionpool] DEBUG: Starting new HTTP connection (1): elasticsearch:9200
2019-12-12 03:21:26 [urllib3.connectionpool] DEBUG: http://elasticsearch:9200 "HEAD /top HTTP/1.1" 200 0
2019-12-12 03:21:26 [elasticsearch] INFO: HEAD http://elasticsearch:9200/top [status:200 request:0.009s]
2019-12-12 03:21:26 [elasticsearch] DEBUG: > None
2019-12-12 03:21:26 [elasticsearch] DEBUG: < 
2019-12-12 03:21:26 [urllib3.connectionpool] DEBUG: Starting new HTTP connection (1): elasticsearch:9200
2019-12-12 03:21:26 [urllib3.connectionpool] DEBUG: http://elasticsearch:9200 "POST /top/_doc/572 HTTP/1.1" 201 157
2019-12-12 03:21:26 [elasticsearch] INFO: POST http://elasticsearch:9200/top/_doc/572 [status:201 request:0.057s]
2019-12-12 03:21:26 [elasticsearch] DEBUG: > {"title":"微言小义 (2019.02)","description_content":null,"update_at":1576120885593}
2019-12-12 03:21:26 [elasticsearch] DEBUG: < {"_index":"top","_type":"_doc","_id":"572","_version":1,"result":"created","_shards":{"total":2,"successful":1,"failed":0},"_seq_no":1096,"_primary_term":10}
2019-12-12 03:21:26 [urllib3.connectionpool] DEBUG: http://elasticsearch:9200 "HEAD /top HTTP/1.1" 200 0
2019-12-12 03:21:26 [elasticsearch] INFO: HEAD http://elasticsearch:9200/top [status:200 request:0.010s]
2019-12-12 03:21:26 [elasticsearch] DEBUG: > None
2019-12-12 03:21:26 [elasticsearch] DEBUG: < 
2019-12-12 03:21:26 [urllib3.connectionpool] DEBUG: Starting new HTTP connection (1): elasticsearch:9200
2019-12-12 03:21:26 [urllib3.connectionpool] DEBUG: http://elasticsearch:9200 "POST /top/_doc/573 HTTP/1.1" 201 157
2019-12-12 03:21:26 [elasticsearch] INFO: POST http://elasticsearch:9200/top/_doc/573 [status:201 request:0.064s]
2019-12-12 03:21:26 [elasticsearch] DEBUG: > {"title":"欧几里得与《几何原本》 (中)","description_content":null,"update_at":1576120885593}
2019-12-12 03:21:26 [elasticsearch] DEBUG: < {"_index":"top","_type":"_doc","_id":"573","_version":1,"result":"created","_shards":{"total":2,"successful":1,"failed":0},"_seq_no":1097,"_primary_term":10}
2019-12-12 03:21:26 [urllib3.connectionpool] DEBUG: http://elasticsearch:9200 "HEAD /top HTTP/1.1" 200 0
2019-12-12 03:21:26 [elasticsearch] INFO: HEAD http://elasticsearch:9200/top [status:200 request:0.010s]
2019-12-12 03:21:26 [elasticsearch] DEBUG: > None
2019-12-12 03:21:26 [elasticsearch] DEBUG: < 
2019-12-12 03:21:26 [urllib3.connectionpool] DEBUG: http://elasticsearch:9200 "POST /top/_doc/574 HTTP/1.1" 201 157
2019-12-12 03:21:26 [elasticsearch] INFO: POST http://elasticsearch:9200/top/_doc/574 [status:201 request:0.082s]
2019-12-12 03:21:26 [elasticsearch] DEBUG: > {"title":"罗素的 1940","description_content":null,"update_at":1576120885593}
2019-12-12 03:21:26 [elasticsearch] DEBUG: < {"_index":"top","_type":"_doc","_id":"574","_version":1,"result":"created","_shards":{"total":2,"successful":1,"failed":0},"_seq_no":1098,"_primary_term":10}
2019-12-12 03:21:26 [urllib3.connectionpool] DEBUG: http://elasticsearch:9200 "POST /top/_doc/575 HTTP/1.1" 201 157
2019-12-12 03:21:26 [elasticsearch] INFO: POST http://elasticsearch:9200/top/_doc/575 [status:201 request:0.071s]
2019-12-12 03:21:26 [elasticsearch] DEBUG: > {"title":"微言小义 (2019.01)","description_content":null,"update_at":1576120885593}
2019-12-12 03:21:26 [elasticsearch] DEBUG: < {"_index":"top","_type":"_doc","_id":"575","_version":1,"result":"created","_shards":{"total":2,"successful":1,"failed":0},"_seq_no":1099,"_primary_term":10}
2019-12-12 03:21:26 [urllib3.connectionpool] DEBUG: http://elasticsearch:9200 "POST /top/_doc/576 HTTP/1.1" 201 157
2019-12-12 03:21:26 [elasticsearch] INFO: POST http://elasticsearch:9200/top/_doc/576 [status:201 request:0.063s]
2019-12-12 03:21:26 [elasticsearch] DEBUG: > {"title":"欧几里得与《几何原本》 (上)","description_content":null,"update_at":1576120885593}
2019-12-12 03:21:26 [elasticsearch] DEBUG: < {"_index":"top","_type":"_doc","_id":"576","_version":1,"result":"created","_shards":{"total":2,"successful":1,"failed":0},"_seq_no":1100,"_primary_term":10}
2019-12-12 03:21:26 [urllib3.connectionpool] DEBUG: http://elasticsearch:9200 "POST /top/_doc/577 HTTP/1.1" 201 157
2019-12-12 03:21:26 [elasticsearch] INFO: POST http://elasticsearch:9200/top/_doc/577 [status:201 request:0.051s]
2019-12-12 03:21:26 [elasticsearch] DEBUG: > {"title":"二〇一八年回国图集之深圳掠影 (一)","description_content":null,"update_at":1576120885593}
2019-12-12 03:21:26 [elasticsearch] DEBUG: < {"_index":"top","_type":"_doc","_id":"577","_version":1,"result":"created","_shards":{"total":2,"successful":1,"failed":0},"_seq_no":1101,"_primary_term":10}
