2019-12-12 03:51:43 [scrapy.utils.log] INFO: Scrapy 1.7.4 started (bot: spider_tophub)
2019-12-12 03:51:43 [scrapy.utils.log] INFO: Versions: lxml 4.4.1.0, libxml2 2.9.9, cssselect 1.1.0, parsel 1.5.2, w3lib 1.21.0, Twisted 19.7.0, Python 3.7.5 (default, Nov 23 2019, 05:59:34) - [GCC 8.3.0], pyOpenSSL 19.0.0 (OpenSSL 1.1.1d  10 Sep 2019), cryptography 2.8, Platform Linux-3.10.0-1062.1.2.el7.x86_64-x86_64-with-debian-10.2
2019-12-12 03:51:43 [scrapy.crawler] INFO: Overridden settings: {'BOT_NAME': 'spider_tophub', 'DOWNLOAD_DELAY': 1, 'LOG_FILE': 'logs/spider_tophub/tualatrix/439078b81c8e11ea9d990242ac190004.log', 'NEWSPIDER_MODULE': 'spider_tophub.spiders', 'ROBOTSTXT_OBEY': True, 'SPIDER_MODULES': ['spider_tophub.spiders']}
2019-12-12 03:51:43 [scrapy.extensions.telnet] INFO: Telnet Password: 1183a6c8a5c0a435
2019-12-12 03:51:43 [scrapy.middleware] INFO: Enabled extensions:
['scrapy.extensions.corestats.CoreStats',
 'scrapy.extensions.telnet.TelnetConsole',
 'scrapy.extensions.memusage.MemoryUsage',
 'scrapy.extensions.logstats.LogStats']
2019-12-12 03:51:43 [scrapy.middleware] INFO: Enabled downloader middlewares:
['scrapy.downloadermiddlewares.robotstxt.RobotsTxtMiddleware',
 'scrapy.downloadermiddlewares.httpauth.HttpAuthMiddleware',
 'scrapy.downloadermiddlewares.downloadtimeout.DownloadTimeoutMiddleware',
 'scrapy.downloadermiddlewares.defaultheaders.DefaultHeadersMiddleware',
 'scrapy.downloadermiddlewares.useragent.UserAgentMiddleware',
 'scrapy.downloadermiddlewares.retry.RetryMiddleware',
 'scrapy.downloadermiddlewares.redirect.MetaRefreshMiddleware',
 'scrapy.downloadermiddlewares.httpcompression.HttpCompressionMiddleware',
 'scrapy.downloadermiddlewares.redirect.RedirectMiddleware',
 'scrapy.downloadermiddlewares.cookies.CookiesMiddleware',
 'scrapy.downloadermiddlewares.httpproxy.HttpProxyMiddleware',
 'scrapy.downloadermiddlewares.stats.DownloaderStats']
2019-12-12 03:51:43 [scrapy.middleware] INFO: Enabled spider middlewares:
['scrapy.spidermiddlewares.httperror.HttpErrorMiddleware',
 'scrapy.spidermiddlewares.offsite.OffsiteMiddleware',
 'scrapy.spidermiddlewares.referer.RefererMiddleware',
 'scrapy.spidermiddlewares.urllength.UrlLengthMiddleware',
 'scrapy.spidermiddlewares.depth.DepthMiddleware']
2019-12-12 03:51:43 [scrapy.middleware] INFO: Enabled item pipelines:
['spider_tophub.pipelines.MysqlTwistedPipeline']
2019-12-12 03:51:43 [scrapy.core.engine] INFO: Spider opened
2019-12-12 03:51:43 [scrapy.extensions.logstats] INFO: Crawled 0 pages (at 0 pages/min), scraped 0 items (at 0 items/min)
2019-12-12 03:51:43 [scrapy.extensions.telnet] INFO: Telnet console listening on 127.0.0.1:6023
2019-12-12 03:51:44 [scrapy.core.engine] DEBUG: Crawled (404) <GET https://imtx.me/robots.txt> (referer: None)
2019-12-12 03:51:45 [scrapy.core.engine] DEBUG: Crawled (200) <GET https://imtx.me/> (referer: None)
2019-12-12 03:51:45 [scrapy.core.scraper] DEBUG: Scraped from <200 https://imtx.me/>
None
2019-12-12 03:51:45 [scrapy.core.scraper] DEBUG: Scraped from <200 https://imtx.me/>
None
2019-12-12 03:51:45 [scrapy.core.scraper] DEBUG: Scraped from <200 https://imtx.me/>
None
2019-12-12 03:51:45 [scrapy.core.scraper] DEBUG: Scraped from <200 https://imtx.me/>
None
2019-12-12 03:51:45 [scrapy.core.scraper] DEBUG: Scraped from <200 https://imtx.me/>
None
2019-12-12 03:51:45 [scrapy.core.scraper] DEBUG: Scraped from <200 https://imtx.me/>
None
2019-12-12 03:51:45 [scrapy.core.scraper] DEBUG: Scraped from <200 https://imtx.me/>
None
2019-12-12 03:51:45 [scrapy.core.scraper] DEBUG: Scraped from <200 https://imtx.me/>
None
2019-12-12 03:51:45 [scrapy.core.scraper] DEBUG: Scraped from <200 https://imtx.me/>
None
2019-12-12 03:51:45 [scrapy.core.scraper] DEBUG: Scraped from <200 https://imtx.me/>
None
2019-12-12 03:51:45 [scrapy.core.scraper] DEBUG: Scraped from <200 https://imtx.me/>
None
2019-12-12 03:51:45 [scrapy.core.scraper] DEBUG: Scraped from <200 https://imtx.me/>
None
2019-12-12 03:51:45 [scrapy.core.engine] INFO: Closing spider (finished)
2019-12-12 03:51:45 [scrapy.statscollectors] INFO: Dumping Scrapy stats:
{'downloader/request_bytes': 422,
 'downloader/request_count': 2,
 'downloader/request_method_count/GET': 2,
 'downloader/response_bytes': 7084,
 'downloader/response_count': 2,
 'downloader/response_status_count/200': 1,
 'downloader/response_status_count/404': 1,
 'elapsed_time_seconds': 1.321511,
 'finish_reason': 'finished',
 'finish_time': datetime.datetime(2019, 12, 12, 3, 51, 45, 306505),
 'item_scraped_count': 12,
 'log_count/DEBUG': 14,
 'log_count/INFO': 10,
 'memusage/max': 57217024,
 'memusage/startup': 57217024,
 'response_received_count': 2,
 'robotstxt/request_count': 1,
 'robotstxt/response_count': 1,
 'robotstxt/response_status_count/404': 1,
 'scheduler/dequeued': 1,
 'scheduler/dequeued/memory': 1,
 'scheduler/enqueued': 1,
 'scheduler/enqueued/memory': 1,
 'start_time': datetime.datetime(2019, 12, 12, 3, 51, 43, 984994)}
2019-12-12 03:51:45 [scrapy.core.engine] INFO: Spider closed (finished)
2019-12-12 03:51:45 [urllib3.connectionpool] DEBUG: Starting new HTTP connection (1): elasticsearch:9200
2019-12-12 03:51:45 [urllib3.connectionpool] DEBUG: Starting new HTTP connection (1): elasticsearch:9200
2019-12-12 03:51:45 [urllib3.connectionpool] DEBUG: Starting new HTTP connection (1): elasticsearch:9200
2019-12-12 03:51:45 [urllib3.connectionpool] DEBUG: Starting new HTTP connection (1): elasticsearch:9200
2019-12-12 03:51:45 [urllib3.connectionpool] DEBUG: http://elasticsearch:9200 "HEAD /top HTTP/1.1" 200 0
2019-12-12 03:51:45 [elasticsearch] INFO: HEAD http://elasticsearch:9200/top [status:200 request:0.009s]
2019-12-12 03:51:45 [elasticsearch] DEBUG: > None
2019-12-12 03:51:45 [elasticsearch] DEBUG: < 
2019-12-12 03:51:45 [urllib3.connectionpool] DEBUG: http://elasticsearch:9200 "HEAD /top HTTP/1.1" 200 0
2019-12-12 03:51:45 [elasticsearch] INFO: HEAD http://elasticsearch:9200/top [status:200 request:0.011s]
2019-12-12 03:51:45 [elasticsearch] DEBUG: > None
2019-12-12 03:51:45 [elasticsearch] DEBUG: < 
2019-12-12 03:51:45 [urllib3.connectionpool] DEBUG: http://elasticsearch:9200 "HEAD /top HTTP/1.1" 200 0
2019-12-12 03:51:45 [elasticsearch] INFO: HEAD http://elasticsearch:9200/top [status:200 request:0.014s]
2019-12-12 03:51:45 [elasticsearch] DEBUG: > None
2019-12-12 03:51:45 [elasticsearch] DEBUG: < 
2019-12-12 03:51:45 [urllib3.connectionpool] DEBUG: Starting new HTTP connection (1): elasticsearch:9200
2019-12-12 03:51:45 [urllib3.connectionpool] DEBUG: http://elasticsearch:9200 "HEAD /top HTTP/1.1" 200 0
2019-12-12 03:51:45 [elasticsearch] INFO: HEAD http://elasticsearch:9200/top [status:200 request:0.029s]
2019-12-12 03:51:45 [elasticsearch] DEBUG: > None
2019-12-12 03:51:45 [urllib3.connectionpool] DEBUG: http://elasticsearch:9200 "HEAD /top HTTP/1.1" 200 0
2019-12-12 03:51:45 [elasticsearch] INFO: HEAD http://elasticsearch:9200/top [status:200 request:0.012s]
2019-12-12 03:51:45 [elasticsearch] DEBUG: > None
2019-12-12 03:51:45 [elasticsearch] DEBUG: < 
2019-12-12 03:51:45 [elasticsearch] DEBUG: < 
2019-12-12 03:51:45 [urllib3.connectionpool] DEBUG: http://elasticsearch:9200 "POST /top/_doc/1833 HTTP/1.1" 201 158
2019-12-12 03:51:45 [elasticsearch] INFO: POST http://elasticsearch:9200/top/_doc/1833 [status:201 request:0.036s]
2019-12-12 03:51:45 [elasticsearch] DEBUG: > {"title":"关于 MacBook Pro 的持续输出性能和评测方式","description_content":null,"update_at":1576122705289}
2019-12-12 03:51:45 [elasticsearch] DEBUG: < {"_index":"top","_type":"_doc","_id":"1833","_version":1,"result":"created","_shards":{"total":2,"successful":1,"failed":0},"_seq_no":2337,"_primary_term":14}
2019-12-12 03:51:45 [urllib3.connectionpool] DEBUG: Starting new HTTP connection (1): elasticsearch:9200
2019-12-12 03:51:45 [urllib3.connectionpool] DEBUG: http://elasticsearch:9200 "HEAD /top HTTP/1.1" 200 0
2019-12-12 03:51:45 [elasticsearch] INFO: HEAD http://elasticsearch:9200/top [status:200 request:0.009s]
2019-12-12 03:51:45 [elasticsearch] DEBUG: > None
2019-12-12 03:51:45 [elasticsearch] DEBUG: < 
2019-12-12 03:51:45 [urllib3.connectionpool] DEBUG: http://elasticsearch:9200 "POST /top/_doc/1836 HTTP/1.1" 201 158
2019-12-12 03:51:45 [elasticsearch] INFO: POST http://elasticsearch:9200/top/_doc/1836 [status:201 request:0.065s]
2019-12-12 03:51:45 [elasticsearch] DEBUG: > {"title":"使用 jsDelivr 来优化网站访问速度","description_content":null,"update_at":1576122705289}
2019-12-12 03:51:45 [elasticsearch] DEBUG: < {"_index":"top","_type":"_doc","_id":"1836","_version":1,"result":"created","_shards":{"total":2,"successful":1,"failed":0},"_seq_no":2338,"_primary_term":14}
2019-12-12 03:51:45 [urllib3.connectionpool] DEBUG: Starting new HTTP connection (1): elasticsearch:9200
2019-12-12 03:51:45 [urllib3.connectionpool] DEBUG: http://elasticsearch:9200 "HEAD /top HTTP/1.1" 200 0
2019-12-12 03:51:45 [elasticsearch] INFO: HEAD http://elasticsearch:9200/top [status:200 request:0.004s]
2019-12-12 03:51:45 [elasticsearch] DEBUG: > None
2019-12-12 03:51:45 [elasticsearch] DEBUG: < 
2019-12-12 03:51:45 [urllib3.connectionpool] DEBUG: http://elasticsearch:9200 "POST /top/_doc/1834 HTTP/1.1" 201 158
2019-12-12 03:51:45 [elasticsearch] INFO: POST http://elasticsearch:9200/top/_doc/1834 [status:201 request:0.078s]
2019-12-12 03:51:45 [elasticsearch] DEBUG: > {"title":"One Switch 1.8 版本发布：增加「锁定键盘」开关，支持 AirPods Pro","description_content":null,"update_at":1576122705289}
2019-12-12 03:51:45 [elasticsearch] DEBUG: < {"_index":"top","_type":"_doc","_id":"1834","_version":1,"result":"created","_shards":{"total":2,"successful":1,"failed":0},"_seq_no":2339,"_primary_term":14}
2019-12-12 03:51:45 [urllib3.connectionpool] DEBUG: Starting new HTTP connection (1): elasticsearch:9200
2019-12-12 03:51:45 [urllib3.connectionpool] DEBUG: http://elasticsearch:9200 "HEAD /top HTTP/1.1" 200 0
2019-12-12 03:51:45 [elasticsearch] INFO: HEAD http://elasticsearch:9200/top [status:200 request:0.005s]
2019-12-12 03:51:45 [elasticsearch] DEBUG: > None
2019-12-12 03:51:45 [elasticsearch] DEBUG: < 
2019-12-12 03:51:45 [urllib3.connectionpool] DEBUG: http://elasticsearch:9200 "POST /top/_doc/1837 HTTP/1.1" 201 158
2019-12-12 03:51:45 [elasticsearch] INFO: POST http://elasticsearch:9200/top/_doc/1837 [status:201 request:0.079s]
2019-12-12 03:51:45 [elasticsearch] DEBUG: > {"title":"iOS 13.2 为何杀 App 这么频繁以及什么是 Wakeup","description_content":null,"update_at":1576122705289}
2019-12-12 03:51:45 [elasticsearch] DEBUG: < {"_index":"top","_type":"_doc","_id":"1837","_version":1,"result":"created","_shards":{"total":2,"successful":1,"failed":0},"_seq_no":2340,"_primary_term":14}
2019-12-12 03:51:45 [urllib3.connectionpool] DEBUG: Starting new HTTP connection (1): elasticsearch:9200
2019-12-12 03:51:45 [urllib3.connectionpool] DEBUG: http://elasticsearch:9200 "HEAD /top HTTP/1.1" 200 0
2019-12-12 03:51:45 [elasticsearch] INFO: HEAD http://elasticsearch:9200/top [status:200 request:0.004s]
2019-12-12 03:51:45 [elasticsearch] DEBUG: > None
2019-12-12 03:51:45 [elasticsearch] DEBUG: < 
2019-12-12 03:51:45 [urllib3.connectionpool] DEBUG: http://elasticsearch:9200 "POST /top/_doc/1835 HTTP/1.1" 201 158
2019-12-12 03:51:45 [elasticsearch] INFO: POST http://elasticsearch:9200/top/_doc/1835 [status:201 request:0.091s]
2019-12-12 03:51:45 [elasticsearch] DEBUG: > {"title":"在 Ubuntu 18.04 + Nginx 的环境下启用 TLS 1.3","description_content":null,"update_at":1576122705289}
2019-12-12 03:51:45 [elasticsearch] DEBUG: < {"_index":"top","_type":"_doc","_id":"1835","_version":1,"result":"created","_shards":{"total":2,"successful":1,"failed":0},"_seq_no":2341,"_primary_term":14}
2019-12-12 03:51:45 [urllib3.connectionpool] DEBUG: Starting new HTTP connection (1): elasticsearch:9200
2019-12-12 03:51:45 [urllib3.connectionpool] DEBUG: http://elasticsearch:9200 "HEAD /top HTTP/1.1" 200 0
2019-12-12 03:51:45 [elasticsearch] INFO: HEAD http://elasticsearch:9200/top [status:200 request:0.004s]
2019-12-12 03:51:45 [elasticsearch] DEBUG: > None
2019-12-12 03:51:45 [elasticsearch] DEBUG: < 
2019-12-12 03:51:45 [urllib3.connectionpool] DEBUG: http://elasticsearch:9200 "POST /top/_doc/1838 HTTP/1.1" 201 158
2019-12-12 03:51:45 [elasticsearch] INFO: POST http://elasticsearch:9200/top/_doc/1838 [status:201 request:0.067s]
2019-12-12 03:51:45 [elasticsearch] DEBUG: > {"title":"重建 Kernel Extension Cache 以解决 macOS 无法关机或重启的问题","description_content":null,"update_at":1576122705289}
2019-12-12 03:51:45 [elasticsearch] DEBUG: < {"_index":"top","_type":"_doc","_id":"1838","_version":1,"result":"created","_shards":{"total":2,"successful":1,"failed":0},"_seq_no":2342,"_primary_term":14}
2019-12-12 03:51:45 [urllib3.connectionpool] DEBUG: Starting new HTTP connection (1): elasticsearch:9200
2019-12-12 03:51:45 [urllib3.connectionpool] DEBUG: http://elasticsearch:9200 "HEAD /top HTTP/1.1" 200 0
2019-12-12 03:51:45 [elasticsearch] INFO: HEAD http://elasticsearch:9200/top [status:200 request:0.004s]
2019-12-12 03:51:45 [elasticsearch] DEBUG: > None
2019-12-12 03:51:45 [elasticsearch] DEBUG: < 
2019-12-12 03:51:45 [urllib3.connectionpool] DEBUG: http://elasticsearch:9200 "POST /top/_doc/1839 HTTP/1.1" 201 158
2019-12-12 03:51:45 [elasticsearch] INFO: POST http://elasticsearch:9200/top/_doc/1839 [status:201 request:0.064s]
2019-12-12 03:51:45 [elasticsearch] DEBUG: > {"title":"AirPods Pro 开箱体验+不完全评测+疑问解答","description_content":null,"update_at":1576122705289}
2019-12-12 03:51:45 [elasticsearch] DEBUG: < {"_index":"top","_type":"_doc","_id":"1839","_version":1,"result":"created","_shards":{"total":2,"successful":1,"failed":0},"_seq_no":2343,"_primary_term":14}
2019-12-12 03:51:45 [urllib3.connectionpool] DEBUG: Starting new HTTP connection (1): elasticsearch:9200
2019-12-12 03:51:45 [urllib3.connectionpool] DEBUG: http://elasticsearch:9200 "HEAD /top HTTP/1.1" 200 0
2019-12-12 03:51:45 [elasticsearch] INFO: HEAD http://elasticsearch:9200/top [status:200 request:0.013s]
2019-12-12 03:51:45 [elasticsearch] DEBUG: > None
2019-12-12 03:51:45 [elasticsearch] DEBUG: < 
2019-12-12 03:51:45 [urllib3.connectionpool] DEBUG: http://elasticsearch:9200 "POST /top/_doc/1840 HTTP/1.1" 201 158
2019-12-12 03:51:45 [elasticsearch] INFO: POST http://elasticsearch:9200/top/_doc/1840 [status:201 request:0.080s]
2019-12-12 03:51:45 [elasticsearch] DEBUG: > {"title":"奇点近况和后续安排","description_content":null,"update_at":1576122705289}
2019-12-12 03:51:45 [elasticsearch] DEBUG: < {"_index":"top","_type":"_doc","_id":"1840","_version":1,"result":"created","_shards":{"total":2,"successful":1,"failed":0},"_seq_no":2344,"_primary_term":14}
2019-12-12 03:51:45 [urllib3.connectionpool] DEBUG: http://elasticsearch:9200 "POST /top/_doc/1841 HTTP/1.1" 201 158
2019-12-12 03:51:45 [elasticsearch] INFO: POST http://elasticsearch:9200/top/_doc/1841 [status:201 request:0.072s]
2019-12-12 03:51:45 [elasticsearch] DEBUG: > {"title":"决定下架奇点 App 并停止特性类更新","description_content":null,"update_at":1576122705289}
2019-12-12 03:51:45 [elasticsearch] DEBUG: < {"_index":"top","_type":"_doc","_id":"1841","_version":1,"result":"created","_shards":{"total":2,"successful":1,"failed":0},"_seq_no":2345,"_primary_term":14}
2019-12-12 03:51:45 [urllib3.connectionpool] DEBUG: http://elasticsearch:9200 "POST /top/_doc/1842 HTTP/1.1" 201 158
2019-12-12 03:51:45 [elasticsearch] INFO: POST http://elasticsearch:9200/top/_doc/1842 [status:201 request:0.077s]
2019-12-12 03:51:45 [elasticsearch] DEBUG: > {"title":"效率控 1.5：新增 PDF 水印 + 图片水印工具","description_content":null,"update_at":1576122705289}
2019-12-12 03:51:45 [elasticsearch] DEBUG: < {"_index":"top","_type":"_doc","_id":"1842","_version":1,"result":"created","_shards":{"total":2,"successful":1,"failed":0},"_seq_no":2346,"_primary_term":14}
2019-12-12 03:51:45 [urllib3.connectionpool] DEBUG: http://elasticsearch:9200 "POST /top/_doc/1843 HTTP/1.1" 201 158
2019-12-12 03:51:45 [elasticsearch] INFO: POST http://elasticsearch:9200/top/_doc/1843 [status:201 request:0.075s]
2019-12-12 03:51:45 [elasticsearch] DEBUG: > {"title":"在学 SwiftUI 前，谈谈我的想法和对它的期望","description_content":null,"update_at":1576122705289}
2019-12-12 03:51:45 [elasticsearch] DEBUG: < {"_index":"top","_type":"_doc","_id":"1843","_version":1,"result":"created","_shards":{"total":2,"successful":1,"failed":0},"_seq_no":2347,"_primary_term":14}
2019-12-12 03:51:45 [urllib3.connectionpool] DEBUG: http://elasticsearch:9200 "POST /top/_doc/1844 HTTP/1.1" 201 158
2019-12-12 03:51:45 [elasticsearch] INFO: POST http://elasticsearch:9200/top/_doc/1844 [status:201 request:0.058s]
2019-12-12 03:51:45 [elasticsearch] DEBUG: > {"title":"「效率控」正式被 App Store 推荐了","description_content":null,"update_at":1576122705289}
2019-12-12 03:51:45 [elasticsearch] DEBUG: < {"_index":"top","_type":"_doc","_id":"1844","_version":1,"result":"created","_shards":{"total":2,"successful":1,"failed":0},"_seq_no":2348,"_primary_term":14}
