2019-12-12 12:25:28 [scrapy.utils.log] INFO: Scrapy 1.7.4 started (bot: spider_tophub)
2019-12-12 12:25:28 [scrapy.utils.log] INFO: Versions: lxml 4.4.1.0, libxml2 2.9.9, cssselect 1.1.0, parsel 1.5.2, w3lib 1.21.0, Twisted 19.7.0, Python 3.7.5 (default, Nov 23 2019, 05:59:34) - [GCC 8.3.0], pyOpenSSL 19.0.0 (OpenSSL 1.1.1d  10 Sep 2019), cryptography 2.8, Platform Linux-3.10.0-1062.1.2.el7.x86_64-x86_64-with-debian-10.2
2019-12-12 12:25:28 [scrapy.crawler] INFO: Overridden settings: {'BOT_NAME': 'spider_tophub', 'DOWNLOAD_DELAY': 1, 'LOG_FILE': 'logs/spider_tophub/fuliba_zuixin/54b9cb521cda11ea831a0242ac1c0004.log', 'NEWSPIDER_MODULE': 'spider_tophub.spiders', 'ROBOTSTXT_OBEY': True, 'SPIDER_MODULES': ['spider_tophub.spiders'], 'USER_AGENT': 'Mozilla/5.0 (Windows NT 10.0; Win64; x64) AppleWebKit/537.36 (KHTML, like Gecko) Chrome/77.0.3865.120 Safari/537.36'}
2019-12-12 12:25:28 [scrapy.extensions.telnet] INFO: Telnet Password: d2c9e349a76cf1e4
2019-12-12 12:25:28 [scrapy.middleware] INFO: Enabled extensions:
['scrapy.extensions.corestats.CoreStats',
 'scrapy.extensions.telnet.TelnetConsole',
 'scrapy.extensions.memusage.MemoryUsage',
 'scrapy.extensions.logstats.LogStats']
2019-12-12 12:25:28 [scrapy.middleware] INFO: Enabled downloader middlewares:
['scrapy.downloadermiddlewares.robotstxt.RobotsTxtMiddleware',
 'scrapy.downloadermiddlewares.httpauth.HttpAuthMiddleware',
 'scrapy.downloadermiddlewares.downloadtimeout.DownloadTimeoutMiddleware',
 'scrapy.downloadermiddlewares.defaultheaders.DefaultHeadersMiddleware',
 'scrapy.downloadermiddlewares.useragent.UserAgentMiddleware',
 'scrapy.downloadermiddlewares.retry.RetryMiddleware',
 'scrapy.downloadermiddlewares.redirect.MetaRefreshMiddleware',
 'scrapy.downloadermiddlewares.httpcompression.HttpCompressionMiddleware',
 'scrapy.downloadermiddlewares.redirect.RedirectMiddleware',
 'scrapy.downloadermiddlewares.cookies.CookiesMiddleware',
 'scrapy.downloadermiddlewares.httpproxy.HttpProxyMiddleware',
 'scrapy.downloadermiddlewares.stats.DownloaderStats']
2019-12-12 12:25:28 [scrapy.middleware] INFO: Enabled spider middlewares:
['scrapy.spidermiddlewares.httperror.HttpErrorMiddleware',
 'scrapy.spidermiddlewares.offsite.OffsiteMiddleware',
 'scrapy.spidermiddlewares.referer.RefererMiddleware',
 'scrapy.spidermiddlewares.urllength.UrlLengthMiddleware',
 'scrapy.spidermiddlewares.depth.DepthMiddleware']
2019-12-12 12:25:28 [scrapy.middleware] INFO: Enabled item pipelines:
['spider_tophub.pipelines.MysqlTwistedPipeline']
2019-12-12 12:25:28 [scrapy.core.engine] INFO: Spider opened
2019-12-12 12:25:28 [scrapy.extensions.logstats] INFO: Crawled 0 pages (at 0 pages/min), scraped 0 items (at 0 items/min)
2019-12-12 12:25:28 [py.warnings] WARNING: /usr/local/lib/python3.7/site-packages/scrapy/spidermiddlewares/offsite.py:61: URLWarning: allowed_domains accepts only domains, not URLs. Ignoring URL entry https://fulibus.net in allowed_domains.
  warnings.warn(message, URLWarning)

2019-12-12 12:25:28 [scrapy.extensions.telnet] INFO: Telnet console listening on 127.0.0.1:6024
2019-12-12 12:25:29 [scrapy.core.engine] DEBUG: Crawled (200) <GET https://fulibus.net/robots.txt> (referer: None)
2019-12-12 12:25:30 [scrapy.core.engine] DEBUG: Crawled (200) <GET https://fulibus.net/feed> (referer: None)
2019-12-12 12:25:30 [scrapy.core.scraper] DEBUG: Scraped from <200 https://fulibus.net/feed>
None
2019-12-12 12:25:30 [scrapy.core.scraper] DEBUG: Scraped from <200 https://fulibus.net/feed>
None
2019-12-12 12:25:30 [scrapy.core.scraper] DEBUG: Scraped from <200 https://fulibus.net/feed>
None
2019-12-12 12:25:30 [scrapy.core.scraper] DEBUG: Scraped from <200 https://fulibus.net/feed>
None
2019-12-12 12:25:30 [scrapy.core.scraper] DEBUG: Scraped from <200 https://fulibus.net/feed>
None
2019-12-12 12:25:30 [scrapy.core.scraper] DEBUG: Scraped from <200 https://fulibus.net/feed>
None
2019-12-12 12:25:30 [scrapy.core.scraper] DEBUG: Scraped from <200 https://fulibus.net/feed>
None
2019-12-12 12:25:30 [scrapy.core.scraper] DEBUG: Scraped from <200 https://fulibus.net/feed>
None
2019-12-12 12:25:30 [scrapy.core.scraper] DEBUG: Scraped from <200 https://fulibus.net/feed>
None
2019-12-12 12:25:30 [scrapy.core.scraper] DEBUG: Scraped from <200 https://fulibus.net/feed>
None
2019-12-12 12:25:30 [scrapy.core.engine] INFO: Closing spider (finished)
2019-12-12 12:25:30 [scrapy.statscollectors] INFO: Dumping Scrapy stats:
{'downloader/request_bytes': 596,
 'downloader/request_count': 2,
 'downloader/request_method_count/GET': 2,
 'downloader/response_bytes': 90239,
 'downloader/response_count': 2,
 'downloader/response_status_count/200': 2,
 'elapsed_time_seconds': 1.583,
 'finish_reason': 'finished',
 'finish_time': datetime.datetime(2019, 12, 12, 12, 25, 30, 485277),
 'item_scraped_count': 10,
 'log_count/DEBUG': 12,
 'log_count/INFO': 10,
 'log_count/WARNING': 1,
 'memusage/max': 57249792,
 'memusage/startup': 57249792,
 'response_received_count': 2,
 'robotstxt/request_count': 1,
 'robotstxt/response_count': 1,
 'robotstxt/response_status_count/200': 1,
 'scheduler/dequeued': 1,
 'scheduler/dequeued/memory': 1,
 'scheduler/enqueued': 1,
 'scheduler/enqueued/memory': 1,
 'start_time': datetime.datetime(2019, 12, 12, 12, 25, 28, 902277)}
2019-12-12 12:25:30 [scrapy.core.engine] INFO: Spider closed (finished)
2019-12-12 12:25:30 [urllib3.connectionpool] DEBUG: Starting new HTTP connection (1): elasticsearch:9200
2019-12-12 12:25:30 [urllib3.connectionpool] DEBUG: Starting new HTTP connection (1): elasticsearch:9200
2019-12-12 12:25:30 [urllib3.connectionpool] DEBUG: Starting new HTTP connection (1): elasticsearch:9200
2019-12-12 12:25:30 [urllib3.connectionpool] DEBUG: Starting new HTTP connection (1): elasticsearch:9200
2019-12-12 12:25:30 [urllib3.connectionpool] DEBUG: http://elasticsearch:9200 "HEAD /top HTTP/1.1" 200 0
2019-12-12 12:25:30 [elasticsearch] INFO: HEAD http://elasticsearch:9200/top [status:200 request:0.007s]
2019-12-12 12:25:30 [elasticsearch] DEBUG: > None
2019-12-12 12:25:30 [elasticsearch] DEBUG: < 
2019-12-12 12:25:30 [urllib3.connectionpool] DEBUG: http://elasticsearch:9200 "HEAD /top HTTP/1.1" 200 0
2019-12-12 12:25:30 [elasticsearch] INFO: HEAD http://elasticsearch:9200/top [status:200 request:0.008s]
2019-12-12 12:25:30 [elasticsearch] DEBUG: > None
2019-12-12 12:25:30 [elasticsearch] DEBUG: < 
2019-12-12 12:25:30 [urllib3.connectionpool] DEBUG: http://elasticsearch:9200 "HEAD /top HTTP/1.1" 200 0
2019-12-12 12:25:30 [elasticsearch] INFO: HEAD http://elasticsearch:9200/top [status:200 request:0.010s]
2019-12-12 12:25:30 [elasticsearch] DEBUG: > None
2019-12-12 12:25:30 [elasticsearch] DEBUG: < 
2019-12-12 12:25:30 [urllib3.connectionpool] DEBUG: http://elasticsearch:9200 "HEAD /top HTTP/1.1" 200 0
2019-12-12 12:25:30 [elasticsearch] INFO: HEAD http://elasticsearch:9200/top [status:200 request:0.008s]
2019-12-12 12:25:30 [elasticsearch] DEBUG: > None
2019-12-12 12:25:30 [elasticsearch] DEBUG: < 
2019-12-12 12:25:30 [urllib3.connectionpool] DEBUG: Starting new HTTP connection (1): elasticsearch:9200
2019-12-12 12:25:30 [urllib3.connectionpool] DEBUG: http://elasticsearch:9200 "HEAD /top HTTP/1.1" 200 0
2019-12-12 12:25:30 [elasticsearch] INFO: HEAD http://elasticsearch:9200/top [status:200 request:0.002s]
2019-12-12 12:25:30 [elasticsearch] DEBUG: > None
2019-12-12 12:25:30 [elasticsearch] DEBUG: < 
2019-12-12 12:25:30 [urllib3.connectionpool] DEBUG: http://elasticsearch:9200 "POST /top/_doc/4365 HTTP/1.1" 200 159
2019-12-12 12:25:30 [elasticsearch] INFO: POST http://elasticsearch:9200/top/_doc/4365 [status:200 request:0.008s]
2019-12-12 12:25:30 [elasticsearch] DEBUG: > {"title":"2019福利汇总第170期：双十二","description_content":"福利汇总","update_at":1576153530470}
2019-12-12 12:25:30 [elasticsearch] DEBUG: < {"_index":"top","_type":"_doc","_id":"4365","_version":12,"result":"updated","_shards":{"total":2,"successful":1,"failed":0},"_seq_no":91431,"_primary_term":1}
2019-12-12 12:25:30 [urllib3.connectionpool] DEBUG: http://elasticsearch:9200 "POST /top/_doc/3061 HTTP/1.1" 200 159
2019-12-12 12:25:30 [elasticsearch] INFO: POST http://elasticsearch:9200/top/_doc/3061 [status:200 request:0.014s]
2019-12-12 12:25:30 [elasticsearch] DEBUG: > {"title":"著名减压网站P站2019年度总结","description_content":"福利吧","update_at":1576153530470}
2019-12-12 12:25:30 [elasticsearch] DEBUG: < {"_index":"top","_type":"_doc","_id":"3061","_version":20,"result":"updated","_shards":{"total":2,"successful":1,"failed":0},"_seq_no":91432,"_primary_term":1}
2019-12-12 12:25:30 [urllib3.connectionpool] DEBUG: Starting new HTTP connection (1): elasticsearch:9200
2019-12-12 12:25:30 [urllib3.connectionpool] DEBUG: http://elasticsearch:9200 "HEAD /top HTTP/1.1" 200 0
2019-12-12 12:25:30 [elasticsearch] INFO: HEAD http://elasticsearch:9200/top [status:200 request:0.002s]
2019-12-12 12:25:30 [elasticsearch] DEBUG: > None
2019-12-12 12:25:30 [elasticsearch] DEBUG: < 
2019-12-12 12:25:30 [urllib3.connectionpool] DEBUG: http://elasticsearch:9200 "POST /top/_doc/3062 HTTP/1.1" 200 159
2019-12-12 12:25:30 [elasticsearch] INFO: POST http://elasticsearch:9200/top/_doc/3062 [status:200 request:0.019s]
2019-12-12 12:25:30 [elasticsearch] DEBUG: > {"title":"淘宝精选商品汇总，12月12日20点更新","description_content":"购物网赚","update_at":1576153530470}
2019-12-12 12:25:30 [elasticsearch] DEBUG: < {"_index":"top","_type":"_doc","_id":"3062","_version":20,"result":"updated","_shards":{"total":2,"successful":1,"failed":0},"_seq_no":91433,"_primary_term":1}
2019-12-12 12:25:30 [urllib3.connectionpool] DEBUG: Starting new HTTP connection (1): elasticsearch:9200
2019-12-12 12:25:30 [urllib3.connectionpool] DEBUG: http://elasticsearch:9200 "HEAD /top HTTP/1.1" 200 0
2019-12-12 12:25:30 [elasticsearch] INFO: HEAD http://elasticsearch:9200/top [status:200 request:0.002s]
2019-12-12 12:25:30 [elasticsearch] DEBUG: > None
2019-12-12 12:25:30 [elasticsearch] DEBUG: < 
2019-12-12 12:25:30 [urllib3.connectionpool] DEBUG: http://elasticsearch:9200 "POST /top/_doc/3063 HTTP/1.1" 200 159
2019-12-12 12:25:30 [elasticsearch] INFO: POST http://elasticsearch:9200/top/_doc/3063 [status:200 request:0.027s]
2019-12-12 12:25:30 [elasticsearch] DEBUG: > {"title":"淘宝双十二瓜分亿万红包，最高1212元！双十二当天14点起最低3元","description_content":"福利吧","update_at":1576153530470}
2019-12-12 12:25:30 [elasticsearch] DEBUG: < {"_index":"top","_type":"_doc","_id":"3063","_version":20,"result":"updated","_shards":{"total":2,"successful":1,"failed":0},"_seq_no":91434,"_primary_term":1}
2019-12-12 12:25:30 [urllib3.connectionpool] DEBUG: Starting new HTTP connection (1): elasticsearch:9200
2019-12-12 12:25:30 [urllib3.connectionpool] DEBUG: http://elasticsearch:9200 "HEAD /top HTTP/1.1" 200 0
2019-12-12 12:25:30 [elasticsearch] INFO: HEAD http://elasticsearch:9200/top [status:200 request:0.004s]
2019-12-12 12:25:30 [elasticsearch] DEBUG: > None
2019-12-12 12:25:30 [elasticsearch] DEBUG: < 
2019-12-12 12:25:30 [urllib3.connectionpool] DEBUG: http://elasticsearch:9200 "POST /top/_doc/3064 HTTP/1.1" 200 159
2019-12-12 12:25:30 [elasticsearch] INFO: POST http://elasticsearch:9200/top/_doc/3064 [status:200 request:0.027s]
2019-12-12 12:25:30 [elasticsearch] DEBUG: > {"title":"全身肌肉的白衣天使，这种身材能接受不","description_content":"福利吧","update_at":1576153530470}
2019-12-12 12:25:30 [elasticsearch] DEBUG: < {"_index":"top","_type":"_doc","_id":"3064","_version":20,"result":"updated","_shards":{"total":2,"successful":1,"failed":0},"_seq_no":91435,"_primary_term":1}
2019-12-12 12:25:30 [urllib3.connectionpool] DEBUG: Starting new HTTP connection (1): elasticsearch:9200
2019-12-12 12:25:30 [urllib3.connectionpool] DEBUG: http://elasticsearch:9200 "HEAD /top HTTP/1.1" 200 0
2019-12-12 12:25:30 [elasticsearch] INFO: HEAD http://elasticsearch:9200/top [status:200 request:0.002s]
2019-12-12 12:25:30 [elasticsearch] DEBUG: > None
2019-12-12 12:25:30 [elasticsearch] DEBUG: < 
2019-12-12 12:25:30 [urllib3.connectionpool] DEBUG: http://elasticsearch:9200 "POST /top/_doc/3065 HTTP/1.1" 200 159
2019-12-12 12:25:30 [elasticsearch] INFO: POST http://elasticsearch:9200/top/_doc/3065 [status:200 request:0.024s]
2019-12-12 12:25:30 [elasticsearch] DEBUG: > {"title":"双十二影视会员促销活动，优酷/爱奇艺/腾讯视频/网易云音乐/115网盘/喜马拉雅/芒果TV","description_content":"福利吧","update_at":1576153530470}
2019-12-12 12:25:30 [elasticsearch] DEBUG: < {"_index":"top","_type":"_doc","_id":"3065","_version":20,"result":"updated","_shards":{"total":2,"successful":1,"failed":0},"_seq_no":91436,"_primary_term":1}
2019-12-12 12:25:30 [urllib3.connectionpool] DEBUG: Starting new HTTP connection (1): elasticsearch:9200
2019-12-12 12:25:30 [urllib3.connectionpool] DEBUG: http://elasticsearch:9200 "HEAD /top HTTP/1.1" 200 0
2019-12-12 12:25:30 [elasticsearch] INFO: HEAD http://elasticsearch:9200/top [status:200 request:0.002s]
2019-12-12 12:25:30 [elasticsearch] DEBUG: > None
2019-12-12 12:25:30 [elasticsearch] DEBUG: < 
2019-12-12 12:25:30 [urllib3.connectionpool] DEBUG: http://elasticsearch:9200 "POST /top/_doc/3066 HTTP/1.1" 200 159
2019-12-12 12:25:30 [elasticsearch] INFO: POST http://elasticsearch:9200/top/_doc/3066 [status:200 request:0.022s]
2019-12-12 12:25:30 [elasticsearch] DEBUG: > {"title":"绿帽党的福音，游戏《绿帽模拟器》本月上架STEAM","description_content":"福利吧","update_at":1576153530470}
2019-12-12 12:25:30 [elasticsearch] DEBUG: < {"_index":"top","_type":"_doc","_id":"3066","_version":20,"result":"updated","_shards":{"total":2,"successful":1,"failed":0},"_seq_no":91437,"_primary_term":1}
2019-12-12 12:25:30 [urllib3.connectionpool] DEBUG: http://elasticsearch:9200 "POST /top/_doc/3067 HTTP/1.1" 200 159
2019-12-12 12:25:30 [elasticsearch] INFO: POST http://elasticsearch:9200/top/_doc/3067 [status:200 request:0.020s]
2019-12-12 12:25:30 [elasticsearch] DEBUG: > {"title":"推荐一下本站的两个购物网站","description_content":"购物网赚","update_at":1576153530470}
2019-12-12 12:25:30 [elasticsearch] DEBUG: < {"_index":"top","_type":"_doc","_id":"3067","_version":20,"result":"updated","_shards":{"total":2,"successful":1,"failed":0},"_seq_no":91438,"_primary_term":1}
2019-12-12 12:25:30 [urllib3.connectionpool] DEBUG: http://elasticsearch:9200 "POST /top/_doc/3068 HTTP/1.1" 200 159
2019-12-12 12:25:30 [elasticsearch] INFO: POST http://elasticsearch:9200/top/_doc/3068 [status:200 request:0.018s]
2019-12-12 12:25:30 [elasticsearch] DEBUG: > {"title":"台湾SWAG主播“吴梦梦”下海拍电影，台湾腔讲话另类体验","description_content":"好孩子kan不见","update_at":1576153530470}
2019-12-12 12:25:30 [elasticsearch] DEBUG: < {"_index":"top","_type":"_doc","_id":"3068","_version":20,"result":"updated","_shards":{"total":2,"successful":1,"failed":0},"_seq_no":91439,"_primary_term":1}
2019-12-12 12:25:30 [urllib3.connectionpool] DEBUG: http://elasticsearch:9200 "POST /top/_doc/3069 HTTP/1.1" 200 159
2019-12-12 12:25:30 [elasticsearch] INFO: POST http://elasticsearch:9200/top/_doc/3069 [status:200 request:0.019s]
2019-12-12 12:25:30 [elasticsearch] DEBUG: > {"title":"2019福利汇总第169期：好几年","description_content":"福利汇总","update_at":1576153530470}
2019-12-12 12:25:30 [elasticsearch] DEBUG: < {"_index":"top","_type":"_doc","_id":"3069","_version":20,"result":"updated","_shards":{"total":2,"successful":1,"failed":0},"_seq_no":91440,"_primary_term":1}
