2019-12-12 03:22:59 [scrapy.utils.log] INFO: Scrapy 1.7.4 started (bot: spider_tophub)
2019-12-12 03:22:59 [scrapy.utils.log] INFO: Versions: lxml 4.4.1.0, libxml2 2.9.9, cssselect 1.1.0, parsel 1.5.2, w3lib 1.21.0, Twisted 19.7.0, Python 3.7.5 (default, Nov 23 2019, 05:59:34) - [GCC 8.3.0], pyOpenSSL 19.0.0 (OpenSSL 1.1.1d  10 Sep 2019), cryptography 2.8, Platform Linux-3.10.0-1062.1.2.el7.x86_64-x86_64-with-debian-10.2
2019-12-12 03:22:59 [scrapy.crawler] INFO: Overridden settings: {'BOT_NAME': 'spider_tophub', 'DOWNLOAD_DELAY': 1, 'LOG_FILE': 'logs/spider_tophub/est/433c847e1c8e11ea9d990242ac190004.log', 'NEWSPIDER_MODULE': 'spider_tophub.spiders', 'SPIDER_MODULES': ['spider_tophub.spiders'], 'USER_AGENT': 'Mozilla/5.0 (Windows NT 10.0; Win64; x64) AppleWebKit/537.36 (KHTML, like Gecko) Chrome/77.0.3865.120 Safari/537.36'}
2019-12-12 03:22:59 [scrapy.extensions.telnet] INFO: Telnet Password: 28d37c3a3ba6946a
2019-12-12 03:22:59 [scrapy.middleware] INFO: Enabled extensions:
['scrapy.extensions.corestats.CoreStats',
 'scrapy.extensions.telnet.TelnetConsole',
 'scrapy.extensions.memusage.MemoryUsage',
 'scrapy.extensions.logstats.LogStats']
2019-12-12 03:22:59 [scrapy.middleware] INFO: Enabled downloader middlewares:
['scrapy.downloadermiddlewares.httpauth.HttpAuthMiddleware',
 'scrapy.downloadermiddlewares.downloadtimeout.DownloadTimeoutMiddleware',
 'scrapy.downloadermiddlewares.defaultheaders.DefaultHeadersMiddleware',
 'scrapy.downloadermiddlewares.useragent.UserAgentMiddleware',
 'scrapy.downloadermiddlewares.retry.RetryMiddleware',
 'scrapy.downloadermiddlewares.redirect.MetaRefreshMiddleware',
 'scrapy.downloadermiddlewares.httpcompression.HttpCompressionMiddleware',
 'scrapy.downloadermiddlewares.redirect.RedirectMiddleware',
 'scrapy.downloadermiddlewares.cookies.CookiesMiddleware',
 'scrapy.downloadermiddlewares.httpproxy.HttpProxyMiddleware',
 'scrapy.downloadermiddlewares.stats.DownloaderStats']
2019-12-12 03:22:59 [scrapy.middleware] INFO: Enabled spider middlewares:
['scrapy.spidermiddlewares.httperror.HttpErrorMiddleware',
 'scrapy.spidermiddlewares.offsite.OffsiteMiddleware',
 'scrapy.spidermiddlewares.referer.RefererMiddleware',
 'scrapy.spidermiddlewares.urllength.UrlLengthMiddleware',
 'scrapy.spidermiddlewares.depth.DepthMiddleware']
2019-12-12 03:22:59 [scrapy.middleware] INFO: Enabled item pipelines:
['spider_tophub.pipelines.MysqlTwistedPipeline']
2019-12-12 03:22:59 [scrapy.core.engine] INFO: Spider opened
2019-12-12 03:22:59 [scrapy.extensions.logstats] INFO: Crawled 0 pages (at 0 pages/min), scraped 0 items (at 0 items/min)
2019-12-12 03:22:59 [scrapy.extensions.telnet] INFO: Telnet console listening on 127.0.0.1:6025
2019-12-12 03:23:00 [scrapy.core.engine] DEBUG: Crawled (200) <GET https://blog.est.im/> (referer: None)
2019-12-12 03:23:00 [scrapy.core.scraper] DEBUG: Scraped from <200 https://blog.est.im/>
None
2019-12-12 03:23:00 [scrapy.core.scraper] DEBUG: Scraped from <200 https://blog.est.im/>
None
2019-12-12 03:23:00 [scrapy.core.scraper] DEBUG: Scraped from <200 https://blog.est.im/>
None
2019-12-12 03:23:00 [scrapy.core.scraper] DEBUG: Scraped from <200 https://blog.est.im/>
None
2019-12-12 03:23:00 [scrapy.core.scraper] DEBUG: Scraped from <200 https://blog.est.im/>
None
2019-12-12 03:23:00 [scrapy.core.scraper] DEBUG: Scraped from <200 https://blog.est.im/>
None
2019-12-12 03:23:00 [scrapy.core.scraper] DEBUG: Scraped from <200 https://blog.est.im/>
None
2019-12-12 03:23:00 [scrapy.core.scraper] DEBUG: Scraped from <200 https://blog.est.im/>
None
2019-12-12 03:23:00 [scrapy.core.scraper] DEBUG: Scraped from <200 https://blog.est.im/>
None
2019-12-12 03:23:00 [scrapy.core.scraper] DEBUG: Scraped from <200 https://blog.est.im/>
None
2019-12-12 03:23:00 [scrapy.core.scraper] DEBUG: Scraped from <200 https://blog.est.im/>
None
2019-12-12 03:23:00 [scrapy.core.scraper] DEBUG: Scraped from <200 https://blog.est.im/>
None
2019-12-12 03:23:00 [scrapy.core.scraper] DEBUG: Scraped from <200 https://blog.est.im/>
None
2019-12-12 03:23:00 [scrapy.core.scraper] DEBUG: Scraped from <200 https://blog.est.im/>
None
2019-12-12 03:23:00 [scrapy.core.scraper] DEBUG: Scraped from <200 https://blog.est.im/>
None
2019-12-12 03:23:00 [scrapy.core.scraper] DEBUG: Scraped from <200 https://blog.est.im/>
None
2019-12-12 03:23:00 [scrapy.core.scraper] DEBUG: Scraped from <200 https://blog.est.im/>
None
2019-12-12 03:23:00 [scrapy.core.scraper] DEBUG: Scraped from <200 https://blog.est.im/>
None
2019-12-12 03:23:00 [scrapy.core.scraper] DEBUG: Scraped from <200 https://blog.est.im/>
None
2019-12-12 03:23:00 [scrapy.core.scraper] DEBUG: Scraped from <200 https://blog.est.im/>
None
2019-12-12 03:23:00 [scrapy.core.engine] INFO: Closing spider (finished)
2019-12-12 03:23:00 [scrapy.statscollectors] INFO: Dumping Scrapy stats:
{'downloader/request_bytes': 291,
 'downloader/request_count': 1,
 'downloader/request_method_count/GET': 1,
 'downloader/response_bytes': 11951,
 'downloader/response_count': 1,
 'downloader/response_status_count/200': 1,
 'elapsed_time_seconds': 1.599887,
 'finish_reason': 'finished',
 'finish_time': datetime.datetime(2019, 12, 12, 3, 23, 0, 930415),
 'item_scraped_count': 20,
 'log_count/DEBUG': 21,
 'log_count/INFO': 10,
 'memusage/max': 57212928,
 'memusage/startup': 57212928,
 'response_received_count': 1,
 'scheduler/dequeued': 1,
 'scheduler/dequeued/memory': 1,
 'scheduler/enqueued': 1,
 'scheduler/enqueued/memory': 1,
 'start_time': datetime.datetime(2019, 12, 12, 3, 22, 59, 330528)}
2019-12-12 03:23:00 [scrapy.core.engine] INFO: Spider closed (finished)
2019-12-12 03:23:00 [urllib3.connectionpool] DEBUG: Starting new HTTP connection (1): elasticsearch:9200
2019-12-12 03:23:00 [urllib3.connectionpool] DEBUG: Starting new HTTP connection (1): elasticsearch:9200
2019-12-12 03:23:00 [urllib3.connectionpool] DEBUG: Starting new HTTP connection (1): elasticsearch:9200
2019-12-12 03:23:00 [urllib3.connectionpool] DEBUG: Starting new HTTP connection (1): elasticsearch:9200
2019-12-12 03:23:00 [urllib3.connectionpool] DEBUG: http://elasticsearch:9200 "HEAD /top HTTP/1.1" 200 0
2019-12-12 03:23:00 [elasticsearch] INFO: HEAD http://elasticsearch:9200/top [status:200 request:0.008s]
2019-12-12 03:23:00 [elasticsearch] DEBUG: > None
2019-12-12 03:23:00 [elasticsearch] DEBUG: < 
2019-12-12 03:23:00 [urllib3.connectionpool] DEBUG: http://elasticsearch:9200 "HEAD /top HTTP/1.1" 200 0
2019-12-12 03:23:00 [elasticsearch] INFO: HEAD http://elasticsearch:9200/top [status:200 request:0.009s]
2019-12-12 03:23:00 [elasticsearch] DEBUG: > None
2019-12-12 03:23:00 [elasticsearch] DEBUG: < 
2019-12-12 03:23:00 [urllib3.connectionpool] DEBUG: http://elasticsearch:9200 "HEAD /top HTTP/1.1" 200 0
2019-12-12 03:23:00 [elasticsearch] INFO: HEAD http://elasticsearch:9200/top [status:200 request:0.011s]
2019-12-12 03:23:00 [elasticsearch] DEBUG: > None
2019-12-12 03:23:00 [elasticsearch] DEBUG: < 
2019-12-12 03:23:00 [urllib3.connectionpool] DEBUG: http://elasticsearch:9200 "HEAD /top HTTP/1.1" 200 0
2019-12-12 03:23:00 [elasticsearch] INFO: HEAD http://elasticsearch:9200/top [status:200 request:0.008s]
2019-12-12 03:23:00 [elasticsearch] DEBUG: > None
2019-12-12 03:23:00 [elasticsearch] DEBUG: < 
2019-12-12 03:23:00 [urllib3.connectionpool] DEBUG: Starting new HTTP connection (1): elasticsearch:9200
2019-12-12 03:23:00 [urllib3.connectionpool] DEBUG: http://elasticsearch:9200 "HEAD /top HTTP/1.1" 200 0
2019-12-12 03:23:00 [elasticsearch] INFO: HEAD http://elasticsearch:9200/top [status:200 request:0.002s]
2019-12-12 03:23:00 [elasticsearch] DEBUG: > None
2019-12-12 03:23:00 [elasticsearch] DEBUG: < 
2019-12-12 03:23:00 [urllib3.connectionpool] DEBUG: http://elasticsearch:9200 "POST /top/_doc/710 HTTP/1.1" 201 157
2019-12-12 03:23:00 [elasticsearch] INFO: POST http://elasticsearch:9200/top/_doc/710 [status:201 request:0.012s]
2019-12-12 03:23:00 [elasticsearch] DEBUG: > {"title":"公司文化的三种类型","description_content":null,"update_at":1576120980910}
2019-12-12 03:23:00 [elasticsearch] DEBUG: < {"_index":"top","_type":"_doc","_id":"710","_version":1,"result":"created","_shards":{"total":2,"successful":1,"failed":0},"_seq_no":1294,"_primary_term":10}
2019-12-12 03:23:00 [urllib3.connectionpool] DEBUG: http://elasticsearch:9200 "POST /top/_doc/713 HTTP/1.1" 201 157
2019-12-12 03:23:00 [elasticsearch] INFO: POST http://elasticsearch:9200/top/_doc/713 [status:201 request:0.017s]
2019-12-12 03:23:00 [elasticsearch] DEBUG: > {"title":"一些重要问题的答案 Important Why's","description_content":null,"update_at":1576120980910}
2019-12-12 03:23:00 [elasticsearch] DEBUG: < {"_index":"top","_type":"_doc","_id":"713","_version":1,"result":"created","_shards":{"total":2,"successful":1,"failed":0},"_seq_no":1295,"_primary_term":10}
2019-12-12 03:23:00 [urllib3.connectionpool] DEBUG: Starting new HTTP connection (1): elasticsearch:9200
2019-12-12 03:23:00 [urllib3.connectionpool] DEBUG: http://elasticsearch:9200 "HEAD /top HTTP/1.1" 200 0
2019-12-12 03:23:00 [elasticsearch] INFO: HEAD http://elasticsearch:9200/top [status:200 request:0.005s]
2019-12-12 03:23:00 [elasticsearch] DEBUG: > None
2019-12-12 03:23:00 [elasticsearch] DEBUG: < 
2019-12-12 03:23:00 [urllib3.connectionpool] DEBUG: Starting new HTTP connection (1): elasticsearch:9200
2019-12-12 03:23:00 [urllib3.connectionpool] DEBUG: http://elasticsearch:9200 "HEAD /top HTTP/1.1" 200 0
2019-12-12 03:23:00 [elasticsearch] INFO: HEAD http://elasticsearch:9200/top [status:200 request:0.003s]
2019-12-12 03:23:00 [elasticsearch] DEBUG: > None
2019-12-12 03:23:00 [elasticsearch] DEBUG: < 
2019-12-12 03:23:00 [urllib3.connectionpool] DEBUG: http://elasticsearch:9200 "POST /top/_doc/711 HTTP/1.1" 201 157
2019-12-12 03:23:00 [elasticsearch] INFO: POST http://elasticsearch:9200/top/_doc/711 [status:201 request:0.034s]
2019-12-12 03:23:00 [elasticsearch] DEBUG: > {"title":"出纳会计 和 华为 HR","description_content":null,"update_at":1576120980910}
2019-12-12 03:23:00 [elasticsearch] DEBUG: < {"_index":"top","_type":"_doc","_id":"711","_version":1,"result":"created","_shards":{"total":2,"successful":1,"failed":0},"_seq_no":1296,"_primary_term":10}
2019-12-12 03:23:00 [urllib3.connectionpool] DEBUG: Starting new HTTP connection (1): elasticsearch:9200
2019-12-12 03:23:00 [urllib3.connectionpool] DEBUG: http://elasticsearch:9200 "HEAD /top HTTP/1.1" 200 0
2019-12-12 03:23:00 [elasticsearch] INFO: HEAD http://elasticsearch:9200/top [status:200 request:0.003s]
2019-12-12 03:23:00 [elasticsearch] DEBUG: > None
2019-12-12 03:23:00 [elasticsearch] DEBUG: < 
2019-12-12 03:23:00 [urllib3.connectionpool] DEBUG: http://elasticsearch:9200 "POST /top/_doc/712 HTTP/1.1" 201 157
2019-12-12 03:23:00 [elasticsearch] INFO: POST http://elasticsearch:9200/top/_doc/712 [status:201 request:0.041s]
2019-12-12 03:23:00 [elasticsearch] DEBUG: > {"title":"Fix Paladins stuck at Completing Login","description_content":null,"update_at":1576120980910}
2019-12-12 03:23:00 [elasticsearch] DEBUG: < {"_index":"top","_type":"_doc","_id":"712","_version":1,"result":"created","_shards":{"total":2,"successful":1,"failed":0},"_seq_no":1297,"_primary_term":10}
2019-12-12 03:23:00 [urllib3.connectionpool] DEBUG: http://elasticsearch:9200 "POST /top/_doc/714 HTTP/1.1" 201 157
2019-12-12 03:23:00 [elasticsearch] INFO: POST http://elasticsearch:9200/top/_doc/714 [status:201 request:0.040s]
2019-12-12 03:23:00 [elasticsearch] DEBUG: > {"title":"Open Source projects Chinese companies and individuals contributed to","description_content":null,"update_at":1576120980910}
2019-12-12 03:23:00 [elasticsearch] DEBUG: < {"_index":"top","_type":"_doc","_id":"714","_version":1,"result":"created","_shards":{"total":2,"successful":1,"failed":0},"_seq_no":1298,"_primary_term":10}
2019-12-12 03:23:01 [urllib3.connectionpool] DEBUG: Starting new HTTP connection (1): elasticsearch:9200
2019-12-12 03:23:01 [urllib3.connectionpool] DEBUG: http://elasticsearch:9200 "HEAD /top HTTP/1.1" 200 0
2019-12-12 03:23:01 [elasticsearch] INFO: HEAD http://elasticsearch:9200/top [status:200 request:0.003s]
2019-12-12 03:23:01 [elasticsearch] DEBUG: > None
2019-12-12 03:23:01 [elasticsearch] DEBUG: < 
2019-12-12 03:23:01 [urllib3.connectionpool] DEBUG: http://elasticsearch:9200 "POST /top/_doc/715 HTTP/1.1" 201 157
2019-12-12 03:23:01 [elasticsearch] INFO: POST http://elasticsearch:9200/top/_doc/715 [status:201 request:0.036s]
2019-12-12 03:23:01 [elasticsearch] DEBUG: > {"title":"认知和表达","description_content":null,"update_at":1576120980910}
2019-12-12 03:23:01 [elasticsearch] DEBUG: < {"_index":"top","_type":"_doc","_id":"715","_version":1,"result":"created","_shards":{"total":2,"successful":1,"failed":0},"_seq_no":1299,"_primary_term":10}
2019-12-12 03:23:01 [urllib3.connectionpool] DEBUG: Starting new HTTP connection (1): elasticsearch:9200
2019-12-12 03:23:01 [urllib3.connectionpool] DEBUG: http://elasticsearch:9200 "HEAD /top HTTP/1.1" 200 0
2019-12-12 03:23:01 [elasticsearch] INFO: HEAD http://elasticsearch:9200/top [status:200 request:0.002s]
2019-12-12 03:23:01 [elasticsearch] DEBUG: > None
2019-12-12 03:23:01 [elasticsearch] DEBUG: < 
2019-12-12 03:23:01 [urllib3.connectionpool] DEBUG: http://elasticsearch:9200 "POST /top/_doc/716 HTTP/1.1" 201 157
2019-12-12 03:23:01 [elasticsearch] INFO: POST http://elasticsearch:9200/top/_doc/716 [status:201 request:0.038s]
2019-12-12 03:23:01 [elasticsearch] DEBUG: > {"title":"焦虑是唯一真实的情感","description_content":null,"update_at":1576120980910}
2019-12-12 03:23:01 [elasticsearch] DEBUG: < {"_index":"top","_type":"_doc","_id":"716","_version":1,"result":"created","_shards":{"total":2,"successful":1,"failed":0},"_seq_no":1300,"_primary_term":10}
2019-12-12 03:23:01 [urllib3.connectionpool] DEBUG: Starting new HTTP connection (1): elasticsearch:9200
2019-12-12 03:23:01 [urllib3.connectionpool] DEBUG: http://elasticsearch:9200 "HEAD /top HTTP/1.1" 200 0
2019-12-12 03:23:01 [elasticsearch] INFO: HEAD http://elasticsearch:9200/top [status:200 request:0.002s]
2019-12-12 03:23:01 [elasticsearch] DEBUG: > None
2019-12-12 03:23:01 [elasticsearch] DEBUG: < 
2019-12-12 03:23:01 [urllib3.connectionpool] DEBUG: http://elasticsearch:9200 "POST /top/_doc/717 HTTP/1.1" 201 157
2019-12-12 03:23:01 [elasticsearch] INFO: POST http://elasticsearch:9200/top/_doc/717 [status:201 request:0.037s]
2019-12-12 03:23:01 [elasticsearch] DEBUG: > {"title":"Conan Exiles 与 镶嵌","description_content":null,"update_at":1576120980910}
2019-12-12 03:23:01 [elasticsearch] DEBUG: < {"_index":"top","_type":"_doc","_id":"717","_version":1,"result":"created","_shards":{"total":2,"successful":1,"failed":0},"_seq_no":1301,"_primary_term":10}
2019-12-12 03:23:01 [urllib3.connectionpool] DEBUG: Starting new HTTP connection (1): elasticsearch:9200
2019-12-12 03:23:01 [urllib3.connectionpool] DEBUG: http://elasticsearch:9200 "HEAD /top HTTP/1.1" 200 0
2019-12-12 03:23:01 [elasticsearch] INFO: HEAD http://elasticsearch:9200/top [status:200 request:0.002s]
2019-12-12 03:23:01 [elasticsearch] DEBUG: > None
2019-12-12 03:23:01 [elasticsearch] DEBUG: < 
2019-12-12 03:23:01 [urllib3.connectionpool] DEBUG: http://elasticsearch:9200 "POST /top/_doc/718 HTTP/1.1" 201 157
2019-12-12 03:23:01 [elasticsearch] INFO: POST http://elasticsearch:9200/top/_doc/718 [status:201 request:0.032s]
2019-12-12 03:23:01 [elasticsearch] DEBUG: > {"title":"Ubuntu Server 为什么这么成功？Wardley 地图","description_content":null,"update_at":1576120980910}
2019-12-12 03:23:01 [elasticsearch] DEBUG: < {"_index":"top","_type":"_doc","_id":"718","_version":1,"result":"created","_shards":{"total":2,"successful":1,"failed":0},"_seq_no":1302,"_primary_term":10}
2019-12-12 03:23:01 [urllib3.connectionpool] DEBUG: Starting new HTTP connection (1): elasticsearch:9200
2019-12-12 03:23:01 [urllib3.connectionpool] DEBUG: http://elasticsearch:9200 "HEAD /top HTTP/1.1" 200 0
2019-12-12 03:23:01 [elasticsearch] INFO: HEAD http://elasticsearch:9200/top [status:200 request:0.002s]
2019-12-12 03:23:01 [elasticsearch] DEBUG: > None
2019-12-12 03:23:01 [elasticsearch] DEBUG: < 
2019-12-12 03:23:01 [urllib3.connectionpool] DEBUG: http://elasticsearch:9200 "POST /top/_doc/719 HTTP/1.1" 201 157
2019-12-12 03:23:01 [elasticsearch] INFO: POST http://elasticsearch:9200/top/_doc/719 [status:201 request:0.031s]
2019-12-12 03:23:01 [elasticsearch] DEBUG: > {"title":"财富分配服从于幂律分布","description_content":null,"update_at":1576120980910}
2019-12-12 03:23:01 [elasticsearch] DEBUG: < {"_index":"top","_type":"_doc","_id":"719","_version":1,"result":"created","_shards":{"total":2,"successful":1,"failed":0},"_seq_no":1303,"_primary_term":10}
2019-12-12 03:23:01 [urllib3.connectionpool] DEBUG: Starting new HTTP connection (1): elasticsearch:9200
2019-12-12 03:23:01 [urllib3.connectionpool] DEBUG: http://elasticsearch:9200 "HEAD /top HTTP/1.1" 200 0
2019-12-12 03:23:01 [elasticsearch] INFO: HEAD http://elasticsearch:9200/top [status:200 request:0.002s]
2019-12-12 03:23:01 [elasticsearch] DEBUG: > None
2019-12-12 03:23:01 [elasticsearch] DEBUG: < 
2019-12-12 03:23:01 [urllib3.connectionpool] DEBUG: http://elasticsearch:9200 "POST /top/_doc/720 HTTP/1.1" 201 157
2019-12-12 03:23:01 [elasticsearch] INFO: POST http://elasticsearch:9200/top/_doc/720 [status:201 request:0.031s]
2019-12-12 03:23:01 [elasticsearch] DEBUG: > {"title":"群众治理和民科","description_content":null,"update_at":1576120980910}
2019-12-12 03:23:01 [elasticsearch] DEBUG: < {"_index":"top","_type":"_doc","_id":"720","_version":1,"result":"created","_shards":{"total":2,"successful":1,"failed":0},"_seq_no":1304,"_primary_term":10}
2019-12-12 03:23:01 [urllib3.connectionpool] DEBUG: Starting new HTTP connection (1): elasticsearch:9200
2019-12-12 03:23:01 [urllib3.connectionpool] DEBUG: http://elasticsearch:9200 "HEAD /top HTTP/1.1" 200 0
2019-12-12 03:23:01 [elasticsearch] INFO: HEAD http://elasticsearch:9200/top [status:200 request:0.002s]
2019-12-12 03:23:01 [elasticsearch] DEBUG: > None
2019-12-12 03:23:01 [elasticsearch] DEBUG: < 
2019-12-12 03:23:01 [urllib3.connectionpool] DEBUG: http://elasticsearch:9200 "POST /top/_doc/721 HTTP/1.1" 201 157
2019-12-12 03:23:01 [elasticsearch] INFO: POST http://elasticsearch:9200/top/_doc/721 [status:201 request:0.029s]
2019-12-12 03:23:01 [elasticsearch] DEBUG: > {"title":"Jinja2 不能覆盖 include 里的 block","description_content":null,"update_at":1576120980910}
2019-12-12 03:23:01 [elasticsearch] DEBUG: < {"_index":"top","_type":"_doc","_id":"721","_version":1,"result":"created","_shards":{"total":2,"successful":1,"failed":0},"_seq_no":1305,"_primary_term":10}
2019-12-12 03:23:01 [urllib3.connectionpool] DEBUG: Starting new HTTP connection (1): elasticsearch:9200
2019-12-12 03:23:01 [urllib3.connectionpool] DEBUG: http://elasticsearch:9200 "HEAD /top HTTP/1.1" 200 0
2019-12-12 03:23:01 [elasticsearch] INFO: HEAD http://elasticsearch:9200/top [status:200 request:0.002s]
2019-12-12 03:23:01 [elasticsearch] DEBUG: > None
2019-12-12 03:23:01 [elasticsearch] DEBUG: < 
2019-12-12 03:23:01 [urllib3.connectionpool] DEBUG: http://elasticsearch:9200 "POST /top/_doc/722 HTTP/1.1" 201 157
2019-12-12 03:23:01 [elasticsearch] INFO: POST http://elasticsearch:9200/top/_doc/722 [status:201 request:0.034s]
2019-12-12 03:23:01 [elasticsearch] DEBUG: > {"title":"数学中可以把标量当成一维的矢量吗？","description_content":null,"update_at":1576120980910}
2019-12-12 03:23:01 [elasticsearch] DEBUG: < {"_index":"top","_type":"_doc","_id":"722","_version":1,"result":"created","_shards":{"total":2,"successful":1,"failed":0},"_seq_no":1306,"_primary_term":10}
2019-12-12 03:23:01 [urllib3.connectionpool] DEBUG: Starting new HTTP connection (1): elasticsearch:9200
2019-12-12 03:23:01 [urllib3.connectionpool] DEBUG: http://elasticsearch:9200 "HEAD /top HTTP/1.1" 200 0
2019-12-12 03:23:01 [elasticsearch] INFO: HEAD http://elasticsearch:9200/top [status:200 request:0.002s]
2019-12-12 03:23:01 [elasticsearch] DEBUG: > None
2019-12-12 03:23:01 [elasticsearch] DEBUG: < 
2019-12-12 03:23:01 [urllib3.connectionpool] DEBUG: Starting new HTTP connection (1): elasticsearch:9200
2019-12-12 03:23:01 [urllib3.connectionpool] DEBUG: http://elasticsearch:9200 "POST /top/_doc/723 HTTP/1.1" 201 157
2019-12-12 03:23:01 [elasticsearch] INFO: POST http://elasticsearch:9200/top/_doc/723 [status:201 request:0.036s]
2019-12-12 03:23:01 [elasticsearch] DEBUG: > {"title":"现代知识产权才是阻碍生产力的东西","description_content":null,"update_at":1576120980910}
2019-12-12 03:23:01 [elasticsearch] DEBUG: < {"_index":"top","_type":"_doc","_id":"723","_version":1,"result":"created","_shards":{"total":2,"successful":1,"failed":0},"_seq_no":1307,"_primary_term":10}
2019-12-12 03:23:01 [urllib3.connectionpool] DEBUG: http://elasticsearch:9200 "HEAD /top HTTP/1.1" 200 0
2019-12-12 03:23:01 [elasticsearch] INFO: HEAD http://elasticsearch:9200/top [status:200 request:0.005s]
2019-12-12 03:23:01 [elasticsearch] DEBUG: > None
2019-12-12 03:23:01 [elasticsearch] DEBUG: < 
2019-12-12 03:23:01 [urllib3.connectionpool] DEBUG: http://elasticsearch:9200 "POST /top/_doc/724 HTTP/1.1" 201 157
2019-12-12 03:23:01 [elasticsearch] INFO: POST http://elasticsearch:9200/top/_doc/724 [status:201 request:0.038s]
2019-12-12 03:23:01 [elasticsearch] DEBUG: > {"title":"hello again","description_content":null,"update_at":1576120980910}
2019-12-12 03:23:01 [elasticsearch] DEBUG: < {"_index":"top","_type":"_doc","_id":"724","_version":1,"result":"created","_shards":{"total":2,"successful":1,"failed":0},"_seq_no":1308,"_primary_term":10}
2019-12-12 03:23:01 [urllib3.connectionpool] DEBUG: Starting new HTTP connection (1): elasticsearch:9200
2019-12-12 03:23:01 [urllib3.connectionpool] DEBUG: http://elasticsearch:9200 "HEAD /top HTTP/1.1" 200 0
2019-12-12 03:23:01 [elasticsearch] INFO: HEAD http://elasticsearch:9200/top [status:200 request:0.002s]
2019-12-12 03:23:01 [elasticsearch] DEBUG: > None
2019-12-12 03:23:01 [elasticsearch] DEBUG: < 
2019-12-12 03:23:01 [urllib3.connectionpool] DEBUG: Starting new HTTP connection (1): elasticsearch:9200
2019-12-12 03:23:01 [urllib3.connectionpool] DEBUG: http://elasticsearch:9200 "POST /top/_doc/725 HTTP/1.1" 201 157
2019-12-12 03:23:01 [elasticsearch] INFO: POST http://elasticsearch:9200/top/_doc/725 [status:201 request:0.041s]
2019-12-12 03:23:01 [elasticsearch] DEBUG: > {"title":"RESTful is bad and you should feel bad","description_content":null,"update_at":1576120980910}
2019-12-12 03:23:01 [elasticsearch] DEBUG: < {"_index":"top","_type":"_doc","_id":"725","_version":1,"result":"created","_shards":{"total":2,"successful":1,"failed":0},"_seq_no":1309,"_primary_term":10}
2019-12-12 03:23:01 [urllib3.connectionpool] DEBUG: http://elasticsearch:9200 "HEAD /top HTTP/1.1" 200 0
2019-12-12 03:23:01 [elasticsearch] INFO: HEAD http://elasticsearch:9200/top [status:200 request:0.003s]
2019-12-12 03:23:01 [elasticsearch] DEBUG: > None
2019-12-12 03:23:01 [elasticsearch] DEBUG: < 
2019-12-12 03:23:01 [urllib3.connectionpool] DEBUG: http://elasticsearch:9200 "POST /top/_doc/726 HTTP/1.1" 201 157
2019-12-12 03:23:01 [elasticsearch] INFO: POST http://elasticsearch:9200/top/_doc/726 [status:201 request:0.034s]
2019-12-12 03:23:01 [elasticsearch] DEBUG: > {"title":"Trump & China’s highway permit problem","description_content":null,"update_at":1576120980910}
2019-12-12 03:23:01 [elasticsearch] DEBUG: < {"_index":"top","_type":"_doc","_id":"726","_version":1,"result":"created","_shards":{"total":2,"successful":1,"failed":0},"_seq_no":1310,"_primary_term":10}
2019-12-12 03:23:01 [urllib3.connectionpool] DEBUG: http://elasticsearch:9200 "POST /top/_doc/727 HTTP/1.1" 201 157
2019-12-12 03:23:01 [elasticsearch] INFO: POST http://elasticsearch:9200/top/_doc/727 [status:201 request:0.031s]
2019-12-12 03:23:01 [elasticsearch] DEBUG: > {"title":"unbounded nondeterminism","description_content":null,"update_at":1576120980910}
2019-12-12 03:23:01 [elasticsearch] DEBUG: < {"_index":"top","_type":"_doc","_id":"727","_version":1,"result":"created","_shards":{"total":2,"successful":1,"failed":0},"_seq_no":1311,"_primary_term":10}
2019-12-12 03:23:01 [urllib3.connectionpool] DEBUG: http://elasticsearch:9200 "POST /top/_doc/728 HTTP/1.1" 201 157
2019-12-12 03:23:01 [elasticsearch] INFO: POST http://elasticsearch:9200/top/_doc/728 [status:201 request:0.026s]
2019-12-12 03:23:01 [elasticsearch] DEBUG: > {"title":"雪佛兰车标的十字","description_content":null,"update_at":1576120980910}
2019-12-12 03:23:01 [elasticsearch] DEBUG: < {"_index":"top","_type":"_doc","_id":"728","_version":1,"result":"created","_shards":{"total":2,"successful":1,"failed":0},"_seq_no":1312,"_primary_term":10}
2019-12-12 03:23:01 [urllib3.connectionpool] DEBUG: http://elasticsearch:9200 "POST /top/_doc/729 HTTP/1.1" 201 157
2019-12-12 03:23:01 [elasticsearch] INFO: POST http://elasticsearch:9200/top/_doc/729 [status:201 request:0.021s]
2019-12-12 03:23:01 [elasticsearch] DEBUG: > {"title":"“俄罗斯黑客”到底怎么黑的美国民主党全国总会","description_content":null,"update_at":1576120980910}
2019-12-12 03:23:01 [elasticsearch] DEBUG: < {"_index":"top","_type":"_doc","_id":"729","_version":1,"result":"created","_shards":{"total":2,"successful":1,"failed":0},"_seq_no":1313,"_primary_term":10}
