2019-12-12 13:04:28 [scrapy.utils.log] INFO: Scrapy 1.7.4 started (bot: spider_tophub)
2019-12-12 13:04:28 [scrapy.utils.log] INFO: Versions: lxml 4.4.1.0, libxml2 2.9.9, cssselect 1.1.0, parsel 1.5.2, w3lib 1.21.0, Twisted 19.7.0, Python 3.7.5 (default, Nov 23 2019, 05:59:34) - [GCC 8.3.0], pyOpenSSL 19.0.0 (OpenSSL 1.1.1d  10 Sep 2019), cryptography 2.8, Platform Linux-3.10.0-1062.1.2.el7.x86_64-x86_64-with-debian-10.2
2019-12-12 13:04:28 [scrapy.crawler] INFO: Overridden settings: {'BOT_NAME': 'spider_tophub', 'DOWNLOAD_DELAY': 1, 'LOG_FILE': 'logs/spider_tophub/36kr_friends/eb282a481cdf11ea831a0242ac1c0004.log', 'NEWSPIDER_MODULE': 'spider_tophub.spiders', 'ROBOTSTXT_OBEY': True, 'SPIDER_MODULES': ['spider_tophub.spiders'], 'USER_AGENT': 'Mozilla/5.0 (Windows NT 10.0; Win64; x64) AppleWebKit/537.36 (KHTML, like Gecko) Chrome/77.0.3865.120 Safari/537.36'}
2019-12-12 13:04:28 [scrapy.extensions.telnet] INFO: Telnet Password: be6c8f5269bb544c
2019-12-12 13:04:28 [scrapy.middleware] INFO: Enabled extensions:
['scrapy.extensions.corestats.CoreStats',
 'scrapy.extensions.telnet.TelnetConsole',
 'scrapy.extensions.memusage.MemoryUsage',
 'scrapy.extensions.logstats.LogStats']
2019-12-12 13:04:28 [scrapy.middleware] INFO: Enabled downloader middlewares:
['scrapy.downloadermiddlewares.robotstxt.RobotsTxtMiddleware',
 'scrapy.downloadermiddlewares.httpauth.HttpAuthMiddleware',
 'scrapy.downloadermiddlewares.downloadtimeout.DownloadTimeoutMiddleware',
 'scrapy.downloadermiddlewares.defaultheaders.DefaultHeadersMiddleware',
 'scrapy.downloadermiddlewares.useragent.UserAgentMiddleware',
 'scrapy.downloadermiddlewares.retry.RetryMiddleware',
 'scrapy.downloadermiddlewares.redirect.MetaRefreshMiddleware',
 'scrapy.downloadermiddlewares.httpcompression.HttpCompressionMiddleware',
 'scrapy.downloadermiddlewares.redirect.RedirectMiddleware',
 'scrapy.downloadermiddlewares.cookies.CookiesMiddleware',
 'scrapy.downloadermiddlewares.httpproxy.HttpProxyMiddleware',
 'scrapy.downloadermiddlewares.stats.DownloaderStats']
2019-12-12 13:04:28 [scrapy.middleware] INFO: Enabled spider middlewares:
['scrapy.spidermiddlewares.httperror.HttpErrorMiddleware',
 'scrapy.spidermiddlewares.offsite.OffsiteMiddleware',
 'scrapy.spidermiddlewares.referer.RefererMiddleware',
 'scrapy.spidermiddlewares.urllength.UrlLengthMiddleware',
 'scrapy.spidermiddlewares.depth.DepthMiddleware']
2019-12-12 13:04:28 [scrapy.middleware] INFO: Enabled item pipelines:
['spider_tophub.pipelines.MysqlTwistedPipeline']
2019-12-12 13:04:28 [scrapy.core.engine] INFO: Spider opened
2019-12-12 13:04:28 [scrapy.extensions.logstats] INFO: Crawled 0 pages (at 0 pages/min), scraped 0 items (at 0 items/min)
2019-12-12 13:04:28 [scrapy.extensions.telnet] INFO: Telnet console listening on 127.0.0.1:6023
2019-12-12 13:04:29 [scrapy.core.engine] DEBUG: Crawled (200) <GET https://36kr.com/robots.txt> (referer: None)
2019-12-12 13:04:30 [scrapy.core.engine] DEBUG: Crawled (200) <GET https://36kr.com/user/375349> (referer: None)
2019-12-12 13:04:30 [scrapy.core.scraper] DEBUG: Scraped from <200 https://36kr.com/user/375349>
None
2019-12-12 13:04:30 [scrapy.core.scraper] DEBUG: Scraped from <200 https://36kr.com/user/375349>
None
2019-12-12 13:04:30 [scrapy.core.scraper] DEBUG: Scraped from <200 https://36kr.com/user/375349>
None
2019-12-12 13:04:30 [scrapy.core.scraper] DEBUG: Scraped from <200 https://36kr.com/user/375349>
None
2019-12-12 13:04:30 [scrapy.core.scraper] DEBUG: Scraped from <200 https://36kr.com/user/375349>
None
2019-12-12 13:04:30 [scrapy.core.scraper] DEBUG: Scraped from <200 https://36kr.com/user/375349>
None
2019-12-12 13:04:30 [scrapy.core.scraper] DEBUG: Scraped from <200 https://36kr.com/user/375349>
None
2019-12-12 13:04:30 [scrapy.core.scraper] DEBUG: Scraped from <200 https://36kr.com/user/375349>
None
2019-12-12 13:04:30 [scrapy.core.scraper] DEBUG: Scraped from <200 https://36kr.com/user/375349>
None
2019-12-12 13:04:30 [scrapy.core.scraper] DEBUG: Scraped from <200 https://36kr.com/user/375349>
None
2019-12-12 13:04:30 [scrapy.core.scraper] DEBUG: Scraped from <200 https://36kr.com/user/375349>
None
2019-12-12 13:04:30 [scrapy.core.scraper] DEBUG: Scraped from <200 https://36kr.com/user/375349>
None
2019-12-12 13:04:30 [scrapy.core.scraper] DEBUG: Scraped from <200 https://36kr.com/user/375349>
None
2019-12-12 13:04:30 [scrapy.core.scraper] DEBUG: Scraped from <200 https://36kr.com/user/375349>
None
2019-12-12 13:04:30 [scrapy.core.scraper] DEBUG: Scraped from <200 https://36kr.com/user/375349>
None
2019-12-12 13:04:30 [scrapy.core.scraper] DEBUG: Scraped from <200 https://36kr.com/user/375349>
None
2019-12-12 13:04:30 [scrapy.core.scraper] DEBUG: Scraped from <200 https://36kr.com/user/375349>
None
2019-12-12 13:04:30 [scrapy.core.scraper] DEBUG: Scraped from <200 https://36kr.com/user/375349>
None
2019-12-12 13:04:30 [scrapy.core.scraper] DEBUG: Scraped from <200 https://36kr.com/user/375349>
None
2019-12-12 13:04:30 [scrapy.core.scraper] DEBUG: Scraped from <200 https://36kr.com/user/375349>
None
2019-12-12 13:04:31 [scrapy.core.engine] DEBUG: Crawled (200) <GET https://36kr.com/p/5275014> (referer: https://36kr.com/user/375349)
2019-12-12 13:04:32 [scrapy.core.scraper] DEBUG: Scraped from <200 https://36kr.com/p/5275014>
None
2019-12-12 13:04:33 [scrapy.core.engine] DEBUG: Crawled (200) <GET https://36kr.com/p/5275012> (referer: https://36kr.com/user/375349)
2019-12-12 13:04:33 [scrapy.core.scraper] DEBUG: Scraped from <200 https://36kr.com/p/5275012>
None
2019-12-12 13:04:34 [scrapy.core.engine] DEBUG: Crawled (200) <GET https://36kr.com/p/5275019> (referer: https://36kr.com/user/375349)
2019-12-12 13:04:34 [scrapy.core.scraper] DEBUG: Scraped from <200 https://36kr.com/p/5275019>
None
2019-12-12 13:04:35 [scrapy.core.engine] DEBUG: Crawled (200) <GET https://36kr.com/p/5274921> (referer: https://36kr.com/user/375349)
2019-12-12 13:04:35 [scrapy.core.scraper] DEBUG: Scraped from <200 https://36kr.com/p/5274921>
None
2019-12-12 13:04:36 [scrapy.core.engine] DEBUG: Crawled (200) <GET https://36kr.com/p/5274930> (referer: https://36kr.com/user/375349)
2019-12-12 13:04:36 [scrapy.core.scraper] DEBUG: Scraped from <200 https://36kr.com/p/5274930>
None
2019-12-12 13:04:37 [scrapy.core.engine] DEBUG: Crawled (200) <GET https://36kr.com/p/5274932> (referer: https://36kr.com/user/375349)
2019-12-12 13:04:37 [scrapy.core.scraper] DEBUG: Scraped from <200 https://36kr.com/p/5274932>
None
2019-12-12 13:04:38 [scrapy.core.engine] DEBUG: Crawled (200) <GET https://36kr.com/p/5274937> (referer: https://36kr.com/user/375349)
2019-12-12 13:04:38 [scrapy.core.scraper] DEBUG: Scraped from <200 https://36kr.com/p/5274937>
None
2019-12-12 13:04:39 [scrapy.core.engine] DEBUG: Crawled (200) <GET https://36kr.com/p/5274940> (referer: https://36kr.com/user/375349)
2019-12-12 13:04:39 [scrapy.core.scraper] DEBUG: Scraped from <200 https://36kr.com/p/5274940>
None
2019-12-12 13:04:40 [scrapy.core.engine] DEBUG: Crawled (200) <GET https://36kr.com/p/5274953> (referer: https://36kr.com/user/375349)
2019-12-12 13:04:40 [scrapy.core.scraper] DEBUG: Scraped from <200 https://36kr.com/p/5274953>
None
2019-12-12 13:04:41 [scrapy.core.engine] DEBUG: Crawled (200) <GET https://36kr.com/p/5274954> (referer: https://36kr.com/user/375349)
2019-12-12 13:04:41 [scrapy.core.scraper] DEBUG: Scraped from <200 https://36kr.com/p/5274954>
None
2019-12-12 13:04:42 [scrapy.core.engine] DEBUG: Crawled (200) <GET https://36kr.com/p/5274964> (referer: https://36kr.com/user/375349)
2019-12-12 13:04:42 [scrapy.core.scraper] DEBUG: Scraped from <200 https://36kr.com/p/5274964>
None
2019-12-12 13:04:43 [scrapy.core.engine] DEBUG: Crawled (200) <GET https://36kr.com/p/5274965> (referer: https://36kr.com/user/375349)
2019-12-12 13:04:43 [scrapy.core.scraper] DEBUG: Scraped from <200 https://36kr.com/p/5274965>
None
2019-12-12 13:04:45 [scrapy.core.engine] DEBUG: Crawled (200) <GET https://36kr.com/p/5274998> (referer: https://36kr.com/user/375349)
2019-12-12 13:04:45 [scrapy.core.scraper] DEBUG: Scraped from <200 https://36kr.com/p/5274998>
None
2019-12-12 13:04:46 [scrapy.core.engine] DEBUG: Crawled (200) <GET https://36kr.com/p/5274975> (referer: https://36kr.com/user/375349)
2019-12-12 13:04:46 [scrapy.core.scraper] DEBUG: Scraped from <200 https://36kr.com/p/5274975>
None
2019-12-12 13:04:47 [scrapy.core.engine] DEBUG: Crawled (200) <GET https://36kr.com/p/5275006> (referer: https://36kr.com/user/375349)
2019-12-12 13:04:47 [scrapy.core.scraper] DEBUG: Scraped from <200 https://36kr.com/p/5275006>
None
2019-12-12 13:04:48 [scrapy.core.engine] DEBUG: Crawled (200) <GET https://36kr.com/p/5275007> (referer: https://36kr.com/user/375349)
2019-12-12 13:04:49 [scrapy.core.scraper] DEBUG: Scraped from <200 https://36kr.com/p/5275007>
None
2019-12-12 13:04:49 [scrapy.core.engine] DEBUG: Crawled (200) <GET https://36kr.com/p/5274899> (referer: https://36kr.com/user/375349)
2019-12-12 13:04:49 [scrapy.core.scraper] DEBUG: Scraped from <200 https://36kr.com/p/5274899>
None
2019-12-12 13:04:50 [scrapy.core.engine] DEBUG: Crawled (200) <GET https://36kr.com/p/5274907> (referer: https://36kr.com/user/375349)
2019-12-12 13:04:50 [scrapy.core.scraper] DEBUG: Scraped from <200 https://36kr.com/p/5274907>
None
2019-12-12 13:04:51 [scrapy.core.engine] DEBUG: Crawled (200) <GET https://36kr.com/p/5274906> (referer: https://36kr.com/user/375349)
2019-12-12 13:04:51 [scrapy.core.scraper] DEBUG: Scraped from <200 https://36kr.com/p/5274906>
None
2019-12-12 13:04:53 [scrapy.core.engine] DEBUG: Crawled (200) <GET https://36kr.com/p/5274904> (referer: https://36kr.com/user/375349)
2019-12-12 13:04:53 [scrapy.core.scraper] DEBUG: Scraped from <200 https://36kr.com/p/5274904>
None
2019-12-12 13:04:53 [scrapy.core.engine] INFO: Closing spider (finished)
2019-12-12 13:04:53 [scrapy.statscollectors] INFO: Dumping Scrapy stats:
{'downloader/request_bytes': 11516,
 'downloader/request_count': 22,
 'downloader/request_method_count/GET': 22,
 'downloader/response_bytes': 431691,
 'downloader/response_count': 22,
 'downloader/response_status_count/200': 22,
 'elapsed_time_seconds': 24.238093,
 'finish_reason': 'finished',
 'finish_time': datetime.datetime(2019, 12, 12, 13, 4, 53, 144545),
 'item_scraped_count': 40,
 'log_count/DEBUG': 62,
 'log_count/INFO': 10,
 'memusage/max': 57225216,
 'memusage/startup': 57225216,
 'request_depth_max': 1,
 'response_received_count': 22,
 'robotstxt/request_count': 1,
 'robotstxt/response_count': 1,
 'robotstxt/response_status_count/200': 1,
 'scheduler/dequeued': 21,
 'scheduler/dequeued/memory': 21,
 'scheduler/enqueued': 21,
 'scheduler/enqueued/memory': 21,
 'start_time': datetime.datetime(2019, 12, 12, 13, 4, 28, 906452)}
2019-12-12 13:04:53 [scrapy.core.engine] INFO: Spider closed (finished)
