2019-12-12 11:46:18 [scrapy.utils.log] INFO: Scrapy 1.7.4 started (bot: spider_tophub)
2019-12-12 11:46:18 [scrapy.utils.log] INFO: Versions: lxml 4.4.1.0, libxml2 2.9.9, cssselect 1.1.0, parsel 1.5.2, w3lib 1.21.0, Twisted 19.7.0, Python 3.7.5 (default, Nov 23 2019, 05:59:34) - [GCC 8.3.0], pyOpenSSL 19.0.0 (OpenSSL 1.1.1d  10 Sep 2019), cryptography 2.8, Platform Linux-3.10.0-1062.1.2.el7.x86_64-x86_64-with-debian-10.2
2019-12-12 11:46:18 [scrapy.crawler] INFO: Overridden settings: {'BOT_NAME': 'spider_tophub', 'DOWNLOAD_DELAY': 1, 'LOG_FILE': 'logs/spider_tophub/pearvideo_zongbang/be4249561cd411ea831a0242ac1c0004.log', 'NEWSPIDER_MODULE': 'spider_tophub.spiders', 'SPIDER_MODULES': ['spider_tophub.spiders'], 'USER_AGENT': 'Mozilla/5.0 (Windows NT 6.1; WOW64) AppleWebKit/537.1 (KHTML, like Gecko) Chrome/22.0.1207.1 Safari/537.1'}
2019-12-12 11:46:18 [scrapy.extensions.telnet] INFO: Telnet Password: 8069fdbaba369a3c
2019-12-12 11:46:18 [scrapy.middleware] INFO: Enabled extensions:
['scrapy.extensions.corestats.CoreStats',
 'scrapy.extensions.telnet.TelnetConsole',
 'scrapy.extensions.memusage.MemoryUsage',
 'scrapy.extensions.logstats.LogStats']
2019-12-12 11:46:18 [scrapy.middleware] INFO: Enabled downloader middlewares:
['scrapy.downloadermiddlewares.httpauth.HttpAuthMiddleware',
 'scrapy.downloadermiddlewares.downloadtimeout.DownloadTimeoutMiddleware',
 'scrapy.downloadermiddlewares.defaultheaders.DefaultHeadersMiddleware',
 'scrapy.downloadermiddlewares.useragent.UserAgentMiddleware',
 'scrapy.downloadermiddlewares.retry.RetryMiddleware',
 'scrapy.downloadermiddlewares.redirect.MetaRefreshMiddleware',
 'scrapy.downloadermiddlewares.httpcompression.HttpCompressionMiddleware',
 'scrapy.downloadermiddlewares.redirect.RedirectMiddleware',
 'scrapy.downloadermiddlewares.cookies.CookiesMiddleware',
 'scrapy.downloadermiddlewares.httpproxy.HttpProxyMiddleware',
 'scrapy.downloadermiddlewares.stats.DownloaderStats']
2019-12-12 11:46:18 [scrapy.middleware] INFO: Enabled spider middlewares:
['scrapy.spidermiddlewares.httperror.HttpErrorMiddleware',
 'scrapy.spidermiddlewares.offsite.OffsiteMiddleware',
 'scrapy.spidermiddlewares.referer.RefererMiddleware',
 'scrapy.spidermiddlewares.urllength.UrlLengthMiddleware',
 'scrapy.spidermiddlewares.depth.DepthMiddleware']
2019-12-12 11:46:18 [scrapy.middleware] INFO: Enabled item pipelines:
['spider_tophub.pipelines.MysqlTwistedPipeline']
2019-12-12 11:46:18 [scrapy.core.engine] INFO: Spider opened
2019-12-12 11:46:18 [scrapy.extensions.logstats] INFO: Crawled 0 pages (at 0 pages/min), scraped 0 items (at 0 items/min)
2019-12-12 11:46:18 [scrapy.extensions.telnet] INFO: Telnet console listening on 127.0.0.1:6023
2019-12-12 11:46:19 [scrapy.core.engine] DEBUG: Crawled (200) <GET https://www.pearvideo.com/popular> (referer: None)
2019-12-12 11:46:19 [scrapy.core.scraper] DEBUG: Scraped from <200 https://www.pearvideo.com/popular>
None
2019-12-12 11:46:19 [scrapy.core.scraper] DEBUG: Scraped from <200 https://www.pearvideo.com/popular>
None
2019-12-12 11:46:19 [scrapy.core.scraper] DEBUG: Scraped from <200 https://www.pearvideo.com/popular>
None
2019-12-12 11:46:19 [scrapy.core.scraper] DEBUG: Scraped from <200 https://www.pearvideo.com/popular>
None
2019-12-12 11:46:19 [scrapy.core.scraper] DEBUG: Scraped from <200 https://www.pearvideo.com/popular>
None
2019-12-12 11:46:19 [scrapy.core.scraper] DEBUG: Scraped from <200 https://www.pearvideo.com/popular>
None
2019-12-12 11:46:19 [scrapy.core.scraper] DEBUG: Scraped from <200 https://www.pearvideo.com/popular>
None
2019-12-12 11:46:19 [scrapy.core.scraper] DEBUG: Scraped from <200 https://www.pearvideo.com/popular>
None
2019-12-12 11:46:19 [scrapy.core.scraper] DEBUG: Scraped from <200 https://www.pearvideo.com/popular>
None
2019-12-12 11:46:19 [scrapy.core.scraper] DEBUG: Scraped from <200 https://www.pearvideo.com/popular>
None
2019-12-12 11:46:19 [scrapy.core.engine] INFO: Closing spider (finished)
2019-12-12 11:46:19 [scrapy.statscollectors] INFO: Dumping Scrapy stats:
{'downloader/request_bytes': 294,
 'downloader/request_count': 1,
 'downloader/request_method_count/GET': 1,
 'downloader/response_bytes': 8601,
 'downloader/response_count': 1,
 'downloader/response_status_count/200': 1,
 'elapsed_time_seconds': 0.288517,
 'finish_reason': 'finished',
 'finish_time': datetime.datetime(2019, 12, 12, 11, 46, 19, 182282),
 'item_scraped_count': 10,
 'log_count/DEBUG': 11,
 'log_count/INFO': 10,
 'memusage/max': 57217024,
 'memusage/startup': 57217024,
 'response_received_count': 1,
 'scheduler/dequeued': 1,
 'scheduler/dequeued/memory': 1,
 'scheduler/enqueued': 1,
 'scheduler/enqueued/memory': 1,
 'start_time': datetime.datetime(2019, 12, 12, 11, 46, 18, 893765)}
2019-12-12 11:46:19 [scrapy.core.engine] INFO: Spider closed (finished)
2019-12-12 11:46:19 [urllib3.connectionpool] DEBUG: Starting new HTTP connection (1): elasticsearch:9200
2019-12-12 11:46:19 [urllib3.connectionpool] DEBUG: Starting new HTTP connection (1): elasticsearch:9200
2019-12-12 11:46:19 [urllib3.connectionpool] DEBUG: Starting new HTTP connection (1): elasticsearch:9200
2019-12-12 11:46:19 [urllib3.connectionpool] DEBUG: Starting new HTTP connection (1): elasticsearch:9200
2019-12-12 11:46:19 [urllib3.connectionpool] DEBUG: http://elasticsearch:9200 "HEAD /top HTTP/1.1" 200 0
2019-12-12 11:46:19 [elasticsearch] INFO: HEAD http://elasticsearch:9200/top [status:200 request:0.004s]
2019-12-12 11:46:19 [elasticsearch] DEBUG: > None
2019-12-12 11:46:19 [elasticsearch] DEBUG: < 
2019-12-12 11:46:19 [urllib3.connectionpool] DEBUG: http://elasticsearch:9200 "HEAD /top HTTP/1.1" 200 0
2019-12-12 11:46:19 [elasticsearch] INFO: HEAD http://elasticsearch:9200/top [status:200 request:0.006s]
2019-12-12 11:46:19 [elasticsearch] DEBUG: > None
2019-12-12 11:46:19 [elasticsearch] DEBUG: < 
2019-12-12 11:46:19 [urllib3.connectionpool] DEBUG: http://elasticsearch:9200 "HEAD /top HTTP/1.1" 200 0
2019-12-12 11:46:19 [elasticsearch] INFO: HEAD http://elasticsearch:9200/top [status:200 request:0.005s]
2019-12-12 11:46:19 [elasticsearch] DEBUG: > None
2019-12-12 11:46:19 [elasticsearch] DEBUG: < 
2019-12-12 11:46:19 [urllib3.connectionpool] DEBUG: http://elasticsearch:9200 "HEAD /top HTTP/1.1" 200 0
2019-12-12 11:46:19 [elasticsearch] INFO: HEAD http://elasticsearch:9200/top [status:200 request:0.008s]
2019-12-12 11:46:19 [elasticsearch] DEBUG: > None
2019-12-12 11:46:19 [elasticsearch] DEBUG: < 
2019-12-12 11:46:19 [urllib3.connectionpool] DEBUG: Starting new HTTP connection (1): elasticsearch:9200
2019-12-12 11:46:19 [urllib3.connectionpool] DEBUG: http://elasticsearch:9200 "HEAD /top HTTP/1.1" 200 0
2019-12-12 11:46:19 [elasticsearch] INFO: HEAD http://elasticsearch:9200/top [status:200 request:0.002s]
2019-12-12 11:46:19 [elasticsearch] DEBUG: > None
2019-12-12 11:46:19 [elasticsearch] DEBUG: < 
2019-12-12 11:46:19 [urllib3.connectionpool] DEBUG: http://elasticsearch:9200 "POST /top/_doc/3248 HTTP/1.1" 200 158
2019-12-12 11:46:19 [elasticsearch] INFO: POST http://elasticsearch:9200/top/_doc/3248 [status:200 request:0.009s]
2019-12-12 11:46:19 [elasticsearch] DEBUG: > {"title":"两中国人伤，新西兰火山为何没预警","description_content":"685","update_at":1576151179171}
2019-12-12 11:46:19 [elasticsearch] DEBUG: < {"_index":"top","_type":"_doc","_id":"3248","_version":6,"result":"updated","_shards":{"total":2,"successful":1,"failed":0},"_seq_no":82213,"_primary_term":1}
2019-12-12 11:46:19 [urllib3.connectionpool] DEBUG: http://elasticsearch:9200 "POST /top/_doc/3245 HTTP/1.1" 200 158
2019-12-12 11:46:19 [elasticsearch] INFO: POST http://elasticsearch:9200/top/_doc/3245 [status:200 request:0.014s]
2019-12-12 11:46:19 [elasticsearch] DEBUG: > {"title":"东亚杯国足首战告负,21年不胜日本","description_content":"585","update_at":1576151179171}
2019-12-12 11:46:19 [elasticsearch] DEBUG: < {"_index":"top","_type":"_doc","_id":"3245","_version":6,"result":"updated","_shards":{"total":2,"successful":1,"failed":0},"_seq_no":82214,"_primary_term":1}
2019-12-12 11:46:19 [urllib3.connectionpool] DEBUG: Starting new HTTP connection (1): elasticsearch:9200
2019-12-12 11:46:19 [urllib3.connectionpool] DEBUG: http://elasticsearch:9200 "HEAD /top HTTP/1.1" 200 0
2019-12-12 11:46:19 [elasticsearch] INFO: HEAD http://elasticsearch:9200/top [status:200 request:0.002s]
2019-12-12 11:46:19 [elasticsearch] DEBUG: > None
2019-12-12 11:46:19 [elasticsearch] DEBUG: < 
2019-12-12 11:46:19 [urllib3.connectionpool] DEBUG: http://elasticsearch:9200 "POST /top/_doc/3247 HTTP/1.1" 200 158
2019-12-12 11:46:19 [elasticsearch] INFO: POST http://elasticsearch:9200/top/_doc/3247 [status:200 request:0.019s]
2019-12-12 11:46:19 [elasticsearch] DEBUG: > {"title":"韩国5岁女童遭幼儿园同学多次性侵","description_content":"1064","update_at":1576151179171}
2019-12-12 11:46:19 [elasticsearch] DEBUG: < {"_index":"top","_type":"_doc","_id":"3247","_version":6,"result":"updated","_shards":{"total":2,"successful":1,"failed":0},"_seq_no":82215,"_primary_term":1}
2019-12-12 11:46:19 [urllib3.connectionpool] DEBUG: Starting new HTTP connection (1): elasticsearch:9200
2019-12-12 11:46:19 [urllib3.connectionpool] DEBUG: http://elasticsearch:9200 "HEAD /top HTTP/1.1" 200 0
2019-12-12 11:46:19 [elasticsearch] INFO: HEAD http://elasticsearch:9200/top [status:200 request:0.002s]
2019-12-12 11:46:19 [elasticsearch] DEBUG: > None
2019-12-12 11:46:19 [elasticsearch] DEBUG: < 
2019-12-12 11:46:19 [urllib3.connectionpool] DEBUG: http://elasticsearch:9200 "POST /top/_doc/3246 HTTP/1.1" 200 158
2019-12-12 11:46:19 [elasticsearch] INFO: POST http://elasticsearch:9200/top/_doc/3246 [status:200 request:0.026s]
2019-12-12 11:46:19 [elasticsearch] DEBUG: > {"title":"美国小城试验：每月发500美元脱贫","description_content":"807","update_at":1576151179171}
2019-12-12 11:46:19 [elasticsearch] DEBUG: < {"_index":"top","_type":"_doc","_id":"3246","_version":6,"result":"updated","_shards":{"total":2,"successful":1,"failed":0},"_seq_no":82216,"_primary_term":1}
2019-12-12 11:46:19 [urllib3.connectionpool] DEBUG: Starting new HTTP connection (1): elasticsearch:9200
2019-12-12 11:46:19 [urllib3.connectionpool] DEBUG: http://elasticsearch:9200 "HEAD /top HTTP/1.1" 200 0
2019-12-12 11:46:19 [elasticsearch] INFO: HEAD http://elasticsearch:9200/top [status:200 request:0.003s]
2019-12-12 11:46:19 [elasticsearch] DEBUG: > None
2019-12-12 11:46:19 [elasticsearch] DEBUG: < 
2019-12-12 11:46:19 [urllib3.connectionpool] DEBUG: http://elasticsearch:9200 "POST /top/_doc/3249 HTTP/1.1" 200 158
2019-12-12 11:46:19 [elasticsearch] INFO: POST http://elasticsearch:9200/top/_doc/3249 [status:200 request:0.027s]
2019-12-12 11:46:19 [elasticsearch] DEBUG: > {"title":"19亿人或缺水！亚洲山脉面临水危机","description_content":"689","update_at":1576151179171}
2019-12-12 11:46:19 [elasticsearch] DEBUG: < {"_index":"top","_type":"_doc","_id":"3249","_version":6,"result":"updated","_shards":{"total":2,"successful":1,"failed":0},"_seq_no":82217,"_primary_term":1}
2019-12-12 11:46:19 [urllib3.connectionpool] DEBUG: Starting new HTTP connection (1): elasticsearch:9200
2019-12-12 11:46:19 [urllib3.connectionpool] DEBUG: http://elasticsearch:9200 "HEAD /top HTTP/1.1" 200 0
2019-12-12 11:46:19 [elasticsearch] INFO: HEAD http://elasticsearch:9200/top [status:200 request:0.002s]
2019-12-12 11:46:19 [elasticsearch] DEBUG: > None
2019-12-12 11:46:19 [elasticsearch] DEBUG: < 
2019-12-12 11:46:19 [urllib3.connectionpool] DEBUG: http://elasticsearch:9200 "POST /top/_doc/3250 HTTP/1.1" 200 158
2019-12-12 11:46:19 [elasticsearch] INFO: POST http://elasticsearch:9200/top/_doc/3250 [status:200 request:0.021s]
2019-12-12 11:46:19 [elasticsearch] DEBUG: > {"title":"轻度饮酒也增加患癌风险","description_content":"914","update_at":1576151179171}
2019-12-12 11:46:19 [elasticsearch] DEBUG: < {"_index":"top","_type":"_doc","_id":"3250","_version":6,"result":"updated","_shards":{"total":2,"successful":1,"failed":0},"_seq_no":82218,"_primary_term":1}
2019-12-12 11:46:19 [urllib3.connectionpool] DEBUG: Starting new HTTP connection (1): elasticsearch:9200
2019-12-12 11:46:19 [urllib3.connectionpool] DEBUG: http://elasticsearch:9200 "HEAD /top HTTP/1.1" 200 0
2019-12-12 11:46:19 [elasticsearch] INFO: HEAD http://elasticsearch:9200/top [status:200 request:0.002s]
2019-12-12 11:46:19 [elasticsearch] DEBUG: > None
2019-12-12 11:46:19 [elasticsearch] DEBUG: < 
2019-12-12 11:46:19 [urllib3.connectionpool] DEBUG: http://elasticsearch:9200 "POST /top/_doc/3251 HTTP/1.1" 200 158
2019-12-12 11:46:19 [elasticsearch] INFO: POST http://elasticsearch:9200/top/_doc/3251 [status:200 request:0.020s]
2019-12-12 11:46:19 [elasticsearch] DEBUG: > {"title":"妻深陷赌博，他自学千术助万人戒赌","description_content":"1263","update_at":1576151179171}
2019-12-12 11:46:19 [elasticsearch] DEBUG: < {"_index":"top","_type":"_doc","_id":"3251","_version":6,"result":"updated","_shards":{"total":2,"successful":1,"failed":0},"_seq_no":82219,"_primary_term":1}
2019-12-12 11:46:19 [urllib3.connectionpool] DEBUG: http://elasticsearch:9200 "POST /top/_doc/3252 HTTP/1.1" 200 158
2019-12-12 11:46:19 [elasticsearch] INFO: POST http://elasticsearch:9200/top/_doc/3252 [status:200 request:0.017s]
2019-12-12 11:46:19 [elasticsearch] DEBUG: > {"title":"郑爽参加联合国气候大会，倡导环保","description_content":"718","update_at":1576151179171}
2019-12-12 11:46:19 [elasticsearch] DEBUG: < {"_index":"top","_type":"_doc","_id":"3252","_version":6,"result":"updated","_shards":{"total":2,"successful":1,"failed":0},"_seq_no":82220,"_primary_term":1}
2019-12-12 11:46:19 [urllib3.connectionpool] DEBUG: http://elasticsearch:9200 "POST /top/_doc/3253 HTTP/1.1" 200 158
2019-12-12 11:46:19 [elasticsearch] INFO: POST http://elasticsearch:9200/top/_doc/3253 [status:200 request:0.016s]
2019-12-12 11:46:19 [elasticsearch] DEBUG: > {"title":"张大春：关键是打通繁简、并用并存","description_content":"1030","update_at":1576151179171}
2019-12-12 11:46:19 [elasticsearch] DEBUG: < {"_index":"top","_type":"_doc","_id":"3253","_version":6,"result":"updated","_shards":{"total":2,"successful":1,"failed":0},"_seq_no":82221,"_primary_term":1}
2019-12-12 11:46:19 [urllib3.connectionpool] DEBUG: http://elasticsearch:9200 "POST /top/_doc/3254 HTTP/1.1" 200 158
2019-12-12 11:46:19 [elasticsearch] INFO: POST http://elasticsearch:9200/top/_doc/3254 [status:200 request:0.014s]
2019-12-12 11:46:19 [elasticsearch] DEBUG: > {"title":"统计显示：韩国人整体花的比挣的多","description_content":"655","update_at":1576151179171}
2019-12-12 11:46:19 [elasticsearch] DEBUG: < {"_index":"top","_type":"_doc","_id":"3254","_version":6,"result":"updated","_shards":{"total":2,"successful":1,"failed":0},"_seq_no":82222,"_primary_term":1}
