2019-12-12 03:44:12 [scrapy.utils.log] INFO: Scrapy 1.7.4 started (bot: spider_tophub)
2019-12-12 03:44:12 [scrapy.utils.log] INFO: Versions: lxml 4.4.1.0, libxml2 2.9.9, cssselect 1.1.0, parsel 1.5.2, w3lib 1.21.0, Twisted 19.7.0, Python 3.7.5 (default, Nov 23 2019, 05:59:34) - [GCC 8.3.0], pyOpenSSL 19.0.0 (OpenSSL 1.1.1d  10 Sep 2019), cryptography 2.8, Platform Linux-3.10.0-1062.1.2.el7.x86_64-x86_64-with-debian-10.2
2019-12-12 03:44:12 [scrapy.crawler] INFO: Overridden settings: {'BOT_NAME': 'spider_tophub', 'DOWNLOAD_DELAY': 1, 'LOG_FILE': 'logs/spider_tophub/iamsujie/435480ba1c8e11ea9d990242ac190004.log', 'NEWSPIDER_MODULE': 'spider_tophub.spiders', 'ROBOTSTXT_OBEY': True, 'SPIDER_MODULES': ['spider_tophub.spiders'], 'USER_AGENT': 'Mozilla/5.0 (Windows NT 10.0; Win64; x64) AppleWebKit/537.36 (KHTML, like Gecko) Chrome/77.0.3865.120 Safari/537.36'}
2019-12-12 03:44:12 [scrapy.extensions.telnet] INFO: Telnet Password: d7aebb3c584d966d
2019-12-12 03:44:12 [scrapy.middleware] INFO: Enabled extensions:
['scrapy.extensions.corestats.CoreStats',
 'scrapy.extensions.telnet.TelnetConsole',
 'scrapy.extensions.memusage.MemoryUsage',
 'scrapy.extensions.logstats.LogStats']
2019-12-12 03:44:12 [scrapy.middleware] INFO: Enabled downloader middlewares:
['scrapy.downloadermiddlewares.robotstxt.RobotsTxtMiddleware',
 'scrapy.downloadermiddlewares.httpauth.HttpAuthMiddleware',
 'scrapy.downloadermiddlewares.downloadtimeout.DownloadTimeoutMiddleware',
 'scrapy.downloadermiddlewares.defaultheaders.DefaultHeadersMiddleware',
 'scrapy.downloadermiddlewares.useragent.UserAgentMiddleware',
 'scrapy.downloadermiddlewares.retry.RetryMiddleware',
 'scrapy.downloadermiddlewares.redirect.MetaRefreshMiddleware',
 'scrapy.downloadermiddlewares.httpcompression.HttpCompressionMiddleware',
 'scrapy.downloadermiddlewares.redirect.RedirectMiddleware',
 'scrapy.downloadermiddlewares.cookies.CookiesMiddleware',
 'scrapy.downloadermiddlewares.httpproxy.HttpProxyMiddleware',
 'scrapy.downloadermiddlewares.stats.DownloaderStats']
2019-12-12 03:44:12 [scrapy.middleware] INFO: Enabled spider middlewares:
['scrapy.spidermiddlewares.httperror.HttpErrorMiddleware',
 'scrapy.spidermiddlewares.offsite.OffsiteMiddleware',
 'scrapy.spidermiddlewares.referer.RefererMiddleware',
 'scrapy.spidermiddlewares.urllength.UrlLengthMiddleware',
 'scrapy.spidermiddlewares.depth.DepthMiddleware']
2019-12-12 03:44:12 [scrapy.middleware] INFO: Enabled item pipelines:
['spider_tophub.pipelines.MysqlTwistedPipeline']
2019-12-12 03:44:12 [scrapy.core.engine] INFO: Spider opened
2019-12-12 03:44:12 [scrapy.extensions.logstats] INFO: Crawled 0 pages (at 0 pages/min), scraped 0 items (at 0 items/min)
2019-12-12 03:44:12 [py.warnings] WARNING: /usr/local/lib/python3.7/site-packages/scrapy/spidermiddlewares/offsite.py:61: URLWarning: allowed_domains accepts only domains, not URLs. Ignoring URL entry http://iamsujie.com/ in allowed_domains.
  warnings.warn(message, URLWarning)

2019-12-12 03:44:12 [scrapy.extensions.telnet] INFO: Telnet console listening on 127.0.0.1:6023
2019-12-12 03:44:12 [scrapy.core.engine] DEBUG: Crawled (200) <GET http://iamsujie.com/robots.txt> (referer: None)
2019-12-12 03:44:14 [scrapy.core.engine] DEBUG: Crawled (200) <GET http://iamsujie.com/feed/> (referer: None)
2019-12-12 03:44:14 [scrapy.core.scraper] DEBUG: Scraped from <200 http://iamsujie.com/feed/>
None
2019-12-12 03:44:14 [scrapy.core.scraper] DEBUG: Scraped from <200 http://iamsujie.com/feed/>
None
2019-12-12 03:44:14 [scrapy.core.scraper] DEBUG: Scraped from <200 http://iamsujie.com/feed/>
None
2019-12-12 03:44:14 [scrapy.core.scraper] DEBUG: Scraped from <200 http://iamsujie.com/feed/>
None
2019-12-12 03:44:14 [scrapy.core.scraper] DEBUG: Scraped from <200 http://iamsujie.com/feed/>
None
2019-12-12 03:44:14 [scrapy.core.engine] INFO: Closing spider (finished)
2019-12-12 03:44:14 [scrapy.statscollectors] INFO: Dumping Scrapy stats:
{'downloader/request_bytes': 599,
 'downloader/request_count': 2,
 'downloader/request_method_count/GET': 2,
 'downloader/response_bytes': 21118,
 'downloader/response_count': 2,
 'downloader/response_status_count/200': 2,
 'elapsed_time_seconds': 2.441285,
 'finish_reason': 'finished',
 'finish_time': datetime.datetime(2019, 12, 12, 3, 44, 14, 698436),
 'item_scraped_count': 5,
 'log_count/DEBUG': 7,
 'log_count/INFO': 10,
 'log_count/WARNING': 1,
 'memusage/max': 57241600,
 'memusage/startup': 57241600,
 'response_received_count': 2,
 'robotstxt/request_count': 1,
 'robotstxt/response_count': 1,
 'robotstxt/response_status_count/200': 1,
 'scheduler/dequeued': 1,
 'scheduler/dequeued/memory': 1,
 'scheduler/enqueued': 1,
 'scheduler/enqueued/memory': 1,
 'start_time': datetime.datetime(2019, 12, 12, 3, 44, 12, 257151)}
2019-12-12 03:44:14 [scrapy.core.engine] INFO: Spider closed (finished)
2019-12-12 03:44:14 [urllib3.connectionpool] DEBUG: Starting new HTTP connection (1): elasticsearch:9200
2019-12-12 03:44:14 [urllib3.connectionpool] DEBUG: Starting new HTTP connection (1): elasticsearch:9200
2019-12-12 03:44:14 [urllib3.connectionpool] DEBUG: Starting new HTTP connection (1): elasticsearch:9200
2019-12-12 03:44:14 [urllib3.connectionpool] DEBUG: Starting new HTTP connection (1): elasticsearch:9200
2019-12-12 03:44:14 [urllib3.connectionpool] DEBUG: http://elasticsearch:9200 "HEAD /top HTTP/1.1" 200 0
2019-12-12 03:44:14 [elasticsearch] INFO: HEAD http://elasticsearch:9200/top [status:200 request:0.012s]
2019-12-12 03:44:14 [elasticsearch] DEBUG: > None
2019-12-12 03:44:14 [elasticsearch] DEBUG: < 
2019-12-12 03:44:14 [urllib3.connectionpool] DEBUG: http://elasticsearch:9200 "HEAD /top HTTP/1.1" 200 0
2019-12-12 03:44:14 [elasticsearch] INFO: HEAD http://elasticsearch:9200/top [status:200 request:0.013s]
2019-12-12 03:44:14 [elasticsearch] DEBUG: > None
2019-12-12 03:44:14 [elasticsearch] DEBUG: < 
2019-12-12 03:44:14 [urllib3.connectionpool] DEBUG: Starting new HTTP connection (1): elasticsearch:9200
2019-12-12 03:44:14 [urllib3.connectionpool] DEBUG: http://elasticsearch:9200 "HEAD /top HTTP/1.1" 200 0
2019-12-12 03:44:14 [elasticsearch] INFO: HEAD http://elasticsearch:9200/top [status:200 request:0.032s]
2019-12-12 03:44:14 [elasticsearch] DEBUG: > None
2019-12-12 03:44:14 [elasticsearch] DEBUG: < 
2019-12-12 03:44:14 [urllib3.connectionpool] DEBUG: http://elasticsearch:9200 "HEAD /top HTTP/1.1" 200 0
2019-12-12 03:44:14 [elasticsearch] INFO: HEAD http://elasticsearch:9200/top [status:200 request:0.036s]
2019-12-12 03:44:14 [elasticsearch] DEBUG: > None
2019-12-12 03:44:14 [elasticsearch] DEBUG: < 
2019-12-12 03:44:14 [urllib3.connectionpool] DEBUG: http://elasticsearch:9200 "HEAD /top HTTP/1.1" 200 0
2019-12-12 03:44:14 [elasticsearch] INFO: HEAD http://elasticsearch:9200/top [status:200 request:0.020s]
2019-12-12 03:44:14 [elasticsearch] DEBUG: > None
2019-12-12 03:44:14 [elasticsearch] DEBUG: < 
2019-12-12 03:44:14 [urllib3.connectionpool] DEBUG: http://elasticsearch:9200 "POST /top/_doc/889 HTTP/1.1" 201 157
2019-12-12 03:44:14 [elasticsearch] INFO: POST http://elasticsearch:9200/top/_doc/889 [status:201 request:0.041s]
2019-12-12 03:44:14 [elasticsearch] DEBUG: > {"title":"虚荣指标与作弊技巧","description_content":"4000 战略与规划","update_at":1576122254688}
2019-12-12 03:44:14 [elasticsearch] DEBUG: < {"_index":"top","_type":"_doc","_id":"889","_version":1,"result":"created","_shards":{"total":2,"successful":1,"failed":0},"_seq_no":1578,"_primary_term":13}
2019-12-12 03:44:14 [urllib3.connectionpool] DEBUG: http://elasticsearch:9200 "POST /top/_doc/890 HTTP/1.1" 201 157
2019-12-12 03:44:14 [elasticsearch] INFO: POST http://elasticsearch:9200/top/_doc/890 [status:201 request:0.055s]
2019-12-12 03:44:14 [elasticsearch] DEBUG: > {"title":"我和极客时间合作了一门产品创新课","description_content":"9000 人人都是产品经理","update_at":1576122254688}
2019-12-12 03:44:14 [elasticsearch] DEBUG: < {"_index":"top","_type":"_doc","_id":"890","_version":1,"result":"created","_shards":{"total":2,"successful":1,"failed":0},"_seq_no":1579,"_primary_term":13}
2019-12-12 03:44:14 [urllib3.connectionpool] DEBUG: http://elasticsearch:9200 "POST /top/_doc/891 HTTP/1.1" 201 157
2019-12-12 03:44:14 [elasticsearch] INFO: POST http://elasticsearch:9200/top/_doc/891 [status:201 request:0.043s]
2019-12-12 03:44:14 [elasticsearch] DEBUG: > {"title":"空么？——你先说什么事，我再决定有没有空","description_content":"7000 学习与成长","update_at":1576122254688}
2019-12-12 03:44:14 [elasticsearch] DEBUG: < {"_index":"top","_type":"_doc","_id":"891","_version":1,"result":"created","_shards":{"total":2,"successful":1,"failed":0},"_seq_no":1580,"_primary_term":13}
2019-12-12 03:44:14 [urllib3.connectionpool] DEBUG: http://elasticsearch:9200 "POST /top/_doc/892 HTTP/1.1" 201 157
2019-12-12 03:44:14 [elasticsearch] INFO: POST http://elasticsearch:9200/top/_doc/892 [status:201 request:0.056s]
2019-12-12 03:44:14 [elasticsearch] DEBUG: > {"title":"从MVP（Product）到MVP（Prototype）","description_content":"7000 学习与成长","update_at":1576122254688}
2019-12-12 03:44:14 [elasticsearch] DEBUG: < {"_index":"top","_type":"_doc","_id":"892","_version":1,"result":"created","_shards":{"total":2,"successful":1,"failed":0},"_seq_no":1581,"_primary_term":13}
2019-12-12 03:44:14 [urllib3.connectionpool] DEBUG: http://elasticsearch:9200 "POST /top/_doc/893 HTTP/1.1" 201 157
2019-12-12 03:44:14 [elasticsearch] INFO: POST http://elasticsearch:9200/top/_doc/893 [status:201 request:0.062s]
2019-12-12 03:44:14 [elasticsearch] DEBUG: > {"title":"2018-2019，盖个时间戳","description_content":"简单生活","update_at":1576122254688}
2019-12-12 03:44:14 [elasticsearch] DEBUG: < {"_index":"top","_type":"_doc","_id":"893","_version":1,"result":"created","_shards":{"total":2,"successful":1,"failed":0},"_seq_no":1582,"_primary_term":13}
