2019-12-12 03:21:43 [scrapy.utils.log] INFO: Scrapy 1.7.4 started (bot: spider_tophub)
2019-12-12 03:21:43 [scrapy.utils.log] INFO: Versions: lxml 4.4.1.0, libxml2 2.9.9, cssselect 1.1.0, parsel 1.5.2, w3lib 1.21.0, Twisted 19.7.0, Python 3.7.5 (default, Nov 23 2019, 05:59:34) - [GCC 8.3.0], pyOpenSSL 19.0.0 (OpenSSL 1.1.1d  10 Sep 2019), cryptography 2.8, Platform Linux-3.10.0-1062.1.2.el7.x86_64-x86_64-with-debian-10.2
2019-12-12 03:21:43 [scrapy.crawler] INFO: Overridden settings: {'BOT_NAME': 'spider_tophub', 'DOWNLOAD_DELAY': 1, 'LOG_FILE': 'logs/spider_tophub/codingnow/431d20481c8e11ea9d990242ac190004.log', 'NEWSPIDER_MODULE': 'spider_tophub.spiders', 'ROBOTSTXT_OBEY': True, 'SPIDER_MODULES': ['spider_tophub.spiders']}
2019-12-12 03:21:43 [scrapy.extensions.telnet] INFO: Telnet Password: 306fe24c7c407130
2019-12-12 03:21:43 [scrapy.middleware] INFO: Enabled extensions:
['scrapy.extensions.corestats.CoreStats',
 'scrapy.extensions.telnet.TelnetConsole',
 'scrapy.extensions.memusage.MemoryUsage',
 'scrapy.extensions.logstats.LogStats']
2019-12-12 03:21:43 [scrapy.middleware] INFO: Enabled downloader middlewares:
['scrapy.downloadermiddlewares.robotstxt.RobotsTxtMiddleware',
 'scrapy.downloadermiddlewares.httpauth.HttpAuthMiddleware',
 'scrapy.downloadermiddlewares.downloadtimeout.DownloadTimeoutMiddleware',
 'scrapy.downloadermiddlewares.defaultheaders.DefaultHeadersMiddleware',
 'scrapy.downloadermiddlewares.useragent.UserAgentMiddleware',
 'scrapy.downloadermiddlewares.retry.RetryMiddleware',
 'scrapy.downloadermiddlewares.redirect.MetaRefreshMiddleware',
 'scrapy.downloadermiddlewares.httpcompression.HttpCompressionMiddleware',
 'scrapy.downloadermiddlewares.redirect.RedirectMiddleware',
 'scrapy.downloadermiddlewares.cookies.CookiesMiddleware',
 'scrapy.downloadermiddlewares.httpproxy.HttpProxyMiddleware',
 'scrapy.downloadermiddlewares.stats.DownloaderStats']
2019-12-12 03:21:43 [scrapy.middleware] INFO: Enabled spider middlewares:
['scrapy.spidermiddlewares.httperror.HttpErrorMiddleware',
 'scrapy.spidermiddlewares.offsite.OffsiteMiddleware',
 'scrapy.spidermiddlewares.referer.RefererMiddleware',
 'scrapy.spidermiddlewares.urllength.UrlLengthMiddleware',
 'scrapy.spidermiddlewares.depth.DepthMiddleware']
2019-12-12 03:21:43 [scrapy.middleware] INFO: Enabled item pipelines:
['spider_tophub.pipelines.MysqlTwistedPipeline']
2019-12-12 03:21:43 [scrapy.core.engine] INFO: Spider opened
2019-12-12 03:21:43 [scrapy.extensions.logstats] INFO: Crawled 0 pages (at 0 pages/min), scraped 0 items (at 0 items/min)
2019-12-12 03:21:43 [scrapy.extensions.telnet] INFO: Telnet console listening on 127.0.0.1:6024
2019-12-12 03:21:45 [scrapy.core.engine] DEBUG: Crawled (404) <GET https://blog.codingnow.com/robots.txt> (referer: None)
2019-12-12 03:21:45 [scrapy.core.engine] DEBUG: Crawled (200) <GET https://blog.codingnow.com/> (referer: None)
2019-12-12 03:21:45 [scrapy.core.scraper] DEBUG: Scraped from <200 https://blog.codingnow.com/>
None
2019-12-12 03:21:45 [scrapy.core.scraper] DEBUG: Scraped from <200 https://blog.codingnow.com/>
None
2019-12-12 03:21:45 [scrapy.core.scraper] DEBUG: Scraped from <200 https://blog.codingnow.com/>
None
2019-12-12 03:21:45 [scrapy.core.scraper] DEBUG: Scraped from <200 https://blog.codingnow.com/>
None
2019-12-12 03:21:45 [scrapy.core.scraper] DEBUG: Scraped from <200 https://blog.codingnow.com/>
None
2019-12-12 03:21:45 [scrapy.core.scraper] DEBUG: Scraped from <200 https://blog.codingnow.com/>
None
2019-12-12 03:21:45 [scrapy.core.scraper] DEBUG: Scraped from <200 https://blog.codingnow.com/>
None
2019-12-12 03:21:45 [scrapy.core.engine] INFO: Closing spider (finished)
2019-12-12 03:21:45 [scrapy.statscollectors] INFO: Dumping Scrapy stats:
{'downloader/request_bytes': 444,
 'downloader/request_count': 2,
 'downloader/request_method_count/GET': 2,
 'downloader/response_bytes': 11507,
 'downloader/response_count': 2,
 'downloader/response_status_count/200': 1,
 'downloader/response_status_count/404': 1,
 'elapsed_time_seconds': 1.682099,
 'finish_reason': 'finished',
 'finish_time': datetime.datetime(2019, 12, 12, 3, 21, 45, 615267),
 'item_scraped_count': 7,
 'log_count/DEBUG': 9,
 'log_count/INFO': 10,
 'memusage/max': 57221120,
 'memusage/startup': 57221120,
 'response_received_count': 2,
 'robotstxt/request_count': 1,
 'robotstxt/response_count': 1,
 'robotstxt/response_status_count/404': 1,
 'scheduler/dequeued': 1,
 'scheduler/dequeued/memory': 1,
 'scheduler/enqueued': 1,
 'scheduler/enqueued/memory': 1,
 'start_time': datetime.datetime(2019, 12, 12, 3, 21, 43, 933168)}
2019-12-12 03:21:45 [scrapy.core.engine] INFO: Spider closed (finished)
2019-12-12 03:21:45 [urllib3.connectionpool] DEBUG: Starting new HTTP connection (1): elasticsearch:9200
2019-12-12 03:21:45 [urllib3.connectionpool] DEBUG: http://elasticsearch:9200 "HEAD /top HTTP/1.1" 200 0
2019-12-12 03:21:45 [elasticsearch] INFO: HEAD http://elasticsearch:9200/top [status:200 request:0.003s]
2019-12-12 03:21:45 [elasticsearch] DEBUG: > None
2019-12-12 03:21:45 [elasticsearch] DEBUG: < 
2019-12-12 03:21:45 [urllib3.connectionpool] DEBUG: Starting new HTTP connection (1): elasticsearch:9200
2019-12-12 03:21:45 [urllib3.connectionpool] DEBUG: Starting new HTTP connection (1): elasticsearch:9200
2019-12-12 03:21:45 [urllib3.connectionpool] DEBUG: Starting new HTTP connection (1): elasticsearch:9200
2019-12-12 03:21:45 [urllib3.connectionpool] DEBUG: http://elasticsearch:9200 "POST /top/_doc/603 HTTP/1.1" 201 157
2019-12-12 03:21:45 [elasticsearch] INFO: POST http://elasticsearch:9200/top/_doc/603 [status:201 request:0.012s]
2019-12-12 03:21:45 [elasticsearch] DEBUG: > {"title":"skynet 网络层的一点小优化","description_content":null,"update_at":1576120905601}
2019-12-12 03:21:45 [elasticsearch] DEBUG: < {"_index":"top","_type":"_doc","_id":"603","_version":1,"result":"created","_shards":{"total":2,"successful":1,"failed":0},"_seq_no":1127,"_primary_term":10}
2019-12-12 03:21:45 [urllib3.connectionpool] DEBUG: Starting new HTTP connection (1): elasticsearch:9200
2019-12-12 03:21:45 [urllib3.connectionpool] DEBUG: http://elasticsearch:9200 "HEAD /top HTTP/1.1" 200 0
2019-12-12 03:21:45 [elasticsearch] INFO: HEAD http://elasticsearch:9200/top [status:200 request:0.012s]
2019-12-12 03:21:45 [elasticsearch] DEBUG: > None
2019-12-12 03:21:45 [elasticsearch] DEBUG: < 
2019-12-12 03:21:45 [urllib3.connectionpool] DEBUG: http://elasticsearch:9200 "HEAD /top HTTP/1.1" 200 0
2019-12-12 03:21:45 [elasticsearch] INFO: HEAD http://elasticsearch:9200/top [status:200 request:0.014s]
2019-12-12 03:21:45 [elasticsearch] DEBUG: > None
2019-12-12 03:21:45 [elasticsearch] DEBUG: < 
2019-12-12 03:21:45 [urllib3.connectionpool] DEBUG: http://elasticsearch:9200 "HEAD /top HTTP/1.1" 200 0
2019-12-12 03:21:45 [elasticsearch] INFO: HEAD http://elasticsearch:9200/top [status:200 request:0.016s]
2019-12-12 03:21:45 [elasticsearch] DEBUG: > None
2019-12-12 03:21:45 [elasticsearch] DEBUG: < 
2019-12-12 03:21:45 [urllib3.connectionpool] DEBUG: http://elasticsearch:9200 "HEAD /top HTTP/1.1" 200 0
2019-12-12 03:21:45 [elasticsearch] INFO: HEAD http://elasticsearch:9200/top [status:200 request:0.013s]
2019-12-12 03:21:45 [elasticsearch] DEBUG: > None
2019-12-12 03:21:45 [elasticsearch] DEBUG: < 
2019-12-12 03:21:45 [urllib3.connectionpool] DEBUG: Starting new HTTP connection (1): elasticsearch:9200
2019-12-12 03:21:45 [urllib3.connectionpool] DEBUG: http://elasticsearch:9200 "HEAD /top HTTP/1.1" 200 0
2019-12-12 03:21:45 [elasticsearch] INFO: HEAD http://elasticsearch:9200/top [status:200 request:0.002s]
2019-12-12 03:21:45 [elasticsearch] DEBUG: > None
2019-12-12 03:21:45 [elasticsearch] DEBUG: < 
2019-12-12 03:21:45 [urllib3.connectionpool] DEBUG: http://elasticsearch:9200 "POST /top/_doc/606 HTTP/1.1" 201 157
2019-12-12 03:21:45 [elasticsearch] INFO: POST http://elasticsearch:9200/top/_doc/606 [status:201 request:0.011s]
2019-12-12 03:21:45 [elasticsearch] DEBUG: > {"title":"程序员修炼之道第二版开始翻译了","description_content":null,"update_at":1576120905601}
2019-12-12 03:21:45 [elasticsearch] DEBUG: < {"_index":"top","_type":"_doc","_id":"606","_version":1,"result":"created","_shards":{"total":2,"successful":1,"failed":0},"_seq_no":1128,"_primary_term":10}
2019-12-12 03:21:45 [urllib3.connectionpool] DEBUG: Starting new HTTP connection (1): elasticsearch:9200
2019-12-12 03:21:45 [urllib3.connectionpool] DEBUG: http://elasticsearch:9200 "HEAD /top HTTP/1.1" 200 0
2019-12-12 03:21:45 [elasticsearch] INFO: HEAD http://elasticsearch:9200/top [status:200 request:0.003s]
2019-12-12 03:21:45 [elasticsearch] DEBUG: > None
2019-12-12 03:21:45 [elasticsearch] DEBUG: < 
2019-12-12 03:21:45 [urllib3.connectionpool] DEBUG: http://elasticsearch:9200 "POST /top/_doc/604 HTTP/1.1" 201 157
2019-12-12 03:21:45 [elasticsearch] INFO: POST http://elasticsearch:9200/top/_doc/604 [status:201 request:0.021s]
2019-12-12 03:21:45 [elasticsearch] DEBUG: > {"title":"5 岁小朋友的游戏历程","description_content":null,"update_at":1576120905601}
2019-12-12 03:21:45 [elasticsearch] DEBUG: < {"_index":"top","_type":"_doc","_id":"604","_version":1,"result":"created","_shards":{"total":2,"successful":1,"failed":0},"_seq_no":1129,"_primary_term":10}
2019-12-12 03:21:45 [urllib3.connectionpool] DEBUG: http://elasticsearch:9200 "POST /top/_doc/605 HTTP/1.1" 201 157
2019-12-12 03:21:45 [elasticsearch] INFO: POST http://elasticsearch:9200/top/_doc/605 [status:201 request:0.028s]
2019-12-12 03:21:45 [elasticsearch] DEBUG: > {"title":"易于修改原则","description_content":null,"update_at":1576120905601}
2019-12-12 03:21:45 [elasticsearch] DEBUG: < {"_index":"top","_type":"_doc","_id":"605","_version":1,"result":"created","_shards":{"total":2,"successful":1,"failed":0},"_seq_no":1130,"_primary_term":10}
2019-12-12 03:21:45 [urllib3.connectionpool] DEBUG: http://elasticsearch:9200 "POST /top/_doc/607 HTTP/1.1" 201 157
2019-12-12 03:21:45 [elasticsearch] INFO: POST http://elasticsearch:9200/top/_doc/607 [status:201 request:0.031s]
2019-12-12 03:21:45 [elasticsearch] DEBUG: > {"title":"三国志战略版服务器卡顿问题","description_content":null,"update_at":1576120905601}
2019-12-12 03:21:45 [elasticsearch] DEBUG: < {"_index":"top","_type":"_doc","_id":"607","_version":1,"result":"created","_shards":{"total":2,"successful":1,"failed":0},"_seq_no":1131,"_primary_term":10}
2019-12-12 03:21:45 [urllib3.connectionpool] DEBUG: http://elasticsearch:9200 "POST /top/_doc/608 HTTP/1.1" 201 157
2019-12-12 03:21:45 [elasticsearch] INFO: POST http://elasticsearch:9200/top/_doc/608 [status:201 request:0.030s]
2019-12-12 03:21:45 [elasticsearch] DEBUG: > {"title":"群星的经济系统","description_content":null,"update_at":1576120905601}
2019-12-12 03:21:45 [elasticsearch] DEBUG: < {"_index":"top","_type":"_doc","_id":"608","_version":1,"result":"created","_shards":{"total":2,"successful":1,"failed":0},"_seq_no":1132,"_primary_term":10}
2019-12-12 03:21:45 [urllib3.connectionpool] DEBUG: http://elasticsearch:9200 "POST /top/_doc/609 HTTP/1.1" 201 157
2019-12-12 03:21:45 [elasticsearch] INFO: POST http://elasticsearch:9200/top/_doc/609 [status:201 request:0.026s]
2019-12-12 03:21:45 [elasticsearch] DEBUG: > {"title":"场景层次结构的管理","description_content":null,"update_at":1576120905601}
2019-12-12 03:21:45 [elasticsearch] DEBUG: < {"_index":"top","_type":"_doc","_id":"609","_version":1,"result":"created","_shards":{"total":2,"successful":1,"failed":0},"_seq_no":1133,"_primary_term":10}
