2019-12-12 12:25:43 [scrapy.utils.log] INFO: Scrapy 1.7.4 started (bot: spider_tophub)
2019-12-12 12:25:43 [scrapy.utils.log] INFO: Versions: lxml 4.4.1.0, libxml2 2.9.9, cssselect 1.1.0, parsel 1.5.2, w3lib 1.21.0, Twisted 19.7.0, Python 3.7.5 (default, Nov 23 2019, 05:59:34) - [GCC 8.3.0], pyOpenSSL 19.0.0 (OpenSSL 1.1.1d  10 Sep 2019), cryptography 2.8, Platform Linux-3.10.0-1062.1.2.el7.x86_64-x86_64-with-debian-10.2
2019-12-12 12:25:43 [scrapy.crawler] INFO: Overridden settings: {'BOT_NAME': 'spider_tophub', 'DOWNLOAD_DELAY': 1, 'LOG_FILE': 'logs/spider_tophub/github_trendingweekly/54c9c6881cda11ea831a0242ac1c0004.log', 'NEWSPIDER_MODULE': 'spider_tophub.spiders', 'SPIDER_MODULES': ['spider_tophub.spiders']}
2019-12-12 12:25:43 [scrapy.extensions.telnet] INFO: Telnet Password: b771d4f1f96228dc
2019-12-12 12:25:43 [scrapy.middleware] INFO: Enabled extensions:
['scrapy.extensions.corestats.CoreStats',
 'scrapy.extensions.telnet.TelnetConsole',
 'scrapy.extensions.memusage.MemoryUsage',
 'scrapy.extensions.logstats.LogStats']
2019-12-12 12:25:43 [scrapy.middleware] INFO: Enabled downloader middlewares:
['scrapy.downloadermiddlewares.httpauth.HttpAuthMiddleware',
 'scrapy.downloadermiddlewares.downloadtimeout.DownloadTimeoutMiddleware',
 'scrapy.downloadermiddlewares.defaultheaders.DefaultHeadersMiddleware',
 'scrapy.downloadermiddlewares.useragent.UserAgentMiddleware',
 'scrapy.downloadermiddlewares.retry.RetryMiddleware',
 'scrapy.downloadermiddlewares.redirect.MetaRefreshMiddleware',
 'scrapy.downloadermiddlewares.httpcompression.HttpCompressionMiddleware',
 'scrapy.downloadermiddlewares.redirect.RedirectMiddleware',
 'scrapy.downloadermiddlewares.cookies.CookiesMiddleware',
 'scrapy.downloadermiddlewares.httpproxy.HttpProxyMiddleware',
 'scrapy.downloadermiddlewares.stats.DownloaderStats']
2019-12-12 12:25:43 [scrapy.middleware] INFO: Enabled spider middlewares:
['scrapy.spidermiddlewares.httperror.HttpErrorMiddleware',
 'scrapy.spidermiddlewares.offsite.OffsiteMiddleware',
 'scrapy.spidermiddlewares.referer.RefererMiddleware',
 'scrapy.spidermiddlewares.urllength.UrlLengthMiddleware',
 'scrapy.spidermiddlewares.depth.DepthMiddleware']
2019-12-12 12:25:43 [scrapy.middleware] INFO: Enabled item pipelines:
['spider_tophub.pipelines.MysqlTwistedPipeline']
2019-12-12 12:25:43 [scrapy.core.engine] INFO: Spider opened
2019-12-12 12:25:43 [scrapy.extensions.logstats] INFO: Crawled 0 pages (at 0 pages/min), scraped 0 items (at 0 items/min)
2019-12-12 12:25:43 [scrapy.extensions.telnet] INFO: Telnet console listening on 127.0.0.1:6023
2019-12-12 12:25:45 [scrapy.core.engine] DEBUG: Crawled (200) <GET https://github.com/trending?since=weekly> (referer: None)
2019-12-12 12:25:46 [scrapy.core.scraper] DEBUG: Scraped from <200 https://github.com/trending?since=weekly>
None
2019-12-12 12:25:46 [scrapy.core.scraper] DEBUG: Scraped from <200 https://github.com/trending?since=weekly>
None
2019-12-12 12:25:46 [scrapy.core.scraper] DEBUG: Scraped from <200 https://github.com/trending?since=weekly>
None
2019-12-12 12:25:46 [scrapy.core.scraper] DEBUG: Scraped from <200 https://github.com/trending?since=weekly>
None
2019-12-12 12:25:46 [scrapy.core.scraper] DEBUG: Scraped from <200 https://github.com/trending?since=weekly>
None
2019-12-12 12:25:46 [scrapy.core.scraper] DEBUG: Scraped from <200 https://github.com/trending?since=weekly>
None
2019-12-12 12:25:46 [scrapy.core.scraper] DEBUG: Scraped from <200 https://github.com/trending?since=weekly>
None
2019-12-12 12:25:46 [scrapy.core.scraper] DEBUG: Scraped from <200 https://github.com/trending?since=weekly>
None
2019-12-12 12:25:46 [scrapy.core.scraper] DEBUG: Scraped from <200 https://github.com/trending?since=weekly>
None
2019-12-12 12:25:46 [scrapy.core.scraper] DEBUG: Scraped from <200 https://github.com/trending?since=weekly>
None
2019-12-12 12:25:46 [scrapy.core.scraper] DEBUG: Scraped from <200 https://github.com/trending?since=weekly>
None
2019-12-12 12:25:46 [scrapy.core.scraper] DEBUG: Scraped from <200 https://github.com/trending?since=weekly>
None
2019-12-12 12:25:46 [scrapy.core.scraper] DEBUG: Scraped from <200 https://github.com/trending?since=weekly>
None
2019-12-12 12:25:46 [scrapy.core.scraper] DEBUG: Scraped from <200 https://github.com/trending?since=weekly>
None
2019-12-12 12:25:46 [scrapy.core.scraper] DEBUG: Scraped from <200 https://github.com/trending?since=weekly>
None
2019-12-12 12:25:46 [scrapy.core.scraper] DEBUG: Scraped from <200 https://github.com/trending?since=weekly>
None
2019-12-12 12:25:46 [scrapy.core.scraper] DEBUG: Scraped from <200 https://github.com/trending?since=weekly>
None
2019-12-12 12:25:46 [scrapy.core.scraper] DEBUG: Scraped from <200 https://github.com/trending?since=weekly>
None
2019-12-12 12:25:46 [scrapy.core.scraper] DEBUG: Scraped from <200 https://github.com/trending?since=weekly>
None
2019-12-12 12:25:46 [scrapy.core.scraper] DEBUG: Scraped from <200 https://github.com/trending?since=weekly>
None
2019-12-12 12:25:46 [scrapy.core.scraper] DEBUG: Scraped from <200 https://github.com/trending?since=weekly>
None
2019-12-12 12:25:46 [scrapy.core.scraper] DEBUG: Scraped from <200 https://github.com/trending?since=weekly>
None
2019-12-12 12:25:46 [scrapy.core.scraper] DEBUG: Scraped from <200 https://github.com/trending?since=weekly>
None
2019-12-12 12:25:46 [scrapy.core.scraper] DEBUG: Scraped from <200 https://github.com/trending?since=weekly>
None
2019-12-12 12:25:46 [scrapy.core.scraper] DEBUG: Scraped from <200 https://github.com/trending?since=weekly>
None
2019-12-12 12:25:46 [scrapy.core.engine] INFO: Closing spider (finished)
2019-12-12 12:25:46 [scrapy.statscollectors] INFO: Dumping Scrapy stats:
{'downloader/request_bytes': 230,
 'downloader/request_count': 1,
 'downloader/request_method_count/GET': 1,
 'downloader/response_bytes': 36875,
 'downloader/response_count': 1,
 'downloader/response_status_count/200': 1,
 'elapsed_time_seconds': 2.145768,
 'finish_reason': 'finished',
 'finish_time': datetime.datetime(2019, 12, 12, 12, 25, 46, 134151),
 'item_scraped_count': 25,
 'log_count/DEBUG': 26,
 'log_count/INFO': 10,
 'memusage/max': 57212928,
 'memusage/startup': 57212928,
 'response_received_count': 1,
 'scheduler/dequeued': 1,
 'scheduler/dequeued/memory': 1,
 'scheduler/enqueued': 1,
 'scheduler/enqueued/memory': 1,
 'start_time': datetime.datetime(2019, 12, 12, 12, 25, 43, 988383)}
2019-12-12 12:25:46 [scrapy.core.engine] INFO: Spider closed (finished)
2019-12-12 12:25:46 [urllib3.connectionpool] DEBUG: Starting new HTTP connection (1): elasticsearch:9200
2019-12-12 12:25:46 [urllib3.connectionpool] DEBUG: Starting new HTTP connection (1): elasticsearch:9200
2019-12-12 12:25:46 [urllib3.connectionpool] DEBUG: Starting new HTTP connection (1): elasticsearch:9200
2019-12-12 12:25:46 [urllib3.connectionpool] DEBUG: Starting new HTTP connection (1): elasticsearch:9200
2019-12-12 12:25:46 [urllib3.connectionpool] DEBUG: http://elasticsearch:9200 "HEAD /top HTTP/1.1" 200 0
2019-12-12 12:25:46 [elasticsearch] INFO: HEAD http://elasticsearch:9200/top [status:200 request:0.012s]
2019-12-12 12:25:46 [elasticsearch] DEBUG: > None
2019-12-12 12:25:46 [elasticsearch] DEBUG: < 
2019-12-12 12:25:46 [urllib3.connectionpool] DEBUG: http://elasticsearch:9200 "HEAD /top HTTP/1.1" 200 0
2019-12-12 12:25:46 [elasticsearch] INFO: HEAD http://elasticsearch:9200/top [status:200 request:0.014s]
2019-12-12 12:25:46 [elasticsearch] DEBUG: > None
2019-12-12 12:25:46 [elasticsearch] DEBUG: < 
2019-12-12 12:25:46 [urllib3.connectionpool] DEBUG: http://elasticsearch:9200 "HEAD /top HTTP/1.1" 200 0
2019-12-12 12:25:46 [elasticsearch] INFO: HEAD http://elasticsearch:9200/top [status:200 request:0.013s]
2019-12-12 12:25:46 [elasticsearch] DEBUG: > None
2019-12-12 12:25:46 [elasticsearch] DEBUG: < 
2019-12-12 12:25:46 [urllib3.connectionpool] DEBUG: http://elasticsearch:9200 "HEAD /top HTTP/1.1" 200 0
2019-12-12 12:25:46 [elasticsearch] INFO: HEAD http://elasticsearch:9200/top [status:200 request:0.008s]
2019-12-12 12:25:46 [elasticsearch] DEBUG: > None
2019-12-12 12:25:46 [elasticsearch] DEBUG: < 
2019-12-12 12:25:46 [urllib3.connectionpool] DEBUG: Starting new HTTP connection (1): elasticsearch:9200
2019-12-12 12:25:46 [urllib3.connectionpool] DEBUG: http://elasticsearch:9200 "HEAD /top HTTP/1.1" 200 0
2019-12-12 12:25:46 [elasticsearch] INFO: HEAD http://elasticsearch:9200/top [status:200 request:0.002s]
2019-12-12 12:25:46 [elasticsearch] DEBUG: > None
2019-12-12 12:25:46 [elasticsearch] DEBUG: < 
2019-12-12 12:25:46 [urllib3.connectionpool] DEBUG: http://elasticsearch:9200 "POST /top/_doc/3121 HTTP/1.1" 200 159
2019-12-12 12:25:46 [elasticsearch] INFO: POST http://elasticsearch:9200/top/_doc/3121 [status:200 request:0.010s]
2019-12-12 12:25:46 [elasticsearch] DEBUG: > {"title":"facebookresearch/demucs","description_content":"889 stars","update_at":1576153546081}
2019-12-12 12:25:46 [elasticsearch] DEBUG: < {"_index":"top","_type":"_doc","_id":"3121","_version":20,"result":"updated","_shards":{"total":2,"successful":1,"failed":0},"_seq_no":91491,"_primary_term":1}
2019-12-12 12:25:46 [urllib3.connectionpool] DEBUG: http://elasticsearch:9200 "POST /top/_doc/3124 HTTP/1.1" 200 159
2019-12-12 12:25:46 [elasticsearch] INFO: POST http://elasticsearch:9200/top/_doc/3124 [status:200 request:0.016s]
2019-12-12 12:25:46 [elasticsearch] DEBUG: > {"title":"mozilla/DeepSpeech","description_content":"12369 stars","update_at":1576153546081}
2019-12-12 12:25:46 [elasticsearch] DEBUG: < {"_index":"top","_type":"_doc","_id":"3124","_version":20,"result":"updated","_shards":{"total":2,"successful":1,"failed":0},"_seq_no":91492,"_primary_term":1}
2019-12-12 12:25:46 [urllib3.connectionpool] DEBUG: Starting new HTTP connection (1): elasticsearch:9200
2019-12-12 12:25:46 [urllib3.connectionpool] DEBUG: http://elasticsearch:9200 "HEAD /top HTTP/1.1" 200 0
2019-12-12 12:25:46 [elasticsearch] INFO: HEAD http://elasticsearch:9200/top [status:200 request:0.003s]
2019-12-12 12:25:46 [elasticsearch] DEBUG: > None
2019-12-12 12:25:46 [elasticsearch] DEBUG: < 
2019-12-12 12:25:46 [urllib3.connectionpool] DEBUG: http://elasticsearch:9200 "POST /top/_doc/4426 HTTP/1.1" 200 159
2019-12-12 12:25:46 [elasticsearch] INFO: POST http://elasticsearch:9200/top/_doc/4426 [status:200 request:0.021s]
2019-12-12 12:25:46 [elasticsearch] DEBUG: > {"title":"JohnSundell/Plot","description_content":"828 stars","update_at":1576153546081}
2019-12-12 12:25:46 [elasticsearch] DEBUG: < {"_index":"top","_type":"_doc","_id":"4426","_version":11,"result":"updated","_shards":{"total":2,"successful":1,"failed":0},"_seq_no":91493,"_primary_term":1}
2019-12-12 12:25:46 [urllib3.connectionpool] DEBUG: Starting new HTTP connection (1): elasticsearch:9200
2019-12-12 12:25:46 [urllib3.connectionpool] DEBUG: http://elasticsearch:9200 "HEAD /top HTTP/1.1" 200 0
2019-12-12 12:25:46 [elasticsearch] INFO: HEAD http://elasticsearch:9200/top [status:200 request:0.002s]
2019-12-12 12:25:46 [elasticsearch] DEBUG: > None
2019-12-12 12:25:46 [elasticsearch] DEBUG: < 
2019-12-12 12:25:46 [urllib3.connectionpool] DEBUG: http://elasticsearch:9200 "POST /top/_doc/4425 HTTP/1.1" 200 159
2019-12-12 12:25:46 [elasticsearch] INFO: POST http://elasticsearch:9200/top/_doc/4425 [status:200 request:0.023s]
2019-12-12 12:25:46 [elasticsearch] DEBUG: > {"title":"Netflix/metaflow","description_content":"1958 stars","update_at":1576153546081}
2019-12-12 12:25:46 [elasticsearch] DEBUG: < {"_index":"top","_type":"_doc","_id":"4425","_version":11,"result":"updated","_shards":{"total":2,"successful":1,"failed":0},"_seq_no":91494,"_primary_term":1}
2019-12-12 12:25:46 [urllib3.connectionpool] DEBUG: Starting new HTTP connection (1): elasticsearch:9200
2019-12-12 12:25:46 [urllib3.connectionpool] DEBUG: http://elasticsearch:9200 "HEAD /top HTTP/1.1" 200 0
2019-12-12 12:25:46 [elasticsearch] INFO: HEAD http://elasticsearch:9200/top [status:200 request:0.002s]
2019-12-12 12:25:46 [elasticsearch] DEBUG: > None
2019-12-12 12:25:46 [elasticsearch] DEBUG: < 
2019-12-12 12:25:46 [urllib3.connectionpool] DEBUG: http://elasticsearch:9200 "POST /top/_doc/4427 HTTP/1.1" 200 159
2019-12-12 12:25:46 [elasticsearch] INFO: POST http://elasticsearch:9200/top/_doc/4427 [status:200 request:0.025s]
2019-12-12 12:25:46 [elasticsearch] DEBUG: > {"title":"bytefury/crater","description_content":"949 stars","update_at":1576153546081}
2019-12-12 12:25:46 [elasticsearch] DEBUG: < {"_index":"top","_type":"_doc","_id":"4427","_version":11,"result":"updated","_shards":{"total":2,"successful":1,"failed":0},"_seq_no":91495,"_primary_term":1}
2019-12-12 12:25:46 [urllib3.connectionpool] DEBUG: Starting new HTTP connection (1): elasticsearch:9200
2019-12-12 12:25:46 [urllib3.connectionpool] DEBUG: http://elasticsearch:9200 "HEAD /top HTTP/1.1" 200 0
2019-12-12 12:25:46 [elasticsearch] INFO: HEAD http://elasticsearch:9200/top [status:200 request:0.002s]
2019-12-12 12:25:46 [elasticsearch] DEBUG: > None
2019-12-12 12:25:46 [elasticsearch] DEBUG: < 
2019-12-12 12:25:46 [urllib3.connectionpool] DEBUG: http://elasticsearch:9200 "POST /top/_doc/3125 HTTP/1.1" 200 159
2019-12-12 12:25:46 [elasticsearch] INFO: POST http://elasticsearch:9200/top/_doc/3125 [status:200 request:0.020s]
2019-12-12 12:25:46 [elasticsearch] DEBUG: > {"title":"denoland/deno","description_content":"40131 stars","update_at":1576153546081}
2019-12-12 12:25:46 [elasticsearch] DEBUG: < {"_index":"top","_type":"_doc","_id":"3125","_version":20,"result":"updated","_shards":{"total":2,"successful":1,"failed":0},"_seq_no":91496,"_primary_term":1}
2019-12-12 12:25:46 [urllib3.connectionpool] DEBUG: Starting new HTTP connection (1): elasticsearch:9200
2019-12-12 12:25:46 [urllib3.connectionpool] DEBUG: http://elasticsearch:9200 "HEAD /top HTTP/1.1" 200 0
2019-12-12 12:25:46 [elasticsearch] INFO: HEAD http://elasticsearch:9200/top [status:200 request:0.003s]
2019-12-12 12:25:46 [elasticsearch] DEBUG: > None
2019-12-12 12:25:46 [elasticsearch] DEBUG: < 
2019-12-12 12:25:46 [urllib3.connectionpool] DEBUG: http://elasticsearch:9200 "POST /top/_doc/3126 HTTP/1.1" 200 159
2019-12-12 12:25:46 [elasticsearch] INFO: POST http://elasticsearch:9200/top/_doc/3126 [status:200 request:0.022s]
2019-12-12 12:25:46 [elasticsearch] DEBUG: > {"title":"iptv-org/iptv","description_content":"11124 stars","update_at":1576153546081}
2019-12-12 12:25:46 [elasticsearch] DEBUG: < {"_index":"top","_type":"_doc","_id":"3126","_version":20,"result":"updated","_shards":{"total":2,"successful":1,"failed":0},"_seq_no":91497,"_primary_term":1}
2019-12-12 12:25:46 [urllib3.connectionpool] DEBUG: Starting new HTTP connection (1): elasticsearch:9200
2019-12-12 12:25:46 [urllib3.connectionpool] DEBUG: http://elasticsearch:9200 "HEAD /top HTTP/1.1" 200 0
2019-12-12 12:25:46 [elasticsearch] INFO: HEAD http://elasticsearch:9200/top [status:200 request:0.005s]
2019-12-12 12:25:46 [elasticsearch] DEBUG: > None
2019-12-12 12:25:46 [elasticsearch] DEBUG: < 
2019-12-12 12:25:46 [urllib3.connectionpool] DEBUG: http://elasticsearch:9200 "POST /top/_doc/3129 HTTP/1.1" 200 159
2019-12-12 12:25:46 [elasticsearch] INFO: POST http://elasticsearch:9200/top/_doc/3129 [status:200 request:0.027s]
2019-12-12 12:25:46 [elasticsearch] DEBUG: > {"title":"testerSunshine/12306","description_content":"18368 stars","update_at":1576153546081}
2019-12-12 12:25:46 [elasticsearch] DEBUG: < {"_index":"top","_type":"_doc","_id":"3129","_version":20,"result":"updated","_shards":{"total":2,"successful":1,"failed":0},"_seq_no":91498,"_primary_term":1}
2019-12-12 12:25:46 [urllib3.connectionpool] DEBUG: Starting new HTTP connection (1): elasticsearch:9200
2019-12-12 12:25:46 [urllib3.connectionpool] DEBUG: http://elasticsearch:9200 "HEAD /top HTTP/1.1" 200 0
2019-12-12 12:25:46 [elasticsearch] INFO: HEAD http://elasticsearch:9200/top [status:200 request:0.003s]
2019-12-12 12:25:46 [elasticsearch] DEBUG: > None
2019-12-12 12:25:46 [elasticsearch] DEBUG: < 
2019-12-12 12:25:46 [urllib3.connectionpool] DEBUG: http://elasticsearch:9200 "POST /top/_doc/3123 HTTP/1.1" 200 159
2019-12-12 12:25:46 [elasticsearch] INFO: POST http://elasticsearch:9200/top/_doc/3123 [status:200 request:0.028s]
2019-12-12 12:25:46 [elasticsearch] DEBUG: > {"title":"trekhleb/javascript-algorithms","description_content":"57606 stars","update_at":1576153546081}
2019-12-12 12:25:46 [elasticsearch] DEBUG: < {"_index":"top","_type":"_doc","_id":"3123","_version":20,"result":"updated","_shards":{"total":2,"successful":1,"failed":0},"_seq_no":91499,"_primary_term":1}
2019-12-12 12:25:46 [urllib3.connectionpool] DEBUG: Starting new HTTP connection (1): elasticsearch:9200
2019-12-12 12:25:46 [urllib3.connectionpool] DEBUG: http://elasticsearch:9200 "HEAD /top HTTP/1.1" 200 0
2019-12-12 12:25:46 [elasticsearch] INFO: HEAD http://elasticsearch:9200/top [status:200 request:0.003s]
2019-12-12 12:25:46 [elasticsearch] DEBUG: > None
2019-12-12 12:25:46 [elasticsearch] DEBUG: < 
2019-12-12 12:25:46 [urllib3.connectionpool] DEBUG: http://elasticsearch:9200 "POST /top/_doc/3128 HTTP/1.1" 200 159
2019-12-12 12:25:46 [elasticsearch] INFO: POST http://elasticsearch:9200/top/_doc/3128 [status:200 request:0.025s]
2019-12-12 12:25:46 [elasticsearch] DEBUG: > {"title":"halo-dev/halo","description_content":"10910 stars","update_at":1576153546081}
2019-12-12 12:25:46 [elasticsearch] DEBUG: < {"_index":"top","_type":"_doc","_id":"3128","_version":20,"result":"updated","_shards":{"total":2,"successful":1,"failed":0},"_seq_no":91500,"_primary_term":1}
2019-12-12 12:25:46 [urllib3.connectionpool] DEBUG: Starting new HTTP connection (1): elasticsearch:9200
2019-12-12 12:25:46 [urllib3.connectionpool] DEBUG: http://elasticsearch:9200 "HEAD /top HTTP/1.1" 200 0
2019-12-12 12:25:46 [elasticsearch] INFO: HEAD http://elasticsearch:9200/top [status:200 request:0.002s]
2019-12-12 12:25:46 [elasticsearch] DEBUG: > None
2019-12-12 12:25:46 [elasticsearch] DEBUG: < 
2019-12-12 12:25:46 [urllib3.connectionpool] DEBUG: http://elasticsearch:9200 "POST /top/_doc/4428 HTTP/1.1" 200 159
2019-12-12 12:25:46 [elasticsearch] INFO: POST http://elasticsearch:9200/top/_doc/4428 [status:200 request:0.023s]
2019-12-12 12:25:46 [elasticsearch] DEBUG: > {"title":"wuyouzhuguli/SpringAll","description_content":"11402 stars","update_at":1576153546081}
2019-12-12 12:25:46 [elasticsearch] DEBUG: < {"_index":"top","_type":"_doc","_id":"4428","_version":11,"result":"updated","_shards":{"total":2,"successful":1,"failed":0},"_seq_no":91501,"_primary_term":1}
2019-12-12 12:25:46 [urllib3.connectionpool] DEBUG: Starting new HTTP connection (1): elasticsearch:9200
2019-12-12 12:25:46 [urllib3.connectionpool] DEBUG: http://elasticsearch:9200 "HEAD /top HTTP/1.1" 200 0
2019-12-12 12:25:46 [elasticsearch] INFO: HEAD http://elasticsearch:9200/top [status:200 request:0.004s]
2019-12-12 12:25:46 [elasticsearch] DEBUG: > None
2019-12-12 12:25:46 [elasticsearch] DEBUG: < 
2019-12-12 12:25:46 [urllib3.connectionpool] DEBUG: http://elasticsearch:9200 "POST /top/_doc/3141 HTTP/1.1" 200 159
2019-12-12 12:25:46 [elasticsearch] INFO: POST http://elasticsearch:9200/top/_doc/3141 [status:200 request:0.023s]
2019-12-12 12:25:46 [elasticsearch] DEBUG: > {"title":"ShusenTang/Dive-into-DL-PyTorch","description_content":"5969 stars","update_at":1576153546081}
2019-12-12 12:25:46 [elasticsearch] DEBUG: < {"_index":"top","_type":"_doc","_id":"3141","_version":20,"result":"updated","_shards":{"total":2,"successful":1,"failed":0},"_seq_no":91502,"_primary_term":1}
2019-12-12 12:25:46 [urllib3.connectionpool] DEBUG: Starting new HTTP connection (1): elasticsearch:9200
2019-12-12 12:25:46 [urllib3.connectionpool] DEBUG: http://elasticsearch:9200 "HEAD /top HTTP/1.1" 200 0
2019-12-12 12:25:46 [elasticsearch] INFO: HEAD http://elasticsearch:9200/top [status:200 request:0.002s]
2019-12-12 12:25:46 [elasticsearch] DEBUG: > None
2019-12-12 12:25:46 [elasticsearch] DEBUG: < 
2019-12-12 12:25:46 [urllib3.connectionpool] DEBUG: Starting new HTTP connection (1): elasticsearch:9200
2019-12-12 12:25:46 [urllib3.connectionpool] DEBUG: http://elasticsearch:9200 "POST /top/_doc/3122 HTTP/1.1" 200 159
2019-12-12 12:25:46 [elasticsearch] INFO: POST http://elasticsearch:9200/top/_doc/3122 [status:200 request:0.024s]
2019-12-12 12:25:46 [elasticsearch] DEBUG: > {"title":"alibaba/Alink","description_content":"1457 stars","update_at":1576153546081}
2019-12-12 12:25:46 [elasticsearch] DEBUG: < {"_index":"top","_type":"_doc","_id":"3122","_version":20,"result":"updated","_shards":{"total":2,"successful":1,"failed":0},"_seq_no":91503,"_primary_term":1}
2019-12-12 12:25:46 [urllib3.connectionpool] DEBUG: http://elasticsearch:9200 "HEAD /top HTTP/1.1" 200 0
2019-12-12 12:25:46 [elasticsearch] INFO: HEAD http://elasticsearch:9200/top [status:200 request:0.003s]
2019-12-12 12:25:46 [elasticsearch] DEBUG: > None
2019-12-12 12:25:46 [elasticsearch] DEBUG: < 
2019-12-12 12:25:46 [urllib3.connectionpool] DEBUG: http://elasticsearch:9200 "POST /top/_doc/3135 HTTP/1.1" 200 159
2019-12-12 12:25:46 [elasticsearch] INFO: POST http://elasticsearch:9200/top/_doc/3135 [status:200 request:0.024s]
2019-12-12 12:25:46 [elasticsearch] DEBUG: > {"title":"zhisheng17/flink-learning","description_content":"3835 stars","update_at":1576153546081}
2019-12-12 12:25:46 [elasticsearch] DEBUG: < {"_index":"top","_type":"_doc","_id":"3135","_version":20,"result":"updated","_shards":{"total":2,"successful":1,"failed":0},"_seq_no":91504,"_primary_term":1}
2019-12-12 12:25:46 [urllib3.connectionpool] DEBUG: Starting new HTTP connection (1): elasticsearch:9200
2019-12-12 12:25:46 [urllib3.connectionpool] DEBUG: http://elasticsearch:9200 "HEAD /top HTTP/1.1" 200 0
2019-12-12 12:25:46 [elasticsearch] INFO: HEAD http://elasticsearch:9200/top [status:200 request:0.002s]
2019-12-12 12:25:46 [elasticsearch] DEBUG: > None
2019-12-12 12:25:46 [elasticsearch] DEBUG: < 
2019-12-12 12:25:46 [urllib3.connectionpool] DEBUG: http://elasticsearch:9200 "POST /top/_doc/3133 HTTP/1.1" 200 159
2019-12-12 12:25:46 [elasticsearch] INFO: POST http://elasticsearch:9200/top/_doc/3133 [status:200 request:0.023s]
2019-12-12 12:25:46 [elasticsearch] DEBUG: > {"title":"londonappbrewery/Flutter-Course-Resources","description_content":"1184 stars","update_at":1576153546081}
2019-12-12 12:25:46 [elasticsearch] DEBUG: < {"_index":"top","_type":"_doc","_id":"3133","_version":20,"result":"updated","_shards":{"total":2,"successful":1,"failed":0},"_seq_no":91505,"_primary_term":1}
2019-12-12 12:25:46 [urllib3.connectionpool] DEBUG: Starting new HTTP connection (1): elasticsearch:9200
2019-12-12 12:25:46 [urllib3.connectionpool] DEBUG: http://elasticsearch:9200 "HEAD /top HTTP/1.1" 200 0
2019-12-12 12:25:46 [elasticsearch] INFO: HEAD http://elasticsearch:9200/top [status:200 request:0.003s]
2019-12-12 12:25:46 [elasticsearch] DEBUG: > None
2019-12-12 12:25:46 [elasticsearch] DEBUG: < 
2019-12-12 12:25:46 [urllib3.connectionpool] DEBUG: Starting new HTTP connection (1): elasticsearch:9200
2019-12-12 12:25:46 [urllib3.connectionpool] DEBUG: http://elasticsearch:9200 "POST /top/_doc/4429 HTTP/1.1" 200 159
2019-12-12 12:25:46 [elasticsearch] INFO: POST http://elasticsearch:9200/top/_doc/4429 [status:200 request:0.025s]
2019-12-12 12:25:46 [elasticsearch] DEBUG: > {"title":"rclone/rclone","description_content":"17766 stars","update_at":1576153546081}
2019-12-12 12:25:46 [elasticsearch] DEBUG: < {"_index":"top","_type":"_doc","_id":"4429","_version":11,"result":"updated","_shards":{"total":2,"successful":1,"failed":0},"_seq_no":91506,"_primary_term":1}
2019-12-12 12:25:46 [urllib3.connectionpool] DEBUG: http://elasticsearch:9200 "HEAD /top HTTP/1.1" 200 0
2019-12-12 12:25:46 [elasticsearch] INFO: HEAD http://elasticsearch:9200/top [status:200 request:0.004s]
2019-12-12 12:25:46 [elasticsearch] DEBUG: > None
2019-12-12 12:25:46 [elasticsearch] DEBUG: < 
2019-12-12 12:25:46 [urllib3.connectionpool] DEBUG: http://elasticsearch:9200 "POST /top/_doc/3138 HTTP/1.1" 200 159
2019-12-12 12:25:46 [elasticsearch] INFO: POST http://elasticsearch:9200/top/_doc/3138 [status:200 request:0.024s]
2019-12-12 12:25:46 [elasticsearch] DEBUG: > {"title":"coolsnowwolf/lede","description_content":"5699 stars","update_at":1576153546081}
2019-12-12 12:25:46 [elasticsearch] DEBUG: < {"_index":"top","_type":"_doc","_id":"3138","_version":20,"result":"updated","_shards":{"total":2,"successful":1,"failed":0},"_seq_no":91507,"_primary_term":1}
2019-12-12 12:25:46 [urllib3.connectionpool] DEBUG: Starting new HTTP connection (1): elasticsearch:9200
2019-12-12 12:25:46 [urllib3.connectionpool] DEBUG: http://elasticsearch:9200 "HEAD /top HTTP/1.1" 200 0
2019-12-12 12:25:46 [elasticsearch] INFO: HEAD http://elasticsearch:9200/top [status:200 request:0.002s]
2019-12-12 12:25:46 [elasticsearch] DEBUG: > None
2019-12-12 12:25:46 [elasticsearch] DEBUG: < 
2019-12-12 12:25:46 [urllib3.connectionpool] DEBUG: http://elasticsearch:9200 "POST /top/_doc/3139 HTTP/1.1" 200 159
2019-12-12 12:25:46 [elasticsearch] INFO: POST http://elasticsearch:9200/top/_doc/3139 [status:200 request:0.022s]
2019-12-12 12:25:46 [elasticsearch] DEBUG: > {"title":"makepad/makepad","description_content":"777 stars","update_at":1576153546081}
2019-12-12 12:25:46 [elasticsearch] DEBUG: < {"_index":"top","_type":"_doc","_id":"3139","_version":20,"result":"updated","_shards":{"total":2,"successful":1,"failed":0},"_seq_no":91508,"_primary_term":1}
2019-12-12 12:25:46 [urllib3.connectionpool] DEBUG: Starting new HTTP connection (1): elasticsearch:9200
2019-12-12 12:25:46 [urllib3.connectionpool] DEBUG: http://elasticsearch:9200 "HEAD /top HTTP/1.1" 200 0
2019-12-12 12:25:46 [elasticsearch] INFO: HEAD http://elasticsearch:9200/top [status:200 request:0.002s]
2019-12-12 12:25:46 [elasticsearch] DEBUG: > None
2019-12-12 12:25:46 [elasticsearch] DEBUG: < 
2019-12-12 12:25:46 [urllib3.connectionpool] DEBUG: http://elasticsearch:9200 "POST /top/_doc/3136 HTTP/1.1" 200 159
2019-12-12 12:25:46 [elasticsearch] INFO: POST http://elasticsearch:9200/top/_doc/3136 [status:200 request:0.021s]
2019-12-12 12:25:46 [elasticsearch] DEBUG: > {"title":"heibaiying/BigData-Notes","description_content":"3303 stars","update_at":1576153546081}
2019-12-12 12:25:46 [elasticsearch] DEBUG: < {"_index":"top","_type":"_doc","_id":"3136","_version":20,"result":"updated","_shards":{"total":2,"successful":1,"failed":0},"_seq_no":91509,"_primary_term":1}
2019-12-12 12:25:46 [urllib3.connectionpool] DEBUG: Starting new HTTP connection (1): elasticsearch:9200
2019-12-12 12:25:46 [urllib3.connectionpool] DEBUG: http://elasticsearch:9200 "HEAD /top HTTP/1.1" 200 0
2019-12-12 12:25:46 [elasticsearch] INFO: HEAD http://elasticsearch:9200/top [status:200 request:0.002s]
2019-12-12 12:25:46 [elasticsearch] DEBUG: > None
2019-12-12 12:25:46 [elasticsearch] DEBUG: < 
2019-12-12 12:25:46 [urllib3.connectionpool] DEBUG: http://elasticsearch:9200 "POST /top/_doc/3144 HTTP/1.1" 200 159
2019-12-12 12:25:46 [elasticsearch] INFO: POST http://elasticsearch:9200/top/_doc/3144 [status:200 request:0.020s]
2019-12-12 12:25:46 [elasticsearch] DEBUG: > {"title":"jellyfin/jellyfin","description_content":"4744 stars","update_at":1576153546081}
2019-12-12 12:25:46 [elasticsearch] DEBUG: < {"_index":"top","_type":"_doc","_id":"3144","_version":20,"result":"updated","_shards":{"total":2,"successful":1,"failed":0},"_seq_no":91510,"_primary_term":1}
2019-12-12 12:25:46 [urllib3.connectionpool] DEBUG: Starting new HTTP connection (1): elasticsearch:9200
2019-12-12 12:25:46 [urllib3.connectionpool] DEBUG: http://elasticsearch:9200 "HEAD /top HTTP/1.1" 200 0
2019-12-12 12:25:46 [elasticsearch] INFO: HEAD http://elasticsearch:9200/top [status:200 request:0.002s]
2019-12-12 12:25:46 [elasticsearch] DEBUG: > None
2019-12-12 12:25:46 [elasticsearch] DEBUG: < 
2019-12-12 12:25:46 [urllib3.connectionpool] DEBUG: http://elasticsearch:9200 "POST /top/_doc/4430 HTTP/1.1" 200 159
2019-12-12 12:25:46 [elasticsearch] INFO: POST http://elasticsearch:9200/top/_doc/4430 [status:200 request:0.019s]
2019-12-12 12:25:46 [elasticsearch] DEBUG: > {"title":"arendst/Tasmota","description_content":"8774 stars","update_at":1576153546081}
2019-12-12 12:25:46 [elasticsearch] DEBUG: < {"_index":"top","_type":"_doc","_id":"4430","_version":11,"result":"updated","_shards":{"total":2,"successful":1,"failed":0},"_seq_no":91511,"_primary_term":1}
2019-12-12 12:25:46 [urllib3.connectionpool] DEBUG: Starting new HTTP connection (1): elasticsearch:9200
2019-12-12 12:25:46 [urllib3.connectionpool] DEBUG: http://elasticsearch:9200 "HEAD /top HTTP/1.1" 200 0
2019-12-12 12:25:46 [elasticsearch] INFO: HEAD http://elasticsearch:9200/top [status:200 request:0.002s]
2019-12-12 12:25:46 [elasticsearch] DEBUG: > None
2019-12-12 12:25:46 [elasticsearch] DEBUG: < 
2019-12-12 12:25:46 [urllib3.connectionpool] DEBUG: http://elasticsearch:9200 "POST /top/_doc/3127 HTTP/1.1" 200 159
2019-12-12 12:25:46 [elasticsearch] INFO: POST http://elasticsearch:9200/top/_doc/3127 [status:200 request:0.019s]
2019-12-12 12:25:46 [elasticsearch] DEBUG: > {"title":"zhangdaiscott/jeecg-boot","description_content":"8485 stars","update_at":1576153546081}
2019-12-12 12:25:46 [elasticsearch] DEBUG: < {"_index":"top","_type":"_doc","_id":"3127","_version":20,"result":"updated","_shards":{"total":2,"successful":1,"failed":0},"_seq_no":91512,"_primary_term":1}
2019-12-12 12:25:46 [urllib3.connectionpool] DEBUG: http://elasticsearch:9200 "POST /top/_doc/3140 HTTP/1.1" 200 159
2019-12-12 12:25:46 [elasticsearch] INFO: POST http://elasticsearch:9200/top/_doc/3140 [status:200 request:0.017s]
2019-12-12 12:25:46 [elasticsearch] DEBUG: > {"title":"ffuf/ffuf","description_content":"1031 stars","update_at":1576153546081}
2019-12-12 12:25:46 [elasticsearch] DEBUG: < {"_index":"top","_type":"_doc","_id":"3140","_version":20,"result":"updated","_shards":{"total":2,"successful":1,"failed":0},"_seq_no":91513,"_primary_term":1}
2019-12-12 12:25:46 [urllib3.connectionpool] DEBUG: http://elasticsearch:9200 "POST /top/_doc/4431 HTTP/1.1" 200 159
2019-12-12 12:25:46 [elasticsearch] INFO: POST http://elasticsearch:9200/top/_doc/4431 [status:200 request:0.014s]
2019-12-12 12:25:46 [elasticsearch] DEBUG: > {"title":"streamich/react-use","description_content":"9227 stars","update_at":1576153546081}
2019-12-12 12:25:46 [elasticsearch] DEBUG: < {"_index":"top","_type":"_doc","_id":"4431","_version":11,"result":"updated","_shards":{"total":2,"successful":1,"failed":0},"_seq_no":91514,"_primary_term":1}
2019-12-12 12:25:46 [urllib3.connectionpool] DEBUG: http://elasticsearch:9200 "POST /top/_doc/4432 HTTP/1.1" 200 159
2019-12-12 12:25:46 [elasticsearch] INFO: POST http://elasticsearch:9200/top/_doc/4432 [status:200 request:0.012s]
2019-12-12 12:25:46 [elasticsearch] DEBUG: > {"title":"goldbergyoni/nodebestpractices","description_content":"37153 stars","update_at":1576153546081}
2019-12-12 12:25:46 [elasticsearch] DEBUG: < {"_index":"top","_type":"_doc","_id":"4432","_version":11,"result":"updated","_shards":{"total":2,"successful":1,"failed":0},"_seq_no":91515,"_primary_term":1}
