2019-12-12 12:04:53 [scrapy.utils.log] INFO: Scrapy 1.7.4 started (bot: spider_tophub)
2019-12-12 12:04:53 [scrapy.utils.log] INFO: Versions: lxml 4.4.1.0, libxml2 2.9.9, cssselect 1.1.0, parsel 1.5.2, w3lib 1.21.0, Twisted 19.7.0, Python 3.7.5 (default, Nov 23 2019, 05:59:34) - [GCC 8.3.0], pyOpenSSL 19.0.0 (OpenSSL 1.1.1d  10 Sep 2019), cryptography 2.8, Platform Linux-3.10.0-1062.1.2.el7.x86_64-x86_64-with-debian-10.2
2019-12-12 12:04:53 [scrapy.crawler] INFO: Overridden settings: {'BOT_NAME': 'spider_tophub', 'DOWNLOAD_DELAY': 1, 'LOG_FILE': 'logs/spider_tophub/github_trendingweekly/896e13601cd711ea831a0242ac1c0004.log', 'NEWSPIDER_MODULE': 'spider_tophub.spiders', 'SPIDER_MODULES': ['spider_tophub.spiders']}
2019-12-12 12:04:53 [scrapy.extensions.telnet] INFO: Telnet Password: 0915d7f0579b5553
2019-12-12 12:04:53 [scrapy.middleware] INFO: Enabled extensions:
['scrapy.extensions.corestats.CoreStats',
 'scrapy.extensions.telnet.TelnetConsole',
 'scrapy.extensions.memusage.MemoryUsage',
 'scrapy.extensions.logstats.LogStats']
2019-12-12 12:04:53 [scrapy.middleware] INFO: Enabled downloader middlewares:
['scrapy.downloadermiddlewares.httpauth.HttpAuthMiddleware',
 'scrapy.downloadermiddlewares.downloadtimeout.DownloadTimeoutMiddleware',
 'scrapy.downloadermiddlewares.defaultheaders.DefaultHeadersMiddleware',
 'scrapy.downloadermiddlewares.useragent.UserAgentMiddleware',
 'scrapy.downloadermiddlewares.retry.RetryMiddleware',
 'scrapy.downloadermiddlewares.redirect.MetaRefreshMiddleware',
 'scrapy.downloadermiddlewares.httpcompression.HttpCompressionMiddleware',
 'scrapy.downloadermiddlewares.redirect.RedirectMiddleware',
 'scrapy.downloadermiddlewares.cookies.CookiesMiddleware',
 'scrapy.downloadermiddlewares.httpproxy.HttpProxyMiddleware',
 'scrapy.downloadermiddlewares.stats.DownloaderStats']
2019-12-12 12:04:53 [scrapy.middleware] INFO: Enabled spider middlewares:
['scrapy.spidermiddlewares.httperror.HttpErrorMiddleware',
 'scrapy.spidermiddlewares.offsite.OffsiteMiddleware',
 'scrapy.spidermiddlewares.referer.RefererMiddleware',
 'scrapy.spidermiddlewares.urllength.UrlLengthMiddleware',
 'scrapy.spidermiddlewares.depth.DepthMiddleware']
2019-12-12 12:04:53 [scrapy.middleware] INFO: Enabled item pipelines:
['spider_tophub.pipelines.MysqlTwistedPipeline']
2019-12-12 12:04:53 [scrapy.core.engine] INFO: Spider opened
2019-12-12 12:04:53 [scrapy.extensions.logstats] INFO: Crawled 0 pages (at 0 pages/min), scraped 0 items (at 0 items/min)
2019-12-12 12:04:53 [scrapy.extensions.telnet] INFO: Telnet console listening on 127.0.0.1:6024
2019-12-12 12:04:56 [scrapy.core.engine] DEBUG: Crawled (200) <GET https://github.com/trending?since=weekly> (referer: None)
2019-12-12 12:04:56 [scrapy.core.scraper] DEBUG: Scraped from <200 https://github.com/trending?since=weekly>
None
2019-12-12 12:04:56 [scrapy.core.scraper] DEBUG: Scraped from <200 https://github.com/trending?since=weekly>
None
2019-12-12 12:04:56 [scrapy.core.scraper] DEBUG: Scraped from <200 https://github.com/trending?since=weekly>
None
2019-12-12 12:04:56 [scrapy.core.scraper] DEBUG: Scraped from <200 https://github.com/trending?since=weekly>
None
2019-12-12 12:04:56 [scrapy.core.scraper] DEBUG: Scraped from <200 https://github.com/trending?since=weekly>
None
2019-12-12 12:04:56 [scrapy.core.scraper] DEBUG: Scraped from <200 https://github.com/trending?since=weekly>
None
2019-12-12 12:04:56 [scrapy.core.scraper] DEBUG: Scraped from <200 https://github.com/trending?since=weekly>
None
2019-12-12 12:04:56 [scrapy.core.scraper] DEBUG: Scraped from <200 https://github.com/trending?since=weekly>
None
2019-12-12 12:04:56 [scrapy.core.scraper] DEBUG: Scraped from <200 https://github.com/trending?since=weekly>
None
2019-12-12 12:04:56 [scrapy.core.scraper] DEBUG: Scraped from <200 https://github.com/trending?since=weekly>
None
2019-12-12 12:04:56 [scrapy.core.scraper] DEBUG: Scraped from <200 https://github.com/trending?since=weekly>
None
2019-12-12 12:04:56 [scrapy.core.scraper] DEBUG: Scraped from <200 https://github.com/trending?since=weekly>
None
2019-12-12 12:04:56 [scrapy.core.scraper] DEBUG: Scraped from <200 https://github.com/trending?since=weekly>
None
2019-12-12 12:04:56 [scrapy.core.scraper] DEBUG: Scraped from <200 https://github.com/trending?since=weekly>
None
2019-12-12 12:04:56 [scrapy.core.scraper] DEBUG: Scraped from <200 https://github.com/trending?since=weekly>
None
2019-12-12 12:04:56 [scrapy.core.scraper] DEBUG: Scraped from <200 https://github.com/trending?since=weekly>
None
2019-12-12 12:04:56 [scrapy.core.scraper] DEBUG: Scraped from <200 https://github.com/trending?since=weekly>
None
2019-12-12 12:04:56 [scrapy.core.scraper] DEBUG: Scraped from <200 https://github.com/trending?since=weekly>
None
2019-12-12 12:04:56 [scrapy.core.scraper] DEBUG: Scraped from <200 https://github.com/trending?since=weekly>
None
2019-12-12 12:04:56 [scrapy.core.scraper] DEBUG: Scraped from <200 https://github.com/trending?since=weekly>
None
2019-12-12 12:04:56 [scrapy.core.scraper] DEBUG: Scraped from <200 https://github.com/trending?since=weekly>
None
2019-12-12 12:04:56 [scrapy.core.scraper] DEBUG: Scraped from <200 https://github.com/trending?since=weekly>
None
2019-12-12 12:04:56 [scrapy.core.scraper] DEBUG: Scraped from <200 https://github.com/trending?since=weekly>
None
2019-12-12 12:04:56 [scrapy.core.scraper] DEBUG: Scraped from <200 https://github.com/trending?since=weekly>
None
2019-12-12 12:04:56 [scrapy.core.scraper] DEBUG: Scraped from <200 https://github.com/trending?since=weekly>
None
2019-12-12 12:04:56 [scrapy.core.engine] INFO: Closing spider (finished)
2019-12-12 12:04:56 [scrapy.statscollectors] INFO: Dumping Scrapy stats:
{'downloader/request_bytes': 230,
 'downloader/request_count': 1,
 'downloader/request_method_count/GET': 1,
 'downloader/response_bytes': 36888,
 'downloader/response_count': 1,
 'downloader/response_status_count/200': 1,
 'elapsed_time_seconds': 2.564554,
 'finish_reason': 'finished',
 'finish_time': datetime.datetime(2019, 12, 12, 12, 4, 56, 453125),
 'item_scraped_count': 25,
 'log_count/DEBUG': 26,
 'log_count/INFO': 10,
 'memusage/max': 57225216,
 'memusage/startup': 57225216,
 'response_received_count': 1,
 'scheduler/dequeued': 1,
 'scheduler/dequeued/memory': 1,
 'scheduler/enqueued': 1,
 'scheduler/enqueued/memory': 1,
 'start_time': datetime.datetime(2019, 12, 12, 12, 4, 53, 888571)}
2019-12-12 12:04:56 [scrapy.core.engine] INFO: Spider closed (finished)
2019-12-12 12:04:56 [urllib3.connectionpool] DEBUG: Starting new HTTP connection (1): elasticsearch:9200
2019-12-12 12:04:56 [urllib3.connectionpool] DEBUG: Starting new HTTP connection (1): elasticsearch:9200
2019-12-12 12:04:56 [urllib3.connectionpool] DEBUG: Starting new HTTP connection (1): elasticsearch:9200
2019-12-12 12:04:56 [urllib3.connectionpool] DEBUG: Starting new HTTP connection (1): elasticsearch:9200
2019-12-12 12:04:56 [urllib3.connectionpool] DEBUG: http://elasticsearch:9200 "HEAD /top HTTP/1.1" 200 0
2019-12-12 12:04:56 [elasticsearch] INFO: HEAD http://elasticsearch:9200/top [status:200 request:0.012s]
2019-12-12 12:04:56 [elasticsearch] DEBUG: > None
2019-12-12 12:04:56 [elasticsearch] DEBUG: < 
2019-12-12 12:04:56 [urllib3.connectionpool] DEBUG: http://elasticsearch:9200 "HEAD /top HTTP/1.1" 200 0
2019-12-12 12:04:56 [elasticsearch] INFO: HEAD http://elasticsearch:9200/top [status:200 request:0.013s]
2019-12-12 12:04:56 [elasticsearch] DEBUG: > None
2019-12-12 12:04:56 [elasticsearch] DEBUG: < 
2019-12-12 12:04:56 [urllib3.connectionpool] DEBUG: http://elasticsearch:9200 "HEAD /top HTTP/1.1" 200 0
2019-12-12 12:04:56 [elasticsearch] INFO: HEAD http://elasticsearch:9200/top [status:200 request:0.013s]
2019-12-12 12:04:56 [elasticsearch] DEBUG: > None
2019-12-12 12:04:56 [elasticsearch] DEBUG: < 
2019-12-12 12:04:56 [urllib3.connectionpool] DEBUG: Starting new HTTP connection (1): elasticsearch:9200
2019-12-12 12:04:56 [urllib3.connectionpool] DEBUG: http://elasticsearch:9200 "HEAD /top HTTP/1.1" 200 0
2019-12-12 12:04:56 [elasticsearch] INFO: HEAD http://elasticsearch:9200/top [status:200 request:0.002s]
2019-12-12 12:04:56 [elasticsearch] DEBUG: > None
2019-12-12 12:04:56 [elasticsearch] DEBUG: < 
2019-12-12 12:04:56 [urllib3.connectionpool] DEBUG: http://elasticsearch:9200 "HEAD /top HTTP/1.1" 200 0
2019-12-12 12:04:56 [elasticsearch] INFO: HEAD http://elasticsearch:9200/top [status:200 request:0.011s]
2019-12-12 12:04:56 [elasticsearch] DEBUG: > None
2019-12-12 12:04:56 [elasticsearch] DEBUG: < 
2019-12-12 12:04:56 [urllib3.connectionpool] DEBUG: http://elasticsearch:9200 "POST /top/_doc/3121 HTTP/1.1" 200 159
2019-12-12 12:04:56 [elasticsearch] INFO: POST http://elasticsearch:9200/top/_doc/3121 [status:200 request:0.009s]
2019-12-12 12:04:56 [elasticsearch] DEBUG: > {"title":"facebookresearch/demucs","description_content":"889 stars","update_at":1576152296408}
2019-12-12 12:04:56 [elasticsearch] DEBUG: < {"_index":"top","_type":"_doc","_id":"3121","_version":19,"result":"updated","_shards":{"total":2,"successful":1,"failed":0},"_seq_no":86803,"_primary_term":1}
2019-12-12 12:04:56 [urllib3.connectionpool] DEBUG: http://elasticsearch:9200 "POST /top/_doc/4426 HTTP/1.1" 200 159
2019-12-12 12:04:56 [elasticsearch] INFO: POST http://elasticsearch:9200/top/_doc/4426 [status:200 request:0.012s]
2019-12-12 12:04:56 [elasticsearch] DEBUG: > {"title":"JohnSundell/Plot","description_content":"827 stars","update_at":1576152296408}
2019-12-12 12:04:56 [elasticsearch] DEBUG: < {"_index":"top","_type":"_doc","_id":"4426","_version":10,"result":"updated","_shards":{"total":2,"successful":1,"failed":0},"_seq_no":86804,"_primary_term":1}
2019-12-12 12:04:56 [urllib3.connectionpool] DEBUG: http://elasticsearch:9200 "POST /top/_doc/4425 HTTP/1.1" 200 159
2019-12-12 12:04:56 [elasticsearch] INFO: POST http://elasticsearch:9200/top/_doc/4425 [status:200 request:0.018s]
2019-12-12 12:04:56 [elasticsearch] DEBUG: > {"title":"Netflix/metaflow","description_content":"1957 stars","update_at":1576152296408}
2019-12-12 12:04:56 [elasticsearch] DEBUG: < {"_index":"top","_type":"_doc","_id":"4425","_version":10,"result":"updated","_shards":{"total":2,"successful":1,"failed":0},"_seq_no":86805,"_primary_term":1}
2019-12-12 12:04:56 [urllib3.connectionpool] DEBUG: Starting new HTTP connection (1): elasticsearch:9200
2019-12-12 12:04:56 [urllib3.connectionpool] DEBUG: http://elasticsearch:9200 "HEAD /top HTTP/1.1" 200 0
2019-12-12 12:04:56 [elasticsearch] INFO: HEAD http://elasticsearch:9200/top [status:200 request:0.002s]
2019-12-12 12:04:56 [elasticsearch] DEBUG: > None
2019-12-12 12:04:56 [elasticsearch] DEBUG: < 
2019-12-12 12:04:56 [urllib3.connectionpool] DEBUG: http://elasticsearch:9200 "POST /top/_doc/3124 HTTP/1.1" 200 159
2019-12-12 12:04:56 [elasticsearch] INFO: POST http://elasticsearch:9200/top/_doc/3124 [status:200 request:0.017s]
2019-12-12 12:04:56 [elasticsearch] DEBUG: > {"title":"mozilla/DeepSpeech","description_content":"12369 stars","update_at":1576152296408}
2019-12-12 12:04:56 [elasticsearch] DEBUG: < {"_index":"top","_type":"_doc","_id":"3124","_version":19,"result":"updated","_shards":{"total":2,"successful":1,"failed":0},"_seq_no":86806,"_primary_term":1}
2019-12-12 12:04:56 [urllib3.connectionpool] DEBUG: Starting new HTTP connection (1): elasticsearch:9200
2019-12-12 12:04:56 [urllib3.connectionpool] DEBUG: http://elasticsearch:9200 "HEAD /top HTTP/1.1" 200 0
2019-12-12 12:04:56 [elasticsearch] INFO: HEAD http://elasticsearch:9200/top [status:200 request:0.003s]
2019-12-12 12:04:56 [elasticsearch] DEBUG: > None
2019-12-12 12:04:56 [elasticsearch] DEBUG: < 
2019-12-12 12:04:56 [urllib3.connectionpool] DEBUG: Starting new HTTP connection (1): elasticsearch:9200
2019-12-12 12:04:56 [urllib3.connectionpool] DEBUG: http://elasticsearch:9200 "HEAD /top HTTP/1.1" 200 0
2019-12-12 12:04:56 [elasticsearch] INFO: HEAD http://elasticsearch:9200/top [status:200 request:0.002s]
2019-12-12 12:04:56 [elasticsearch] DEBUG: > None
2019-12-12 12:04:56 [elasticsearch] DEBUG: < 
2019-12-12 12:04:56 [urllib3.connectionpool] DEBUG: http://elasticsearch:9200 "POST /top/_doc/4427 HTTP/1.1" 200 159
2019-12-12 12:04:56 [elasticsearch] INFO: POST http://elasticsearch:9200/top/_doc/4427 [status:200 request:0.027s]
2019-12-12 12:04:56 [elasticsearch] DEBUG: > {"title":"bytefury/crater","description_content":"944 stars","update_at":1576152296408}
2019-12-12 12:04:56 [elasticsearch] DEBUG: < {"_index":"top","_type":"_doc","_id":"4427","_version":10,"result":"updated","_shards":{"total":2,"successful":1,"failed":0},"_seq_no":86807,"_primary_term":1}
2019-12-12 12:04:56 [urllib3.connectionpool] DEBUG: Starting new HTTP connection (1): elasticsearch:9200
2019-12-12 12:04:56 [urllib3.connectionpool] DEBUG: http://elasticsearch:9200 "HEAD /top HTTP/1.1" 200 0
2019-12-12 12:04:56 [elasticsearch] INFO: HEAD http://elasticsearch:9200/top [status:200 request:0.003s]
2019-12-12 12:04:56 [elasticsearch] DEBUG: > None
2019-12-12 12:04:56 [elasticsearch] DEBUG: < 
2019-12-12 12:04:56 [urllib3.connectionpool] DEBUG: http://elasticsearch:9200 "POST /top/_doc/3125 HTTP/1.1" 200 159
2019-12-12 12:04:56 [elasticsearch] INFO: POST http://elasticsearch:9200/top/_doc/3125 [status:200 request:0.020s]
2019-12-12 12:04:56 [elasticsearch] DEBUG: > {"title":"denoland/deno","description_content":"40130 stars","update_at":1576152296408}
2019-12-12 12:04:56 [elasticsearch] DEBUG: < {"_index":"top","_type":"_doc","_id":"3125","_version":19,"result":"updated","_shards":{"total":2,"successful":1,"failed":0},"_seq_no":86808,"_primary_term":1}
2019-12-12 12:04:56 [urllib3.connectionpool] DEBUG: Starting new HTTP connection (1): elasticsearch:9200
2019-12-12 12:04:56 [urllib3.connectionpool] DEBUG: http://elasticsearch:9200 "HEAD /top HTTP/1.1" 200 0
2019-12-12 12:04:56 [elasticsearch] INFO: HEAD http://elasticsearch:9200/top [status:200 request:0.003s]
2019-12-12 12:04:56 [elasticsearch] DEBUG: > None
2019-12-12 12:04:56 [elasticsearch] DEBUG: < 
2019-12-12 12:04:56 [urllib3.connectionpool] DEBUG: http://elasticsearch:9200 "POST /top/_doc/3126 HTTP/1.1" 200 159
2019-12-12 12:04:56 [elasticsearch] INFO: POST http://elasticsearch:9200/top/_doc/3126 [status:200 request:0.020s]
2019-12-12 12:04:56 [elasticsearch] DEBUG: > {"title":"iptv-org/iptv","description_content":"11122 stars","update_at":1576152296408}
2019-12-12 12:04:56 [elasticsearch] DEBUG: < {"_index":"top","_type":"_doc","_id":"3126","_version":19,"result":"updated","_shards":{"total":2,"successful":1,"failed":0},"_seq_no":86809,"_primary_term":1}
2019-12-12 12:04:56 [urllib3.connectionpool] DEBUG: Starting new HTTP connection (1): elasticsearch:9200
2019-12-12 12:04:56 [urllib3.connectionpool] DEBUG: http://elasticsearch:9200 "HEAD /top HTTP/1.1" 200 0
2019-12-12 12:04:56 [elasticsearch] INFO: HEAD http://elasticsearch:9200/top [status:200 request:0.002s]
2019-12-12 12:04:56 [elasticsearch] DEBUG: > None
2019-12-12 12:04:56 [elasticsearch] DEBUG: < 
2019-12-12 12:04:56 [urllib3.connectionpool] DEBUG: http://elasticsearch:9200 "POST /top/_doc/3129 HTTP/1.1" 200 159
2019-12-12 12:04:56 [elasticsearch] INFO: POST http://elasticsearch:9200/top/_doc/3129 [status:200 request:0.022s]
2019-12-12 12:04:56 [elasticsearch] DEBUG: > {"title":"testerSunshine/12306","description_content":"18367 stars","update_at":1576152296408}
2019-12-12 12:04:56 [elasticsearch] DEBUG: < {"_index":"top","_type":"_doc","_id":"3129","_version":19,"result":"updated","_shards":{"total":2,"successful":1,"failed":0},"_seq_no":86810,"_primary_term":1}
2019-12-12 12:04:56 [urllib3.connectionpool] DEBUG: Starting new HTTP connection (1): elasticsearch:9200
2019-12-12 12:04:56 [urllib3.connectionpool] DEBUG: http://elasticsearch:9200 "HEAD /top HTTP/1.1" 200 0
2019-12-12 12:04:56 [elasticsearch] INFO: HEAD http://elasticsearch:9200/top [status:200 request:0.002s]
2019-12-12 12:04:56 [elasticsearch] DEBUG: > None
2019-12-12 12:04:56 [elasticsearch] DEBUG: < 
2019-12-12 12:04:56 [urllib3.connectionpool] DEBUG: http://elasticsearch:9200 "POST /top/_doc/3123 HTTP/1.1" 200 159
2019-12-12 12:04:56 [elasticsearch] INFO: POST http://elasticsearch:9200/top/_doc/3123 [status:200 request:0.020s]
2019-12-12 12:04:56 [elasticsearch] DEBUG: > {"title":"trekhleb/javascript-algorithms","description_content":"57605 stars","update_at":1576152296408}
2019-12-12 12:04:56 [elasticsearch] DEBUG: < {"_index":"top","_type":"_doc","_id":"3123","_version":19,"result":"updated","_shards":{"total":2,"successful":1,"failed":0},"_seq_no":86811,"_primary_term":1}
2019-12-12 12:04:56 [urllib3.connectionpool] DEBUG: Starting new HTTP connection (1): elasticsearch:9200
2019-12-12 12:04:56 [urllib3.connectionpool] DEBUG: http://elasticsearch:9200 "HEAD /top HTTP/1.1" 200 0
2019-12-12 12:04:56 [elasticsearch] INFO: HEAD http://elasticsearch:9200/top [status:200 request:0.002s]
2019-12-12 12:04:56 [elasticsearch] DEBUG: > None
2019-12-12 12:04:56 [elasticsearch] DEBUG: < 
2019-12-12 12:04:56 [urllib3.connectionpool] DEBUG: http://elasticsearch:9200 "POST /top/_doc/3128 HTTP/1.1" 200 159
2019-12-12 12:04:56 [elasticsearch] INFO: POST http://elasticsearch:9200/top/_doc/3128 [status:200 request:0.019s]
2019-12-12 12:04:56 [elasticsearch] DEBUG: > {"title":"halo-dev/halo","description_content":"10910 stars","update_at":1576152296408}
2019-12-12 12:04:56 [elasticsearch] DEBUG: < {"_index":"top","_type":"_doc","_id":"3128","_version":19,"result":"updated","_shards":{"total":2,"successful":1,"failed":0},"_seq_no":86812,"_primary_term":1}
2019-12-12 12:04:56 [urllib3.connectionpool] DEBUG: Starting new HTTP connection (1): elasticsearch:9200
2019-12-12 12:04:56 [urllib3.connectionpool] DEBUG: http://elasticsearch:9200 "HEAD /top HTTP/1.1" 200 0
2019-12-12 12:04:56 [elasticsearch] INFO: HEAD http://elasticsearch:9200/top [status:200 request:0.002s]
2019-12-12 12:04:56 [elasticsearch] DEBUG: > None
2019-12-12 12:04:56 [elasticsearch] DEBUG: < 
2019-12-12 12:04:56 [urllib3.connectionpool] DEBUG: http://elasticsearch:9200 "POST /top/_doc/4428 HTTP/1.1" 200 159
2019-12-12 12:04:56 [elasticsearch] INFO: POST http://elasticsearch:9200/top/_doc/4428 [status:200 request:0.019s]
2019-12-12 12:04:56 [elasticsearch] DEBUG: > {"title":"wuyouzhuguli/SpringAll","description_content":"11400 stars","update_at":1576152296408}
2019-12-12 12:04:56 [elasticsearch] DEBUG: < {"_index":"top","_type":"_doc","_id":"4428","_version":10,"result":"updated","_shards":{"total":2,"successful":1,"failed":0},"_seq_no":86813,"_primary_term":1}
2019-12-12 12:04:56 [urllib3.connectionpool] DEBUG: Starting new HTTP connection (1): elasticsearch:9200
2019-12-12 12:04:56 [urllib3.connectionpool] DEBUG: http://elasticsearch:9200 "HEAD /top HTTP/1.1" 200 0
2019-12-12 12:04:56 [elasticsearch] INFO: HEAD http://elasticsearch:9200/top [status:200 request:0.001s]
2019-12-12 12:04:56 [elasticsearch] DEBUG: > None
2019-12-12 12:04:56 [elasticsearch] DEBUG: < 
2019-12-12 12:04:56 [urllib3.connectionpool] DEBUG: http://elasticsearch:9200 "POST /top/_doc/3141 HTTP/1.1" 200 159
2019-12-12 12:04:56 [elasticsearch] INFO: POST http://elasticsearch:9200/top/_doc/3141 [status:200 request:0.021s]
2019-12-12 12:04:56 [elasticsearch] DEBUG: > {"title":"ShusenTang/Dive-into-DL-PyTorch","description_content":"5969 stars","update_at":1576152296408}
2019-12-12 12:04:56 [elasticsearch] DEBUG: < {"_index":"top","_type":"_doc","_id":"3141","_version":19,"result":"updated","_shards":{"total":2,"successful":1,"failed":0},"_seq_no":86814,"_primary_term":1}
2019-12-12 12:04:56 [urllib3.connectionpool] DEBUG: Starting new HTTP connection (1): elasticsearch:9200
2019-12-12 12:04:56 [urllib3.connectionpool] DEBUG: http://elasticsearch:9200 "HEAD /top HTTP/1.1" 200 0
2019-12-12 12:04:56 [elasticsearch] INFO: HEAD http://elasticsearch:9200/top [status:200 request:0.001s]
2019-12-12 12:04:56 [elasticsearch] DEBUG: > None
2019-12-12 12:04:56 [elasticsearch] DEBUG: < 
2019-12-12 12:04:56 [urllib3.connectionpool] DEBUG: http://elasticsearch:9200 "POST /top/_doc/3122 HTTP/1.1" 200 159
2019-12-12 12:04:56 [elasticsearch] INFO: POST http://elasticsearch:9200/top/_doc/3122 [status:200 request:0.020s]
2019-12-12 12:04:56 [elasticsearch] DEBUG: > {"title":"alibaba/Alink","description_content":"1457 stars","update_at":1576152296408}
2019-12-12 12:04:56 [elasticsearch] DEBUG: < {"_index":"top","_type":"_doc","_id":"3122","_version":19,"result":"updated","_shards":{"total":2,"successful":1,"failed":0},"_seq_no":86815,"_primary_term":1}
2019-12-12 12:04:56 [urllib3.connectionpool] DEBUG: Starting new HTTP connection (1): elasticsearch:9200
2019-12-12 12:04:56 [urllib3.connectionpool] DEBUG: http://elasticsearch:9200 "HEAD /top HTTP/1.1" 200 0
2019-12-12 12:04:56 [elasticsearch] INFO: HEAD http://elasticsearch:9200/top [status:200 request:0.002s]
2019-12-12 12:04:56 [elasticsearch] DEBUG: > None
2019-12-12 12:04:56 [elasticsearch] DEBUG: < 
2019-12-12 12:04:56 [urllib3.connectionpool] DEBUG: Starting new HTTP connection (1): elasticsearch:9200
2019-12-12 12:04:56 [urllib3.connectionpool] DEBUG: http://elasticsearch:9200 "POST /top/_doc/3135 HTTP/1.1" 200 159
2019-12-12 12:04:56 [elasticsearch] INFO: POST http://elasticsearch:9200/top/_doc/3135 [status:200 request:0.021s]
2019-12-12 12:04:56 [elasticsearch] DEBUG: > {"title":"zhisheng17/flink-learning","description_content":"3834 stars","update_at":1576152296408}
2019-12-12 12:04:56 [elasticsearch] DEBUG: < {"_index":"top","_type":"_doc","_id":"3135","_version":19,"result":"updated","_shards":{"total":2,"successful":1,"failed":0},"_seq_no":86816,"_primary_term":1}
2019-12-12 12:04:56 [urllib3.connectionpool] DEBUG: http://elasticsearch:9200 "HEAD /top HTTP/1.1" 200 0
2019-12-12 12:04:56 [elasticsearch] INFO: HEAD http://elasticsearch:9200/top [status:200 request:0.003s]
2019-12-12 12:04:56 [elasticsearch] DEBUG: > None
2019-12-12 12:04:56 [elasticsearch] DEBUG: < 
2019-12-12 12:04:56 [urllib3.connectionpool] DEBUG: http://elasticsearch:9200 "POST /top/_doc/3133 HTTP/1.1" 200 159
2019-12-12 12:04:56 [elasticsearch] INFO: POST http://elasticsearch:9200/top/_doc/3133 [status:200 request:0.021s]
2019-12-12 12:04:56 [elasticsearch] DEBUG: > {"title":"londonappbrewery/Flutter-Course-Resources","description_content":"1184 stars","update_at":1576152296408}
2019-12-12 12:04:56 [elasticsearch] DEBUG: < {"_index":"top","_type":"_doc","_id":"3133","_version":19,"result":"updated","_shards":{"total":2,"successful":1,"failed":0},"_seq_no":86817,"_primary_term":1}
2019-12-12 12:04:56 [urllib3.connectionpool] DEBUG: Starting new HTTP connection (1): elasticsearch:9200
2019-12-12 12:04:56 [urllib3.connectionpool] DEBUG: http://elasticsearch:9200 "HEAD /top HTTP/1.1" 200 0
2019-12-12 12:04:56 [elasticsearch] INFO: HEAD http://elasticsearch:9200/top [status:200 request:0.002s]
2019-12-12 12:04:56 [elasticsearch] DEBUG: > None
2019-12-12 12:04:56 [elasticsearch] DEBUG: < 
2019-12-12 12:04:56 [urllib3.connectionpool] DEBUG: http://elasticsearch:9200 "POST /top/_doc/4429 HTTP/1.1" 200 159
2019-12-12 12:04:56 [elasticsearch] INFO: POST http://elasticsearch:9200/top/_doc/4429 [status:200 request:0.020s]
2019-12-12 12:04:56 [elasticsearch] DEBUG: > {"title":"rclone/rclone","description_content":"17765 stars","update_at":1576152296408}
2019-12-12 12:04:56 [elasticsearch] DEBUG: < {"_index":"top","_type":"_doc","_id":"4429","_version":10,"result":"updated","_shards":{"total":2,"successful":1,"failed":0},"_seq_no":86818,"_primary_term":1}
2019-12-12 12:04:56 [urllib3.connectionpool] DEBUG: Starting new HTTP connection (1): elasticsearch:9200
2019-12-12 12:04:56 [urllib3.connectionpool] DEBUG: http://elasticsearch:9200 "HEAD /top HTTP/1.1" 200 0
2019-12-12 12:04:56 [elasticsearch] INFO: HEAD http://elasticsearch:9200/top [status:200 request:0.002s]
2019-12-12 12:04:56 [elasticsearch] DEBUG: > None
2019-12-12 12:04:56 [elasticsearch] DEBUG: < 
2019-12-12 12:04:56 [urllib3.connectionpool] DEBUG: http://elasticsearch:9200 "POST /top/_doc/3138 HTTP/1.1" 200 159
2019-12-12 12:04:56 [elasticsearch] INFO: POST http://elasticsearch:9200/top/_doc/3138 [status:200 request:0.019s]
2019-12-12 12:04:56 [elasticsearch] DEBUG: > {"title":"coolsnowwolf/lede","description_content":"5699 stars","update_at":1576152296408}
2019-12-12 12:04:56 [elasticsearch] DEBUG: < {"_index":"top","_type":"_doc","_id":"3138","_version":19,"result":"updated","_shards":{"total":2,"successful":1,"failed":0},"_seq_no":86819,"_primary_term":1}
2019-12-12 12:04:56 [urllib3.connectionpool] DEBUG: Starting new HTTP connection (1): elasticsearch:9200
2019-12-12 12:04:56 [urllib3.connectionpool] DEBUG: http://elasticsearch:9200 "HEAD /top HTTP/1.1" 200 0
2019-12-12 12:04:56 [elasticsearch] INFO: HEAD http://elasticsearch:9200/top [status:200 request:0.002s]
2019-12-12 12:04:56 [elasticsearch] DEBUG: > None
2019-12-12 12:04:56 [elasticsearch] DEBUG: < 
2019-12-12 12:04:56 [urllib3.connectionpool] DEBUG: http://elasticsearch:9200 "POST /top/_doc/3139 HTTP/1.1" 200 159
2019-12-12 12:04:56 [elasticsearch] INFO: POST http://elasticsearch:9200/top/_doc/3139 [status:200 request:0.017s]
2019-12-12 12:04:56 [elasticsearch] DEBUG: > {"title":"makepad/makepad","description_content":"777 stars","update_at":1576152296408}
2019-12-12 12:04:56 [elasticsearch] DEBUG: < {"_index":"top","_type":"_doc","_id":"3139","_version":19,"result":"updated","_shards":{"total":2,"successful":1,"failed":0},"_seq_no":86820,"_primary_term":1}
2019-12-12 12:04:56 [urllib3.connectionpool] DEBUG: Starting new HTTP connection (1): elasticsearch:9200
2019-12-12 12:04:56 [urllib3.connectionpool] DEBUG: http://elasticsearch:9200 "HEAD /top HTTP/1.1" 200 0
2019-12-12 12:04:56 [elasticsearch] INFO: HEAD http://elasticsearch:9200/top [status:200 request:0.001s]
2019-12-12 12:04:56 [elasticsearch] DEBUG: > None
2019-12-12 12:04:56 [elasticsearch] DEBUG: < 
2019-12-12 12:04:56 [urllib3.connectionpool] DEBUG: Starting new HTTP connection (1): elasticsearch:9200
2019-12-12 12:04:56 [urllib3.connectionpool] DEBUG: http://elasticsearch:9200 "POST /top/_doc/3136 HTTP/1.1" 200 159
2019-12-12 12:04:56 [elasticsearch] INFO: POST http://elasticsearch:9200/top/_doc/3136 [status:200 request:0.017s]
2019-12-12 12:04:56 [elasticsearch] DEBUG: > {"title":"heibaiying/BigData-Notes","description_content":"3303 stars","update_at":1576152296408}
2019-12-12 12:04:56 [elasticsearch] DEBUG: < {"_index":"top","_type":"_doc","_id":"3136","_version":19,"result":"updated","_shards":{"total":2,"successful":1,"failed":0},"_seq_no":86821,"_primary_term":1}
2019-12-12 12:04:56 [urllib3.connectionpool] DEBUG: http://elasticsearch:9200 "HEAD /top HTTP/1.1" 200 0
2019-12-12 12:04:56 [elasticsearch] INFO: HEAD http://elasticsearch:9200/top [status:200 request:0.002s]
2019-12-12 12:04:56 [elasticsearch] DEBUG: > None
2019-12-12 12:04:56 [elasticsearch] DEBUG: < 
2019-12-12 12:04:56 [urllib3.connectionpool] DEBUG: http://elasticsearch:9200 "POST /top/_doc/3144 HTTP/1.1" 200 159
2019-12-12 12:04:56 [elasticsearch] INFO: POST http://elasticsearch:9200/top/_doc/3144 [status:200 request:0.017s]
2019-12-12 12:04:56 [elasticsearch] DEBUG: > {"title":"jellyfin/jellyfin","description_content":"4744 stars","update_at":1576152296408}
2019-12-12 12:04:56 [elasticsearch] DEBUG: < {"_index":"top","_type":"_doc","_id":"3144","_version":19,"result":"updated","_shards":{"total":2,"successful":1,"failed":0},"_seq_no":86822,"_primary_term":1}
2019-12-12 12:04:56 [urllib3.connectionpool] DEBUG: Starting new HTTP connection (1): elasticsearch:9200
2019-12-12 12:04:56 [urllib3.connectionpool] DEBUG: http://elasticsearch:9200 "HEAD /top HTTP/1.1" 200 0
2019-12-12 12:04:56 [elasticsearch] INFO: HEAD http://elasticsearch:9200/top [status:200 request:0.001s]
2019-12-12 12:04:56 [elasticsearch] DEBUG: > None
2019-12-12 12:04:56 [elasticsearch] DEBUG: < 
2019-12-12 12:04:56 [urllib3.connectionpool] DEBUG: http://elasticsearch:9200 "POST /top/_doc/4430 HTTP/1.1" 200 159
2019-12-12 12:04:56 [elasticsearch] INFO: POST http://elasticsearch:9200/top/_doc/4430 [status:200 request:0.018s]
2019-12-12 12:04:56 [elasticsearch] DEBUG: > {"title":"arendst/Tasmota","description_content":"8774 stars","update_at":1576152296408}
2019-12-12 12:04:56 [elasticsearch] DEBUG: < {"_index":"top","_type":"_doc","_id":"4430","_version":10,"result":"updated","_shards":{"total":2,"successful":1,"failed":0},"_seq_no":86823,"_primary_term":1}
2019-12-12 12:04:56 [urllib3.connectionpool] DEBUG: Starting new HTTP connection (1): elasticsearch:9200
2019-12-12 12:04:56 [urllib3.connectionpool] DEBUG: http://elasticsearch:9200 "HEAD /top HTTP/1.1" 200 0
2019-12-12 12:04:56 [elasticsearch] INFO: HEAD http://elasticsearch:9200/top [status:200 request:0.002s]
2019-12-12 12:04:56 [elasticsearch] DEBUG: > None
2019-12-12 12:04:56 [elasticsearch] DEBUG: < 
2019-12-12 12:04:56 [urllib3.connectionpool] DEBUG: http://elasticsearch:9200 "POST /top/_doc/3127 HTTP/1.1" 200 159
2019-12-12 12:04:56 [elasticsearch] INFO: POST http://elasticsearch:9200/top/_doc/3127 [status:200 request:0.019s]
2019-12-12 12:04:56 [elasticsearch] DEBUG: > {"title":"zhangdaiscott/jeecg-boot","description_content":"8484 stars","update_at":1576152296408}
2019-12-12 12:04:56 [elasticsearch] DEBUG: < {"_index":"top","_type":"_doc","_id":"3127","_version":19,"result":"updated","_shards":{"total":2,"successful":1,"failed":0},"_seq_no":86824,"_primary_term":1}
2019-12-12 12:04:56 [urllib3.connectionpool] DEBUG: http://elasticsearch:9200 "POST /top/_doc/3140 HTTP/1.1" 200 159
2019-12-12 12:04:56 [elasticsearch] INFO: POST http://elasticsearch:9200/top/_doc/3140 [status:200 request:0.018s]
2019-12-12 12:04:56 [elasticsearch] DEBUG: > {"title":"ffuf/ffuf","description_content":"1029 stars","update_at":1576152296408}
2019-12-12 12:04:56 [elasticsearch] DEBUG: < {"_index":"top","_type":"_doc","_id":"3140","_version":19,"result":"updated","_shards":{"total":2,"successful":1,"failed":0},"_seq_no":86825,"_primary_term":1}
2019-12-12 12:04:56 [urllib3.connectionpool] DEBUG: http://elasticsearch:9200 "POST /top/_doc/4431 HTTP/1.1" 200 159
2019-12-12 12:04:56 [elasticsearch] INFO: POST http://elasticsearch:9200/top/_doc/4431 [status:200 request:0.015s]
2019-12-12 12:04:56 [elasticsearch] DEBUG: > {"title":"streamich/react-use","description_content":"9226 stars","update_at":1576152296408}
2019-12-12 12:04:56 [elasticsearch] DEBUG: < {"_index":"top","_type":"_doc","_id":"4431","_version":10,"result":"updated","_shards":{"total":2,"successful":1,"failed":0},"_seq_no":86826,"_primary_term":1}
2019-12-12 12:04:56 [urllib3.connectionpool] DEBUG: http://elasticsearch:9200 "POST /top/_doc/4432 HTTP/1.1" 200 159
2019-12-12 12:04:56 [elasticsearch] INFO: POST http://elasticsearch:9200/top/_doc/4432 [status:200 request:0.012s]
2019-12-12 12:04:56 [elasticsearch] DEBUG: > {"title":"goldbergyoni/nodebestpractices","description_content":"37153 stars","update_at":1576152296408}
2019-12-12 12:04:56 [elasticsearch] DEBUG: < {"_index":"top","_type":"_doc","_id":"4432","_version":10,"result":"updated","_shards":{"total":2,"successful":1,"failed":0},"_seq_no":86827,"_primary_term":1}
