2019-12-12 13:54:38 [scrapy.utils.log] INFO: Scrapy 1.7.4 started (bot: spider_tophub)
2019-12-12 13:54:38 [scrapy.utils.log] INFO: Versions: lxml 4.4.1.0, libxml2 2.9.9, cssselect 1.1.0, parsel 1.5.2, w3lib 1.21.0, Twisted 19.7.0, Python 3.7.5 (default, Nov 23 2019, 05:59:34) - [GCC 8.3.0], pyOpenSSL 19.0.0 (OpenSSL 1.1.1d  10 Sep 2019), cryptography 2.8, Platform Linux-3.10.0-1062.1.2.el7.x86_64-x86_64-with-debian-10.2
2019-12-12 13:54:38 [scrapy.crawler] INFO: Overridden settings: {'BOT_NAME': 'spider_tophub', 'DOWNLOAD_DELAY': 1, 'LOG_FILE': 'logs/spider_tophub/smzdm_haojiapl/c39e14ea1ce611ea831a0242ac1c0004.log', 'NEWSPIDER_MODULE': 'spider_tophub.spiders', 'ROBOTSTXT_OBEY': True, 'SPIDER_MODULES': ['spider_tophub.spiders'], 'USER_AGENT': 'Mozilla/5.0 (Windows NT 10.0; Win64; x64) AppleWebKit/537.36 (KHTML, like Gecko) Chrome/77.0.3865.120 Safari/537.36'}
2019-12-12 13:54:38 [scrapy.extensions.telnet] INFO: Telnet Password: 334260686c4a6764
2019-12-12 13:54:38 [scrapy.middleware] INFO: Enabled extensions:
['scrapy.extensions.corestats.CoreStats',
 'scrapy.extensions.telnet.TelnetConsole',
 'scrapy.extensions.memusage.MemoryUsage',
 'scrapy.extensions.logstats.LogStats']
2019-12-12 13:54:38 [scrapy.middleware] INFO: Enabled downloader middlewares:
['scrapy.downloadermiddlewares.robotstxt.RobotsTxtMiddleware',
 'scrapy.downloadermiddlewares.httpauth.HttpAuthMiddleware',
 'scrapy.downloadermiddlewares.downloadtimeout.DownloadTimeoutMiddleware',
 'scrapy.downloadermiddlewares.defaultheaders.DefaultHeadersMiddleware',
 'scrapy.downloadermiddlewares.useragent.UserAgentMiddleware',
 'scrapy.downloadermiddlewares.retry.RetryMiddleware',
 'scrapy.downloadermiddlewares.redirect.MetaRefreshMiddleware',
 'scrapy.downloadermiddlewares.httpcompression.HttpCompressionMiddleware',
 'scrapy.downloadermiddlewares.redirect.RedirectMiddleware',
 'scrapy.downloadermiddlewares.cookies.CookiesMiddleware',
 'scrapy.downloadermiddlewares.httpproxy.HttpProxyMiddleware',
 'scrapy.downloadermiddlewares.stats.DownloaderStats']
2019-12-12 13:54:38 [scrapy.middleware] INFO: Enabled spider middlewares:
['scrapy.spidermiddlewares.httperror.HttpErrorMiddleware',
 'scrapy.spidermiddlewares.offsite.OffsiteMiddleware',
 'scrapy.spidermiddlewares.referer.RefererMiddleware',
 'scrapy.spidermiddlewares.urllength.UrlLengthMiddleware',
 'scrapy.spidermiddlewares.depth.DepthMiddleware']
2019-12-12 13:54:38 [scrapy.middleware] INFO: Enabled item pipelines:
['spider_tophub.pipelines.MysqlTwistedPipeline']
2019-12-12 13:54:38 [scrapy.core.engine] INFO: Spider opened
2019-12-12 13:54:38 [scrapy.extensions.logstats] INFO: Crawled 0 pages (at 0 pages/min), scraped 0 items (at 0 items/min)
2019-12-12 13:54:38 [scrapy.extensions.telnet] INFO: Telnet console listening on 127.0.0.1:6023
2019-12-12 13:54:39 [scrapy.core.engine] DEBUG: Crawled (200) <GET https://www.smzdm.com/robots.txt> (referer: None)
2019-12-12 13:54:40 [scrapy.core.engine] DEBUG: Crawled (200) <GET https://www.smzdm.com/top/json_more?rank_type=pinlei&rank_id=11&hour=> (referer: None)
2019-12-12 13:54:40 [scrapy.core.scraper] DEBUG: Scraped from <200 https://www.smzdm.com/top/json_more?rank_type=pinlei&rank_id=11&hour=>
None
2019-12-12 13:54:40 [scrapy.core.scraper] DEBUG: Scraped from <200 https://www.smzdm.com/top/json_more?rank_type=pinlei&rank_id=11&hour=>
None
2019-12-12 13:54:40 [scrapy.core.scraper] DEBUG: Scraped from <200 https://www.smzdm.com/top/json_more?rank_type=pinlei&rank_id=11&hour=>
None
2019-12-12 13:54:40 [scrapy.core.scraper] DEBUG: Scraped from <200 https://www.smzdm.com/top/json_more?rank_type=pinlei&rank_id=11&hour=>
None
2019-12-12 13:54:40 [scrapy.core.scraper] DEBUG: Scraped from <200 https://www.smzdm.com/top/json_more?rank_type=pinlei&rank_id=11&hour=>
None
2019-12-12 13:54:40 [scrapy.core.scraper] DEBUG: Scraped from <200 https://www.smzdm.com/top/json_more?rank_type=pinlei&rank_id=11&hour=>
None
2019-12-12 13:54:40 [scrapy.core.scraper] DEBUG: Scraped from <200 https://www.smzdm.com/top/json_more?rank_type=pinlei&rank_id=11&hour=>
None
2019-12-12 13:54:40 [scrapy.core.scraper] DEBUG: Scraped from <200 https://www.smzdm.com/top/json_more?rank_type=pinlei&rank_id=11&hour=>
None
2019-12-12 13:54:40 [scrapy.core.scraper] DEBUG: Scraped from <200 https://www.smzdm.com/top/json_more?rank_type=pinlei&rank_id=11&hour=>
None
2019-12-12 13:54:40 [scrapy.core.scraper] DEBUG: Scraped from <200 https://www.smzdm.com/top/json_more?rank_type=pinlei&rank_id=11&hour=>
None
2019-12-12 13:54:40 [scrapy.core.scraper] DEBUG: Scraped from <200 https://www.smzdm.com/top/json_more?rank_type=pinlei&rank_id=11&hour=>
None
2019-12-12 13:54:40 [scrapy.core.scraper] DEBUG: Scraped from <200 https://www.smzdm.com/top/json_more?rank_type=pinlei&rank_id=11&hour=>
None
2019-12-12 13:54:40 [scrapy.core.scraper] DEBUG: Scraped from <200 https://www.smzdm.com/top/json_more?rank_type=pinlei&rank_id=11&hour=>
None
2019-12-12 13:54:40 [scrapy.core.scraper] DEBUG: Scraped from <200 https://www.smzdm.com/top/json_more?rank_type=pinlei&rank_id=11&hour=>
None
2019-12-12 13:54:40 [scrapy.core.scraper] DEBUG: Scraped from <200 https://www.smzdm.com/top/json_more?rank_type=pinlei&rank_id=11&hour=>
None
2019-12-12 13:54:40 [scrapy.core.scraper] DEBUG: Scraped from <200 https://www.smzdm.com/top/json_more?rank_type=pinlei&rank_id=11&hour=>
None
2019-12-12 13:54:40 [scrapy.core.scraper] DEBUG: Scraped from <200 https://www.smzdm.com/top/json_more?rank_type=pinlei&rank_id=11&hour=>
None
2019-12-12 13:54:40 [scrapy.core.scraper] DEBUG: Scraped from <200 https://www.smzdm.com/top/json_more?rank_type=pinlei&rank_id=11&hour=>
None
2019-12-12 13:54:40 [scrapy.core.scraper] DEBUG: Scraped from <200 https://www.smzdm.com/top/json_more?rank_type=pinlei&rank_id=11&hour=>
None
2019-12-12 13:54:40 [scrapy.core.scraper] DEBUG: Scraped from <200 https://www.smzdm.com/top/json_more?rank_type=pinlei&rank_id=11&hour=>
None
2019-12-12 13:54:40 [scrapy.core.scraper] DEBUG: Scraped from <200 https://www.smzdm.com/top/json_more?rank_type=pinlei&rank_id=11&hour=>
None
2019-12-12 13:54:40 [scrapy.core.scraper] DEBUG: Scraped from <200 https://www.smzdm.com/top/json_more?rank_type=pinlei&rank_id=11&hour=>
None
2019-12-12 13:54:40 [scrapy.core.scraper] DEBUG: Scraped from <200 https://www.smzdm.com/top/json_more?rank_type=pinlei&rank_id=11&hour=>
None
2019-12-12 13:54:40 [scrapy.core.scraper] DEBUG: Scraped from <200 https://www.smzdm.com/top/json_more?rank_type=pinlei&rank_id=11&hour=>
None
2019-12-12 13:54:40 [scrapy.core.engine] INFO: Closing spider (finished)
2019-12-12 13:54:40 [scrapy.statscollectors] INFO: Dumping Scrapy stats:
{'downloader/request_bytes': 728,
 'downloader/request_count': 2,
 'downloader/request_method_count/GET': 2,
 'downloader/response_bytes': 4083,
 'downloader/response_count': 2,
 'downloader/response_status_count/200': 2,
 'elapsed_time_seconds': 1.422675,
 'finish_reason': 'finished',
 'finish_time': datetime.datetime(2019, 12, 12, 13, 54, 40, 303512),
 'item_scraped_count': 24,
 'log_count/DEBUG': 26,
 'log_count/INFO': 10,
 'memusage/max': 57229312,
 'memusage/startup': 57229312,
 'response_received_count': 2,
 'robotstxt/request_count': 1,
 'robotstxt/response_count': 1,
 'robotstxt/response_status_count/200': 1,
 'scheduler/dequeued': 1,
 'scheduler/dequeued/memory': 1,
 'scheduler/enqueued': 1,
 'scheduler/enqueued/memory': 1,
 'start_time': datetime.datetime(2019, 12, 12, 13, 54, 38, 880837)}
2019-12-12 13:54:40 [scrapy.core.engine] INFO: Spider closed (finished)
2019-12-12 13:54:40 [urllib3.connectionpool] DEBUG: Starting new HTTP connection (1): elasticsearch:9200
2019-12-12 13:54:40 [urllib3.connectionpool] DEBUG: Starting new HTTP connection (1): elasticsearch:9200
2019-12-12 13:54:40 [urllib3.connectionpool] DEBUG: Starting new HTTP connection (1): elasticsearch:9200
2019-12-12 13:54:40 [urllib3.connectionpool] DEBUG: Starting new HTTP connection (1): elasticsearch:9200
2019-12-12 13:54:40 [urllib3.connectionpool] DEBUG: http://elasticsearch:9200 "HEAD /top HTTP/1.1" 200 0
2019-12-12 13:54:40 [elasticsearch] INFO: HEAD http://elasticsearch:9200/top [status:200 request:0.006s]
2019-12-12 13:54:40 [elasticsearch] DEBUG: > None
2019-12-12 13:54:40 [elasticsearch] DEBUG: < 
2019-12-12 13:54:40 [urllib3.connectionpool] DEBUG: http://elasticsearch:9200 "HEAD /top HTTP/1.1" 200 0
2019-12-12 13:54:40 [elasticsearch] INFO: HEAD http://elasticsearch:9200/top [status:200 request:0.007s]
2019-12-12 13:54:40 [elasticsearch] DEBUG: > None
2019-12-12 13:54:40 [elasticsearch] DEBUG: < 
2019-12-12 13:54:40 [urllib3.connectionpool] DEBUG: http://elasticsearch:9200 "HEAD /top HTTP/1.1" 200 0
2019-12-12 13:54:40 [elasticsearch] INFO: HEAD http://elasticsearch:9200/top [status:200 request:0.009s]
2019-12-12 13:54:40 [elasticsearch] DEBUG: > None
2019-12-12 13:54:40 [elasticsearch] DEBUG: < 
2019-12-12 13:54:40 [urllib3.connectionpool] DEBUG: http://elasticsearch:9200 "HEAD /top HTTP/1.1" 200 0
2019-12-12 13:54:40 [elasticsearch] INFO: HEAD http://elasticsearch:9200/top [status:200 request:0.007s]
2019-12-12 13:54:40 [elasticsearch] DEBUG: > None
2019-12-12 13:54:40 [elasticsearch] DEBUG: < 
2019-12-12 13:54:40 [urllib3.connectionpool] DEBUG: Starting new HTTP connection (1): elasticsearch:9200
2019-12-12 13:54:40 [urllib3.connectionpool] DEBUG: http://elasticsearch:9200 "HEAD /top HTTP/1.1" 200 0
2019-12-12 13:54:40 [elasticsearch] INFO: HEAD http://elasticsearch:9200/top [status:200 request:0.004s]
2019-12-12 13:54:40 [elasticsearch] DEBUG: > None
2019-12-12 13:54:40 [elasticsearch] DEBUG: < 
2019-12-12 13:54:40 [urllib3.connectionpool] DEBUG: http://elasticsearch:9200 "POST /top/_doc/3350 HTTP/1.1" 200 161
2019-12-12 13:54:40 [elasticsearch] INFO: POST http://elasticsearch:9200/top/_doc/3350 [status:200 request:0.014s]
2019-12-12 13:54:40 [elasticsearch] DEBUG: > {"title":"puma官方店满600元-300元店铺优惠券 ","description_content":"1元","update_at":1576158880294}
2019-12-12 13:54:40 [elasticsearch] DEBUG: < {"_index":"top","_type":"_doc","_id":"3350","_version":115,"result":"updated","_shards":{"total":2,"successful":1,"failed":0},"_seq_no":111250,"_primary_term":1}
2019-12-12 13:54:40 [urllib3.connectionpool] DEBUG: http://elasticsearch:9200 "POST /top/_doc/2550 HTTP/1.1" 200 160
2019-12-12 13:54:40 [elasticsearch] INFO: POST http://elasticsearch:9200/top/_doc/2550 [status:200 request:0.021s]
2019-12-12 13:54:40 [elasticsearch] DEBUG: > {"title":"绝对值、新补货 : VAUDE 巍德 32275966270 男子户外羽绒服","description_content":"321.3元包邮（多重优惠）","update_at":1576158880294}
2019-12-12 13:54:40 [elasticsearch] DEBUG: < {"_index":"top","_type":"_doc","_id":"2550","_version":96,"result":"updated","_shards":{"total":2,"successful":1,"failed":0},"_seq_no":111251,"_primary_term":1}
2019-12-12 13:54:40 [urllib3.connectionpool] DEBUG: Starting new HTTP connection (1): elasticsearch:9200
2019-12-12 13:54:40 [urllib3.connectionpool] DEBUG: http://elasticsearch:9200 "HEAD /top HTTP/1.1" 200 0
2019-12-12 13:54:40 [elasticsearch] INFO: HEAD http://elasticsearch:9200/top [status:200 request:0.002s]
2019-12-12 13:54:40 [elasticsearch] DEBUG: > None
2019-12-12 13:54:40 [elasticsearch] DEBUG: < 
2019-12-12 13:54:40 [urllib3.connectionpool] DEBUG: Starting new HTTP connection (1): elasticsearch:9200
2019-12-12 13:54:40 [urllib3.connectionpool] DEBUG: http://elasticsearch:9200 "HEAD /top HTTP/1.1" 200 0
2019-12-12 13:54:40 [elasticsearch] INFO: HEAD http://elasticsearch:9200/top [status:200 request:0.002s]
2019-12-12 13:54:40 [elasticsearch] DEBUG: > None
2019-12-12 13:54:40 [elasticsearch] DEBUG: < 
2019-12-12 13:54:40 [urllib3.connectionpool] DEBUG: http://elasticsearch:9200 "POST /top/_doc/4798 HTTP/1.1" 200 160
2019-12-12 13:54:40 [elasticsearch] INFO: POST http://elasticsearch:9200/top/_doc/4798 [status:200 request:0.031s]
2019-12-12 13:54:40 [elasticsearch] DEBUG: > {"title":"realme X 智能手机 6GB+64GB + HiFi耳机","description_content":"899元包邮","update_at":1576158880294}
2019-12-12 13:54:40 [elasticsearch] DEBUG: < {"_index":"top","_type":"_doc","_id":"4798","_version":31,"result":"updated","_shards":{"total":2,"successful":1,"failed":0},"_seq_no":111252,"_primary_term":1}
2019-12-12 13:54:40 [urllib3.connectionpool] DEBUG: http://elasticsearch:9200 "POST /top/_doc/3426 HTTP/1.1" 200 160
2019-12-12 13:54:40 [elasticsearch] INFO: POST http://elasticsearch:9200/top/_doc/3426 [status:200 request:0.035s]
2019-12-12 13:54:40 [elasticsearch] DEBUG: > {"title":"京东PLUS会员、新补名额 : BRITA 碧然德 Marella 金典系列 3.5L 滤水壶 1壶6芯","description_content":"合155元包邮（需用券，限名额返90E卡）","update_at":1576158880294}
2019-12-12 13:54:40 [elasticsearch] DEBUG: < {"_index":"top","_type":"_doc","_id":"3426","_version":96,"result":"updated","_shards":{"total":2,"successful":1,"failed":0},"_seq_no":111253,"_primary_term":1}
2019-12-12 13:54:40 [urllib3.connectionpool] DEBUG: Starting new HTTP connection (1): elasticsearch:9200
2019-12-12 13:54:40 [urllib3.connectionpool] DEBUG: http://elasticsearch:9200 "HEAD /top HTTP/1.1" 200 0
2019-12-12 13:54:40 [elasticsearch] INFO: HEAD http://elasticsearch:9200/top [status:200 request:0.003s]
2019-12-12 13:54:40 [elasticsearch] DEBUG: > None
2019-12-12 13:54:40 [elasticsearch] DEBUG: < 
2019-12-12 13:54:40 [urllib3.connectionpool] DEBUG: http://elasticsearch:9200 "POST /top/_doc/2544 HTTP/1.1" 200 160
2019-12-12 13:54:40 [elasticsearch] INFO: POST http://elasticsearch:9200/top/_doc/2544 [status:200 request:0.034s]
2019-12-12 13:54:40 [elasticsearch] DEBUG: > {"title":"促销活动 : 京东 Under Armour官方旗舰店 双12暖暖节","description_content":"2件8折，双券1000-500元，最高300买1000","update_at":1576158880294}
2019-12-12 13:54:40 [elasticsearch] DEBUG: < {"_index":"top","_type":"_doc","_id":"2544","_version":50,"result":"updated","_shards":{"total":2,"successful":1,"failed":0},"_seq_no":111254,"_primary_term":1}
2019-12-12 13:54:40 [urllib3.connectionpool] DEBUG: Starting new HTTP connection (1): elasticsearch:9200
2019-12-12 13:54:40 [urllib3.connectionpool] DEBUG: http://elasticsearch:9200 "HEAD /top HTTP/1.1" 200 0
2019-12-12 13:54:40 [elasticsearch] INFO: HEAD http://elasticsearch:9200/top [status:200 request:0.002s]
2019-12-12 13:54:40 [elasticsearch] DEBUG: > None
2019-12-12 13:54:40 [elasticsearch] DEBUG: < 
2019-12-12 13:54:40 [urllib3.connectionpool] DEBUG: http://elasticsearch:9200 "POST /top/_doc/4768 HTTP/1.1" 200 160
2019-12-12 13:54:40 [elasticsearch] INFO: POST http://elasticsearch:9200/top/_doc/4768 [status:200 request:0.029s]
2019-12-12 13:54:40 [elasticsearch] DEBUG: > {"title":"22点开始 : BOSE QuietComfort 35 II （QC35二代） 无线头戴式耳机","description_content":"1299元包税包邮（限50件）","update_at":1576158880294}
2019-12-12 13:54:40 [elasticsearch] DEBUG: < {"_index":"top","_type":"_doc","_id":"4768","_version":37,"result":"updated","_shards":{"total":2,"successful":1,"failed":0},"_seq_no":111255,"_primary_term":1}
2019-12-12 13:54:40 [urllib3.connectionpool] DEBUG: Starting new HTTP connection (1): elasticsearch:9200
2019-12-12 13:54:40 [urllib3.connectionpool] DEBUG: http://elasticsearch:9200 "HEAD /top HTTP/1.1" 200 0
2019-12-12 13:54:40 [elasticsearch] INFO: HEAD http://elasticsearch:9200/top [status:200 request:0.002s]
2019-12-12 13:54:40 [elasticsearch] DEBUG: > None
2019-12-12 13:54:40 [elasticsearch] DEBUG: < 
2019-12-12 13:54:40 [urllib3.connectionpool] DEBUG: http://elasticsearch:9200 "POST /top/_doc/4640 HTTP/1.1" 200 160
2019-12-12 13:54:40 [elasticsearch] INFO: POST http://elasticsearch:9200/top/_doc/4640 [status:200 request:0.030s]
2019-12-12 13:54:40 [elasticsearch] DEBUG: > {"title":"白菜党、必看活动 : 天猫凑单津贴 满300-30 错过等一年","description_content":"凑数史低价（内含万能凑单品）","update_at":1576158880294}
2019-12-12 13:54:40 [elasticsearch] DEBUG: < {"_index":"top","_type":"_doc","_id":"4640","_version":55,"result":"updated","_shards":{"total":2,"successful":1,"failed":0},"_seq_no":111256,"_primary_term":1}
2019-12-12 13:54:40 [urllib3.connectionpool] DEBUG: Starting new HTTP connection (1): elasticsearch:9200
2019-12-12 13:54:40 [urllib3.connectionpool] DEBUG: http://elasticsearch:9200 "HEAD /top HTTP/1.1" 200 0
2019-12-12 13:54:40 [elasticsearch] INFO: HEAD http://elasticsearch:9200/top [status:200 request:0.003s]
2019-12-12 13:54:40 [elasticsearch] DEBUG: > None
2019-12-12 13:54:40 [elasticsearch] DEBUG: < 
2019-12-12 13:54:40 [urllib3.connectionpool] DEBUG: http://elasticsearch:9200 "POST /top/_doc/4839 HTTP/1.1" 200 160
2019-12-12 13:54:40 [elasticsearch] INFO: POST http://elasticsearch:9200/top/_doc/4839 [status:200 request:0.027s]
2019-12-12 13:54:40 [elasticsearch] DEBUG: > {"title":"历史低价 : Miss Curiosity 好奇蜜斯 MC01TZ125 比基尼泳衣套装","description_content":"69元","update_at":1576158880294}
2019-12-12 13:54:40 [elasticsearch] DEBUG: < {"_index":"top","_type":"_doc","_id":"4839","_version":24,"result":"updated","_shards":{"total":2,"successful":1,"failed":0},"_seq_no":111257,"_primary_term":1}
2019-12-12 13:54:40 [urllib3.connectionpool] DEBUG: Starting new HTTP connection (1): elasticsearch:9200
2019-12-12 13:54:40 [urllib3.connectionpool] DEBUG: http://elasticsearch:9200 "HEAD /top HTTP/1.1" 200 0
2019-12-12 13:54:40 [elasticsearch] INFO: HEAD http://elasticsearch:9200/top [status:200 request:0.002s]
2019-12-12 13:54:40 [elasticsearch] DEBUG: > None
2019-12-12 13:54:40 [elasticsearch] DEBUG: < 
2019-12-12 13:54:40 [urllib3.connectionpool] DEBUG: http://elasticsearch:9200 "POST /top/_doc/4679 HTTP/1.1" 200 160
2019-12-12 13:54:40 [elasticsearch] INFO: POST http://elasticsearch:9200/top/_doc/4679 [status:200 request:0.025s]
2019-12-12 13:54:40 [elasticsearch] DEBUG: > {"title":"转盘抽奖、评论有奖 : 天猫 12.12年终品牌盛典主会场","description_content":"12日更新：男女装折上2件85折\\3件8折\\4件75折","update_at":1576158880294}
2019-12-12 13:54:40 [elasticsearch] DEBUG: < {"_index":"top","_type":"_doc","_id":"4679","_version":48,"result":"updated","_shards":{"total":2,"successful":1,"failed":0},"_seq_no":111258,"_primary_term":1}
2019-12-12 13:54:40 [urllib3.connectionpool] DEBUG: Starting new HTTP connection (1): elasticsearch:9200
2019-12-12 13:54:40 [urllib3.connectionpool] DEBUG: http://elasticsearch:9200 "HEAD /top HTTP/1.1" 200 0
2019-12-12 13:54:40 [elasticsearch] INFO: HEAD http://elasticsearch:9200/top [status:200 request:0.002s]
2019-12-12 13:54:40 [elasticsearch] DEBUG: > None
2019-12-12 13:54:40 [elasticsearch] DEBUG: < 
2019-12-12 13:54:40 [urllib3.connectionpool] DEBUG: http://elasticsearch:9200 "POST /top/_doc/4896 HTTP/1.1" 200 160
2019-12-12 13:54:40 [elasticsearch] INFO: POST http://elasticsearch:9200/top/_doc/4896 [status:200 request:0.025s]
2019-12-12 13:54:40 [elasticsearch] DEBUG: > {"title":"历史低价、再降价 : N-platz SmooFit Tights 男士裤袜 50D/80D","description_content":"65元包邮（需用券）","update_at":1576158880294}
2019-12-12 13:54:40 [elasticsearch] DEBUG: < {"_index":"top","_type":"_doc","_id":"4896","_version":12,"result":"updated","_shards":{"total":2,"successful":1,"failed":0},"_seq_no":111259,"_primary_term":1}
2019-12-12 13:54:40 [urllib3.connectionpool] DEBUG: Starting new HTTP connection (1): elasticsearch:9200
2019-12-12 13:54:40 [urllib3.connectionpool] DEBUG: http://elasticsearch:9200 "HEAD /top HTTP/1.1" 200 0
2019-12-12 13:54:40 [elasticsearch] INFO: HEAD http://elasticsearch:9200/top [status:200 request:0.002s]
2019-12-12 13:54:40 [elasticsearch] DEBUG: > None
2019-12-12 13:54:40 [elasticsearch] DEBUG: < 
2019-12-12 13:54:40 [urllib3.connectionpool] DEBUG: http://elasticsearch:9200 "POST /top/_doc/4890 HTTP/1.1" 200 160
2019-12-12 13:54:40 [elasticsearch] INFO: POST http://elasticsearch:9200/top/_doc/4890 [status:200 request:0.023s]
2019-12-12 13:54:40 [elasticsearch] DEBUG: > {"title":"历史低价 : TOSHIBA 东芝 TR200/RC500/RD500系列 固态硬盘","description_content":"TR200低至166元，RC500低至217，RD500低至474","update_at":1576158880294}
2019-12-12 13:54:40 [elasticsearch] DEBUG: < {"_index":"top","_type":"_doc","_id":"4890","_version":14,"result":"updated","_shards":{"total":2,"successful":1,"failed":0},"_seq_no":111260,"_primary_term":1}
2019-12-12 13:54:40 [urllib3.connectionpool] DEBUG: Starting new HTTP connection (1): elasticsearch:9200
2019-12-12 13:54:40 [urllib3.connectionpool] DEBUG: http://elasticsearch:9200 "HEAD /top HTTP/1.1" 200 0
2019-12-12 13:54:40 [elasticsearch] INFO: HEAD http://elasticsearch:9200/top [status:200 request:0.002s]
2019-12-12 13:54:40 [elasticsearch] DEBUG: > None
2019-12-12 13:54:40 [elasticsearch] DEBUG: < 
2019-12-12 13:54:40 [urllib3.connectionpool] DEBUG: http://elasticsearch:9200 "POST /top/_doc/4779 HTTP/1.1" 200 160
2019-12-12 13:54:40 [elasticsearch] INFO: POST http://elasticsearch:9200/top/_doc/4779 [status:200 request:0.020s]
2019-12-12 13:54:40 [elasticsearch] DEBUG: > {"title":"22点开始 : MI 小米 USB双口充电器 30W快充版（1A1C）","description_content":"49.9元","update_at":1576158880294}
2019-12-12 13:54:40 [elasticsearch] DEBUG: < {"_index":"top","_type":"_doc","_id":"4779","_version":34,"result":"updated","_shards":{"total":2,"successful":1,"failed":0},"_seq_no":111261,"_primary_term":1}
2019-12-12 13:54:40 [urllib3.connectionpool] DEBUG: Starting new HTTP connection (1): elasticsearch:9200
2019-12-12 13:54:40 [urllib3.connectionpool] DEBUG: http://elasticsearch:9200 "HEAD /top HTTP/1.1" 200 0
2019-12-12 13:54:40 [elasticsearch] INFO: HEAD http://elasticsearch:9200/top [status:200 request:0.002s]
2019-12-12 13:54:40 [elasticsearch] DEBUG: > None
2019-12-12 13:54:40 [elasticsearch] DEBUG: < 
2019-12-12 13:54:40 [urllib3.connectionpool] DEBUG: http://elasticsearch:9200 "POST /top/_doc/4885 HTTP/1.1" 200 160
2019-12-12 13:54:40 [elasticsearch] INFO: POST http://elasticsearch:9200/top/_doc/4885 [status:200 request:0.021s]
2019-12-12 13:54:40 [elasticsearch] DEBUG: > {"title":"Nintendo 任天堂 Switch《健身环大冒险》体感游戏套装","description_content":"699元包邮","update_at":1576158880294}
2019-12-12 13:54:40 [elasticsearch] DEBUG: < {"_index":"top","_type":"_doc","_id":"4885","_version":15,"result":"updated","_shards":{"total":2,"successful":1,"failed":0},"_seq_no":111262,"_primary_term":1}
2019-12-12 13:54:40 [urllib3.connectionpool] DEBUG: Starting new HTTP connection (1): elasticsearch:9200
2019-12-12 13:54:40 [urllib3.connectionpool] DEBUG: http://elasticsearch:9200 "HEAD /top HTTP/1.1" 200 0
2019-12-12 13:54:40 [elasticsearch] INFO: HEAD http://elasticsearch:9200/top [status:200 request:0.002s]
2019-12-12 13:54:40 [elasticsearch] DEBUG: > None
2019-12-12 13:54:40 [elasticsearch] DEBUG: < 
2019-12-12 13:54:40 [urllib3.connectionpool] DEBUG: http://elasticsearch:9200 "POST /top/_doc/4917 HTTP/1.1" 200 159
2019-12-12 13:54:40 [elasticsearch] INFO: POST http://elasticsearch:9200/top/_doc/4917 [status:200 request:0.021s]
2019-12-12 13:54:40 [elasticsearch] DEBUG: > {"title":"手慢无、必看活动 : 天猫国际官方直营 精选美包 双12抄底特惠啦！","description_content":"还等啥？两三百元就能买到轻奢包包！","update_at":1576158880294}
2019-12-12 13:54:40 [elasticsearch] DEBUG: < {"_index":"top","_type":"_doc","_id":"4917","_version":7,"result":"updated","_shards":{"total":2,"successful":1,"failed":0},"_seq_no":111263,"_primary_term":1}
2019-12-12 13:54:40 [urllib3.connectionpool] DEBUG: Starting new HTTP connection (1): elasticsearch:9200
2019-12-12 13:54:40 [urllib3.connectionpool] DEBUG: http://elasticsearch:9200 "HEAD /top HTTP/1.1" 200 0
2019-12-12 13:54:40 [elasticsearch] INFO: HEAD http://elasticsearch:9200/top [status:200 request:0.002s]
2019-12-12 13:54:40 [elasticsearch] DEBUG: > None
2019-12-12 13:54:40 [elasticsearch] DEBUG: < 
2019-12-12 13:54:40 [urllib3.connectionpool] DEBUG: http://elasticsearch:9200 "POST /top/_doc/4867 HTTP/1.1" 200 160
2019-12-12 13:54:40 [elasticsearch] INFO: POST http://elasticsearch:9200/top/_doc/4867 [status:200 request:0.023s]
2019-12-12 13:54:40 [elasticsearch] DEBUG: > {"title":"历史低价 : SONY 索尼 KD-85X8500G 85英寸 4K 液晶电视","description_content":"16544元包邮","update_at":1576158880294}
2019-12-12 13:54:40 [elasticsearch] DEBUG: < {"_index":"top","_type":"_doc","_id":"4867","_version":17,"result":"updated","_shards":{"total":2,"successful":1,"failed":0},"_seq_no":111264,"_primary_term":1}
2019-12-12 13:54:40 [urllib3.connectionpool] DEBUG: Starting new HTTP connection (1): elasticsearch:9200
2019-12-12 13:54:40 [urllib3.connectionpool] DEBUG: http://elasticsearch:9200 "HEAD /top HTTP/1.1" 200 0
2019-12-12 13:54:40 [elasticsearch] INFO: HEAD http://elasticsearch:9200/top [status:200 request:0.002s]
2019-12-12 13:54:40 [elasticsearch] DEBUG: > None
2019-12-12 13:54:40 [elasticsearch] DEBUG: < 
2019-12-12 13:54:40 [urllib3.connectionpool] DEBUG: http://elasticsearch:9200 "POST /top/_doc/4909 HTTP/1.1" 200 159
2019-12-12 13:54:40 [elasticsearch] INFO: POST http://elasticsearch:9200/top/_doc/4909 [status:200 request:0.023s]
2019-12-12 13:54:40 [elasticsearch] DEBUG: > {"title":"抄作业 : 东阿阿胶 黑驴王子 驴肋条肉/驴腿肉500g","description_content":"79.9元，多重优惠低至32.6元/斤，附组合","update_at":1576158880294}
2019-12-12 13:54:40 [elasticsearch] DEBUG: < {"_index":"top","_type":"_doc","_id":"4909","_version":9,"result":"updated","_shards":{"total":2,"successful":1,"failed":0},"_seq_no":111265,"_primary_term":1}
2019-12-12 13:54:40 [urllib3.connectionpool] DEBUG: Starting new HTTP connection (1): elasticsearch:9200
2019-12-12 13:54:40 [urllib3.connectionpool] DEBUG: http://elasticsearch:9200 "HEAD /top HTTP/1.1" 200 0
2019-12-12 13:54:40 [elasticsearch] INFO: HEAD http://elasticsearch:9200/top [status:200 request:0.002s]
2019-12-12 13:54:40 [elasticsearch] DEBUG: > None
2019-12-12 13:54:40 [elasticsearch] DEBUG: < 
2019-12-12 13:54:40 [urllib3.connectionpool] DEBUG: http://elasticsearch:9200 "POST /top/_doc/4886 HTTP/1.1" 200 160
2019-12-12 13:54:40 [elasticsearch] INFO: POST http://elasticsearch:9200/top/_doc/4886 [status:200 request:0.023s]
2019-12-12 13:54:40 [elasticsearch] DEBUG: > {"title":"adidas 阿迪达斯 ULTRABOOST 20 EG0692 男子跑步鞋","description_content":"769.1元包邮（需用券）","update_at":1576158880294}
2019-12-12 13:54:40 [elasticsearch] DEBUG: < {"_index":"top","_type":"_doc","_id":"4886","_version":15,"result":"updated","_shards":{"total":2,"successful":1,"failed":0},"_seq_no":111266,"_primary_term":1}
2019-12-12 13:54:40 [urllib3.connectionpool] DEBUG: Starting new HTTP connection (1): elasticsearch:9200
2019-12-12 13:54:40 [urllib3.connectionpool] DEBUG: http://elasticsearch:9200 "HEAD /top HTTP/1.1" 200 0
2019-12-12 13:54:40 [elasticsearch] INFO: HEAD http://elasticsearch:9200/top [status:200 request:0.002s]
2019-12-12 13:54:40 [elasticsearch] DEBUG: > None
2019-12-12 13:54:40 [elasticsearch] DEBUG: < 
2019-12-12 13:54:40 [urllib3.connectionpool] DEBUG: http://elasticsearch:9200 "POST /top/_doc/4918 HTTP/1.1" 200 159
2019-12-12 13:54:40 [elasticsearch] INFO: POST http://elasticsearch:9200/top/_doc/4918 [status:200 request:0.024s]
2019-12-12 13:54:40 [elasticsearch] DEBUG: > {"title":"C&S 洁柔 粉Face系列卷纸 4层120g*27卷 *3件","description_content":"79.2元包邮（合26.4元/件）","update_at":1576158880294}
2019-12-12 13:54:40 [elasticsearch] DEBUG: < {"_index":"top","_type":"_doc","_id":"4918","_version":7,"result":"updated","_shards":{"total":2,"successful":1,"failed":0},"_seq_no":111267,"_primary_term":1}
2019-12-12 13:54:40 [urllib3.connectionpool] DEBUG: Starting new HTTP connection (1): elasticsearch:9200
2019-12-12 13:54:40 [urllib3.connectionpool] DEBUG: http://elasticsearch:9200 "HEAD /top HTTP/1.1" 200 0
2019-12-12 13:54:40 [elasticsearch] INFO: HEAD http://elasticsearch:9200/top [status:200 request:0.002s]
2019-12-12 13:54:40 [elasticsearch] DEBUG: > None
2019-12-12 13:54:40 [elasticsearch] DEBUG: < 
2019-12-12 13:54:40 [urllib3.connectionpool] DEBUG: http://elasticsearch:9200 "POST /top/_doc/4808 HTTP/1.1" 200 160
2019-12-12 13:54:40 [elasticsearch] INFO: POST http://elasticsearch:9200/top/_doc/4808 [status:200 request:0.020s]
2019-12-12 13:54:40 [elasticsearch] DEBUG: > {"title":"历史低价 : smartisan 锤子科技 坚果 Pro 3 智能手机 8GB+256GB 碎屏险套装","description_content":"2699元包邮（需用券）","update_at":1576158880294}
2019-12-12 13:54:40 [elasticsearch] DEBUG: < {"_index":"top","_type":"_doc","_id":"4808","_version":29,"result":"updated","_shards":{"total":2,"successful":1,"failed":0},"_seq_no":111268,"_primary_term":1}
2019-12-12 13:54:40 [urllib3.connectionpool] DEBUG: Starting new HTTP connection (1): elasticsearch:9200
2019-12-12 13:54:40 [urllib3.connectionpool] DEBUG: http://elasticsearch:9200 "HEAD /top HTTP/1.1" 200 0
2019-12-12 13:54:40 [elasticsearch] INFO: HEAD http://elasticsearch:9200/top [status:200 request:0.002s]
2019-12-12 13:54:40 [elasticsearch] DEBUG: > None
2019-12-12 13:54:40 [elasticsearch] DEBUG: < 
2019-12-12 13:54:40 [urllib3.connectionpool] DEBUG: http://elasticsearch:9200 "POST /top/_doc/4870 HTTP/1.1" 200 160
2019-12-12 13:54:40 [elasticsearch] INFO: POST http://elasticsearch:9200/top/_doc/4870 [status:200 request:0.021s]
2019-12-12 13:54:40 [elasticsearch] DEBUG: > {"title":"白菜党 : 领值友专享天猫红包 0元买白菜","description_content":"1分钱都不能浪费","update_at":1576158880294}
2019-12-12 13:54:40 [elasticsearch] DEBUG: < {"_index":"top","_type":"_doc","_id":"4870","_version":13,"result":"updated","_shards":{"total":2,"successful":1,"failed":0},"_seq_no":111269,"_primary_term":1}
2019-12-12 13:54:40 [urllib3.connectionpool] DEBUG: Starting new HTTP connection (1): elasticsearch:9200
2019-12-12 13:54:40 [urllib3.connectionpool] DEBUG: http://elasticsearch:9200 "HEAD /top HTTP/1.1" 200 0
2019-12-12 13:54:40 [elasticsearch] INFO: HEAD http://elasticsearch:9200/top [status:200 request:0.002s]
2019-12-12 13:54:40 [elasticsearch] DEBUG: > None
2019-12-12 13:54:40 [elasticsearch] DEBUG: < 
2019-12-12 13:54:40 [urllib3.connectionpool] DEBUG: http://elasticsearch:9200 "POST /top/_doc/4891 HTTP/1.1" 200 160
2019-12-12 13:54:40 [elasticsearch] INFO: POST http://elasticsearch:9200/top/_doc/4891 [status:200 request:0.021s]
2019-12-12 13:54:40 [elasticsearch] DEBUG: > {"title":"手慢无 : AquaShield 京选 JPA400 RO反渗透直饮纯水机 400G *2件","description_content":"1118.6元包邮（合559.3元/件）","update_at":1576158880294}
2019-12-12 13:54:40 [elasticsearch] DEBUG: < {"_index":"top","_type":"_doc","_id":"4891","_version":14,"result":"updated","_shards":{"total":2,"successful":1,"failed":0},"_seq_no":111270,"_primary_term":1}
2019-12-12 13:54:40 [urllib3.connectionpool] DEBUG: http://elasticsearch:9200 "POST /top/_doc/4869 HTTP/1.1" 200 160
2019-12-12 13:54:40 [elasticsearch] INFO: POST http://elasticsearch:9200/top/_doc/4869 [status:200 request:0.017s]
2019-12-12 13:54:40 [elasticsearch] DEBUG: > {"title":"ORICO 奥睿科 2139U3 2.5寸移动硬盘盒 USB3.0","description_content":"19.9元包邮","update_at":1576158880294}
2019-12-12 13:54:40 [elasticsearch] DEBUG: < {"_index":"top","_type":"_doc","_id":"4869","_version":10,"result":"updated","_shards":{"total":2,"successful":1,"failed":0},"_seq_no":111271,"_primary_term":1}
2019-12-12 13:54:40 [urllib3.connectionpool] DEBUG: http://elasticsearch:9200 "POST /top/_doc/4838 HTTP/1.1" 200 160
2019-12-12 13:54:40 [elasticsearch] INFO: POST http://elasticsearch:9200/top/_doc/4838 [status:200 request:0.016s]
2019-12-12 13:54:40 [elasticsearch] DEBUG: > {"title":"QiCHo 铁艺实木办公电脑桌 120*60*75*3cm","description_content":"299元包邮（需用券）","update_at":1576158880294}
2019-12-12 13:54:40 [elasticsearch] DEBUG: < {"_index":"top","_type":"_doc","_id":"4838","_version":24,"result":"updated","_shards":{"total":2,"successful":1,"failed":0},"_seq_no":111272,"_primary_term":1}
2019-12-12 13:54:40 [urllib3.connectionpool] DEBUG: http://elasticsearch:9200 "POST /top/_doc/4937 HTTP/1.1" 200 159
2019-12-12 13:54:40 [elasticsearch] INFO: POST http://elasticsearch:9200/top/_doc/4937 [status:200 request:0.015s]
2019-12-12 13:54:40 [elasticsearch] DEBUG: > {"title":"Apple 苹果 新AirPods（二代）无线蓝牙耳机 有线充电盒版","description_content":"899元包邮（需用券）","update_at":1576158880294}
2019-12-12 13:54:40 [elasticsearch] DEBUG: < {"_index":"top","_type":"_doc","_id":"4937","_version":2,"result":"updated","_shards":{"total":2,"successful":1,"failed":0},"_seq_no":111273,"_primary_term":1}
