2019-12-12 13:47:38 [scrapy.utils.log] INFO: Scrapy 1.7.4 started (bot: spider_tophub)
2019-12-12 13:47:38 [scrapy.utils.log] INFO: Versions: lxml 4.4.1.0, libxml2 2.9.9, cssselect 1.1.0, parsel 1.5.2, w3lib 1.21.0, Twisted 19.7.0, Python 3.7.5 (default, Nov 23 2019, 05:59:34) - [GCC 8.3.0], pyOpenSSL 19.0.0 (OpenSSL 1.1.1d  10 Sep 2019), cryptography 2.8, Platform Linux-3.10.0-1062.1.2.el7.x86_64-x86_64-with-debian-10.2
2019-12-12 13:47:38 [scrapy.crawler] INFO: Overridden settings: {'BOT_NAME': 'spider_tophub', 'DOWNLOAD_DELAY': 1, 'LOG_FILE': 'logs/spider_tophub/chouti_xinre/ed021ee01ce511ea831a0242ac1c0004.log', 'NEWSPIDER_MODULE': 'spider_tophub.spiders', 'ROBOTSTXT_OBEY': True, 'SPIDER_MODULES': ['spider_tophub.spiders'], 'USER_AGENT': 'Mozilla/5.0 (Windows NT 10.0; Win64; x64) AppleWebKit/537.36 (KHTML, like Gecko) Chrome/77.0.3865.120 Safari/537.36'}
2019-12-12 13:47:38 [scrapy.extensions.telnet] INFO: Telnet Password: 1553e027e6bb1902
2019-12-12 13:47:38 [scrapy.middleware] INFO: Enabled extensions:
['scrapy.extensions.corestats.CoreStats',
 'scrapy.extensions.telnet.TelnetConsole',
 'scrapy.extensions.memusage.MemoryUsage',
 'scrapy.extensions.logstats.LogStats']
2019-12-12 13:47:38 [scrapy.middleware] INFO: Enabled downloader middlewares:
['scrapy.downloadermiddlewares.robotstxt.RobotsTxtMiddleware',
 'scrapy.downloadermiddlewares.httpauth.HttpAuthMiddleware',
 'scrapy.downloadermiddlewares.downloadtimeout.DownloadTimeoutMiddleware',
 'scrapy.downloadermiddlewares.defaultheaders.DefaultHeadersMiddleware',
 'scrapy.downloadermiddlewares.useragent.UserAgentMiddleware',
 'scrapy.downloadermiddlewares.retry.RetryMiddleware',
 'scrapy.downloadermiddlewares.redirect.MetaRefreshMiddleware',
 'scrapy.downloadermiddlewares.httpcompression.HttpCompressionMiddleware',
 'scrapy.downloadermiddlewares.redirect.RedirectMiddleware',
 'scrapy.downloadermiddlewares.cookies.CookiesMiddleware',
 'scrapy.downloadermiddlewares.httpproxy.HttpProxyMiddleware',
 'scrapy.downloadermiddlewares.stats.DownloaderStats']
2019-12-12 13:47:38 [scrapy.middleware] INFO: Enabled spider middlewares:
['scrapy.spidermiddlewares.httperror.HttpErrorMiddleware',
 'scrapy.spidermiddlewares.offsite.OffsiteMiddleware',
 'scrapy.spidermiddlewares.referer.RefererMiddleware',
 'scrapy.spidermiddlewares.urllength.UrlLengthMiddleware',
 'scrapy.spidermiddlewares.depth.DepthMiddleware']
2019-12-12 13:47:38 [scrapy.middleware] INFO: Enabled item pipelines:
['spider_tophub.pipelines.MysqlTwistedPipeline']
2019-12-12 13:47:38 [scrapy.core.engine] INFO: Spider opened
2019-12-12 13:47:38 [scrapy.extensions.logstats] INFO: Crawled 0 pages (at 0 pages/min), scraped 0 items (at 0 items/min)
2019-12-12 13:47:38 [py.warnings] WARNING: /usr/local/lib/python3.7/site-packages/scrapy/spidermiddlewares/offsite.py:61: URLWarning: allowed_domains accepts only domains, not URLs. Ignoring URL entry https://dig.chouti.com/ in allowed_domains.
  warnings.warn(message, URLWarning)

2019-12-12 13:47:38 [scrapy.extensions.telnet] INFO: Telnet console listening on 127.0.0.1:6023
2019-12-12 13:47:38 [scrapy.core.engine] DEBUG: Crawled (200) <GET https://dig.chouti.com/robots.txt> (referer: None)
2019-12-12 13:47:40 [scrapy.core.engine] DEBUG: Crawled (200) <GET https://dig.chouti.com/link/hot> (referer: None)
2019-12-12 13:47:40 [scrapy.core.scraper] DEBUG: Scraped from <200 https://dig.chouti.com/link/hot>
None
2019-12-12 13:47:40 [scrapy.core.scraper] DEBUG: Scraped from <200 https://dig.chouti.com/link/hot>
None
2019-12-12 13:47:40 [scrapy.core.scraper] DEBUG: Scraped from <200 https://dig.chouti.com/link/hot>
None
2019-12-12 13:47:40 [scrapy.core.scraper] DEBUG: Scraped from <200 https://dig.chouti.com/link/hot>
None
2019-12-12 13:47:40 [scrapy.core.scraper] DEBUG: Scraped from <200 https://dig.chouti.com/link/hot>
None
2019-12-12 13:47:40 [scrapy.core.scraper] DEBUG: Scraped from <200 https://dig.chouti.com/link/hot>
None
2019-12-12 13:47:40 [scrapy.core.scraper] DEBUG: Scraped from <200 https://dig.chouti.com/link/hot>
None
2019-12-12 13:47:40 [scrapy.core.scraper] DEBUG: Scraped from <200 https://dig.chouti.com/link/hot>
None
2019-12-12 13:47:40 [scrapy.core.scraper] DEBUG: Scraped from <200 https://dig.chouti.com/link/hot>
None
2019-12-12 13:47:40 [scrapy.core.scraper] DEBUG: Scraped from <200 https://dig.chouti.com/link/hot>
None
2019-12-12 13:47:40 [scrapy.core.scraper] DEBUG: Scraped from <200 https://dig.chouti.com/link/hot>
None
2019-12-12 13:47:40 [scrapy.core.scraper] DEBUG: Scraped from <200 https://dig.chouti.com/link/hot>
None
2019-12-12 13:47:40 [scrapy.core.scraper] DEBUG: Scraped from <200 https://dig.chouti.com/link/hot>
None
2019-12-12 13:47:40 [scrapy.core.scraper] DEBUG: Scraped from <200 https://dig.chouti.com/link/hot>
None
2019-12-12 13:47:40 [scrapy.core.scraper] DEBUG: Scraped from <200 https://dig.chouti.com/link/hot>
None
2019-12-12 13:47:40 [scrapy.core.scraper] DEBUG: Scraped from <200 https://dig.chouti.com/link/hot>
None
2019-12-12 13:47:40 [scrapy.core.scraper] DEBUG: Scraped from <200 https://dig.chouti.com/link/hot>
None
2019-12-12 13:47:40 [scrapy.core.scraper] DEBUG: Scraped from <200 https://dig.chouti.com/link/hot>
None
2019-12-12 13:47:40 [scrapy.core.scraper] DEBUG: Scraped from <200 https://dig.chouti.com/link/hot>
None
2019-12-12 13:47:40 [scrapy.core.scraper] DEBUG: Scraped from <200 https://dig.chouti.com/link/hot>
None
2019-12-12 13:47:40 [scrapy.core.scraper] DEBUG: Scraped from <200 https://dig.chouti.com/link/hot>
None
2019-12-12 13:47:40 [scrapy.core.scraper] DEBUG: Scraped from <200 https://dig.chouti.com/link/hot>
None
2019-12-12 13:47:40 [scrapy.core.scraper] DEBUG: Scraped from <200 https://dig.chouti.com/link/hot>
None
2019-12-12 13:47:40 [scrapy.core.scraper] DEBUG: Scraped from <200 https://dig.chouti.com/link/hot>
None
2019-12-12 13:47:40 [scrapy.core.scraper] DEBUG: Scraped from <200 https://dig.chouti.com/link/hot>
None
2019-12-12 13:47:40 [scrapy.core.engine] INFO: Closing spider (finished)
2019-12-12 13:47:40 [scrapy.statscollectors] INFO: Dumping Scrapy stats:
{'downloader/request_bytes': 606,
 'downloader/request_count': 2,
 'downloader/request_method_count/GET': 2,
 'downloader/response_bytes': 11584,
 'downloader/response_count': 2,
 'downloader/response_status_count/200': 2,
 'elapsed_time_seconds': 1.675249,
 'finish_reason': 'finished',
 'finish_time': datetime.datetime(2019, 12, 12, 13, 47, 40, 554487),
 'item_scraped_count': 25,
 'log_count/DEBUG': 27,
 'log_count/INFO': 10,
 'log_count/WARNING': 1,
 'memusage/max': 57249792,
 'memusage/startup': 57249792,
 'response_received_count': 2,
 'robotstxt/request_count': 1,
 'robotstxt/response_count': 1,
 'robotstxt/response_status_count/200': 1,
 'scheduler/dequeued': 1,
 'scheduler/dequeued/memory': 1,
 'scheduler/enqueued': 1,
 'scheduler/enqueued/memory': 1,
 'start_time': datetime.datetime(2019, 12, 12, 13, 47, 38, 879238)}
2019-12-12 13:47:40 [scrapy.core.engine] INFO: Spider closed (finished)
2019-12-12 13:47:40 [urllib3.connectionpool] DEBUG: Starting new HTTP connection (1): elasticsearch:9200
2019-12-12 13:47:40 [urllib3.connectionpool] DEBUG: http://elasticsearch:9200 "HEAD /top HTTP/1.1" 200 0
2019-12-12 13:47:40 [elasticsearch] INFO: HEAD http://elasticsearch:9200/top [status:200 request:0.008s]
2019-12-12 13:47:40 [elasticsearch] DEBUG: > None
2019-12-12 13:47:40 [elasticsearch] DEBUG: < 
2019-12-12 13:47:40 [urllib3.connectionpool] DEBUG: http://elasticsearch:9200 "POST /top/_doc/4932 HTTP/1.1" 201 159
2019-12-12 13:47:40 [elasticsearch] INFO: POST http://elasticsearch:9200/top/_doc/4932 [status:201 request:0.010s]
2019-12-12 13:47:40 [elasticsearch] DEBUG: > {"title":"Netflix真人电视剧《猎魔人》公开了最终中文预告，第一季将于 12月20日 开播。","description_content":null,"update_at":1576158460544}
2019-12-12 13:47:40 [elasticsearch] DEBUG: < {"_index":"top","_type":"_doc","_id":"4932","_version":1,"result":"created","_shards":{"total":2,"successful":1,"failed":0},"_seq_no":109767,"_primary_term":1}
