2019-12-12 13:57:23 [scrapy.utils.log] INFO: Scrapy 1.7.4 started (bot: spider_tophub)
2019-12-12 13:57:23 [scrapy.utils.log] INFO: Versions: lxml 4.4.1.0, libxml2 2.9.9, cssselect 1.1.0, parsel 1.5.2, w3lib 1.21.0, Twisted 19.7.0, Python 3.7.5 (default, Nov 23 2019, 05:59:34) - [GCC 8.3.0], pyOpenSSL 19.0.0 (OpenSSL 1.1.1d  10 Sep 2019), cryptography 2.8, Platform Linux-3.10.0-1062.1.2.el7.x86_64-x86_64-with-debian-10.2
2019-12-12 13:57:23 [scrapy.crawler] INFO: Overridden settings: {'BOT_NAME': 'spider_tophub', 'DOWNLOAD_DELAY': 1, 'LOG_FILE': 'logs/spider_tophub/readhub_remen/2ee9827a1ce711ea831a0242ac1c0004.log', 'NEWSPIDER_MODULE': 'spider_tophub.spiders', 'ROBOTSTXT_OBEY': True, 'SPIDER_MODULES': ['spider_tophub.spiders'], 'USER_AGENT': 'Mozilla/5.0 (Windows NT 10.0; Win64; x64) AppleWebKit/537.36 (KHTML, like Gecko) Chrome/77.0.3865.120 Safari/537.36'}
2019-12-12 13:57:23 [scrapy.extensions.telnet] INFO: Telnet Password: 95e632f72a034884
2019-12-12 13:57:23 [scrapy.middleware] INFO: Enabled extensions:
['scrapy.extensions.corestats.CoreStats',
 'scrapy.extensions.telnet.TelnetConsole',
 'scrapy.extensions.memusage.MemoryUsage',
 'scrapy.extensions.logstats.LogStats']
2019-12-12 13:57:23 [scrapy.middleware] INFO: Enabled downloader middlewares:
['scrapy.downloadermiddlewares.robotstxt.RobotsTxtMiddleware',
 'scrapy.downloadermiddlewares.httpauth.HttpAuthMiddleware',
 'scrapy.downloadermiddlewares.downloadtimeout.DownloadTimeoutMiddleware',
 'scrapy.downloadermiddlewares.defaultheaders.DefaultHeadersMiddleware',
 'scrapy.downloadermiddlewares.useragent.UserAgentMiddleware',
 'scrapy.downloadermiddlewares.retry.RetryMiddleware',
 'scrapy.downloadermiddlewares.redirect.MetaRefreshMiddleware',
 'scrapy.downloadermiddlewares.httpcompression.HttpCompressionMiddleware',
 'scrapy.downloadermiddlewares.redirect.RedirectMiddleware',
 'scrapy.downloadermiddlewares.cookies.CookiesMiddleware',
 'scrapy.downloadermiddlewares.httpproxy.HttpProxyMiddleware',
 'scrapy.downloadermiddlewares.stats.DownloaderStats']
2019-12-12 13:57:23 [scrapy.middleware] INFO: Enabled spider middlewares:
['scrapy.spidermiddlewares.httperror.HttpErrorMiddleware',
 'scrapy.spidermiddlewares.offsite.OffsiteMiddleware',
 'scrapy.spidermiddlewares.referer.RefererMiddleware',
 'scrapy.spidermiddlewares.urllength.UrlLengthMiddleware',
 'scrapy.spidermiddlewares.depth.DepthMiddleware']
2019-12-12 13:57:23 [scrapy.middleware] INFO: Enabled item pipelines:
['spider_tophub.pipelines.MysqlTwistedPipeline']
2019-12-12 13:57:23 [scrapy.core.engine] INFO: Spider opened
2019-12-12 13:57:23 [scrapy.extensions.logstats] INFO: Crawled 0 pages (at 0 pages/min), scraped 0 items (at 0 items/min)
2019-12-12 13:57:23 [py.warnings] WARNING: /usr/local/lib/python3.7/site-packages/scrapy/spidermiddlewares/offsite.py:61: URLWarning: allowed_domains accepts only domains, not URLs. Ignoring URL entry https://readhub.cn in allowed_domains.
  warnings.warn(message, URLWarning)

2019-12-12 13:57:23 [py.warnings] WARNING: /usr/local/lib/python3.7/site-packages/scrapy/spidermiddlewares/offsite.py:61: URLWarning: allowed_domains accepts only domains, not URLs. Ignoring URL entry https://api.readhub.cn in allowed_domains.
  warnings.warn(message, URLWarning)

2019-12-12 13:57:23 [scrapy.extensions.telnet] INFO: Telnet console listening on 127.0.0.1:6023
2019-12-12 13:57:24 [scrapy.core.engine] DEBUG: Crawled (404) <GET https://api.readhub.cn/robots.txt> (referer: None)
2019-12-12 13:57:25 [scrapy.core.engine] DEBUG: Crawled (200) <GET https://api.readhub.cn/topic?lastCursor=&pageSize=20> (referer: None)
2019-12-12 13:57:25 [scrapy.core.scraper] DEBUG: Scraped from <200 https://api.readhub.cn/topic?lastCursor=&pageSize=20>
None
2019-12-12 13:57:25 [scrapy.core.scraper] DEBUG: Scraped from <200 https://api.readhub.cn/topic?lastCursor=&pageSize=20>
None
2019-12-12 13:57:25 [scrapy.core.scraper] DEBUG: Scraped from <200 https://api.readhub.cn/topic?lastCursor=&pageSize=20>
None
2019-12-12 13:57:25 [scrapy.core.scraper] DEBUG: Scraped from <200 https://api.readhub.cn/topic?lastCursor=&pageSize=20>
None
2019-12-12 13:57:25 [scrapy.core.scraper] DEBUG: Scraped from <200 https://api.readhub.cn/topic?lastCursor=&pageSize=20>
None
2019-12-12 13:57:25 [scrapy.core.scraper] DEBUG: Scraped from <200 https://api.readhub.cn/topic?lastCursor=&pageSize=20>
None
2019-12-12 13:57:25 [scrapy.core.scraper] DEBUG: Scraped from <200 https://api.readhub.cn/topic?lastCursor=&pageSize=20>
None
2019-12-12 13:57:25 [scrapy.core.scraper] DEBUG: Scraped from <200 https://api.readhub.cn/topic?lastCursor=&pageSize=20>
None
2019-12-12 13:57:25 [scrapy.core.scraper] DEBUG: Scraped from <200 https://api.readhub.cn/topic?lastCursor=&pageSize=20>
None
2019-12-12 13:57:25 [scrapy.core.scraper] DEBUG: Scraped from <200 https://api.readhub.cn/topic?lastCursor=&pageSize=20>
None
2019-12-12 13:57:25 [scrapy.core.scraper] DEBUG: Scraped from <200 https://api.readhub.cn/topic?lastCursor=&pageSize=20>
None
2019-12-12 13:57:25 [scrapy.core.scraper] DEBUG: Scraped from <200 https://api.readhub.cn/topic?lastCursor=&pageSize=20>
None
2019-12-12 13:57:25 [scrapy.core.scraper] DEBUG: Scraped from <200 https://api.readhub.cn/topic?lastCursor=&pageSize=20>
None
2019-12-12 13:57:25 [scrapy.core.scraper] DEBUG: Scraped from <200 https://api.readhub.cn/topic?lastCursor=&pageSize=20>
None
2019-12-12 13:57:25 [scrapy.core.scraper] DEBUG: Scraped from <200 https://api.readhub.cn/topic?lastCursor=&pageSize=20>
None
2019-12-12 13:57:25 [scrapy.core.scraper] DEBUG: Scraped from <200 https://api.readhub.cn/topic?lastCursor=&pageSize=20>
None
2019-12-12 13:57:25 [scrapy.core.scraper] DEBUG: Scraped from <200 https://api.readhub.cn/topic?lastCursor=&pageSize=20>
None
2019-12-12 13:57:25 [scrapy.core.scraper] DEBUG: Scraped from <200 https://api.readhub.cn/topic?lastCursor=&pageSize=20>
None
2019-12-12 13:57:25 [scrapy.core.scraper] DEBUG: Scraped from <200 https://api.readhub.cn/topic?lastCursor=&pageSize=20>
None
2019-12-12 13:57:25 [scrapy.core.scraper] DEBUG: Scraped from <200 https://api.readhub.cn/topic?lastCursor=&pageSize=20>
None
2019-12-12 13:57:25 [scrapy.core.engine] INFO: Closing spider (finished)
2019-12-12 13:57:25 [scrapy.statscollectors] INFO: Dumping Scrapy stats:
{'downloader/request_bytes': 627,
 'downloader/request_count': 2,
 'downloader/request_method_count/GET': 2,
 'downloader/response_bytes': 12518,
 'downloader/response_count': 2,
 'downloader/response_status_count/200': 1,
 'downloader/response_status_count/404': 1,
 'elapsed_time_seconds': 1.309953,
 'finish_reason': 'finished',
 'finish_time': datetime.datetime(2019, 12, 12, 13, 57, 25, 206716),
 'item_scraped_count': 20,
 'log_count/DEBUG': 22,
 'log_count/INFO': 10,
 'log_count/WARNING': 2,
 'memusage/max': 57245696,
 'memusage/startup': 57245696,
 'response_received_count': 2,
 'robotstxt/request_count': 1,
 'robotstxt/response_count': 1,
 'robotstxt/response_status_count/404': 1,
 'scheduler/dequeued': 1,
 'scheduler/dequeued/memory': 1,
 'scheduler/enqueued': 1,
 'scheduler/enqueued/memory': 1,
 'start_time': datetime.datetime(2019, 12, 12, 13, 57, 23, 896763)}
2019-12-12 13:57:25 [scrapy.core.engine] INFO: Spider closed (finished)
