2019-12-12 13:55:13 [scrapy.utils.log] INFO: Scrapy 1.7.4 started (bot: spider_tophub)
2019-12-12 13:55:13 [scrapy.utils.log] INFO: Versions: lxml 4.4.1.0, libxml2 2.9.9, cssselect 1.1.0, parsel 1.5.2, w3lib 1.21.0, Twisted 19.7.0, Python 3.7.5 (default, Nov 23 2019, 05:59:34) - [GCC 8.3.0], pyOpenSSL 19.0.0 (OpenSSL 1.1.1d  10 Sep 2019), cryptography 2.8, Platform Linux-3.10.0-1062.1.2.el7.x86_64-x86_64-with-debian-10.2
2019-12-12 13:55:13 [scrapy.crawler] INFO: Overridden settings: {'BOT_NAME': 'spider_tophub', 'DOWNLOAD_DELAY': 1, 'LOG_FILE': 'logs/spider_tophub/zhihu_resou/c3a9a97c1ce611ea831a0242ac1c0004.log', 'NEWSPIDER_MODULE': 'spider_tophub.spiders', 'SPIDER_MODULES': ['spider_tophub.spiders'], 'USER_AGENT': 'Mozilla/5.0 (Windows NT 6.1; WOW64) AppleWebKit/537.1 (KHTML, like Gecko) Chrome/22.0.1207.1 Safari/537.1'}
2019-12-12 13:55:13 [scrapy.extensions.telnet] INFO: Telnet Password: b42b3b786337f4c1
2019-12-12 13:55:13 [scrapy.middleware] INFO: Enabled extensions:
['scrapy.extensions.corestats.CoreStats',
 'scrapy.extensions.telnet.TelnetConsole',
 'scrapy.extensions.memusage.MemoryUsage',
 'scrapy.extensions.logstats.LogStats']
2019-12-12 13:55:13 [scrapy.middleware] INFO: Enabled downloader middlewares:
['scrapy.downloadermiddlewares.httpauth.HttpAuthMiddleware',
 'scrapy.downloadermiddlewares.downloadtimeout.DownloadTimeoutMiddleware',
 'scrapy.downloadermiddlewares.defaultheaders.DefaultHeadersMiddleware',
 'scrapy.downloadermiddlewares.useragent.UserAgentMiddleware',
 'scrapy.downloadermiddlewares.retry.RetryMiddleware',
 'scrapy.downloadermiddlewares.redirect.MetaRefreshMiddleware',
 'scrapy.downloadermiddlewares.httpcompression.HttpCompressionMiddleware',
 'scrapy.downloadermiddlewares.redirect.RedirectMiddleware',
 'scrapy.downloadermiddlewares.cookies.CookiesMiddleware',
 'scrapy.downloadermiddlewares.httpproxy.HttpProxyMiddleware',
 'scrapy.downloadermiddlewares.stats.DownloaderStats']
2019-12-12 13:55:13 [scrapy.middleware] INFO: Enabled spider middlewares:
['scrapy.spidermiddlewares.httperror.HttpErrorMiddleware',
 'scrapy.spidermiddlewares.offsite.OffsiteMiddleware',
 'scrapy.spidermiddlewares.referer.RefererMiddleware',
 'scrapy.spidermiddlewares.urllength.UrlLengthMiddleware',
 'scrapy.spidermiddlewares.depth.DepthMiddleware']
2019-12-12 13:55:13 [scrapy.middleware] INFO: Enabled item pipelines:
['spider_tophub.pipelines.MysqlTwistedPipeline']
2019-12-12 13:55:13 [scrapy.core.engine] INFO: Spider opened
2019-12-12 13:55:13 [scrapy.extensions.logstats] INFO: Crawled 0 pages (at 0 pages/min), scraped 0 items (at 0 items/min)
2019-12-12 13:55:13 [scrapy.extensions.telnet] INFO: Telnet console listening on 127.0.0.1:6023
2019-12-12 13:55:13 [scrapy.core.engine] DEBUG: Crawled (200) <GET https://www.zhihu.com/api/v4/search/top_search> (referer: None)
2019-12-12 13:55:14 [scrapy.core.scraper] DEBUG: Scraped from <200 https://www.zhihu.com/api/v4/search/top_search>
None
2019-12-12 13:55:14 [scrapy.core.scraper] DEBUG: Scraped from <200 https://www.zhihu.com/api/v4/search/top_search>
None
2019-12-12 13:55:14 [scrapy.core.scraper] DEBUG: Scraped from <200 https://www.zhihu.com/api/v4/search/top_search>
None
2019-12-12 13:55:14 [scrapy.core.scraper] DEBUG: Scraped from <200 https://www.zhihu.com/api/v4/search/top_search>
None
2019-12-12 13:55:14 [scrapy.core.scraper] DEBUG: Scraped from <200 https://www.zhihu.com/api/v4/search/top_search>
None
2019-12-12 13:55:14 [scrapy.core.scraper] DEBUG: Scraped from <200 https://www.zhihu.com/api/v4/search/top_search>
None
2019-12-12 13:55:14 [scrapy.core.scraper] DEBUG: Scraped from <200 https://www.zhihu.com/api/v4/search/top_search>
None
2019-12-12 13:55:14 [scrapy.core.scraper] DEBUG: Scraped from <200 https://www.zhihu.com/api/v4/search/top_search>
None
2019-12-12 13:55:14 [scrapy.core.scraper] DEBUG: Scraped from <200 https://www.zhihu.com/api/v4/search/top_search>
None
2019-12-12 13:55:14 [scrapy.core.scraper] DEBUG: Scraped from <200 https://www.zhihu.com/api/v4/search/top_search>
None
2019-12-12 13:55:14 [scrapy.core.engine] INFO: Closing spider (finished)
2019-12-12 13:55:14 [scrapy.statscollectors] INFO: Dumping Scrapy stats:
{'downloader/request_bytes': 307,
 'downloader/request_count': 1,
 'downloader/request_method_count/GET': 1,
 'downloader/response_bytes': 1386,
 'downloader/response_count': 1,
 'downloader/response_status_count/200': 1,
 'elapsed_time_seconds': 0.204095,
 'finish_reason': 'finished',
 'finish_time': datetime.datetime(2019, 12, 12, 13, 55, 14, 65304),
 'item_scraped_count': 10,
 'log_count/DEBUG': 11,
 'log_count/INFO': 10,
 'memusage/max': 57233408,
 'memusage/startup': 57233408,
 'response_received_count': 1,
 'scheduler/dequeued': 1,
 'scheduler/dequeued/memory': 1,
 'scheduler/enqueued': 1,
 'scheduler/enqueued/memory': 1,
 'start_time': datetime.datetime(2019, 12, 12, 13, 55, 13, 861209)}
2019-12-12 13:55:14 [scrapy.core.engine] INFO: Spider closed (finished)
2019-12-12 13:55:14 [urllib3.connectionpool] DEBUG: Starting new HTTP connection (1): elasticsearch:9200
2019-12-12 13:55:14 [urllib3.connectionpool] DEBUG: Starting new HTTP connection (1): elasticsearch:9200
2019-12-12 13:55:14 [urllib3.connectionpool] DEBUG: Starting new HTTP connection (1): elasticsearch:9200
2019-12-12 13:55:14 [urllib3.connectionpool] DEBUG: Starting new HTTP connection (1): elasticsearch:9200
2019-12-12 13:55:14 [urllib3.connectionpool] DEBUG: http://elasticsearch:9200 "HEAD /top HTTP/1.1" 200 0
2019-12-12 13:55:14 [elasticsearch] INFO: HEAD http://elasticsearch:9200/top [status:200 request:0.006s]
2019-12-12 13:55:14 [elasticsearch] DEBUG: > None
2019-12-12 13:55:14 [elasticsearch] DEBUG: < 
2019-12-12 13:55:14 [urllib3.connectionpool] DEBUG: http://elasticsearch:9200 "HEAD /top HTTP/1.1" 200 0
2019-12-12 13:55:14 [elasticsearch] INFO: HEAD http://elasticsearch:9200/top [status:200 request:0.008s]
2019-12-12 13:55:14 [elasticsearch] DEBUG: > None
2019-12-12 13:55:14 [elasticsearch] DEBUG: < 
2019-12-12 13:55:14 [urllib3.connectionpool] DEBUG: http://elasticsearch:9200 "HEAD /top HTTP/1.1" 200 0
2019-12-12 13:55:14 [elasticsearch] INFO: HEAD http://elasticsearch:9200/top [status:200 request:0.010s]
2019-12-12 13:55:14 [elasticsearch] DEBUG: > None
2019-12-12 13:55:14 [elasticsearch] DEBUG: < 
2019-12-12 13:55:14 [urllib3.connectionpool] DEBUG: http://elasticsearch:9200 "HEAD /top HTTP/1.1" 200 0
2019-12-12 13:55:14 [elasticsearch] INFO: HEAD http://elasticsearch:9200/top [status:200 request:0.008s]
2019-12-12 13:55:14 [elasticsearch] DEBUG: > None
2019-12-12 13:55:14 [elasticsearch] DEBUG: < 
2019-12-12 13:55:14 [urllib3.connectionpool] DEBUG: Starting new HTTP connection (1): elasticsearch:9200
2019-12-12 13:55:14 [urllib3.connectionpool] DEBUG: http://elasticsearch:9200 "HEAD /top HTTP/1.1" 200 0
2019-12-12 13:55:14 [elasticsearch] INFO: HEAD http://elasticsearch:9200/top [status:200 request:0.003s]
2019-12-12 13:55:14 [elasticsearch] DEBUG: > None
2019-12-12 13:55:14 [elasticsearch] DEBUG: < 
2019-12-12 13:55:14 [urllib3.connectionpool] DEBUG: http://elasticsearch:9200 "POST /top/_doc/2973 HTTP/1.1" 200 161
2019-12-12 13:55:14 [elasticsearch] INFO: POST http://elasticsearch:9200/top/_doc/2973 [status:200 request:0.011s]
2019-12-12 13:55:14 [elasticsearch] DEBUG: > {"title":"说唱歌手果汁哥去世","description_content":null,"update_at":1576158914058}
2019-12-12 13:55:14 [elasticsearch] DEBUG: < {"_index":"top","_type":"_doc","_id":"2973","_version":163,"result":"updated","_shards":{"total":2,"successful":1,"failed":0},"_seq_no":111684,"_primary_term":1}
2019-12-12 13:55:14 [urllib3.connectionpool] DEBUG: http://elasticsearch:9200 "POST /top/_doc/2972 HTTP/1.1" 200 161
2019-12-12 13:55:14 [elasticsearch] INFO: POST http://elasticsearch:9200/top/_doc/2972 [status:200 request:0.014s]
2019-12-12 13:55:14 [elasticsearch] DEBUG: > {"title":"柯震东复出","description_content":null,"update_at":1576158914058}
2019-12-12 13:55:14 [elasticsearch] DEBUG: < {"_index":"top","_type":"_doc","_id":"2972","_version":163,"result":"updated","_shards":{"total":2,"successful":1,"failed":0},"_seq_no":111685,"_primary_term":1}
2019-12-12 13:55:14 [urllib3.connectionpool] DEBUG: Starting new HTTP connection (1): elasticsearch:9200
2019-12-12 13:55:14 [urllib3.connectionpool] DEBUG: http://elasticsearch:9200 "HEAD /top HTTP/1.1" 200 0
2019-12-12 13:55:14 [elasticsearch] INFO: HEAD http://elasticsearch:9200/top [status:200 request:0.002s]
2019-12-12 13:55:14 [elasticsearch] DEBUG: > None
2019-12-12 13:55:14 [elasticsearch] DEBUG: < 
2019-12-12 13:55:14 [urllib3.connectionpool] DEBUG: http://elasticsearch:9200 "POST /top/_doc/2971 HTTP/1.1" 200 161
2019-12-12 13:55:14 [elasticsearch] INFO: POST http://elasticsearch:9200/top/_doc/2971 [status:200 request:0.025s]
2019-12-12 13:55:14 [elasticsearch] DEBUG: > {"title":"Mac Pro 国行发售","description_content":null,"update_at":1576158914058}
2019-12-12 13:55:14 [elasticsearch] DEBUG: < {"_index":"top","_type":"_doc","_id":"2971","_version":163,"result":"updated","_shards":{"total":2,"successful":1,"failed":0},"_seq_no":111686,"_primary_term":1}
2019-12-12 13:55:14 [urllib3.connectionpool] DEBUG: Starting new HTTP connection (1): elasticsearch:9200
2019-12-12 13:55:14 [urllib3.connectionpool] DEBUG: http://elasticsearch:9200 "HEAD /top HTTP/1.1" 200 0
2019-12-12 13:55:14 [elasticsearch] INFO: HEAD http://elasticsearch:9200/top [status:200 request:0.002s]
2019-12-12 13:55:14 [elasticsearch] DEBUG: > None
2019-12-12 13:55:14 [elasticsearch] DEBUG: < 
2019-12-12 13:55:14 [urllib3.connectionpool] DEBUG: http://elasticsearch:9200 "POST /top/_doc/3339 HTTP/1.1" 200 161
2019-12-12 13:55:14 [elasticsearch] INFO: POST http://elasticsearch:9200/top/_doc/3339 [status:200 request:0.030s]
2019-12-12 13:55:14 [elasticsearch] DEBUG: > {"title":"北大女生自杀","description_content":null,"update_at":1576158914058}
2019-12-12 13:55:14 [elasticsearch] DEBUG: < {"_index":"top","_type":"_doc","_id":"3339","_version":141,"result":"updated","_shards":{"total":2,"successful":1,"failed":0},"_seq_no":111687,"_primary_term":1}
2019-12-12 13:55:14 [urllib3.connectionpool] DEBUG: Starting new HTTP connection (1): elasticsearch:9200
2019-12-12 13:55:14 [urllib3.connectionpool] DEBUG: http://elasticsearch:9200 "HEAD /top HTTP/1.1" 200 0
2019-12-12 13:55:14 [elasticsearch] INFO: HEAD http://elasticsearch:9200/top [status:200 request:0.002s]
2019-12-12 13:55:14 [elasticsearch] DEBUG: > None
2019-12-12 13:55:14 [elasticsearch] DEBUG: < 
2019-12-12 13:55:14 [urllib3.connectionpool] DEBUG: http://elasticsearch:9200 "POST /top/_doc/2975 HTTP/1.1" 200 161
2019-12-12 13:55:14 [elasticsearch] INFO: POST http://elasticsearch:9200/top/_doc/2975 [status:200 request:0.031s]
2019-12-12 13:55:14 [elasticsearch] DEBUG: > {"title":"《庆余年》超前点播","description_content":null,"update_at":1576158914058}
2019-12-12 13:55:14 [elasticsearch] DEBUG: < {"_index":"top","_type":"_doc","_id":"2975","_version":163,"result":"updated","_shards":{"total":2,"successful":1,"failed":0},"_seq_no":111688,"_primary_term":1}
2019-12-12 13:55:14 [urllib3.connectionpool] DEBUG: Starting new HTTP connection (1): elasticsearch:9200
2019-12-12 13:55:14 [urllib3.connectionpool] DEBUG: http://elasticsearch:9200 "HEAD /top HTTP/1.1" 200 0
2019-12-12 13:55:14 [elasticsearch] INFO: HEAD http://elasticsearch:9200/top [status:200 request:0.002s]
2019-12-12 13:55:14 [elasticsearch] DEBUG: > None
2019-12-12 13:55:14 [elasticsearch] DEBUG: < 
2019-12-12 13:55:14 [urllib3.connectionpool] DEBUG: http://elasticsearch:9200 "POST /top/_doc/2993 HTTP/1.1" 200 161
2019-12-12 13:55:14 [elasticsearch] INFO: POST http://elasticsearch:9200/top/_doc/2993 [status:200 request:0.025s]
2019-12-12 13:55:14 [elasticsearch] DEBUG: > {"title":"周杰伦新歌","description_content":null,"update_at":1576158914058}
2019-12-12 13:55:14 [elasticsearch] DEBUG: < {"_index":"top","_type":"_doc","_id":"2993","_version":162,"result":"updated","_shards":{"total":2,"successful":1,"failed":0},"_seq_no":111689,"_primary_term":1}
2019-12-12 13:55:14 [urllib3.connectionpool] DEBUG: Starting new HTTP connection (1): elasticsearch:9200
2019-12-12 13:55:14 [urllib3.connectionpool] DEBUG: http://elasticsearch:9200 "HEAD /top HTTP/1.1" 200 0
2019-12-12 13:55:14 [elasticsearch] INFO: HEAD http://elasticsearch:9200/top [status:200 request:0.002s]
2019-12-12 13:55:14 [elasticsearch] DEBUG: > None
2019-12-12 13:55:14 [elasticsearch] DEBUG: < 
2019-12-12 13:55:14 [urllib3.connectionpool] DEBUG: http://elasticsearch:9200 "POST /top/_doc/2976 HTTP/1.1" 200 161
2019-12-12 13:55:14 [elasticsearch] INFO: POST http://elasticsearch:9200/top/_doc/2976 [status:200 request:0.021s]
2019-12-12 13:55:14 [elasticsearch] DEBUG: > {"title":"电影《天火》","description_content":null,"update_at":1576158914058}
2019-12-12 13:55:14 [elasticsearch] DEBUG: < {"_index":"top","_type":"_doc","_id":"2976","_version":163,"result":"updated","_shards":{"total":2,"successful":1,"failed":0},"_seq_no":111690,"_primary_term":1}
2019-12-12 13:55:14 [urllib3.connectionpool] DEBUG: http://elasticsearch:9200 "POST /top/_doc/3214 HTTP/1.1" 200 161
2019-12-12 13:55:14 [elasticsearch] INFO: POST http://elasticsearch:9200/top/_doc/3214 [status:200 request:0.017s]
2019-12-12 13:55:14 [elasticsearch] DEBUG: > {"title":"迎接 2020 年的正确姿势","description_content":null,"update_at":1576158914058}
2019-12-12 13:55:14 [elasticsearch] DEBUG: < {"_index":"top","_type":"_doc","_id":"3214","_version":150,"result":"updated","_shards":{"total":2,"successful":1,"failed":0},"_seq_no":111691,"_primary_term":1}
2019-12-12 13:55:14 [urllib3.connectionpool] DEBUG: http://elasticsearch:9200 "POST /top/_doc/4789 HTTP/1.1" 200 160
2019-12-12 13:55:14 [elasticsearch] INFO: POST http://elasticsearch:9200/top/_doc/4789 [status:200 request:0.014s]
2019-12-12 13:55:14 [elasticsearch] DEBUG: > {"title":"四六级备考干货","description_content":null,"update_at":1576158914058}
2019-12-12 13:55:14 [elasticsearch] DEBUG: < {"_index":"top","_type":"_doc","_id":"4789","_version":33,"result":"updated","_shards":{"total":2,"successful":1,"failed":0},"_seq_no":111692,"_primary_term":1}
2019-12-12 13:55:14 [urllib3.connectionpool] DEBUG: http://elasticsearch:9200 "POST /top/_doc/2978 HTTP/1.1" 200 161
2019-12-12 13:55:14 [elasticsearch] INFO: POST http://elasticsearch:9200/top/_doc/2978 [status:200 request:0.013s]
2019-12-12 13:55:14 [elasticsearch] DEBUG: > {"title":"格力谈举报奥克斯事件","description_content":null,"update_at":1576158914058}
2019-12-12 13:55:14 [elasticsearch] DEBUG: < {"_index":"top","_type":"_doc","_id":"2978","_version":103,"result":"updated","_shards":{"total":2,"successful":1,"failed":0},"_seq_no":111693,"_primary_term":1}
