2019-12-12 13:44:38 [scrapy.utils.log] INFO: Scrapy 1.7.4 started (bot: spider_tophub)
2019-12-12 13:44:38 [scrapy.utils.log] INFO: Versions: lxml 4.4.1.0, libxml2 2.9.9, cssselect 1.1.0, parsel 1.5.2, w3lib 1.21.0, Twisted 19.7.0, Python 3.7.5 (default, Nov 23 2019, 05:59:34) - [GCC 8.3.0], pyOpenSSL 19.0.0 (OpenSSL 1.1.1d  10 Sep 2019), cryptography 2.8, Platform Linux-3.10.0-1062.1.2.el7.x86_64-x86_64-with-debian-10.2
2019-12-12 13:44:38 [scrapy.crawler] INFO: Overridden settings: {'BOT_NAME': 'spider_tophub', 'DOWNLOAD_DELAY': 1, 'LOG_FILE': 'logs/spider_tophub/Pengpai_Hotnews/81a94ac41ce511ea831a0242ac1c0004.log', 'NEWSPIDER_MODULE': 'spider_tophub.spiders', 'ROBOTSTXT_OBEY': True, 'SPIDER_MODULES': ['spider_tophub.spiders'], 'USER_AGENT': 'Mozilla/5.0 (Windows NT 10.0; Win64; x64) AppleWebKit/537.36 (KHTML, like Gecko) Chrome/77.0.3865.120 Safari/537.36'}
2019-12-12 13:44:38 [scrapy.extensions.telnet] INFO: Telnet Password: b8ec80501e0fc2c6
2019-12-12 13:44:38 [scrapy.middleware] INFO: Enabled extensions:
['scrapy.extensions.corestats.CoreStats',
 'scrapy.extensions.telnet.TelnetConsole',
 'scrapy.extensions.memusage.MemoryUsage',
 'scrapy.extensions.logstats.LogStats']
2019-12-12 13:44:38 [scrapy.middleware] INFO: Enabled downloader middlewares:
['scrapy.downloadermiddlewares.robotstxt.RobotsTxtMiddleware',
 'scrapy.downloadermiddlewares.httpauth.HttpAuthMiddleware',
 'scrapy.downloadermiddlewares.downloadtimeout.DownloadTimeoutMiddleware',
 'scrapy.downloadermiddlewares.defaultheaders.DefaultHeadersMiddleware',
 'scrapy.downloadermiddlewares.useragent.UserAgentMiddleware',
 'scrapy.downloadermiddlewares.retry.RetryMiddleware',
 'scrapy.downloadermiddlewares.redirect.MetaRefreshMiddleware',
 'scrapy.downloadermiddlewares.httpcompression.HttpCompressionMiddleware',
 'scrapy.downloadermiddlewares.redirect.RedirectMiddleware',
 'scrapy.downloadermiddlewares.cookies.CookiesMiddleware',
 'scrapy.downloadermiddlewares.httpproxy.HttpProxyMiddleware',
 'scrapy.downloadermiddlewares.stats.DownloaderStats']
2019-12-12 13:44:38 [scrapy.middleware] INFO: Enabled spider middlewares:
['scrapy.spidermiddlewares.httperror.HttpErrorMiddleware',
 'scrapy.spidermiddlewares.offsite.OffsiteMiddleware',
 'scrapy.spidermiddlewares.referer.RefererMiddleware',
 'scrapy.spidermiddlewares.urllength.UrlLengthMiddleware',
 'scrapy.spidermiddlewares.depth.DepthMiddleware']
2019-12-12 13:44:38 [scrapy.middleware] INFO: Enabled item pipelines:
['spider_tophub.pipelines.MysqlTwistedPipeline']
2019-12-12 13:44:38 [scrapy.core.engine] INFO: Spider opened
2019-12-12 13:44:38 [scrapy.extensions.logstats] INFO: Crawled 0 pages (at 0 pages/min), scraped 0 items (at 0 items/min)
2019-12-12 13:44:38 [scrapy.extensions.telnet] INFO: Telnet console listening on 127.0.0.1:6024
2019-12-12 13:44:39 [scrapy.core.engine] DEBUG: Crawled (200) <GET https://www.thepaper.cn/robots.txt> (referer: None)
2019-12-12 13:44:39 [scrapy.core.engine] DEBUG: Crawled (200) <GET https://www.thepaper.cn/> (referer: None)
2019-12-12 13:44:39 [scrapy.core.scraper] DEBUG: Scraped from <200 https://www.thepaper.cn/>
None
2019-12-12 13:44:39 [scrapy.core.scraper] DEBUG: Scraped from <200 https://www.thepaper.cn/>
None
2019-12-12 13:44:39 [scrapy.core.scraper] DEBUG: Scraped from <200 https://www.thepaper.cn/>
None
2019-12-12 13:44:39 [scrapy.core.scraper] DEBUG: Scraped from <200 https://www.thepaper.cn/>
None
2019-12-12 13:44:39 [scrapy.core.scraper] DEBUG: Scraped from <200 https://www.thepaper.cn/>
None
2019-12-12 13:44:39 [scrapy.core.scraper] DEBUG: Scraped from <200 https://www.thepaper.cn/>
None
2019-12-12 13:44:39 [scrapy.core.scraper] DEBUG: Scraped from <200 https://www.thepaper.cn/>
None
2019-12-12 13:44:39 [scrapy.core.scraper] DEBUG: Scraped from <200 https://www.thepaper.cn/>
None
2019-12-12 13:44:39 [scrapy.core.scraper] DEBUG: Scraped from <200 https://www.thepaper.cn/>
None
2019-12-12 13:44:39 [scrapy.core.scraper] DEBUG: Scraped from <200 https://www.thepaper.cn/>
None
2019-12-12 13:44:39 [scrapy.core.engine] INFO: Closing spider (finished)
2019-12-12 13:44:39 [scrapy.statscollectors] INFO: Dumping Scrapy stats:
{'downloader/request_bytes': 764,
 'downloader/request_count': 2,
 'downloader/request_method_count/GET': 2,
 'downloader/response_bytes': 34840,
 'downloader/response_count': 2,
 'downloader/response_status_count/200': 2,
 'elapsed_time_seconds': 0.917369,
 'finish_reason': 'finished',
 'finish_time': datetime.datetime(2019, 12, 12, 13, 44, 39, 832898),
 'item_scraped_count': 10,
 'log_count/DEBUG': 12,
 'log_count/INFO': 10,
 'memusage/max': 57229312,
 'memusage/startup': 57229312,
 'response_received_count': 2,
 'robotstxt/request_count': 1,
 'robotstxt/response_count': 1,
 'robotstxt/response_status_count/200': 1,
 'scheduler/dequeued': 1,
 'scheduler/dequeued/memory': 1,
 'scheduler/enqueued': 1,
 'scheduler/enqueued/memory': 1,
 'start_time': datetime.datetime(2019, 12, 12, 13, 44, 38, 915529)}
2019-12-12 13:44:39 [scrapy.core.engine] INFO: Spider closed (finished)
2019-12-12 13:44:39 [urllib3.connectionpool] DEBUG: Starting new HTTP connection (1): elasticsearch:9200
2019-12-12 13:44:39 [urllib3.connectionpool] DEBUG: Starting new HTTP connection (1): elasticsearch:9200
2019-12-12 13:44:39 [urllib3.connectionpool] DEBUG: Starting new HTTP connection (1): elasticsearch:9200
2019-12-12 13:44:39 [urllib3.connectionpool] DEBUG: Starting new HTTP connection (1): elasticsearch:9200
2019-12-12 13:44:39 [urllib3.connectionpool] DEBUG: http://elasticsearch:9200 "HEAD /top HTTP/1.1" 200 0
2019-12-12 13:44:39 [elasticsearch] INFO: HEAD http://elasticsearch:9200/top [status:200 request:0.005s]
2019-12-12 13:44:39 [elasticsearch] DEBUG: > None
2019-12-12 13:44:39 [elasticsearch] DEBUG: < 
2019-12-12 13:44:39 [urllib3.connectionpool] DEBUG: http://elasticsearch:9200 "HEAD /top HTTP/1.1" 200 0
2019-12-12 13:44:39 [elasticsearch] INFO: HEAD http://elasticsearch:9200/top [status:200 request:0.005s]
2019-12-12 13:44:39 [elasticsearch] DEBUG: > None
2019-12-12 13:44:39 [elasticsearch] DEBUG: < 
2019-12-12 13:44:39 [urllib3.connectionpool] DEBUG: http://elasticsearch:9200 "HEAD /top HTTP/1.1" 200 0
2019-12-12 13:44:39 [elasticsearch] INFO: HEAD http://elasticsearch:9200/top [status:200 request:0.005s]
2019-12-12 13:44:39 [elasticsearch] DEBUG: > None
2019-12-12 13:44:39 [elasticsearch] DEBUG: < 
2019-12-12 13:44:39 [urllib3.connectionpool] DEBUG: http://elasticsearch:9200 "HEAD /top HTTP/1.1" 200 0
2019-12-12 13:44:39 [elasticsearch] INFO: HEAD http://elasticsearch:9200/top [status:200 request:0.008s]
2019-12-12 13:44:39 [elasticsearch] DEBUG: > None
2019-12-12 13:44:39 [elasticsearch] DEBUG: < 
2019-12-12 13:44:39 [urllib3.connectionpool] DEBUG: Starting new HTTP connection (1): elasticsearch:9200
2019-12-12 13:44:39 [urllib3.connectionpool] DEBUG: http://elasticsearch:9200 "HEAD /top HTTP/1.1" 200 0
2019-12-12 13:44:39 [elasticsearch] INFO: HEAD http://elasticsearch:9200/top [status:200 request:0.003s]
2019-12-12 13:44:39 [elasticsearch] DEBUG: > None
2019-12-12 13:44:39 [elasticsearch] DEBUG: < 
2019-12-12 13:44:39 [urllib3.connectionpool] DEBUG: http://elasticsearch:9200 "POST /top/_doc/3024 HTTP/1.1" 200 160
2019-12-12 13:44:39 [elasticsearch] INFO: POST http://elasticsearch:9200/top/_doc/3024 [status:200 request:0.017s]
2019-12-12 13:44:39 [elasticsearch] DEBUG: > {"title":"南昌警方：劳荣枝拒绝家人为其请律师，警方协调提供法律援助","description_content":null,"update_at":1576158279818}
2019-12-12 13:44:39 [elasticsearch] DEBUG: < {"_index":"top","_type":"_doc","_id":"3024","_version":48,"result":"updated","_shards":{"total":2,"successful":1,"failed":0},"_seq_no":108910,"_primary_term":1}
2019-12-12 13:44:39 [urllib3.connectionpool] DEBUG: http://elasticsearch:9200 "POST /top/_doc/3020 HTTP/1.1" 200 160
2019-12-12 13:44:39 [elasticsearch] INFO: POST http://elasticsearch:9200/top/_doc/3020 [status:200 request:0.024s]
2019-12-12 13:44:39 [elasticsearch] DEBUG: > {"title":"匈牙利辱华运动员向张晶、匈牙利冰协和中国滑冰协会道歉","description_content":null,"update_at":1576158279818}
2019-12-12 13:44:39 [elasticsearch] DEBUG: < {"_index":"top","_type":"_doc","_id":"3020","_version":48,"result":"updated","_shards":{"total":2,"successful":1,"failed":0},"_seq_no":108911,"_primary_term":1}
2019-12-12 13:44:39 [urllib3.connectionpool] DEBUG: Starting new HTTP connection (1): elasticsearch:9200
2019-12-12 13:44:39 [urllib3.connectionpool] DEBUG: http://elasticsearch:9200 "HEAD /top HTTP/1.1" 200 0
2019-12-12 13:44:39 [elasticsearch] INFO: HEAD http://elasticsearch:9200/top [status:200 request:0.002s]
2019-12-12 13:44:39 [elasticsearch] DEBUG: > None
2019-12-12 13:44:39 [elasticsearch] DEBUG: < 
2019-12-12 13:44:39 [urllib3.connectionpool] DEBUG: http://elasticsearch:9200 "POST /top/_doc/4817 HTTP/1.1" 200 159
2019-12-12 13:44:39 [elasticsearch] INFO: POST http://elasticsearch:9200/top/_doc/4817 [status:200 request:0.031s]
2019-12-12 13:44:39 [elasticsearch] DEBUG: > {"title":"坠楼者“砸死”2人：家属赔款152万","description_content":null,"update_at":1576158279818}
2019-12-12 13:44:39 [elasticsearch] DEBUG: < {"_index":"top","_type":"_doc","_id":"4817","_version":8,"result":"updated","_shards":{"total":2,"successful":1,"failed":0},"_seq_no":108912,"_primary_term":1}
2019-12-12 13:44:39 [urllib3.connectionpool] DEBUG: Starting new HTTP connection (1): elasticsearch:9200
2019-12-12 13:44:39 [urllib3.connectionpool] DEBUG: http://elasticsearch:9200 "HEAD /top HTTP/1.1" 200 0
2019-12-12 13:44:39 [elasticsearch] INFO: HEAD http://elasticsearch:9200/top [status:200 request:0.005s]
2019-12-12 13:44:39 [elasticsearch] DEBUG: > None
2019-12-12 13:44:39 [elasticsearch] DEBUG: < 
2019-12-12 13:44:39 [urllib3.connectionpool] DEBUG: http://elasticsearch:9200 "POST /top/_doc/4477 HTTP/1.1" 200 160
2019-12-12 13:44:39 [elasticsearch] INFO: POST http://elasticsearch:9200/top/_doc/4477 [status:200 request:0.040s]
2019-12-12 13:44:39 [elasticsearch] DEBUG: > {"title":"北大自杀女生男友：“不明白什么是精神控制”，警方已结案","description_content":null,"update_at":1576158279818}
2019-12-12 13:44:39 [elasticsearch] DEBUG: < {"_index":"top","_type":"_doc","_id":"4477","_version":26,"result":"updated","_shards":{"total":2,"successful":1,"failed":0},"_seq_no":108913,"_primary_term":1}
2019-12-12 13:44:39 [urllib3.connectionpool] DEBUG: Starting new HTTP connection (1): elasticsearch:9200
2019-12-12 13:44:39 [urllib3.connectionpool] DEBUG: http://elasticsearch:9200 "HEAD /top HTTP/1.1" 200 0
2019-12-12 13:44:39 [elasticsearch] INFO: HEAD http://elasticsearch:9200/top [status:200 request:0.002s]
2019-12-12 13:44:39 [elasticsearch] DEBUG: > None
2019-12-12 13:44:39 [elasticsearch] DEBUG: < 
2019-12-12 13:44:39 [urllib3.connectionpool] DEBUG: http://elasticsearch:9200 "POST /top/_doc/3023 HTTP/1.1" 200 160
2019-12-12 13:44:39 [elasticsearch] INFO: POST http://elasticsearch:9200/top/_doc/3023 [status:200 request:0.031s]
2019-12-12 13:44:39 [elasticsearch] DEBUG: > {"title":"深圳宝安警方：家暴男子系分局民警，已停职并移交纪检处理","description_content":null,"update_at":1576158279818}
2019-12-12 13:44:39 [elasticsearch] DEBUG: < {"_index":"top","_type":"_doc","_id":"3023","_version":48,"result":"updated","_shards":{"total":2,"successful":1,"failed":0},"_seq_no":108914,"_primary_term":1}
2019-12-12 13:44:39 [urllib3.connectionpool] DEBUG: Starting new HTTP connection (1): elasticsearch:9200
2019-12-12 13:44:39 [urllib3.connectionpool] DEBUG: http://elasticsearch:9200 "HEAD /top HTTP/1.1" 200 0
2019-12-12 13:44:39 [elasticsearch] INFO: HEAD http://elasticsearch:9200/top [status:200 request:0.002s]
2019-12-12 13:44:39 [elasticsearch] DEBUG: > None
2019-12-12 13:44:39 [elasticsearch] DEBUG: < 
2019-12-12 13:44:39 [urllib3.connectionpool] DEBUG: http://elasticsearch:9200 "POST /top/_doc/3026 HTTP/1.1" 200 160
2019-12-12 13:44:39 [elasticsearch] INFO: POST http://elasticsearch:9200/top/_doc/3026 [status:200 request:0.024s]
2019-12-12 13:44:39 [elasticsearch] DEBUG: > {"title":"【协同奋进 共创繁荣】澳门成功实践“一国两制”","description_content":null,"update_at":1576158279818}
2019-12-12 13:44:39 [elasticsearch] DEBUG: < {"_index":"top","_type":"_doc","_id":"3026","_version":48,"result":"updated","_shards":{"total":2,"successful":1,"failed":0},"_seq_no":108915,"_primary_term":1}
2019-12-12 13:44:39 [urllib3.connectionpool] DEBUG: Starting new HTTP connection (1): elasticsearch:9200
2019-12-12 13:44:39 [urllib3.connectionpool] DEBUG: http://elasticsearch:9200 "HEAD /top HTTP/1.1" 200 0
2019-12-12 13:44:39 [elasticsearch] INFO: HEAD http://elasticsearch:9200/top [status:200 request:0.002s]
2019-12-12 13:44:39 [elasticsearch] DEBUG: > None
2019-12-12 13:44:39 [elasticsearch] DEBUG: < 
2019-12-12 13:44:39 [urllib3.connectionpool] DEBUG: http://elasticsearch:9200 "POST /top/_doc/3225 HTTP/1.1" 200 160
2019-12-12 13:44:39 [elasticsearch] INFO: POST http://elasticsearch:9200/top/_doc/3225 [status:200 request:0.018s]
2019-12-12 13:44:39 [elasticsearch] DEBUG: > {"title":"教授娄高明获赔41万：被羁押近千天后检方撤诉，法院将道歉","description_content":null,"update_at":1576158279818}
2019-12-12 13:44:39 [elasticsearch] DEBUG: < {"_index":"top","_type":"_doc","_id":"3225","_version":44,"result":"updated","_shards":{"total":2,"successful":1,"failed":0},"_seq_no":108916,"_primary_term":1}
2019-12-12 13:44:39 [urllib3.connectionpool] DEBUG: http://elasticsearch:9200 "POST /top/_doc/4345 HTTP/1.1" 200 160
2019-12-12 13:44:39 [elasticsearch] INFO: POST http://elasticsearch:9200/top/_doc/4345 [status:200 request:0.017s]
2019-12-12 13:44:39 [elasticsearch] DEBUG: > {"title":"中共中央对外联络部原副部长区棠亮逝世，享年106岁","description_content":null,"update_at":1576158279818}
2019-12-12 13:44:39 [elasticsearch] DEBUG: < {"_index":"top","_type":"_doc","_id":"4345","_version":20,"result":"updated","_shards":{"total":2,"successful":1,"failed":0},"_seq_no":108917,"_primary_term":1}
2019-12-12 13:44:39 [urllib3.connectionpool] DEBUG: http://elasticsearch:9200 "POST /top/_doc/4916 HTTP/1.1" 200 159
2019-12-12 13:44:39 [elasticsearch] INFO: POST http://elasticsearch:9200/top/_doc/4916 [status:200 request:0.015s]
2019-12-12 13:44:39 [elasticsearch] DEBUG: > {"title":"中央经济工作会议在京举行，习近平李克强作重要讲话","description_content":null,"update_at":1576158279818}
2019-12-12 13:44:39 [elasticsearch] DEBUG: < {"_index":"top","_type":"_doc","_id":"4916","_version":2,"result":"updated","_shards":{"total":2,"successful":1,"failed":0},"_seq_no":108918,"_primary_term":1}
2019-12-12 13:44:39 [urllib3.connectionpool] DEBUG: http://elasticsearch:9200 "POST /top/_doc/4818 HTTP/1.1" 200 159
2019-12-12 13:44:39 [elasticsearch] INFO: POST http://elasticsearch:9200/top/_doc/4818 [status:200 request:0.013s]
2019-12-12 13:44:39 [elasticsearch] DEBUG: > {"title":"华春莹回应“中国威胁论”：熊猫块头大，但会比秃鹰更危险？","description_content":null,"update_at":1576158279818}
2019-12-12 13:44:39 [elasticsearch] DEBUG: < {"_index":"top","_type":"_doc","_id":"4818","_version":8,"result":"updated","_shards":{"total":2,"successful":1,"failed":0},"_seq_no":108919,"_primary_term":1}
