2019-12-12 11:44:43 [scrapy.utils.log] INFO: Scrapy 1.7.4 started (bot: spider_tophub)
2019-12-12 11:44:43 [scrapy.utils.log] INFO: Versions: lxml 4.4.1.0, libxml2 2.9.9, cssselect 1.1.0, parsel 1.5.2, w3lib 1.21.0, Twisted 19.7.0, Python 3.7.5 (default, Nov 23 2019, 05:59:34) - [GCC 8.3.0], pyOpenSSL 19.0.0 (OpenSSL 1.1.1d  10 Sep 2019), cryptography 2.8, Platform Linux-3.10.0-1062.1.2.el7.x86_64-x86_64-with-debian-10.2
2019-12-12 11:44:43 [scrapy.crawler] INFO: Overridden settings: {'BOT_NAME': 'spider_tophub', 'DOWNLOAD_DELAY': 1, 'LOG_FILE': 'logs/spider_tophub/acfun_ribang/be244d7a1cd411ea831a0242ac1c0004.log', 'NEWSPIDER_MODULE': 'spider_tophub.spiders', 'ROBOTSTXT_OBEY': True, 'SPIDER_MODULES': ['spider_tophub.spiders'], 'USER_AGENT': 'Mozilla/5.0 (Windows NT 10.0; Win64; x64) AppleWebKit/537.36 (KHTML, like Gecko) Chrome/77.0.3865.120 Safari/537.36'}
2019-12-12 11:44:43 [scrapy.extensions.telnet] INFO: Telnet Password: 854fa119f8f5f5cf
2019-12-12 11:44:43 [scrapy.middleware] INFO: Enabled extensions:
['scrapy.extensions.corestats.CoreStats',
 'scrapy.extensions.telnet.TelnetConsole',
 'scrapy.extensions.memusage.MemoryUsage',
 'scrapy.extensions.logstats.LogStats']
2019-12-12 11:44:43 [scrapy.middleware] INFO: Enabled downloader middlewares:
['scrapy.downloadermiddlewares.robotstxt.RobotsTxtMiddleware',
 'scrapy.downloadermiddlewares.httpauth.HttpAuthMiddleware',
 'scrapy.downloadermiddlewares.downloadtimeout.DownloadTimeoutMiddleware',
 'scrapy.downloadermiddlewares.defaultheaders.DefaultHeadersMiddleware',
 'scrapy.downloadermiddlewares.useragent.UserAgentMiddleware',
 'scrapy.downloadermiddlewares.retry.RetryMiddleware',
 'scrapy.downloadermiddlewares.redirect.MetaRefreshMiddleware',
 'scrapy.downloadermiddlewares.httpcompression.HttpCompressionMiddleware',
 'scrapy.downloadermiddlewares.redirect.RedirectMiddleware',
 'scrapy.downloadermiddlewares.cookies.CookiesMiddleware',
 'scrapy.downloadermiddlewares.httpproxy.HttpProxyMiddleware',
 'scrapy.downloadermiddlewares.stats.DownloaderStats']
2019-12-12 11:44:43 [scrapy.middleware] INFO: Enabled spider middlewares:
['scrapy.spidermiddlewares.httperror.HttpErrorMiddleware',
 'scrapy.spidermiddlewares.offsite.OffsiteMiddleware',
 'scrapy.spidermiddlewares.referer.RefererMiddleware',
 'scrapy.spidermiddlewares.urllength.UrlLengthMiddleware',
 'scrapy.spidermiddlewares.depth.DepthMiddleware']
2019-12-12 11:44:43 [scrapy.middleware] INFO: Enabled item pipelines:
['spider_tophub.pipelines.MysqlTwistedPipeline']
2019-12-12 11:44:43 [scrapy.core.engine] INFO: Spider opened
2019-12-12 11:44:43 [scrapy.extensions.logstats] INFO: Crawled 0 pages (at 0 pages/min), scraped 0 items (at 0 items/min)
2019-12-12 11:44:43 [scrapy.extensions.telnet] INFO: Telnet console listening on 127.0.0.1:6024
2019-12-12 11:44:44 [scrapy.core.engine] DEBUG: Crawled (404) <GET https://www.acfun.cn/robots.txt> (referer: None)
2019-12-12 11:44:45 [scrapy.core.engine] DEBUG: Crawled (200) <GET https://www.acfun.cn/rest/pc-direct/rank/channel?channelId=&subChannelId=&rankLimit=30> (referer: None)
2019-12-12 11:44:45 [scrapy.core.scraper] DEBUG: Scraped from <200 https://www.acfun.cn/rest/pc-direct/rank/channel?channelId=&subChannelId=&rankLimit=30>
None
2019-12-12 11:44:45 [scrapy.core.scraper] DEBUG: Scraped from <200 https://www.acfun.cn/rest/pc-direct/rank/channel?channelId=&subChannelId=&rankLimit=30>
None
2019-12-12 11:44:45 [scrapy.core.scraper] DEBUG: Scraped from <200 https://www.acfun.cn/rest/pc-direct/rank/channel?channelId=&subChannelId=&rankLimit=30>
None
2019-12-12 11:44:45 [scrapy.core.scraper] DEBUG: Scraped from <200 https://www.acfun.cn/rest/pc-direct/rank/channel?channelId=&subChannelId=&rankLimit=30>
None
2019-12-12 11:44:45 [scrapy.core.scraper] DEBUG: Scraped from <200 https://www.acfun.cn/rest/pc-direct/rank/channel?channelId=&subChannelId=&rankLimit=30>
None
2019-12-12 11:44:45 [scrapy.core.scraper] DEBUG: Scraped from <200 https://www.acfun.cn/rest/pc-direct/rank/channel?channelId=&subChannelId=&rankLimit=30>
None
2019-12-12 11:44:45 [scrapy.core.scraper] DEBUG: Scraped from <200 https://www.acfun.cn/rest/pc-direct/rank/channel?channelId=&subChannelId=&rankLimit=30>
None
2019-12-12 11:44:45 [scrapy.core.scraper] DEBUG: Scraped from <200 https://www.acfun.cn/rest/pc-direct/rank/channel?channelId=&subChannelId=&rankLimit=30>
None
2019-12-12 11:44:45 [scrapy.core.scraper] DEBUG: Scraped from <200 https://www.acfun.cn/rest/pc-direct/rank/channel?channelId=&subChannelId=&rankLimit=30>
None
2019-12-12 11:44:45 [scrapy.core.scraper] DEBUG: Scraped from <200 https://www.acfun.cn/rest/pc-direct/rank/channel?channelId=&subChannelId=&rankLimit=30>
None
2019-12-12 11:44:45 [scrapy.core.scraper] DEBUG: Scraped from <200 https://www.acfun.cn/rest/pc-direct/rank/channel?channelId=&subChannelId=&rankLimit=30>
None
2019-12-12 11:44:45 [scrapy.core.scraper] DEBUG: Scraped from <200 https://www.acfun.cn/rest/pc-direct/rank/channel?channelId=&subChannelId=&rankLimit=30>
None
2019-12-12 11:44:45 [scrapy.core.scraper] DEBUG: Scraped from <200 https://www.acfun.cn/rest/pc-direct/rank/channel?channelId=&subChannelId=&rankLimit=30>
None
2019-12-12 11:44:45 [scrapy.core.scraper] DEBUG: Scraped from <200 https://www.acfun.cn/rest/pc-direct/rank/channel?channelId=&subChannelId=&rankLimit=30>
None
2019-12-12 11:44:45 [scrapy.core.scraper] DEBUG: Scraped from <200 https://www.acfun.cn/rest/pc-direct/rank/channel?channelId=&subChannelId=&rankLimit=30>
None
2019-12-12 11:44:45 [scrapy.core.scraper] DEBUG: Scraped from <200 https://www.acfun.cn/rest/pc-direct/rank/channel?channelId=&subChannelId=&rankLimit=30>
None
2019-12-12 11:44:45 [scrapy.core.scraper] DEBUG: Scraped from <200 https://www.acfun.cn/rest/pc-direct/rank/channel?channelId=&subChannelId=&rankLimit=30>
None
2019-12-12 11:44:45 [scrapy.core.scraper] DEBUG: Scraped from <200 https://www.acfun.cn/rest/pc-direct/rank/channel?channelId=&subChannelId=&rankLimit=30>
None
2019-12-12 11:44:45 [scrapy.core.scraper] DEBUG: Scraped from <200 https://www.acfun.cn/rest/pc-direct/rank/channel?channelId=&subChannelId=&rankLimit=30>
None
2019-12-12 11:44:45 [scrapy.core.scraper] DEBUG: Scraped from <200 https://www.acfun.cn/rest/pc-direct/rank/channel?channelId=&subChannelId=&rankLimit=30>
None
2019-12-12 11:44:45 [scrapy.core.scraper] DEBUG: Scraped from <200 https://www.acfun.cn/rest/pc-direct/rank/channel?channelId=&subChannelId=&rankLimit=30>
None
2019-12-12 11:44:45 [scrapy.core.scraper] DEBUG: Scraped from <200 https://www.acfun.cn/rest/pc-direct/rank/channel?channelId=&subChannelId=&rankLimit=30>
None
2019-12-12 11:44:45 [scrapy.core.scraper] DEBUG: Scraped from <200 https://www.acfun.cn/rest/pc-direct/rank/channel?channelId=&subChannelId=&rankLimit=30>
None
2019-12-12 11:44:45 [scrapy.core.scraper] DEBUG: Scraped from <200 https://www.acfun.cn/rest/pc-direct/rank/channel?channelId=&subChannelId=&rankLimit=30>
None
2019-12-12 11:44:45 [scrapy.core.scraper] DEBUG: Scraped from <200 https://www.acfun.cn/rest/pc-direct/rank/channel?channelId=&subChannelId=&rankLimit=30>
None
2019-12-12 11:44:45 [scrapy.core.scraper] DEBUG: Scraped from <200 https://www.acfun.cn/rest/pc-direct/rank/channel?channelId=&subChannelId=&rankLimit=30>
None
2019-12-12 11:44:45 [scrapy.core.scraper] DEBUG: Scraped from <200 https://www.acfun.cn/rest/pc-direct/rank/channel?channelId=&subChannelId=&rankLimit=30>
None
2019-12-12 11:44:45 [scrapy.core.scraper] DEBUG: Scraped from <200 https://www.acfun.cn/rest/pc-direct/rank/channel?channelId=&subChannelId=&rankLimit=30>
None
2019-12-12 11:44:45 [scrapy.core.scraper] DEBUG: Scraped from <200 https://www.acfun.cn/rest/pc-direct/rank/channel?channelId=&subChannelId=&rankLimit=30>
None
2019-12-12 11:44:45 [scrapy.core.scraper] DEBUG: Scraped from <200 https://www.acfun.cn/rest/pc-direct/rank/channel?channelId=&subChannelId=&rankLimit=30>
None
2019-12-12 11:44:45 [scrapy.core.engine] INFO: Closing spider (finished)
2019-12-12 11:44:45 [scrapy.statscollectors] INFO: Dumping Scrapy stats:
{'downloader/request_bytes': 659,
 'downloader/request_count': 2,
 'downloader/request_method_count/GET': 2,
 'downloader/response_bytes': 32970,
 'downloader/response_count': 2,
 'downloader/response_status_count/200': 1,
 'downloader/response_status_count/404': 1,
 'elapsed_time_seconds': 1.287128,
 'finish_reason': 'finished',
 'finish_time': datetime.datetime(2019, 12, 12, 11, 44, 45, 184559),
 'item_scraped_count': 30,
 'log_count/DEBUG': 32,
 'log_count/INFO': 10,
 'memusage/max': 57229312,
 'memusage/startup': 57229312,
 'response_received_count': 2,
 'robotstxt/request_count': 1,
 'robotstxt/response_count': 1,
 'robotstxt/response_status_count/404': 1,
 'scheduler/dequeued': 1,
 'scheduler/dequeued/memory': 1,
 'scheduler/enqueued': 1,
 'scheduler/enqueued/memory': 1,
 'start_time': datetime.datetime(2019, 12, 12, 11, 44, 43, 897431)}
2019-12-12 11:44:45 [scrapy.core.engine] INFO: Spider closed (finished)
2019-12-12 11:44:45 [urllib3.connectionpool] DEBUG: Starting new HTTP connection (1): elasticsearch:9200
2019-12-12 11:44:45 [urllib3.connectionpool] DEBUG: Starting new HTTP connection (1): elasticsearch:9200
2019-12-12 11:44:45 [urllib3.connectionpool] DEBUG: Starting new HTTP connection (1): elasticsearch:9200
2019-12-12 11:44:45 [urllib3.connectionpool] DEBUG: Starting new HTTP connection (1): elasticsearch:9200
2019-12-12 11:44:45 [urllib3.connectionpool] DEBUG: http://elasticsearch:9200 "HEAD /top HTTP/1.1" 200 0
2019-12-12 11:44:45 [elasticsearch] INFO: HEAD http://elasticsearch:9200/top [status:200 request:0.005s]
2019-12-12 11:44:45 [elasticsearch] DEBUG: > None
2019-12-12 11:44:45 [elasticsearch] DEBUG: < 
2019-12-12 11:44:45 [urllib3.connectionpool] DEBUG: http://elasticsearch:9200 "HEAD /top HTTP/1.1" 200 0
2019-12-12 11:44:45 [elasticsearch] INFO: HEAD http://elasticsearch:9200/top [status:200 request:0.008s]
2019-12-12 11:44:45 [elasticsearch] DEBUG: > None
2019-12-12 11:44:45 [elasticsearch] DEBUG: < 
2019-12-12 11:44:45 [urllib3.connectionpool] DEBUG: http://elasticsearch:9200 "HEAD /top HTTP/1.1" 200 0
2019-12-12 11:44:45 [elasticsearch] INFO: HEAD http://elasticsearch:9200/top [status:200 request:0.008s]
2019-12-12 11:44:45 [elasticsearch] DEBUG: > None
2019-12-12 11:44:45 [elasticsearch] DEBUG: < 
2019-12-12 11:44:45 [urllib3.connectionpool] DEBUG: http://elasticsearch:9200 "HEAD /top HTTP/1.1" 200 0
2019-12-12 11:44:45 [elasticsearch] INFO: HEAD http://elasticsearch:9200/top [status:200 request:0.007s]
2019-12-12 11:44:45 [elasticsearch] DEBUG: > None
2019-12-12 11:44:45 [elasticsearch] DEBUG: < 
2019-12-12 11:44:45 [urllib3.connectionpool] DEBUG: Starting new HTTP connection (1): elasticsearch:9200
2019-12-12 11:44:45 [urllib3.connectionpool] DEBUG: http://elasticsearch:9200 "HEAD /top HTTP/1.1" 200 0
2019-12-12 11:44:45 [elasticsearch] INFO: HEAD http://elasticsearch:9200/top [status:200 request:0.002s]
2019-12-12 11:44:45 [elasticsearch] DEBUG: > None
2019-12-12 11:44:45 [elasticsearch] DEBUG: < 
2019-12-12 11:44:45 [urllib3.connectionpool] DEBUG: http://elasticsearch:9200 "POST /top/_doc/4701 HTTP/1.1" 201 158
2019-12-12 11:44:45 [elasticsearch] INFO: POST http://elasticsearch:9200/top/_doc/4701 [status:201 request:0.010s]
2019-12-12 11:44:45 [elasticsearch] DEBUG: > {"title":"胖胖的山头『男人至死是少年』","description_content":"5.1万","update_at":1576151085171}
2019-12-12 11:44:45 [elasticsearch] DEBUG: < {"_index":"top","_type":"_doc","_id":"4701","_version":1,"result":"created","_shards":{"total":2,"successful":1,"failed":0},"_seq_no":81616,"_primary_term":1}
2019-12-12 11:44:45 [urllib3.connectionpool] DEBUG: http://elasticsearch:9200 "POST /top/_doc/3897 HTTP/1.1" 200 158
2019-12-12 11:44:45 [elasticsearch] INFO: POST http://elasticsearch:9200/top/_doc/3897 [status:200 request:0.014s]
2019-12-12 11:44:45 [elasticsearch] DEBUG: > {"title":"电影最TOP 139: 改变世界的“禁酒令”","description_content":"8.2万","update_at":1576151085171}
2019-12-12 11:44:45 [elasticsearch] DEBUG: < {"_index":"top","_type":"_doc","_id":"3897","_version":2,"result":"updated","_shards":{"total":2,"successful":1,"failed":0},"_seq_no":81617,"_primary_term":1}
2019-12-12 11:44:45 [urllib3.connectionpool] DEBUG: Starting new HTTP connection (1): elasticsearch:9200
2019-12-12 11:44:45 [urllib3.connectionpool] DEBUG: http://elasticsearch:9200 "HEAD /top HTTP/1.1" 200 0
2019-12-12 11:44:45 [elasticsearch] INFO: HEAD http://elasticsearch:9200/top [status:200 request:0.002s]
2019-12-12 11:44:45 [elasticsearch] DEBUG: > None
2019-12-12 11:44:45 [elasticsearch] DEBUG: < 
2019-12-12 11:44:45 [urllib3.connectionpool] DEBUG: http://elasticsearch:9200 "POST /top/_doc/3895 HTTP/1.1" 200 158
2019-12-12 11:44:45 [elasticsearch] INFO: POST http://elasticsearch:9200/top/_doc/3895 [status:200 request:0.020s]
2019-12-12 11:44:45 [elasticsearch] DEBUG: > {"title":"#12 今天给大家表演个才艺《谢霸霸》","description_content":"3.1万","update_at":1576151085171}
2019-12-12 11:44:45 [elasticsearch] DEBUG: < {"_index":"top","_type":"_doc","_id":"3895","_version":2,"result":"updated","_shards":{"total":2,"successful":1,"failed":0},"_seq_no":81618,"_primary_term":1}
2019-12-12 11:44:45 [urllib3.connectionpool] DEBUG: Starting new HTTP connection (1): elasticsearch:9200
2019-12-12 11:44:45 [urllib3.connectionpool] DEBUG: http://elasticsearch:9200 "HEAD /top HTTP/1.1" 200 0
2019-12-12 11:44:45 [elasticsearch] INFO: HEAD http://elasticsearch:9200/top [status:200 request:0.002s]
2019-12-12 11:44:45 [elasticsearch] DEBUG: > None
2019-12-12 11:44:45 [elasticsearch] DEBUG: < 
2019-12-12 11:44:45 [urllib3.connectionpool] DEBUG: http://elasticsearch:9200 "POST /top/_doc/3898 HTTP/1.1" 200 158
2019-12-12 11:44:45 [elasticsearch] INFO: POST http://elasticsearch:9200/top/_doc/3898 [status:200 request:0.025s]
2019-12-12 11:44:45 [elasticsearch] DEBUG: > {"title":"Acer疑惑评论大赏【评论才是本体】番外合集","description_content":"3.6万","update_at":1576151085171}
2019-12-12 11:44:45 [elasticsearch] DEBUG: < {"_index":"top","_type":"_doc","_id":"3898","_version":2,"result":"updated","_shards":{"total":2,"successful":1,"failed":0},"_seq_no":81619,"_primary_term":1}
2019-12-12 11:44:45 [urllib3.connectionpool] DEBUG: Starting new HTTP connection (1): elasticsearch:9200
2019-12-12 11:44:45 [urllib3.connectionpool] DEBUG: http://elasticsearch:9200 "HEAD /top HTTP/1.1" 200 0
2019-12-12 11:44:45 [elasticsearch] INFO: HEAD http://elasticsearch:9200/top [status:200 request:0.002s]
2019-12-12 11:44:45 [elasticsearch] DEBUG: > None
2019-12-12 11:44:45 [elasticsearch] DEBUG: < 
2019-12-12 11:44:45 [urllib3.connectionpool] DEBUG: http://elasticsearch:9200 "POST /top/_doc/3900 HTTP/1.1" 200 158
2019-12-12 11:44:45 [elasticsearch] INFO: POST http://elasticsearch:9200/top/_doc/3900 [status:200 request:0.026s]
2019-12-12 11:44:45 [elasticsearch] DEBUG: > {"title":"真人GTA秒出警系列(七)","description_content":"5.9万","update_at":1576151085171}
2019-12-12 11:44:45 [elasticsearch] DEBUG: < {"_index":"top","_type":"_doc","_id":"3900","_version":2,"result":"updated","_shards":{"total":2,"successful":1,"failed":0},"_seq_no":81620,"_primary_term":1}
2019-12-12 11:44:45 [urllib3.connectionpool] DEBUG: Starting new HTTP connection (1): elasticsearch:9200
2019-12-12 11:44:45 [urllib3.connectionpool] DEBUG: http://elasticsearch:9200 "HEAD /top HTTP/1.1" 200 0
2019-12-12 11:44:45 [elasticsearch] INFO: HEAD http://elasticsearch:9200/top [status:200 request:0.002s]
2019-12-12 11:44:45 [elasticsearch] DEBUG: > None
2019-12-12 11:44:45 [elasticsearch] DEBUG: < 
2019-12-12 11:44:45 [urllib3.connectionpool] DEBUG: http://elasticsearch:9200 "POST /top/_doc/3899 HTTP/1.1" 200 158
2019-12-12 11:44:45 [elasticsearch] INFO: POST http://elasticsearch:9200/top/_doc/3899 [status:200 request:0.022s]
2019-12-12 11:44:45 [elasticsearch] DEBUG: > {"title":"韩服最强王者组团战集锦#56  投蕉入场，神清气爽","description_content":"5.4万","update_at":1576151085171}
2019-12-12 11:44:45 [elasticsearch] DEBUG: < {"_index":"top","_type":"_doc","_id":"3899","_version":2,"result":"updated","_shards":{"total":2,"successful":1,"failed":0},"_seq_no":81621,"_primary_term":1}
2019-12-12 11:44:45 [urllib3.connectionpool] DEBUG: Starting new HTTP connection (1): elasticsearch:9200
2019-12-12 11:44:45 [urllib3.connectionpool] DEBUG: http://elasticsearch:9200 "POST /top/_doc/3905 HTTP/1.1" 200 158
2019-12-12 11:44:45 [elasticsearch] INFO: POST http://elasticsearch:9200/top/_doc/3905 [status:200 request:0.020s]
2019-12-12 11:44:45 [elasticsearch] DEBUG: > {"title":"一斤重的大老鼠放进蟑螂堆里，直接暴走！","description_content":"3.8万","update_at":1576151085171}
2019-12-12 11:44:45 [elasticsearch] DEBUG: < {"_index":"top","_type":"_doc","_id":"3905","_version":2,"result":"updated","_shards":{"total":2,"successful":1,"failed":0},"_seq_no":81622,"_primary_term":1}
2019-12-12 11:44:45 [urllib3.connectionpool] DEBUG: http://elasticsearch:9200 "HEAD /top HTTP/1.1" 200 0
2019-12-12 11:44:45 [elasticsearch] INFO: HEAD http://elasticsearch:9200/top [status:200 request:0.004s]
2019-12-12 11:44:45 [elasticsearch] DEBUG: > None
2019-12-12 11:44:45 [elasticsearch] DEBUG: < 
2019-12-12 11:44:45 [urllib3.connectionpool] DEBUG: Starting new HTTP connection (1): elasticsearch:9200
2019-12-12 11:44:45 [urllib3.connectionpool] DEBUG: http://elasticsearch:9200 "HEAD /top HTTP/1.1" 200 0
2019-12-12 11:44:45 [elasticsearch] INFO: HEAD http://elasticsearch:9200/top [status:200 request:0.002s]
2019-12-12 11:44:45 [elasticsearch] DEBUG: > None
2019-12-12 11:44:45 [elasticsearch] DEBUG: < 
2019-12-12 11:44:45 [urllib3.connectionpool] DEBUG: http://elasticsearch:9200 "POST /top/_doc/3903 HTTP/1.1" 200 158
2019-12-12 11:44:45 [elasticsearch] INFO: POST http://elasticsearch:9200/top/_doc/3903 [status:200 request:0.022s]
2019-12-12 11:44:45 [elasticsearch] DEBUG: > {"title":"你一牵我舞如飞 你一引我懂进退","description_content":"2.6万","update_at":1576151085171}
2019-12-12 11:44:45 [elasticsearch] DEBUG: < {"_index":"top","_type":"_doc","_id":"3903","_version":2,"result":"updated","_shards":{"total":2,"successful":1,"failed":0},"_seq_no":81623,"_primary_term":1}
2019-12-12 11:44:45 [urllib3.connectionpool] DEBUG: Starting new HTTP connection (1): elasticsearch:9200
2019-12-12 11:44:45 [urllib3.connectionpool] DEBUG: http://elasticsearch:9200 "HEAD /top HTTP/1.1" 200 0
2019-12-12 11:44:45 [elasticsearch] INFO: HEAD http://elasticsearch:9200/top [status:200 request:0.002s]
2019-12-12 11:44:45 [elasticsearch] DEBUG: > None
2019-12-12 11:44:45 [elasticsearch] DEBUG: < 
2019-12-12 11:44:45 [urllib3.connectionpool] DEBUG: http://elasticsearch:9200 "POST /top/_doc/3908 HTTP/1.1" 200 158
2019-12-12 11:44:45 [elasticsearch] INFO: POST http://elasticsearch:9200/top/_doc/3908 [status:200 request:0.021s]
2019-12-12 11:44:45 [elasticsearch] DEBUG: > {"title":"厨师长教你：“小煎花鲢”的家常做法，味道鲜美又下饭，先收藏了","description_content":"3.1万","update_at":1576151085171}
2019-12-12 11:44:45 [elasticsearch] DEBUG: < {"_index":"top","_type":"_doc","_id":"3908","_version":2,"result":"updated","_shards":{"total":2,"successful":1,"failed":0},"_seq_no":81624,"_primary_term":1}
2019-12-12 11:44:45 [urllib3.connectionpool] DEBUG: Starting new HTTP connection (1): elasticsearch:9200
2019-12-12 11:44:45 [urllib3.connectionpool] DEBUG: http://elasticsearch:9200 "HEAD /top HTTP/1.1" 200 0
2019-12-12 11:44:45 [elasticsearch] INFO: HEAD http://elasticsearch:9200/top [status:200 request:0.002s]
2019-12-12 11:44:45 [elasticsearch] DEBUG: > None
2019-12-12 11:44:45 [elasticsearch] DEBUG: < 
2019-12-12 11:44:45 [urllib3.connectionpool] DEBUG: http://elasticsearch:9200 "POST /top/_doc/3911 HTTP/1.1" 200 158
2019-12-12 11:44:45 [elasticsearch] INFO: POST http://elasticsearch:9200/top/_doc/3911 [status:200 request:0.018s]
2019-12-12 11:44:45 [elasticsearch] DEBUG: > {"title":"徐娘虽老 犹尚多情","description_content":"1.8万","update_at":1576151085171}
2019-12-12 11:44:45 [elasticsearch] DEBUG: < {"_index":"top","_type":"_doc","_id":"3911","_version":2,"result":"updated","_shards":{"total":2,"successful":1,"failed":0},"_seq_no":81625,"_primary_term":1}
2019-12-12 11:44:45 [urllib3.connectionpool] DEBUG: Starting new HTTP connection (1): elasticsearch:9200
2019-12-12 11:44:45 [urllib3.connectionpool] DEBUG: http://elasticsearch:9200 "HEAD /top HTTP/1.1" 200 0
2019-12-12 11:44:45 [elasticsearch] INFO: HEAD http://elasticsearch:9200/top [status:200 request:0.002s]
2019-12-12 11:44:45 [elasticsearch] DEBUG: > None
2019-12-12 11:44:45 [elasticsearch] DEBUG: < 
2019-12-12 11:44:45 [urllib3.connectionpool] DEBUG: Starting new HTTP connection (1): elasticsearch:9200
2019-12-12 11:44:45 [urllib3.connectionpool] DEBUG: http://elasticsearch:9200 "POST /top/_doc/3904 HTTP/1.1" 200 158
2019-12-12 11:44:45 [elasticsearch] INFO: POST http://elasticsearch:9200/top/_doc/3904 [status:200 request:0.022s]
2019-12-12 11:44:45 [elasticsearch] DEBUG: > {"title":"加了“樱罂粉”炒出来的辣子鸡真的会更好吃吗","description_content":"4.1万","update_at":1576151085171}
2019-12-12 11:44:45 [elasticsearch] DEBUG: < {"_index":"top","_type":"_doc","_id":"3904","_version":2,"result":"updated","_shards":{"total":2,"successful":1,"failed":0},"_seq_no":81626,"_primary_term":1}
2019-12-12 11:44:45 [urllib3.connectionpool] DEBUG: http://elasticsearch:9200 "HEAD /top HTTP/1.1" 200 0
2019-12-12 11:44:45 [elasticsearch] INFO: HEAD http://elasticsearch:9200/top [status:200 request:0.003s]
2019-12-12 11:44:45 [elasticsearch] DEBUG: > None
2019-12-12 11:44:45 [elasticsearch] DEBUG: < 
2019-12-12 11:44:45 [urllib3.connectionpool] DEBUG: http://elasticsearch:9200 "POST /top/_doc/3916 HTTP/1.1" 200 158
2019-12-12 11:44:45 [elasticsearch] INFO: POST http://elasticsearch:9200/top/_doc/3916 [status:200 request:0.023s]
2019-12-12 11:44:45 [elasticsearch] DEBUG: > {"title":"【焦换开心】最重要的是开心，搞笑视频集锦 #80","description_content":"1.3万","update_at":1576151085171}
2019-12-12 11:44:45 [elasticsearch] DEBUG: < {"_index":"top","_type":"_doc","_id":"3916","_version":2,"result":"updated","_shards":{"total":2,"successful":1,"failed":0},"_seq_no":81627,"_primary_term":1}
2019-12-12 11:44:45 [urllib3.connectionpool] DEBUG: Starting new HTTP connection (1): elasticsearch:9200
2019-12-12 11:44:45 [urllib3.connectionpool] DEBUG: http://elasticsearch:9200 "HEAD /top HTTP/1.1" 200 0
2019-12-12 11:44:45 [elasticsearch] INFO: HEAD http://elasticsearch:9200/top [status:200 request:0.002s]
2019-12-12 11:44:45 [elasticsearch] DEBUG: > None
2019-12-12 11:44:45 [elasticsearch] DEBUG: < 
2019-12-12 11:44:45 [urllib3.connectionpool] DEBUG: http://elasticsearch:9200 "POST /top/_doc/3910 HTTP/1.1" 200 158
2019-12-12 11:44:45 [elasticsearch] INFO: POST http://elasticsearch:9200/top/_doc/3910 [status:200 request:0.022s]
2019-12-12 11:44:45 [elasticsearch] DEBUG: > {"title":"华农兄弟：抬了个兄弟家的烤炉回来，顺便再去抓只兄弟家的鸡来烤","description_content":"1.8万","update_at":1576151085171}
2019-12-12 11:44:45 [elasticsearch] DEBUG: < {"_index":"top","_type":"_doc","_id":"3910","_version":2,"result":"updated","_shards":{"total":2,"successful":1,"failed":0},"_seq_no":81628,"_primary_term":1}
2019-12-12 11:44:45 [urllib3.connectionpool] DEBUG: Starting new HTTP connection (1): elasticsearch:9200
2019-12-12 11:44:45 [urllib3.connectionpool] DEBUG: http://elasticsearch:9200 "HEAD /top HTTP/1.1" 200 0
2019-12-12 11:44:45 [elasticsearch] INFO: HEAD http://elasticsearch:9200/top [status:200 request:0.002s]
2019-12-12 11:44:45 [elasticsearch] DEBUG: > None
2019-12-12 11:44:45 [elasticsearch] DEBUG: < 
2019-12-12 11:44:45 [urllib3.connectionpool] DEBUG: http://elasticsearch:9200 "POST /top/_doc/3923 HTTP/1.1" 200 158
2019-12-12 11:44:45 [elasticsearch] INFO: POST http://elasticsearch:9200/top/_doc/3923 [status:200 request:0.023s]
2019-12-12 11:44:45 [elasticsearch] DEBUG: > {"title":"#抽奖#【TAG】双十二直男战术导购！直男欲罢不能的这几样装备","description_content":"1.0万","update_at":1576151085171}
2019-12-12 11:44:45 [elasticsearch] DEBUG: < {"_index":"top","_type":"_doc","_id":"3923","_version":2,"result":"updated","_shards":{"total":2,"successful":1,"failed":0},"_seq_no":81629,"_primary_term":1}
2019-12-12 11:44:45 [urllib3.connectionpool] DEBUG: Starting new HTTP connection (1): elasticsearch:9200
2019-12-12 11:44:45 [urllib3.connectionpool] DEBUG: http://elasticsearch:9200 "HEAD /top HTTP/1.1" 200 0
2019-12-12 11:44:45 [elasticsearch] INFO: HEAD http://elasticsearch:9200/top [status:200 request:0.002s]
2019-12-12 11:44:45 [elasticsearch] DEBUG: > None
2019-12-12 11:44:45 [elasticsearch] DEBUG: < 
2019-12-12 11:44:45 [urllib3.connectionpool] DEBUG: http://elasticsearch:9200 "POST /top/_doc/3919 HTTP/1.1" 200 158
2019-12-12 11:44:45 [elasticsearch] INFO: POST http://elasticsearch:9200/top/_doc/3919 [status:200 request:0.023s]
2019-12-12 11:44:45 [elasticsearch] DEBUG: > {"title":"【雾奈】Solo","description_content":"0.9万","update_at":1576151085171}
2019-12-12 11:44:45 [elasticsearch] DEBUG: < {"_index":"top","_type":"_doc","_id":"3919","_version":2,"result":"updated","_shards":{"total":2,"successful":1,"failed":0},"_seq_no":81630,"_primary_term":1}
2019-12-12 11:44:45 [urllib3.connectionpool] DEBUG: Starting new HTTP connection (1): elasticsearch:9200
2019-12-12 11:44:45 [urllib3.connectionpool] DEBUG: http://elasticsearch:9200 "HEAD /top HTTP/1.1" 200 0
2019-12-12 11:44:45 [elasticsearch] INFO: HEAD http://elasticsearch:9200/top [status:200 request:0.002s]
2019-12-12 11:44:45 [elasticsearch] DEBUG: > None
2019-12-12 11:44:45 [elasticsearch] DEBUG: < 
2019-12-12 11:44:45 [urllib3.connectionpool] DEBUG: http://elasticsearch:9200 "POST /top/_doc/4702 HTTP/1.1" 201 158
2019-12-12 11:44:45 [elasticsearch] INFO: POST http://elasticsearch:9200/top/_doc/4702 [status:201 request:0.020s]
2019-12-12 11:44:45 [elasticsearch] DEBUG: > {"title":"小伙上山学艺，师傅竟教他铁锅炖自己","description_content":"0.8万","update_at":1576151085171}
2019-12-12 11:44:45 [elasticsearch] DEBUG: < {"_index":"top","_type":"_doc","_id":"4702","_version":1,"result":"created","_shards":{"total":2,"successful":1,"failed":0},"_seq_no":81631,"_primary_term":1}
2019-12-12 11:44:45 [urllib3.connectionpool] DEBUG: Starting new HTTP connection (1): elasticsearch:9200
2019-12-12 11:44:45 [urllib3.connectionpool] DEBUG: http://elasticsearch:9200 "HEAD /top HTTP/1.1" 200 0
2019-12-12 11:44:45 [elasticsearch] INFO: HEAD http://elasticsearch:9200/top [status:200 request:0.004s]
2019-12-12 11:44:45 [elasticsearch] DEBUG: > None
2019-12-12 11:44:45 [elasticsearch] DEBUG: < 
2019-12-12 11:44:45 [urllib3.connectionpool] DEBUG: http://elasticsearch:9200 "POST /top/_doc/3917 HTTP/1.1" 200 158
2019-12-12 11:44:45 [elasticsearch] INFO: POST http://elasticsearch:9200/top/_doc/3917 [status:200 request:0.024s]
2019-12-12 11:44:45 [elasticsearch] DEBUG: > {"title":"【扒牛肉条】一道很考验厨师勺功的菜，一碗酱汁，一块牛肉，入嘴软糯，肉香汁浓，软嫩适口","description_content":"0.8万","update_at":1576151085171}
2019-12-12 11:44:45 [elasticsearch] DEBUG: < {"_index":"top","_type":"_doc","_id":"3917","_version":2,"result":"updated","_shards":{"total":2,"successful":1,"failed":0},"_seq_no":81632,"_primary_term":1}
2019-12-12 11:44:45 [urllib3.connectionpool] DEBUG: Starting new HTTP connection (1): elasticsearch:9200
2019-12-12 11:44:45 [urllib3.connectionpool] DEBUG: http://elasticsearch:9200 "HEAD /top HTTP/1.1" 200 0
2019-12-12 11:44:45 [elasticsearch] INFO: HEAD http://elasticsearch:9200/top [status:200 request:0.002s]
2019-12-12 11:44:45 [elasticsearch] DEBUG: > None
2019-12-12 11:44:45 [elasticsearch] DEBUG: < 
2019-12-12 11:44:45 [urllib3.connectionpool] DEBUG: http://elasticsearch:9200 "POST /top/_doc/4703 HTTP/1.1" 201 158
2019-12-12 11:44:45 [elasticsearch] INFO: POST http://elasticsearch:9200/top/_doc/4703 [status:201 request:0.024s]
2019-12-12 11:44:45 [elasticsearch] DEBUG: > {"title":"★日更蕉易★网络上常见的热门短视频集锦 第六期","description_content":"1.5万","update_at":1576151085171}
2019-12-12 11:44:45 [elasticsearch] DEBUG: < {"_index":"top","_type":"_doc","_id":"4703","_version":1,"result":"created","_shards":{"total":2,"successful":1,"failed":0},"_seq_no":81633,"_primary_term":1}
2019-12-12 11:44:45 [urllib3.connectionpool] DEBUG: Starting new HTTP connection (1): elasticsearch:9200
2019-12-12 11:44:45 [urllib3.connectionpool] DEBUG: http://elasticsearch:9200 "HEAD /top HTTP/1.1" 200 0
2019-12-12 11:44:45 [elasticsearch] INFO: HEAD http://elasticsearch:9200/top [status:200 request:0.002s]
2019-12-12 11:44:45 [elasticsearch] DEBUG: > None
2019-12-12 11:44:45 [elasticsearch] DEBUG: < 
2019-12-12 11:44:45 [urllib3.connectionpool] DEBUG: http://elasticsearch:9200 "POST /top/_doc/3918 HTTP/1.1" 200 158
2019-12-12 11:44:45 [elasticsearch] INFO: POST http://elasticsearch:9200/top/_doc/3918 [status:200 request:0.025s]
2019-12-12 11:44:45 [elasticsearch] DEBUG: > {"title":"苇tuber直播威力加强版 瘟疫传说：龙咳 （12月02日06日）","description_content":"1.3万","update_at":1576151085171}
2019-12-12 11:44:45 [elasticsearch] DEBUG: < {"_index":"top","_type":"_doc","_id":"3918","_version":2,"result":"updated","_shards":{"total":2,"successful":1,"failed":0},"_seq_no":81634,"_primary_term":1}
2019-12-12 11:44:45 [urllib3.connectionpool] DEBUG: Starting new HTTP connection (1): elasticsearch:9200
2019-12-12 11:44:45 [urllib3.connectionpool] DEBUG: http://elasticsearch:9200 "HEAD /top HTTP/1.1" 200 0
2019-12-12 11:44:45 [elasticsearch] INFO: HEAD http://elasticsearch:9200/top [status:200 request:0.002s]
2019-12-12 11:44:45 [elasticsearch] DEBUG: > None
2019-12-12 11:44:45 [elasticsearch] DEBUG: < 
2019-12-12 11:44:45 [urllib3.connectionpool] DEBUG: http://elasticsearch:9200 "POST /top/_doc/4704 HTTP/1.1" 201 158
2019-12-12 11:44:45 [elasticsearch] INFO: POST http://elasticsearch:9200/top/_doc/4704 [status:201 request:0.022s]
2019-12-12 11:44:45 [elasticsearch] DEBUG: > {"title":"#联动&抽奖# 朝鲜战争--四等人上场！","description_content":"0.5万","update_at":1576151085171}
2019-12-12 11:44:45 [elasticsearch] DEBUG: < {"_index":"top","_type":"_doc","_id":"4704","_version":1,"result":"created","_shards":{"total":2,"successful":1,"failed":0},"_seq_no":81635,"_primary_term":1}
2019-12-12 11:44:45 [urllib3.connectionpool] DEBUG: Starting new HTTP connection (1): elasticsearch:9200
2019-12-12 11:44:45 [urllib3.connectionpool] DEBUG: http://elasticsearch:9200 "HEAD /top HTTP/1.1" 200 0
2019-12-12 11:44:45 [elasticsearch] INFO: HEAD http://elasticsearch:9200/top [status:200 request:0.002s]
2019-12-12 11:44:45 [elasticsearch] DEBUG: > None
2019-12-12 11:44:45 [elasticsearch] DEBUG: < 
2019-12-12 11:44:45 [urllib3.connectionpool] DEBUG: http://elasticsearch:9200 "POST /top/_doc/4705 HTTP/1.1" 201 158
2019-12-12 11:44:45 [elasticsearch] INFO: POST http://elasticsearch:9200/top/_doc/4705 [status:201 request:0.022s]
2019-12-12 11:44:45 [elasticsearch] DEBUG: > {"title":"影流之主-泪目版本，抒情版《爱河》她不香吗?","description_content":"0.7万","update_at":1576151085171}
2019-12-12 11:44:45 [elasticsearch] DEBUG: < {"_index":"top","_type":"_doc","_id":"4705","_version":1,"result":"created","_shards":{"total":2,"successful":1,"failed":0},"_seq_no":81636,"_primary_term":1}
2019-12-12 11:44:45 [urllib3.connectionpool] DEBUG: Starting new HTTP connection (1): elasticsearch:9200
2019-12-12 11:44:45 [urllib3.connectionpool] DEBUG: http://elasticsearch:9200 "HEAD /top HTTP/1.1" 200 0
2019-12-12 11:44:45 [elasticsearch] INFO: HEAD http://elasticsearch:9200/top [status:200 request:0.002s]
2019-12-12 11:44:45 [elasticsearch] DEBUG: > None
2019-12-12 11:44:45 [elasticsearch] DEBUG: < 
2019-12-12 11:44:45 [urllib3.connectionpool] DEBUG: http://elasticsearch:9200 "POST /top/_doc/4706 HTTP/1.1" 201 158
2019-12-12 11:44:45 [elasticsearch] INFO: POST http://elasticsearch:9200/top/_doc/4706 [status:201 request:0.021s]
2019-12-12 11:44:45 [elasticsearch] DEBUG: > {"title":"【阿斗】此片当年差点让20世纪福克斯破产《埃及艳后》一部无与伦比的好莱坞大片","description_content":"1.0万","update_at":1576151085171}
2019-12-12 11:44:45 [elasticsearch] DEBUG: < {"_index":"top","_type":"_doc","_id":"4706","_version":1,"result":"created","_shards":{"total":2,"successful":1,"failed":0},"_seq_no":81637,"_primary_term":1}
2019-12-12 11:44:45 [urllib3.connectionpool] DEBUG: Starting new HTTP connection (1): elasticsearch:9200
2019-12-12 11:44:45 [urllib3.connectionpool] DEBUG: http://elasticsearch:9200 "HEAD /top HTTP/1.1" 200 0
2019-12-12 11:44:45 [elasticsearch] INFO: HEAD http://elasticsearch:9200/top [status:200 request:0.001s]
2019-12-12 11:44:45 [elasticsearch] DEBUG: > None
2019-12-12 11:44:45 [elasticsearch] DEBUG: < 
2019-12-12 11:44:45 [urllib3.connectionpool] DEBUG: http://elasticsearch:9200 "POST /top/_doc/4707 HTTP/1.1" 201 158
2019-12-12 11:44:45 [elasticsearch] INFO: POST http://elasticsearch:9200/top/_doc/4707 [status:201 request:0.021s]
2019-12-12 11:44:45 [elasticsearch] DEBUG: > {"title":"苦子果：它是一种山野小果，用来炖牛蹄烩番茄，都是独特的风味","description_content":"0.9万","update_at":1576151085171}
2019-12-12 11:44:45 [elasticsearch] DEBUG: < {"_index":"top","_type":"_doc","_id":"4707","_version":1,"result":"created","_shards":{"total":2,"successful":1,"failed":0},"_seq_no":81638,"_primary_term":1}
2019-12-12 11:44:45 [urllib3.connectionpool] DEBUG: Starting new HTTP connection (1): elasticsearch:9200
2019-12-12 11:44:45 [urllib3.connectionpool] DEBUG: http://elasticsearch:9200 "HEAD /top HTTP/1.1" 200 0
2019-12-12 11:44:45 [elasticsearch] INFO: HEAD http://elasticsearch:9200/top [status:200 request:0.002s]
2019-12-12 11:44:45 [elasticsearch] DEBUG: > None
2019-12-12 11:44:45 [elasticsearch] DEBUG: < 
2019-12-12 11:44:45 [urllib3.connectionpool] DEBUG: http://elasticsearch:9200 "POST /top/_doc/4708 HTTP/1.1" 201 158
2019-12-12 11:44:45 [elasticsearch] INFO: POST http://elasticsearch:9200/top/_doc/4708 [status:201 request:0.020s]
2019-12-12 11:44:45 [elasticsearch] DEBUG: > {"title":"【北美报哥】简单说说什么是AR突击步枪","description_content":"0.7万","update_at":1576151085171}
2019-12-12 11:44:45 [elasticsearch] DEBUG: < {"_index":"top","_type":"_doc","_id":"4708","_version":1,"result":"created","_shards":{"total":2,"successful":1,"failed":0},"_seq_no":81639,"_primary_term":1}
2019-12-12 11:44:45 [urllib3.connectionpool] DEBUG: Starting new HTTP connection (1): elasticsearch:9200
2019-12-12 11:44:45 [urllib3.connectionpool] DEBUG: http://elasticsearch:9200 "HEAD /top HTTP/1.1" 200 0
2019-12-12 11:44:45 [elasticsearch] INFO: HEAD http://elasticsearch:9200/top [status:200 request:0.002s]
2019-12-12 11:44:45 [elasticsearch] DEBUG: > None
2019-12-12 11:44:45 [elasticsearch] DEBUG: < 
2019-12-12 11:44:45 [urllib3.connectionpool] DEBUG: http://elasticsearch:9200 "POST /top/_doc/4709 HTTP/1.1" 201 158
2019-12-12 11:44:45 [elasticsearch] INFO: POST http://elasticsearch:9200/top/_doc/4709 [status:201 request:0.018s]
2019-12-12 11:44:45 [elasticsearch] DEBUG: > {"title":"【老司马的日常食堂】家里来客，做一顿好的","description_content":"0.6万","update_at":1576151085171}
2019-12-12 11:44:45 [elasticsearch] DEBUG: < {"_index":"top","_type":"_doc","_id":"4709","_version":1,"result":"created","_shards":{"total":2,"successful":1,"failed":0},"_seq_no":81640,"_primary_term":1}
2019-12-12 11:44:45 [urllib3.connectionpool] DEBUG: Starting new HTTP connection (1): elasticsearch:9200
2019-12-12 11:44:45 [urllib3.connectionpool] DEBUG: http://elasticsearch:9200 "HEAD /top HTTP/1.1" 200 0
2019-12-12 11:44:45 [elasticsearch] INFO: HEAD http://elasticsearch:9200/top [status:200 request:0.001s]
2019-12-12 11:44:45 [elasticsearch] DEBUG: > None
2019-12-12 11:44:45 [elasticsearch] DEBUG: < 
2019-12-12 11:44:45 [urllib3.connectionpool] DEBUG: http://elasticsearch:9200 "POST /top/_doc/4710 HTTP/1.1" 201 158
2019-12-12 11:44:45 [elasticsearch] INFO: POST http://elasticsearch:9200/top/_doc/4710 [status:201 request:0.019s]
2019-12-12 11:44:45 [elasticsearch] DEBUG: > {"title":"【英雄联盟】新英雄瑟提+新皮肤王国机神皮肤、屠龙勇士系列、时之沙系列","description_content":"2.8万","update_at":1576151085171}
2019-12-12 11:44:45 [elasticsearch] DEBUG: < {"_index":"top","_type":"_doc","_id":"4710","_version":1,"result":"created","_shards":{"total":2,"successful":1,"failed":0},"_seq_no":81641,"_primary_term":1}
2019-12-12 11:44:45 [urllib3.connectionpool] DEBUG: Starting new HTTP connection (1): elasticsearch:9200
2019-12-12 11:44:45 [urllib3.connectionpool] DEBUG: http://elasticsearch:9200 "HEAD /top HTTP/1.1" 200 0
2019-12-12 11:44:45 [elasticsearch] INFO: HEAD http://elasticsearch:9200/top [status:200 request:0.002s]
2019-12-12 11:44:45 [elasticsearch] DEBUG: > None
2019-12-12 11:44:45 [elasticsearch] DEBUG: < 
2019-12-12 11:44:45 [urllib3.connectionpool] DEBUG: http://elasticsearch:9200 "POST /top/_doc/4711 HTTP/1.1" 201 158
2019-12-12 11:44:45 [elasticsearch] INFO: POST http://elasticsearch:9200/top/_doc/4711 [status:201 request:0.020s]
2019-12-12 11:44:45 [elasticsearch] DEBUG: > {"title":"【沙雕翻车】运动会上那些翻车沙雕操作","description_content":"0.6万","update_at":1576151085171}
2019-12-12 11:44:45 [elasticsearch] DEBUG: < {"_index":"top","_type":"_doc","_id":"4711","_version":1,"result":"created","_shards":{"total":2,"successful":1,"failed":0},"_seq_no":81642,"_primary_term":1}
2019-12-12 11:44:45 [urllib3.connectionpool] DEBUG: http://elasticsearch:9200 "POST /top/_doc/4712 HTTP/1.1" 201 158
2019-12-12 11:44:45 [elasticsearch] INFO: POST http://elasticsearch:9200/top/_doc/4712 [status:201 request:0.020s]
2019-12-12 11:44:45 [elasticsearch] DEBUG: > {"title":"【奥雷】凶手犯案后将被害人藏匿于楼顶水箱 导致居民吃三年尸水《重案实录之水箱藏尸》","description_content":"1.6万","update_at":1576151085171}
2019-12-12 11:44:45 [elasticsearch] DEBUG: < {"_index":"top","_type":"_doc","_id":"4712","_version":1,"result":"created","_shards":{"total":2,"successful":1,"failed":0},"_seq_no":81643,"_primary_term":1}
2019-12-12 11:44:45 [urllib3.connectionpool] DEBUG: http://elasticsearch:9200 "POST /top/_doc/4713 HTTP/1.1" 201 158
2019-12-12 11:44:45 [elasticsearch] INFO: POST http://elasticsearch:9200/top/_doc/4713 [status:201 request:0.021s]
2019-12-12 11:44:45 [elasticsearch] DEBUG: > {"title":"为了发新歌，李荣浩怼公司怼平台，真相是什么？ | ZIBO","description_content":"0.8万","update_at":1576151085171}
2019-12-12 11:44:45 [elasticsearch] DEBUG: < {"_index":"top","_type":"_doc","_id":"4713","_version":1,"result":"created","_shards":{"total":2,"successful":1,"failed":0},"_seq_no":81644,"_primary_term":1}
2019-12-12 11:44:45 [urllib3.connectionpool] DEBUG: http://elasticsearch:9200 "POST /top/_doc/4714 HTTP/1.1" 201 158
2019-12-12 11:44:45 [elasticsearch] INFO: POST http://elasticsearch:9200/top/_doc/4714 [status:201 request:0.019s]
2019-12-12 11:44:45 [elasticsearch] DEBUG: > {"title":"韩服最强王者精英对决 #005 | 还是太难了","description_content":"1.3万","update_at":1576151085171}
2019-12-12 11:44:45 [elasticsearch] DEBUG: < {"_index":"top","_type":"_doc","_id":"4714","_version":1,"result":"created","_shards":{"total":2,"successful":1,"failed":0},"_seq_no":81645,"_primary_term":1}
