2019-12-12 13:50:33 [scrapy.utils.log] INFO: Scrapy 1.7.4 started (bot: spider_tophub)
2019-12-12 13:50:33 [scrapy.utils.log] INFO: Versions: lxml 4.4.1.0, libxml2 2.9.9, cssselect 1.1.0, parsel 1.5.2, w3lib 1.21.0, Twisted 19.7.0, Python 3.7.5 (default, Nov 23 2019, 05:59:34) - [GCC 8.3.0], pyOpenSSL 19.0.0 (OpenSSL 1.1.1d  10 Sep 2019), cryptography 2.8, Platform Linux-3.10.0-1062.1.2.el7.x86_64-x86_64-with-debian-10.2
2019-12-12 13:50:33 [scrapy.crawler] INFO: Overridden settings: {'BOT_NAME': 'spider_tophub', 'DOWNLOAD_DELAY': 1, 'LOG_FILE': 'logs/spider_tophub/baidu_redian/5839fb601ce611ea831a0242ac1c0004.log', 'NEWSPIDER_MODULE': 'spider_tophub.spiders', 'SPIDER_MODULES': ['spider_tophub.spiders']}
2019-12-12 13:50:33 [scrapy.extensions.telnet] INFO: Telnet Password: 4709834a7ccdedfc
2019-12-12 13:50:33 [scrapy.middleware] INFO: Enabled extensions:
['scrapy.extensions.corestats.CoreStats',
 'scrapy.extensions.telnet.TelnetConsole',
 'scrapy.extensions.memusage.MemoryUsage',
 'scrapy.extensions.logstats.LogStats']
2019-12-12 13:50:33 [scrapy.middleware] INFO: Enabled downloader middlewares:
['scrapy.downloadermiddlewares.httpauth.HttpAuthMiddleware',
 'scrapy.downloadermiddlewares.downloadtimeout.DownloadTimeoutMiddleware',
 'scrapy.downloadermiddlewares.defaultheaders.DefaultHeadersMiddleware',
 'scrapy.downloadermiddlewares.useragent.UserAgentMiddleware',
 'scrapy.downloadermiddlewares.retry.RetryMiddleware',
 'scrapy.downloadermiddlewares.redirect.MetaRefreshMiddleware',
 'scrapy.downloadermiddlewares.httpcompression.HttpCompressionMiddleware',
 'scrapy.downloadermiddlewares.redirect.RedirectMiddleware',
 'scrapy.downloadermiddlewares.cookies.CookiesMiddleware',
 'scrapy.downloadermiddlewares.httpproxy.HttpProxyMiddleware',
 'scrapy.downloadermiddlewares.stats.DownloaderStats']
2019-12-12 13:50:33 [scrapy.middleware] INFO: Enabled spider middlewares:
['scrapy.spidermiddlewares.httperror.HttpErrorMiddleware',
 'scrapy.spidermiddlewares.offsite.OffsiteMiddleware',
 'scrapy.spidermiddlewares.referer.RefererMiddleware',
 'scrapy.spidermiddlewares.urllength.UrlLengthMiddleware',
 'scrapy.spidermiddlewares.depth.DepthMiddleware']
2019-12-12 13:50:33 [scrapy.middleware] INFO: Enabled item pipelines:
['spider_tophub.pipelines.MysqlTwistedPipeline']
2019-12-12 13:50:33 [scrapy.core.engine] INFO: Spider opened
2019-12-12 13:50:33 [scrapy.extensions.logstats] INFO: Crawled 0 pages (at 0 pages/min), scraped 0 items (at 0 items/min)
2019-12-12 13:50:33 [scrapy.extensions.telnet] INFO: Telnet console listening on 127.0.0.1:6023
2019-12-12 13:50:34 [scrapy.core.engine] DEBUG: Crawled (200) <GET http://top.baidu.com/buzz?b=1&c=513&fr=topcategory_c513> (referer: None)
2019-12-12 13:50:34 [scrapy.core.scraper] DEBUG: Scraped from <200 http://top.baidu.com/buzz?b=1&c=513&fr=topcategory_c513>
None
2019-12-12 13:50:34 [scrapy.core.scraper] DEBUG: Scraped from <200 http://top.baidu.com/buzz?b=1&c=513&fr=topcategory_c513>
None
2019-12-12 13:50:34 [scrapy.core.scraper] DEBUG: Scraped from <200 http://top.baidu.com/buzz?b=1&c=513&fr=topcategory_c513>
None
2019-12-12 13:50:34 [scrapy.core.scraper] DEBUG: Scraped from <200 http://top.baidu.com/buzz?b=1&c=513&fr=topcategory_c513>
None
2019-12-12 13:50:34 [scrapy.core.scraper] DEBUG: Scraped from <200 http://top.baidu.com/buzz?b=1&c=513&fr=topcategory_c513>
None
2019-12-12 13:50:34 [scrapy.core.scraper] DEBUG: Scraped from <200 http://top.baidu.com/buzz?b=1&c=513&fr=topcategory_c513>
None
2019-12-12 13:50:34 [scrapy.core.scraper] DEBUG: Scraped from <200 http://top.baidu.com/buzz?b=1&c=513&fr=topcategory_c513>
None
2019-12-12 13:50:34 [scrapy.core.scraper] DEBUG: Scraped from <200 http://top.baidu.com/buzz?b=1&c=513&fr=topcategory_c513>
None
2019-12-12 13:50:34 [scrapy.core.scraper] DEBUG: Scraped from <200 http://top.baidu.com/buzz?b=1&c=513&fr=topcategory_c513>
None
2019-12-12 13:50:34 [scrapy.core.scraper] DEBUG: Scraped from <200 http://top.baidu.com/buzz?b=1&c=513&fr=topcategory_c513>
None
2019-12-12 13:50:34 [scrapy.core.scraper] DEBUG: Scraped from <200 http://top.baidu.com/buzz?b=1&c=513&fr=topcategory_c513>
None
2019-12-12 13:50:34 [scrapy.core.scraper] DEBUG: Scraped from <200 http://top.baidu.com/buzz?b=1&c=513&fr=topcategory_c513>
None
2019-12-12 13:50:34 [scrapy.core.scraper] DEBUG: Scraped from <200 http://top.baidu.com/buzz?b=1&c=513&fr=topcategory_c513>
None
2019-12-12 13:50:34 [scrapy.core.scraper] DEBUG: Scraped from <200 http://top.baidu.com/buzz?b=1&c=513&fr=topcategory_c513>
None
2019-12-12 13:50:34 [scrapy.core.scraper] DEBUG: Scraped from <200 http://top.baidu.com/buzz?b=1&c=513&fr=topcategory_c513>
None
2019-12-12 13:50:34 [scrapy.core.scraper] DEBUG: Scraped from <200 http://top.baidu.com/buzz?b=1&c=513&fr=topcategory_c513>
None
2019-12-12 13:50:34 [scrapy.core.scraper] DEBUG: Scraped from <200 http://top.baidu.com/buzz?b=1&c=513&fr=topcategory_c513>
None
2019-12-12 13:50:34 [scrapy.core.scraper] DEBUG: Scraped from <200 http://top.baidu.com/buzz?b=1&c=513&fr=topcategory_c513>
None
2019-12-12 13:50:34 [scrapy.core.scraper] DEBUG: Scraped from <200 http://top.baidu.com/buzz?b=1&c=513&fr=topcategory_c513>
None
2019-12-12 13:50:34 [scrapy.core.scraper] DEBUG: Scraped from <200 http://top.baidu.com/buzz?b=1&c=513&fr=topcategory_c513>
None
2019-12-12 13:50:34 [scrapy.core.scraper] DEBUG: Scraped from <200 http://top.baidu.com/buzz?b=1&c=513&fr=topcategory_c513>
None
2019-12-12 13:50:34 [scrapy.core.scraper] DEBUG: Scraped from <200 http://top.baidu.com/buzz?b=1&c=513&fr=topcategory_c513>
None
2019-12-12 13:50:34 [scrapy.core.scraper] DEBUG: Scraped from <200 http://top.baidu.com/buzz?b=1&c=513&fr=topcategory_c513>
None
2019-12-12 13:50:34 [scrapy.core.scraper] DEBUG: Scraped from <200 http://top.baidu.com/buzz?b=1&c=513&fr=topcategory_c513>
None
2019-12-12 13:50:34 [scrapy.core.scraper] DEBUG: Scraped from <200 http://top.baidu.com/buzz?b=1&c=513&fr=topcategory_c513>
None
2019-12-12 13:50:34 [scrapy.core.scraper] DEBUG: Scraped from <200 http://top.baidu.com/buzz?b=1&c=513&fr=topcategory_c513>
None
2019-12-12 13:50:34 [scrapy.core.scraper] DEBUG: Scraped from <200 http://top.baidu.com/buzz?b=1&c=513&fr=topcategory_c513>
None
2019-12-12 13:50:34 [scrapy.core.scraper] DEBUG: Scraped from <200 http://top.baidu.com/buzz?b=1&c=513&fr=topcategory_c513>
None
2019-12-12 13:50:34 [scrapy.core.scraper] DEBUG: Scraped from <200 http://top.baidu.com/buzz?b=1&c=513&fr=topcategory_c513>
None
2019-12-12 13:50:34 [scrapy.core.scraper] DEBUG: Scraped from <200 http://top.baidu.com/buzz?b=1&c=513&fr=topcategory_c513>
None
2019-12-12 13:50:34 [scrapy.core.scraper] DEBUG: Scraped from <200 http://top.baidu.com/buzz?b=1&c=513&fr=topcategory_c513>
None
2019-12-12 13:50:34 [scrapy.core.scraper] DEBUG: Scraped from <200 http://top.baidu.com/buzz?b=1&c=513&fr=topcategory_c513>
None
2019-12-12 13:50:34 [scrapy.core.scraper] DEBUG: Scraped from <200 http://top.baidu.com/buzz?b=1&c=513&fr=topcategory_c513>
None
2019-12-12 13:50:34 [scrapy.core.scraper] DEBUG: Scraped from <200 http://top.baidu.com/buzz?b=1&c=513&fr=topcategory_c513>
None
2019-12-12 13:50:34 [scrapy.core.scraper] DEBUG: Scraped from <200 http://top.baidu.com/buzz?b=1&c=513&fr=topcategory_c513>
None
2019-12-12 13:50:34 [scrapy.core.scraper] DEBUG: Scraped from <200 http://top.baidu.com/buzz?b=1&c=513&fr=topcategory_c513>
None
2019-12-12 13:50:34 [scrapy.core.scraper] DEBUG: Scraped from <200 http://top.baidu.com/buzz?b=1&c=513&fr=topcategory_c513>
None
2019-12-12 13:50:34 [scrapy.core.scraper] DEBUG: Scraped from <200 http://top.baidu.com/buzz?b=1&c=513&fr=topcategory_c513>
None
2019-12-12 13:50:34 [scrapy.core.scraper] DEBUG: Scraped from <200 http://top.baidu.com/buzz?b=1&c=513&fr=topcategory_c513>
None
2019-12-12 13:50:34 [scrapy.core.scraper] DEBUG: Scraped from <200 http://top.baidu.com/buzz?b=1&c=513&fr=topcategory_c513>
None
2019-12-12 13:50:34 [scrapy.core.scraper] DEBUG: Scraped from <200 http://top.baidu.com/buzz?b=1&c=513&fr=topcategory_c513>
None
2019-12-12 13:50:34 [scrapy.core.scraper] DEBUG: Scraped from <200 http://top.baidu.com/buzz?b=1&c=513&fr=topcategory_c513>
None
2019-12-12 13:50:34 [scrapy.core.scraper] DEBUG: Scraped from <200 http://top.baidu.com/buzz?b=1&c=513&fr=topcategory_c513>
None
2019-12-12 13:50:34 [scrapy.core.scraper] DEBUG: Scraped from <200 http://top.baidu.com/buzz?b=1&c=513&fr=topcategory_c513>
None
2019-12-12 13:50:34 [scrapy.core.scraper] DEBUG: Scraped from <200 http://top.baidu.com/buzz?b=1&c=513&fr=topcategory_c513>
None
2019-12-12 13:50:34 [scrapy.core.scraper] DEBUG: Scraped from <200 http://top.baidu.com/buzz?b=1&c=513&fr=topcategory_c513>
None
2019-12-12 13:50:34 [scrapy.core.scraper] DEBUG: Scraped from <200 http://top.baidu.com/buzz?b=1&c=513&fr=topcategory_c513>
None
2019-12-12 13:50:34 [scrapy.core.scraper] DEBUG: Scraped from <200 http://top.baidu.com/buzz?b=1&c=513&fr=topcategory_c513>
None
2019-12-12 13:50:34 [scrapy.core.scraper] DEBUG: Scraped from <200 http://top.baidu.com/buzz?b=1&c=513&fr=topcategory_c513>
None
2019-12-12 13:50:34 [scrapy.core.scraper] DEBUG: Scraped from <200 http://top.baidu.com/buzz?b=1&c=513&fr=topcategory_c513>
None
2019-12-12 13:50:34 [scrapy.core.engine] INFO: Closing spider (finished)
2019-12-12 13:50:34 [scrapy.statscollectors] INFO: Dumping Scrapy stats:
{'downloader/request_bytes': 246,
 'downloader/request_count': 1,
 'downloader/request_method_count/GET': 1,
 'downloader/response_bytes': 80625,
 'downloader/response_count': 1,
 'downloader/response_status_count/200': 1,
 'elapsed_time_seconds': 0.82473,
 'finish_reason': 'finished',
 'finish_time': datetime.datetime(2019, 12, 12, 13, 50, 34, 734276),
 'item_scraped_count': 50,
 'log_count/DEBUG': 51,
 'log_count/INFO': 10,
 'memusage/max': 57221120,
 'memusage/startup': 57221120,
 'response_received_count': 1,
 'scheduler/dequeued': 1,
 'scheduler/dequeued/memory': 1,
 'scheduler/enqueued': 1,
 'scheduler/enqueued/memory': 1,
 'start_time': datetime.datetime(2019, 12, 12, 13, 50, 33, 909546)}
2019-12-12 13:50:34 [scrapy.core.engine] INFO: Spider closed (finished)
2019-12-12 13:50:34 [urllib3.connectionpool] DEBUG: Starting new HTTP connection (1): elasticsearch:9200
2019-12-12 13:50:34 [urllib3.connectionpool] DEBUG: Starting new HTTP connection (1): elasticsearch:9200
2019-12-12 13:50:34 [urllib3.connectionpool] DEBUG: Starting new HTTP connection (1): elasticsearch:9200
2019-12-12 13:50:34 [urllib3.connectionpool] DEBUG: Starting new HTTP connection (1): elasticsearch:9200
2019-12-12 13:50:34 [urllib3.connectionpool] DEBUG: http://elasticsearch:9200 "HEAD /top HTTP/1.1" 200 0
2019-12-12 13:50:34 [elasticsearch] INFO: HEAD http://elasticsearch:9200/top [status:200 request:0.006s]
2019-12-12 13:50:34 [elasticsearch] DEBUG: > None
2019-12-12 13:50:34 [elasticsearch] DEBUG: < 
2019-12-12 13:50:34 [urllib3.connectionpool] DEBUG: http://elasticsearch:9200 "HEAD /top HTTP/1.1" 200 0
2019-12-12 13:50:34 [elasticsearch] INFO: HEAD http://elasticsearch:9200/top [status:200 request:0.007s]
2019-12-12 13:50:34 [elasticsearch] DEBUG: > None
2019-12-12 13:50:34 [elasticsearch] DEBUG: < 
2019-12-12 13:50:34 [urllib3.connectionpool] DEBUG: http://elasticsearch:9200 "HEAD /top HTTP/1.1" 200 0
2019-12-12 13:50:34 [elasticsearch] INFO: HEAD http://elasticsearch:9200/top [status:200 request:0.009s]
2019-12-12 13:50:34 [elasticsearch] DEBUG: > None
2019-12-12 13:50:34 [elasticsearch] DEBUG: < 
2019-12-12 13:50:34 [urllib3.connectionpool] DEBUG: http://elasticsearch:9200 "HEAD /top HTTP/1.1" 200 0
2019-12-12 13:50:34 [elasticsearch] INFO: HEAD http://elasticsearch:9200/top [status:200 request:0.006s]
2019-12-12 13:50:34 [elasticsearch] DEBUG: > None
2019-12-12 13:50:34 [elasticsearch] DEBUG: < 
2019-12-12 13:50:34 [urllib3.connectionpool] DEBUG: Starting new HTTP connection (1): elasticsearch:9200
2019-12-12 13:50:34 [urllib3.connectionpool] DEBUG: http://elasticsearch:9200 "HEAD /top HTTP/1.1" 200 0
2019-12-12 13:50:34 [elasticsearch] INFO: HEAD http://elasticsearch:9200/top [status:200 request:0.002s]
2019-12-12 13:50:34 [elasticsearch] DEBUG: > None
2019-12-12 13:50:34 [elasticsearch] DEBUG: < 
2019-12-12 13:50:34 [urllib3.connectionpool] DEBUG: http://elasticsearch:9200 "POST /top/_doc/2995 HTTP/1.1" 200 161
2019-12-12 13:50:34 [elasticsearch] INFO: POST http://elasticsearch:9200/top/_doc/2995 [status:200 request:0.009s]
2019-12-12 13:50:34 [elasticsearch] DEBUG: > {"title":"孙艺洲吹蜡烛","description_content":"326.3万","update_at":1576158634701}
2019-12-12 13:50:34 [elasticsearch] DEBUG: < {"_index":"top","_type":"_doc","_id":"2995","_version":126,"result":"updated","_shards":{"total":2,"successful":1,"failed":0},"_seq_no":110380,"_primary_term":1}
2019-12-12 13:50:34 [urllib3.connectionpool] DEBUG: Starting new HTTP connection (1): elasticsearch:9200
2019-12-12 13:50:34 [urllib3.connectionpool] DEBUG: http://elasticsearch:9200 "HEAD /top HTTP/1.1" 200 0
2019-12-12 13:50:34 [elasticsearch] INFO: HEAD http://elasticsearch:9200/top [status:200 request:0.003s]
2019-12-12 13:50:34 [elasticsearch] DEBUG: > None
2019-12-12 13:50:34 [elasticsearch] DEBUG: < 
2019-12-12 13:50:34 [urllib3.connectionpool] DEBUG: http://elasticsearch:9200 "POST /top/_doc/2297 HTTP/1.1" 200 161
2019-12-12 13:50:34 [elasticsearch] INFO: POST http://elasticsearch:9200/top/_doc/2297 [status:200 request:0.021s]
2019-12-12 13:50:34 [elasticsearch] DEBUG: > {"title":"首架电动飞机首飞","description_content":"757.5万","update_at":1576158634701}
2019-12-12 13:50:34 [elasticsearch] DEBUG: < {"_index":"top","_type":"_doc","_id":"2297","_version":149,"result":"updated","_shards":{"total":2,"successful":1,"failed":0},"_seq_no":110381,"_primary_term":1}
2019-12-12 13:50:34 [urllib3.connectionpool] DEBUG: Starting new HTTP connection (1): elasticsearch:9200
2019-12-12 13:50:34 [urllib3.connectionpool] DEBUG: http://elasticsearch:9200 "POST /top/_doc/2271 HTTP/1.1" 200 161
2019-12-12 13:50:34 [elasticsearch] INFO: POST http://elasticsearch:9200/top/_doc/2271 [status:200 request:0.029s]
2019-12-12 13:50:34 [elasticsearch] DEBUG: > {"title":"23岁空姐坠楼失忆","description_content":"434.9万","update_at":1576158634701}
2019-12-12 13:50:34 [elasticsearch] DEBUG: < {"_index":"top","_type":"_doc","_id":"2271","_version":155,"result":"updated","_shards":{"total":2,"successful":1,"failed":0},"_seq_no":110382,"_primary_term":1}
2019-12-12 13:50:34 [urllib3.connectionpool] DEBUG: http://elasticsearch:9200 "HEAD /top HTTP/1.1" 200 0
2019-12-12 13:50:34 [elasticsearch] INFO: HEAD http://elasticsearch:9200/top [status:200 request:0.003s]
2019-12-12 13:50:34 [elasticsearch] DEBUG: > None
2019-12-12 13:50:34 [elasticsearch] DEBUG: < 
2019-12-12 13:50:34 [urllib3.connectionpool] DEBUG: http://elasticsearch:9200 "POST /top/_doc/2302 HTTP/1.1" 200 161
2019-12-12 13:50:34 [elasticsearch] INFO: POST http://elasticsearch:9200/top/_doc/2302 [status:200 request:0.036s]
2019-12-12 13:50:34 [elasticsearch] DEBUG: > {"title":"华为成立新公司","description_content":"576.7万","update_at":1576158634701}
2019-12-12 13:50:34 [elasticsearch] DEBUG: < {"_index":"top","_type":"_doc","_id":"2302","_version":152,"result":"updated","_shards":{"total":2,"successful":1,"failed":0},"_seq_no":110383,"_primary_term":1}
2019-12-12 13:50:34 [urllib3.connectionpool] DEBUG: Starting new HTTP connection (1): elasticsearch:9200
2019-12-12 13:50:34 [urllib3.connectionpool] DEBUG: http://elasticsearch:9200 "HEAD /top HTTP/1.1" 200 0
2019-12-12 13:50:34 [elasticsearch] INFO: HEAD http://elasticsearch:9200/top [status:200 request:0.002s]
2019-12-12 13:50:34 [elasticsearch] DEBUG: > None
2019-12-12 13:50:34 [elasticsearch] DEBUG: < 
2019-12-12 13:50:34 [urllib3.connectionpool] DEBUG: http://elasticsearch:9200 "POST /top/_doc/4338 HTTP/1.1" 200 161
2019-12-12 13:50:34 [elasticsearch] INFO: POST http://elasticsearch:9200/top/_doc/4338 [status:200 request:0.036s]
2019-12-12 13:50:34 [elasticsearch] DEBUG: > {"title":"赵薇老公被起诉","description_content":"293.6万","update_at":1576158634701}
2019-12-12 13:50:34 [elasticsearch] DEBUG: < {"_index":"top","_type":"_doc","_id":"4338","_version":100,"result":"updated","_shards":{"total":2,"successful":1,"failed":0},"_seq_no":110384,"_primary_term":1}
2019-12-12 13:50:34 [urllib3.connectionpool] DEBUG: Starting new HTTP connection (1): elasticsearch:9200
2019-12-12 13:50:34 [urllib3.connectionpool] DEBUG: http://elasticsearch:9200 "HEAD /top HTTP/1.1" 200 0
2019-12-12 13:50:34 [elasticsearch] INFO: HEAD http://elasticsearch:9200/top [status:200 request:0.002s]
2019-12-12 13:50:34 [elasticsearch] DEBUG: > None
2019-12-12 13:50:34 [elasticsearch] DEBUG: < 
2019-12-12 13:50:34 [urllib3.connectionpool] DEBUG: http://elasticsearch:9200 "POST /top/_doc/2273 HTTP/1.1" 200 161
2019-12-12 13:50:34 [elasticsearch] INFO: POST http://elasticsearch:9200/top/_doc/2273 [status:200 request:0.029s]
2019-12-12 13:50:34 [elasticsearch] DEBUG: > {"title":"杜德利被驱逐","description_content":"267.3万","update_at":1576158634701}
2019-12-12 13:50:34 [elasticsearch] DEBUG: < {"_index":"top","_type":"_doc","_id":"2273","_version":152,"result":"updated","_shards":{"total":2,"successful":1,"failed":0},"_seq_no":110385,"_primary_term":1}
2019-12-12 13:50:34 [urllib3.connectionpool] DEBUG: Starting new HTTP connection (1): elasticsearch:9200
2019-12-12 13:50:34 [urllib3.connectionpool] DEBUG: http://elasticsearch:9200 "HEAD /top HTTP/1.1" 200 0
2019-12-12 13:50:34 [elasticsearch] INFO: HEAD http://elasticsearch:9200/top [status:200 request:0.002s]
2019-12-12 13:50:34 [elasticsearch] DEBUG: > None
2019-12-12 13:50:34 [elasticsearch] DEBUG: < 
2019-12-12 13:50:34 [urllib3.connectionpool] DEBUG: http://elasticsearch:9200 "POST /top/_doc/2283 HTTP/1.1" 200 160
2019-12-12 13:50:34 [elasticsearch] INFO: POST http://elasticsearch:9200/top/_doc/2283 [status:200 request:0.025s]
2019-12-12 13:50:34 [elasticsearch] DEBUG: > {"title":"保罗晃晕戈贝尔","description_content":"241.9万","update_at":1576158634701}
2019-12-12 13:50:34 [elasticsearch] DEBUG: < {"_index":"top","_type":"_doc","_id":"2283","_version":79,"result":"updated","_shards":{"total":2,"successful":1,"failed":0},"_seq_no":110386,"_primary_term":1}
2019-12-12 13:50:34 [urllib3.connectionpool] DEBUG: Starting new HTTP connection (1): elasticsearch:9200
2019-12-12 13:50:34 [urllib3.connectionpool] DEBUG: http://elasticsearch:9200 "HEAD /top HTTP/1.1" 200 0
2019-12-12 13:50:34 [elasticsearch] INFO: HEAD http://elasticsearch:9200/top [status:200 request:0.001s]
2019-12-12 13:50:34 [elasticsearch] DEBUG: > None
2019-12-12 13:50:34 [elasticsearch] DEBUG: < 
2019-12-12 13:50:34 [urllib3.connectionpool] DEBUG: http://elasticsearch:9200 "POST /top/_doc/2286 HTTP/1.1" 200 161
2019-12-12 13:50:34 [elasticsearch] INFO: POST http://elasticsearch:9200/top/_doc/2286 [status:200 request:0.022s]
2019-12-12 13:50:34 [elasticsearch] DEBUG: > {"title":"郑爽联合国大会","description_content":"230.1万","update_at":1576158634701}
2019-12-12 13:50:34 [elasticsearch] DEBUG: < {"_index":"top","_type":"_doc","_id":"2286","_version":136,"result":"updated","_shards":{"total":2,"successful":1,"failed":0},"_seq_no":110387,"_primary_term":1}
2019-12-12 13:50:34 [urllib3.connectionpool] DEBUG: Starting new HTTP connection (1): elasticsearch:9200
2019-12-12 13:50:34 [urllib3.connectionpool] DEBUG: http://elasticsearch:9200 "HEAD /top HTTP/1.1" 200 0
2019-12-12 13:50:34 [elasticsearch] INFO: HEAD http://elasticsearch:9200/top [status:200 request:0.002s]
2019-12-12 13:50:34 [elasticsearch] DEBUG: > None
2019-12-12 13:50:34 [elasticsearch] DEBUG: < 
2019-12-12 13:50:34 [urllib3.connectionpool] DEBUG: http://elasticsearch:9200 "POST /top/_doc/2268 HTTP/1.1" 200 161
2019-12-12 13:50:34 [elasticsearch] INFO: POST http://elasticsearch:9200/top/_doc/2268 [status:200 request:0.022s]
2019-12-12 13:50:34 [elasticsearch] DEBUG: > {"title":"西汉薄太后陵被盗","description_content":"209.1万","update_at":1576158634701}
2019-12-12 13:50:34 [elasticsearch] DEBUG: < {"_index":"top","_type":"_doc","_id":"2268","_version":155,"result":"updated","_shards":{"total":2,"successful":1,"failed":0},"_seq_no":110388,"_primary_term":1}
2019-12-12 13:50:34 [urllib3.connectionpool] DEBUG: Starting new HTTP connection (1): elasticsearch:9200
2019-12-12 13:50:34 [urllib3.connectionpool] DEBUG: http://elasticsearch:9200 "HEAD /top HTTP/1.1" 200 0
2019-12-12 13:50:34 [elasticsearch] INFO: HEAD http://elasticsearch:9200/top [status:200 request:0.002s]
2019-12-12 13:50:34 [elasticsearch] DEBUG: > None
2019-12-12 13:50:34 [elasticsearch] DEBUG: < 
2019-12-12 13:50:34 [urllib3.connectionpool] DEBUG: Starting new HTTP connection (1): elasticsearch:9200
2019-12-12 13:50:34 [urllib3.connectionpool] DEBUG: http://elasticsearch:9200 "POST /top/_doc/2312 HTTP/1.1" 200 161
2019-12-12 13:50:34 [elasticsearch] INFO: POST http://elasticsearch:9200/top/_doc/2312 [status:200 request:0.026s]
2019-12-12 13:50:34 [elasticsearch] DEBUG: > {"title":"宋炳南逝世","description_content":"205.8万","update_at":1576158634701}
2019-12-12 13:50:34 [elasticsearch] DEBUG: < {"_index":"top","_type":"_doc","_id":"2312","_version":152,"result":"updated","_shards":{"total":2,"successful":1,"failed":0},"_seq_no":110389,"_primary_term":1}
2019-12-12 13:50:34 [urllib3.connectionpool] DEBUG: http://elasticsearch:9200 "HEAD /top HTTP/1.1" 200 0
2019-12-12 13:50:34 [elasticsearch] INFO: HEAD http://elasticsearch:9200/top [status:200 request:0.004s]
2019-12-12 13:50:34 [elasticsearch] DEBUG: > None
2019-12-12 13:50:34 [elasticsearch] DEBUG: < 
2019-12-12 13:50:34 [urllib3.connectionpool] DEBUG: http://elasticsearch:9200 "POST /top/_doc/4604 HTTP/1.1" 200 160
2019-12-12 13:50:34 [elasticsearch] INFO: POST http://elasticsearch:9200/top/_doc/4604 [status:200 request:0.029s]
2019-12-12 13:50:34 [elasticsearch] DEBUG: > {"title":"曝马蜂窝裁员40%","description_content":"178.3万","update_at":1576158634701}
2019-12-12 13:50:34 [elasticsearch] DEBUG: < {"_index":"top","_type":"_doc","_id":"4604","_version":56,"result":"updated","_shards":{"total":2,"successful":1,"failed":0},"_seq_no":110390,"_primary_term":1}
2019-12-12 13:50:34 [urllib3.connectionpool] DEBUG: Starting new HTTP connection (1): elasticsearch:9200
2019-12-12 13:50:34 [urllib3.connectionpool] DEBUG: http://elasticsearch:9200 "HEAD /top HTTP/1.1" 200 0
2019-12-12 13:50:34 [elasticsearch] INFO: HEAD http://elasticsearch:9200/top [status:200 request:0.002s]
2019-12-12 13:50:34 [elasticsearch] DEBUG: > None
2019-12-12 13:50:34 [elasticsearch] DEBUG: < 
2019-12-12 13:50:34 [urllib3.connectionpool] DEBUG: http://elasticsearch:9200 "POST /top/_doc/2314 HTTP/1.1" 200 161
2019-12-12 13:50:34 [elasticsearch] INFO: POST http://elasticsearch:9200/top/_doc/2314 [status:200 request:0.029s]
2019-12-12 13:50:34 [elasticsearch] DEBUG: > {"title":"柯震东复出","description_content":"177.1万","update_at":1576158634701}
2019-12-12 13:50:34 [elasticsearch] DEBUG: < {"_index":"top","_type":"_doc","_id":"2314","_version":155,"result":"updated","_shards":{"total":2,"successful":1,"failed":0},"_seq_no":110391,"_primary_term":1}
2019-12-12 13:50:34 [urllib3.connectionpool] DEBUG: Starting new HTTP connection (1): elasticsearch:9200
2019-12-12 13:50:34 [urllib3.connectionpool] DEBUG: http://elasticsearch:9200 "HEAD /top HTTP/1.1" 200 0
2019-12-12 13:50:34 [elasticsearch] INFO: HEAD http://elasticsearch:9200/top [status:200 request:0.002s]
2019-12-12 13:50:34 [elasticsearch] DEBUG: > None
2019-12-12 13:50:34 [elasticsearch] DEBUG: < 
2019-12-12 13:50:34 [urllib3.connectionpool] DEBUG: http://elasticsearch:9200 "POST /top/_doc/2270 HTTP/1.1" 200 161
2019-12-12 13:50:34 [elasticsearch] INFO: POST http://elasticsearch:9200/top/_doc/2270 [status:200 request:0.027s]
2019-12-12 13:50:34 [elasticsearch] DEBUG: > {"title":"人民日报评代拍","description_content":"173.0万","update_at":1576158634701}
2019-12-12 13:50:34 [elasticsearch] DEBUG: < {"_index":"top","_type":"_doc","_id":"2270","_version":116,"result":"updated","_shards":{"total":2,"successful":1,"failed":0},"_seq_no":110392,"_primary_term":1}
2019-12-12 13:50:34 [urllib3.connectionpool] DEBUG: Starting new HTTP connection (1): elasticsearch:9200
2019-12-12 13:50:34 [urllib3.connectionpool] DEBUG: http://elasticsearch:9200 "HEAD /top HTTP/1.1" 200 0
2019-12-12 13:50:34 [elasticsearch] INFO: HEAD http://elasticsearch:9200/top [status:200 request:0.001s]
2019-12-12 13:50:34 [elasticsearch] DEBUG: > None
2019-12-12 13:50:34 [elasticsearch] DEBUG: < 
2019-12-12 13:50:34 [urllib3.connectionpool] DEBUG: http://elasticsearch:9200 "POST /top/_doc/2290 HTTP/1.1" 200 161
2019-12-12 13:50:34 [elasticsearch] INFO: POST http://elasticsearch:9200/top/_doc/2290 [status:200 request:0.022s]
2019-12-12 13:50:34 [elasticsearch] DEBUG: > {"title":"医生拔大脑钢针","description_content":"165.9万","update_at":1576158634701}
2019-12-12 13:50:34 [elasticsearch] DEBUG: < {"_index":"top","_type":"_doc","_id":"2290","_version":133,"result":"updated","_shards":{"total":2,"successful":1,"failed":0},"_seq_no":110393,"_primary_term":1}
2019-12-12 13:50:34 [urllib3.connectionpool] DEBUG: Starting new HTTP connection (1): elasticsearch:9200
2019-12-12 13:50:34 [urllib3.connectionpool] DEBUG: http://elasticsearch:9200 "HEAD /top HTTP/1.1" 200 0
2019-12-12 13:50:34 [elasticsearch] INFO: HEAD http://elasticsearch:9200/top [status:200 request:0.002s]
2019-12-12 13:50:34 [elasticsearch] DEBUG: > None
2019-12-12 13:50:34 [elasticsearch] DEBUG: < 
2019-12-12 13:50:34 [urllib3.connectionpool] DEBUG: http://elasticsearch:9200 "POST /top/_doc/2275 HTTP/1.1" 200 161
2019-12-12 13:50:34 [elasticsearch] INFO: POST http://elasticsearch:9200/top/_doc/2275 [status:200 request:0.020s]
2019-12-12 13:50:34 [elasticsearch] DEBUG: > {"title":"金秀贤将成立公司","description_content":"157.3万","update_at":1576158634701}
2019-12-12 13:50:34 [elasticsearch] DEBUG: < {"_index":"top","_type":"_doc","_id":"2275","_version":141,"result":"updated","_shards":{"total":2,"successful":1,"failed":0},"_seq_no":110394,"_primary_term":1}
2019-12-12 13:50:34 [urllib3.connectionpool] DEBUG: Starting new HTTP connection (1): elasticsearch:9200
2019-12-12 13:50:34 [urllib3.connectionpool] DEBUG: http://elasticsearch:9200 "HEAD /top HTTP/1.1" 200 0
2019-12-12 13:50:34 [elasticsearch] INFO: HEAD http://elasticsearch:9200/top [status:200 request:0.001s]
2019-12-12 13:50:34 [elasticsearch] DEBUG: > None
2019-12-12 13:50:34 [elasticsearch] DEBUG: < 
2019-12-12 13:50:34 [urllib3.connectionpool] DEBUG: http://elasticsearch:9200 "POST /top/_doc/2277 HTTP/1.1" 200 161
2019-12-12 13:50:34 [elasticsearch] INFO: POST http://elasticsearch:9200/top/_doc/2277 [status:200 request:0.019s]
2019-12-12 13:50:34 [elasticsearch] DEBUG: > {"title":"国足vs日本首发","description_content":"144.9万","update_at":1576158634701}
2019-12-12 13:50:34 [elasticsearch] DEBUG: < {"_index":"top","_type":"_doc","_id":"2277","_version":108,"result":"updated","_shards":{"total":2,"successful":1,"failed":0},"_seq_no":110395,"_primary_term":1}
2019-12-12 13:50:34 [urllib3.connectionpool] DEBUG: Starting new HTTP connection (1): elasticsearch:9200
2019-12-12 13:50:34 [urllib3.connectionpool] DEBUG: http://elasticsearch:9200 "HEAD /top HTTP/1.1" 200 0
2019-12-12 13:50:34 [elasticsearch] INFO: HEAD http://elasticsearch:9200/top [status:200 request:0.002s]
2019-12-12 13:50:34 [elasticsearch] DEBUG: > None
2019-12-12 13:50:34 [elasticsearch] DEBUG: < 
2019-12-12 13:50:34 [urllib3.connectionpool] DEBUG: http://elasticsearch:9200 "POST /top/_doc/4526 HTTP/1.1" 200 160
2019-12-12 13:50:34 [elasticsearch] INFO: POST http://elasticsearch:9200/top/_doc/4526 [status:200 request:0.021s]
2019-12-12 13:50:34 [elasticsearch] DEBUG: > {"title":"比尔盖茨客串美剧","description_content":"137.3万","update_at":1576158634701}
2019-12-12 13:50:34 [elasticsearch] DEBUG: < {"_index":"top","_type":"_doc","_id":"4526","_version":72,"result":"updated","_shards":{"total":2,"successful":1,"failed":0},"_seq_no":110396,"_primary_term":1}
2019-12-12 13:50:34 [urllib3.connectionpool] DEBUG: Starting new HTTP connection (1): elasticsearch:9200
2019-12-12 13:50:34 [urllib3.connectionpool] DEBUG: http://elasticsearch:9200 "HEAD /top HTTP/1.1" 200 0
2019-12-12 13:50:34 [elasticsearch] INFO: HEAD http://elasticsearch:9200/top [status:200 request:0.002s]
2019-12-12 13:50:34 [elasticsearch] DEBUG: > None
2019-12-12 13:50:34 [elasticsearch] DEBUG: < 
2019-12-12 13:50:34 [urllib3.connectionpool] DEBUG: http://elasticsearch:9200 "POST /top/_doc/2295 HTTP/1.1" 200 161
2019-12-12 13:50:34 [elasticsearch] INFO: POST http://elasticsearch:9200/top/_doc/2295 [status:200 request:0.022s]
2019-12-12 13:50:34 [elasticsearch] DEBUG: > {"title":"霍启刚罕见晒儿女","description_content":"134.2万","update_at":1576158634701}
2019-12-12 13:50:34 [elasticsearch] DEBUG: < {"_index":"top","_type":"_doc","_id":"2295","_version":122,"result":"updated","_shards":{"total":2,"successful":1,"failed":0},"_seq_no":110397,"_primary_term":1}
2019-12-12 13:50:34 [urllib3.connectionpool] DEBUG: Starting new HTTP connection (1): elasticsearch:9200
2019-12-12 13:50:34 [urllib3.connectionpool] DEBUG: http://elasticsearch:9200 "HEAD /top HTTP/1.1" 200 0
2019-12-12 13:50:34 [elasticsearch] INFO: HEAD http://elasticsearch:9200/top [status:200 request:0.002s]
2019-12-12 13:50:34 [elasticsearch] DEBUG: > None
2019-12-12 13:50:34 [elasticsearch] DEBUG: < 
2019-12-12 13:50:34 [urllib3.connectionpool] DEBUG: http://elasticsearch:9200 "POST /top/_doc/4747 HTTP/1.1" 200 160
2019-12-12 13:50:34 [elasticsearch] INFO: POST http://elasticsearch:9200/top/_doc/4747 [status:200 request:0.021s]
2019-12-12 13:50:34 [elasticsearch] DEBUG: > {"title":"范丞丞粉色头发","description_content":"112.5万","update_at":1576158634701}
2019-12-12 13:50:34 [elasticsearch] DEBUG: < {"_index":"top","_type":"_doc","_id":"4747","_version":32,"result":"updated","_shards":{"total":2,"successful":1,"failed":0},"_seq_no":110398,"_primary_term":1}
2019-12-12 13:50:34 [urllib3.connectionpool] DEBUG: Starting new HTTP connection (1): elasticsearch:9200
2019-12-12 13:50:34 [urllib3.connectionpool] DEBUG: http://elasticsearch:9200 "HEAD /top HTTP/1.1" 200 0
2019-12-12 13:50:34 [elasticsearch] INFO: HEAD http://elasticsearch:9200/top [status:200 request:0.002s]
2019-12-12 13:50:34 [elasticsearch] DEBUG: > None
2019-12-12 13:50:34 [elasticsearch] DEBUG: < 
2019-12-12 13:50:34 [urllib3.connectionpool] DEBUG: http://elasticsearch:9200 "POST /top/_doc/4612 HTTP/1.1" 200 160
2019-12-12 13:50:34 [elasticsearch] INFO: POST http://elasticsearch:9200/top/_doc/4612 [status:200 request:0.020s]
2019-12-12 13:50:34 [elasticsearch] DEBUG: > {"title":"武圣关公回归定档","description_content":"111.8万","update_at":1576158634701}
2019-12-12 13:50:34 [elasticsearch] DEBUG: < {"_index":"top","_type":"_doc","_id":"4612","_version":54,"result":"updated","_shards":{"total":2,"successful":1,"failed":0},"_seq_no":110399,"_primary_term":1}
2019-12-12 13:50:34 [urllib3.connectionpool] DEBUG: Starting new HTTP connection (1): elasticsearch:9200
2019-12-12 13:50:34 [urllib3.connectionpool] DEBUG: http://elasticsearch:9200 "HEAD /top HTTP/1.1" 200 0
2019-12-12 13:50:34 [elasticsearch] INFO: HEAD http://elasticsearch:9200/top [status:200 request:0.002s]
2019-12-12 13:50:34 [elasticsearch] DEBUG: > None
2019-12-12 13:50:34 [elasticsearch] DEBUG: < 
2019-12-12 13:50:34 [urllib3.connectionpool] DEBUG: http://elasticsearch:9200 "POST /top/_doc/3044 HTTP/1.1" 200 161
2019-12-12 13:50:34 [elasticsearch] INFO: POST http://elasticsearch:9200/top/_doc/3044 [status:200 request:0.019s]
2019-12-12 13:50:34 [elasticsearch] DEBUG: > {"title":"汇源果汁或将退市","description_content":"106.0万","update_at":1576158634701}
2019-12-12 13:50:34 [elasticsearch] DEBUG: < {"_index":"top","_type":"_doc","_id":"3044","_version":152,"result":"updated","_shards":{"total":2,"successful":1,"failed":0},"_seq_no":110400,"_primary_term":1}
2019-12-12 13:50:34 [urllib3.connectionpool] DEBUG: Starting new HTTP connection (1): elasticsearch:9200
2019-12-12 13:50:34 [urllib3.connectionpool] DEBUG: http://elasticsearch:9200 "HEAD /top HTTP/1.1" 200 0
2019-12-12 13:50:34 [elasticsearch] INFO: HEAD http://elasticsearch:9200/top [status:200 request:0.001s]
2019-12-12 13:50:34 [elasticsearch] DEBUG: > None
2019-12-12 13:50:34 [elasticsearch] DEBUG: < 
2019-12-12 13:50:34 [urllib3.connectionpool] DEBUG: http://elasticsearch:9200 "POST /top/_doc/4605 HTTP/1.1" 200 160
2019-12-12 13:50:34 [elasticsearch] INFO: POST http://elasticsearch:9200/top/_doc/4605 [status:200 request:0.019s]
2019-12-12 13:50:34 [elasticsearch] DEBUG: > {"title":"俄罗斯航母起火","description_content":"101.7万","update_at":1576158634701}
2019-12-12 13:50:34 [elasticsearch] DEBUG: < {"_index":"top","_type":"_doc","_id":"4605","_version":56,"result":"updated","_shards":{"total":2,"successful":1,"failed":0},"_seq_no":110401,"_primary_term":1}
2019-12-12 13:50:34 [urllib3.connectionpool] DEBUG: Starting new HTTP connection (1): elasticsearch:9200
2019-12-12 13:50:34 [urllib3.connectionpool] DEBUG: http://elasticsearch:9200 "HEAD /top HTTP/1.1" 200 0
2019-12-12 13:50:34 [elasticsearch] INFO: HEAD http://elasticsearch:9200/top [status:200 request:0.002s]
2019-12-12 13:50:34 [elasticsearch] DEBUG: > None
2019-12-12 13:50:34 [elasticsearch] DEBUG: < 
2019-12-12 13:50:34 [urllib3.connectionpool] DEBUG: http://elasticsearch:9200 "POST /top/_doc/2288 HTTP/1.1" 200 161
2019-12-12 13:50:34 [elasticsearch] INFO: POST http://elasticsearch:9200/top/_doc/2288 [status:200 request:0.019s]
2019-12-12 13:50:34 [elasticsearch] DEBUG: > {"title":"宋祖儿回应恋情","description_content":"98.5万","update_at":1576158634701}
2019-12-12 13:50:34 [elasticsearch] DEBUG: < {"_index":"top","_type":"_doc","_id":"2288","_version":155,"result":"updated","_shards":{"total":2,"successful":1,"failed":0},"_seq_no":110402,"_primary_term":1}
2019-12-12 13:50:34 [urllib3.connectionpool] DEBUG: Starting new HTTP connection (1): elasticsearch:9200
2019-12-12 13:50:34 [urllib3.connectionpool] DEBUG: http://elasticsearch:9200 "HEAD /top HTTP/1.1" 200 0
2019-12-12 13:50:34 [elasticsearch] INFO: HEAD http://elasticsearch:9200/top [status:200 request:0.002s]
2019-12-12 13:50:34 [elasticsearch] DEBUG: > None
2019-12-12 13:50:34 [elasticsearch] DEBUG: < 
2019-12-12 13:50:34 [urllib3.connectionpool] DEBUG: Starting new HTTP connection (1): elasticsearch:9200
2019-12-12 13:50:34 [urllib3.connectionpool] DEBUG: http://elasticsearch:9200 "POST /top/_doc/2279 HTTP/1.1" 200 161
2019-12-12 13:50:34 [elasticsearch] INFO: POST http://elasticsearch:9200/top/_doc/2279 [status:200 request:0.022s]
2019-12-12 13:50:34 [elasticsearch] DEBUG: > {"title":"山西中学禁止网购","description_content":"95.1万","update_at":1576158634701}
2019-12-12 13:50:34 [elasticsearch] DEBUG: < {"_index":"top","_type":"_doc","_id":"2279","_version":145,"result":"updated","_shards":{"total":2,"successful":1,"failed":0},"_seq_no":110403,"_primary_term":1}
2019-12-12 13:50:34 [urllib3.connectionpool] DEBUG: http://elasticsearch:9200 "HEAD /top HTTP/1.1" 200 0
2019-12-12 13:50:34 [elasticsearch] INFO: HEAD http://elasticsearch:9200/top [status:200 request:0.003s]
2019-12-12 13:50:34 [elasticsearch] DEBUG: > None
2019-12-12 13:50:34 [elasticsearch] DEBUG: < 
2019-12-12 13:50:34 [urllib3.connectionpool] DEBUG: http://elasticsearch:9200 "POST /top/_doc/2299 HTTP/1.1" 200 161
2019-12-12 13:50:34 [elasticsearch] INFO: POST http://elasticsearch:9200/top/_doc/2299 [status:200 request:0.023s]
2019-12-12 13:50:34 [elasticsearch] DEBUG: > {"title":"WTO最高法院瘫痪","description_content":"90.7万","update_at":1576158634701}
2019-12-12 13:50:34 [elasticsearch] DEBUG: < {"_index":"top","_type":"_doc","_id":"2299","_version":154,"result":"updated","_shards":{"total":2,"successful":1,"failed":0},"_seq_no":110404,"_primary_term":1}
2019-12-12 13:50:34 [urllib3.connectionpool] DEBUG: Starting new HTTP connection (1): elasticsearch:9200
2019-12-12 13:50:34 [urllib3.connectionpool] DEBUG: http://elasticsearch:9200 "HEAD /top HTTP/1.1" 200 0
2019-12-12 13:50:34 [elasticsearch] INFO: HEAD http://elasticsearch:9200/top [status:200 request:0.002s]
2019-12-12 13:50:34 [elasticsearch] DEBUG: > None
2019-12-12 13:50:34 [elasticsearch] DEBUG: < 
2019-12-12 13:50:34 [urllib3.connectionpool] DEBUG: http://elasticsearch:9200 "POST /top/_doc/3207 HTTP/1.1" 200 160
2019-12-12 13:50:34 [elasticsearch] INFO: POST http://elasticsearch:9200/top/_doc/3207 [status:200 request:0.022s]
2019-12-12 13:50:34 [elasticsearch] DEBUG: > {"title":"英首相给居民送奶","description_content":"89.5万","update_at":1576158634701}
2019-12-12 13:50:34 [elasticsearch] DEBUG: < {"_index":"top","_type":"_doc","_id":"3207","_version":83,"result":"updated","_shards":{"total":2,"successful":1,"failed":0},"_seq_no":110405,"_primary_term":1}
2019-12-12 13:50:34 [urllib3.connectionpool] DEBUG: Starting new HTTP connection (1): elasticsearch:9200
2019-12-12 13:50:34 [urllib3.connectionpool] DEBUG: http://elasticsearch:9200 "HEAD /top HTTP/1.1" 200 0
2019-12-12 13:50:34 [elasticsearch] INFO: HEAD http://elasticsearch:9200/top [status:200 request:0.002s]
2019-12-12 13:50:34 [elasticsearch] DEBUG: > None
2019-12-12 13:50:34 [elasticsearch] DEBUG: < 
2019-12-12 13:50:34 [urllib3.connectionpool] DEBUG: http://elasticsearch:9200 "POST /top/_doc/2296 HTTP/1.1" 200 161
2019-12-12 13:50:34 [elasticsearch] INFO: POST http://elasticsearch:9200/top/_doc/2296 [status:200 request:0.024s]
2019-12-12 13:50:34 [elasticsearch] DEBUG: > {"title":"湖北献血大王去世","description_content":"89.1万","update_at":1576158634701}
2019-12-12 13:50:34 [elasticsearch] DEBUG: < {"_index":"top","_type":"_doc","_id":"2296","_version":155,"result":"updated","_shards":{"total":2,"successful":1,"failed":0},"_seq_no":110406,"_primary_term":1}
2019-12-12 13:50:34 [urllib3.connectionpool] DEBUG: Starting new HTTP connection (1): elasticsearch:9200
2019-12-12 13:50:34 [urllib3.connectionpool] DEBUG: http://elasticsearch:9200 "HEAD /top HTTP/1.1" 200 0
2019-12-12 13:50:34 [elasticsearch] INFO: HEAD http://elasticsearch:9200/top [status:200 request:0.003s]
2019-12-12 13:50:34 [elasticsearch] DEBUG: > None
2019-12-12 13:50:34 [elasticsearch] DEBUG: < 
2019-12-12 13:50:34 [urllib3.connectionpool] DEBUG: http://elasticsearch:9200 "POST /top/_doc/4305 HTTP/1.1" 200 160
2019-12-12 13:50:34 [elasticsearch] INFO: POST http://elasticsearch:9200/top/_doc/4305 [status:200 request:0.024s]
2019-12-12 13:50:34 [elasticsearch] DEBUG: > {"title":"中国火星天团亮相","description_content":"86.9万","update_at":1576158634701}
2019-12-12 13:50:34 [elasticsearch] DEBUG: < {"_index":"top","_type":"_doc","_id":"4305","_version":40,"result":"updated","_shards":{"total":2,"successful":1,"failed":0},"_seq_no":110407,"_primary_term":1}
2019-12-12 13:50:34 [urllib3.connectionpool] DEBUG: Starting new HTTP connection (1): elasticsearch:9200
2019-12-12 13:50:34 [urllib3.connectionpool] DEBUG: http://elasticsearch:9200 "HEAD /top HTTP/1.1" 200 0
2019-12-12 13:50:34 [elasticsearch] INFO: HEAD http://elasticsearch:9200/top [status:200 request:0.003s]
2019-12-12 13:50:34 [elasticsearch] DEBUG: > None
2019-12-12 13:50:34 [elasticsearch] DEBUG: < 
2019-12-12 13:50:34 [urllib3.connectionpool] DEBUG: http://elasticsearch:9200 "POST /top/_doc/4613 HTTP/1.1" 200 160
2019-12-12 13:50:34 [elasticsearch] INFO: POST http://elasticsearch:9200/top/_doc/4613 [status:200 request:0.024s]
2019-12-12 13:50:34 [elasticsearch] DEBUG: > {"title":"广厦男篮被罚100万","description_content":"85.4万","update_at":1576158634701}
2019-12-12 13:50:34 [elasticsearch] DEBUG: < {"_index":"top","_type":"_doc","_id":"4613","_version":54,"result":"updated","_shards":{"total":2,"successful":1,"failed":0},"_seq_no":110408,"_primary_term":1}
2019-12-12 13:50:34 [urllib3.connectionpool] DEBUG: Starting new HTTP connection (1): elasticsearch:9200
2019-12-12 13:50:34 [urllib3.connectionpool] DEBUG: http://elasticsearch:9200 "HEAD /top HTTP/1.1" 200 0
2019-12-12 13:50:34 [elasticsearch] INFO: HEAD http://elasticsearch:9200/top [status:200 request:0.003s]
2019-12-12 13:50:34 [elasticsearch] DEBUG: > None
2019-12-12 13:50:34 [elasticsearch] DEBUG: < 
2019-12-12 13:50:34 [urllib3.connectionpool] DEBUG: http://elasticsearch:9200 "POST /top/_doc/2289 HTTP/1.1" 200 161
2019-12-12 13:50:34 [elasticsearch] INFO: POST http://elasticsearch:9200/top/_doc/2289 [status:200 request:0.024s]
2019-12-12 13:50:34 [elasticsearch] DEBUG: > {"title":"34岁扶贫干部殉职","description_content":"83.6万","update_at":1576158634701}
2019-12-12 13:50:34 [elasticsearch] DEBUG: < {"_index":"top","_type":"_doc","_id":"2289","_version":141,"result":"updated","_shards":{"total":2,"successful":1,"failed":0},"_seq_no":110409,"_primary_term":1}
2019-12-12 13:50:34 [urllib3.connectionpool] DEBUG: Starting new HTTP connection (1): elasticsearch:9200
2019-12-12 13:50:34 [urllib3.connectionpool] DEBUG: http://elasticsearch:9200 "HEAD /top HTTP/1.1" 200 0
2019-12-12 13:50:34 [elasticsearch] INFO: HEAD http://elasticsearch:9200/top [status:200 request:0.002s]
2019-12-12 13:50:34 [elasticsearch] DEBUG: > None
2019-12-12 13:50:34 [elasticsearch] DEBUG: < 
2019-12-12 13:50:34 [urllib3.connectionpool] DEBUG: http://elasticsearch:9200 "POST /top/_doc/3368 HTTP/1.1" 200 161
2019-12-12 13:50:34 [elasticsearch] INFO: POST http://elasticsearch:9200/top/_doc/3368 [status:200 request:0.021s]
2019-12-12 13:50:34 [elasticsearch] DEBUG: > {"title":"北京工地高坠事故","description_content":"83.3万","update_at":1576158634701}
2019-12-12 13:50:34 [elasticsearch] DEBUG: < {"_index":"top","_type":"_doc","_id":"3368","_version":128,"result":"updated","_shards":{"total":2,"successful":1,"failed":0},"_seq_no":110410,"_primary_term":1}
2019-12-12 13:50:34 [urllib3.connectionpool] DEBUG: Starting new HTTP connection (1): elasticsearch:9200
2019-12-12 13:50:34 [urllib3.connectionpool] DEBUG: http://elasticsearch:9200 "HEAD /top HTTP/1.1" 200 0
2019-12-12 13:50:34 [elasticsearch] INFO: HEAD http://elasticsearch:9200/top [status:200 request:0.002s]
2019-12-12 13:50:34 [elasticsearch] DEBUG: > None
2019-12-12 13:50:34 [elasticsearch] DEBUG: < 
2019-12-12 13:50:34 [urllib3.connectionpool] DEBUG: http://elasticsearch:9200 "POST /top/_doc/2280 HTTP/1.1" 200 160
2019-12-12 13:50:34 [elasticsearch] INFO: POST http://elasticsearch:9200/top/_doc/2280 [status:200 request:0.021s]
2019-12-12 13:50:34 [elasticsearch] DEBUG: > {"title":"漫威关闭电视部门","description_content":"80.3万","update_at":1576158634701}
2019-12-12 13:50:34 [elasticsearch] DEBUG: < {"_index":"top","_type":"_doc","_id":"2280","_version":90,"result":"updated","_shards":{"total":2,"successful":1,"failed":0},"_seq_no":110411,"_primary_term":1}
2019-12-12 13:50:34 [urllib3.connectionpool] DEBUG: Starting new HTTP connection (1): elasticsearch:9200
2019-12-12 13:50:34 [urllib3.connectionpool] DEBUG: http://elasticsearch:9200 "HEAD /top HTTP/1.1" 200 0
2019-12-12 13:50:34 [elasticsearch] INFO: HEAD http://elasticsearch:9200/top [status:200 request:0.002s]
2019-12-12 13:50:34 [elasticsearch] DEBUG: > None
2019-12-12 13:50:34 [elasticsearch] DEBUG: < 
2019-12-12 13:50:34 [urllib3.connectionpool] DEBUG: http://elasticsearch:9200 "POST /top/_doc/2293 HTTP/1.1" 200 161
2019-12-12 13:50:34 [elasticsearch] INFO: POST http://elasticsearch:9200/top/_doc/2293 [status:200 request:0.021s]
2019-12-12 13:50:34 [elasticsearch] DEBUG: > {"title":"春运首日车票开抢","description_content":"78.0万","update_at":1576158634701}
2019-12-12 13:50:34 [elasticsearch] DEBUG: < {"_index":"top","_type":"_doc","_id":"2293","_version":155,"result":"updated","_shards":{"total":2,"successful":1,"failed":0},"_seq_no":110412,"_primary_term":1}
2019-12-12 13:50:34 [urllib3.connectionpool] DEBUG: Starting new HTTP connection (1): elasticsearch:9200
2019-12-12 13:50:34 [urllib3.connectionpool] DEBUG: http://elasticsearch:9200 "HEAD /top HTTP/1.1" 200 0
2019-12-12 13:50:34 [elasticsearch] INFO: HEAD http://elasticsearch:9200/top [status:200 request:0.002s]
2019-12-12 13:50:34 [elasticsearch] DEBUG: > None
2019-12-12 13:50:34 [elasticsearch] DEBUG: < 
2019-12-12 13:50:34 [urllib3.connectionpool] DEBUG: http://elasticsearch:9200 "POST /top/_doc/2301 HTTP/1.1" 200 161
2019-12-12 13:50:34 [elasticsearch] INFO: POST http://elasticsearch:9200/top/_doc/2301 [status:200 request:0.023s]
2019-12-12 13:50:34 [elasticsearch] DEBUG: > {"title":"湖人魔术冲突","description_content":"72.5万","update_at":1576158634701}
2019-12-12 13:50:34 [elasticsearch] DEBUG: < {"_index":"top","_type":"_doc","_id":"2301","_version":143,"result":"updated","_shards":{"total":2,"successful":1,"failed":0},"_seq_no":110413,"_primary_term":1}
2019-12-12 13:50:34 [urllib3.connectionpool] DEBUG: Starting new HTTP connection (1): elasticsearch:9200
2019-12-12 13:50:34 [urllib3.connectionpool] DEBUG: http://elasticsearch:9200 "HEAD /top HTTP/1.1" 200 0
2019-12-12 13:50:34 [elasticsearch] INFO: HEAD http://elasticsearch:9200/top [status:200 request:0.003s]
2019-12-12 13:50:34 [elasticsearch] DEBUG: > None
2019-12-12 13:50:34 [elasticsearch] DEBUG: < 
2019-12-12 13:50:34 [urllib3.connectionpool] DEBUG: http://elasticsearch:9200 "POST /top/_doc/4525 HTTP/1.1" 200 160
2019-12-12 13:50:34 [elasticsearch] INFO: POST http://elasticsearch:9200/top/_doc/4525 [status:200 request:0.023s]
2019-12-12 13:50:34 [elasticsearch] DEBUG: > {"title":"四川男篮官宣换帅","description_content":"72.3万","update_at":1576158634701}
2019-12-12 13:50:34 [elasticsearch] DEBUG: < {"_index":"top","_type":"_doc","_id":"4525","_version":72,"result":"updated","_shards":{"total":2,"successful":1,"failed":0},"_seq_no":110414,"_primary_term":1}
2019-12-12 13:50:34 [urllib3.connectionpool] DEBUG: Starting new HTTP connection (1): elasticsearch:9200
2019-12-12 13:50:34 [urllib3.connectionpool] DEBUG: http://elasticsearch:9200 "HEAD /top HTTP/1.1" 200 0
2019-12-12 13:50:34 [elasticsearch] INFO: HEAD http://elasticsearch:9200/top [status:200 request:0.002s]
2019-12-12 13:50:34 [elasticsearch] DEBUG: > None
2019-12-12 13:50:34 [elasticsearch] DEBUG: < 
2019-12-12 13:50:34 [urllib3.connectionpool] DEBUG: http://elasticsearch:9200 "POST /top/_doc/2282 HTTP/1.1" 200 161
2019-12-12 13:50:34 [elasticsearch] INFO: POST http://elasticsearch:9200/top/_doc/2282 [status:200 request:0.021s]
2019-12-12 13:50:34 [elasticsearch] DEBUG: > {"title":"中国航母女司机","description_content":"72.0万","update_at":1576158634701}
2019-12-12 13:50:34 [elasticsearch] DEBUG: < {"_index":"top","_type":"_doc","_id":"2282","_version":139,"result":"updated","_shards":{"total":2,"successful":1,"failed":0},"_seq_no":110415,"_primary_term":1}
2019-12-12 13:50:34 [urllib3.connectionpool] DEBUG: Starting new HTTP connection (1): elasticsearch:9200
2019-12-12 13:50:34 [urllib3.connectionpool] DEBUG: http://elasticsearch:9200 "HEAD /top HTTP/1.1" 200 0
2019-12-12 13:50:34 [elasticsearch] INFO: HEAD http://elasticsearch:9200/top [status:200 request:0.003s]
2019-12-12 13:50:34 [elasticsearch] DEBUG: > None
2019-12-12 13:50:34 [elasticsearch] DEBUG: < 
2019-12-12 13:50:34 [urllib3.connectionpool] DEBUG: http://elasticsearch:9200 "POST /top/_doc/2996 HTTP/1.1" 200 161
2019-12-12 13:50:35 [elasticsearch] INFO: POST http://elasticsearch:9200/top/_doc/2996 [status:200 request:0.022s]
2019-12-12 13:50:35 [elasticsearch] DEBUG: > {"title":"袁姗姗拍戏坠马","description_content":"67.2万","update_at":1576158634701}
2019-12-12 13:50:35 [elasticsearch] DEBUG: < {"_index":"top","_type":"_doc","_id":"2996","_version":147,"result":"updated","_shards":{"total":2,"successful":1,"failed":0},"_seq_no":110416,"_primary_term":1}
2019-12-12 13:50:35 [urllib3.connectionpool] DEBUG: Starting new HTTP connection (1): elasticsearch:9200
2019-12-12 13:50:35 [urllib3.connectionpool] DEBUG: http://elasticsearch:9200 "HEAD /top HTTP/1.1" 200 0
2019-12-12 13:50:35 [elasticsearch] INFO: HEAD http://elasticsearch:9200/top [status:200 request:0.002s]
2019-12-12 13:50:35 [elasticsearch] DEBUG: > None
2019-12-12 13:50:35 [elasticsearch] DEBUG: < 
2019-12-12 13:50:35 [urllib3.connectionpool] DEBUG: http://elasticsearch:9200 "POST /top/_doc/2292 HTTP/1.1" 200 161
2019-12-12 13:50:35 [elasticsearch] INFO: POST http://elasticsearch:9200/top/_doc/2292 [status:200 request:0.022s]
2019-12-12 13:50:35 [elasticsearch] DEBUG: > {"title":"诺奖最年长得主","description_content":"65.5万","update_at":1576158634701}
2019-12-12 13:50:35 [elasticsearch] DEBUG: < {"_index":"top","_type":"_doc","_id":"2292","_version":115,"result":"updated","_shards":{"total":2,"successful":1,"failed":0},"_seq_no":110417,"_primary_term":1}
2019-12-12 13:50:35 [urllib3.connectionpool] DEBUG: Starting new HTTP connection (1): elasticsearch:9200
2019-12-12 13:50:35 [urllib3.connectionpool] DEBUG: http://elasticsearch:9200 "HEAD /top HTTP/1.1" 200 0
2019-12-12 13:50:35 [elasticsearch] INFO: HEAD http://elasticsearch:9200/top [status:200 request:0.003s]
2019-12-12 13:50:35 [elasticsearch] DEBUG: > None
2019-12-12 13:50:35 [elasticsearch] DEBUG: < 
2019-12-12 13:50:35 [urllib3.connectionpool] DEBUG: http://elasticsearch:9200 "POST /top/_doc/2276 HTTP/1.1" 200 161
2019-12-12 13:50:35 [elasticsearch] INFO: POST http://elasticsearch:9200/top/_doc/2276 [status:200 request:0.024s]
2019-12-12 13:50:35 [elasticsearch] DEBUG: > {"title":"抚顺石油二厂起火","description_content":"64.3万","update_at":1576158634701}
2019-12-12 13:50:35 [elasticsearch] DEBUG: < {"_index":"top","_type":"_doc","_id":"2276","_version":155,"result":"updated","_shards":{"total":2,"successful":1,"failed":0},"_seq_no":110418,"_primary_term":1}
2019-12-12 13:50:35 [urllib3.connectionpool] DEBUG: Starting new HTTP connection (1): elasticsearch:9200
2019-12-12 13:50:35 [urllib3.connectionpool] DEBUG: http://elasticsearch:9200 "HEAD /top HTTP/1.1" 200 0
2019-12-12 13:50:35 [elasticsearch] INFO: HEAD http://elasticsearch:9200/top [status:200 request:0.002s]
2019-12-12 13:50:35 [elasticsearch] DEBUG: > None
2019-12-12 13:50:35 [elasticsearch] DEBUG: < 
2019-12-12 13:50:35 [urllib3.connectionpool] DEBUG: http://elasticsearch:9200 "POST /top/_doc/2307 HTTP/1.1" 200 161
2019-12-12 13:50:35 [elasticsearch] INFO: POST http://elasticsearch:9200/top/_doc/2307 [status:200 request:0.023s]
2019-12-12 13:50:35 [elasticsearch] DEBUG: > {"title":"首颗5G卫星出厂","description_content":"63.7万","update_at":1576158634701}
2019-12-12 13:50:35 [elasticsearch] DEBUG: < {"_index":"top","_type":"_doc","_id":"2307","_version":131,"result":"updated","_shards":{"total":2,"successful":1,"failed":0},"_seq_no":110419,"_primary_term":1}
2019-12-12 13:50:35 [urllib3.connectionpool] DEBUG: Starting new HTTP connection (1): elasticsearch:9200
2019-12-12 13:50:35 [urllib3.connectionpool] DEBUG: http://elasticsearch:9200 "HEAD /top HTTP/1.1" 200 0
2019-12-12 13:50:35 [elasticsearch] INFO: HEAD http://elasticsearch:9200/top [status:200 request:0.002s]
2019-12-12 13:50:35 [elasticsearch] DEBUG: > None
2019-12-12 13:50:35 [elasticsearch] DEBUG: < 
2019-12-12 13:50:35 [urllib3.connectionpool] DEBUG: http://elasticsearch:9200 "POST /top/_doc/3208 HTTP/1.1" 200 161
2019-12-12 13:50:35 [elasticsearch] INFO: POST http://elasticsearch:9200/top/_doc/3208 [status:200 request:0.023s]
2019-12-12 13:50:35 [elasticsearch] DEBUG: > {"title":"明星被点名批评","description_content":"62.3万","update_at":1576158634701}
2019-12-12 13:50:35 [elasticsearch] DEBUG: < {"_index":"top","_type":"_doc","_id":"3208","_version":142,"result":"updated","_shards":{"total":2,"successful":1,"failed":0},"_seq_no":110420,"_primary_term":1}
2019-12-12 13:50:35 [urllib3.connectionpool] DEBUG: Starting new HTTP connection (1): elasticsearch:9200
2019-12-12 13:50:35 [urllib3.connectionpool] DEBUG: http://elasticsearch:9200 "HEAD /top HTTP/1.1" 200 0
2019-12-12 13:50:35 [elasticsearch] INFO: HEAD http://elasticsearch:9200/top [status:200 request:0.002s]
2019-12-12 13:50:35 [elasticsearch] DEBUG: > None
2019-12-12 13:50:35 [elasticsearch] DEBUG: < 
2019-12-12 13:50:35 [urllib3.connectionpool] DEBUG: Starting new HTTP connection (1): elasticsearch:9200
2019-12-12 13:50:35 [urllib3.connectionpool] DEBUG: http://elasticsearch:9200 "POST /top/_doc/2305 HTTP/1.1" 200 161
2019-12-12 13:50:35 [elasticsearch] INFO: POST http://elasticsearch:9200/top/_doc/2305 [status:200 request:0.022s]
2019-12-12 13:50:35 [elasticsearch] DEBUG: > {"title":"河北车辆连环相撞","description_content":"56.7万","update_at":1576158634701}
2019-12-12 13:50:35 [elasticsearch] DEBUG: < {"_index":"top","_type":"_doc","_id":"2305","_version":147,"result":"updated","_shards":{"total":2,"successful":1,"failed":0},"_seq_no":110421,"_primary_term":1}
2019-12-12 13:50:35 [urllib3.connectionpool] DEBUG: http://elasticsearch:9200 "HEAD /top HTTP/1.1" 200 0
2019-12-12 13:50:35 [elasticsearch] INFO: HEAD http://elasticsearch:9200/top [status:200 request:0.003s]
2019-12-12 13:50:35 [elasticsearch] DEBUG: > None
2019-12-12 13:50:35 [elasticsearch] DEBUG: < 
2019-12-12 13:50:35 [urllib3.connectionpool] DEBUG: http://elasticsearch:9200 "POST /top/_doc/2999 HTTP/1.1" 200 161
2019-12-12 13:50:35 [elasticsearch] INFO: POST http://elasticsearch:9200/top/_doc/2999 [status:200 request:0.020s]
2019-12-12 13:50:35 [elasticsearch] DEBUG: > {"title":"袁咏仪帮儿子澄清","description_content":"53.0万","update_at":1576158634701}
2019-12-12 13:50:35 [elasticsearch] DEBUG: < {"_index":"top","_type":"_doc","_id":"2999","_version":145,"result":"updated","_shards":{"total":2,"successful":1,"failed":0},"_seq_no":110422,"_primary_term":1}
2019-12-12 13:50:35 [urllib3.connectionpool] DEBUG: Starting new HTTP connection (1): elasticsearch:9200
2019-12-12 13:50:35 [urllib3.connectionpool] DEBUG: http://elasticsearch:9200 "HEAD /top HTTP/1.1" 200 0
2019-12-12 13:50:35 [elasticsearch] INFO: HEAD http://elasticsearch:9200/top [status:200 request:0.002s]
2019-12-12 13:50:35 [elasticsearch] DEBUG: > None
2019-12-12 13:50:35 [elasticsearch] DEBUG: < 
2019-12-12 13:50:35 [urllib3.connectionpool] DEBUG: http://elasticsearch:9200 "POST /top/_doc/2274 HTTP/1.1" 200 161
2019-12-12 13:50:35 [elasticsearch] INFO: POST http://elasticsearch:9200/top/_doc/2274 [status:200 request:0.020s]
2019-12-12 13:50:35 [elasticsearch] DEBUG: > {"title":"陈一冰回怼恶评","description_content":"50.6万","update_at":1576158634701}
2019-12-12 13:50:35 [elasticsearch] DEBUG: < {"_index":"top","_type":"_doc","_id":"2274","_version":132,"result":"updated","_shards":{"total":2,"successful":1,"failed":0},"_seq_no":110423,"_primary_term":1}
2019-12-12 13:50:35 [urllib3.connectionpool] DEBUG: Starting new HTTP connection (1): elasticsearch:9200
2019-12-12 13:50:35 [urllib3.connectionpool] DEBUG: http://elasticsearch:9200 "HEAD /top HTTP/1.1" 200 0
2019-12-12 13:50:35 [elasticsearch] INFO: HEAD http://elasticsearch:9200/top [status:200 request:0.002s]
2019-12-12 13:50:35 [elasticsearch] DEBUG: > None
2019-12-12 13:50:35 [elasticsearch] DEBUG: < 
2019-12-12 13:50:35 [urllib3.connectionpool] DEBUG: http://elasticsearch:9200 "POST /top/_doc/2313 HTTP/1.1" 200 161
2019-12-12 13:50:35 [elasticsearch] INFO: POST http://elasticsearch:9200/top/_doc/2313 [status:200 request:0.020s]
2019-12-12 13:50:35 [elasticsearch] DEBUG: > {"title":"朱丹叫错陈立农","description_content":"49.1万","update_at":1576158634701}
2019-12-12 13:50:35 [elasticsearch] DEBUG: < {"_index":"top","_type":"_doc","_id":"2313","_version":155,"result":"updated","_shards":{"total":2,"successful":1,"failed":0},"_seq_no":110424,"_primary_term":1}
2019-12-12 13:50:35 [urllib3.connectionpool] DEBUG: Starting new HTTP connection (1): elasticsearch:9200
2019-12-12 13:50:35 [urllib3.connectionpool] DEBUG: http://elasticsearch:9200 "HEAD /top HTTP/1.1" 200 0
2019-12-12 13:50:35 [elasticsearch] INFO: HEAD http://elasticsearch:9200/top [status:200 request:0.003s]
2019-12-12 13:50:35 [elasticsearch] DEBUG: > None
2019-12-12 13:50:35 [elasticsearch] DEBUG: < 
2019-12-12 13:50:35 [urllib3.connectionpool] DEBUG: http://elasticsearch:9200 "POST /top/_doc/4484 HTTP/1.1" 200 160
2019-12-12 13:50:35 [elasticsearch] INFO: POST http://elasticsearch:9200/top/_doc/4484 [status:200 request:0.020s]
2019-12-12 13:50:35 [elasticsearch] DEBUG: > {"title":"吉娜为婆婆庆生","description_content":"45.8万","update_at":1576158634701}
2019-12-12 13:50:35 [elasticsearch] DEBUG: < {"_index":"top","_type":"_doc","_id":"4484","_version":78,"result":"updated","_shards":{"total":2,"successful":1,"failed":0},"_seq_no":110425,"_primary_term":1}
2019-12-12 13:50:35 [urllib3.connectionpool] DEBUG: Starting new HTTP connection (1): elasticsearch:9200
2019-12-12 13:50:35 [urllib3.connectionpool] DEBUG: http://elasticsearch:9200 "HEAD /top HTTP/1.1" 200 0
2019-12-12 13:50:35 [elasticsearch] INFO: HEAD http://elasticsearch:9200/top [status:200 request:0.002s]
2019-12-12 13:50:35 [elasticsearch] DEBUG: > None
2019-12-12 13:50:35 [elasticsearch] DEBUG: < 
2019-12-12 13:50:35 [urllib3.connectionpool] DEBUG: http://elasticsearch:9200 "POST /top/_doc/2281 HTTP/1.1" 200 161
2019-12-12 13:50:35 [elasticsearch] INFO: POST http://elasticsearch:9200/top/_doc/2281 [status:200 request:0.021s]
2019-12-12 13:50:35 [elasticsearch] DEBUG: > {"title":"释小龙开豪车","description_content":"45.7万","update_at":1576158634701}
2019-12-12 13:50:35 [elasticsearch] DEBUG: < {"_index":"top","_type":"_doc","_id":"2281","_version":151,"result":"updated","_shards":{"total":2,"successful":1,"failed":0},"_seq_no":110426,"_primary_term":1}
2019-12-12 13:50:35 [urllib3.connectionpool] DEBUG: http://elasticsearch:9200 "POST /top/_doc/2306 HTTP/1.1" 200 161
2019-12-12 13:50:35 [elasticsearch] INFO: POST http://elasticsearch:9200/top/_doc/2306 [status:200 request:0.018s]
2019-12-12 13:50:35 [elasticsearch] DEBUG: > {"title":"eStar进军LPL","description_content":"43.1万","update_at":1576158634701}
2019-12-12 13:50:35 [elasticsearch] DEBUG: < {"_index":"top","_type":"_doc","_id":"2306","_version":153,"result":"updated","_shards":{"total":2,"successful":1,"failed":0},"_seq_no":110427,"_primary_term":1}
2019-12-12 13:50:35 [urllib3.connectionpool] DEBUG: http://elasticsearch:9200 "POST /top/_doc/2285 HTTP/1.1" 200 161
2019-12-12 13:50:35 [elasticsearch] INFO: POST http://elasticsearch:9200/top/_doc/2285 [status:200 request:0.018s]
2019-12-12 13:50:35 [elasticsearch] DEBUG: > {"title":"王思聪资产被冻结","description_content":"38.7万","update_at":1576158634701}
2019-12-12 13:50:35 [elasticsearch] DEBUG: < {"_index":"top","_type":"_doc","_id":"2285","_version":155,"result":"updated","_shards":{"total":2,"successful":1,"failed":0},"_seq_no":110428,"_primary_term":1}
2019-12-12 13:50:35 [urllib3.connectionpool] DEBUG: http://elasticsearch:9200 "POST /top/_doc/4306 HTTP/1.1" 200 161
2019-12-12 13:50:35 [elasticsearch] INFO: POST http://elasticsearch:9200/top/_doc/4306 [status:200 request:0.019s]
2019-12-12 13:50:35 [elasticsearch] DEBUG: > {"title":"梅婷晒儿女照片","description_content":"38.1万","update_at":1576158634701}
2019-12-12 13:50:35 [elasticsearch] DEBUG: < {"_index":"top","_type":"_doc","_id":"4306","_version":105,"result":"updated","_shards":{"total":2,"successful":1,"failed":0},"_seq_no":110429,"_primary_term":1}
