2019-12-12 13:45:58 [scrapy.utils.log] INFO: Scrapy 1.7.4 started (bot: spider_tophub)
2019-12-12 13:45:58 [scrapy.utils.log] INFO: Versions: lxml 4.4.1.0, libxml2 2.9.9, cssselect 1.1.0, parsel 1.5.2, w3lib 1.21.0, Twisted 19.7.0, Python 3.7.5 (default, Nov 23 2019, 05:59:34) - [GCC 8.3.0], pyOpenSSL 19.0.0 (OpenSSL 1.1.1d  10 Sep 2019), cryptography 2.8, Platform Linux-3.10.0-1062.1.2.el7.x86_64-x86_64-with-debian-10.2
2019-12-12 13:45:58 [scrapy.crawler] INFO: Overridden settings: {'BOT_NAME': 'spider_tophub', 'DOWNLOAD_DELAY': 1, 'LOG_FILE': 'logs/spider_tophub/pojie52_jinriretie/81c684181ce511ea831a0242ac1c0004.log', 'NEWSPIDER_MODULE': 'spider_tophub.spiders', 'SPIDER_MODULES': ['spider_tophub.spiders'], 'USER_AGENT': 'Mozilla/5.0 (Windows NT 10.0; Win64; x64) AppleWebKit/537.36 (KHTML, like Gecko) Chrome/77.0.3865.120 Safari/537.36'}
2019-12-12 13:45:58 [scrapy.extensions.telnet] INFO: Telnet Password: 9dcc7e4de34d6964
2019-12-12 13:45:58 [scrapy.middleware] INFO: Enabled extensions:
['scrapy.extensions.corestats.CoreStats',
 'scrapy.extensions.telnet.TelnetConsole',
 'scrapy.extensions.memusage.MemoryUsage',
 'scrapy.extensions.logstats.LogStats']
2019-12-12 13:45:58 [scrapy.middleware] INFO: Enabled downloader middlewares:
['scrapy.downloadermiddlewares.httpauth.HttpAuthMiddleware',
 'scrapy.downloadermiddlewares.downloadtimeout.DownloadTimeoutMiddleware',
 'scrapy.downloadermiddlewares.defaultheaders.DefaultHeadersMiddleware',
 'scrapy.downloadermiddlewares.useragent.UserAgentMiddleware',
 'scrapy.downloadermiddlewares.retry.RetryMiddleware',
 'scrapy.downloadermiddlewares.redirect.MetaRefreshMiddleware',
 'scrapy.downloadermiddlewares.httpcompression.HttpCompressionMiddleware',
 'scrapy.downloadermiddlewares.redirect.RedirectMiddleware',
 'scrapy.downloadermiddlewares.cookies.CookiesMiddleware',
 'scrapy.downloadermiddlewares.httpproxy.HttpProxyMiddleware',
 'scrapy.downloadermiddlewares.stats.DownloaderStats']
2019-12-12 13:45:58 [scrapy.middleware] INFO: Enabled spider middlewares:
['scrapy.spidermiddlewares.httperror.HttpErrorMiddleware',
 'scrapy.spidermiddlewares.offsite.OffsiteMiddleware',
 'scrapy.spidermiddlewares.referer.RefererMiddleware',
 'scrapy.spidermiddlewares.urllength.UrlLengthMiddleware',
 'scrapy.spidermiddlewares.depth.DepthMiddleware']
2019-12-12 13:45:58 [scrapy.middleware] INFO: Enabled item pipelines:
['spider_tophub.pipelines.MysqlTwistedPipeline']
2019-12-12 13:45:58 [scrapy.core.engine] INFO: Spider opened
2019-12-12 13:45:58 [scrapy.extensions.logstats] INFO: Crawled 0 pages (at 0 pages/min), scraped 0 items (at 0 items/min)
2019-12-12 13:45:58 [scrapy.extensions.telnet] INFO: Telnet console listening on 127.0.0.1:6023
2019-12-12 13:45:59 [scrapy.core.engine] DEBUG: Crawled (200) <GET https://www.52pojie.cn/misc.php?mod=ranklist&type=thread&view=heats&orderby=today> (referer: None)
2019-12-12 13:45:59 [scrapy.core.scraper] DEBUG: Scraped from <200 https://www.52pojie.cn/misc.php?mod=ranklist&type=thread&view=heats&orderby=today>
None
2019-12-12 13:45:59 [scrapy.core.scraper] DEBUG: Scraped from <200 https://www.52pojie.cn/misc.php?mod=ranklist&type=thread&view=heats&orderby=today>
None
2019-12-12 13:45:59 [scrapy.core.scraper] DEBUG: Scraped from <200 https://www.52pojie.cn/misc.php?mod=ranklist&type=thread&view=heats&orderby=today>
None
2019-12-12 13:45:59 [scrapy.core.scraper] DEBUG: Scraped from <200 https://www.52pojie.cn/misc.php?mod=ranklist&type=thread&view=heats&orderby=today>
None
2019-12-12 13:45:59 [scrapy.core.scraper] DEBUG: Scraped from <200 https://www.52pojie.cn/misc.php?mod=ranklist&type=thread&view=heats&orderby=today>
None
2019-12-12 13:45:59 [scrapy.core.scraper] DEBUG: Scraped from <200 https://www.52pojie.cn/misc.php?mod=ranklist&type=thread&view=heats&orderby=today>
None
2019-12-12 13:45:59 [scrapy.core.scraper] DEBUG: Scraped from <200 https://www.52pojie.cn/misc.php?mod=ranklist&type=thread&view=heats&orderby=today>
None
2019-12-12 13:45:59 [scrapy.core.scraper] DEBUG: Scraped from <200 https://www.52pojie.cn/misc.php?mod=ranklist&type=thread&view=heats&orderby=today>
None
2019-12-12 13:45:59 [scrapy.core.scraper] DEBUG: Scraped from <200 https://www.52pojie.cn/misc.php?mod=ranklist&type=thread&view=heats&orderby=today>
None
2019-12-12 13:45:59 [scrapy.core.scraper] DEBUG: Scraped from <200 https://www.52pojie.cn/misc.php?mod=ranklist&type=thread&view=heats&orderby=today>
None
2019-12-12 13:45:59 [scrapy.core.scraper] DEBUG: Scraped from <200 https://www.52pojie.cn/misc.php?mod=ranklist&type=thread&view=heats&orderby=today>
None
2019-12-12 13:45:59 [scrapy.core.scraper] DEBUG: Scraped from <200 https://www.52pojie.cn/misc.php?mod=ranklist&type=thread&view=heats&orderby=today>
None
2019-12-12 13:45:59 [scrapy.core.scraper] DEBUG: Scraped from <200 https://www.52pojie.cn/misc.php?mod=ranklist&type=thread&view=heats&orderby=today>
None
2019-12-12 13:45:59 [scrapy.core.scraper] DEBUG: Scraped from <200 https://www.52pojie.cn/misc.php?mod=ranklist&type=thread&view=heats&orderby=today>
None
2019-12-12 13:45:59 [scrapy.core.scraper] DEBUG: Scraped from <200 https://www.52pojie.cn/misc.php?mod=ranklist&type=thread&view=heats&orderby=today>
None
2019-12-12 13:45:59 [scrapy.core.engine] INFO: Closing spider (finished)
2019-12-12 13:45:59 [scrapy.statscollectors] INFO: Dumping Scrapy stats:
{'downloader/request_bytes': 352,
 'downloader/request_count': 1,
 'downloader/request_method_count/GET': 1,
 'downloader/response_bytes': 12226,
 'downloader/response_count': 1,
 'downloader/response_status_count/200': 1,
 'elapsed_time_seconds': 0.408157,
 'finish_reason': 'finished',
 'finish_time': datetime.datetime(2019, 12, 12, 13, 45, 59, 274834),
 'item_scraped_count': 15,
 'log_count/DEBUG': 16,
 'log_count/INFO': 10,
 'memusage/max': 57217024,
 'memusage/startup': 57217024,
 'response_received_count': 1,
 'scheduler/dequeued': 1,
 'scheduler/dequeued/memory': 1,
 'scheduler/enqueued': 1,
 'scheduler/enqueued/memory': 1,
 'start_time': datetime.datetime(2019, 12, 12, 13, 45, 58, 866677)}
2019-12-12 13:45:59 [scrapy.core.engine] INFO: Spider closed (finished)
2019-12-12 13:45:59 [urllib3.connectionpool] DEBUG: Starting new HTTP connection (1): elasticsearch:9200
2019-12-12 13:45:59 [urllib3.connectionpool] DEBUG: Starting new HTTP connection (1): elasticsearch:9200
2019-12-12 13:45:59 [urllib3.connectionpool] DEBUG: Starting new HTTP connection (1): elasticsearch:9200
2019-12-12 13:45:59 [urllib3.connectionpool] DEBUG: Starting new HTTP connection (1): elasticsearch:9200
2019-12-12 13:45:59 [urllib3.connectionpool] DEBUG: http://elasticsearch:9200 "HEAD /top HTTP/1.1" 200 0
2019-12-12 13:45:59 [elasticsearch] INFO: HEAD http://elasticsearch:9200/top [status:200 request:0.005s]
2019-12-12 13:45:59 [elasticsearch] DEBUG: > None
2019-12-12 13:45:59 [elasticsearch] DEBUG: < 
2019-12-12 13:45:59 [urllib3.connectionpool] DEBUG: http://elasticsearch:9200 "HEAD /top HTTP/1.1" 200 0
2019-12-12 13:45:59 [elasticsearch] INFO: HEAD http://elasticsearch:9200/top [status:200 request:0.006s]
2019-12-12 13:45:59 [elasticsearch] DEBUG: > None
2019-12-12 13:45:59 [elasticsearch] DEBUG: < 
2019-12-12 13:45:59 [urllib3.connectionpool] DEBUG: http://elasticsearch:9200 "HEAD /top HTTP/1.1" 200 0
2019-12-12 13:45:59 [elasticsearch] INFO: HEAD http://elasticsearch:9200/top [status:200 request:0.006s]
2019-12-12 13:45:59 [elasticsearch] DEBUG: > None
2019-12-12 13:45:59 [elasticsearch] DEBUG: < 
2019-12-12 13:45:59 [urllib3.connectionpool] DEBUG: http://elasticsearch:9200 "HEAD /top HTTP/1.1" 200 0
2019-12-12 13:45:59 [elasticsearch] INFO: HEAD http://elasticsearch:9200/top [status:200 request:0.011s]
2019-12-12 13:45:59 [elasticsearch] DEBUG: > None
2019-12-12 13:45:59 [elasticsearch] DEBUG: < 
2019-12-12 13:45:59 [urllib3.connectionpool] DEBUG: Starting new HTTP connection (1): elasticsearch:9200
2019-12-12 13:45:59 [urllib3.connectionpool] DEBUG: http://elasticsearch:9200 "HEAD /top HTTP/1.1" 200 0
2019-12-12 13:45:59 [elasticsearch] INFO: HEAD http://elasticsearch:9200/top [status:200 request:0.003s]
2019-12-12 13:45:59 [elasticsearch] DEBUG: > None
2019-12-12 13:45:59 [elasticsearch] DEBUG: < 
2019-12-12 13:45:59 [urllib3.connectionpool] DEBUG: http://elasticsearch:9200 "POST /top/_doc/3576 HTTP/1.1" 200 159
2019-12-12 13:45:59 [elasticsearch] INFO: POST http://elasticsearch:9200/top/_doc/3576 [status:200 request:0.013s]
2019-12-12 13:45:59 [elasticsearch] DEBUG: > {"title":"[原创发布]备战双十二 解放双手一键秒杀 - 夏天","description_content":null,"update_at":1576158359257}
2019-12-12 13:45:59 [elasticsearch] DEBUG: < {"_index":"top","_type":"_doc","_id":"3576","_version":3,"result":"updated","_shards":{"total":2,"successful":1,"failed":0},"_seq_no":109165,"_primary_term":1}
2019-12-12 13:45:59 [urllib3.connectionpool] DEBUG: http://elasticsearch:9200 "POST /top/_doc/3577 HTTP/1.1" 200 159
2019-12-12 13:45:59 [elasticsearch] INFO: POST http://elasticsearch:9200/top/_doc/3577 [status:200 request:0.017s]
2019-12-12 13:45:59 [elasticsearch] DEBUG: > {"title":"【超清电视_2.7.0 】无广告、巨简单的超清视频App","description_content":null,"update_at":1576158359257}
2019-12-12 13:45:59 [elasticsearch] DEBUG: < {"_index":"top","_type":"_doc","_id":"3577","_version":3,"result":"updated","_shards":{"total":2,"successful":1,"failed":0},"_seq_no":109166,"_primary_term":1}
2019-12-12 13:45:59 [urllib3.connectionpool] DEBUG: Starting new HTTP connection (1): elasticsearch:9200
2019-12-12 13:45:59 [urllib3.connectionpool] DEBUG: http://elasticsearch:9200 "HEAD /top HTTP/1.1" 200 0
2019-12-12 13:45:59 [elasticsearch] INFO: HEAD http://elasticsearch:9200/top [status:200 request:0.002s]
2019-12-12 13:45:59 [elasticsearch] DEBUG: > None
2019-12-12 13:45:59 [elasticsearch] DEBUG: < 
2019-12-12 13:45:59 [urllib3.connectionpool] DEBUG: http://elasticsearch:9200 "POST /top/_doc/3575 HTTP/1.1" 200 159
2019-12-12 13:45:59 [elasticsearch] INFO: POST http://elasticsearch:9200/top/_doc/3575 [status:200 request:0.023s]
2019-12-12 13:45:59 [elasticsearch] DEBUG: > {"title":"一款超赞的 U盘制作启动工具，pe","description_content":null,"update_at":1576158359257}
2019-12-12 13:45:59 [elasticsearch] DEBUG: < {"_index":"top","_type":"_doc","_id":"3575","_version":3,"result":"updated","_shards":{"total":2,"successful":1,"failed":0},"_seq_no":109167,"_primary_term":1}
2019-12-12 13:45:59 [urllib3.connectionpool] DEBUG: Starting new HTTP connection (1): elasticsearch:9200
2019-12-12 13:45:59 [urllib3.connectionpool] DEBUG: http://elasticsearch:9200 "POST /top/_doc/3578 HTTP/1.1" 200 159
2019-12-12 13:45:59 [elasticsearch] INFO: POST http://elasticsearch:9200/top/_doc/3578 [status:200 request:0.027s]
2019-12-12 13:45:59 [elasticsearch] DEBUG: > {"title":"冰点文库下载器 3.2.10（1210）去广告绿色版+单文件版","description_content":null,"update_at":1576158359257}
2019-12-12 13:45:59 [elasticsearch] DEBUG: < {"_index":"top","_type":"_doc","_id":"3578","_version":3,"result":"updated","_shards":{"total":2,"successful":1,"failed":0},"_seq_no":109168,"_primary_term":1}
2019-12-12 13:45:59 [urllib3.connectionpool] DEBUG: http://elasticsearch:9200 "HEAD /top HTTP/1.1" 200 0
2019-12-12 13:45:59 [elasticsearch] INFO: HEAD http://elasticsearch:9200/top [status:200 request:0.008s]
2019-12-12 13:45:59 [elasticsearch] DEBUG: > None
2019-12-12 13:45:59 [elasticsearch] DEBUG: < 
2019-12-12 13:45:59 [urllib3.connectionpool] DEBUG: Starting new HTTP connection (1): elasticsearch:9200
2019-12-12 13:45:59 [urllib3.connectionpool] DEBUG: http://elasticsearch:9200 "HEAD /top HTTP/1.1" 200 0
2019-12-12 13:45:59 [elasticsearch] INFO: HEAD http://elasticsearch:9200/top [status:200 request:0.002s]
2019-12-12 13:45:59 [elasticsearch] DEBUG: > None
2019-12-12 13:45:59 [elasticsearch] DEBUG: < 
2019-12-12 13:45:59 [urllib3.connectionpool] DEBUG: http://elasticsearch:9200 "POST /top/_doc/3579 HTTP/1.1" 200 159
2019-12-12 13:45:59 [elasticsearch] INFO: POST http://elasticsearch:9200/top/_doc/3579 [status:200 request:0.032s]
2019-12-12 13:45:59 [elasticsearch] DEBUG: > {"title":"超级抢票机 V2.2 火车抢票神器","description_content":null,"update_at":1576158359257}
2019-12-12 13:45:59 [elasticsearch] DEBUG: < {"_index":"top","_type":"_doc","_id":"3579","_version":3,"result":"updated","_shards":{"total":2,"successful":1,"failed":0},"_seq_no":109169,"_primary_term":1}
2019-12-12 13:45:59 [urllib3.connectionpool] DEBUG: Starting new HTTP connection (1): elasticsearch:9200
2019-12-12 13:45:59 [urllib3.connectionpool] DEBUG: http://elasticsearch:9200 "HEAD /top HTTP/1.1" 200 0
2019-12-12 13:45:59 [elasticsearch] INFO: HEAD http://elasticsearch:9200/top [status:200 request:0.003s]
2019-12-12 13:45:59 [elasticsearch] DEBUG: > None
2019-12-12 13:45:59 [elasticsearch] DEBUG: < 
2019-12-12 13:45:59 [urllib3.connectionpool] DEBUG: http://elasticsearch:9200 "POST /top/_doc/3580 HTTP/1.1" 200 159
2019-12-12 13:45:59 [elasticsearch] INFO: POST http://elasticsearch:9200/top/_doc/3580 [status:200 request:0.028s]
2019-12-12 13:45:59 [elasticsearch] DEBUG: > {"title":"wps2019永久使用激活码","description_content":null,"update_at":1576158359257}
2019-12-12 13:45:59 [elasticsearch] DEBUG: < {"_index":"top","_type":"_doc","_id":"3580","_version":3,"result":"updated","_shards":{"total":2,"successful":1,"failed":0},"_seq_no":109170,"_primary_term":1}
2019-12-12 13:45:59 [urllib3.connectionpool] DEBUG: Starting new HTTP connection (1): elasticsearch:9200
2019-12-12 13:45:59 [urllib3.connectionpool] DEBUG: http://elasticsearch:9200 "HEAD /top HTTP/1.1" 200 0
2019-12-12 13:45:59 [elasticsearch] INFO: HEAD http://elasticsearch:9200/top [status:200 request:0.002s]
2019-12-12 13:45:59 [elasticsearch] DEBUG: > None
2019-12-12 13:45:59 [elasticsearch] DEBUG: < 
2019-12-12 13:45:59 [urllib3.connectionpool] DEBUG: http://elasticsearch:9200 "POST /top/_doc/3581 HTTP/1.1" 200 159
2019-12-12 13:45:59 [elasticsearch] INFO: POST http://elasticsearch:9200/top/_doc/3581 [status:200 request:0.020s]
2019-12-12 13:45:59 [elasticsearch] DEBUG: > {"title":"【原创】网课刷课流程简单讲解（不含JS脚本编写内容）","description_content":null,"update_at":1576158359257}
2019-12-12 13:45:59 [elasticsearch] DEBUG: < {"_index":"top","_type":"_doc","_id":"3581","_version":3,"result":"updated","_shards":{"total":2,"successful":1,"failed":0},"_seq_no":109171,"_primary_term":1}
2019-12-12 13:45:59 [urllib3.connectionpool] DEBUG: Starting new HTTP connection (1): elasticsearch:9200
2019-12-12 13:45:59 [urllib3.connectionpool] DEBUG: http://elasticsearch:9200 "HEAD /top HTTP/1.1" 200 0
2019-12-12 13:45:59 [elasticsearch] INFO: HEAD http://elasticsearch:9200/top [status:200 request:0.002s]
2019-12-12 13:45:59 [elasticsearch] DEBUG: > None
2019-12-12 13:45:59 [elasticsearch] DEBUG: < 
2019-12-12 13:45:59 [urllib3.connectionpool] DEBUG: http://elasticsearch:9200 "POST /top/_doc/3582 HTTP/1.1" 200 159
2019-12-12 13:45:59 [elasticsearch] INFO: POST http://elasticsearch:9200/top/_doc/3582 [status:200 request:0.022s]
2019-12-12 13:45:59 [elasticsearch] DEBUG: > {"title":"【强悍如斯】企业级解压缩软件powerarchiver破解版2019（内置powerarchiver注册码）","description_content":null,"update_at":1576158359257}
2019-12-12 13:45:59 [elasticsearch] DEBUG: < {"_index":"top","_type":"_doc","_id":"3582","_version":3,"result":"updated","_shards":{"total":2,"successful":1,"failed":0},"_seq_no":109172,"_primary_term":1}
2019-12-12 13:45:59 [urllib3.connectionpool] DEBUG: Starting new HTTP connection (1): elasticsearch:9200
2019-12-12 13:45:59 [urllib3.connectionpool] DEBUG: http://elasticsearch:9200 "HEAD /top HTTP/1.1" 200 0
2019-12-12 13:45:59 [elasticsearch] INFO: HEAD http://elasticsearch:9200/top [status:200 request:0.002s]
2019-12-12 13:45:59 [elasticsearch] DEBUG: > None
2019-12-12 13:45:59 [elasticsearch] DEBUG: < 
2019-12-12 13:45:59 [urllib3.connectionpool] DEBUG: http://elasticsearch:9200 "POST /top/_doc/3583 HTTP/1.1" 200 159
2019-12-12 13:45:59 [elasticsearch] INFO: POST http://elasticsearch:9200/top/_doc/3583 [status:200 request:0.019s]
2019-12-12 13:45:59 [elasticsearch] DEBUG: > {"title":"某宝ipad学习游戏礼包","description_content":null,"update_at":1576158359257}
2019-12-12 13:45:59 [elasticsearch] DEBUG: < {"_index":"top","_type":"_doc","_id":"3583","_version":3,"result":"updated","_shards":{"total":2,"successful":1,"failed":0},"_seq_no":109173,"_primary_term":1}
2019-12-12 13:45:59 [urllib3.connectionpool] DEBUG: Starting new HTTP connection (1): elasticsearch:9200
2019-12-12 13:45:59 [urllib3.connectionpool] DEBUG: http://elasticsearch:9200 "HEAD /top HTTP/1.1" 200 0
2019-12-12 13:45:59 [elasticsearch] INFO: HEAD http://elasticsearch:9200/top [status:200 request:0.003s]
2019-12-12 13:45:59 [elasticsearch] DEBUG: > None
2019-12-12 13:45:59 [elasticsearch] DEBUG: < 
2019-12-12 13:45:59 [urllib3.connectionpool] DEBUG: http://elasticsearch:9200 "POST /top/_doc/3584 HTTP/1.1" 200 159
2019-12-12 13:45:59 [elasticsearch] INFO: POST http://elasticsearch:9200/top/_doc/3584 [status:200 request:0.020s]
2019-12-12 13:45:59 [elasticsearch] DEBUG: > {"title":"雷电模拟器4.x 去广告版+增强镜像","description_content":null,"update_at":1576158359257}
2019-12-12 13:45:59 [elasticsearch] DEBUG: < {"_index":"top","_type":"_doc","_id":"3584","_version":3,"result":"updated","_shards":{"total":2,"successful":1,"failed":0},"_seq_no":109174,"_primary_term":1}
2019-12-12 13:45:59 [urllib3.connectionpool] DEBUG: Starting new HTTP connection (1): elasticsearch:9200
2019-12-12 13:45:59 [urllib3.connectionpool] DEBUG: http://elasticsearch:9200 "HEAD /top HTTP/1.1" 200 0
2019-12-12 13:45:59 [elasticsearch] INFO: HEAD http://elasticsearch:9200/top [status:200 request:0.002s]
2019-12-12 13:45:59 [elasticsearch] DEBUG: > None
2019-12-12 13:45:59 [elasticsearch] DEBUG: < 
2019-12-12 13:45:59 [urllib3.connectionpool] DEBUG: http://elasticsearch:9200 "POST /top/_doc/3585 HTTP/1.1" 200 159
2019-12-12 13:45:59 [elasticsearch] INFO: POST http://elasticsearch:9200/top/_doc/3585 [status:200 request:0.020s]
2019-12-12 13:45:59 [elasticsearch] DEBUG: > {"title":"【重写协议】手机号码标记查询工具  抵制恶意标记","description_content":null,"update_at":1576158359257}
2019-12-12 13:45:59 [elasticsearch] DEBUG: < {"_index":"top","_type":"_doc","_id":"3585","_version":3,"result":"updated","_shards":{"total":2,"successful":1,"failed":0},"_seq_no":109175,"_primary_term":1}
2019-12-12 13:45:59 [urllib3.connectionpool] DEBUG: Starting new HTTP connection (1): elasticsearch:9200
2019-12-12 13:45:59 [urllib3.connectionpool] DEBUG: http://elasticsearch:9200 "HEAD /top HTTP/1.1" 200 0
2019-12-12 13:45:59 [elasticsearch] INFO: HEAD http://elasticsearch:9200/top [status:200 request:0.002s]
2019-12-12 13:45:59 [elasticsearch] DEBUG: > None
2019-12-12 13:45:59 [elasticsearch] DEBUG: < 
2019-12-12 13:45:59 [urllib3.connectionpool] DEBUG: http://elasticsearch:9200 "POST /top/_doc/3586 HTTP/1.1" 200 159
2019-12-12 13:45:59 [elasticsearch] INFO: POST http://elasticsearch:9200/top/_doc/3586 [status:200 request:0.022s]
2019-12-12 13:45:59 [elasticsearch] DEBUG: > {"title":"网易云音乐下载工具(可下载VIP付费灰色等所有歌曲)","description_content":null,"update_at":1576158359257}
2019-12-12 13:45:59 [elasticsearch] DEBUG: < {"_index":"top","_type":"_doc","_id":"3586","_version":3,"result":"updated","_shards":{"total":2,"successful":1,"failed":0},"_seq_no":109176,"_primary_term":1}
2019-12-12 13:45:59 [urllib3.connectionpool] DEBUG: http://elasticsearch:9200 "POST /top/_doc/3587 HTTP/1.1" 200 159
2019-12-12 13:45:59 [elasticsearch] INFO: POST http://elasticsearch:9200/top/_doc/3587 [status:200 request:0.021s]
2019-12-12 13:45:59 [elasticsearch] DEBUG: > {"title":"某娱乐网扫qq号软件！！","description_content":null,"update_at":1576158359257}
2019-12-12 13:45:59 [elasticsearch] DEBUG: < {"_index":"top","_type":"_doc","_id":"3587","_version":3,"result":"updated","_shards":{"total":2,"successful":1,"failed":0},"_seq_no":109177,"_primary_term":1}
2019-12-12 13:45:59 [urllib3.connectionpool] DEBUG: http://elasticsearch:9200 "POST /top/_doc/3588 HTTP/1.1" 200 159
2019-12-12 13:45:59 [elasticsearch] INFO: POST http://elasticsearch:9200/top/_doc/3588 [status:200 request:0.020s]
2019-12-12 13:45:59 [elasticsearch] DEBUG: > {"title":"WinRAR v5.80简体中文版by烈火","description_content":null,"update_at":1576158359257}
2019-12-12 13:45:59 [elasticsearch] DEBUG: < {"_index":"top","_type":"_doc","_id":"3588","_version":3,"result":"updated","_shards":{"total":2,"successful":1,"failed":0},"_seq_no":109178,"_primary_term":1}
2019-12-12 13:45:59 [urllib3.connectionpool] DEBUG: http://elasticsearch:9200 "POST /top/_doc/3589 HTTP/1.1" 200 159
2019-12-12 13:45:59 [elasticsearch] INFO: POST http://elasticsearch:9200/top/_doc/3589 [status:200 request:0.019s]
2019-12-12 13:45:59 [elasticsearch] DEBUG: > {"title":"【盒子】2019新出厂魔百盒M301H全系列免拆U刷固件201912语音版","description_content":null,"update_at":1576158359257}
2019-12-12 13:45:59 [elasticsearch] DEBUG: < {"_index":"top","_type":"_doc","_id":"3589","_version":3,"result":"updated","_shards":{"total":2,"successful":1,"failed":0},"_seq_no":109179,"_primary_term":1}
