2019-12-12 03:56:08 [scrapy.utils.log] INFO: Scrapy 1.7.4 started (bot: spider_tophub)
2019-12-12 03:56:08 [scrapy.utils.log] INFO: Versions: lxml 4.4.1.0, libxml2 2.9.9, cssselect 1.1.0, parsel 1.5.2, w3lib 1.21.0, Twisted 19.7.0, Python 3.7.5 (default, Nov 23 2019, 05:59:34) - [GCC 8.3.0], pyOpenSSL 19.0.0 (OpenSSL 1.1.1d  10 Sep 2019), cryptography 2.8, Platform Linux-3.10.0-1062.1.2.el7.x86_64-x86_64-with-debian-10.2
2019-12-12 03:56:08 [scrapy.crawler] INFO: Overridden settings: {'BOT_NAME': 'spider_tophub', 'DOWNLOAD_DELAY': 1, 'LOG_FILE': 'logs/spider_tophub/pojie52_jinriretie/ae7f06581c8e11ea9d990242ac190004.log', 'NEWSPIDER_MODULE': 'spider_tophub.spiders', 'SPIDER_MODULES': ['spider_tophub.spiders'], 'USER_AGENT': 'Mozilla/5.0 (Windows NT 10.0; Win64; x64) AppleWebKit/537.36 (KHTML, like Gecko) Chrome/77.0.3865.120 Safari/537.36'}
2019-12-12 03:56:08 [scrapy.extensions.telnet] INFO: Telnet Password: aee8b8b251771717
2019-12-12 03:56:08 [scrapy.middleware] INFO: Enabled extensions:
['scrapy.extensions.corestats.CoreStats',
 'scrapy.extensions.telnet.TelnetConsole',
 'scrapy.extensions.memusage.MemoryUsage',
 'scrapy.extensions.logstats.LogStats']
2019-12-12 03:56:08 [scrapy.middleware] INFO: Enabled downloader middlewares:
['scrapy.downloadermiddlewares.httpauth.HttpAuthMiddleware',
 'scrapy.downloadermiddlewares.downloadtimeout.DownloadTimeoutMiddleware',
 'scrapy.downloadermiddlewares.defaultheaders.DefaultHeadersMiddleware',
 'scrapy.downloadermiddlewares.useragent.UserAgentMiddleware',
 'scrapy.downloadermiddlewares.retry.RetryMiddleware',
 'scrapy.downloadermiddlewares.redirect.MetaRefreshMiddleware',
 'scrapy.downloadermiddlewares.httpcompression.HttpCompressionMiddleware',
 'scrapy.downloadermiddlewares.redirect.RedirectMiddleware',
 'scrapy.downloadermiddlewares.cookies.CookiesMiddleware',
 'scrapy.downloadermiddlewares.httpproxy.HttpProxyMiddleware',
 'scrapy.downloadermiddlewares.stats.DownloaderStats']
2019-12-12 03:56:08 [scrapy.middleware] INFO: Enabled spider middlewares:
['scrapy.spidermiddlewares.httperror.HttpErrorMiddleware',
 'scrapy.spidermiddlewares.offsite.OffsiteMiddleware',
 'scrapy.spidermiddlewares.referer.RefererMiddleware',
 'scrapy.spidermiddlewares.urllength.UrlLengthMiddleware',
 'scrapy.spidermiddlewares.depth.DepthMiddleware']
2019-12-12 03:56:08 [scrapy.middleware] INFO: Enabled item pipelines:
['spider_tophub.pipelines.MysqlTwistedPipeline']
2019-12-12 03:56:08 [scrapy.core.engine] INFO: Spider opened
2019-12-12 03:56:08 [scrapy.extensions.logstats] INFO: Crawled 0 pages (at 0 pages/min), scraped 0 items (at 0 items/min)
2019-12-12 03:56:08 [scrapy.extensions.telnet] INFO: Telnet console listening on 127.0.0.1:6023
2019-12-12 03:56:09 [scrapy.core.engine] DEBUG: Crawled (200) <GET https://www.52pojie.cn/misc.php?mod=ranklist&type=thread&view=heats&orderby=today> (referer: None)
2019-12-12 03:56:09 [scrapy.core.scraper] DEBUG: Scraped from <200 https://www.52pojie.cn/misc.php?mod=ranklist&type=thread&view=heats&orderby=today>
None
2019-12-12 03:56:09 [scrapy.core.scraper] DEBUG: Scraped from <200 https://www.52pojie.cn/misc.php?mod=ranklist&type=thread&view=heats&orderby=today>
None
2019-12-12 03:56:09 [scrapy.core.scraper] DEBUG: Scraped from <200 https://www.52pojie.cn/misc.php?mod=ranklist&type=thread&view=heats&orderby=today>
None
2019-12-12 03:56:09 [scrapy.core.scraper] DEBUG: Scraped from <200 https://www.52pojie.cn/misc.php?mod=ranklist&type=thread&view=heats&orderby=today>
None
2019-12-12 03:56:09 [scrapy.core.scraper] DEBUG: Scraped from <200 https://www.52pojie.cn/misc.php?mod=ranklist&type=thread&view=heats&orderby=today>
None
2019-12-12 03:56:09 [scrapy.core.scraper] DEBUG: Scraped from <200 https://www.52pojie.cn/misc.php?mod=ranklist&type=thread&view=heats&orderby=today>
None
2019-12-12 03:56:09 [scrapy.core.scraper] DEBUG: Scraped from <200 https://www.52pojie.cn/misc.php?mod=ranklist&type=thread&view=heats&orderby=today>
None
2019-12-12 03:56:09 [scrapy.core.scraper] DEBUG: Scraped from <200 https://www.52pojie.cn/misc.php?mod=ranklist&type=thread&view=heats&orderby=today>
None
2019-12-12 03:56:09 [scrapy.core.scraper] DEBUG: Scraped from <200 https://www.52pojie.cn/misc.php?mod=ranklist&type=thread&view=heats&orderby=today>
None
2019-12-12 03:56:09 [scrapy.core.scraper] DEBUG: Scraped from <200 https://www.52pojie.cn/misc.php?mod=ranklist&type=thread&view=heats&orderby=today>
None
2019-12-12 03:56:09 [scrapy.core.scraper] DEBUG: Scraped from <200 https://www.52pojie.cn/misc.php?mod=ranklist&type=thread&view=heats&orderby=today>
None
2019-12-12 03:56:09 [scrapy.core.scraper] DEBUG: Scraped from <200 https://www.52pojie.cn/misc.php?mod=ranklist&type=thread&view=heats&orderby=today>
None
2019-12-12 03:56:09 [scrapy.core.scraper] DEBUG: Scraped from <200 https://www.52pojie.cn/misc.php?mod=ranklist&type=thread&view=heats&orderby=today>
None
2019-12-12 03:56:09 [scrapy.core.scraper] DEBUG: Scraped from <200 https://www.52pojie.cn/misc.php?mod=ranklist&type=thread&view=heats&orderby=today>
None
2019-12-12 03:56:09 [scrapy.core.scraper] DEBUG: Scraped from <200 https://www.52pojie.cn/misc.php?mod=ranklist&type=thread&view=heats&orderby=today>
None
2019-12-12 03:56:09 [scrapy.core.engine] INFO: Closing spider (finished)
2019-12-12 03:56:09 [scrapy.statscollectors] INFO: Dumping Scrapy stats:
{'downloader/request_bytes': 352,
 'downloader/request_count': 1,
 'downloader/request_method_count/GET': 1,
 'downloader/response_bytes': 12227,
 'downloader/response_count': 1,
 'downloader/response_status_count/200': 1,
 'elapsed_time_seconds': 0.332177,
 'finish_reason': 'finished',
 'finish_time': datetime.datetime(2019, 12, 12, 3, 56, 9, 302170),
 'item_scraped_count': 15,
 'log_count/DEBUG': 16,
 'log_count/INFO': 10,
 'memusage/max': 57217024,
 'memusage/startup': 57217024,
 'response_received_count': 1,
 'scheduler/dequeued': 1,
 'scheduler/dequeued/memory': 1,
 'scheduler/enqueued': 1,
 'scheduler/enqueued/memory': 1,
 'start_time': datetime.datetime(2019, 12, 12, 3, 56, 8, 969993)}
2019-12-12 03:56:09 [scrapy.core.engine] INFO: Spider closed (finished)
2019-12-12 03:56:09 [urllib3.connectionpool] DEBUG: Starting new HTTP connection (1): elasticsearch:9200
2019-12-12 03:56:09 [urllib3.connectionpool] DEBUG: Starting new HTTP connection (1): elasticsearch:9200
2019-12-12 03:56:09 [urllib3.connectionpool] DEBUG: Starting new HTTP connection (1): elasticsearch:9200
2019-12-12 03:56:09 [urllib3.connectionpool] DEBUG: Starting new HTTP connection (1): elasticsearch:9200
2019-12-12 03:56:09 [urllib3.connectionpool] DEBUG: http://elasticsearch:9200 "HEAD /top HTTP/1.1" 200 0
2019-12-12 03:56:09 [elasticsearch] INFO: HEAD http://elasticsearch:9200/top [status:200 request:0.006s]
2019-12-12 03:56:09 [elasticsearch] DEBUG: > None
2019-12-12 03:56:09 [elasticsearch] DEBUG: < 
2019-12-12 03:56:09 [urllib3.connectionpool] DEBUG: http://elasticsearch:9200 "HEAD /top HTTP/1.1" 200 0
2019-12-12 03:56:09 [elasticsearch] INFO: HEAD http://elasticsearch:9200/top [status:200 request:0.006s]
2019-12-12 03:56:09 [elasticsearch] DEBUG: > None
2019-12-12 03:56:09 [elasticsearch] DEBUG: < 
2019-12-12 03:56:09 [urllib3.connectionpool] DEBUG: http://elasticsearch:9200 "HEAD /top HTTP/1.1" 200 0
2019-12-12 03:56:09 [elasticsearch] INFO: HEAD http://elasticsearch:9200/top [status:200 request:0.006s]
2019-12-12 03:56:09 [elasticsearch] DEBUG: > None
2019-12-12 03:56:09 [elasticsearch] DEBUG: < 
2019-12-12 03:56:09 [urllib3.connectionpool] DEBUG: http://elasticsearch:9200 "HEAD /top HTTP/1.1" 200 0
2019-12-12 03:56:09 [elasticsearch] INFO: HEAD http://elasticsearch:9200/top [status:200 request:0.009s]
2019-12-12 03:56:09 [elasticsearch] DEBUG: > None
2019-12-12 03:56:09 [elasticsearch] DEBUG: < 
2019-12-12 03:56:09 [urllib3.connectionpool] DEBUG: Starting new HTTP connection (1): elasticsearch:9200
2019-12-12 03:56:09 [urllib3.connectionpool] DEBUG: http://elasticsearch:9200 "HEAD /top HTTP/1.1" 200 0
2019-12-12 03:56:09 [elasticsearch] INFO: HEAD http://elasticsearch:9200/top [status:200 request:0.003s]
2019-12-12 03:56:09 [elasticsearch] DEBUG: > None
2019-12-12 03:56:09 [elasticsearch] DEBUG: < 
2019-12-12 03:56:09 [urllib3.connectionpool] DEBUG: http://elasticsearch:9200 "POST /top/_doc/1137 HTTP/1.1" 200 158
2019-12-12 03:56:09 [elasticsearch] INFO: POST http://elasticsearch:9200/top/_doc/1137 [status:200 request:0.010s]
2019-12-12 03:56:09 [elasticsearch] DEBUG: > {"title":"【超清电视_2.7.0 】无广告、巨简单的超清视频App","description_content":null,"update_at":1576122969289}
2019-12-12 03:56:09 [elasticsearch] DEBUG: < {"_index":"top","_type":"_doc","_id":"1137","_version":4,"result":"updated","_shards":{"total":2,"successful":1,"failed":0},"_seq_no":3369,"_primary_term":14}
2019-12-12 03:56:09 [urllib3.connectionpool] DEBUG: http://elasticsearch:9200 "POST /top/_doc/1134 HTTP/1.1" 200 158
2019-12-12 03:56:09 [elasticsearch] INFO: POST http://elasticsearch:9200/top/_doc/1134 [status:200 request:0.018s]
2019-12-12 03:56:09 [elasticsearch] DEBUG: > {"title":"[原创发布]备战双十二 解放双手一键秒杀 - 夏天","description_content":null,"update_at":1576122969289}
2019-12-12 03:56:09 [elasticsearch] DEBUG: < {"_index":"top","_type":"_doc","_id":"1134","_version":4,"result":"updated","_shards":{"total":2,"successful":1,"failed":0},"_seq_no":3370,"_primary_term":14}
2019-12-12 03:56:09 [urllib3.connectionpool] DEBUG: Starting new HTTP connection (1): elasticsearch:9200
2019-12-12 03:56:09 [urllib3.connectionpool] DEBUG: http://elasticsearch:9200 "HEAD /top HTTP/1.1" 200 0
2019-12-12 03:56:09 [elasticsearch] INFO: HEAD http://elasticsearch:9200/top [status:200 request:0.002s]
2019-12-12 03:56:09 [elasticsearch] DEBUG: > None
2019-12-12 03:56:09 [elasticsearch] DEBUG: < 
2019-12-12 03:56:09 [urllib3.connectionpool] DEBUG: http://elasticsearch:9200 "POST /top/_doc/1136 HTTP/1.1" 200 158
2019-12-12 03:56:09 [elasticsearch] INFO: POST http://elasticsearch:9200/top/_doc/1136 [status:200 request:0.027s]
2019-12-12 03:56:09 [elasticsearch] DEBUG: > {"title":"冰点文库下载器 3.2.10（1210）去广告绿色版+单文件版","description_content":null,"update_at":1576122969289}
2019-12-12 03:56:09 [elasticsearch] DEBUG: < {"_index":"top","_type":"_doc","_id":"1136","_version":4,"result":"updated","_shards":{"total":2,"successful":1,"failed":0},"_seq_no":3371,"_primary_term":14}
2019-12-12 03:56:09 [urllib3.connectionpool] DEBUG: Starting new HTTP connection (1): elasticsearch:9200
2019-12-12 03:56:09 [urllib3.connectionpool] DEBUG: http://elasticsearch:9200 "HEAD /top HTTP/1.1" 200 0
2019-12-12 03:56:09 [elasticsearch] INFO: HEAD http://elasticsearch:9200/top [status:200 request:0.003s]
2019-12-12 03:56:09 [elasticsearch] DEBUG: > None
2019-12-12 03:56:09 [elasticsearch] DEBUG: < 
2019-12-12 03:56:09 [urllib3.connectionpool] DEBUG: http://elasticsearch:9200 "POST /top/_doc/1135 HTTP/1.1" 200 158
2019-12-12 03:56:09 [elasticsearch] INFO: POST http://elasticsearch:9200/top/_doc/1135 [status:200 request:0.038s]
2019-12-12 03:56:09 [elasticsearch] DEBUG: > {"title":"一款超赞的 U盘制作启动工具，pe","description_content":null,"update_at":1576122969289}
2019-12-12 03:56:09 [elasticsearch] DEBUG: < {"_index":"top","_type":"_doc","_id":"1135","_version":4,"result":"updated","_shards":{"total":2,"successful":1,"failed":0},"_seq_no":3372,"_primary_term":14}
2019-12-12 03:56:09 [urllib3.connectionpool] DEBUG: Starting new HTTP connection (1): elasticsearch:9200
2019-12-12 03:56:09 [urllib3.connectionpool] DEBUG: http://elasticsearch:9200 "HEAD /top HTTP/1.1" 200 0
2019-12-12 03:56:09 [elasticsearch] INFO: HEAD http://elasticsearch:9200/top [status:200 request:0.003s]
2019-12-12 03:56:09 [elasticsearch] DEBUG: > None
2019-12-12 03:56:09 [elasticsearch] DEBUG: < 
2019-12-12 03:56:09 [urllib3.connectionpool] DEBUG: http://elasticsearch:9200 "POST /top/_doc/1138 HTTP/1.1" 200 158
2019-12-12 03:56:09 [elasticsearch] INFO: POST http://elasticsearch:9200/top/_doc/1138 [status:200 request:0.042s]
2019-12-12 03:56:09 [elasticsearch] DEBUG: > {"title":"超级抢票机 V2.2 火车抢票神器","description_content":null,"update_at":1576122969289}
2019-12-12 03:56:09 [elasticsearch] DEBUG: < {"_index":"top","_type":"_doc","_id":"1138","_version":4,"result":"updated","_shards":{"total":2,"successful":1,"failed":0},"_seq_no":3373,"_primary_term":14}
2019-12-12 03:56:09 [urllib3.connectionpool] DEBUG: Starting new HTTP connection (1): elasticsearch:9200
2019-12-12 03:56:09 [urllib3.connectionpool] DEBUG: http://elasticsearch:9200 "HEAD /top HTTP/1.1" 200 0
2019-12-12 03:56:09 [elasticsearch] INFO: HEAD http://elasticsearch:9200/top [status:200 request:0.002s]
2019-12-12 03:56:09 [elasticsearch] DEBUG: > None
2019-12-12 03:56:09 [elasticsearch] DEBUG: < 
2019-12-12 03:56:09 [urllib3.connectionpool] DEBUG: http://elasticsearch:9200 "POST /top/_doc/1139 HTTP/1.1" 200 158
2019-12-12 03:56:09 [elasticsearch] INFO: POST http://elasticsearch:9200/top/_doc/1139 [status:200 request:0.037s]
2019-12-12 03:56:09 [elasticsearch] DEBUG: > {"title":"wps2019永久使用激活码","description_content":null,"update_at":1576122969289}
2019-12-12 03:56:09 [elasticsearch] DEBUG: < {"_index":"top","_type":"_doc","_id":"1139","_version":4,"result":"updated","_shards":{"total":2,"successful":1,"failed":0},"_seq_no":3374,"_primary_term":14}
2019-12-12 03:56:09 [urllib3.connectionpool] DEBUG: Starting new HTTP connection (1): elasticsearch:9200
2019-12-12 03:56:09 [urllib3.connectionpool] DEBUG: http://elasticsearch:9200 "HEAD /top HTTP/1.1" 200 0
2019-12-12 03:56:09 [elasticsearch] INFO: HEAD http://elasticsearch:9200/top [status:200 request:0.003s]
2019-12-12 03:56:09 [elasticsearch] DEBUG: > None
2019-12-12 03:56:09 [elasticsearch] DEBUG: < 
2019-12-12 03:56:09 [urllib3.connectionpool] DEBUG: http://elasticsearch:9200 "POST /top/_doc/1140 HTTP/1.1" 200 158
2019-12-12 03:56:09 [elasticsearch] INFO: POST http://elasticsearch:9200/top/_doc/1140 [status:200 request:0.038s]
2019-12-12 03:56:09 [elasticsearch] DEBUG: > {"title":"【原创】网课刷课流程简单讲解（不含JS脚本编写内容）","description_content":null,"update_at":1576122969289}
2019-12-12 03:56:09 [elasticsearch] DEBUG: < {"_index":"top","_type":"_doc","_id":"1140","_version":4,"result":"updated","_shards":{"total":2,"successful":1,"failed":0},"_seq_no":3375,"_primary_term":14}
2019-12-12 03:56:09 [urllib3.connectionpool] DEBUG: Starting new HTTP connection (1): elasticsearch:9200
2019-12-12 03:56:09 [urllib3.connectionpool] DEBUG: http://elasticsearch:9200 "HEAD /top HTTP/1.1" 200 0
2019-12-12 03:56:09 [elasticsearch] INFO: HEAD http://elasticsearch:9200/top [status:200 request:0.003s]
2019-12-12 03:56:09 [elasticsearch] DEBUG: > None
2019-12-12 03:56:09 [elasticsearch] DEBUG: < 
2019-12-12 03:56:09 [urllib3.connectionpool] DEBUG: http://elasticsearch:9200 "POST /top/_doc/1141 HTTP/1.1" 200 158
2019-12-12 03:56:09 [elasticsearch] INFO: POST http://elasticsearch:9200/top/_doc/1141 [status:200 request:0.045s]
2019-12-12 03:56:09 [elasticsearch] DEBUG: > {"title":"【强悍如斯】企业级解压缩软件powerarchiver破解版2019（内置powerarchiver注册码）","description_content":null,"update_at":1576122969289}
2019-12-12 03:56:09 [elasticsearch] DEBUG: < {"_index":"top","_type":"_doc","_id":"1141","_version":4,"result":"updated","_shards":{"total":2,"successful":1,"failed":0},"_seq_no":3376,"_primary_term":14}
2019-12-12 03:56:09 [urllib3.connectionpool] DEBUG: Starting new HTTP connection (1): elasticsearch:9200
2019-12-12 03:56:09 [urllib3.connectionpool] DEBUG: Starting new HTTP connection (1): elasticsearch:9200
2019-12-12 03:56:09 [urllib3.connectionpool] DEBUG: http://elasticsearch:9200 "HEAD /top HTTP/1.1" 200 0
2019-12-12 03:56:09 [elasticsearch] INFO: HEAD http://elasticsearch:9200/top [status:200 request:0.007s]
2019-12-12 03:56:09 [elasticsearch] DEBUG: > None
2019-12-12 03:56:09 [elasticsearch] DEBUG: < 
2019-12-12 03:56:09 [urllib3.connectionpool] DEBUG: http://elasticsearch:9200 "POST /top/_doc/1142 HTTP/1.1" 200 158
2019-12-12 03:56:09 [elasticsearch] INFO: POST http://elasticsearch:9200/top/_doc/1142 [status:200 request:0.050s]
2019-12-12 03:56:09 [elasticsearch] DEBUG: > {"title":"某宝ipad学习游戏礼包","description_content":null,"update_at":1576122969289}
2019-12-12 03:56:09 [elasticsearch] DEBUG: < {"_index":"top","_type":"_doc","_id":"1142","_version":4,"result":"updated","_shards":{"total":2,"successful":1,"failed":0},"_seq_no":3377,"_primary_term":14}
2019-12-12 03:56:09 [urllib3.connectionpool] DEBUG: http://elasticsearch:9200 "HEAD /top HTTP/1.1" 200 0
2019-12-12 03:56:09 [elasticsearch] INFO: HEAD http://elasticsearch:9200/top [status:200 request:0.008s]
2019-12-12 03:56:09 [elasticsearch] DEBUG: > None
2019-12-12 03:56:09 [elasticsearch] DEBUG: < 
2019-12-12 03:56:09 [urllib3.connectionpool] DEBUG: Starting new HTTP connection (1): elasticsearch:9200
2019-12-12 03:56:09 [urllib3.connectionpool] DEBUG: http://elasticsearch:9200 "HEAD /top HTTP/1.1" 200 0
2019-12-12 03:56:09 [elasticsearch] INFO: HEAD http://elasticsearch:9200/top [status:200 request:0.002s]
2019-12-12 03:56:09 [elasticsearch] DEBUG: > None
2019-12-12 03:56:09 [elasticsearch] DEBUG: < 
2019-12-12 03:56:09 [urllib3.connectionpool] DEBUG: http://elasticsearch:9200 "POST /top/_doc/1143 HTTP/1.1" 200 158
2019-12-12 03:56:09 [elasticsearch] INFO: POST http://elasticsearch:9200/top/_doc/1143 [status:200 request:0.048s]
2019-12-12 03:56:09 [elasticsearch] DEBUG: > {"title":"雷电模拟器4.x 去广告版+增强镜像","description_content":null,"update_at":1576122969289}
2019-12-12 03:56:09 [elasticsearch] DEBUG: < {"_index":"top","_type":"_doc","_id":"1143","_version":4,"result":"updated","_shards":{"total":2,"successful":1,"failed":0},"_seq_no":3378,"_primary_term":14}
2019-12-12 03:56:09 [urllib3.connectionpool] DEBUG: Starting new HTTP connection (1): elasticsearch:9200
2019-12-12 03:56:09 [urllib3.connectionpool] DEBUG: http://elasticsearch:9200 "HEAD /top HTTP/1.1" 200 0
2019-12-12 03:56:09 [elasticsearch] INFO: HEAD http://elasticsearch:9200/top [status:200 request:0.004s]
2019-12-12 03:56:09 [elasticsearch] DEBUG: > None
2019-12-12 03:56:09 [elasticsearch] DEBUG: < 
2019-12-12 03:56:09 [urllib3.connectionpool] DEBUG: http://elasticsearch:9200 "POST /top/_doc/1144 HTTP/1.1" 200 158
2019-12-12 03:56:09 [elasticsearch] INFO: POST http://elasticsearch:9200/top/_doc/1144 [status:200 request:0.041s]
2019-12-12 03:56:09 [elasticsearch] DEBUG: > {"title":"【重写协议】手机号码标记查询工具  抵制恶意标记","description_content":null,"update_at":1576122969289}
2019-12-12 03:56:09 [elasticsearch] DEBUG: < {"_index":"top","_type":"_doc","_id":"1144","_version":4,"result":"updated","_shards":{"total":2,"successful":1,"failed":0},"_seq_no":3379,"_primary_term":14}
2019-12-12 03:56:09 [urllib3.connectionpool] DEBUG: http://elasticsearch:9200 "POST /top/_doc/1145 HTTP/1.1" 200 158
2019-12-12 03:56:09 [elasticsearch] INFO: POST http://elasticsearch:9200/top/_doc/1145 [status:200 request:0.047s]
2019-12-12 03:56:09 [elasticsearch] DEBUG: > {"title":"网易云音乐下载工具(可下载VIP付费灰色等所有歌曲)","description_content":null,"update_at":1576122969289}
2019-12-12 03:56:09 [elasticsearch] DEBUG: < {"_index":"top","_type":"_doc","_id":"1145","_version":4,"result":"updated","_shards":{"total":2,"successful":1,"failed":0},"_seq_no":3380,"_primary_term":14}
2019-12-12 03:56:09 [urllib3.connectionpool] DEBUG: http://elasticsearch:9200 "POST /top/_doc/1146 HTTP/1.1" 200 158
2019-12-12 03:56:09 [elasticsearch] INFO: POST http://elasticsearch:9200/top/_doc/1146 [status:200 request:0.053s]
2019-12-12 03:56:09 [elasticsearch] DEBUG: > {"title":"某娱乐网扫qq号软件！！","description_content":null,"update_at":1576122969289}
2019-12-12 03:56:09 [elasticsearch] DEBUG: < {"_index":"top","_type":"_doc","_id":"1146","_version":4,"result":"updated","_shards":{"total":2,"successful":1,"failed":0},"_seq_no":3381,"_primary_term":14}
2019-12-12 03:56:09 [urllib3.connectionpool] DEBUG: http://elasticsearch:9200 "POST /top/_doc/1147 HTTP/1.1" 200 158
2019-12-12 03:56:09 [elasticsearch] INFO: POST http://elasticsearch:9200/top/_doc/1147 [status:200 request:0.053s]
2019-12-12 03:56:09 [elasticsearch] DEBUG: > {"title":"WinRAR v5.80简体中文版by烈火","description_content":null,"update_at":1576122969289}
2019-12-12 03:56:09 [elasticsearch] DEBUG: < {"_index":"top","_type":"_doc","_id":"1147","_version":4,"result":"updated","_shards":{"total":2,"successful":1,"failed":0},"_seq_no":3382,"_primary_term":14}
2019-12-12 03:56:09 [urllib3.connectionpool] DEBUG: http://elasticsearch:9200 "POST /top/_doc/1148 HTTP/1.1" 200 158
2019-12-12 03:56:09 [elasticsearch] INFO: POST http://elasticsearch:9200/top/_doc/1148 [status:200 request:0.047s]
2019-12-12 03:56:09 [elasticsearch] DEBUG: > {"title":"【盒子】2019新出厂魔百盒M301H全系列免拆U刷固件201912语音版","description_content":null,"update_at":1576122969289}
2019-12-12 03:56:09 [elasticsearch] DEBUG: < {"_index":"top","_type":"_doc","_id":"1148","_version":4,"result":"updated","_shards":{"total":2,"successful":1,"failed":0},"_seq_no":3383,"_primary_term":14}
