2019-12-12 03:23:58 [scrapy.utils.log] INFO: Scrapy 1.7.4 started (bot: spider_tophub)
2019-12-12 03:23:58 [scrapy.utils.log] INFO: Versions: lxml 4.4.1.0, libxml2 2.9.9, cssselect 1.1.0, parsel 1.5.2, w3lib 1.21.0, Twisted 19.7.0, Python 3.7.5 (default, Nov 23 2019, 05:59:34) - [GCC 8.3.0], pyOpenSSL 19.0.0 (OpenSSL 1.1.1d  10 Sep 2019), cryptography 2.8, Platform Linux-3.10.0-1062.1.2.el7.x86_64-x86_64-with-debian-10.2
2019-12-12 03:23:58 [scrapy.crawler] INFO: Overridden settings: {'BOT_NAME': 'spider_tophub', 'DOWNLOAD_DELAY': 1, 'LOG_FILE': 'logs/spider_tophub/ifanr_coolbuy/435132de1c8e11ea9d990242ac190004.log', 'NEWSPIDER_MODULE': 'spider_tophub.spiders', 'ROBOTSTXT_OBEY': True, 'SPIDER_MODULES': ['spider_tophub.spiders'], 'USER_AGENT': 'Mozilla/5.0 (Windows NT 10.0; Win64; x64) AppleWebKit/537.36 (KHTML, like Gecko) Chrome/77.0.3865.120 Safari/537.36'}
2019-12-12 03:23:58 [scrapy.extensions.telnet] INFO: Telnet Password: c06a49793b36bddb
2019-12-12 03:23:58 [scrapy.middleware] INFO: Enabled extensions:
['scrapy.extensions.corestats.CoreStats',
 'scrapy.extensions.telnet.TelnetConsole',
 'scrapy.extensions.memusage.MemoryUsage',
 'scrapy.extensions.logstats.LogStats']
2019-12-12 03:23:58 [scrapy.middleware] INFO: Enabled downloader middlewares:
['scrapy.downloadermiddlewares.robotstxt.RobotsTxtMiddleware',
 'scrapy.downloadermiddlewares.httpauth.HttpAuthMiddleware',
 'scrapy.downloadermiddlewares.downloadtimeout.DownloadTimeoutMiddleware',
 'scrapy.downloadermiddlewares.defaultheaders.DefaultHeadersMiddleware',
 'scrapy.downloadermiddlewares.useragent.UserAgentMiddleware',
 'scrapy.downloadermiddlewares.retry.RetryMiddleware',
 'scrapy.downloadermiddlewares.redirect.MetaRefreshMiddleware',
 'scrapy.downloadermiddlewares.httpcompression.HttpCompressionMiddleware',
 'scrapy.downloadermiddlewares.redirect.RedirectMiddleware',
 'scrapy.downloadermiddlewares.cookies.CookiesMiddleware',
 'scrapy.downloadermiddlewares.httpproxy.HttpProxyMiddleware',
 'scrapy.downloadermiddlewares.stats.DownloaderStats']
2019-12-12 03:23:58 [scrapy.middleware] INFO: Enabled spider middlewares:
['scrapy.spidermiddlewares.httperror.HttpErrorMiddleware',
 'scrapy.spidermiddlewares.offsite.OffsiteMiddleware',
 'scrapy.spidermiddlewares.referer.RefererMiddleware',
 'scrapy.spidermiddlewares.urllength.UrlLengthMiddleware',
 'scrapy.spidermiddlewares.depth.DepthMiddleware']
2019-12-12 03:23:58 [scrapy.middleware] INFO: Enabled item pipelines:
['spider_tophub.pipelines.MysqlTwistedPipeline']
2019-12-12 03:23:58 [scrapy.core.engine] INFO: Spider opened
2019-12-12 03:23:58 [scrapy.extensions.logstats] INFO: Crawled 0 pages (at 0 pages/min), scraped 0 items (at 0 items/min)
2019-12-12 03:23:58 [scrapy.extensions.telnet] INFO: Telnet console listening on 127.0.0.1:6024
2019-12-12 03:23:59 [scrapy.core.engine] DEBUG: Crawled (404) <GET https://sso.ifanr.com/robots.txt> (referer: None)
2019-12-12 03:24:00 [scrapy.core.engine] DEBUG: Crawled (200) <GET https://sso.ifanr.com/api/v5/wp/article/?post_type=coolbuy> (referer: None)
2019-12-12 03:24:00 [scrapy.core.scraper] DEBUG: Scraped from <200 https://sso.ifanr.com/api/v5/wp/article/?post_type=coolbuy>
None
2019-12-12 03:24:00 [scrapy.core.scraper] DEBUG: Scraped from <200 https://sso.ifanr.com/api/v5/wp/article/?post_type=coolbuy>
None
2019-12-12 03:24:00 [scrapy.core.scraper] DEBUG: Scraped from <200 https://sso.ifanr.com/api/v5/wp/article/?post_type=coolbuy>
None
2019-12-12 03:24:00 [scrapy.core.scraper] DEBUG: Scraped from <200 https://sso.ifanr.com/api/v5/wp/article/?post_type=coolbuy>
None
2019-12-12 03:24:00 [scrapy.core.scraper] DEBUG: Scraped from <200 https://sso.ifanr.com/api/v5/wp/article/?post_type=coolbuy>
None
2019-12-12 03:24:00 [scrapy.core.scraper] DEBUG: Scraped from <200 https://sso.ifanr.com/api/v5/wp/article/?post_type=coolbuy>
None
2019-12-12 03:24:00 [scrapy.core.scraper] DEBUG: Scraped from <200 https://sso.ifanr.com/api/v5/wp/article/?post_type=coolbuy>
None
2019-12-12 03:24:00 [scrapy.core.scraper] DEBUG: Scraped from <200 https://sso.ifanr.com/api/v5/wp/article/?post_type=coolbuy>
None
2019-12-12 03:24:00 [scrapy.core.scraper] DEBUG: Scraped from <200 https://sso.ifanr.com/api/v5/wp/article/?post_type=coolbuy>
None
2019-12-12 03:24:00 [scrapy.core.scraper] DEBUG: Scraped from <200 https://sso.ifanr.com/api/v5/wp/article/?post_type=coolbuy>
None
2019-12-12 03:24:00 [scrapy.core.scraper] DEBUG: Scraped from <200 https://sso.ifanr.com/api/v5/wp/article/?post_type=coolbuy>
None
2019-12-12 03:24:00 [scrapy.core.scraper] DEBUG: Scraped from <200 https://sso.ifanr.com/api/v5/wp/article/?post_type=coolbuy>
None
2019-12-12 03:24:00 [scrapy.core.scraper] DEBUG: Scraped from <200 https://sso.ifanr.com/api/v5/wp/article/?post_type=coolbuy>
None
2019-12-12 03:24:00 [scrapy.core.scraper] DEBUG: Scraped from <200 https://sso.ifanr.com/api/v5/wp/article/?post_type=coolbuy>
None
2019-12-12 03:24:00 [scrapy.core.scraper] DEBUG: Scraped from <200 https://sso.ifanr.com/api/v5/wp/article/?post_type=coolbuy>
None
2019-12-12 03:24:00 [scrapy.core.scraper] DEBUG: Scraped from <200 https://sso.ifanr.com/api/v5/wp/article/?post_type=coolbuy>
None
2019-12-12 03:24:00 [scrapy.core.scraper] DEBUG: Scraped from <200 https://sso.ifanr.com/api/v5/wp/article/?post_type=coolbuy>
None
2019-12-12 03:24:00 [scrapy.core.scraper] DEBUG: Scraped from <200 https://sso.ifanr.com/api/v5/wp/article/?post_type=coolbuy>
None
2019-12-12 03:24:00 [scrapy.core.scraper] DEBUG: Scraped from <200 https://sso.ifanr.com/api/v5/wp/article/?post_type=coolbuy>
None
2019-12-12 03:24:00 [scrapy.core.scraper] DEBUG: Scraped from <200 https://sso.ifanr.com/api/v5/wp/article/?post_type=coolbuy>
None
2019-12-12 03:24:00 [scrapy.core.engine] INFO: Closing spider (finished)
2019-12-12 03:24:00 [scrapy.statscollectors] INFO: Dumping Scrapy stats:
{'downloader/request_bytes': 632,
 'downloader/request_count': 2,
 'downloader/request_method_count/GET': 2,
 'downloader/response_bytes': 137975,
 'downloader/response_count': 2,
 'downloader/response_status_count/200': 1,
 'downloader/response_status_count/404': 1,
 'elapsed_time_seconds': 1.715955,
 'finish_reason': 'finished',
 'finish_time': datetime.datetime(2019, 12, 12, 3, 24, 0, 653185),
 'item_scraped_count': 20,
 'log_count/DEBUG': 22,
 'log_count/INFO': 10,
 'memusage/max': 57237504,
 'memusage/startup': 57237504,
 'response_received_count': 2,
 'robotstxt/request_count': 1,
 'robotstxt/response_count': 1,
 'robotstxt/response_status_count/404': 1,
 'scheduler/dequeued': 1,
 'scheduler/dequeued/memory': 1,
 'scheduler/enqueued': 1,
 'scheduler/enqueued/memory': 1,
 'start_time': datetime.datetime(2019, 12, 12, 3, 23, 58, 937230)}
2019-12-12 03:24:00 [scrapy.core.engine] INFO: Spider closed (finished)
2019-12-12 03:24:00 [urllib3.connectionpool] DEBUG: Starting new HTTP connection (1): elasticsearch:9200
2019-12-12 03:24:00 [urllib3.connectionpool] DEBUG: Starting new HTTP connection (1): elasticsearch:9200
2019-12-12 03:24:00 [urllib3.connectionpool] DEBUG: Starting new HTTP connection (1): elasticsearch:9200
2019-12-12 03:24:00 [urllib3.connectionpool] DEBUG: Starting new HTTP connection (1): elasticsearch:9200
2019-12-12 03:24:00 [urllib3.connectionpool] DEBUG: http://elasticsearch:9200 "HEAD /top HTTP/1.1" 200 0
2019-12-12 03:24:00 [elasticsearch] INFO: HEAD http://elasticsearch:9200/top [status:200 request:0.007s]
2019-12-12 03:24:00 [elasticsearch] DEBUG: > None
2019-12-12 03:24:00 [elasticsearch] DEBUG: < 
2019-12-12 03:24:00 [urllib3.connectionpool] DEBUG: http://elasticsearch:9200 "HEAD /top HTTP/1.1" 200 0
2019-12-12 03:24:00 [elasticsearch] INFO: HEAD http://elasticsearch:9200/top [status:200 request:0.007s]
2019-12-12 03:24:00 [elasticsearch] DEBUG: > None
2019-12-12 03:24:00 [elasticsearch] DEBUG: < 
2019-12-12 03:24:00 [urllib3.connectionpool] DEBUG: http://elasticsearch:9200 "HEAD /top HTTP/1.1" 200 0
2019-12-12 03:24:00 [elasticsearch] INFO: HEAD http://elasticsearch:9200/top [status:200 request:0.009s]
2019-12-12 03:24:00 [elasticsearch] DEBUG: > None
2019-12-12 03:24:00 [elasticsearch] DEBUG: < 
2019-12-12 03:24:00 [urllib3.connectionpool] DEBUG: http://elasticsearch:9200 "HEAD /top HTTP/1.1" 200 0
2019-12-12 03:24:00 [elasticsearch] INFO: HEAD http://elasticsearch:9200/top [status:200 request:0.007s]
2019-12-12 03:24:00 [elasticsearch] DEBUG: > None
2019-12-12 03:24:00 [elasticsearch] DEBUG: < 
2019-12-12 03:24:00 [urllib3.connectionpool] DEBUG: Starting new HTTP connection (1): elasticsearch:9200
2019-12-12 03:24:00 [urllib3.connectionpool] DEBUG: http://elasticsearch:9200 "HEAD /top HTTP/1.1" 200 0
2019-12-12 03:24:00 [elasticsearch] INFO: HEAD http://elasticsearch:9200/top [status:200 request:0.003s]
2019-12-12 03:24:00 [elasticsearch] DEBUG: > None
2019-12-12 03:24:00 [elasticsearch] DEBUG: < 
2019-12-12 03:24:00 [urllib3.connectionpool] DEBUG: http://elasticsearch:9200 "POST /top/_doc/859 HTTP/1.1" 201 157
2019-12-12 03:24:00 [elasticsearch] INFO: POST http://elasticsearch:9200/top/_doc/859 [status:201 request:0.011s]
2019-12-12 03:24:00 [elasticsearch] DEBUG: > {"title":"Champion 的对手来了，这件基本款  2019 年会火吗？","description_content":null,"update_at":1576121040641}
2019-12-12 03:24:00 [elasticsearch] DEBUG: < {"_index":"top","_type":"_doc","_id":"859","_version":1,"result":"created","_shards":{"total":2,"successful":1,"failed":0},"_seq_no":1548,"_primary_term":10}
2019-12-12 03:24:00 [urllib3.connectionpool] DEBUG: http://elasticsearch:9200 "POST /top/_doc/862 HTTP/1.1" 201 157
2019-12-12 03:24:00 [elasticsearch] INFO: POST http://elasticsearch:9200/top/_doc/862 [status:201 request:0.017s]
2019-12-12 03:24:00 [elasticsearch] DEBUG: > {"title":"让人沦陷的 6 款手表，让你和撞表说 byebye","description_content":null,"update_at":1576121040641}
2019-12-12 03:24:00 [elasticsearch] DEBUG: < {"_index":"top","_type":"_doc","_id":"862","_version":1,"result":"created","_shards":{"total":2,"successful":1,"failed":0},"_seq_no":1549,"_primary_term":10}
2019-12-12 03:24:00 [urllib3.connectionpool] DEBUG: Starting new HTTP connection (1): elasticsearch:9200
2019-12-12 03:24:00 [urllib3.connectionpool] DEBUG: http://elasticsearch:9200 "HEAD /top HTTP/1.1" 200 0
2019-12-12 03:24:00 [elasticsearch] INFO: HEAD http://elasticsearch:9200/top [status:200 request:0.002s]
2019-12-12 03:24:00 [elasticsearch] DEBUG: > None
2019-12-12 03:24:00 [elasticsearch] DEBUG: < 
2019-12-12 03:24:00 [urllib3.connectionpool] DEBUG: http://elasticsearch:9200 "POST /top/_doc/861 HTTP/1.1" 201 157
2019-12-12 03:24:00 [elasticsearch] INFO: POST http://elasticsearch:9200/top/_doc/861 [status:201 request:0.031s]
2019-12-12 03:24:00 [elasticsearch] DEBUG: > {"title":"adidas 开始卖西装了，霸气全开","description_content":null,"update_at":1576121040641}
2019-12-12 03:24:00 [elasticsearch] DEBUG: < {"_index":"top","_type":"_doc","_id":"861","_version":1,"result":"created","_shards":{"total":2,"successful":1,"failed":0},"_seq_no":1550,"_primary_term":10}
2019-12-12 03:24:00 [urllib3.connectionpool] DEBUG: Starting new HTTP connection (1): elasticsearch:9200
2019-12-12 03:24:00 [urllib3.connectionpool] DEBUG: http://elasticsearch:9200 "HEAD /top HTTP/1.1" 200 0
2019-12-12 03:24:00 [elasticsearch] INFO: HEAD http://elasticsearch:9200/top [status:200 request:0.002s]
2019-12-12 03:24:00 [elasticsearch] DEBUG: > None
2019-12-12 03:24:00 [elasticsearch] DEBUG: < 
2019-12-12 03:24:00 [urllib3.connectionpool] DEBUG: http://elasticsearch:9200 "POST /top/_doc/860 HTTP/1.1" 201 157
2019-12-12 03:24:00 [elasticsearch] INFO: POST http://elasticsearch:9200/top/_doc/860 [status:201 request:0.036s]
2019-12-12 03:24:00 [elasticsearch] DEBUG: > {"title":"回力，也开始变潮？！这次你会入手吗","description_content":null,"update_at":1576121040641}
2019-12-12 03:24:00 [elasticsearch] DEBUG: < {"_index":"top","_type":"_doc","_id":"860","_version":1,"result":"created","_shards":{"total":2,"successful":1,"failed":0},"_seq_no":1551,"_primary_term":10}
2019-12-12 03:24:00 [urllib3.connectionpool] DEBUG: Starting new HTTP connection (1): elasticsearch:9200
2019-12-12 03:24:00 [urllib3.connectionpool] DEBUG: http://elasticsearch:9200 "HEAD /top HTTP/1.1" 200 0
2019-12-12 03:24:00 [elasticsearch] INFO: HEAD http://elasticsearch:9200/top [status:200 request:0.003s]
2019-12-12 03:24:00 [elasticsearch] DEBUG: > None
2019-12-12 03:24:00 [elasticsearch] DEBUG: < 
2019-12-12 03:24:00 [urllib3.connectionpool] DEBUG: http://elasticsearch:9200 "POST /top/_doc/863 HTTP/1.1" 201 157
2019-12-12 03:24:00 [elasticsearch] INFO: POST http://elasticsearch:9200/top/_doc/863 [status:201 request:0.039s]
2019-12-12 03:24:00 [elasticsearch] DEBUG: > {"title":"酒吧不行了，现在的年轻人都在这艳遇","description_content":null,"update_at":1576121040641}
2019-12-12 03:24:00 [elasticsearch] DEBUG: < {"_index":"top","_type":"_doc","_id":"863","_version":1,"result":"created","_shards":{"total":2,"successful":1,"failed":0},"_seq_no":1552,"_primary_term":10}
2019-12-12 03:24:00 [urllib3.connectionpool] DEBUG: Starting new HTTP connection (1): elasticsearch:9200
2019-12-12 03:24:00 [urllib3.connectionpool] DEBUG: http://elasticsearch:9200 "HEAD /top HTTP/1.1" 200 0
2019-12-12 03:24:00 [elasticsearch] INFO: HEAD http://elasticsearch:9200/top [status:200 request:0.002s]
2019-12-12 03:24:00 [elasticsearch] DEBUG: > None
2019-12-12 03:24:00 [elasticsearch] DEBUG: < 
2019-12-12 03:24:00 [urllib3.connectionpool] DEBUG: http://elasticsearch:9200 "POST /top/_doc/864 HTTP/1.1" 201 157
2019-12-12 03:24:00 [elasticsearch] INFO: POST http://elasticsearch:9200/top/_doc/864 [status:201 request:0.035s]
2019-12-12 03:24:00 [elasticsearch] DEBUG: > {"title":"「色情网站」做的杂货品牌，路子野到不行","description_content":null,"update_at":1576121040641}
2019-12-12 03:24:00 [elasticsearch] DEBUG: < {"_index":"top","_type":"_doc","_id":"864","_version":1,"result":"created","_shards":{"total":2,"successful":1,"failed":0},"_seq_no":1553,"_primary_term":10}
2019-12-12 03:24:00 [urllib3.connectionpool] DEBUG: Starting new HTTP connection (1): elasticsearch:9200
2019-12-12 03:24:00 [urllib3.connectionpool] DEBUG: http://elasticsearch:9200 "HEAD /top HTTP/1.1" 200 0
2019-12-12 03:24:00 [elasticsearch] INFO: HEAD http://elasticsearch:9200/top [status:200 request:0.002s]
2019-12-12 03:24:00 [elasticsearch] DEBUG: > None
2019-12-12 03:24:00 [elasticsearch] DEBUG: < 
2019-12-12 03:24:00 [urllib3.connectionpool] DEBUG: http://elasticsearch:9200 "POST /top/_doc/865 HTTP/1.1" 201 157
2019-12-12 03:24:00 [elasticsearch] INFO: POST http://elasticsearch:9200/top/_doc/865 [status:201 request:0.032s]
2019-12-12 03:24:00 [elasticsearch] DEBUG: > {"title":"才不是瑞幸咖啡！火遍 ins「小蓝杯」，来中国了","description_content":null,"update_at":1576121040641}
2019-12-12 03:24:00 [elasticsearch] DEBUG: < {"_index":"top","_type":"_doc","_id":"865","_version":1,"result":"created","_shards":{"total":2,"successful":1,"failed":0},"_seq_no":1554,"_primary_term":10}
2019-12-12 03:24:00 [urllib3.connectionpool] DEBUG: Starting new HTTP connection (1): elasticsearch:9200
2019-12-12 03:24:00 [urllib3.connectionpool] DEBUG: http://elasticsearch:9200 "HEAD /top HTTP/1.1" 200 0
2019-12-12 03:24:00 [elasticsearch] INFO: HEAD http://elasticsearch:9200/top [status:200 request:0.003s]
2019-12-12 03:24:00 [elasticsearch] DEBUG: > None
2019-12-12 03:24:00 [elasticsearch] DEBUG: < 
2019-12-12 03:24:00 [urllib3.connectionpool] DEBUG: http://elasticsearch:9200 "POST /top/_doc/866 HTTP/1.1" 201 157
2019-12-12 03:24:00 [elasticsearch] INFO: POST http://elasticsearch:9200/top/_doc/866 [status:201 request:0.033s]
2019-12-12 03:24:00 [elasticsearch] DEBUG: > {"title":"除了匡威，还有这双小众帆布鞋，告别「烂大街」","description_content":null,"update_at":1576121040641}
2019-12-12 03:24:00 [elasticsearch] DEBUG: < {"_index":"top","_type":"_doc","_id":"866","_version":1,"result":"created","_shards":{"total":2,"successful":1,"failed":0},"_seq_no":1555,"_primary_term":10}
2019-12-12 03:24:00 [urllib3.connectionpool] DEBUG: Starting new HTTP connection (1): elasticsearch:9200
2019-12-12 03:24:00 [urllib3.connectionpool] DEBUG: http://elasticsearch:9200 "HEAD /top HTTP/1.1" 200 0
2019-12-12 03:24:00 [elasticsearch] INFO: HEAD http://elasticsearch:9200/top [status:200 request:0.003s]
2019-12-12 03:24:00 [elasticsearch] DEBUG: > None
2019-12-12 03:24:00 [elasticsearch] DEBUG: < 
2019-12-12 03:24:00 [urllib3.connectionpool] DEBUG: http://elasticsearch:9200 "POST /top/_doc/867 HTTP/1.1" 201 157
2019-12-12 03:24:00 [elasticsearch] INFO: POST http://elasticsearch:9200/top/_doc/867 [status:201 request:0.031s]
2019-12-12 03:24:00 [elasticsearch] DEBUG: > {"title":"谁说国产包又丑又菜？！这个牌子真的酷","description_content":null,"update_at":1576121040641}
2019-12-12 03:24:00 [elasticsearch] DEBUG: < {"_index":"top","_type":"_doc","_id":"867","_version":1,"result":"created","_shards":{"total":2,"successful":1,"failed":0},"_seq_no":1556,"_primary_term":10}
2019-12-12 03:24:00 [urllib3.connectionpool] DEBUG: Starting new HTTP connection (1): elasticsearch:9200
2019-12-12 03:24:00 [urllib3.connectionpool] DEBUG: http://elasticsearch:9200 "HEAD /top HTTP/1.1" 200 0
2019-12-12 03:24:00 [elasticsearch] INFO: HEAD http://elasticsearch:9200/top [status:200 request:0.002s]
2019-12-12 03:24:00 [elasticsearch] DEBUG: > None
2019-12-12 03:24:00 [elasticsearch] DEBUG: < 
2019-12-12 03:24:00 [urllib3.connectionpool] DEBUG: http://elasticsearch:9200 "POST /top/_doc/868 HTTP/1.1" 201 157
2019-12-12 03:24:00 [elasticsearch] INFO: POST http://elasticsearch:9200/top/_doc/868 [status:201 request:0.032s]
2019-12-12 03:24:00 [elasticsearch] DEBUG: > {"title":"比起优衣库 x KAWS ，这个牌子更值得买","description_content":null,"update_at":1576121040641}
2019-12-12 03:24:00 [elasticsearch] DEBUG: < {"_index":"top","_type":"_doc","_id":"868","_version":1,"result":"created","_shards":{"total":2,"successful":1,"failed":0},"_seq_no":1557,"_primary_term":10}
2019-12-12 03:24:00 [urllib3.connectionpool] DEBUG: Starting new HTTP connection (1): elasticsearch:9200
2019-12-12 03:24:00 [urllib3.connectionpool] DEBUG: http://elasticsearch:9200 "HEAD /top HTTP/1.1" 200 0
2019-12-12 03:24:00 [elasticsearch] INFO: HEAD http://elasticsearch:9200/top [status:200 request:0.002s]
2019-12-12 03:24:00 [elasticsearch] DEBUG: > None
2019-12-12 03:24:00 [elasticsearch] DEBUG: < 
2019-12-12 03:24:00 [urllib3.connectionpool] DEBUG: http://elasticsearch:9200 "POST /top/_doc/869 HTTP/1.1" 201 157
2019-12-12 03:24:00 [elasticsearch] INFO: POST http://elasticsearch:9200/top/_doc/869 [status:201 request:0.031s]
2019-12-12 03:24:00 [elasticsearch] DEBUG: > {"title":"星巴克都为它撑腰！2019 年最火的饮料，竟然是它","description_content":null,"update_at":1576121040641}
2019-12-12 03:24:00 [elasticsearch] DEBUG: < {"_index":"top","_type":"_doc","_id":"869","_version":1,"result":"created","_shards":{"total":2,"successful":1,"failed":0},"_seq_no":1558,"_primary_term":10}
2019-12-12 03:24:00 [urllib3.connectionpool] DEBUG: Starting new HTTP connection (1): elasticsearch:9200
2019-12-12 03:24:00 [urllib3.connectionpool] DEBUG: http://elasticsearch:9200 "HEAD /top HTTP/1.1" 200 0
2019-12-12 03:24:00 [elasticsearch] INFO: HEAD http://elasticsearch:9200/top [status:200 request:0.016s]
2019-12-12 03:24:00 [elasticsearch] DEBUG: > None
2019-12-12 03:24:00 [elasticsearch] DEBUG: < 
2019-12-12 03:24:00 [urllib3.connectionpool] DEBUG: Starting new HTTP connection (1): elasticsearch:9200
2019-12-12 03:24:00 [urllib3.connectionpool] DEBUG: http://elasticsearch:9200 "HEAD /top HTTP/1.1" 200 0
2019-12-12 03:24:00 [elasticsearch] INFO: HEAD http://elasticsearch:9200/top [status:200 request:0.004s]
2019-12-12 03:24:00 [elasticsearch] DEBUG: > None
2019-12-12 03:24:00 [elasticsearch] DEBUG: < 
2019-12-12 03:24:00 [urllib3.connectionpool] DEBUG: http://elasticsearch:9200 "POST /top/_doc/870 HTTP/1.1" 201 157
2019-12-12 03:24:00 [elasticsearch] INFO: POST http://elasticsearch:9200/top/_doc/870 [status:201 request:0.054s]
2019-12-12 03:24:00 [elasticsearch] DEBUG: > {"title":"真露骨，这家成人の玩具在全世界卖疯了...","description_content":null,"update_at":1576121040641}
2019-12-12 03:24:00 [elasticsearch] DEBUG: < {"_index":"top","_type":"_doc","_id":"870","_version":1,"result":"created","_shards":{"total":2,"successful":1,"failed":0},"_seq_no":1559,"_primary_term":10}
2019-12-12 03:24:00 [urllib3.connectionpool] DEBUG: Starting new HTTP connection (1): elasticsearch:9200
2019-12-12 03:24:00 [urllib3.connectionpool] DEBUG: http://elasticsearch:9200 "HEAD /top HTTP/1.1" 200 0
2019-12-12 03:24:00 [elasticsearch] INFO: HEAD http://elasticsearch:9200/top [status:200 request:0.003s]
2019-12-12 03:24:00 [elasticsearch] DEBUG: > None
2019-12-12 03:24:00 [elasticsearch] DEBUG: < 
2019-12-12 03:24:00 [urllib3.connectionpool] DEBUG: http://elasticsearch:9200 "POST /top/_doc/871 HTTP/1.1" 201 157
2019-12-12 03:24:00 [elasticsearch] INFO: POST http://elasticsearch:9200/top/_doc/871 [status:201 request:0.056s]
2019-12-12 03:24:00 [elasticsearch] DEBUG: > {"title":"优衣库今年最值得买的联名！不是火影和柯南，是它","description_content":null,"update_at":1576121040641}
2019-12-12 03:24:00 [elasticsearch] DEBUG: < {"_index":"top","_type":"_doc","_id":"871","_version":1,"result":"created","_shards":{"total":2,"successful":1,"failed":0},"_seq_no":1560,"_primary_term":10}
2019-12-12 03:24:00 [urllib3.connectionpool] DEBUG: Starting new HTTP connection (1): elasticsearch:9200
2019-12-12 03:24:00 [urllib3.connectionpool] DEBUG: http://elasticsearch:9200 "HEAD /top HTTP/1.1" 200 0
2019-12-12 03:24:00 [elasticsearch] INFO: HEAD http://elasticsearch:9200/top [status:200 request:0.002s]
2019-12-12 03:24:00 [elasticsearch] DEBUG: > None
2019-12-12 03:24:00 [elasticsearch] DEBUG: < 
2019-12-12 03:24:00 [urllib3.connectionpool] DEBUG: http://elasticsearch:9200 "POST /top/_doc/872 HTTP/1.1" 201 157
2019-12-12 03:24:00 [elasticsearch] INFO: POST http://elasticsearch:9200/top/_doc/872 [status:201 request:0.055s]
2019-12-12 03:24:00 [elasticsearch] DEBUG: > {"title":"男生怎么穿西装，才不像伴郎？","description_content":null,"update_at":1576121040641}
2019-12-12 03:24:00 [elasticsearch] DEBUG: < {"_index":"top","_type":"_doc","_id":"872","_version":1,"result":"created","_shards":{"total":2,"successful":1,"failed":0},"_seq_no":1561,"_primary_term":10}
2019-12-12 03:24:00 [urllib3.connectionpool] DEBUG: Starting new HTTP connection (1): elasticsearch:9200
2019-12-12 03:24:00 [urllib3.connectionpool] DEBUG: http://elasticsearch:9200 "HEAD /top HTTP/1.1" 200 0
2019-12-12 03:24:00 [elasticsearch] INFO: HEAD http://elasticsearch:9200/top [status:200 request:0.003s]
2019-12-12 03:24:00 [elasticsearch] DEBUG: > None
2019-12-12 03:24:00 [elasticsearch] DEBUG: < 
2019-12-12 03:24:00 [urllib3.connectionpool] DEBUG: http://elasticsearch:9200 "POST /top/_doc/873 HTTP/1.1" 201 157
2019-12-12 03:24:00 [elasticsearch] INFO: POST http://elasticsearch:9200/top/_doc/873 [status:201 request:0.038s]
2019-12-12 03:24:00 [elasticsearch] DEBUG: > {"title":"安踏 X 故宫，这是什么神仙联名？","description_content":null,"update_at":1576121040641}
2019-12-12 03:24:00 [elasticsearch] DEBUG: < {"_index":"top","_type":"_doc","_id":"873","_version":1,"result":"created","_shards":{"total":2,"successful":1,"failed":0},"_seq_no":1562,"_primary_term":10}
2019-12-12 03:24:00 [urllib3.connectionpool] DEBUG: Starting new HTTP connection (1): elasticsearch:9200
2019-12-12 03:24:00 [urllib3.connectionpool] DEBUG: http://elasticsearch:9200 "HEAD /top HTTP/1.1" 200 0
2019-12-12 03:24:00 [elasticsearch] INFO: HEAD http://elasticsearch:9200/top [status:200 request:0.002s]
2019-12-12 03:24:00 [elasticsearch] DEBUG: > None
2019-12-12 03:24:00 [elasticsearch] DEBUG: < 
2019-12-12 03:24:00 [urllib3.connectionpool] DEBUG: http://elasticsearch:9200 "POST /top/_doc/874 HTTP/1.1" 201 157
2019-12-12 03:24:00 [elasticsearch] INFO: POST http://elasticsearch:9200/top/_doc/874 [status:201 request:0.039s]
2019-12-12 03:24:00 [elasticsearch] DEBUG: > {"title":"UT 告辞了！这个日本「T 恤之王」，给我来 100 件","description_content":null,"update_at":1576121040641}
2019-12-12 03:24:00 [elasticsearch] DEBUG: < {"_index":"top","_type":"_doc","_id":"874","_version":1,"result":"created","_shards":{"total":2,"successful":1,"failed":0},"_seq_no":1563,"_primary_term":10}
2019-12-12 03:24:00 [urllib3.connectionpool] DEBUG: http://elasticsearch:9200 "POST /top/_doc/875 HTTP/1.1" 201 157
2019-12-12 03:24:00 [elasticsearch] INFO: POST http://elasticsearch:9200/top/_doc/875 [status:201 request:0.031s]
2019-12-12 03:24:00 [elasticsearch] DEBUG: > {"title":"这些权游「八卦」都不知道，还敢说自己在追剧？！","description_content":null,"update_at":1576121040641}
2019-12-12 03:24:00 [elasticsearch] DEBUG: < {"_index":"top","_type":"_doc","_id":"875","_version":1,"result":"created","_shards":{"total":2,"successful":1,"failed":0},"_seq_no":1564,"_primary_term":10}
2019-12-12 03:24:00 [urllib3.connectionpool] DEBUG: http://elasticsearch:9200 "POST /top/_doc/876 HTTP/1.1" 201 157
2019-12-12 03:24:00 [elasticsearch] INFO: POST http://elasticsearch:9200/top/_doc/876 [status:201 request:0.028s]
2019-12-12 03:24:00 [elasticsearch] DEBUG: > {"title":"什么国产牛仔裤，一点不输 Levi's、Lee ？！","description_content":null,"update_at":1576121040641}
2019-12-12 03:24:00 [elasticsearch] DEBUG: < {"_index":"top","_type":"_doc","_id":"876","_version":1,"result":"created","_shards":{"total":2,"successful":1,"failed":0},"_seq_no":1565,"_primary_term":10}
2019-12-12 03:24:00 [urllib3.connectionpool] DEBUG: http://elasticsearch:9200 "POST /top/_doc/877 HTTP/1.1" 201 157
2019-12-12 03:24:00 [elasticsearch] INFO: POST http://elasticsearch:9200/top/_doc/877 [status:201 request:0.026s]
2019-12-12 03:24:00 [elasticsearch] DEBUG: > {"title":"星巴克女孩靠边站！「茶系女孩」才最让男生没有抵抗力","description_content":null,"update_at":1576121040641}
2019-12-12 03:24:00 [elasticsearch] DEBUG: < {"_index":"top","_type":"_doc","_id":"877","_version":1,"result":"created","_shards":{"total":2,"successful":1,"failed":0},"_seq_no":1566,"_primary_term":10}
2019-12-12 03:24:00 [urllib3.connectionpool] DEBUG: http://elasticsearch:9200 "POST /top/_doc/878 HTTP/1.1" 201 157
2019-12-12 03:24:00 [elasticsearch] INFO: POST http://elasticsearch:9200/top/_doc/878 [status:201 request:0.024s]
2019-12-12 03:24:00 [elasticsearch] DEBUG: > {"title":"不输 Nike，这双火遍硅谷的运动鞋，来中国了","description_content":null,"update_at":1576121040641}
2019-12-12 03:24:00 [elasticsearch] DEBUG: < {"_index":"top","_type":"_doc","_id":"878","_version":1,"result":"created","_shards":{"total":2,"successful":1,"failed":0},"_seq_no":1567,"_primary_term":10}
