2019-12-12 07:45:33 [scrapy.utils.log] INFO: Scrapy 1.7.4 started (bot: spider_tophub)
2019-12-12 07:45:33 [scrapy.utils.log] INFO: Versions: lxml 4.4.1.0, libxml2 2.9.9, cssselect 1.1.0, parsel 1.5.2, w3lib 1.21.0, Twisted 19.7.0, Python 3.7.5 (default, Nov 23 2019, 05:59:34) - [GCC 8.3.0], pyOpenSSL 19.0.0 (OpenSSL 1.1.1d  10 Sep 2019), cryptography 2.8, Platform Linux-3.10.0-1062.1.2.el7.x86_64-x86_64-with-debian-10.2
2019-12-12 07:45:33 [scrapy.crawler] INFO: Overridden settings: {'BOT_NAME': 'spider_tophub', 'DOWNLOAD_DELAY': 1, 'LOG_FILE': 'logs/spider_tophub/ifanr_chanpin/3723e1441cb311ea831a0242ac1c0004.log', 'NEWSPIDER_MODULE': 'spider_tophub.spiders', 'ROBOTSTXT_OBEY': True, 'SPIDER_MODULES': ['spider_tophub.spiders'], 'USER_AGENT': 'Mozilla/5.0 (Windows NT 10.0; Win64; x64) AppleWebKit/537.36 (KHTML, like Gecko) Chrome/77.0.3865.120 Safari/537.36'}
2019-12-12 07:45:33 [scrapy.extensions.telnet] INFO: Telnet Password: c00a34d9862ad64e
2019-12-12 07:45:33 [scrapy.middleware] INFO: Enabled extensions:
['scrapy.extensions.corestats.CoreStats',
 'scrapy.extensions.telnet.TelnetConsole',
 'scrapy.extensions.memusage.MemoryUsage',
 'scrapy.extensions.logstats.LogStats']
2019-12-12 07:45:33 [scrapy.middleware] INFO: Enabled downloader middlewares:
['scrapy.downloadermiddlewares.robotstxt.RobotsTxtMiddleware',
 'scrapy.downloadermiddlewares.httpauth.HttpAuthMiddleware',
 'scrapy.downloadermiddlewares.downloadtimeout.DownloadTimeoutMiddleware',
 'scrapy.downloadermiddlewares.defaultheaders.DefaultHeadersMiddleware',
 'scrapy.downloadermiddlewares.useragent.UserAgentMiddleware',
 'scrapy.downloadermiddlewares.retry.RetryMiddleware',
 'scrapy.downloadermiddlewares.redirect.MetaRefreshMiddleware',
 'scrapy.downloadermiddlewares.httpcompression.HttpCompressionMiddleware',
 'scrapy.downloadermiddlewares.redirect.RedirectMiddleware',
 'scrapy.downloadermiddlewares.cookies.CookiesMiddleware',
 'scrapy.downloadermiddlewares.httpproxy.HttpProxyMiddleware',
 'scrapy.downloadermiddlewares.stats.DownloaderStats']
2019-12-12 07:45:33 [scrapy.middleware] INFO: Enabled spider middlewares:
['scrapy.spidermiddlewares.httperror.HttpErrorMiddleware',
 'scrapy.spidermiddlewares.offsite.OffsiteMiddleware',
 'scrapy.spidermiddlewares.referer.RefererMiddleware',
 'scrapy.spidermiddlewares.urllength.UrlLengthMiddleware',
 'scrapy.spidermiddlewares.depth.DepthMiddleware']
2019-12-12 07:45:33 [scrapy.middleware] INFO: Enabled item pipelines:
['spider_tophub.pipelines.MysqlTwistedPipeline']
2019-12-12 07:45:33 [scrapy.core.engine] INFO: Spider opened
2019-12-12 07:45:33 [scrapy.extensions.logstats] INFO: Crawled 0 pages (at 0 pages/min), scraped 0 items (at 0 items/min)
2019-12-12 07:45:33 [scrapy.extensions.telnet] INFO: Telnet console listening on 127.0.0.1:6023
2019-12-12 07:45:34 [scrapy.core.engine] DEBUG: Crawled (404) <GET https://sso.ifanr.com/robots.txt> (referer: None)
2019-12-12 07:45:35 [scrapy.core.engine] DEBUG: Crawled (200) <GET https://sso.ifanr.com/api/v5/wp/article/?post_category=%E4%BA%A7%E5%93%81> (referer: None)
2019-12-12 07:45:35 [scrapy.core.scraper] DEBUG: Scraped from <200 https://sso.ifanr.com/api/v5/wp/article/?post_category=%E4%BA%A7%E5%93%81>
None
2019-12-12 07:45:35 [scrapy.core.scraper] DEBUG: Scraped from <200 https://sso.ifanr.com/api/v5/wp/article/?post_category=%E4%BA%A7%E5%93%81>
None
2019-12-12 07:45:35 [scrapy.core.scraper] DEBUG: Scraped from <200 https://sso.ifanr.com/api/v5/wp/article/?post_category=%E4%BA%A7%E5%93%81>
None
2019-12-12 07:45:35 [scrapy.core.scraper] DEBUG: Scraped from <200 https://sso.ifanr.com/api/v5/wp/article/?post_category=%E4%BA%A7%E5%93%81>
None
2019-12-12 07:45:35 [scrapy.core.scraper] DEBUG: Scraped from <200 https://sso.ifanr.com/api/v5/wp/article/?post_category=%E4%BA%A7%E5%93%81>
None
2019-12-12 07:45:35 [scrapy.core.scraper] DEBUG: Scraped from <200 https://sso.ifanr.com/api/v5/wp/article/?post_category=%E4%BA%A7%E5%93%81>
None
2019-12-12 07:45:35 [scrapy.core.scraper] DEBUG: Scraped from <200 https://sso.ifanr.com/api/v5/wp/article/?post_category=%E4%BA%A7%E5%93%81>
None
2019-12-12 07:45:35 [scrapy.core.scraper] DEBUG: Scraped from <200 https://sso.ifanr.com/api/v5/wp/article/?post_category=%E4%BA%A7%E5%93%81>
None
2019-12-12 07:45:35 [scrapy.core.scraper] DEBUG: Scraped from <200 https://sso.ifanr.com/api/v5/wp/article/?post_category=%E4%BA%A7%E5%93%81>
None
2019-12-12 07:45:35 [scrapy.core.scraper] DEBUG: Scraped from <200 https://sso.ifanr.com/api/v5/wp/article/?post_category=%E4%BA%A7%E5%93%81>
None
2019-12-12 07:45:35 [scrapy.core.scraper] DEBUG: Scraped from <200 https://sso.ifanr.com/api/v5/wp/article/?post_category=%E4%BA%A7%E5%93%81>
None
2019-12-12 07:45:35 [scrapy.core.scraper] DEBUG: Scraped from <200 https://sso.ifanr.com/api/v5/wp/article/?post_category=%E4%BA%A7%E5%93%81>
None
2019-12-12 07:45:35 [scrapy.core.scraper] DEBUG: Scraped from <200 https://sso.ifanr.com/api/v5/wp/article/?post_category=%E4%BA%A7%E5%93%81>
None
2019-12-12 07:45:35 [scrapy.core.scraper] DEBUG: Scraped from <200 https://sso.ifanr.com/api/v5/wp/article/?post_category=%E4%BA%A7%E5%93%81>
None
2019-12-12 07:45:35 [scrapy.core.scraper] DEBUG: Scraped from <200 https://sso.ifanr.com/api/v5/wp/article/?post_category=%E4%BA%A7%E5%93%81>
None
2019-12-12 07:45:35 [scrapy.core.scraper] DEBUG: Scraped from <200 https://sso.ifanr.com/api/v5/wp/article/?post_category=%E4%BA%A7%E5%93%81>
None
2019-12-12 07:45:35 [scrapy.core.scraper] DEBUG: Scraped from <200 https://sso.ifanr.com/api/v5/wp/article/?post_category=%E4%BA%A7%E5%93%81>
None
2019-12-12 07:45:35 [scrapy.core.scraper] DEBUG: Scraped from <200 https://sso.ifanr.com/api/v5/wp/article/?post_category=%E4%BA%A7%E5%93%81>
None
2019-12-12 07:45:35 [scrapy.core.scraper] DEBUG: Scraped from <200 https://sso.ifanr.com/api/v5/wp/article/?post_category=%E4%BA%A7%E5%93%81>
None
2019-12-12 07:45:35 [scrapy.core.scraper] DEBUG: Scraped from <200 https://sso.ifanr.com/api/v5/wp/article/?post_category=%E4%BA%A7%E5%93%81>
None
2019-12-12 07:45:35 [scrapy.core.engine] INFO: Closing spider (finished)
2019-12-12 07:45:35 [scrapy.statscollectors] INFO: Dumping Scrapy stats:
{'downloader/request_bytes': 647,
 'downloader/request_count': 2,
 'downloader/request_method_count/GET': 2,
 'downloader/response_bytes': 114386,
 'downloader/response_count': 2,
 'downloader/response_status_count/200': 1,
 'downloader/response_status_count/404': 1,
 'elapsed_time_seconds': 1.500686,
 'finish_reason': 'finished',
 'finish_time': datetime.datetime(2019, 12, 12, 7, 45, 35, 390825),
 'item_scraped_count': 20,
 'log_count/DEBUG': 22,
 'log_count/INFO': 10,
 'memusage/max': 57221120,
 'memusage/startup': 57221120,
 'response_received_count': 2,
 'robotstxt/request_count': 1,
 'robotstxt/response_count': 1,
 'robotstxt/response_status_count/404': 1,
 'scheduler/dequeued': 1,
 'scheduler/dequeued/memory': 1,
 'scheduler/enqueued': 1,
 'scheduler/enqueued/memory': 1,
 'start_time': datetime.datetime(2019, 12, 12, 7, 45, 33, 890139)}
2019-12-12 07:45:35 [scrapy.core.engine] INFO: Spider closed (finished)
2019-12-12 07:45:35 [urllib3.connectionpool] DEBUG: Starting new HTTP connection (1): elasticsearch:9200
2019-12-12 07:45:35 [urllib3.connectionpool] DEBUG: Starting new HTTP connection (1): elasticsearch:9200
2019-12-12 07:45:35 [urllib3.connectionpool] DEBUG: Starting new HTTP connection (1): elasticsearch:9200
2019-12-12 07:45:35 [urllib3.connectionpool] DEBUG: Starting new HTTP connection (1): elasticsearch:9200
2019-12-12 07:45:35 [urllib3.connectionpool] DEBUG: http://elasticsearch:9200 "HEAD /top HTTP/1.1" 200 0
2019-12-12 07:45:35 [elasticsearch] INFO: HEAD http://elasticsearch:9200/top [status:200 request:0.006s]
2019-12-12 07:45:35 [elasticsearch] DEBUG: > None
2019-12-12 07:45:35 [elasticsearch] DEBUG: < 
2019-12-12 07:45:35 [urllib3.connectionpool] DEBUG: http://elasticsearch:9200 "HEAD /top HTTP/1.1" 200 0
2019-12-12 07:45:35 [elasticsearch] INFO: HEAD http://elasticsearch:9200/top [status:200 request:0.007s]
2019-12-12 07:45:35 [elasticsearch] DEBUG: > None
2019-12-12 07:45:35 [elasticsearch] DEBUG: < 
2019-12-12 07:45:35 [urllib3.connectionpool] DEBUG: http://elasticsearch:9200 "HEAD /top HTTP/1.1" 200 0
2019-12-12 07:45:35 [elasticsearch] INFO: HEAD http://elasticsearch:9200/top [status:200 request:0.009s]
2019-12-12 07:45:35 [elasticsearch] DEBUG: > None
2019-12-12 07:45:35 [elasticsearch] DEBUG: < 
2019-12-12 07:45:35 [urllib3.connectionpool] DEBUG: http://elasticsearch:9200 "HEAD /top HTTP/1.1" 200 0
2019-12-12 07:45:35 [elasticsearch] INFO: HEAD http://elasticsearch:9200/top [status:200 request:0.007s]
2019-12-12 07:45:35 [elasticsearch] DEBUG: > None
2019-12-12 07:45:35 [elasticsearch] DEBUG: < 
2019-12-12 07:45:35 [urllib3.connectionpool] DEBUG: Starting new HTTP connection (1): elasticsearch:9200
2019-12-12 07:45:35 [urllib3.connectionpool] DEBUG: http://elasticsearch:9200 "HEAD /top HTTP/1.1" 200 0
2019-12-12 07:45:35 [elasticsearch] INFO: HEAD http://elasticsearch:9200/top [status:200 request:0.002s]
2019-12-12 07:45:35 [elasticsearch] DEBUG: > None
2019-12-12 07:45:35 [elasticsearch] DEBUG: < 
2019-12-12 07:45:35 [urllib3.connectionpool] DEBUG: http://elasticsearch:9200 "POST /top/_doc/3431 HTTP/1.1" 201 158
2019-12-12 07:45:35 [elasticsearch] INFO: POST http://elasticsearch:9200/top/_doc/3431 [status:201 request:0.013s]
2019-12-12 07:45:35 [elasticsearch] DEBUG: > {"title":"为了让 Pixel 手机更好用，Google 发了个大招","description_content":null,"update_at":1576136735380}
2019-12-12 07:45:35 [elasticsearch] DEBUG: < {"_index":"top","_type":"_doc","_id":"3431","_version":1,"result":"created","_shards":{"total":2,"successful":1,"failed":0},"_seq_no":26683,"_primary_term":1}
2019-12-12 07:45:35 [urllib3.connectionpool] DEBUG: Starting new HTTP connection (1): elasticsearch:9200
2019-12-12 07:45:35 [urllib3.connectionpool] DEBUG: http://elasticsearch:9200 "POST /top/_doc/3428 HTTP/1.1" 201 158
2019-12-12 07:45:35 [elasticsearch] INFO: POST http://elasticsearch:9200/top/_doc/3428 [status:201 request:0.020s]
2019-12-12 07:45:35 [elasticsearch] DEBUG: > {"title":"为什么苹果要将 Mac Pro 设计成「刨丝器」？","description_content":null,"update_at":1576136735380}
2019-12-12 07:45:35 [elasticsearch] DEBUG: < {"_index":"top","_type":"_doc","_id":"3428","_version":1,"result":"created","_shards":{"total":2,"successful":1,"failed":0},"_seq_no":26684,"_primary_term":1}
2019-12-12 07:45:35 [urllib3.connectionpool] DEBUG: http://elasticsearch:9200 "HEAD /top HTTP/1.1" 200 0
2019-12-12 07:45:35 [elasticsearch] INFO: HEAD http://elasticsearch:9200/top [status:200 request:0.004s]
2019-12-12 07:45:35 [elasticsearch] DEBUG: > None
2019-12-12 07:45:35 [elasticsearch] DEBUG: < 
2019-12-12 07:45:35 [urllib3.connectionpool] DEBUG: http://elasticsearch:9200 "POST /top/_doc/3430 HTTP/1.1" 201 158
2019-12-12 07:45:35 [elasticsearch] INFO: POST http://elasticsearch:9200/top/_doc/3430 [status:201 request:0.030s]
2019-12-12 07:45:35 [elasticsearch] DEBUG: > {"title":"1999 元的骁龙 765G 很香，但你今年买不到","description_content":null,"update_at":1576136735380}
2019-12-12 07:45:35 [elasticsearch] DEBUG: < {"_index":"top","_type":"_doc","_id":"3430","_version":1,"result":"created","_shards":{"total":2,"successful":1,"failed":0},"_seq_no":26685,"_primary_term":1}
2019-12-12 07:45:35 [urllib3.connectionpool] DEBUG: Starting new HTTP connection (1): elasticsearch:9200
2019-12-12 07:45:35 [urllib3.connectionpool] DEBUG: http://elasticsearch:9200 "HEAD /top HTTP/1.1" 200 0
2019-12-12 07:45:35 [elasticsearch] INFO: HEAD http://elasticsearch:9200/top [status:200 request:0.002s]
2019-12-12 07:45:35 [elasticsearch] DEBUG: > None
2019-12-12 07:45:35 [elasticsearch] DEBUG: < 
2019-12-12 07:45:35 [urllib3.connectionpool] DEBUG: http://elasticsearch:9200 "POST /top/_doc/3429 HTTP/1.1" 201 158
2019-12-12 07:45:35 [elasticsearch] INFO: POST http://elasticsearch:9200/top/_doc/3429 [status:201 request:0.041s]
2019-12-12 07:45:35 [elasticsearch] DEBUG: > {"title":"收购了一家相机公司的 VSCO，真的要开始做相机了吗?","description_content":null,"update_at":1576136735380}
2019-12-12 07:45:35 [elasticsearch] DEBUG: < {"_index":"top","_type":"_doc","_id":"3429","_version":1,"result":"created","_shards":{"total":2,"successful":1,"failed":0},"_seq_no":26686,"_primary_term":1}
2019-12-12 07:45:35 [urllib3.connectionpool] DEBUG: Starting new HTTP connection (1): elasticsearch:9200
2019-12-12 07:45:35 [urllib3.connectionpool] DEBUG: http://elasticsearch:9200 "HEAD /top HTTP/1.1" 200 0
2019-12-12 07:45:35 [elasticsearch] INFO: HEAD http://elasticsearch:9200/top [status:200 request:0.006s]
2019-12-12 07:45:35 [elasticsearch] DEBUG: > None
2019-12-12 07:45:35 [elasticsearch] DEBUG: < 
2019-12-12 07:45:35 [urllib3.connectionpool] DEBUG: Starting new HTTP connection (1): elasticsearch:9200
2019-12-12 07:45:35 [urllib3.connectionpool] DEBUG: http://elasticsearch:9200 "POST /top/_doc/3432 HTTP/1.1" 201 158
2019-12-12 07:45:35 [elasticsearch] INFO: POST http://elasticsearch:9200/top/_doc/3432 [status:201 request:0.042s]
2019-12-12 07:45:35 [elasticsearch] DEBUG: > {"title":"垃圾电话正在杀死「电话」","description_content":null,"update_at":1576136735380}
2019-12-12 07:45:35 [elasticsearch] DEBUG: < {"_index":"top","_type":"_doc","_id":"3432","_version":1,"result":"created","_shards":{"total":2,"successful":1,"failed":0},"_seq_no":26687,"_primary_term":1}
2019-12-12 07:45:35 [urllib3.connectionpool] DEBUG: http://elasticsearch:9200 "HEAD /top HTTP/1.1" 200 0
2019-12-12 07:45:35 [elasticsearch] INFO: HEAD http://elasticsearch:9200/top [status:200 request:0.003s]
2019-12-12 07:45:35 [elasticsearch] DEBUG: > None
2019-12-12 07:45:35 [elasticsearch] DEBUG: < 
2019-12-12 07:45:35 [urllib3.connectionpool] DEBUG: http://elasticsearch:9200 "POST /top/_doc/3433 HTTP/1.1" 201 158
2019-12-12 07:45:35 [elasticsearch] INFO: POST http://elasticsearch:9200/top/_doc/3433 [status:201 request:0.034s]
2019-12-12 07:45:35 [elasticsearch] DEBUG: > {"title":"几乎每个月都会有 6000 台 iPhone 被当做垃圾销毁","description_content":null,"update_at":1576136735380}
2019-12-12 07:45:35 [elasticsearch] DEBUG: < {"_index":"top","_type":"_doc","_id":"3433","_version":1,"result":"created","_shards":{"total":2,"successful":1,"failed":0},"_seq_no":26688,"_primary_term":1}
2019-12-12 07:45:35 [urllib3.connectionpool] DEBUG: Starting new HTTP connection (1): elasticsearch:9200
2019-12-12 07:45:35 [urllib3.connectionpool] DEBUG: http://elasticsearch:9200 "HEAD /top HTTP/1.1" 200 0
2019-12-12 07:45:35 [elasticsearch] INFO: HEAD http://elasticsearch:9200/top [status:200 request:0.002s]
2019-12-12 07:45:35 [elasticsearch] DEBUG: > None
2019-12-12 07:45:35 [elasticsearch] DEBUG: < 
2019-12-12 07:45:35 [urllib3.connectionpool] DEBUG: http://elasticsearch:9200 "POST /top/_doc/3434 HTTP/1.1" 201 158
2019-12-12 07:45:35 [elasticsearch] INFO: POST http://elasticsearch:9200/top/_doc/3434 [status:201 request:0.029s]
2019-12-12 07:45:35 [elasticsearch] DEBUG: > {"title":"索尼 WI-1000XM2 无线降噪耳机发布：二代的命名，三代的配置","description_content":null,"update_at":1576136735380}
2019-12-12 07:45:35 [elasticsearch] DEBUG: < {"_index":"top","_type":"_doc","_id":"3434","_version":1,"result":"created","_shards":{"total":2,"successful":1,"failed":0},"_seq_no":26689,"_primary_term":1}
2019-12-12 07:45:35 [urllib3.connectionpool] DEBUG: Starting new HTTP connection (1): elasticsearch:9200
2019-12-12 07:45:35 [urllib3.connectionpool] DEBUG: http://elasticsearch:9200 "HEAD /top HTTP/1.1" 200 0
2019-12-12 07:45:35 [elasticsearch] INFO: HEAD http://elasticsearch:9200/top [status:200 request:0.002s]
2019-12-12 07:45:35 [elasticsearch] DEBUG: > None
2019-12-12 07:45:35 [elasticsearch] DEBUG: < 
2019-12-12 07:45:35 [urllib3.connectionpool] DEBUG: http://elasticsearch:9200 "POST /top/_doc/3435 HTTP/1.1" 201 158
2019-12-12 07:45:35 [elasticsearch] INFO: POST http://elasticsearch:9200/top/_doc/3435 [status:201 request:0.025s]
2019-12-12 07:45:35 [elasticsearch] DEBUG: > {"title":"OPPO 5G CPE 亮相，搭载骁龙 X55基带","description_content":null,"update_at":1576136735380}
2019-12-12 07:45:35 [elasticsearch] DEBUG: < {"_index":"top","_type":"_doc","_id":"3435","_version":1,"result":"created","_shards":{"total":2,"successful":1,"failed":0},"_seq_no":26690,"_primary_term":1}
2019-12-12 07:45:35 [urllib3.connectionpool] DEBUG: Starting new HTTP connection (1): elasticsearch:9200
2019-12-12 07:45:35 [urllib3.connectionpool] DEBUG: http://elasticsearch:9200 "HEAD /top HTTP/1.1" 200 0
2019-12-12 07:45:35 [elasticsearch] INFO: HEAD http://elasticsearch:9200/top [status:200 request:0.002s]
2019-12-12 07:45:35 [elasticsearch] DEBUG: > None
2019-12-12 07:45:35 [elasticsearch] DEBUG: < 
2019-12-12 07:45:35 [urllib3.connectionpool] DEBUG: http://elasticsearch:9200 "POST /top/_doc/3436 HTTP/1.1" 201 158
2019-12-12 07:45:35 [elasticsearch] INFO: POST http://elasticsearch:9200/top/_doc/3436 [status:201 request:0.026s]
2019-12-12 07:45:35 [elasticsearch] DEBUG: > {"title":"现在就该买 5G 手机了吗？","description_content":null,"update_at":1576136735380}
2019-12-12 07:45:35 [elasticsearch] DEBUG: < {"_index":"top","_type":"_doc","_id":"3436","_version":1,"result":"created","_shards":{"total":2,"successful":1,"failed":0},"_seq_no":26691,"_primary_term":1}
2019-12-12 07:45:35 [urllib3.connectionpool] DEBUG: Starting new HTTP connection (1): elasticsearch:9200
2019-12-12 07:45:35 [urllib3.connectionpool] DEBUG: http://elasticsearch:9200 "HEAD /top HTTP/1.1" 200 0
2019-12-12 07:45:35 [elasticsearch] INFO: HEAD http://elasticsearch:9200/top [status:200 request:0.002s]
2019-12-12 07:45:35 [elasticsearch] DEBUG: > None
2019-12-12 07:45:35 [elasticsearch] DEBUG: < 
2019-12-12 07:45:35 [urllib3.connectionpool] DEBUG: Starting new HTTP connection (1): elasticsearch:9200
2019-12-12 07:45:35 [urllib3.connectionpool] DEBUG: http://elasticsearch:9200 "POST /top/_doc/3437 HTTP/1.1" 201 158
2019-12-12 07:45:35 [elasticsearch] INFO: POST http://elasticsearch:9200/top/_doc/3437 [status:201 request:0.027s]
2019-12-12 07:45:35 [elasticsearch] DEBUG: > {"title":"5G 来了，今年该不该换新手机？","description_content":null,"update_at":1576136735380}
2019-12-12 07:45:35 [elasticsearch] DEBUG: < {"_index":"top","_type":"_doc","_id":"3437","_version":1,"result":"created","_shards":{"total":2,"successful":1,"failed":0},"_seq_no":26692,"_primary_term":1}
2019-12-12 07:45:35 [urllib3.connectionpool] DEBUG: http://elasticsearch:9200 "HEAD /top HTTP/1.1" 200 0
2019-12-12 07:45:35 [elasticsearch] INFO: HEAD http://elasticsearch:9200/top [status:200 request:0.003s]
2019-12-12 07:45:35 [elasticsearch] DEBUG: > None
2019-12-12 07:45:35 [elasticsearch] DEBUG: < 
2019-12-12 07:45:35 [urllib3.connectionpool] DEBUG: http://elasticsearch:9200 "POST /top/_doc/3438 HTTP/1.1" 201 158
2019-12-12 07:45:35 [elasticsearch] INFO: POST http://elasticsearch:9200/top/_doc/3438 [status:201 request:0.027s]
2019-12-12 07:45:35 [elasticsearch] DEBUG: > {"title":"为了让电脑版微信和手机支付宝一样好用，微软想了个办法","description_content":null,"update_at":1576136735380}
2019-12-12 07:45:35 [elasticsearch] DEBUG: < {"_index":"top","_type":"_doc","_id":"3438","_version":1,"result":"created","_shards":{"total":2,"successful":1,"failed":0},"_seq_no":26693,"_primary_term":1}
2019-12-12 07:45:35 [urllib3.connectionpool] DEBUG: Starting new HTTP connection (1): elasticsearch:9200
2019-12-12 07:45:35 [urllib3.connectionpool] DEBUG: http://elasticsearch:9200 "HEAD /top HTTP/1.1" 200 0
2019-12-12 07:45:35 [elasticsearch] INFO: HEAD http://elasticsearch:9200/top [status:200 request:0.002s]
2019-12-12 07:45:35 [elasticsearch] DEBUG: > None
2019-12-12 07:45:35 [elasticsearch] DEBUG: < 
2019-12-12 07:45:35 [urllib3.connectionpool] DEBUG: http://elasticsearch:9200 "POST /top/_doc/3439 HTTP/1.1" 201 158
2019-12-12 07:45:35 [elasticsearch] INFO: POST http://elasticsearch:9200/top/_doc/3439 [status:201 request:0.025s]
2019-12-12 07:45:35 [elasticsearch] DEBUG: > {"title":"首发丨ADIDAS ULTRABOOST20 体验：在飞向太空之前，它可称地表最稳","description_content":null,"update_at":1576136735380}
2019-12-12 07:45:35 [elasticsearch] DEBUG: < {"_index":"top","_type":"_doc","_id":"3439","_version":1,"result":"created","_shards":{"total":2,"successful":1,"failed":0},"_seq_no":26694,"_primary_term":1}
2019-12-12 07:45:35 [urllib3.connectionpool] DEBUG: Starting new HTTP connection (1): elasticsearch:9200
2019-12-12 07:45:35 [urllib3.connectionpool] DEBUG: http://elasticsearch:9200 "HEAD /top HTTP/1.1" 200 0
2019-12-12 07:45:35 [elasticsearch] INFO: HEAD http://elasticsearch:9200/top [status:200 request:0.002s]
2019-12-12 07:45:35 [elasticsearch] DEBUG: > None
2019-12-12 07:45:35 [elasticsearch] DEBUG: < 
2019-12-12 07:45:35 [urllib3.connectionpool] DEBUG: http://elasticsearch:9200 "POST /top/_doc/3440 HTTP/1.1" 201 158
2019-12-12 07:45:35 [elasticsearch] INFO: POST http://elasticsearch:9200/top/_doc/3440 [status:201 request:0.025s]
2019-12-12 07:45:35 [elasticsearch] DEBUG: > {"title":"Switch 的生命周期比你想的更长，一切早就埋下了伏笔","description_content":null,"update_at":1576136735380}
2019-12-12 07:45:35 [elasticsearch] DEBUG: < {"_index":"top","_type":"_doc","_id":"3440","_version":1,"result":"created","_shards":{"total":2,"successful":1,"failed":0},"_seq_no":26695,"_primary_term":1}
2019-12-12 07:45:35 [urllib3.connectionpool] DEBUG: Starting new HTTP connection (1): elasticsearch:9200
2019-12-12 07:45:35 [urllib3.connectionpool] DEBUG: http://elasticsearch:9200 "HEAD /top HTTP/1.1" 200 0
2019-12-12 07:45:35 [elasticsearch] INFO: HEAD http://elasticsearch:9200/top [status:200 request:0.002s]
2019-12-12 07:45:35 [elasticsearch] DEBUG: > None
2019-12-12 07:45:35 [elasticsearch] DEBUG: < 
2019-12-12 07:45:35 [urllib3.connectionpool] DEBUG: http://elasticsearch:9200 "POST /top/_doc/3441 HTTP/1.1" 201 158
2019-12-12 07:45:35 [elasticsearch] INFO: POST http://elasticsearch:9200/top/_doc/3441 [status:201 request:0.027s]
2019-12-12 07:45:35 [elasticsearch] DEBUG: > {"title":"未来 iPhone 要砍掉 Lightning 口？我只关心 USB-C 什么时候一统天下","description_content":null,"update_at":1576136735380}
2019-12-12 07:45:35 [elasticsearch] DEBUG: < {"_index":"top","_type":"_doc","_id":"3441","_version":1,"result":"created","_shards":{"total":2,"successful":1,"failed":0},"_seq_no":26696,"_primary_term":1}
2019-12-12 07:45:35 [urllib3.connectionpool] DEBUG: Starting new HTTP connection (1): elasticsearch:9200
2019-12-12 07:45:35 [urllib3.connectionpool] DEBUG: http://elasticsearch:9200 "HEAD /top HTTP/1.1" 200 0
2019-12-12 07:45:35 [elasticsearch] INFO: HEAD http://elasticsearch:9200/top [status:200 request:0.002s]
2019-12-12 07:45:35 [elasticsearch] DEBUG: > None
2019-12-12 07:45:35 [elasticsearch] DEBUG: < 
2019-12-12 07:45:35 [urllib3.connectionpool] DEBUG: http://elasticsearch:9200 "POST /top/_doc/3442 HTTP/1.1" 201 158
2019-12-12 07:45:35 [elasticsearch] INFO: POST http://elasticsearch:9200/top/_doc/3442 [status:201 request:0.025s]
2019-12-12 07:45:35 [elasticsearch] DEBUG: > {"title":"华为 nova6 系列评测：「no 暗夜」拍摄体验出色，表现全能的 5G 新机","description_content":null,"update_at":1576136735380}
2019-12-12 07:45:35 [elasticsearch] DEBUG: < {"_index":"top","_type":"_doc","_id":"3442","_version":1,"result":"created","_shards":{"total":2,"successful":1,"failed":0},"_seq_no":26697,"_primary_term":1}
2019-12-12 07:45:35 [urllib3.connectionpool] DEBUG: Starting new HTTP connection (1): elasticsearch:9200
2019-12-12 07:45:35 [urllib3.connectionpool] DEBUG: http://elasticsearch:9200 "HEAD /top HTTP/1.1" 200 0
2019-12-12 07:45:35 [elasticsearch] INFO: HEAD http://elasticsearch:9200/top [status:200 request:0.002s]
2019-12-12 07:45:35 [elasticsearch] DEBUG: > None
2019-12-12 07:45:35 [elasticsearch] DEBUG: < 
2019-12-12 07:45:35 [urllib3.connectionpool] DEBUG: http://elasticsearch:9200 "POST /top/_doc/3443 HTTP/1.1" 201 158
2019-12-12 07:45:35 [elasticsearch] INFO: POST http://elasticsearch:9200/top/_doc/3443 [status:201 request:0.029s]
2019-12-12 07:45:35 [elasticsearch] DEBUG: > {"title":"高通发布骁龙 7c/8c 芯片，这次的目标是中低端 PC 市场","description_content":null,"update_at":1576136735380}
2019-12-12 07:45:35 [elasticsearch] DEBUG: < {"_index":"top","_type":"_doc","_id":"3443","_version":1,"result":"created","_shards":{"total":2,"successful":1,"failed":0},"_seq_no":26698,"_primary_term":1}
2019-12-12 07:45:35 [urllib3.connectionpool] DEBUG: Starting new HTTP connection (1): elasticsearch:9200
2019-12-12 07:45:35 [urllib3.connectionpool] DEBUG: http://elasticsearch:9200 "HEAD /top HTTP/1.1" 200 0
2019-12-12 07:45:35 [elasticsearch] INFO: HEAD http://elasticsearch:9200/top [status:200 request:0.002s]
2019-12-12 07:45:35 [elasticsearch] DEBUG: > None
2019-12-12 07:45:35 [elasticsearch] DEBUG: < 
2019-12-12 07:45:35 [urllib3.connectionpool] DEBUG: http://elasticsearch:9200 "POST /top/_doc/3444 HTTP/1.1" 201 158
2019-12-12 07:45:35 [elasticsearch] INFO: POST http://elasticsearch:9200/top/_doc/3444 [status:201 request:0.027s]
2019-12-12 07:45:35 [elasticsearch] DEBUG: > {"title":"高通发布第二代扩展现实平台，智能眼镜设备会迎来爆发吗？","description_content":null,"update_at":1576136735380}
2019-12-12 07:45:35 [elasticsearch] DEBUG: < {"_index":"top","_type":"_doc","_id":"3444","_version":1,"result":"created","_shards":{"total":2,"successful":1,"failed":0},"_seq_no":26699,"_primary_term":1}
2019-12-12 07:45:35 [urllib3.connectionpool] DEBUG: http://elasticsearch:9200 "POST /top/_doc/3445 HTTP/1.1" 201 158
2019-12-12 07:45:35 [elasticsearch] INFO: POST http://elasticsearch:9200/top/_doc/3445 [status:201 request:0.024s]
2019-12-12 07:45:35 [elasticsearch] DEBUG: > {"title":"为了提振销量，下一代 Xbox 主机会有两个版本？","description_content":null,"update_at":1576136735380}
2019-12-12 07:45:35 [elasticsearch] DEBUG: < {"_index":"top","_type":"_doc","_id":"3445","_version":1,"result":"created","_shards":{"total":2,"successful":1,"failed":0},"_seq_no":26700,"_primary_term":1}
2019-12-12 07:45:35 [urllib3.connectionpool] DEBUG: http://elasticsearch:9200 "POST /top/_doc/3446 HTTP/1.1" 201 158
2019-12-12 07:45:35 [elasticsearch] INFO: POST http://elasticsearch:9200/top/_doc/3446 [status:201 request:0.023s]
2019-12-12 07:45:35 [elasticsearch] DEBUG: > {"title":"Nova6 发布会新品，八电极华为智能体脂秤 2 Pro 体验","description_content":null,"update_at":1576136735380}
2019-12-12 07:45:35 [elasticsearch] DEBUG: < {"_index":"top","_type":"_doc","_id":"3446","_version":1,"result":"created","_shards":{"total":2,"successful":1,"failed":0},"_seq_no":26701,"_primary_term":1}
2019-12-12 07:45:35 [urllib3.connectionpool] DEBUG: http://elasticsearch:9200 "POST /top/_doc/3447 HTTP/1.1" 201 158
2019-12-12 07:45:35 [elasticsearch] INFO: POST http://elasticsearch:9200/top/_doc/3447 [status:201 request:0.016s]
2019-12-12 07:45:35 [elasticsearch] DEBUG: > {"title":"华为 nova6 5G 图赏，如幻境之镜般的高颜值","description_content":null,"update_at":1576136735380}
2019-12-12 07:45:35 [elasticsearch] DEBUG: < {"_index":"top","_type":"_doc","_id":"3447","_version":1,"result":"created","_shards":{"total":2,"successful":1,"failed":0},"_seq_no":26702,"_primary_term":1}
