2019-12-12 03:44:17 [scrapy.utils.log] INFO: Scrapy 1.7.4 started (bot: spider_tophub)
2019-12-12 03:44:17 [scrapy.utils.log] INFO: Versions: lxml 4.4.1.0, libxml2 2.9.9, cssselect 1.1.0, parsel 1.5.2, w3lib 1.21.0, Twisted 19.7.0, Python 3.7.5 (default, Nov 23 2019, 05:59:34) - [GCC 8.3.0], pyOpenSSL 19.0.0 (OpenSSL 1.1.1d  10 Sep 2019), cryptography 2.8, Platform Linux-3.10.0-1062.1.2.el7.x86_64-x86_64-with-debian-10.2
2019-12-12 03:44:17 [scrapy.crawler] INFO: Overridden settings: {'BOT_NAME': 'spider_tophub', 'DOWNLOAD_DELAY': 1, 'LOG_FILE': 'logs/spider_tophub/ifanr_chanpin/4355775e1c8e11ea9d990242ac190004.log', 'NEWSPIDER_MODULE': 'spider_tophub.spiders', 'ROBOTSTXT_OBEY': True, 'SPIDER_MODULES': ['spider_tophub.spiders'], 'USER_AGENT': 'Mozilla/5.0 (Windows NT 10.0; Win64; x64) AppleWebKit/537.36 (KHTML, like Gecko) Chrome/77.0.3865.120 Safari/537.36'}
2019-12-12 03:44:17 [scrapy.extensions.telnet] INFO: Telnet Password: e9c39c6a26e41523
2019-12-12 03:44:17 [scrapy.middleware] INFO: Enabled extensions:
['scrapy.extensions.corestats.CoreStats',
 'scrapy.extensions.telnet.TelnetConsole',
 'scrapy.extensions.memusage.MemoryUsage',
 'scrapy.extensions.logstats.LogStats']
2019-12-12 03:44:17 [scrapy.middleware] INFO: Enabled downloader middlewares:
['scrapy.downloadermiddlewares.robotstxt.RobotsTxtMiddleware',
 'scrapy.downloadermiddlewares.httpauth.HttpAuthMiddleware',
 'scrapy.downloadermiddlewares.downloadtimeout.DownloadTimeoutMiddleware',
 'scrapy.downloadermiddlewares.defaultheaders.DefaultHeadersMiddleware',
 'scrapy.downloadermiddlewares.useragent.UserAgentMiddleware',
 'scrapy.downloadermiddlewares.retry.RetryMiddleware',
 'scrapy.downloadermiddlewares.redirect.MetaRefreshMiddleware',
 'scrapy.downloadermiddlewares.httpcompression.HttpCompressionMiddleware',
 'scrapy.downloadermiddlewares.redirect.RedirectMiddleware',
 'scrapy.downloadermiddlewares.cookies.CookiesMiddleware',
 'scrapy.downloadermiddlewares.httpproxy.HttpProxyMiddleware',
 'scrapy.downloadermiddlewares.stats.DownloaderStats']
2019-12-12 03:44:17 [scrapy.middleware] INFO: Enabled spider middlewares:
['scrapy.spidermiddlewares.httperror.HttpErrorMiddleware',
 'scrapy.spidermiddlewares.offsite.OffsiteMiddleware',
 'scrapy.spidermiddlewares.referer.RefererMiddleware',
 'scrapy.spidermiddlewares.urllength.UrlLengthMiddleware',
 'scrapy.spidermiddlewares.depth.DepthMiddleware']
2019-12-12 03:44:17 [scrapy.middleware] INFO: Enabled item pipelines:
['spider_tophub.pipelines.MysqlTwistedPipeline']
2019-12-12 03:44:17 [scrapy.core.engine] INFO: Spider opened
2019-12-12 03:44:17 [scrapy.extensions.logstats] INFO: Crawled 0 pages (at 0 pages/min), scraped 0 items (at 0 items/min)
2019-12-12 03:44:17 [scrapy.extensions.telnet] INFO: Telnet console listening on 127.0.0.1:6023
2019-12-12 03:44:17 [scrapy.core.engine] DEBUG: Crawled (404) <GET https://sso.ifanr.com/robots.txt> (referer: None)
2019-12-12 03:44:18 [scrapy.core.engine] DEBUG: Crawled (200) <GET https://sso.ifanr.com/api/v5/wp/article/?post_category=%E4%BA%A7%E5%93%81> (referer: None)
2019-12-12 03:44:18 [scrapy.core.scraper] DEBUG: Scraped from <200 https://sso.ifanr.com/api/v5/wp/article/?post_category=%E4%BA%A7%E5%93%81>
None
2019-12-12 03:44:18 [scrapy.core.scraper] DEBUG: Scraped from <200 https://sso.ifanr.com/api/v5/wp/article/?post_category=%E4%BA%A7%E5%93%81>
None
2019-12-12 03:44:18 [scrapy.core.scraper] DEBUG: Scraped from <200 https://sso.ifanr.com/api/v5/wp/article/?post_category=%E4%BA%A7%E5%93%81>
None
2019-12-12 03:44:18 [scrapy.core.scraper] DEBUG: Scraped from <200 https://sso.ifanr.com/api/v5/wp/article/?post_category=%E4%BA%A7%E5%93%81>
None
2019-12-12 03:44:18 [scrapy.core.scraper] DEBUG: Scraped from <200 https://sso.ifanr.com/api/v5/wp/article/?post_category=%E4%BA%A7%E5%93%81>
None
2019-12-12 03:44:18 [scrapy.core.scraper] DEBUG: Scraped from <200 https://sso.ifanr.com/api/v5/wp/article/?post_category=%E4%BA%A7%E5%93%81>
None
2019-12-12 03:44:18 [scrapy.core.scraper] DEBUG: Scraped from <200 https://sso.ifanr.com/api/v5/wp/article/?post_category=%E4%BA%A7%E5%93%81>
None
2019-12-12 03:44:18 [scrapy.core.scraper] DEBUG: Scraped from <200 https://sso.ifanr.com/api/v5/wp/article/?post_category=%E4%BA%A7%E5%93%81>
None
2019-12-12 03:44:18 [scrapy.core.scraper] DEBUG: Scraped from <200 https://sso.ifanr.com/api/v5/wp/article/?post_category=%E4%BA%A7%E5%93%81>
None
2019-12-12 03:44:18 [scrapy.core.scraper] DEBUG: Scraped from <200 https://sso.ifanr.com/api/v5/wp/article/?post_category=%E4%BA%A7%E5%93%81>
None
2019-12-12 03:44:18 [scrapy.core.scraper] DEBUG: Scraped from <200 https://sso.ifanr.com/api/v5/wp/article/?post_category=%E4%BA%A7%E5%93%81>
None
2019-12-12 03:44:18 [scrapy.core.scraper] DEBUG: Scraped from <200 https://sso.ifanr.com/api/v5/wp/article/?post_category=%E4%BA%A7%E5%93%81>
None
2019-12-12 03:44:18 [scrapy.core.scraper] DEBUG: Scraped from <200 https://sso.ifanr.com/api/v5/wp/article/?post_category=%E4%BA%A7%E5%93%81>
None
2019-12-12 03:44:18 [scrapy.core.scraper] DEBUG: Scraped from <200 https://sso.ifanr.com/api/v5/wp/article/?post_category=%E4%BA%A7%E5%93%81>
None
2019-12-12 03:44:18 [scrapy.core.scraper] DEBUG: Scraped from <200 https://sso.ifanr.com/api/v5/wp/article/?post_category=%E4%BA%A7%E5%93%81>
None
2019-12-12 03:44:18 [scrapy.core.scraper] DEBUG: Scraped from <200 https://sso.ifanr.com/api/v5/wp/article/?post_category=%E4%BA%A7%E5%93%81>
None
2019-12-12 03:44:18 [scrapy.core.scraper] DEBUG: Scraped from <200 https://sso.ifanr.com/api/v5/wp/article/?post_category=%E4%BA%A7%E5%93%81>
None
2019-12-12 03:44:18 [scrapy.core.scraper] DEBUG: Scraped from <200 https://sso.ifanr.com/api/v5/wp/article/?post_category=%E4%BA%A7%E5%93%81>
None
2019-12-12 03:44:18 [scrapy.core.scraper] DEBUG: Scraped from <200 https://sso.ifanr.com/api/v5/wp/article/?post_category=%E4%BA%A7%E5%93%81>
None
2019-12-12 03:44:18 [scrapy.core.scraper] DEBUG: Scraped from <200 https://sso.ifanr.com/api/v5/wp/article/?post_category=%E4%BA%A7%E5%93%81>
None
2019-12-12 03:44:18 [scrapy.core.engine] INFO: Closing spider (finished)
2019-12-12 03:44:18 [scrapy.statscollectors] INFO: Dumping Scrapy stats:
{'downloader/request_bytes': 647,
 'downloader/request_count': 2,
 'downloader/request_method_count/GET': 2,
 'downloader/response_bytes': 111673,
 'downloader/response_count': 2,
 'downloader/response_status_count/200': 1,
 'downloader/response_status_count/404': 1,
 'elapsed_time_seconds': 1.066989,
 'finish_reason': 'finished',
 'finish_time': datetime.datetime(2019, 12, 12, 3, 44, 18, 320833),
 'item_scraped_count': 20,
 'log_count/DEBUG': 22,
 'log_count/INFO': 10,
 'memusage/max': 57229312,
 'memusage/startup': 57229312,
 'response_received_count': 2,
 'robotstxt/request_count': 1,
 'robotstxt/response_count': 1,
 'robotstxt/response_status_count/404': 1,
 'scheduler/dequeued': 1,
 'scheduler/dequeued/memory': 1,
 'scheduler/enqueued': 1,
 'scheduler/enqueued/memory': 1,
 'start_time': datetime.datetime(2019, 12, 12, 3, 44, 17, 253844)}
2019-12-12 03:44:18 [scrapy.core.engine] INFO: Spider closed (finished)
2019-12-12 03:44:18 [urllib3.connectionpool] DEBUG: Starting new HTTP connection (1): elasticsearch:9200
2019-12-12 03:44:18 [urllib3.connectionpool] DEBUG: Starting new HTTP connection (1): elasticsearch:9200
2019-12-12 03:44:18 [urllib3.connectionpool] DEBUG: Starting new HTTP connection (1): elasticsearch:9200
2019-12-12 03:44:18 [urllib3.connectionpool] DEBUG: Starting new HTTP connection (1): elasticsearch:9200
2019-12-12 03:44:18 [urllib3.connectionpool] DEBUG: http://elasticsearch:9200 "HEAD /top HTTP/1.1" 200 0
2019-12-12 03:44:18 [elasticsearch] INFO: HEAD http://elasticsearch:9200/top [status:200 request:0.007s]
2019-12-12 03:44:18 [elasticsearch] DEBUG: > None
2019-12-12 03:44:18 [elasticsearch] DEBUG: < 
2019-12-12 03:44:18 [urllib3.connectionpool] DEBUG: http://elasticsearch:9200 "HEAD /top HTTP/1.1" 200 0
2019-12-12 03:44:18 [elasticsearch] INFO: HEAD http://elasticsearch:9200/top [status:200 request:0.017s]
2019-12-12 03:44:18 [elasticsearch] DEBUG: > None
2019-12-12 03:44:18 [elasticsearch] DEBUG: < 
2019-12-12 03:44:18 [urllib3.connectionpool] DEBUG: Starting new HTTP connection (1): elasticsearch:9200
2019-12-12 03:44:18 [urllib3.connectionpool] DEBUG: http://elasticsearch:9200 "HEAD /top HTTP/1.1" 200 0
2019-12-12 03:44:18 [elasticsearch] INFO: HEAD http://elasticsearch:9200/top [status:200 request:0.026s]
2019-12-12 03:44:18 [elasticsearch] DEBUG: > None
2019-12-12 03:44:18 [elasticsearch] DEBUG: < 
2019-12-12 03:44:18 [urllib3.connectionpool] DEBUG: http://elasticsearch:9200 "HEAD /top HTTP/1.1" 200 0
2019-12-12 03:44:18 [elasticsearch] INFO: HEAD http://elasticsearch:9200/top [status:200 request:0.040s]
2019-12-12 03:44:18 [elasticsearch] DEBUG: > None
2019-12-12 03:44:18 [elasticsearch] DEBUG: < 
2019-12-12 03:44:18 [urllib3.connectionpool] DEBUG: http://elasticsearch:9200 "POST /top/_doc/897 HTTP/1.1" 201 157
2019-12-12 03:44:18 [elasticsearch] INFO: POST http://elasticsearch:9200/top/_doc/897 [status:201 request:0.040s]
2019-12-12 03:44:18 [elasticsearch] DEBUG: > {"title":"垃圾电话正在杀死「电话」","description_content":null,"update_at":1576122258311}
2019-12-12 03:44:18 [elasticsearch] DEBUG: < {"_index":"top","_type":"_doc","_id":"897","_version":1,"result":"created","_shards":{"total":2,"successful":1,"failed":0},"_seq_no":1583,"_primary_term":13}
2019-12-12 03:44:18 [urllib3.connectionpool] DEBUG: http://elasticsearch:9200 "HEAD /top HTTP/1.1" 200 0
2019-12-12 03:44:18 [elasticsearch] INFO: HEAD http://elasticsearch:9200/top [status:200 request:0.045s]
2019-12-12 03:44:18 [elasticsearch] DEBUG: > None
2019-12-12 03:44:18 [elasticsearch] DEBUG: < 
2019-12-12 03:44:18 [urllib3.connectionpool] DEBUG: Starting new HTTP connection (1): elasticsearch:9200
2019-12-12 03:44:18 [urllib3.connectionpool] DEBUG: http://elasticsearch:9200 "POST /top/_doc/895 HTTP/1.1" 201 157
2019-12-12 03:44:18 [elasticsearch] INFO: POST http://elasticsearch:9200/top/_doc/895 [status:201 request:0.046s]
2019-12-12 03:44:18 [elasticsearch] DEBUG: > {"title":"1999 元的骁龙 765G 很香，但你今年买不到","description_content":null,"update_at":1576122258311}
2019-12-12 03:44:18 [elasticsearch] DEBUG: < {"_index":"top","_type":"_doc","_id":"895","_version":1,"result":"created","_shards":{"total":2,"successful":1,"failed":0},"_seq_no":1584,"_primary_term":13}
2019-12-12 03:44:18 [urllib3.connectionpool] DEBUG: http://elasticsearch:9200 "HEAD /top HTTP/1.1" 200 0
2019-12-12 03:44:18 [elasticsearch] INFO: HEAD http://elasticsearch:9200/top [status:200 request:0.013s]
2019-12-12 03:44:18 [elasticsearch] DEBUG: > None
2019-12-12 03:44:18 [elasticsearch] DEBUG: < 
2019-12-12 03:44:18 [urllib3.connectionpool] DEBUG: Starting new HTTP connection (1): elasticsearch:9200
2019-12-12 03:44:18 [urllib3.connectionpool] DEBUG: http://elasticsearch:9200 "HEAD /top HTTP/1.1" 200 0
2019-12-12 03:44:18 [elasticsearch] INFO: HEAD http://elasticsearch:9200/top [status:200 request:0.012s]
2019-12-12 03:44:18 [elasticsearch] DEBUG: > None
2019-12-12 03:44:18 [elasticsearch] DEBUG: < 
2019-12-12 03:44:18 [urllib3.connectionpool] DEBUG: http://elasticsearch:9200 "POST /top/_doc/894 HTTP/1.1" 201 157
2019-12-12 03:44:18 [elasticsearch] INFO: POST http://elasticsearch:9200/top/_doc/894 [status:201 request:0.075s]
2019-12-12 03:44:18 [elasticsearch] DEBUG: > {"title":"为了让 Pixel 手机更好用，Google 发了个大招","description_content":null,"update_at":1576122258311}
2019-12-12 03:44:18 [elasticsearch] DEBUG: < {"_index":"top","_type":"_doc","_id":"894","_version":1,"result":"created","_shards":{"total":2,"successful":1,"failed":0},"_seq_no":1585,"_primary_term":13}
2019-12-12 03:44:18 [urllib3.connectionpool] DEBUG: Starting new HTTP connection (1): elasticsearch:9200
2019-12-12 03:44:18 [urllib3.connectionpool] DEBUG: http://elasticsearch:9200 "POST /top/_doc/896 HTTP/1.1" 201 157
2019-12-12 03:44:18 [elasticsearch] INFO: POST http://elasticsearch:9200/top/_doc/896 [status:201 request:0.142s]
2019-12-12 03:44:18 [elasticsearch] DEBUG: > {"title":"收购了一家相机公司的 VSCO，真的要开始做相机了吗?","description_content":null,"update_at":1576122258311}
2019-12-12 03:44:18 [elasticsearch] DEBUG: < {"_index":"top","_type":"_doc","_id":"896","_version":1,"result":"created","_shards":{"total":2,"successful":1,"failed":0},"_seq_no":1586,"_primary_term":13}
2019-12-12 03:44:18 [urllib3.connectionpool] DEBUG: http://elasticsearch:9200 "HEAD /top HTTP/1.1" 200 0
2019-12-12 03:44:18 [elasticsearch] INFO: HEAD http://elasticsearch:9200/top [status:200 request:0.023s]
2019-12-12 03:44:18 [elasticsearch] DEBUG: > None
2019-12-12 03:44:18 [elasticsearch] DEBUG: < 
2019-12-12 03:44:18 [urllib3.connectionpool] DEBUG: Starting new HTTP connection (1): elasticsearch:9200
2019-12-12 03:44:18 [urllib3.connectionpool] DEBUG: http://elasticsearch:9200 "HEAD /top HTTP/1.1" 200 0
2019-12-12 03:44:18 [elasticsearch] INFO: HEAD http://elasticsearch:9200/top [status:200 request:0.012s]
2019-12-12 03:44:18 [elasticsearch] DEBUG: > None
2019-12-12 03:44:18 [elasticsearch] DEBUG: < 
2019-12-12 03:44:18 [urllib3.connectionpool] DEBUG: http://elasticsearch:9200 "POST /top/_doc/898 HTTP/1.1" 201 157
2019-12-12 03:44:18 [elasticsearch] INFO: POST http://elasticsearch:9200/top/_doc/898 [status:201 request:0.141s]
2019-12-12 03:44:18 [elasticsearch] DEBUG: > {"title":"几乎每个月都会有 6000 台 iPhone 被当做垃圾销毁","description_content":null,"update_at":1576122258311}
2019-12-12 03:44:18 [elasticsearch] DEBUG: < {"_index":"top","_type":"_doc","_id":"898","_version":1,"result":"created","_shards":{"total":2,"successful":1,"failed":0},"_seq_no":1587,"_primary_term":13}
2019-12-12 03:44:18 [urllib3.connectionpool] DEBUG: http://elasticsearch:9200 "POST /top/_doc/899 HTTP/1.1" 201 157
2019-12-12 03:44:18 [elasticsearch] INFO: POST http://elasticsearch:9200/top/_doc/899 [status:201 request:0.150s]
2019-12-12 03:44:18 [elasticsearch] DEBUG: > {"title":"索尼 WI-1000XM2 无线降噪耳机发布：二代的命名，三代的配置","description_content":null,"update_at":1576122258311}
2019-12-12 03:44:18 [elasticsearch] DEBUG: < {"_index":"top","_type":"_doc","_id":"899","_version":1,"result":"created","_shards":{"total":2,"successful":1,"failed":0},"_seq_no":1588,"_primary_term":13}
2019-12-12 03:44:18 [urllib3.connectionpool] DEBUG: Starting new HTTP connection (1): elasticsearch:9200
2019-12-12 03:44:18 [urllib3.connectionpool] DEBUG: http://elasticsearch:9200 "HEAD /top HTTP/1.1" 200 0
2019-12-12 03:44:18 [elasticsearch] INFO: HEAD http://elasticsearch:9200/top [status:200 request:0.020s]
2019-12-12 03:44:18 [elasticsearch] DEBUG: > None
2019-12-12 03:44:18 [elasticsearch] DEBUG: < 
2019-12-12 03:44:18 [urllib3.connectionpool] DEBUG: Starting new HTTP connection (1): elasticsearch:9200
2019-12-12 03:44:18 [urllib3.connectionpool] DEBUG: http://elasticsearch:9200 "HEAD /top HTTP/1.1" 200 0
2019-12-12 03:44:18 [elasticsearch] INFO: HEAD http://elasticsearch:9200/top [status:200 request:0.009s]
2019-12-12 03:44:18 [elasticsearch] DEBUG: > None
2019-12-12 03:44:18 [elasticsearch] DEBUG: < 
2019-12-12 03:44:18 [urllib3.connectionpool] DEBUG: http://elasticsearch:9200 "POST /top/_doc/900 HTTP/1.1" 201 157
2019-12-12 03:44:18 [elasticsearch] INFO: POST http://elasticsearch:9200/top/_doc/900 [status:201 request:0.169s]
2019-12-12 03:44:18 [elasticsearch] DEBUG: > {"title":"OPPO 5G CPE 亮相，搭载骁龙 X55基带","description_content":null,"update_at":1576122258311}
2019-12-12 03:44:18 [elasticsearch] DEBUG: < {"_index":"top","_type":"_doc","_id":"900","_version":1,"result":"created","_shards":{"total":2,"successful":1,"failed":0},"_seq_no":1589,"_primary_term":13}
2019-12-12 03:44:18 [urllib3.connectionpool] DEBUG: Starting new HTTP connection (1): elasticsearch:9200
2019-12-12 03:44:18 [urllib3.connectionpool] DEBUG: http://elasticsearch:9200 "POST /top/_doc/901 HTTP/1.1" 201 157
2019-12-12 03:44:18 [elasticsearch] INFO: POST http://elasticsearch:9200/top/_doc/901 [status:201 request:0.175s]
2019-12-12 03:44:18 [elasticsearch] DEBUG: > {"title":"现在就该买 5G 手机了吗？","description_content":null,"update_at":1576122258311}
2019-12-12 03:44:18 [elasticsearch] DEBUG: < {"_index":"top","_type":"_doc","_id":"901","_version":1,"result":"created","_shards":{"total":2,"successful":1,"failed":0},"_seq_no":1590,"_primary_term":13}
2019-12-12 03:44:18 [urllib3.connectionpool] DEBUG: http://elasticsearch:9200 "HEAD /top HTTP/1.1" 200 0
2019-12-12 03:44:18 [elasticsearch] INFO: HEAD http://elasticsearch:9200/top [status:200 request:0.024s]
2019-12-12 03:44:18 [elasticsearch] DEBUG: > None
2019-12-12 03:44:18 [elasticsearch] DEBUG: < 
2019-12-12 03:44:18 [urllib3.connectionpool] DEBUG: http://elasticsearch:9200 "POST /top/_doc/902 HTTP/1.1" 201 157
2019-12-12 03:44:18 [elasticsearch] INFO: POST http://elasticsearch:9200/top/_doc/902 [status:201 request:0.158s]
2019-12-12 03:44:18 [elasticsearch] DEBUG: > {"title":"5G 来了，今年该不该换新手机？","description_content":null,"update_at":1576122258311}
2019-12-12 03:44:18 [elasticsearch] DEBUG: < {"_index":"top","_type":"_doc","_id":"902","_version":1,"result":"created","_shards":{"total":2,"successful":1,"failed":0},"_seq_no":1591,"_primary_term":13}
2019-12-12 03:44:18 [urllib3.connectionpool] DEBUG: Starting new HTTP connection (1): elasticsearch:9200
2019-12-12 03:44:18 [urllib3.connectionpool] DEBUG: http://elasticsearch:9200 "HEAD /top HTTP/1.1" 200 0
2019-12-12 03:44:18 [elasticsearch] INFO: HEAD http://elasticsearch:9200/top [status:200 request:0.015s]
2019-12-12 03:44:18 [elasticsearch] DEBUG: > None
2019-12-12 03:44:18 [elasticsearch] DEBUG: < 
2019-12-12 03:44:18 [urllib3.connectionpool] DEBUG: Starting new HTTP connection (1): elasticsearch:9200
2019-12-12 03:44:18 [urllib3.connectionpool] DEBUG: http://elasticsearch:9200 "POST /top/_doc/903 HTTP/1.1" 201 157
2019-12-12 03:44:18 [elasticsearch] INFO: POST http://elasticsearch:9200/top/_doc/903 [status:201 request:0.144s]
2019-12-12 03:44:18 [elasticsearch] DEBUG: > {"title":"为了让电脑版微信和手机支付宝一样好用，微软想了个办法","description_content":null,"update_at":1576122258311}
2019-12-12 03:44:18 [elasticsearch] DEBUG: < {"_index":"top","_type":"_doc","_id":"903","_version":1,"result":"created","_shards":{"total":2,"successful":1,"failed":0},"_seq_no":1592,"_primary_term":13}
2019-12-12 03:44:18 [urllib3.connectionpool] DEBUG: http://elasticsearch:9200 "HEAD /top HTTP/1.1" 200 0
2019-12-12 03:44:18 [elasticsearch] INFO: HEAD http://elasticsearch:9200/top [status:200 request:0.022s]
2019-12-12 03:44:18 [elasticsearch] DEBUG: > None
2019-12-12 03:44:18 [elasticsearch] DEBUG: < 
2019-12-12 03:44:18 [urllib3.connectionpool] DEBUG: http://elasticsearch:9200 "POST /top/_doc/904 HTTP/1.1" 201 157
2019-12-12 03:44:18 [elasticsearch] INFO: POST http://elasticsearch:9200/top/_doc/904 [status:201 request:0.158s]
2019-12-12 03:44:18 [elasticsearch] DEBUG: > {"title":"首发丨ADIDAS ULTRABOOST20 体验：在飞向太空之前，它可称地表最稳","description_content":null,"update_at":1576122258311}
2019-12-12 03:44:18 [elasticsearch] DEBUG: < {"_index":"top","_type":"_doc","_id":"904","_version":1,"result":"created","_shards":{"total":2,"successful":1,"failed":0},"_seq_no":1593,"_primary_term":13}
2019-12-12 03:44:18 [urllib3.connectionpool] DEBUG: Starting new HTTP connection (1): elasticsearch:9200
2019-12-12 03:44:18 [urllib3.connectionpool] DEBUG: http://elasticsearch:9200 "HEAD /top HTTP/1.1" 200 0
2019-12-12 03:44:18 [elasticsearch] INFO: HEAD http://elasticsearch:9200/top [status:200 request:0.007s]
2019-12-12 03:44:18 [elasticsearch] DEBUG: > None
2019-12-12 03:44:18 [elasticsearch] DEBUG: < 
2019-12-12 03:44:18 [urllib3.connectionpool] DEBUG: Starting new HTTP connection (1): elasticsearch:9200
2019-12-12 03:44:18 [urllib3.connectionpool] DEBUG: http://elasticsearch:9200 "POST /top/_doc/905 HTTP/1.1" 201 157
2019-12-12 03:44:18 [elasticsearch] INFO: POST http://elasticsearch:9200/top/_doc/905 [status:201 request:0.112s]
2019-12-12 03:44:18 [elasticsearch] DEBUG: > {"title":"Switch 的生命周期比你想的更长，一切早就埋下了伏笔","description_content":null,"update_at":1576122258311}
2019-12-12 03:44:18 [elasticsearch] DEBUG: < {"_index":"top","_type":"_doc","_id":"905","_version":1,"result":"created","_shards":{"total":2,"successful":1,"failed":0},"_seq_no":1594,"_primary_term":13}
2019-12-12 03:44:18 [urllib3.connectionpool] DEBUG: http://elasticsearch:9200 "HEAD /top HTTP/1.1" 200 0
2019-12-12 03:44:18 [elasticsearch] INFO: HEAD http://elasticsearch:9200/top [status:200 request:0.014s]
2019-12-12 03:44:18 [elasticsearch] DEBUG: > None
2019-12-12 03:44:18 [elasticsearch] DEBUG: < 
2019-12-12 03:44:18 [urllib3.connectionpool] DEBUG: Starting new HTTP connection (1): elasticsearch:9200
2019-12-12 03:44:18 [urllib3.connectionpool] DEBUG: http://elasticsearch:9200 "POST /top/_doc/906 HTTP/1.1" 201 157
2019-12-12 03:44:18 [elasticsearch] INFO: POST http://elasticsearch:9200/top/_doc/906 [status:201 request:0.109s]
2019-12-12 03:44:18 [elasticsearch] DEBUG: > {"title":"未来 iPhone 要砍掉 Lightning 口？我只关心 USB-C 什么时候一统天下","description_content":null,"update_at":1576122258311}
2019-12-12 03:44:18 [elasticsearch] DEBUG: < {"_index":"top","_type":"_doc","_id":"906","_version":1,"result":"created","_shards":{"total":2,"successful":1,"failed":0},"_seq_no":1595,"_primary_term":13}
2019-12-12 03:44:18 [urllib3.connectionpool] DEBUG: http://elasticsearch:9200 "HEAD /top HTTP/1.1" 200 0
2019-12-12 03:44:18 [elasticsearch] INFO: HEAD http://elasticsearch:9200/top [status:200 request:0.015s]
2019-12-12 03:44:18 [elasticsearch] DEBUG: > None
2019-12-12 03:44:18 [elasticsearch] DEBUG: < 
2019-12-12 03:44:18 [urllib3.connectionpool] DEBUG: Starting new HTTP connection (1): elasticsearch:9200
2019-12-12 03:44:18 [urllib3.connectionpool] DEBUG: http://elasticsearch:9200 "POST /top/_doc/907 HTTP/1.1" 201 157
2019-12-12 03:44:18 [elasticsearch] INFO: POST http://elasticsearch:9200/top/_doc/907 [status:201 request:0.090s]
2019-12-12 03:44:18 [elasticsearch] DEBUG: > {"title":"华为 nova6 系列评测：「no 暗夜」拍摄体验出色，表现全能的 5G 新机","description_content":null,"update_at":1576122258311}
2019-12-12 03:44:18 [elasticsearch] DEBUG: < {"_index":"top","_type":"_doc","_id":"907","_version":1,"result":"created","_shards":{"total":2,"successful":1,"failed":0},"_seq_no":1596,"_primary_term":13}
2019-12-12 03:44:18 [urllib3.connectionpool] DEBUG: http://elasticsearch:9200 "HEAD /top HTTP/1.1" 200 0
2019-12-12 03:44:18 [elasticsearch] INFO: HEAD http://elasticsearch:9200/top [status:200 request:0.016s]
2019-12-12 03:44:18 [elasticsearch] DEBUG: > None
2019-12-12 03:44:18 [elasticsearch] DEBUG: < 
2019-12-12 03:44:18 [urllib3.connectionpool] DEBUG: Starting new HTTP connection (1): elasticsearch:9200
2019-12-12 03:44:18 [urllib3.connectionpool] DEBUG: http://elasticsearch:9200 "HEAD /top HTTP/1.1" 200 0
2019-12-12 03:44:18 [elasticsearch] INFO: HEAD http://elasticsearch:9200/top [status:200 request:0.010s]
2019-12-12 03:44:18 [elasticsearch] DEBUG: > None
2019-12-12 03:44:18 [elasticsearch] DEBUG: < 
2019-12-12 03:44:18 [urllib3.connectionpool] DEBUG: http://elasticsearch:9200 "POST /top/_doc/908 HTTP/1.1" 201 157
2019-12-12 03:44:18 [elasticsearch] INFO: POST http://elasticsearch:9200/top/_doc/908 [status:201 request:0.075s]
2019-12-12 03:44:18 [elasticsearch] DEBUG: > {"title":"高通发布骁龙 7c/8c 芯片，这次的目标是中低端 PC 市场","description_content":null,"update_at":1576122258311}
2019-12-12 03:44:18 [elasticsearch] DEBUG: < {"_index":"top","_type":"_doc","_id":"908","_version":1,"result":"created","_shards":{"total":2,"successful":1,"failed":0},"_seq_no":1597,"_primary_term":13}
2019-12-12 03:44:18 [urllib3.connectionpool] DEBUG: Starting new HTTP connection (1): elasticsearch:9200
2019-12-12 03:44:18 [urllib3.connectionpool] DEBUG: http://elasticsearch:9200 "HEAD /top HTTP/1.1" 200 0
2019-12-12 03:44:18 [elasticsearch] INFO: HEAD http://elasticsearch:9200/top [status:200 request:0.005s]
2019-12-12 03:44:18 [elasticsearch] DEBUG: > None
2019-12-12 03:44:18 [elasticsearch] DEBUG: < 
2019-12-12 03:44:18 [urllib3.connectionpool] DEBUG: http://elasticsearch:9200 "POST /top/_doc/909 HTTP/1.1" 201 157
2019-12-12 03:44:18 [elasticsearch] INFO: POST http://elasticsearch:9200/top/_doc/909 [status:201 request:0.083s]
2019-12-12 03:44:18 [elasticsearch] DEBUG: > {"title":"高通发布第二代扩展现实平台，智能眼镜设备会迎来爆发吗？","description_content":null,"update_at":1576122258311}
2019-12-12 03:44:18 [elasticsearch] DEBUG: < {"_index":"top","_type":"_doc","_id":"909","_version":1,"result":"created","_shards":{"total":2,"successful":1,"failed":0},"_seq_no":1598,"_primary_term":13}
2019-12-12 03:44:18 [urllib3.connectionpool] DEBUG: http://elasticsearch:9200 "POST /top/_doc/910 HTTP/1.1" 201 157
2019-12-12 03:44:18 [elasticsearch] INFO: POST http://elasticsearch:9200/top/_doc/910 [status:201 request:0.081s]
2019-12-12 03:44:18 [elasticsearch] DEBUG: > {"title":"为了提振销量，下一代 Xbox 主机会有两个版本？","description_content":null,"update_at":1576122258311}
2019-12-12 03:44:18 [elasticsearch] DEBUG: < {"_index":"top","_type":"_doc","_id":"910","_version":1,"result":"created","_shards":{"total":2,"successful":1,"failed":0},"_seq_no":1599,"_primary_term":13}
2019-12-12 03:44:18 [urllib3.connectionpool] DEBUG: http://elasticsearch:9200 "POST /top/_doc/911 HTTP/1.1" 201 157
2019-12-12 03:44:18 [elasticsearch] INFO: POST http://elasticsearch:9200/top/_doc/911 [status:201 request:0.071s]
2019-12-12 03:44:18 [elasticsearch] DEBUG: > {"title":"Nova6 发布会新品，八电极华为智能体脂秤 2 Pro 体验","description_content":null,"update_at":1576122258311}
2019-12-12 03:44:18 [elasticsearch] DEBUG: < {"_index":"top","_type":"_doc","_id":"911","_version":1,"result":"created","_shards":{"total":2,"successful":1,"failed":0},"_seq_no":1600,"_primary_term":13}
2019-12-12 03:44:18 [urllib3.connectionpool] DEBUG: http://elasticsearch:9200 "POST /top/_doc/912 HTTP/1.1" 201 157
2019-12-12 03:44:18 [elasticsearch] INFO: POST http://elasticsearch:9200/top/_doc/912 [status:201 request:0.071s]
2019-12-12 03:44:18 [elasticsearch] DEBUG: > {"title":"华为 nova6 5G 图赏，如幻境之镜般的高颜值","description_content":null,"update_at":1576122258311}
2019-12-12 03:44:18 [elasticsearch] DEBUG: < {"_index":"top","_type":"_doc","_id":"912","_version":1,"result":"created","_shards":{"total":2,"successful":1,"failed":0},"_seq_no":1601,"_primary_term":13}
2019-12-12 03:44:18 [urllib3.connectionpool] DEBUG: http://elasticsearch:9200 "POST /top/_doc/913 HTTP/1.1" 201 157
2019-12-12 03:44:18 [elasticsearch] INFO: POST http://elasticsearch:9200/top/_doc/913 [status:201 request:0.057s]
2019-12-12 03:44:18 [elasticsearch] DEBUG: > {"title":"咖啡渣造车？福特：Yes","description_content":null,"update_at":1576122258311}
2019-12-12 03:44:18 [elasticsearch] DEBUG: < {"_index":"top","_type":"_doc","_id":"913","_version":1,"result":"created","_shards":{"total":2,"successful":1,"failed":0},"_seq_no":1602,"_primary_term":13}
