2019-12-12 13:25:38 [scrapy.utils.log] INFO: Scrapy 1.7.4 started (bot: spider_tophub)
2019-12-12 13:25:38 [scrapy.utils.log] INFO: Versions: lxml 4.4.1.0, libxml2 2.9.9, cssselect 1.1.0, parsel 1.5.2, w3lib 1.21.0, Twisted 19.7.0, Python 3.7.5 (default, Nov 23 2019, 05:59:34) - [GCC 8.3.0], pyOpenSSL 19.0.0 (OpenSSL 1.1.1d  10 Sep 2019), cryptography 2.8, Platform Linux-3.10.0-1062.1.2.el7.x86_64-x86_64-with-debian-10.2
2019-12-12 13:25:38 [scrapy.crawler] INFO: Overridden settings: {'BOT_NAME': 'spider_tophub', 'DOWNLOAD_DELAY': 1, 'LOG_FILE': 'logs/spider_tophub/github_trendingtoday/b6848fc21ce211ea831a0242ac1c0004.log', 'NEWSPIDER_MODULE': 'spider_tophub.spiders', 'SPIDER_MODULES': ['spider_tophub.spiders']}
2019-12-12 13:25:38 [scrapy.extensions.telnet] INFO: Telnet Password: f674adeb7b6c7d8e
2019-12-12 13:25:38 [scrapy.middleware] INFO: Enabled extensions:
['scrapy.extensions.corestats.CoreStats',
 'scrapy.extensions.telnet.TelnetConsole',
 'scrapy.extensions.memusage.MemoryUsage',
 'scrapy.extensions.logstats.LogStats']
2019-12-12 13:25:38 [scrapy.middleware] INFO: Enabled downloader middlewares:
['scrapy.downloadermiddlewares.httpauth.HttpAuthMiddleware',
 'scrapy.downloadermiddlewares.downloadtimeout.DownloadTimeoutMiddleware',
 'scrapy.downloadermiddlewares.defaultheaders.DefaultHeadersMiddleware',
 'scrapy.downloadermiddlewares.useragent.UserAgentMiddleware',
 'scrapy.downloadermiddlewares.retry.RetryMiddleware',
 'scrapy.downloadermiddlewares.redirect.MetaRefreshMiddleware',
 'scrapy.downloadermiddlewares.httpcompression.HttpCompressionMiddleware',
 'scrapy.downloadermiddlewares.redirect.RedirectMiddleware',
 'scrapy.downloadermiddlewares.cookies.CookiesMiddleware',
 'scrapy.downloadermiddlewares.httpproxy.HttpProxyMiddleware',
 'scrapy.downloadermiddlewares.stats.DownloaderStats']
2019-12-12 13:25:38 [scrapy.middleware] INFO: Enabled spider middlewares:
['scrapy.spidermiddlewares.httperror.HttpErrorMiddleware',
 'scrapy.spidermiddlewares.offsite.OffsiteMiddleware',
 'scrapy.spidermiddlewares.referer.RefererMiddleware',
 'scrapy.spidermiddlewares.urllength.UrlLengthMiddleware',
 'scrapy.spidermiddlewares.depth.DepthMiddleware']
2019-12-12 13:25:38 [scrapy.middleware] INFO: Enabled item pipelines:
['spider_tophub.pipelines.MysqlTwistedPipeline']
2019-12-12 13:25:38 [scrapy.core.engine] INFO: Spider opened
2019-12-12 13:25:38 [scrapy.extensions.logstats] INFO: Crawled 0 pages (at 0 pages/min), scraped 0 items (at 0 items/min)
2019-12-12 13:25:38 [scrapy.extensions.telnet] INFO: Telnet console listening on 127.0.0.1:6024
2019-12-12 13:25:41 [scrapy.core.engine] DEBUG: Crawled (200) <GET https://github.com/trending> (referer: None)
2019-12-12 13:25:41 [scrapy.core.scraper] DEBUG: Scraped from <200 https://github.com/trending>
None
2019-12-12 13:25:41 [scrapy.core.scraper] DEBUG: Scraped from <200 https://github.com/trending>
None
2019-12-12 13:25:41 [scrapy.core.scraper] DEBUG: Scraped from <200 https://github.com/trending>
None
2019-12-12 13:25:41 [scrapy.core.scraper] DEBUG: Scraped from <200 https://github.com/trending>
None
2019-12-12 13:25:41 [scrapy.core.scraper] DEBUG: Scraped from <200 https://github.com/trending>
None
2019-12-12 13:25:41 [scrapy.core.scraper] DEBUG: Scraped from <200 https://github.com/trending>
None
2019-12-12 13:25:41 [scrapy.core.scraper] DEBUG: Scraped from <200 https://github.com/trending>
None
2019-12-12 13:25:41 [scrapy.core.scraper] DEBUG: Scraped from <200 https://github.com/trending>
None
2019-12-12 13:25:41 [scrapy.core.scraper] DEBUG: Scraped from <200 https://github.com/trending>
None
2019-12-12 13:25:41 [scrapy.core.scraper] DEBUG: Scraped from <200 https://github.com/trending>
None
2019-12-12 13:25:41 [scrapy.core.scraper] DEBUG: Scraped from <200 https://github.com/trending>
None
2019-12-12 13:25:41 [scrapy.core.scraper] DEBUG: Scraped from <200 https://github.com/trending>
None
2019-12-12 13:25:41 [scrapy.core.scraper] DEBUG: Scraped from <200 https://github.com/trending>
None
2019-12-12 13:25:41 [scrapy.core.scraper] DEBUG: Scraped from <200 https://github.com/trending>
None
2019-12-12 13:25:41 [scrapy.core.scraper] DEBUG: Scraped from <200 https://github.com/trending>
None
2019-12-12 13:25:41 [scrapy.core.scraper] DEBUG: Scraped from <200 https://github.com/trending>
None
2019-12-12 13:25:41 [scrapy.core.scraper] DEBUG: Scraped from <200 https://github.com/trending>
None
2019-12-12 13:25:41 [scrapy.core.scraper] DEBUG: Scraped from <200 https://github.com/trending>
None
2019-12-12 13:25:41 [scrapy.core.scraper] DEBUG: Scraped from <200 https://github.com/trending>
None
2019-12-12 13:25:41 [scrapy.core.scraper] DEBUG: Scraped from <200 https://github.com/trending>
None
2019-12-12 13:25:41 [scrapy.core.scraper] DEBUG: Scraped from <200 https://github.com/trending>
None
2019-12-12 13:25:41 [scrapy.core.scraper] DEBUG: Scraped from <200 https://github.com/trending>
None
2019-12-12 13:25:41 [scrapy.core.scraper] DEBUG: Scraped from <200 https://github.com/trending>
None
2019-12-12 13:25:41 [scrapy.core.scraper] DEBUG: Scraped from <200 https://github.com/trending>
None
2019-12-12 13:25:41 [scrapy.core.scraper] DEBUG: Scraped from <200 https://github.com/trending>
None
2019-12-12 13:25:41 [scrapy.core.engine] INFO: Closing spider (finished)
2019-12-12 13:25:41 [scrapy.statscollectors] INFO: Dumping Scrapy stats:
{'downloader/request_bytes': 217,
 'downloader/request_count': 1,
 'downloader/request_method_count/GET': 1,
 'downloader/response_bytes': 36659,
 'downloader/response_count': 1,
 'downloader/response_status_count/200': 1,
 'elapsed_time_seconds': 2.279976,
 'finish_reason': 'finished',
 'finish_time': datetime.datetime(2019, 12, 12, 13, 25, 41, 212549),
 'item_scraped_count': 25,
 'log_count/DEBUG': 26,
 'log_count/INFO': 10,
 'memusage/max': 57208832,
 'memusage/startup': 57208832,
 'response_received_count': 1,
 'scheduler/dequeued': 1,
 'scheduler/dequeued/memory': 1,
 'scheduler/enqueued': 1,
 'scheduler/enqueued/memory': 1,
 'start_time': datetime.datetime(2019, 12, 12, 13, 25, 38, 932573)}
2019-12-12 13:25:41 [scrapy.core.engine] INFO: Spider closed (finished)
2019-12-12 13:25:41 [urllib3.connectionpool] DEBUG: Starting new HTTP connection (1): elasticsearch:9200
2019-12-12 13:25:41 [urllib3.connectionpool] DEBUG: Starting new HTTP connection (1): elasticsearch:9200
2019-12-12 13:25:41 [urllib3.connectionpool] DEBUG: Starting new HTTP connection (1): elasticsearch:9200
2019-12-12 13:25:41 [urllib3.connectionpool] DEBUG: Starting new HTTP connection (1): elasticsearch:9200
2019-12-12 13:25:41 [urllib3.connectionpool] DEBUG: http://elasticsearch:9200 "HEAD /top HTTP/1.1" 200 0
2019-12-12 13:25:41 [elasticsearch] INFO: HEAD http://elasticsearch:9200/top [status:200 request:0.012s]
2019-12-12 13:25:41 [elasticsearch] DEBUG: > None
2019-12-12 13:25:41 [elasticsearch] DEBUG: < 
2019-12-12 13:25:41 [urllib3.connectionpool] DEBUG: Starting new HTTP connection (1): elasticsearch:9200
2019-12-12 13:25:41 [urllib3.connectionpool] DEBUG: http://elasticsearch:9200 "HEAD /top HTTP/1.1" 200 0
2019-12-12 13:25:41 [elasticsearch] INFO: HEAD http://elasticsearch:9200/top [status:200 request:0.013s]
2019-12-12 13:25:41 [elasticsearch] DEBUG: > None
2019-12-12 13:25:41 [elasticsearch] DEBUG: < 
2019-12-12 13:25:41 [urllib3.connectionpool] DEBUG: http://elasticsearch:9200 "HEAD /top HTTP/1.1" 200 0
2019-12-12 13:25:41 [elasticsearch] INFO: HEAD http://elasticsearch:9200/top [status:200 request:0.008s]
2019-12-12 13:25:41 [elasticsearch] DEBUG: > None
2019-12-12 13:25:41 [elasticsearch] DEBUG: < 
2019-12-12 13:25:41 [urllib3.connectionpool] DEBUG: http://elasticsearch:9200 "HEAD /top HTTP/1.1" 200 0
2019-12-12 13:25:41 [elasticsearch] INFO: HEAD http://elasticsearch:9200/top [status:200 request:0.005s]
2019-12-12 13:25:41 [elasticsearch] DEBUG: > None
2019-12-12 13:25:41 [elasticsearch] DEBUG: < 
2019-12-12 13:25:41 [urllib3.connectionpool] DEBUG: http://elasticsearch:9200 "HEAD /top HTTP/1.1" 200 0
2019-12-12 13:25:41 [elasticsearch] INFO: HEAD http://elasticsearch:9200/top [status:200 request:0.017s]
2019-12-12 13:25:41 [elasticsearch] DEBUG: > None
2019-12-12 13:25:41 [elasticsearch] DEBUG: < 
2019-12-12 13:25:41 [urllib3.connectionpool] DEBUG: http://elasticsearch:9200 "POST /top/_doc/4407 HTTP/1.1" 200 160
2019-12-12 13:25:41 [elasticsearch] INFO: POST http://elasticsearch:9200/top/_doc/4407 [status:200 request:0.011s]
2019-12-12 13:25:41 [elasticsearch] DEBUG: > {"title":"renjie-feng-trash/fengrenjie","description_content":"563 stars","update_at":1576157141163}
2019-12-12 13:25:41 [elasticsearch] DEBUG: < {"_index":"top","_type":"_doc","_id":"4407","_version":14,"result":"updated","_shards":{"total":2,"successful":1,"failed":0},"_seq_no":104866,"_primary_term":1}
2019-12-12 13:25:41 [urllib3.connectionpool] DEBUG: http://elasticsearch:9200 "POST /top/_doc/4408 HTTP/1.1" 200 160
2019-12-12 13:25:41 [elasticsearch] INFO: POST http://elasticsearch:9200/top/_doc/4408 [status:200 request:0.015s]
2019-12-12 13:25:41 [elasticsearch] DEBUG: > {"title":"docker-slim/docker-slim","description_content":"5510 stars","update_at":1576157141163}
2019-12-12 13:25:41 [elasticsearch] DEBUG: < {"_index":"top","_type":"_doc","_id":"4408","_version":14,"result":"updated","_shards":{"total":2,"successful":1,"failed":0},"_seq_no":104867,"_primary_term":1}
2019-12-12 13:25:41 [urllib3.connectionpool] DEBUG: Starting new HTTP connection (1): elasticsearch:9200
2019-12-12 13:25:41 [urllib3.connectionpool] DEBUG: http://elasticsearch:9200 "HEAD /top HTTP/1.1" 200 0
2019-12-12 13:25:41 [elasticsearch] INFO: HEAD http://elasticsearch:9200/top [status:200 request:0.002s]
2019-12-12 13:25:41 [elasticsearch] DEBUG: > None
2019-12-12 13:25:41 [elasticsearch] DEBUG: < 
2019-12-12 13:25:41 [urllib3.connectionpool] DEBUG: http://elasticsearch:9200 "POST /top/_doc/3096 HTTP/1.1" 200 160
2019-12-12 13:25:41 [elasticsearch] INFO: POST http://elasticsearch:9200/top/_doc/3096 [status:200 request:0.019s]
2019-12-12 13:25:41 [elasticsearch] DEBUG: > {"title":"marblexu/PythonPlantsVsZombies","description_content":"637 stars","update_at":1576157141163}
2019-12-12 13:25:41 [elasticsearch] DEBUG: < {"_index":"top","_type":"_doc","_id":"3096","_version":23,"result":"updated","_shards":{"total":2,"successful":1,"failed":0},"_seq_no":104868,"_primary_term":1}
2019-12-12 13:25:41 [urllib3.connectionpool] DEBUG: Starting new HTTP connection (1): elasticsearch:9200
2019-12-12 13:25:41 [urllib3.connectionpool] DEBUG: http://elasticsearch:9200 "HEAD /top HTTP/1.1" 200 0
2019-12-12 13:25:41 [elasticsearch] INFO: HEAD http://elasticsearch:9200/top [status:200 request:0.002s]
2019-12-12 13:25:41 [elasticsearch] DEBUG: > None
2019-12-12 13:25:41 [elasticsearch] DEBUG: < 
2019-12-12 13:25:41 [urllib3.connectionpool] DEBUG: http://elasticsearch:9200 "POST /top/_doc/4409 HTTP/1.1" 200 160
2019-12-12 13:25:41 [elasticsearch] INFO: POST http://elasticsearch:9200/top/_doc/4409 [status:200 request:0.024s]
2019-12-12 13:25:41 [elasticsearch] DEBUG: > {"title":"alphaSeclab/awesome-reverse-engineering","description_content":"278 stars","update_at":1576157141163}
2019-12-12 13:25:41 [elasticsearch] DEBUG: < {"_index":"top","_type":"_doc","_id":"4409","_version":14,"result":"updated","_shards":{"total":2,"successful":1,"failed":0},"_seq_no":104869,"_primary_term":1}
2019-12-12 13:25:41 [urllib3.connectionpool] DEBUG: Starting new HTTP connection (1): elasticsearch:9200
2019-12-12 13:25:41 [urllib3.connectionpool] DEBUG: http://elasticsearch:9200 "HEAD /top HTTP/1.1" 200 0
2019-12-12 13:25:41 [elasticsearch] INFO: HEAD http://elasticsearch:9200/top [status:200 request:0.003s]
2019-12-12 13:25:41 [elasticsearch] DEBUG: > None
2019-12-12 13:25:41 [elasticsearch] DEBUG: < 
2019-12-12 13:25:41 [urllib3.connectionpool] DEBUG: http://elasticsearch:9200 "POST /top/_doc/3101 HTTP/1.1" 200 160
2019-12-12 13:25:41 [elasticsearch] INFO: POST http://elasticsearch:9200/top/_doc/3101 [status:200 request:0.030s]
2019-12-12 13:25:41 [elasticsearch] DEBUG: > {"title":"bytefury/crater","description_content":"967 stars","update_at":1576157141163}
2019-12-12 13:25:41 [elasticsearch] DEBUG: < {"_index":"top","_type":"_doc","_id":"3101","_version":23,"result":"updated","_shards":{"total":2,"successful":1,"failed":0},"_seq_no":104870,"_primary_term":1}
2019-12-12 13:25:41 [urllib3.connectionpool] DEBUG: Starting new HTTP connection (1): elasticsearch:9200
2019-12-12 13:25:41 [urllib3.connectionpool] DEBUG: http://elasticsearch:9200 "HEAD /top HTTP/1.1" 200 0
2019-12-12 13:25:41 [elasticsearch] INFO: HEAD http://elasticsearch:9200/top [status:200 request:0.002s]
2019-12-12 13:25:41 [elasticsearch] DEBUG: > None
2019-12-12 13:25:41 [elasticsearch] DEBUG: < 
2019-12-12 13:25:41 [urllib3.connectionpool] DEBUG: http://elasticsearch:9200 "POST /top/_doc/4410 HTTP/1.1" 200 160
2019-12-12 13:25:41 [elasticsearch] INFO: POST http://elasticsearch:9200/top/_doc/4410 [status:200 request:0.022s]
2019-12-12 13:25:41 [elasticsearch] DEBUG: > {"title":"ryanhanwu/How-To-Ask-Questions-The-Smart-Way","description_content":"9042 stars","update_at":1576157141163}
2019-12-12 13:25:41 [elasticsearch] DEBUG: < {"_index":"top","_type":"_doc","_id":"4410","_version":14,"result":"updated","_shards":{"total":2,"successful":1,"failed":0},"_seq_no":104871,"_primary_term":1}
2019-12-12 13:25:41 [urllib3.connectionpool] DEBUG: Starting new HTTP connection (1): elasticsearch:9200
2019-12-12 13:25:41 [urllib3.connectionpool] DEBUG: http://elasticsearch:9200 "HEAD /top HTTP/1.1" 200 0
2019-12-12 13:25:41 [elasticsearch] INFO: HEAD http://elasticsearch:9200/top [status:200 request:0.003s]
2019-12-12 13:25:41 [elasticsearch] DEBUG: > None
2019-12-12 13:25:41 [elasticsearch] DEBUG: < 
2019-12-12 13:25:41 [urllib3.connectionpool] DEBUG: http://elasticsearch:9200 "POST /top/_doc/3115 HTTP/1.1" 200 160
2019-12-12 13:25:41 [elasticsearch] INFO: POST http://elasticsearch:9200/top/_doc/3115 [status:200 request:0.021s]
2019-12-12 13:25:41 [elasticsearch] DEBUG: > {"title":"kdn251/interviews","description_content":"40856 stars","update_at":1576157141163}
2019-12-12 13:25:41 [elasticsearch] DEBUG: < {"_index":"top","_type":"_doc","_id":"3115","_version":23,"result":"updated","_shards":{"total":2,"successful":1,"failed":0},"_seq_no":104872,"_primary_term":1}
2019-12-12 13:25:41 [urllib3.connectionpool] DEBUG: Starting new HTTP connection (1): elasticsearch:9200
2019-12-12 13:25:41 [urllib3.connectionpool] DEBUG: http://elasticsearch:9200 "HEAD /top HTTP/1.1" 200 0
2019-12-12 13:25:41 [elasticsearch] INFO: HEAD http://elasticsearch:9200/top [status:200 request:0.003s]
2019-12-12 13:25:41 [elasticsearch] DEBUG: > None
2019-12-12 13:25:41 [elasticsearch] DEBUG: < 
2019-12-12 13:25:41 [urllib3.connectionpool] DEBUG: Starting new HTTP connection (1): elasticsearch:9200
2019-12-12 13:25:41 [urllib3.connectionpool] DEBUG: http://elasticsearch:9200 "HEAD /top HTTP/1.1" 200 0
2019-12-12 13:25:41 [elasticsearch] INFO: HEAD http://elasticsearch:9200/top [status:200 request:0.002s]
2019-12-12 13:25:41 [elasticsearch] DEBUG: > None
2019-12-12 13:25:41 [elasticsearch] DEBUG: < 
2019-12-12 13:25:41 [urllib3.connectionpool] DEBUG: http://elasticsearch:9200 "POST /top/_doc/3116 HTTP/1.1" 200 160
2019-12-12 13:25:41 [elasticsearch] INFO: POST http://elasticsearch:9200/top/_doc/3116 [status:200 request:0.025s]
2019-12-12 13:25:41 [elasticsearch] DEBUG: > {"title":"AobingJava/JavaFamily","description_content":"3327 stars","update_at":1576157141163}
2019-12-12 13:25:41 [elasticsearch] DEBUG: < {"_index":"top","_type":"_doc","_id":"3116","_version":23,"result":"updated","_shards":{"total":2,"successful":1,"failed":0},"_seq_no":104873,"_primary_term":1}
2019-12-12 13:25:41 [urllib3.connectionpool] DEBUG: Starting new HTTP connection (1): elasticsearch:9200
2019-12-12 13:25:41 [urllib3.connectionpool] DEBUG: http://elasticsearch:9200 "POST /top/_doc/4411 HTTP/1.1" 200 160
2019-12-12 13:25:41 [elasticsearch] INFO: POST http://elasticsearch:9200/top/_doc/4411 [status:200 request:0.024s]
2019-12-12 13:25:41 [elasticsearch] DEBUG: > {"title":"sudomesh/disaster-radio","description_content":"348 stars","update_at":1576157141163}
2019-12-12 13:25:41 [elasticsearch] DEBUG: < {"_index":"top","_type":"_doc","_id":"4411","_version":14,"result":"updated","_shards":{"total":2,"successful":1,"failed":0},"_seq_no":104874,"_primary_term":1}
2019-12-12 13:25:41 [urllib3.connectionpool] DEBUG: http://elasticsearch:9200 "HEAD /top HTTP/1.1" 200 0
2019-12-12 13:25:41 [elasticsearch] INFO: HEAD http://elasticsearch:9200/top [status:200 request:0.003s]
2019-12-12 13:25:41 [elasticsearch] DEBUG: > None
2019-12-12 13:25:41 [elasticsearch] DEBUG: < 
2019-12-12 13:25:41 [urllib3.connectionpool] DEBUG: http://elasticsearch:9200 "POST /top/_doc/4412 HTTP/1.1" 200 160
2019-12-12 13:25:41 [elasticsearch] INFO: POST http://elasticsearch:9200/top/_doc/4412 [status:200 request:0.027s]
2019-12-12 13:25:41 [elasticsearch] DEBUG: > {"title":"flutter/flutter","description_content":"81313 stars","update_at":1576157141163}
2019-12-12 13:25:41 [elasticsearch] DEBUG: < {"_index":"top","_type":"_doc","_id":"4412","_version":14,"result":"updated","_shards":{"total":2,"successful":1,"failed":0},"_seq_no":104875,"_primary_term":1}
2019-12-12 13:25:41 [urllib3.connectionpool] DEBUG: Starting new HTTP connection (1): elasticsearch:9200
2019-12-12 13:25:41 [urllib3.connectionpool] DEBUG: http://elasticsearch:9200 "HEAD /top HTTP/1.1" 200 0
2019-12-12 13:25:41 [elasticsearch] INFO: HEAD http://elasticsearch:9200/top [status:200 request:0.002s]
2019-12-12 13:25:41 [elasticsearch] DEBUG: > None
2019-12-12 13:25:41 [elasticsearch] DEBUG: < 
2019-12-12 13:25:41 [urllib3.connectionpool] DEBUG: http://elasticsearch:9200 "POST /top/_doc/4413 HTTP/1.1" 200 160
2019-12-12 13:25:41 [elasticsearch] INFO: POST http://elasticsearch:9200/top/_doc/4413 [status:200 request:0.025s]
2019-12-12 13:25:41 [elasticsearch] DEBUG: > {"title":"RomelTorres/alpha_vantage","description_content":"1633 stars","update_at":1576157141163}
2019-12-12 13:25:41 [elasticsearch] DEBUG: < {"_index":"top","_type":"_doc","_id":"4413","_version":14,"result":"updated","_shards":{"total":2,"successful":1,"failed":0},"_seq_no":104876,"_primary_term":1}
2019-12-12 13:25:41 [urllib3.connectionpool] DEBUG: Starting new HTTP connection (1): elasticsearch:9200
2019-12-12 13:25:41 [urllib3.connectionpool] DEBUG: http://elasticsearch:9200 "HEAD /top HTTP/1.1" 200 0
2019-12-12 13:25:41 [elasticsearch] INFO: HEAD http://elasticsearch:9200/top [status:200 request:0.002s]
2019-12-12 13:25:41 [elasticsearch] DEBUG: > None
2019-12-12 13:25:41 [elasticsearch] DEBUG: < 
2019-12-12 13:25:41 [urllib3.connectionpool] DEBUG: Starting new HTTP connection (1): elasticsearch:9200
2019-12-12 13:25:41 [urllib3.connectionpool] DEBUG: http://elasticsearch:9200 "POST /top/_doc/4414 HTTP/1.1" 200 160
2019-12-12 13:25:41 [elasticsearch] INFO: POST http://elasticsearch:9200/top/_doc/4414 [status:200 request:0.029s]
2019-12-12 13:25:41 [elasticsearch] DEBUG: > {"title":"Asabeneh/30-Days-Of-Python","description_content":"121 stars","update_at":1576157141163}
2019-12-12 13:25:41 [elasticsearch] DEBUG: < {"_index":"top","_type":"_doc","_id":"4414","_version":14,"result":"updated","_shards":{"total":2,"successful":1,"failed":0},"_seq_no":104877,"_primary_term":1}
2019-12-12 13:25:41 [urllib3.connectionpool] DEBUG: http://elasticsearch:9200 "HEAD /top HTTP/1.1" 200 0
2019-12-12 13:25:41 [elasticsearch] INFO: HEAD http://elasticsearch:9200/top [status:200 request:0.004s]
2019-12-12 13:25:41 [elasticsearch] DEBUG: > None
2019-12-12 13:25:41 [elasticsearch] DEBUG: < 
2019-12-12 13:25:41 [urllib3.connectionpool] DEBUG: http://elasticsearch:9200 "POST /top/_doc/3099 HTTP/1.1" 200 160
2019-12-12 13:25:41 [elasticsearch] INFO: POST http://elasticsearch:9200/top/_doc/3099 [status:200 request:0.026s]
2019-12-12 13:25:41 [elasticsearch] DEBUG: > {"title":"getify/You-Dont-Know-JS","description_content":"113114 stars","update_at":1576157141163}
2019-12-12 13:25:41 [elasticsearch] DEBUG: < {"_index":"top","_type":"_doc","_id":"3099","_version":23,"result":"updated","_shards":{"total":2,"successful":1,"failed":0},"_seq_no":104878,"_primary_term":1}
2019-12-12 13:25:41 [urllib3.connectionpool] DEBUG: Starting new HTTP connection (1): elasticsearch:9200
2019-12-12 13:25:41 [urllib3.connectionpool] DEBUG: http://elasticsearch:9200 "POST /top/_doc/3107 HTTP/1.1" 200 160
2019-12-12 13:25:41 [elasticsearch] INFO: POST http://elasticsearch:9200/top/_doc/3107 [status:200 request:0.020s]
2019-12-12 13:25:41 [elasticsearch] DEBUG: > {"title":"TheAlgorithms/Python","description_content":"64117 stars","update_at":1576157141163}
2019-12-12 13:25:41 [elasticsearch] DEBUG: < {"_index":"top","_type":"_doc","_id":"3107","_version":23,"result":"updated","_shards":{"total":2,"successful":1,"failed":0},"_seq_no":104879,"_primary_term":1}
2019-12-12 13:25:41 [urllib3.connectionpool] DEBUG: http://elasticsearch:9200 "HEAD /top HTTP/1.1" 200 0
2019-12-12 13:25:41 [elasticsearch] INFO: HEAD http://elasticsearch:9200/top [status:200 request:0.004s]
2019-12-12 13:25:41 [elasticsearch] DEBUG: > None
2019-12-12 13:25:41 [elasticsearch] DEBUG: < 
2019-12-12 13:25:41 [urllib3.connectionpool] DEBUG: Starting new HTTP connection (1): elasticsearch:9200
2019-12-12 13:25:41 [urllib3.connectionpool] DEBUG: http://elasticsearch:9200 "HEAD /top HTTP/1.1" 200 0
2019-12-12 13:25:41 [elasticsearch] INFO: HEAD http://elasticsearch:9200/top [status:200 request:0.002s]
2019-12-12 13:25:41 [elasticsearch] DEBUG: > None
2019-12-12 13:25:41 [elasticsearch] DEBUG: < 
2019-12-12 13:25:41 [urllib3.connectionpool] DEBUG: http://elasticsearch:9200 "POST /top/_doc/4415 HTTP/1.1" 200 160
2019-12-12 13:25:41 [elasticsearch] INFO: POST http://elasticsearch:9200/top/_doc/4415 [status:200 request:0.021s]
2019-12-12 13:25:41 [elasticsearch] DEBUG: > {"title":"dhondta/dronesploit","description_content":"162 stars","update_at":1576157141163}
2019-12-12 13:25:41 [elasticsearch] DEBUG: < {"_index":"top","_type":"_doc","_id":"4415","_version":14,"result":"updated","_shards":{"total":2,"successful":1,"failed":0},"_seq_no":104880,"_primary_term":1}
2019-12-12 13:25:41 [urllib3.connectionpool] DEBUG: Starting new HTTP connection (1): elasticsearch:9200
2019-12-12 13:25:41 [urllib3.connectionpool] DEBUG: http://elasticsearch:9200 "HEAD /top HTTP/1.1" 200 0
2019-12-12 13:25:41 [elasticsearch] INFO: HEAD http://elasticsearch:9200/top [status:200 request:0.002s]
2019-12-12 13:25:41 [elasticsearch] DEBUG: > None
2019-12-12 13:25:41 [elasticsearch] DEBUG: < 
2019-12-12 13:25:41 [urllib3.connectionpool] DEBUG: http://elasticsearch:9200 "POST /top/_doc/4416 HTTP/1.1" 200 160
2019-12-12 13:25:41 [elasticsearch] INFO: POST http://elasticsearch:9200/top/_doc/4416 [status:200 request:0.023s]
2019-12-12 13:25:41 [elasticsearch] DEBUG: > {"title":"ElemeFE/element","description_content":"42859 stars","update_at":1576157141163}
2019-12-12 13:25:41 [elasticsearch] DEBUG: < {"_index":"top","_type":"_doc","_id":"4416","_version":14,"result":"updated","_shards":{"total":2,"successful":1,"failed":0},"_seq_no":104881,"_primary_term":1}
2019-12-12 13:25:41 [urllib3.connectionpool] DEBUG: Starting new HTTP connection (1): elasticsearch:9200
2019-12-12 13:25:41 [urllib3.connectionpool] DEBUG: http://elasticsearch:9200 "HEAD /top HTTP/1.1" 200 0
2019-12-12 13:25:41 [elasticsearch] INFO: HEAD http://elasticsearch:9200/top [status:200 request:0.002s]
2019-12-12 13:25:41 [elasticsearch] DEBUG: > None
2019-12-12 13:25:41 [elasticsearch] DEBUG: < 
2019-12-12 13:25:41 [urllib3.connectionpool] DEBUG: http://elasticsearch:9200 "POST /top/_doc/4417 HTTP/1.1" 200 160
2019-12-12 13:25:41 [elasticsearch] INFO: POST http://elasticsearch:9200/top/_doc/4417 [status:200 request:0.019s]
2019-12-12 13:25:41 [elasticsearch] DEBUG: > {"title":"lydiahallie/javascript-questions","description_content":"12941 stars","update_at":1576157141163}
2019-12-12 13:25:41 [elasticsearch] DEBUG: < {"_index":"top","_type":"_doc","_id":"4417","_version":14,"result":"updated","_shards":{"total":2,"successful":1,"failed":0},"_seq_no":104882,"_primary_term":1}
2019-12-12 13:25:41 [urllib3.connectionpool] DEBUG: http://elasticsearch:9200 "POST /top/_doc/4418 HTTP/1.1" 200 160
2019-12-12 13:25:41 [elasticsearch] INFO: POST http://elasticsearch:9200/top/_doc/4418 [status:200 request:0.018s]
2019-12-12 13:25:41 [elasticsearch] DEBUG: > {"title":"robfig/cron","description_content":"5086 stars","update_at":1576157141163}
2019-12-12 13:25:41 [elasticsearch] DEBUG: < {"_index":"top","_type":"_doc","_id":"4418","_version":14,"result":"updated","_shards":{"total":2,"successful":1,"failed":0},"_seq_no":104883,"_primary_term":1}
2019-12-12 13:25:41 [urllib3.connectionpool] DEBUG: Starting new HTTP connection (1): elasticsearch:9200
2019-12-12 13:25:41 [urllib3.connectionpool] DEBUG: http://elasticsearch:9200 "HEAD /top HTTP/1.1" 200 0
2019-12-12 13:25:41 [elasticsearch] INFO: HEAD http://elasticsearch:9200/top [status:200 request:0.002s]
2019-12-12 13:25:41 [elasticsearch] DEBUG: > None
2019-12-12 13:25:41 [elasticsearch] DEBUG: < 
2019-12-12 13:25:41 [urllib3.connectionpool] DEBUG: http://elasticsearch:9200 "POST /top/_doc/3113 HTTP/1.1" 200 160
2019-12-12 13:25:41 [elasticsearch] INFO: POST http://elasticsearch:9200/top/_doc/3113 [status:200 request:0.018s]
2019-12-12 13:25:41 [elasticsearch] DEBUG: > {"title":"wuyouzhuguli/SpringAll","description_content":"11410 stars","update_at":1576157141163}
2019-12-12 13:25:41 [elasticsearch] DEBUG: < {"_index":"top","_type":"_doc","_id":"3113","_version":23,"result":"updated","_shards":{"total":2,"successful":1,"failed":0},"_seq_no":104884,"_primary_term":1}
2019-12-12 13:25:41 [urllib3.connectionpool] DEBUG: Starting new HTTP connection (1): elasticsearch:9200
2019-12-12 13:25:41 [urllib3.connectionpool] DEBUG: http://elasticsearch:9200 "HEAD /top HTTP/1.1" 200 0
2019-12-12 13:25:41 [elasticsearch] INFO: HEAD http://elasticsearch:9200/top [status:200 request:0.002s]
2019-12-12 13:25:41 [elasticsearch] DEBUG: > None
2019-12-12 13:25:41 [elasticsearch] DEBUG: < 
2019-12-12 13:25:41 [urllib3.connectionpool] DEBUG: Starting new HTTP connection (1): elasticsearch:9200
2019-12-12 13:25:41 [urllib3.connectionpool] DEBUG: http://elasticsearch:9200 "HEAD /top HTTP/1.1" 200 0
2019-12-12 13:25:41 [elasticsearch] INFO: HEAD http://elasticsearch:9200/top [status:200 request:0.002s]
2019-12-12 13:25:41 [elasticsearch] DEBUG: > None
2019-12-12 13:25:41 [elasticsearch] DEBUG: < 
2019-12-12 13:25:41 [urllib3.connectionpool] DEBUG: http://elasticsearch:9200 "POST /top/_doc/4419 HTTP/1.1" 200 160
2019-12-12 13:25:41 [elasticsearch] INFO: POST http://elasticsearch:9200/top/_doc/4419 [status:200 request:0.021s]
2019-12-12 13:25:41 [elasticsearch] DEBUG: > {"title":"dylanaraps/pure-bash-bible","description_content":"23483 stars","update_at":1576157141163}
2019-12-12 13:25:41 [elasticsearch] DEBUG: < {"_index":"top","_type":"_doc","_id":"4419","_version":14,"result":"updated","_shards":{"total":2,"successful":1,"failed":0},"_seq_no":104885,"_primary_term":1}
2019-12-12 13:25:41 [urllib3.connectionpool] DEBUG: Starting new HTTP connection (1): elasticsearch:9200
2019-12-12 13:25:41 [urllib3.connectionpool] DEBUG: http://elasticsearch:9200 "HEAD /top HTTP/1.1" 200 0
2019-12-12 13:25:41 [elasticsearch] INFO: HEAD http://elasticsearch:9200/top [status:200 request:0.002s]
2019-12-12 13:25:41 [elasticsearch] DEBUG: > None
2019-12-12 13:25:41 [elasticsearch] DEBUG: < 
2019-12-12 13:25:41 [urllib3.connectionpool] DEBUG: http://elasticsearch:9200 "POST /top/_doc/4420 HTTP/1.1" 200 160
2019-12-12 13:25:41 [elasticsearch] INFO: POST http://elasticsearch:9200/top/_doc/4420 [status:200 request:0.019s]
2019-12-12 13:25:41 [elasticsearch] DEBUG: > {"title":"formulahendry/955.WLB","description_content":"17660 stars","update_at":1576157141163}
2019-12-12 13:25:41 [elasticsearch] DEBUG: < {"_index":"top","_type":"_doc","_id":"4420","_version":14,"result":"updated","_shards":{"total":2,"successful":1,"failed":0},"_seq_no":104886,"_primary_term":1}
2019-12-12 13:25:41 [urllib3.connectionpool] DEBUG: Starting new HTTP connection (1): elasticsearch:9200
2019-12-12 13:25:41 [urllib3.connectionpool] DEBUG: http://elasticsearch:9200 "HEAD /top HTTP/1.1" 200 0
2019-12-12 13:25:41 [elasticsearch] INFO: HEAD http://elasticsearch:9200/top [status:200 request:0.002s]
2019-12-12 13:25:41 [elasticsearch] DEBUG: > None
2019-12-12 13:25:41 [elasticsearch] DEBUG: < 
2019-12-12 13:25:41 [urllib3.connectionpool] DEBUG: http://elasticsearch:9200 "POST /top/_doc/4421 HTTP/1.1" 200 160
2019-12-12 13:25:41 [elasticsearch] INFO: POST http://elasticsearch:9200/top/_doc/4421 [status:200 request:0.019s]
2019-12-12 13:25:41 [elasticsearch] DEBUG: > {"title":"testerSunshine/12306","description_content":"18374 stars","update_at":1576157141163}
2019-12-12 13:25:41 [elasticsearch] DEBUG: < {"_index":"top","_type":"_doc","_id":"4421","_version":14,"result":"updated","_shards":{"total":2,"successful":1,"failed":0},"_seq_no":104887,"_primary_term":1}
2019-12-12 13:25:41 [urllib3.connectionpool] DEBUG: http://elasticsearch:9200 "POST /top/_doc/4422 HTTP/1.1" 200 160
2019-12-12 13:25:41 [elasticsearch] INFO: POST http://elasticsearch:9200/top/_doc/4422 [status:200 request:0.020s]
2019-12-12 13:25:41 [elasticsearch] DEBUG: > {"title":"google/mediapipe","description_content":"3906 stars","update_at":1576157141163}
2019-12-12 13:25:41 [elasticsearch] DEBUG: < {"_index":"top","_type":"_doc","_id":"4422","_version":14,"result":"updated","_shards":{"total":2,"successful":1,"failed":0},"_seq_no":104888,"_primary_term":1}
2019-12-12 13:25:41 [urllib3.connectionpool] DEBUG: http://elasticsearch:9200 "POST /top/_doc/4423 HTTP/1.1" 200 160
2019-12-12 13:25:41 [elasticsearch] INFO: POST http://elasticsearch:9200/top/_doc/4423 [status:200 request:0.017s]
2019-12-12 13:25:41 [elasticsearch] DEBUG: > {"title":"hashicorp/terraform","description_content":"19939 stars","update_at":1576157141163}
2019-12-12 13:25:41 [elasticsearch] DEBUG: < {"_index":"top","_type":"_doc","_id":"4423","_version":14,"result":"updated","_shards":{"total":2,"successful":1,"failed":0},"_seq_no":104889,"_primary_term":1}
2019-12-12 13:25:41 [urllib3.connectionpool] DEBUG: http://elasticsearch:9200 "POST /top/_doc/4424 HTTP/1.1" 200 160
2019-12-12 13:25:41 [elasticsearch] INFO: POST http://elasticsearch:9200/top/_doc/4424 [status:200 request:0.016s]
2019-12-12 13:25:41 [elasticsearch] DEBUG: > {"title":"libra/libra","description_content":"13460 stars","update_at":1576157141163}
2019-12-12 13:25:41 [elasticsearch] DEBUG: < {"_index":"top","_type":"_doc","_id":"4424","_version":14,"result":"updated","_shards":{"total":2,"successful":1,"failed":0},"_seq_no":104890,"_primary_term":1}
