2019-12-12 13:44:58 [scrapy.utils.log] INFO: Scrapy 1.7.4 started (bot: spider_tophub)
2019-12-12 13:44:58 [scrapy.utils.log] INFO: Versions: lxml 4.4.1.0, libxml2 2.9.9, cssselect 1.1.0, parsel 1.5.2, w3lib 1.21.0, Twisted 19.7.0, Python 3.7.5 (default, Nov 23 2019, 05:59:34) - [GCC 8.3.0], pyOpenSSL 19.0.0 (OpenSSL 1.1.1d  10 Sep 2019), cryptography 2.8, Platform Linux-3.10.0-1062.1.2.el7.x86_64-x86_64-with-debian-10.2
2019-12-12 13:44:58 [scrapy.crawler] INFO: Overridden settings: {'BOT_NAME': 'spider_tophub', 'DOWNLOAD_DELAY': 1, 'LOG_FILE': 'logs/spider_tophub/douban_huati24/81b169e81ce511ea831a0242ac1c0004.log', 'NEWSPIDER_MODULE': 'spider_tophub.spiders', 'SPIDER_MODULES': ['spider_tophub.spiders'], 'USER_AGENT': 'Mozilla/5.0 (Windows NT 10.0; Win64; x64) AppleWebKit/537.36 (KHTML, like Gecko) Chrome/77.0.3865.120 Safari/537.36'}
2019-12-12 13:44:58 [scrapy.extensions.telnet] INFO: Telnet Password: 0076ff7dc250f64b
2019-12-12 13:44:58 [scrapy.middleware] INFO: Enabled extensions:
['scrapy.extensions.corestats.CoreStats',
 'scrapy.extensions.telnet.TelnetConsole',
 'scrapy.extensions.memusage.MemoryUsage',
 'scrapy.extensions.logstats.LogStats']
2019-12-12 13:44:58 [scrapy.middleware] INFO: Enabled downloader middlewares:
['scrapy.downloadermiddlewares.httpauth.HttpAuthMiddleware',
 'scrapy.downloadermiddlewares.downloadtimeout.DownloadTimeoutMiddleware',
 'scrapy.downloadermiddlewares.defaultheaders.DefaultHeadersMiddleware',
 'scrapy.downloadermiddlewares.useragent.UserAgentMiddleware',
 'scrapy.downloadermiddlewares.retry.RetryMiddleware',
 'scrapy.downloadermiddlewares.redirect.MetaRefreshMiddleware',
 'scrapy.downloadermiddlewares.httpcompression.HttpCompressionMiddleware',
 'scrapy.downloadermiddlewares.redirect.RedirectMiddleware',
 'scrapy.downloadermiddlewares.cookies.CookiesMiddleware',
 'scrapy.downloadermiddlewares.httpproxy.HttpProxyMiddleware',
 'scrapy.downloadermiddlewares.stats.DownloaderStats']
2019-12-12 13:44:58 [scrapy.middleware] INFO: Enabled spider middlewares:
['scrapy.spidermiddlewares.httperror.HttpErrorMiddleware',
 'scrapy.spidermiddlewares.offsite.OffsiteMiddleware',
 'scrapy.spidermiddlewares.referer.RefererMiddleware',
 'scrapy.spidermiddlewares.urllength.UrlLengthMiddleware',
 'scrapy.spidermiddlewares.depth.DepthMiddleware']
2019-12-12 13:44:58 [scrapy.middleware] INFO: Enabled item pipelines:
['spider_tophub.pipelines.MysqlTwistedPipeline']
2019-12-12 13:44:58 [scrapy.core.engine] INFO: Spider opened
2019-12-12 13:44:58 [scrapy.extensions.logstats] INFO: Crawled 0 pages (at 0 pages/min), scraped 0 items (at 0 items/min)
2019-12-12 13:44:58 [scrapy.extensions.telnet] INFO: Telnet console listening on 127.0.0.1:6023
2019-12-12 13:45:00 [scrapy.core.engine] DEBUG: Crawled (200) <GET https://www.douban.com/gallery/> (referer: None)
2019-12-12 13:45:00 [scrapy.core.scraper] DEBUG: Scraped from <200 https://www.douban.com/gallery/>
None
2019-12-12 13:45:00 [scrapy.core.scraper] DEBUG: Scraped from <200 https://www.douban.com/gallery/>
None
2019-12-12 13:45:00 [scrapy.core.scraper] DEBUG: Scraped from <200 https://www.douban.com/gallery/>
None
2019-12-12 13:45:00 [scrapy.core.scraper] DEBUG: Scraped from <200 https://www.douban.com/gallery/>
None
2019-12-12 13:45:00 [scrapy.core.scraper] DEBUG: Scraped from <200 https://www.douban.com/gallery/>
None
2019-12-12 13:45:00 [scrapy.core.scraper] DEBUG: Scraped from <200 https://www.douban.com/gallery/>
None
2019-12-12 13:45:00 [scrapy.core.scraper] DEBUG: Scraped from <200 https://www.douban.com/gallery/>
None
2019-12-12 13:45:00 [scrapy.core.scraper] DEBUG: Scraped from <200 https://www.douban.com/gallery/>
None
2019-12-12 13:45:00 [scrapy.core.scraper] DEBUG: Scraped from <200 https://www.douban.com/gallery/>
None
2019-12-12 13:45:00 [scrapy.core.scraper] DEBUG: Scraped from <200 https://www.douban.com/gallery/>
None
2019-12-12 13:45:00 [scrapy.core.engine] INFO: Closing spider (finished)
2019-12-12 13:45:00 [scrapy.statscollectors] INFO: Dumping Scrapy stats:
{'downloader/request_bytes': 302,
 'downloader/request_count': 1,
 'downloader/request_method_count/GET': 1,
 'downloader/response_bytes': 7726,
 'downloader/response_count': 1,
 'downloader/response_status_count/200': 1,
 'elapsed_time_seconds': 1.76391,
 'finish_reason': 'finished',
 'finish_time': datetime.datetime(2019, 12, 12, 13, 45, 0, 644436),
 'item_scraped_count': 10,
 'log_count/DEBUG': 11,
 'log_count/INFO': 10,
 'memusage/max': 57217024,
 'memusage/startup': 57217024,
 'response_received_count': 1,
 'scheduler/dequeued': 1,
 'scheduler/dequeued/memory': 1,
 'scheduler/enqueued': 1,
 'scheduler/enqueued/memory': 1,
 'start_time': datetime.datetime(2019, 12, 12, 13, 44, 58, 880526)}
2019-12-12 13:45:00 [scrapy.core.engine] INFO: Spider closed (finished)
2019-12-12 13:45:00 [urllib3.connectionpool] DEBUG: Starting new HTTP connection (1): elasticsearch:9200
2019-12-12 13:45:00 [urllib3.connectionpool] DEBUG: Starting new HTTP connection (1): elasticsearch:9200
2019-12-12 13:45:00 [urllib3.connectionpool] DEBUG: Starting new HTTP connection (1): elasticsearch:9200
2019-12-12 13:45:00 [urllib3.connectionpool] DEBUG: Starting new HTTP connection (1): elasticsearch:9200
2019-12-12 13:45:00 [urllib3.connectionpool] DEBUG: http://elasticsearch:9200 "HEAD /top HTTP/1.1" 200 0
2019-12-12 13:45:00 [elasticsearch] INFO: HEAD http://elasticsearch:9200/top [status:200 request:0.005s]
2019-12-12 13:45:00 [elasticsearch] DEBUG: > None
2019-12-12 13:45:00 [elasticsearch] DEBUG: < 
2019-12-12 13:45:00 [urllib3.connectionpool] DEBUG: http://elasticsearch:9200 "HEAD /top HTTP/1.1" 200 0
2019-12-12 13:45:00 [elasticsearch] INFO: HEAD http://elasticsearch:9200/top [status:200 request:0.006s]
2019-12-12 13:45:00 [elasticsearch] DEBUG: > None
2019-12-12 13:45:00 [elasticsearch] DEBUG: < 
2019-12-12 13:45:00 [urllib3.connectionpool] DEBUG: http://elasticsearch:9200 "HEAD /top HTTP/1.1" 200 0
2019-12-12 13:45:00 [elasticsearch] INFO: HEAD http://elasticsearch:9200/top [status:200 request:0.006s]
2019-12-12 13:45:00 [elasticsearch] DEBUG: > None
2019-12-12 13:45:00 [elasticsearch] DEBUG: < 
2019-12-12 13:45:00 [urllib3.connectionpool] DEBUG: http://elasticsearch:9200 "HEAD /top HTTP/1.1" 200 0
2019-12-12 13:45:00 [elasticsearch] INFO: HEAD http://elasticsearch:9200/top [status:200 request:0.009s]
2019-12-12 13:45:00 [elasticsearch] DEBUG: > None
2019-12-12 13:45:00 [elasticsearch] DEBUG: < 
2019-12-12 13:45:00 [urllib3.connectionpool] DEBUG: Starting new HTTP connection (1): elasticsearch:9200
2019-12-12 13:45:00 [urllib3.connectionpool] DEBUG: http://elasticsearch:9200 "HEAD /top HTTP/1.1" 200 0
2019-12-12 13:45:00 [elasticsearch] INFO: HEAD http://elasticsearch:9200/top [status:200 request:0.002s]
2019-12-12 13:45:00 [elasticsearch] DEBUG: > None
2019-12-12 13:45:00 [elasticsearch] DEBUG: < 
2019-12-12 13:45:00 [urllib3.connectionpool] DEBUG: http://elasticsearch:9200 "POST /top/_doc/2374 HTTP/1.1" 200 161
2019-12-12 13:45:00 [elasticsearch] INFO: POST http://elasticsearch:9200/top/_doc/2374 [status:200 request:0.018s]
2019-12-12 13:45:00 [elasticsearch] DEBUG: > {"title":"我所沉迷的小众艺术","description_content":"131.7万次浏览","update_at":1576158300632}
2019-12-12 13:45:00 [elasticsearch] DEBUG: < {"_index":"top","_type":"_doc","_id":"2374","_version":160,"result":"updated","_shards":{"total":2,"successful":1,"failed":0},"_seq_no":109000,"_primary_term":1}
2019-12-12 13:45:00 [urllib3.connectionpool] DEBUG: Starting new HTTP connection (1): elasticsearch:9200
2019-12-12 13:45:00 [urllib3.connectionpool] DEBUG: http://elasticsearch:9200 "POST /top/_doc/2373 HTTP/1.1" 200 161
2019-12-12 13:45:00 [elasticsearch] INFO: POST http://elasticsearch:9200/top/_doc/2373 [status:200 request:0.033s]
2019-12-12 13:45:00 [elasticsearch] DEBUG: > {"title":"我们经历过的PTSD","description_content":"216.9万次浏览","update_at":1576158300632}
2019-12-12 13:45:00 [elasticsearch] DEBUG: < {"_index":"top","_type":"_doc","_id":"2373","_version":160,"result":"updated","_shards":{"total":2,"successful":1,"failed":0},"_seq_no":109001,"_primary_term":1}
2019-12-12 13:45:00 [urllib3.connectionpool] DEBUG: http://elasticsearch:9200 "HEAD /top HTTP/1.1" 200 0
2019-12-12 13:45:00 [elasticsearch] INFO: HEAD http://elasticsearch:9200/top [status:200 request:0.004s]
2019-12-12 13:45:00 [elasticsearch] DEBUG: > None
2019-12-12 13:45:00 [elasticsearch] DEBUG: < 
2019-12-12 13:45:00 [urllib3.connectionpool] DEBUG: http://elasticsearch:9200 "POST /top/_doc/2372 HTTP/1.1" 200 161
2019-12-12 13:45:00 [elasticsearch] INFO: POST http://elasticsearch:9200/top/_doc/2372 [status:200 request:0.042s]
2019-12-12 13:45:00 [elasticsearch] DEBUG: > {"title":"我童年时代的穿搭","description_content":"337.6万次浏览","update_at":1576158300632}
2019-12-12 13:45:00 [elasticsearch] DEBUG: < {"_index":"top","_type":"_doc","_id":"2372","_version":160,"result":"updated","_shards":{"total":2,"successful":1,"failed":0},"_seq_no":109002,"_primary_term":1}
2019-12-12 13:45:00 [urllib3.connectionpool] DEBUG: Starting new HTTP connection (1): elasticsearch:9200
2019-12-12 13:45:00 [urllib3.connectionpool] DEBUG: http://elasticsearch:9200 "HEAD /top HTTP/1.1" 200 0
2019-12-12 13:45:00 [elasticsearch] INFO: HEAD http://elasticsearch:9200/top [status:200 request:0.009s]
2019-12-12 13:45:00 [elasticsearch] DEBUG: > None
2019-12-12 13:45:00 [elasticsearch] DEBUG: < 
2019-12-12 13:45:00 [urllib3.connectionpool] DEBUG: Starting new HTTP connection (1): elasticsearch:9200
2019-12-12 13:45:00 [urllib3.connectionpool] DEBUG: http://elasticsearch:9200 "POST /top/_doc/2371 HTTP/1.1" 200 161
2019-12-12 13:45:00 [elasticsearch] INFO: POST http://elasticsearch:9200/top/_doc/2371 [status:200 request:0.061s]
2019-12-12 13:45:00 [elasticsearch] DEBUG: > {"title":"是什么让你在学校“一举成名”","description_content":"211.4万次浏览","update_at":1576158300632}
2019-12-12 13:45:00 [elasticsearch] DEBUG: < {"_index":"top","_type":"_doc","_id":"2371","_version":160,"result":"updated","_shards":{"total":2,"successful":1,"failed":0},"_seq_no":109003,"_primary_term":1}
2019-12-12 13:45:00 [urllib3.connectionpool] DEBUG: http://elasticsearch:9200 "HEAD /top HTTP/1.1" 200 0
2019-12-12 13:45:00 [elasticsearch] INFO: HEAD http://elasticsearch:9200/top [status:200 request:0.004s]
2019-12-12 13:45:00 [elasticsearch] DEBUG: > None
2019-12-12 13:45:00 [elasticsearch] DEBUG: < 
2019-12-12 13:45:00 [urllib3.connectionpool] DEBUG: Starting new HTTP connection (1): elasticsearch:9200
2019-12-12 13:45:00 [urllib3.connectionpool] DEBUG: http://elasticsearch:9200 "POST /top/_doc/2375 HTTP/1.1" 200 161
2019-12-12 13:45:00 [elasticsearch] INFO: POST http://elasticsearch:9200/top/_doc/2375 [status:200 request:0.068s]
2019-12-12 13:45:00 [elasticsearch] DEBUG: > {"title":"电影里的构图美学","description_content":"109.1万次浏览","update_at":1576158300632}
2019-12-12 13:45:00 [elasticsearch] DEBUG: < {"_index":"top","_type":"_doc","_id":"2375","_version":160,"result":"updated","_shards":{"total":2,"successful":1,"failed":0},"_seq_no":109004,"_primary_term":1}
2019-12-12 13:45:00 [urllib3.connectionpool] DEBUG: http://elasticsearch:9200 "HEAD /top HTTP/1.1" 200 0
2019-12-12 13:45:00 [elasticsearch] INFO: HEAD http://elasticsearch:9200/top [status:200 request:0.004s]
2019-12-12 13:45:00 [elasticsearch] DEBUG: > None
2019-12-12 13:45:00 [elasticsearch] DEBUG: < 
2019-12-12 13:45:00 [urllib3.connectionpool] DEBUG: Starting new HTTP connection (1): elasticsearch:9200
2019-12-12 13:45:00 [urllib3.connectionpool] DEBUG: http://elasticsearch:9200 "HEAD /top HTTP/1.1" 200 0
2019-12-12 13:45:00 [elasticsearch] INFO: HEAD http://elasticsearch:9200/top [status:200 request:0.002s]
2019-12-12 13:45:00 [elasticsearch] DEBUG: > None
2019-12-12 13:45:00 [elasticsearch] DEBUG: < 
2019-12-12 13:45:00 [urllib3.connectionpool] DEBUG: http://elasticsearch:9200 "POST /top/_doc/2376 HTTP/1.1" 200 161
2019-12-12 13:45:00 [elasticsearch] INFO: POST http://elasticsearch:9200/top/_doc/2376 [status:200 request:0.056s]
2019-12-12 13:45:00 [elasticsearch] DEBUG: > {"title":"你如何建立生活的秩序感","description_content":"58.0万次浏览","update_at":1576158300632}
2019-12-12 13:45:00 [elasticsearch] DEBUG: < {"_index":"top","_type":"_doc","_id":"2376","_version":160,"result":"updated","_shards":{"total":2,"successful":1,"failed":0},"_seq_no":109005,"_primary_term":1}
2019-12-12 13:45:00 [urllib3.connectionpool] DEBUG: http://elasticsearch:9200 "POST /top/_doc/2377 HTTP/1.1" 200 161
2019-12-12 13:45:00 [elasticsearch] INFO: POST http://elasticsearch:9200/top/_doc/2377 [status:200 request:0.049s]
2019-12-12 13:45:00 [elasticsearch] DEBUG: > {"title":"文学作品中的留白艺术","description_content":"60.6万次浏览","update_at":1576158300632}
2019-12-12 13:45:00 [elasticsearch] DEBUG: < {"_index":"top","_type":"_doc","_id":"2377","_version":160,"result":"updated","_shards":{"total":2,"successful":1,"failed":0},"_seq_no":109006,"_primary_term":1}
2019-12-12 13:45:00 [urllib3.connectionpool] DEBUG: http://elasticsearch:9200 "POST /top/_doc/2378 HTTP/1.1" 200 161
2019-12-12 13:45:00 [elasticsearch] INFO: POST http://elasticsearch:9200/top/_doc/2378 [status:200 request:0.051s]
2019-12-12 13:45:00 [elasticsearch] DEBUG: > {"title":"如何看待当下的“努力工作”文化？","description_content":"479.9万次浏览","update_at":1576158300632}
2019-12-12 13:45:00 [elasticsearch] DEBUG: < {"_index":"top","_type":"_doc","_id":"2378","_version":160,"result":"updated","_shards":{"total":2,"successful":1,"failed":0},"_seq_no":109007,"_primary_term":1}
2019-12-12 13:45:00 [urllib3.connectionpool] DEBUG: http://elasticsearch:9200 "POST /top/_doc/2379 HTTP/1.1" 200 161
2019-12-12 13:45:00 [elasticsearch] INFO: POST http://elasticsearch:9200/top/_doc/2379 [status:200 request:0.047s]
2019-12-12 13:45:00 [elasticsearch] DEBUG: > {"title":"你的职业所遭受的误解","description_content":"88.2万次浏览","update_at":1576158300632}
2019-12-12 13:45:00 [elasticsearch] DEBUG: < {"_index":"top","_type":"_doc","_id":"2379","_version":160,"result":"updated","_shards":{"total":2,"successful":1,"failed":0},"_seq_no":109008,"_primary_term":1}
2019-12-12 13:45:00 [urllib3.connectionpool] DEBUG: http://elasticsearch:9200 "POST /top/_doc/2380 HTTP/1.1" 200 161
2019-12-12 13:45:00 [elasticsearch] INFO: POST http://elasticsearch:9200/top/_doc/2380 [status:200 request:0.056s]
2019-12-12 13:45:00 [elasticsearch] DEBUG: > {"title":"我与新概念作文大赛","description_content":"51.1万次浏览","update_at":1576158300632}
2019-12-12 13:45:00 [elasticsearch] DEBUG: < {"_index":"top","_type":"_doc","_id":"2380","_version":160,"result":"updated","_shards":{"total":2,"successful":1,"failed":0},"_seq_no":109009,"_primary_term":1}
