2019-12-12 13:51:08 [scrapy.utils.log] INFO: Scrapy 1.7.4 started (bot: spider_tophub)
2019-12-12 13:51:08 [scrapy.utils.log] INFO: Versions: lxml 4.4.1.0, libxml2 2.9.9, cssselect 1.1.0, parsel 1.5.2, w3lib 1.21.0, Twisted 19.7.0, Python 3.7.5 (default, Nov 23 2019, 05:59:34) - [GCC 8.3.0], pyOpenSSL 19.0.0 (OpenSSL 1.1.1d  10 Sep 2019), cryptography 2.8, Platform Linux-3.10.0-1062.1.2.el7.x86_64-x86_64-with-debian-10.2
2019-12-12 13:51:08 [scrapy.crawler] INFO: Overridden settings: {'BOT_NAME': 'spider_tophub', 'DOWNLOAD_DELAY': 1, 'LOG_FILE': 'logs/spider_tophub/news163_quanfollowtoday/584aae7e1ce611ea831a0242ac1c0004.log', 'NEWSPIDER_MODULE': 'spider_tophub.spiders', 'ROBOTSTXT_OBEY': True, 'SPIDER_MODULES': ['spider_tophub.spiders'], 'USER_AGENT': 'Mozilla/5.0 (Windows NT 10.0; Win64; x64) AppleWebKit/537.36 (KHTML, like Gecko) Chrome/77.0.3865.120 Safari/537.36'}
2019-12-12 13:51:08 [scrapy.extensions.telnet] INFO: Telnet Password: 7951903f2540dda1
2019-12-12 13:51:08 [scrapy.middleware] INFO: Enabled extensions:
['scrapy.extensions.corestats.CoreStats',
 'scrapy.extensions.telnet.TelnetConsole',
 'scrapy.extensions.memusage.MemoryUsage',
 'scrapy.extensions.logstats.LogStats']
2019-12-12 13:51:08 [scrapy.middleware] INFO: Enabled downloader middlewares:
['scrapy.downloadermiddlewares.robotstxt.RobotsTxtMiddleware',
 'scrapy.downloadermiddlewares.httpauth.HttpAuthMiddleware',
 'scrapy.downloadermiddlewares.downloadtimeout.DownloadTimeoutMiddleware',
 'scrapy.downloadermiddlewares.defaultheaders.DefaultHeadersMiddleware',
 'scrapy.downloadermiddlewares.useragent.UserAgentMiddleware',
 'scrapy.downloadermiddlewares.retry.RetryMiddleware',
 'scrapy.downloadermiddlewares.redirect.MetaRefreshMiddleware',
 'scrapy.downloadermiddlewares.httpcompression.HttpCompressionMiddleware',
 'scrapy.downloadermiddlewares.redirect.RedirectMiddleware',
 'scrapy.downloadermiddlewares.cookies.CookiesMiddleware',
 'scrapy.downloadermiddlewares.httpproxy.HttpProxyMiddleware',
 'scrapy.downloadermiddlewares.stats.DownloaderStats']
2019-12-12 13:51:08 [scrapy.middleware] INFO: Enabled spider middlewares:
['scrapy.spidermiddlewares.httperror.HttpErrorMiddleware',
 'scrapy.spidermiddlewares.offsite.OffsiteMiddleware',
 'scrapy.spidermiddlewares.referer.RefererMiddleware',
 'scrapy.spidermiddlewares.urllength.UrlLengthMiddleware',
 'scrapy.spidermiddlewares.depth.DepthMiddleware']
2019-12-12 13:51:08 [scrapy.middleware] INFO: Enabled item pipelines:
['spider_tophub.pipelines.MysqlTwistedPipeline']
2019-12-12 13:51:08 [scrapy.core.engine] INFO: Spider opened
2019-12-12 13:51:08 [scrapy.extensions.logstats] INFO: Crawled 0 pages (at 0 pages/min), scraped 0 items (at 0 items/min)
2019-12-12 13:51:08 [scrapy.extensions.telnet] INFO: Telnet console listening on 127.0.0.1:6023
2019-12-12 13:51:08 [scrapy.core.engine] DEBUG: Crawled (200) <GET http://news.163.com/robots.txt> (referer: None)
2019-12-12 13:51:10 [scrapy.core.engine] DEBUG: Crawled (200) <GET http://news.163.com/rank/> (referer: None)
2019-12-12 13:51:10 [scrapy.core.scraper] DEBUG: Scraped from <200 http://news.163.com/rank/>
None
2019-12-12 13:51:10 [scrapy.core.scraper] DEBUG: Scraped from <200 http://news.163.com/rank/>
None
2019-12-12 13:51:10 [scrapy.core.scraper] DEBUG: Scraped from <200 http://news.163.com/rank/>
None
2019-12-12 13:51:10 [scrapy.core.scraper] DEBUG: Scraped from <200 http://news.163.com/rank/>
None
2019-12-12 13:51:10 [scrapy.core.scraper] DEBUG: Scraped from <200 http://news.163.com/rank/>
None
2019-12-12 13:51:10 [scrapy.core.scraper] DEBUG: Scraped from <200 http://news.163.com/rank/>
None
2019-12-12 13:51:10 [scrapy.core.scraper] DEBUG: Scraped from <200 http://news.163.com/rank/>
None
2019-12-12 13:51:10 [scrapy.core.scraper] DEBUG: Scraped from <200 http://news.163.com/rank/>
None
2019-12-12 13:51:10 [scrapy.core.scraper] DEBUG: Scraped from <200 http://news.163.com/rank/>
None
2019-12-12 13:51:10 [scrapy.core.scraper] DEBUG: Scraped from <200 http://news.163.com/rank/>
None
2019-12-12 13:51:10 [scrapy.core.engine] INFO: Closing spider (finished)
2019-12-12 13:51:10 [scrapy.statscollectors] INFO: Dumping Scrapy stats:
{'downloader/request_bytes': 599,
 'downloader/request_count': 2,
 'downloader/request_method_count/GET': 2,
 'downloader/response_bytes': 54860,
 'downloader/response_count': 2,
 'downloader/response_status_count/200': 2,
 'elapsed_time_seconds': 1.471814,
 'finish_reason': 'finished',
 'finish_time': datetime.datetime(2019, 12, 12, 13, 51, 10, 355433),
 'item_scraped_count': 10,
 'log_count/DEBUG': 12,
 'log_count/INFO': 10,
 'memusage/max': 57217024,
 'memusage/startup': 57217024,
 'response_received_count': 2,
 'robotstxt/request_count': 1,
 'robotstxt/response_count': 1,
 'robotstxt/response_status_count/200': 1,
 'scheduler/dequeued': 1,
 'scheduler/dequeued/memory': 1,
 'scheduler/enqueued': 1,
 'scheduler/enqueued/memory': 1,
 'start_time': datetime.datetime(2019, 12, 12, 13, 51, 8, 883619)}
2019-12-12 13:51:10 [scrapy.core.engine] INFO: Spider closed (finished)
2019-12-12 13:51:10 [urllib3.connectionpool] DEBUG: Starting new HTTP connection (1): elasticsearch:9200
2019-12-12 13:51:10 [urllib3.connectionpool] DEBUG: Starting new HTTP connection (1): elasticsearch:9200
2019-12-12 13:51:10 [urllib3.connectionpool] DEBUG: Starting new HTTP connection (1): elasticsearch:9200
2019-12-12 13:51:10 [urllib3.connectionpool] DEBUG: Starting new HTTP connection (1): elasticsearch:9200
2019-12-12 13:51:10 [urllib3.connectionpool] DEBUG: http://elasticsearch:9200 "HEAD /top HTTP/1.1" 200 0
2019-12-12 13:51:10 [elasticsearch] INFO: HEAD http://elasticsearch:9200/top [status:200 request:0.005s]
2019-12-12 13:51:10 [elasticsearch] DEBUG: > None
2019-12-12 13:51:10 [elasticsearch] DEBUG: < 
2019-12-12 13:51:10 [urllib3.connectionpool] DEBUG: http://elasticsearch:9200 "HEAD /top HTTP/1.1" 200 0
2019-12-12 13:51:10 [elasticsearch] INFO: HEAD http://elasticsearch:9200/top [status:200 request:0.005s]
2019-12-12 13:51:10 [elasticsearch] DEBUG: > None
2019-12-12 13:51:10 [elasticsearch] DEBUG: < 
2019-12-12 13:51:10 [urllib3.connectionpool] DEBUG: http://elasticsearch:9200 "HEAD /top HTTP/1.1" 200 0
2019-12-12 13:51:10 [elasticsearch] INFO: HEAD http://elasticsearch:9200/top [status:200 request:0.005s]
2019-12-12 13:51:10 [elasticsearch] DEBUG: > None
2019-12-12 13:51:10 [elasticsearch] DEBUG: < 
2019-12-12 13:51:10 [urllib3.connectionpool] DEBUG: http://elasticsearch:9200 "HEAD /top HTTP/1.1" 200 0
2019-12-12 13:51:10 [elasticsearch] INFO: HEAD http://elasticsearch:9200/top [status:200 request:0.008s]
2019-12-12 13:51:10 [elasticsearch] DEBUG: > None
2019-12-12 13:51:10 [elasticsearch] DEBUG: < 
2019-12-12 13:51:10 [urllib3.connectionpool] DEBUG: Starting new HTTP connection (1): elasticsearch:9200
2019-12-12 13:51:10 [urllib3.connectionpool] DEBUG: http://elasticsearch:9200 "HEAD /top HTTP/1.1" 200 0
2019-12-12 13:51:10 [elasticsearch] INFO: HEAD http://elasticsearch:9200/top [status:200 request:0.002s]
2019-12-12 13:51:10 [elasticsearch] DEBUG: > None
2019-12-12 13:51:10 [elasticsearch] DEBUG: < 
2019-12-12 13:51:10 [urllib3.connectionpool] DEBUG: http://elasticsearch:9200 "POST /top/_doc/2443 HTTP/1.1" 200 161
2019-12-12 13:51:10 [elasticsearch] INFO: POST http://elasticsearch:9200/top/_doc/2443 [status:200 request:0.011s]
2019-12-12 13:51:10 [elasticsearch] DEBUG: > {"title":"江苏一饭店店员啃完肉把骨头扔回锅煮 店家:已开除","description_content":"3.6万","update_at":1576158670328}
2019-12-12 13:51:10 [elasticsearch] DEBUG: < {"_index":"top","_type":"_doc","_id":"2443","_version":162,"result":"updated","_shards":{"total":2,"successful":1,"failed":0},"_seq_no":110510,"_primary_term":1}
2019-12-12 13:51:10 [urllib3.connectionpool] DEBUG: http://elasticsearch:9200 "POST /top/_doc/4454 HTTP/1.1" 200 160
2019-12-12 13:51:10 [elasticsearch] INFO: POST http://elasticsearch:9200/top/_doc/4454 [status:200 request:0.014s]
2019-12-12 13:51:10 [elasticsearch] DEBUG: > {"title":"河南48岁男子得知手术需10万离家 已确认轻生离","description_content":"5.5万","update_at":1576158670328}
2019-12-12 13:51:10 [elasticsearch] DEBUG: < {"_index":"top","_type":"_doc","_id":"4454","_version":91,"result":"updated","_shards":{"total":2,"successful":1,"failed":0},"_seq_no":110511,"_primary_term":1}
2019-12-12 13:51:10 [urllib3.connectionpool] DEBUG: Starting new HTTP connection (1): elasticsearch:9200
2019-12-12 13:51:10 [urllib3.connectionpool] DEBUG: http://elasticsearch:9200 "HEAD /top HTTP/1.1" 200 0
2019-12-12 13:51:10 [elasticsearch] INFO: HEAD http://elasticsearch:9200/top [status:200 request:0.002s]
2019-12-12 13:51:10 [elasticsearch] DEBUG: > None
2019-12-12 13:51:10 [elasticsearch] DEBUG: < 
2019-12-12 13:51:10 [urllib3.connectionpool] DEBUG: http://elasticsearch:9200 "POST /top/_doc/2441 HTTP/1.1" 200 161
2019-12-12 13:51:10 [elasticsearch] INFO: POST http://elasticsearch:9200/top/_doc/2441 [status:200 request:0.022s]
2019-12-12 13:51:10 [elasticsearch] DEBUG: > {"title":"杭州一女孩跳河90后男子下水救人 两人均不幸溺亡","description_content":"3.4万","update_at":1576158670328}
2019-12-12 13:51:10 [elasticsearch] DEBUG: < {"_index":"top","_type":"_doc","_id":"2441","_version":162,"result":"updated","_shards":{"total":2,"successful":1,"failed":0},"_seq_no":110512,"_primary_term":1}
2019-12-12 13:51:10 [urllib3.connectionpool] DEBUG: Starting new HTTP connection (1): elasticsearch:9200
2019-12-12 13:51:10 [urllib3.connectionpool] DEBUG: http://elasticsearch:9200 "HEAD /top HTTP/1.1" 200 0
2019-12-12 13:51:10 [elasticsearch] INFO: HEAD http://elasticsearch:9200/top [status:200 request:0.002s]
2019-12-12 13:51:10 [elasticsearch] DEBUG: > None
2019-12-12 13:51:10 [elasticsearch] DEBUG: < 
2019-12-12 13:51:10 [urllib3.connectionpool] DEBUG: Starting new HTTP connection (1): elasticsearch:9200
2019-12-12 13:51:10 [urllib3.connectionpool] DEBUG: http://elasticsearch:9200 "POST /top/_doc/4663 HTTP/1.1" 200 160
2019-12-12 13:51:10 [elasticsearch] INFO: POST http://elasticsearch:9200/top/_doc/4663 [status:200 request:0.036s]
2019-12-12 13:51:10 [elasticsearch] DEBUG: > {"title":"连滚带爬按电梯救乘客 武汉大学生获59800元奖","description_content":"2.5万","update_at":1576158670328}
2019-12-12 13:51:10 [elasticsearch] DEBUG: < {"_index":"top","_type":"_doc","_id":"4663","_version":50,"result":"updated","_shards":{"total":2,"successful":1,"failed":0},"_seq_no":110513,"_primary_term":1}
2019-12-12 13:51:10 [urllib3.connectionpool] DEBUG: http://elasticsearch:9200 "HEAD /top HTTP/1.1" 200 0
2019-12-12 13:51:10 [elasticsearch] INFO: HEAD http://elasticsearch:9200/top [status:200 request:0.007s]
2019-12-12 13:51:10 [elasticsearch] DEBUG: > None
2019-12-12 13:51:10 [elasticsearch] DEBUG: < 
2019-12-12 13:51:10 [urllib3.connectionpool] DEBUG: http://elasticsearch:9200 "POST /top/_doc/2448 HTTP/1.1" 200 161
2019-12-12 13:51:10 [elasticsearch] INFO: POST http://elasticsearch:9200/top/_doc/2448 [status:200 request:0.032s]
2019-12-12 13:51:10 [elasticsearch] DEBUG: > {"title":"0-1遭绝杀！6814人见证中国足球耻辱：27天","description_content":"1.7万","update_at":1576158670328}
2019-12-12 13:51:10 [elasticsearch] DEBUG: < {"_index":"top","_type":"_doc","_id":"2448","_version":162,"result":"updated","_shards":{"total":2,"successful":1,"failed":0},"_seq_no":110514,"_primary_term":1}
2019-12-12 13:51:10 [urllib3.connectionpool] DEBUG: Starting new HTTP connection (1): elasticsearch:9200
2019-12-12 13:51:10 [urllib3.connectionpool] DEBUG: http://elasticsearch:9200 "POST /top/_doc/4453 HTTP/1.1" 200 160
2019-12-12 13:51:10 [elasticsearch] INFO: POST http://elasticsearch:9200/top/_doc/4453 [status:200 request:0.027s]
2019-12-12 13:51:10 [elasticsearch] DEBUG: > {"title":"情商低？娃哈哈公主霸气换掉王力宏，背后算盘打得相","description_content":"1.6万","update_at":1576158670328}
2019-12-12 13:51:10 [elasticsearch] DEBUG: < {"_index":"top","_type":"_doc","_id":"4453","_version":91,"result":"updated","_shards":{"total":2,"successful":1,"failed":0},"_seq_no":110515,"_primary_term":1}
2019-12-12 13:51:10 [urllib3.connectionpool] DEBUG: http://elasticsearch:9200 "HEAD /top HTTP/1.1" 200 0
2019-12-12 13:51:10 [elasticsearch] INFO: HEAD http://elasticsearch:9200/top [status:200 request:0.005s]
2019-12-12 13:51:10 [elasticsearch] DEBUG: > None
2019-12-12 13:51:10 [elasticsearch] DEBUG: < 
2019-12-12 13:51:10 [urllib3.connectionpool] DEBUG: Starting new HTTP connection (1): elasticsearch:9200
2019-12-12 13:51:10 [urllib3.connectionpool] DEBUG: http://elasticsearch:9200 "HEAD /top HTTP/1.1" 200 0
2019-12-12 13:51:10 [elasticsearch] INFO: HEAD http://elasticsearch:9200/top [status:200 request:0.003s]
2019-12-12 13:51:10 [elasticsearch] DEBUG: > None
2019-12-12 13:51:10 [elasticsearch] DEBUG: < 
2019-12-12 13:51:10 [urllib3.connectionpool] DEBUG: http://elasticsearch:9200 "POST /top/_doc/4316 HTTP/1.1" 200 160
2019-12-12 13:51:10 [elasticsearch] INFO: POST http://elasticsearch:9200/top/_doc/4316 [status:200 request:0.027s]
2019-12-12 13:51:10 [elasticsearch] DEBUG: > {"title":"滴滴100分司机猝死车内 家人:他每天工作超13","description_content":"1.4万","update_at":1576158670328}
2019-12-12 13:51:10 [elasticsearch] DEBUG: < {"_index":"top","_type":"_doc","_id":"4316","_version":51,"result":"updated","_shards":{"total":2,"successful":1,"failed":0},"_seq_no":110516,"_primary_term":1}
2019-12-12 13:51:10 [urllib3.connectionpool] DEBUG: http://elasticsearch:9200 "POST /top/_doc/3393 HTTP/1.1" 200 161
2019-12-12 13:51:10 [elasticsearch] INFO: POST http://elasticsearch:9200/top/_doc/3393 [status:200 request:0.024s]
2019-12-12 13:51:10 [elasticsearch] DEBUG: > {"title":"霍启刚罕见晒儿女近照 哥哥妹妹亲自洗车赚零用钱","description_content":"1.2万","update_at":1576158670328}
2019-12-12 13:51:10 [elasticsearch] DEBUG: < {"_index":"top","_type":"_doc","_id":"3393","_version":130,"result":"updated","_shards":{"total":2,"successful":1,"failed":0},"_seq_no":110517,"_primary_term":1}
2019-12-12 13:51:10 [urllib3.connectionpool] DEBUG: http://elasticsearch:9200 "POST /top/_doc/4317 HTTP/1.1" 200 160
2019-12-12 13:51:10 [elasticsearch] INFO: POST http://elasticsearch:9200/top/_doc/4317 [status:200 request:0.017s]
2019-12-12 13:51:10 [elasticsearch] DEBUG: > {"title":"27岁女教师和两男学生泳池发生不当关系被监控拍下","description_content":"1.2万","update_at":1576158670328}
2019-12-12 13:51:10 [elasticsearch] DEBUG: < {"_index":"top","_type":"_doc","_id":"4317","_version":91,"result":"updated","_shards":{"total":2,"successful":1,"failed":0},"_seq_no":110518,"_primary_term":1}
2019-12-12 13:51:10 [urllib3.connectionpool] DEBUG: http://elasticsearch:9200 "POST /top/_doc/4895 HTTP/1.1" 200 160
2019-12-12 13:51:10 [elasticsearch] INFO: POST http://elasticsearch:9200/top/_doc/4895 [status:200 request:0.021s]
2019-12-12 13:51:10 [elasticsearch] DEBUG: > {"title":"孙杨：关键证人准备好作证 但被国际组织放了鸽子","description_content":"1.1万","update_at":1576158670328}
2019-12-12 13:51:10 [elasticsearch] DEBUG: < {"_index":"top","_type":"_doc","_id":"4895","_version":11,"result":"updated","_shards":{"total":2,"successful":1,"failed":0},"_seq_no":110519,"_primary_term":1}
