2019-12-12 13:57:28 [scrapy.utils.log] INFO: Scrapy 1.7.4 started (bot: spider_tophub)
2019-12-12 13:57:28 [scrapy.utils.log] INFO: Versions: lxml 4.4.1.0, libxml2 2.9.9, cssselect 1.1.0, parsel 1.5.2, w3lib 1.21.0, Twisted 19.7.0, Python 3.7.5 (default, Nov 23 2019, 05:59:34) - [GCC 8.3.0], pyOpenSSL 19.0.0 (OpenSSL 1.1.1d  10 Sep 2019), cryptography 2.8, Platform Linux-3.10.0-1062.1.2.el7.x86_64-x86_64-with-debian-10.2
2019-12-12 13:57:28 [scrapy.crawler] INFO: Overridden settings: {'BOT_NAME': 'spider_tophub', 'DOWNLOAD_DELAY': 1, 'LOG_FILE': 'logs/spider_tophub/smzdm_haitaotop/2eeb54561ce711ea831a0242ac1c0004.log', 'NEWSPIDER_MODULE': 'spider_tophub.spiders', 'ROBOTSTXT_OBEY': True, 'SPIDER_MODULES': ['spider_tophub.spiders'], 'USER_AGENT': 'Mozilla/5.0 (Windows NT 10.0; Win64; x64) AppleWebKit/537.36 (KHTML, like Gecko) Chrome/77.0.3865.120 Safari/537.36'}
2019-12-12 13:57:28 [scrapy.extensions.telnet] INFO: Telnet Password: bbdb088e39af9cbb
2019-12-12 13:57:28 [scrapy.middleware] INFO: Enabled extensions:
['scrapy.extensions.corestats.CoreStats',
 'scrapy.extensions.telnet.TelnetConsole',
 'scrapy.extensions.memusage.MemoryUsage',
 'scrapy.extensions.logstats.LogStats']
2019-12-12 13:57:28 [scrapy.middleware] INFO: Enabled downloader middlewares:
['scrapy.downloadermiddlewares.robotstxt.RobotsTxtMiddleware',
 'scrapy.downloadermiddlewares.httpauth.HttpAuthMiddleware',
 'scrapy.downloadermiddlewares.downloadtimeout.DownloadTimeoutMiddleware',
 'scrapy.downloadermiddlewares.defaultheaders.DefaultHeadersMiddleware',
 'scrapy.downloadermiddlewares.useragent.UserAgentMiddleware',
 'scrapy.downloadermiddlewares.retry.RetryMiddleware',
 'scrapy.downloadermiddlewares.redirect.MetaRefreshMiddleware',
 'scrapy.downloadermiddlewares.httpcompression.HttpCompressionMiddleware',
 'scrapy.downloadermiddlewares.redirect.RedirectMiddleware',
 'scrapy.downloadermiddlewares.cookies.CookiesMiddleware',
 'scrapy.downloadermiddlewares.httpproxy.HttpProxyMiddleware',
 'scrapy.downloadermiddlewares.stats.DownloaderStats']
2019-12-12 13:57:28 [scrapy.middleware] INFO: Enabled spider middlewares:
['scrapy.spidermiddlewares.httperror.HttpErrorMiddleware',
 'scrapy.spidermiddlewares.offsite.OffsiteMiddleware',
 'scrapy.spidermiddlewares.referer.RefererMiddleware',
 'scrapy.spidermiddlewares.urllength.UrlLengthMiddleware',
 'scrapy.spidermiddlewares.depth.DepthMiddleware']
2019-12-12 13:57:28 [scrapy.middleware] INFO: Enabled item pipelines:
['spider_tophub.pipelines.MysqlTwistedPipeline']
2019-12-12 13:57:28 [scrapy.core.engine] INFO: Spider opened
2019-12-12 13:57:28 [scrapy.extensions.logstats] INFO: Crawled 0 pages (at 0 pages/min), scraped 0 items (at 0 items/min)
2019-12-12 13:57:28 [scrapy.extensions.telnet] INFO: Telnet console listening on 127.0.0.1:6023
2019-12-12 13:57:29 [scrapy.core.engine] DEBUG: Crawled (200) <GET https://www.smzdm.com/robots.txt> (referer: None)
2019-12-12 13:57:30 [scrapy.core.engine] DEBUG: Crawled (200) <GET https://www.smzdm.com/top/json_more?rank_type=haitao&rank_id=39&hour=> (referer: None)
2019-12-12 13:57:30 [scrapy.core.scraper] DEBUG: Scraped from <200 https://www.smzdm.com/top/json_more?rank_type=haitao&rank_id=39&hour=>
None
2019-12-12 13:57:30 [scrapy.core.scraper] DEBUG: Scraped from <200 https://www.smzdm.com/top/json_more?rank_type=haitao&rank_id=39&hour=>
None
2019-12-12 13:57:30 [scrapy.core.scraper] DEBUG: Scraped from <200 https://www.smzdm.com/top/json_more?rank_type=haitao&rank_id=39&hour=>
None
2019-12-12 13:57:30 [scrapy.core.scraper] DEBUG: Scraped from <200 https://www.smzdm.com/top/json_more?rank_type=haitao&rank_id=39&hour=>
None
2019-12-12 13:57:30 [scrapy.core.scraper] DEBUG: Scraped from <200 https://www.smzdm.com/top/json_more?rank_type=haitao&rank_id=39&hour=>
None
2019-12-12 13:57:30 [scrapy.core.scraper] DEBUG: Scraped from <200 https://www.smzdm.com/top/json_more?rank_type=haitao&rank_id=39&hour=>
None
2019-12-12 13:57:30 [scrapy.core.scraper] DEBUG: Scraped from <200 https://www.smzdm.com/top/json_more?rank_type=haitao&rank_id=39&hour=>
None
2019-12-12 13:57:30 [scrapy.core.scraper] DEBUG: Scraped from <200 https://www.smzdm.com/top/json_more?rank_type=haitao&rank_id=39&hour=>
None
2019-12-12 13:57:30 [scrapy.core.scraper] DEBUG: Scraped from <200 https://www.smzdm.com/top/json_more?rank_type=haitao&rank_id=39&hour=>
None
2019-12-12 13:57:30 [scrapy.core.scraper] DEBUG: Scraped from <200 https://www.smzdm.com/top/json_more?rank_type=haitao&rank_id=39&hour=>
None
2019-12-12 13:57:30 [scrapy.core.scraper] DEBUG: Scraped from <200 https://www.smzdm.com/top/json_more?rank_type=haitao&rank_id=39&hour=>
None
2019-12-12 13:57:30 [scrapy.core.scraper] DEBUG: Scraped from <200 https://www.smzdm.com/top/json_more?rank_type=haitao&rank_id=39&hour=>
None
2019-12-12 13:57:30 [scrapy.core.scraper] DEBUG: Scraped from <200 https://www.smzdm.com/top/json_more?rank_type=haitao&rank_id=39&hour=>
None
2019-12-12 13:57:30 [scrapy.core.scraper] DEBUG: Scraped from <200 https://www.smzdm.com/top/json_more?rank_type=haitao&rank_id=39&hour=>
None
2019-12-12 13:57:30 [scrapy.core.scraper] DEBUG: Scraped from <200 https://www.smzdm.com/top/json_more?rank_type=haitao&rank_id=39&hour=>
None
2019-12-12 13:57:30 [scrapy.core.scraper] DEBUG: Scraped from <200 https://www.smzdm.com/top/json_more?rank_type=haitao&rank_id=39&hour=>
None
2019-12-12 13:57:30 [scrapy.core.scraper] DEBUG: Scraped from <200 https://www.smzdm.com/top/json_more?rank_type=haitao&rank_id=39&hour=>
None
2019-12-12 13:57:30 [scrapy.core.scraper] DEBUG: Scraped from <200 https://www.smzdm.com/top/json_more?rank_type=haitao&rank_id=39&hour=>
None
2019-12-12 13:57:30 [scrapy.core.scraper] DEBUG: Scraped from <200 https://www.smzdm.com/top/json_more?rank_type=haitao&rank_id=39&hour=>
None
2019-12-12 13:57:30 [scrapy.core.scraper] DEBUG: Scraped from <200 https://www.smzdm.com/top/json_more?rank_type=haitao&rank_id=39&hour=>
None
2019-12-12 13:57:30 [scrapy.core.scraper] DEBUG: Scraped from <200 https://www.smzdm.com/top/json_more?rank_type=haitao&rank_id=39&hour=>
None
2019-12-12 13:57:30 [scrapy.core.scraper] DEBUG: Scraped from <200 https://www.smzdm.com/top/json_more?rank_type=haitao&rank_id=39&hour=>
None
2019-12-12 13:57:30 [scrapy.core.scraper] DEBUG: Scraped from <200 https://www.smzdm.com/top/json_more?rank_type=haitao&rank_id=39&hour=>
None
2019-12-12 13:57:30 [scrapy.core.scraper] DEBUG: Scraped from <200 https://www.smzdm.com/top/json_more?rank_type=haitao&rank_id=39&hour=>
None
2019-12-12 13:57:30 [scrapy.core.engine] INFO: Closing spider (finished)
2019-12-12 13:57:30 [scrapy.statscollectors] INFO: Dumping Scrapy stats:
{'downloader/request_bytes': 730,
 'downloader/request_count': 2,
 'downloader/request_method_count/GET': 2,
 'downloader/response_bytes': 4040,
 'downloader/response_count': 2,
 'downloader/response_status_count/200': 2,
 'elapsed_time_seconds': 1.503966,
 'finish_reason': 'finished',
 'finish_time': datetime.datetime(2019, 12, 12, 13, 57, 30, 353512),
 'item_scraped_count': 24,
 'log_count/DEBUG': 26,
 'log_count/INFO': 10,
 'memusage/max': 57233408,
 'memusage/startup': 57233408,
 'response_received_count': 2,
 'robotstxt/request_count': 1,
 'robotstxt/response_count': 1,
 'robotstxt/response_status_count/200': 1,
 'scheduler/dequeued': 1,
 'scheduler/dequeued/memory': 1,
 'scheduler/enqueued': 1,
 'scheduler/enqueued/memory': 1,
 'start_time': datetime.datetime(2019, 12, 12, 13, 57, 28, 849546)}
2019-12-12 13:57:30 [scrapy.core.engine] INFO: Spider closed (finished)
2019-12-12 13:57:30 [urllib3.connectionpool] DEBUG: Starting new HTTP connection (1): elasticsearch:9200
2019-12-12 13:57:30 [urllib3.connectionpool] DEBUG: Starting new HTTP connection (1): elasticsearch:9200
2019-12-12 13:57:30 [urllib3.connectionpool] DEBUG: Starting new HTTP connection (1): elasticsearch:9200
2019-12-12 13:57:30 [urllib3.connectionpool] DEBUG: Starting new HTTP connection (1): elasticsearch:9200
2019-12-12 13:57:30 [urllib3.connectionpool] DEBUG: http://elasticsearch:9200 "HEAD /top HTTP/1.1" 200 0
2019-12-12 13:57:30 [elasticsearch] INFO: HEAD http://elasticsearch:9200/top [status:200 request:0.006s]
2019-12-12 13:57:30 [elasticsearch] DEBUG: > None
2019-12-12 13:57:30 [elasticsearch] DEBUG: < 
2019-12-12 13:57:30 [urllib3.connectionpool] DEBUG: http://elasticsearch:9200 "HEAD /top HTTP/1.1" 200 0
2019-12-12 13:57:30 [elasticsearch] INFO: HEAD http://elasticsearch:9200/top [status:200 request:0.006s]
2019-12-12 13:57:30 [elasticsearch] DEBUG: > None
2019-12-12 13:57:30 [elasticsearch] DEBUG: < 
2019-12-12 13:57:30 [urllib3.connectionpool] DEBUG: http://elasticsearch:9200 "HEAD /top HTTP/1.1" 200 0
2019-12-12 13:57:30 [elasticsearch] INFO: HEAD http://elasticsearch:9200/top [status:200 request:0.008s]
2019-12-12 13:57:30 [elasticsearch] DEBUG: > None
2019-12-12 13:57:30 [elasticsearch] DEBUG: < 
2019-12-12 13:57:30 [urllib3.connectionpool] DEBUG: http://elasticsearch:9200 "HEAD /top HTTP/1.1" 200 0
2019-12-12 13:57:30 [elasticsearch] INFO: HEAD http://elasticsearch:9200/top [status:200 request:0.006s]
2019-12-12 13:57:30 [elasticsearch] DEBUG: > None
2019-12-12 13:57:30 [elasticsearch] DEBUG: < 
2019-12-12 13:57:30 [urllib3.connectionpool] DEBUG: Starting new HTTP connection (1): elasticsearch:9200
2019-12-12 13:57:30 [urllib3.connectionpool] DEBUG: http://elasticsearch:9200 "HEAD /top HTTP/1.1" 200 0
2019-12-12 13:57:30 [elasticsearch] INFO: HEAD http://elasticsearch:9200/top [status:200 request:0.005s]
2019-12-12 13:57:30 [elasticsearch] DEBUG: > None
2019-12-12 13:57:30 [elasticsearch] DEBUG: < 
2019-12-12 13:57:30 [urllib3.connectionpool] DEBUG: http://elasticsearch:9200 "POST /top/_doc/4805 HTTP/1.1" 200 160
2019-12-12 13:57:30 [elasticsearch] INFO: POST http://elasticsearch:9200/top/_doc/4805 [status:200 request:0.013s]
2019-12-12 13:57:30 [elasticsearch] DEBUG: > {"title":"银联专享 : DELL 戴尔 Inspiron 14英寸 二合一触控笔记本电脑（i7-8565U、8GB、256GB）","description_content":"$529（转运约¥3955，最高可享150元现金奖励）","update_at":1576159050344}
2019-12-12 13:57:30 [elasticsearch] DEBUG: < {"_index":"top","_type":"_doc","_id":"4805","_version":31,"result":"updated","_shards":{"total":2,"successful":1,"failed":0},"_seq_no":111874,"_primary_term":1}
2019-12-12 13:57:30 [urllib3.connectionpool] DEBUG: Starting new HTTP connection (1): elasticsearch:9200
2019-12-12 13:57:30 [urllib3.connectionpool] DEBUG: http://elasticsearch:9200 "HEAD /top HTTP/1.1" 200 0
2019-12-12 13:57:30 [elasticsearch] INFO: HEAD http://elasticsearch:9200/top [status:200 request:0.002s]
2019-12-12 13:57:30 [elasticsearch] DEBUG: > None
2019-12-12 13:57:30 [elasticsearch] DEBUG: < 
2019-12-12 13:57:30 [urllib3.connectionpool] DEBUG: http://elasticsearch:9200 "POST /top/_doc/4844 HTTP/1.1" 200 160
2019-12-12 13:57:30 [elasticsearch] INFO: POST http://elasticsearch:9200/top/_doc/4844 [status:200 request:0.023s]
2019-12-12 13:57:30 [elasticsearch] DEBUG: > {"title":"凑单品 :  VITA HORM 婴儿湿疹膏 30ml","description_content":"€1（约7.86元）","update_at":1576159050344}
2019-12-12 13:57:30 [elasticsearch] DEBUG: < {"_index":"top","_type":"_doc","_id":"4844","_version":24,"result":"updated","_shards":{"total":2,"successful":1,"failed":0},"_seq_no":111875,"_primary_term":1}
2019-12-12 13:57:30 [urllib3.connectionpool] DEBUG: http://elasticsearch:9200 "POST /top/_doc/4665 HTTP/1.1" 200 160
2019-12-12 13:57:30 [elasticsearch] INFO: POST http://elasticsearch:9200/top/_doc/4665 [status:200 request:0.027s]
2019-12-12 13:57:30 [elasticsearch] DEBUG: > {"title":"银联专享 : Beauty Expert 2019圣诞日历倒计时礼盒","description_content":"£60包邮（需用码，约556元，最高可享22元现金奖励）","update_at":1576159050344}
2019-12-12 13:57:30 [elasticsearch] DEBUG: < {"_index":"top","_type":"_doc","_id":"4665","_version":52,"result":"updated","_shards":{"total":2,"successful":1,"failed":0},"_seq_no":111876,"_primary_term":1}
2019-12-12 13:57:30 [urllib3.connectionpool] DEBUG: Starting new HTTP connection (1): elasticsearch:9200
2019-12-12 13:57:30 [urllib3.connectionpool] DEBUG: http://elasticsearch:9200 "HEAD /top HTTP/1.1" 200 0
2019-12-12 13:57:30 [elasticsearch] INFO: HEAD http://elasticsearch:9200/top [status:200 request:0.004s]
2019-12-12 13:57:30 [elasticsearch] DEBUG: > None
2019-12-12 13:57:30 [elasticsearch] DEBUG: < 
2019-12-12 13:57:30 [urllib3.connectionpool] DEBUG: http://elasticsearch:9200 "POST /top/_doc/4778 HTTP/1.1" 200 160
2019-12-12 13:57:30 [elasticsearch] INFO: POST http://elasticsearch:9200/top/_doc/4778 [status:200 request:0.034s]
2019-12-12 13:57:30 [elasticsearch] DEBUG: > {"title":"银联专享 : BOSE Home Speaker 500 智能音箱","description_content":"$279（转运约¥2205，最高可享59元现金奖励）","update_at":1576159050344}
2019-12-12 13:57:30 [elasticsearch] DEBUG: < {"_index":"top","_type":"_doc","_id":"4778","_version":35,"result":"updated","_shards":{"total":2,"successful":1,"failed":0},"_seq_no":111877,"_primary_term":1}
2019-12-12 13:57:30 [urllib3.connectionpool] DEBUG: Starting new HTTP connection (1): elasticsearch:9200
2019-12-12 13:57:30 [urllib3.connectionpool] DEBUG: http://elasticsearch:9200 "HEAD /top HTTP/1.1" 200 0
2019-12-12 13:57:30 [elasticsearch] INFO: HEAD http://elasticsearch:9200/top [status:200 request:0.002s]
2019-12-12 13:57:30 [elasticsearch] DEBUG: > None
2019-12-12 13:57:30 [elasticsearch] DEBUG: < 
2019-12-12 13:57:30 [urllib3.connectionpool] DEBUG: http://elasticsearch:9200 "POST /top/_doc/4848 HTTP/1.1" 200 160
2019-12-12 13:57:30 [elasticsearch] INFO: POST http://elasticsearch:9200/top/_doc/4848 [status:200 request:0.031s]
2019-12-12 13:57:30 [elasticsearch] DEBUG: > {"title":"AIR JORDAN LEGACY 312 LOW 男子运动鞋","description_content":"529.69元含税包邮","update_at":1576159050344}
2019-12-12 13:57:30 [elasticsearch] DEBUG: < {"_index":"top","_type":"_doc","_id":"4848","_version":22,"result":"updated","_shards":{"total":2,"successful":1,"failed":0},"_seq_no":111878,"_primary_term":1}
2019-12-12 13:57:30 [urllib3.connectionpool] DEBUG: Starting new HTTP connection (1): elasticsearch:9200
2019-12-12 13:57:30 [urllib3.connectionpool] DEBUG: http://elasticsearch:9200 "HEAD /top HTTP/1.1" 200 0
2019-12-12 13:57:30 [elasticsearch] INFO: HEAD http://elasticsearch:9200/top [status:200 request:0.002s]
2019-12-12 13:57:30 [elasticsearch] DEBUG: > None
2019-12-12 13:57:30 [elasticsearch] DEBUG: < 
2019-12-12 13:57:30 [urllib3.connectionpool] DEBUG: http://elasticsearch:9200 "POST /top/_doc/4856 HTTP/1.1" 200 160
2019-12-12 13:57:30 [elasticsearch] INFO: POST http://elasticsearch:9200/top/_doc/4856 [status:200 request:0.030s]
2019-12-12 13:57:30 [elasticsearch] DEBUG: > {"title":"银联专享 : OLIVIA BURTON 花鸟风月 女士时装腕表","description_content":"£36可凑单包直邮（需用码，约￥334，最高享20元额外现金奖励）","update_at":1576159050344}
2019-12-12 13:57:30 [elasticsearch] DEBUG: < {"_index":"top","_type":"_doc","_id":"4856","_version":19,"result":"updated","_shards":{"total":2,"successful":1,"failed":0},"_seq_no":111879,"_primary_term":1}
2019-12-12 13:57:30 [urllib3.connectionpool] DEBUG: Starting new HTTP connection (1): elasticsearch:9200
2019-12-12 13:57:30 [urllib3.connectionpool] DEBUG: http://elasticsearch:9200 "HEAD /top HTTP/1.1" 200 0
2019-12-12 13:57:30 [elasticsearch] INFO: HEAD http://elasticsearch:9200/top [status:200 request:0.002s]
2019-12-12 13:57:30 [elasticsearch] DEBUG: > None
2019-12-12 13:57:30 [elasticsearch] DEBUG: < 
2019-12-12 13:57:30 [urllib3.connectionpool] DEBUG: http://elasticsearch:9200 "POST /top/_doc/4687 HTTP/1.1" 200 160
2019-12-12 13:57:30 [elasticsearch] INFO: POST http://elasticsearch:9200/top/_doc/4687 [status:200 request:0.022s]
2019-12-12 13:57:30 [elasticsearch] DEBUG: > {"title":"银联专享 : L'Oreal Paris 巴黎欧莱雅 男士劲能极润深层保湿霜  50g*6瓶","description_content":"€39包税包直邮（约¥305，最高享9元现金奖励）","update_at":1576159050344}
2019-12-12 13:57:30 [elasticsearch] DEBUG: < {"_index":"top","_type":"_doc","_id":"4687","_version":48,"result":"updated","_shards":{"total":2,"successful":1,"failed":0},"_seq_no":111880,"_primary_term":1}
2019-12-12 13:57:30 [urllib3.connectionpool] DEBUG: Starting new HTTP connection (1): elasticsearch:9200
2019-12-12 13:57:30 [urllib3.connectionpool] DEBUG: http://elasticsearch:9200 "HEAD /top HTTP/1.1" 200 0
2019-12-12 13:57:30 [elasticsearch] INFO: HEAD http://elasticsearch:9200/top [status:200 request:0.002s]
2019-12-12 13:57:30 [elasticsearch] DEBUG: > None
2019-12-12 13:57:30 [elasticsearch] DEBUG: < 
2019-12-12 13:57:30 [urllib3.connectionpool] DEBUG: http://elasticsearch:9200 "POST /top/_doc/4743 HTTP/1.1" 200 160
2019-12-12 13:57:30 [elasticsearch] INFO: POST http://elasticsearch:9200/top/_doc/4743 [status:200 request:0.024s]
2019-12-12 13:57:30 [elasticsearch] DEBUG: > {"title":"银联专享 : JBL LIVE 200BT 颈挂式无线蓝牙耳机","description_content":"$19.79（转运约¥195，最高可享2元现金奖励）","update_at":1576159050344}
2019-12-12 13:57:30 [elasticsearch] DEBUG: < {"_index":"top","_type":"_doc","_id":"4743","_version":40,"result":"updated","_shards":{"total":2,"successful":1,"failed":0},"_seq_no":111881,"_primary_term":1}
2019-12-12 13:57:30 [urllib3.connectionpool] DEBUG: Starting new HTTP connection (1): elasticsearch:9200
2019-12-12 13:57:30 [urllib3.connectionpool] DEBUG: http://elasticsearch:9200 "HEAD /top HTTP/1.1" 200 0
2019-12-12 13:57:30 [elasticsearch] INFO: HEAD http://elasticsearch:9200/top [status:200 request:0.002s]
2019-12-12 13:57:30 [elasticsearch] DEBUG: > None
2019-12-12 13:57:30 [elasticsearch] DEBUG: < 
2019-12-12 13:57:30 [urllib3.connectionpool] DEBUG: http://elasticsearch:9200 "POST /top/_doc/4734 HTTP/1.1" 200 160
2019-12-12 13:57:30 [elasticsearch] INFO: POST http://elasticsearch:9200/top/_doc/4734 [status:200 request:0.019s]
2019-12-12 13:57:30 [elasticsearch] DEBUG: > {"title":"Blue Nile 1.01克拉上丁方形钻石（切工VG 成色D色 净度VVS2）","description_content":"36024.45元包邮（需用券）","update_at":1576159050344}
2019-12-12 13:57:30 [elasticsearch] DEBUG: < {"_index":"top","_type":"_doc","_id":"4734","_version":41,"result":"updated","_shards":{"total":2,"successful":1,"failed":0},"_seq_no":111882,"_primary_term":1}
2019-12-12 13:57:30 [urllib3.connectionpool] DEBUG: Starting new HTTP connection (1): elasticsearch:9200
2019-12-12 13:57:30 [urllib3.connectionpool] DEBUG: http://elasticsearch:9200 "HEAD /top HTTP/1.1" 200 0
2019-12-12 13:57:30 [elasticsearch] INFO: HEAD http://elasticsearch:9200/top [status:200 request:0.001s]
2019-12-12 13:57:30 [elasticsearch] DEBUG: > None
2019-12-12 13:57:30 [elasticsearch] DEBUG: < 
2019-12-12 13:57:30 [urllib3.connectionpool] DEBUG: http://elasticsearch:9200 "POST /top/_doc/4684 HTTP/1.1" 200 160
2019-12-12 13:57:30 [elasticsearch] INFO: POST http://elasticsearch:9200/top/_doc/4684 [status:200 request:0.021s]
2019-12-12 13:57:30 [elasticsearch] DEBUG: > {"title":"Swisse 玻尿酸补水面膜 50g *3件","description_content":"AU$38.85包直邮（约￥189，最高享7元现金奖励）","update_at":1576159050344}
2019-12-12 13:57:30 [elasticsearch] DEBUG: < {"_index":"top","_type":"_doc","_id":"4684","_version":48,"result":"updated","_shards":{"total":2,"successful":1,"failed":0},"_seq_no":111883,"_primary_term":1}
2019-12-12 13:57:30 [urllib3.connectionpool] DEBUG: Starting new HTTP connection (1): elasticsearch:9200
2019-12-12 13:57:30 [urllib3.connectionpool] DEBUG: http://elasticsearch:9200 "HEAD /top HTTP/1.1" 200 0
2019-12-12 13:57:30 [elasticsearch] INFO: HEAD http://elasticsearch:9200/top [status:200 request:0.001s]
2019-12-12 13:57:30 [elasticsearch] DEBUG: > None
2019-12-12 13:57:30 [elasticsearch] DEBUG: < 
2019-12-12 13:57:30 [urllib3.connectionpool] DEBUG: Starting new HTTP connection (1): elasticsearch:9200
2019-12-12 13:57:30 [urllib3.connectionpool] DEBUG: http://elasticsearch:9200 "POST /top/_doc/4820 HTTP/1.1" 200 160
2019-12-12 13:57:30 [elasticsearch] INFO: POST http://elasticsearch:9200/top/_doc/4820 [status:200 request:0.023s]
2019-12-12 13:57:30 [elasticsearch] DEBUG: > {"title":"银联专享 : FILORGA 菲洛嘉 Hydra Filler 活力玻尿酸保湿面霜 Tester装 50ml","description_content":"175.14元可凑单包直邮（需用码）","update_at":1576159050344}
2019-12-12 13:57:30 [elasticsearch] DEBUG: < {"_index":"top","_type":"_doc","_id":"4820","_version":28,"result":"updated","_shards":{"total":2,"successful":1,"failed":0},"_seq_no":111884,"_primary_term":1}
2019-12-12 13:57:30 [urllib3.connectionpool] DEBUG: http://elasticsearch:9200 "HEAD /top HTTP/1.1" 200 0
2019-12-12 13:57:30 [elasticsearch] INFO: HEAD http://elasticsearch:9200/top [status:200 request:0.002s]
2019-12-12 13:57:30 [elasticsearch] DEBUG: > None
2019-12-12 13:57:30 [elasticsearch] DEBUG: < 
2019-12-12 13:57:30 [urllib3.connectionpool] DEBUG: http://elasticsearch:9200 "POST /top/_doc/4792 HTTP/1.1" 200 160
2019-12-12 13:57:30 [elasticsearch] INFO: POST http://elasticsearch:9200/top/_doc/4792 [status:200 request:0.022s]
2019-12-12 13:57:30 [elasticsearch] DEBUG: > {"title":"银联专享 : Christophe Robin 海盐舒缓头皮洁净霜 250ml *3件","description_content":"699.99元包直邮（双重优惠，最高可享28元现金奖励）","update_at":1576159050344}
2019-12-12 13:57:30 [elasticsearch] DEBUG: < {"_index":"top","_type":"_doc","_id":"4792","_version":23,"result":"updated","_shards":{"total":2,"successful":1,"failed":0},"_seq_no":111885,"_primary_term":1}
2019-12-12 13:57:30 [urllib3.connectionpool] DEBUG: Starting new HTTP connection (1): elasticsearch:9200
2019-12-12 13:57:30 [urllib3.connectionpool] DEBUG: http://elasticsearch:9200 "HEAD /top HTTP/1.1" 200 0
2019-12-12 13:57:30 [elasticsearch] INFO: HEAD http://elasticsearch:9200/top [status:200 request:0.002s]
2019-12-12 13:57:30 [elasticsearch] DEBUG: > None
2019-12-12 13:57:30 [elasticsearch] DEBUG: < 
2019-12-12 13:57:30 [urllib3.connectionpool] DEBUG: http://elasticsearch:9200 "POST /top/_doc/4685 HTTP/1.1" 200 160
2019-12-12 13:57:30 [elasticsearch] INFO: POST http://elasticsearch:9200/top/_doc/4685 [status:200 request:0.023s]
2019-12-12 13:57:30 [elasticsearch] DEBUG: > {"title":"银联专享 : CEMOY 白金流明复活草面霜 50ml","description_content":"AU$43.95可凑单包直邮（约￥213，最高享8元现金奖励）","update_at":1576159050344}
2019-12-12 13:57:30 [elasticsearch] DEBUG: < {"_index":"top","_type":"_doc","_id":"4685","_version":48,"result":"updated","_shards":{"total":2,"successful":1,"failed":0},"_seq_no":111886,"_primary_term":1}
2019-12-12 13:57:30 [urllib3.connectionpool] DEBUG: Starting new HTTP connection (1): elasticsearch:9200
2019-12-12 13:57:30 [urllib3.connectionpool] DEBUG: http://elasticsearch:9200 "HEAD /top HTTP/1.1" 200 0
2019-12-12 13:57:30 [elasticsearch] INFO: HEAD http://elasticsearch:9200/top [status:200 request:0.003s]
2019-12-12 13:57:30 [elasticsearch] DEBUG: > None
2019-12-12 13:57:30 [elasticsearch] DEBUG: < 
2019-12-12 13:57:30 [urllib3.connectionpool] DEBUG: http://elasticsearch:9200 "POST /top/_doc/4857 HTTP/1.1" 200 160
2019-12-12 13:57:30 [elasticsearch] INFO: POST http://elasticsearch:9200/top/_doc/4857 [status:200 request:0.023s]
2019-12-12 13:57:30 [elasticsearch] DEBUG: > {"title":"海淘活动 : Mankind AESOP伊索 精选护肤专场  ","description_content":"全场75折 +最高6%现金奖励 ，满40磅包直邮~","update_at":1576159050344}
2019-12-12 13:57:30 [elasticsearch] DEBUG: < {"_index":"top","_type":"_doc","_id":"4857","_version":19,"result":"updated","_shards":{"total":2,"successful":1,"failed":0},"_seq_no":111887,"_primary_term":1}
2019-12-12 13:57:30 [urllib3.connectionpool] DEBUG: Starting new HTTP connection (1): elasticsearch:9200
2019-12-12 13:57:30 [urllib3.connectionpool] DEBUG: http://elasticsearch:9200 "HEAD /top HTTP/1.1" 200 0
2019-12-12 13:57:30 [elasticsearch] INFO: HEAD http://elasticsearch:9200/top [status:200 request:0.002s]
2019-12-12 13:57:30 [elasticsearch] DEBUG: > None
2019-12-12 13:57:30 [elasticsearch] DEBUG: < 
2019-12-12 13:57:30 [urllib3.connectionpool] DEBUG: http://elasticsearch:9200 "POST /top/_doc/4777 HTTP/1.1" 200 160
2019-12-12 13:57:30 [elasticsearch] INFO: POST http://elasticsearch:9200/top/_doc/4777 [status:200 request:0.022s]
2019-12-12 13:57:30 [elasticsearch] DEBUG: > {"title":"凑单品、银联专享 : DU'IT 急救手膜手霜 150g","description_content":"AU$7.95（约￥39）","update_at":1576159050344}
2019-12-12 13:57:30 [elasticsearch] DEBUG: < {"_index":"top","_type":"_doc","_id":"4777","_version":36,"result":"updated","_shards":{"total":2,"successful":1,"failed":0},"_seq_no":111888,"_primary_term":1}
2019-12-12 13:57:30 [urllib3.connectionpool] DEBUG: Starting new HTTP connection (1): elasticsearch:9200
2019-12-12 13:57:30 [urllib3.connectionpool] DEBUG: http://elasticsearch:9200 "HEAD /top HTTP/1.1" 200 0
2019-12-12 13:57:30 [elasticsearch] INFO: HEAD http://elasticsearch:9200/top [status:200 request:0.003s]
2019-12-12 13:57:30 [elasticsearch] DEBUG: > None
2019-12-12 13:57:30 [elasticsearch] DEBUG: < 
2019-12-12 13:57:30 [urllib3.connectionpool] DEBUG: http://elasticsearch:9200 "POST /top/_doc/4767 HTTP/1.1" 200 160
2019-12-12 13:57:30 [elasticsearch] INFO: POST http://elasticsearch:9200/top/_doc/4767 [status:200 request:0.021s]
2019-12-12 13:57:30 [elasticsearch] DEBUG: > {"title":"银联专享 : CLARINS 娇韵诗 焕颜紧致系列颈霜 50ml *2件","description_content":"€90可凑单包直邮（合￥352/件，最高享31元现金奖励）","update_at":1576159050344}
2019-12-12 13:57:30 [elasticsearch] DEBUG: < {"_index":"top","_type":"_doc","_id":"4767","_version":33,"result":"updated","_shards":{"total":2,"successful":1,"failed":0},"_seq_no":111889,"_primary_term":1}
2019-12-12 13:57:30 [urllib3.connectionpool] DEBUG: Starting new HTTP connection (1): elasticsearch:9200
2019-12-12 13:57:30 [urllib3.connectionpool] DEBUG: http://elasticsearch:9200 "HEAD /top HTTP/1.1" 200 0
2019-12-12 13:57:30 [elasticsearch] INFO: HEAD http://elasticsearch:9200/top [status:200 request:0.002s]
2019-12-12 13:57:30 [elasticsearch] DEBUG: > None
2019-12-12 13:57:30 [elasticsearch] DEBUG: < 
2019-12-12 13:57:30 [urllib3.connectionpool] DEBUG: http://elasticsearch:9200 "POST /top/_doc/4686 HTTP/1.1" 200 160
2019-12-12 13:57:30 [elasticsearch] INFO: POST http://elasticsearch:9200/top/_doc/4686 [status:200 request:0.019s]
2019-12-12 13:57:30 [elasticsearch] DEBUG: > {"title":"银联专享 : OLIVIA BURTON Abstract Floral 抽象印花 女士时装腕表","description_content":"394.74元包邮（需用码，最高享23元额外现金奖励）","update_at":1576159050344}
2019-12-12 13:57:30 [elasticsearch] DEBUG: < {"_index":"top","_type":"_doc","_id":"4686","_version":48,"result":"updated","_shards":{"total":2,"successful":1,"failed":0},"_seq_no":111890,"_primary_term":1}
2019-12-12 13:57:30 [urllib3.connectionpool] DEBUG: Starting new HTTP connection (1): elasticsearch:9200
2019-12-12 13:57:30 [urllib3.connectionpool] DEBUG: http://elasticsearch:9200 "HEAD /top HTTP/1.1" 200 0
2019-12-12 13:57:30 [elasticsearch] INFO: HEAD http://elasticsearch:9200/top [status:200 request:0.002s]
2019-12-12 13:57:30 [elasticsearch] DEBUG: > None
2019-12-12 13:57:30 [elasticsearch] DEBUG: < 
2019-12-12 13:57:30 [urllib3.connectionpool] DEBUG: http://elasticsearch:9200 "POST /top/_doc/4793 HTTP/1.1" 200 160
2019-12-12 13:57:30 [elasticsearch] INFO: POST http://elasticsearch:9200/top/_doc/4793 [status:200 request:0.020s]
2019-12-12 13:57:30 [elasticsearch] DEBUG: > {"title":"银联专享 : CITIZEN 西铁城 FC5000-51L 女士光动能腕表","description_content":"$133.99（约¥944，最近享28元现金奖励）","update_at":1576159050344}
2019-12-12 13:57:30 [elasticsearch] DEBUG: < {"_index":"top","_type":"_doc","_id":"4793","_version":16,"result":"updated","_shards":{"total":2,"successful":1,"failed":0},"_seq_no":111891,"_primary_term":1}
2019-12-12 13:57:30 [urllib3.connectionpool] DEBUG: Starting new HTTP connection (1): elasticsearch:9200
2019-12-12 13:57:30 [urllib3.connectionpool] DEBUG: http://elasticsearch:9200 "HEAD /top HTTP/1.1" 200 0
2019-12-12 13:57:30 [elasticsearch] INFO: HEAD http://elasticsearch:9200/top [status:200 request:0.002s]
2019-12-12 13:57:30 [elasticsearch] DEBUG: > None
2019-12-12 13:57:30 [elasticsearch] DEBUG: < 
2019-12-12 13:57:30 [urllib3.connectionpool] DEBUG: http://elasticsearch:9200 "POST /top/_doc/4666 HTTP/1.1" 200 160
2019-12-12 13:57:30 [elasticsearch] INFO: POST http://elasticsearch:9200/top/_doc/4666 [status:200 request:0.019s]
2019-12-12 13:57:30 [elasticsearch] DEBUG: > {"title":"银联专享 : MIDO 美度 Multifort 舵手系列 M018.430.37.052.80 男士机械腕表","description_content":"$368.24（约¥2596，最高享104元现金奖励）","update_at":1576159050344}
2019-12-12 13:57:30 [elasticsearch] DEBUG: < {"_index":"top","_type":"_doc","_id":"4666","_version":52,"result":"updated","_shards":{"total":2,"successful":1,"failed":0},"_seq_no":111892,"_primary_term":1}
2019-12-12 13:57:30 [urllib3.connectionpool] DEBUG: Starting new HTTP connection (1): elasticsearch:9200
2019-12-12 13:57:30 [urllib3.connectionpool] DEBUG: http://elasticsearch:9200 "HEAD /top HTTP/1.1" 200 0
2019-12-12 13:57:30 [elasticsearch] INFO: HEAD http://elasticsearch:9200/top [status:200 request:0.002s]
2019-12-12 13:57:30 [elasticsearch] DEBUG: > None
2019-12-12 13:57:30 [elasticsearch] DEBUG: < 
2019-12-12 13:57:30 [urllib3.connectionpool] DEBUG: http://elasticsearch:9200 "POST /top/_doc/4939 HTTP/1.1" 200 159
2019-12-12 13:57:30 [elasticsearch] INFO: POST http://elasticsearch:9200/top/_doc/4939 [status:200 request:0.019s]
2019-12-12 13:57:30 [elasticsearch] DEBUG: > {"title":"Gretna Green 紫色格子高级羊绒围巾","description_content":"£29.99（需用码，约¥279）","update_at":1576159050344}
2019-12-12 13:57:30 [elasticsearch] DEBUG: < {"_index":"top","_type":"_doc","_id":"4939","_version":2,"result":"updated","_shards":{"total":2,"successful":1,"failed":0},"_seq_no":111893,"_primary_term":1}
2019-12-12 13:57:30 [urllib3.connectionpool] DEBUG: Starting new HTTP connection (1): elasticsearch:9200
2019-12-12 13:57:30 [urllib3.connectionpool] DEBUG: http://elasticsearch:9200 "HEAD /top HTTP/1.1" 200 0
2019-12-12 13:57:30 [elasticsearch] INFO: HEAD http://elasticsearch:9200/top [status:200 request:0.002s]
2019-12-12 13:57:30 [elasticsearch] DEBUG: > None
2019-12-12 13:57:30 [elasticsearch] DEBUG: < 
2019-12-12 13:57:30 [urllib3.connectionpool] DEBUG: http://elasticsearch:9200 "POST /top/_doc/4928 HTTP/1.1" 200 159
2019-12-12 13:57:30 [elasticsearch] INFO: POST http://elasticsearch:9200/top/_doc/4928 [status:200 request:0.018s]
2019-12-12 13:57:30 [elasticsearch] DEBUG: > {"title":"Gretna Green 格林小镇 男士雪兰毛皇家斯图尔特格帽子","description_content":"£17.24（需用码，约¥160）","update_at":1576159050344}
2019-12-12 13:57:30 [elasticsearch] DEBUG: < {"_index":"top","_type":"_doc","_id":"4928","_version":5,"result":"updated","_shards":{"total":2,"successful":1,"failed":0},"_seq_no":111894,"_primary_term":1}
2019-12-12 13:57:30 [urllib3.connectionpool] DEBUG: http://elasticsearch:9200 "POST /top/_doc/4935 HTTP/1.1" 200 159
2019-12-12 13:57:30 [elasticsearch] INFO: POST http://elasticsearch:9200/top/_doc/4935 [status:200 request:0.017s]
2019-12-12 13:57:30 [elasticsearch] DEBUG: > {"title":"Outlander 欧蓝德 高级纯羊毛围巾","description_content":"£23.96（需用码，约¥223）","update_at":1576159050344}
2019-12-12 13:57:30 [elasticsearch] DEBUG: < {"_index":"top","_type":"_doc","_id":"4935","_version":3,"result":"updated","_shards":{"total":2,"successful":1,"failed":0},"_seq_no":111895,"_primary_term":1}
2019-12-12 13:57:30 [urllib3.connectionpool] DEBUG: http://elasticsearch:9200 "POST /top/_doc/4814 HTTP/1.1" 200 160
2019-12-12 13:57:30 [elasticsearch] INFO: POST http://elasticsearch:9200/top/_doc/4814 [status:200 request:0.017s]
2019-12-12 13:57:30 [elasticsearch] DEBUG: > {"title":"银联专享 :  Chantelle 香娜露儿 人参凝萃雪姬霜 50ml","description_content":"AU$37.57可凑单包邮（需用码，约180元，最高可享5元现金奖励）","update_at":1576159050344}
2019-12-12 13:57:30 [elasticsearch] DEBUG: < {"_index":"top","_type":"_doc","_id":"4814","_version":29,"result":"updated","_shards":{"total":2,"successful":1,"failed":0},"_seq_no":111896,"_primary_term":1}
2019-12-12 13:57:30 [urllib3.connectionpool] DEBUG: http://elasticsearch:9200 "POST /top/_doc/4936 HTTP/1.1" 200 159
2019-12-12 13:57:30 [elasticsearch] INFO: POST http://elasticsearch:9200/top/_doc/4936 [status:200 request:0.015s]
2019-12-12 13:57:30 [elasticsearch] DEBUG: > {"title":"Barbour 巴伯尔 羊绒围巾 驼色","description_content":"£71.16包邮（约660元）","update_at":1576159050344}
2019-12-12 13:57:30 [elasticsearch] DEBUG: < {"_index":"top","_type":"_doc","_id":"4936","_version":3,"result":"updated","_shards":{"total":2,"successful":1,"failed":0},"_seq_no":111897,"_primary_term":1}
