2019-12-12 13:54:13 [scrapy.utils.log] INFO: Scrapy 1.7.4 started (bot: spider_tophub)
2019-12-12 13:54:13 [scrapy.utils.log] INFO: Versions: lxml 4.4.1.0, libxml2 2.9.9, cssselect 1.1.0, parsel 1.5.2, w3lib 1.21.0, Twisted 19.7.0, Python 3.7.5 (default, Nov 23 2019, 05:59:34) - [GCC 8.3.0], pyOpenSSL 19.0.0 (OpenSSL 1.1.1d  10 Sep 2019), cryptography 2.8, Platform Linux-3.10.0-1062.1.2.el7.x86_64-x86_64-with-debian-10.2
2019-12-12 13:54:13 [scrapy.crawler] INFO: Overridden settings: {'BOT_NAME': 'spider_tophub', 'DOWNLOAD_DELAY': 1, 'LOG_FILE': 'logs/spider_tophub/news163_quanhot24/c39684f01ce611ea831a0242ac1c0004.log', 'NEWSPIDER_MODULE': 'spider_tophub.spiders', 'ROBOTSTXT_OBEY': True, 'SPIDER_MODULES': ['spider_tophub.spiders'], 'USER_AGENT': 'Mozilla/5.0 (Windows NT 10.0; Win64; x64) AppleWebKit/537.36 (KHTML, like Gecko) Chrome/77.0.3865.120 Safari/537.36'}
2019-12-12 13:54:13 [scrapy.extensions.telnet] INFO: Telnet Password: e6ea456d15bf4711
2019-12-12 13:54:13 [scrapy.middleware] INFO: Enabled extensions:
['scrapy.extensions.corestats.CoreStats',
 'scrapy.extensions.telnet.TelnetConsole',
 'scrapy.extensions.memusage.MemoryUsage',
 'scrapy.extensions.logstats.LogStats']
2019-12-12 13:54:13 [scrapy.middleware] INFO: Enabled downloader middlewares:
['scrapy.downloadermiddlewares.robotstxt.RobotsTxtMiddleware',
 'scrapy.downloadermiddlewares.httpauth.HttpAuthMiddleware',
 'scrapy.downloadermiddlewares.downloadtimeout.DownloadTimeoutMiddleware',
 'scrapy.downloadermiddlewares.defaultheaders.DefaultHeadersMiddleware',
 'scrapy.downloadermiddlewares.useragent.UserAgentMiddleware',
 'scrapy.downloadermiddlewares.retry.RetryMiddleware',
 'scrapy.downloadermiddlewares.redirect.MetaRefreshMiddleware',
 'scrapy.downloadermiddlewares.httpcompression.HttpCompressionMiddleware',
 'scrapy.downloadermiddlewares.redirect.RedirectMiddleware',
 'scrapy.downloadermiddlewares.cookies.CookiesMiddleware',
 'scrapy.downloadermiddlewares.httpproxy.HttpProxyMiddleware',
 'scrapy.downloadermiddlewares.stats.DownloaderStats']
2019-12-12 13:54:13 [scrapy.middleware] INFO: Enabled spider middlewares:
['scrapy.spidermiddlewares.httperror.HttpErrorMiddleware',
 'scrapy.spidermiddlewares.offsite.OffsiteMiddleware',
 'scrapy.spidermiddlewares.referer.RefererMiddleware',
 'scrapy.spidermiddlewares.urllength.UrlLengthMiddleware',
 'scrapy.spidermiddlewares.depth.DepthMiddleware']
2019-12-12 13:54:13 [scrapy.middleware] INFO: Enabled item pipelines:
['spider_tophub.pipelines.MysqlTwistedPipeline']
2019-12-12 13:54:13 [scrapy.core.engine] INFO: Spider opened
2019-12-12 13:54:13 [scrapy.extensions.logstats] INFO: Crawled 0 pages (at 0 pages/min), scraped 0 items (at 0 items/min)
2019-12-12 13:54:13 [scrapy.extensions.telnet] INFO: Telnet console listening on 127.0.0.1:6023
2019-12-12 13:54:14 [scrapy.core.engine] DEBUG: Crawled (200) <GET http://news.163.com/robots.txt> (referer: None)
2019-12-12 13:54:15 [scrapy.core.engine] DEBUG: Crawled (200) <GET http://news.163.com/rank/> (referer: None)
2019-12-12 13:54:15 [scrapy.core.scraper] DEBUG: Scraped from <200 http://news.163.com/rank/>
None
2019-12-12 13:54:15 [scrapy.core.scraper] DEBUG: Scraped from <200 http://news.163.com/rank/>
None
2019-12-12 13:54:15 [scrapy.core.scraper] DEBUG: Scraped from <200 http://news.163.com/rank/>
None
2019-12-12 13:54:15 [scrapy.core.scraper] DEBUG: Scraped from <200 http://news.163.com/rank/>
None
2019-12-12 13:54:15 [scrapy.core.scraper] DEBUG: Scraped from <200 http://news.163.com/rank/>
None
2019-12-12 13:54:15 [scrapy.core.scraper] DEBUG: Scraped from <200 http://news.163.com/rank/>
None
2019-12-12 13:54:15 [scrapy.core.scraper] DEBUG: Scraped from <200 http://news.163.com/rank/>
None
2019-12-12 13:54:15 [scrapy.core.scraper] DEBUG: Scraped from <200 http://news.163.com/rank/>
None
2019-12-12 13:54:15 [scrapy.core.scraper] DEBUG: Scraped from <200 http://news.163.com/rank/>
None
2019-12-12 13:54:15 [scrapy.core.scraper] DEBUG: Scraped from <200 http://news.163.com/rank/>
None
2019-12-12 13:54:15 [scrapy.core.engine] INFO: Closing spider (finished)
2019-12-12 13:54:15 [scrapy.statscollectors] INFO: Dumping Scrapy stats:
{'downloader/request_bytes': 599,
 'downloader/request_count': 2,
 'downloader/request_method_count/GET': 2,
 'downloader/response_bytes': 54860,
 'downloader/response_count': 2,
 'downloader/response_status_count/200': 2,
 'elapsed_time_seconds': 1.327264,
 'finish_reason': 'finished',
 'finish_time': datetime.datetime(2019, 12, 12, 13, 54, 15, 287990),
 'item_scraped_count': 10,
 'log_count/DEBUG': 12,
 'log_count/INFO': 10,
 'memusage/max': 57229312,
 'memusage/startup': 57229312,
 'response_received_count': 2,
 'robotstxt/request_count': 1,
 'robotstxt/response_count': 1,
 'robotstxt/response_status_count/200': 1,
 'scheduler/dequeued': 1,
 'scheduler/dequeued/memory': 1,
 'scheduler/enqueued': 1,
 'scheduler/enqueued/memory': 1,
 'start_time': datetime.datetime(2019, 12, 12, 13, 54, 13, 960726)}
2019-12-12 13:54:15 [scrapy.core.engine] INFO: Spider closed (finished)
2019-12-12 13:54:15 [urllib3.connectionpool] DEBUG: Starting new HTTP connection (1): elasticsearch:9200
2019-12-12 13:54:15 [urllib3.connectionpool] DEBUG: Starting new HTTP connection (1): elasticsearch:9200
2019-12-12 13:54:15 [urllib3.connectionpool] DEBUG: Starting new HTTP connection (1): elasticsearch:9200
2019-12-12 13:54:15 [urllib3.connectionpool] DEBUG: Starting new HTTP connection (1): elasticsearch:9200
2019-12-12 13:54:15 [urllib3.connectionpool] DEBUG: http://elasticsearch:9200 "HEAD /top HTTP/1.1" 200 0
2019-12-12 13:54:15 [elasticsearch] INFO: HEAD http://elasticsearch:9200/top [status:200 request:0.005s]
2019-12-12 13:54:15 [elasticsearch] DEBUG: > None
2019-12-12 13:54:15 [elasticsearch] DEBUG: < 
2019-12-12 13:54:15 [urllib3.connectionpool] DEBUG: http://elasticsearch:9200 "HEAD /top HTTP/1.1" 200 0
2019-12-12 13:54:15 [elasticsearch] INFO: HEAD http://elasticsearch:9200/top [status:200 request:0.005s]
2019-12-12 13:54:15 [elasticsearch] DEBUG: > None
2019-12-12 13:54:15 [elasticsearch] DEBUG: < 
2019-12-12 13:54:15 [urllib3.connectionpool] DEBUG: http://elasticsearch:9200 "HEAD /top HTTP/1.1" 200 0
2019-12-12 13:54:15 [elasticsearch] INFO: HEAD http://elasticsearch:9200/top [status:200 request:0.005s]
2019-12-12 13:54:15 [elasticsearch] DEBUG: > None
2019-12-12 13:54:15 [elasticsearch] DEBUG: < 
2019-12-12 13:54:15 [urllib3.connectionpool] DEBUG: http://elasticsearch:9200 "HEAD /top HTTP/1.1" 200 0
2019-12-12 13:54:15 [elasticsearch] INFO: HEAD http://elasticsearch:9200/top [status:200 request:0.008s]
2019-12-12 13:54:15 [elasticsearch] DEBUG: > None
2019-12-12 13:54:15 [elasticsearch] DEBUG: < 
2019-12-12 13:54:15 [urllib3.connectionpool] DEBUG: Starting new HTTP connection (1): elasticsearch:9200
2019-12-12 13:54:15 [urllib3.connectionpool] DEBUG: http://elasticsearch:9200 "HEAD /top HTTP/1.1" 200 0
2019-12-12 13:54:15 [elasticsearch] INFO: HEAD http://elasticsearch:9200/top [status:200 request:0.002s]
2019-12-12 13:54:15 [elasticsearch] DEBUG: > None
2019-12-12 13:54:15 [elasticsearch] DEBUG: < 
2019-12-12 13:54:15 [urllib3.connectionpool] DEBUG: http://elasticsearch:9200 "POST /top/_doc/2453 HTTP/1.1" 200 161
2019-12-12 13:54:15 [elasticsearch] INFO: POST http://elasticsearch:9200/top/_doc/2453 [status:200 request:0.010s]
2019-12-12 13:54:15 [elasticsearch] DEBUG: > {"title":"2.4亿高级豪宅配双层无边泳池 仿佛是在空中游泳","description_content":"13.1万","update_at":1576158855259}
2019-12-12 13:54:15 [elasticsearch] DEBUG: < {"_index":"top","_type":"_doc","_id":"2453","_version":163,"result":"updated","_shards":{"total":2,"successful":1,"failed":0},"_seq_no":111182,"_primary_term":1}
2019-12-12 13:54:15 [urllib3.connectionpool] DEBUG: http://elasticsearch:9200 "POST /top/_doc/3395 HTTP/1.1" 200 161
2019-12-12 13:54:15 [elasticsearch] INFO: POST http://elasticsearch:9200/top/_doc/3395 [status:200 request:0.013s]
2019-12-12 13:54:15 [elasticsearch] DEBUG: > {"title":"河北大爷花87万打造中式庭院 用3个月亲手雕刻假","description_content":"15.2万","update_at":1576158855259}
2019-12-12 13:54:15 [elasticsearch] DEBUG: < {"_index":"top","_type":"_doc","_id":"3395","_version":131,"result":"updated","_shards":{"total":2,"successful":1,"failed":0},"_seq_no":111183,"_primary_term":1}
2019-12-12 13:54:15 [urllib3.connectionpool] DEBUG: Starting new HTTP connection (1): elasticsearch:9200
2019-12-12 13:54:15 [urllib3.connectionpool] DEBUG: http://elasticsearch:9200 "HEAD /top HTTP/1.1" 200 0
2019-12-12 13:54:15 [elasticsearch] INFO: HEAD http://elasticsearch:9200/top [status:200 request:0.002s]
2019-12-12 13:54:15 [elasticsearch] DEBUG: > None
2019-12-12 13:54:15 [elasticsearch] DEBUG: < 
2019-12-12 13:54:15 [urllib3.connectionpool] DEBUG: http://elasticsearch:9200 "POST /top/_doc/2452 HTTP/1.1" 200 161
2019-12-12 13:54:15 [elasticsearch] INFO: POST http://elasticsearch:9200/top/_doc/2452 [status:200 request:0.022s]
2019-12-12 13:54:15 [elasticsearch] DEBUG: > {"title":"罗伯遗体被运回内地 其子哽咽：爸爸我带你回家了","description_content":"11.3万","update_at":1576158855259}
2019-12-12 13:54:15 [elasticsearch] DEBUG: < {"_index":"top","_type":"_doc","_id":"2452","_version":163,"result":"updated","_shards":{"total":2,"successful":1,"failed":0},"_seq_no":111184,"_primary_term":1}
2019-12-12 13:54:15 [urllib3.connectionpool] DEBUG: Starting new HTTP connection (1): elasticsearch:9200
2019-12-12 13:54:15 [urllib3.connectionpool] DEBUG: http://elasticsearch:9200 "HEAD /top HTTP/1.1" 200 0
2019-12-12 13:54:15 [elasticsearch] INFO: HEAD http://elasticsearch:9200/top [status:200 request:0.002s]
2019-12-12 13:54:15 [elasticsearch] DEBUG: > None
2019-12-12 13:54:15 [elasticsearch] DEBUG: < 
2019-12-12 13:54:15 [urllib3.connectionpool] DEBUG: http://elasticsearch:9200 "POST /top/_doc/4321 HTTP/1.1" 200 161
2019-12-12 13:54:15 [elasticsearch] INFO: POST http://elasticsearch:9200/top/_doc/4321 [status:200 request:0.028s]
2019-12-12 13:54:15 [elasticsearch] DEBUG: > {"title":"6亿豪宅配3000瓶红酒的大酒窖 厕所竟然藏在墙","description_content":"14.2万","update_at":1576158855259}
2019-12-12 13:54:15 [elasticsearch] DEBUG: < {"_index":"top","_type":"_doc","_id":"4321","_version":111,"result":"updated","_shards":{"total":2,"successful":1,"failed":0},"_seq_no":111185,"_primary_term":1}
2019-12-12 13:54:15 [urllib3.connectionpool] DEBUG: Starting new HTTP connection (1): elasticsearch:9200
2019-12-12 13:54:15 [urllib3.connectionpool] DEBUG: http://elasticsearch:9200 "HEAD /top HTTP/1.1" 200 0
2019-12-12 13:54:15 [elasticsearch] INFO: HEAD http://elasticsearch:9200/top [status:200 request:0.002s]
2019-12-12 13:54:15 [elasticsearch] DEBUG: > None
2019-12-12 13:54:15 [elasticsearch] DEBUG: < 
2019-12-12 13:54:15 [urllib3.connectionpool] DEBUG: http://elasticsearch:9200 "POST /top/_doc/4320 HTTP/1.1" 200 161
2019-12-12 13:54:15 [elasticsearch] INFO: POST http://elasticsearch:9200/top/_doc/4320 [status:200 request:0.026s]
2019-12-12 13:54:15 [elasticsearch] DEBUG: > {"title":"乱港分子：台湾一夜之间筹募大量头盔 像蚂蚁搬家","description_content":"11.0万","update_at":1576158855259}
2019-12-12 13:54:15 [elasticsearch] DEBUG: < {"_index":"top","_type":"_doc","_id":"4320","_version":111,"result":"updated","_shards":{"total":2,"successful":1,"failed":0},"_seq_no":111186,"_primary_term":1}
2019-12-12 13:54:15 [urllib3.connectionpool] DEBUG: Starting new HTTP connection (1): elasticsearch:9200
2019-12-12 13:54:15 [urllib3.connectionpool] DEBUG: http://elasticsearch:9200 "POST /top/_doc/3193 HTTP/1.1" 200 161
2019-12-12 13:54:15 [elasticsearch] INFO: POST http://elasticsearch:9200/top/_doc/3193 [status:200 request:0.023s]
2019-12-12 13:54:15 [elasticsearch] DEBUG: > {"title":"江苏一饭店店员啃完肉把骨头扔回锅煮 店家:已开除","description_content":"10.6万","update_at":1576158855259}
2019-12-12 13:54:15 [elasticsearch] DEBUG: < {"_index":"top","_type":"_doc","_id":"3193","_version":153,"result":"updated","_shards":{"total":2,"successful":1,"failed":0},"_seq_no":111187,"_primary_term":1}
2019-12-12 13:54:15 [urllib3.connectionpool] DEBUG: http://elasticsearch:9200 "HEAD /top HTTP/1.1" 200 0
2019-12-12 13:54:15 [elasticsearch] INFO: HEAD http://elasticsearch:9200/top [status:200 request:0.003s]
2019-12-12 13:54:15 [elasticsearch] DEBUG: > None
2019-12-12 13:54:15 [elasticsearch] DEBUG: < 
2019-12-12 13:54:15 [urllib3.connectionpool] DEBUG: Starting new HTTP connection (1): elasticsearch:9200
2019-12-12 13:54:15 [urllib3.connectionpool] DEBUG: http://elasticsearch:9200 "HEAD /top HTTP/1.1" 200 0
2019-12-12 13:54:15 [elasticsearch] INFO: HEAD http://elasticsearch:9200/top [status:200 request:0.002s]
2019-12-12 13:54:15 [elasticsearch] DEBUG: > None
2019-12-12 13:54:15 [elasticsearch] DEBUG: < 
2019-12-12 13:54:15 [urllib3.connectionpool] DEBUG: http://elasticsearch:9200 "POST /top/_doc/4562 HTTP/1.1" 200 160
2019-12-12 13:54:15 [elasticsearch] INFO: POST http://elasticsearch:9200/top/_doc/4562 [status:200 request:0.024s]
2019-12-12 13:54:15 [elasticsearch] DEBUG: > {"title":"重庆800平超美民宿 外围夯土墙内部配无边水池","description_content":"8.6万","update_at":1576158855259}
2019-12-12 13:54:15 [elasticsearch] DEBUG: < {"_index":"top","_type":"_doc","_id":"4562","_version":71,"result":"updated","_shards":{"total":2,"successful":1,"failed":0},"_seq_no":111188,"_primary_term":1}
2019-12-12 13:54:15 [urllib3.connectionpool] DEBUG: http://elasticsearch:9200 "POST /top/_doc/4455 HTTP/1.1" 200 160
2019-12-12 13:54:15 [elasticsearch] INFO: POST http://elasticsearch:9200/top/_doc/4455 [status:200 request:0.023s]
2019-12-12 13:54:15 [elasticsearch] DEBUG: > {"title":"霍启刚罕见晒儿女近照 哥哥妹妹亲自洗车赚零用钱","description_content":"8.1万","update_at":1576158855259}
2019-12-12 13:54:15 [elasticsearch] DEBUG: < {"_index":"top","_type":"_doc","_id":"4455","_version":92,"result":"updated","_shards":{"total":2,"successful":1,"failed":0},"_seq_no":111189,"_primary_term":1}
2019-12-12 13:54:15 [urllib3.connectionpool] DEBUG: http://elasticsearch:9200 "POST /top/_doc/4664 HTTP/1.1" 200 160
2019-12-12 13:54:15 [elasticsearch] INFO: POST http://elasticsearch:9200/top/_doc/4664 [status:200 request:0.019s]
2019-12-12 13:54:15 [elasticsearch] DEBUG: > {"title":"暴徒逼他人罢工自己却求职:只剩几百块 啥活都能干","description_content":"6.4万","update_at":1576158855259}
2019-12-12 13:54:15 [elasticsearch] DEBUG: < {"_index":"top","_type":"_doc","_id":"4664","_version":51,"result":"updated","_shards":{"total":2,"successful":1,"failed":0},"_seq_no":111190,"_primary_term":1}
2019-12-12 13:54:15 [urllib3.connectionpool] DEBUG: http://elasticsearch:9200 "POST /top/_doc/4791 HTTP/1.1" 200 160
2019-12-12 13:54:15 [elasticsearch] INFO: POST http://elasticsearch:9200/top/_doc/4791 [status:200 request:0.018s]
2019-12-12 13:54:15 [elasticsearch] DEBUG: > {"title":"葬礼花圈写\"全体教师千古\" 校方：写错了 已更正","description_content":"6.3万","update_at":1576158855259}
2019-12-12 13:54:15 [elasticsearch] DEBUG: < {"_index":"top","_type":"_doc","_id":"4791","_version":32,"result":"updated","_shards":{"total":2,"successful":1,"failed":0},"_seq_no":111191,"_primary_term":1}
