2019-12-12 13:57:33 [scrapy.utils.log] INFO: Scrapy 1.7.4 started (bot: spider_tophub)
2019-12-12 13:57:33 [scrapy.utils.log] INFO: Versions: lxml 4.4.1.0, libxml2 2.9.9, cssselect 1.1.0, parsel 1.5.2, w3lib 1.21.0, Twisted 19.7.0, Python 3.7.5 (default, Nov 23 2019, 05:59:34) - [GCC 8.3.0], pyOpenSSL 19.0.0 (OpenSSL 1.1.1d  10 Sep 2019), cryptography 2.8, Platform Linux-3.10.0-1062.1.2.el7.x86_64-x86_64-with-debian-10.2
2019-12-12 13:57:33 [scrapy.crawler] INFO: Overridden settings: {'BOT_NAME': 'spider_tophub', 'DOWNLOAD_DELAY': 1, 'LOG_FILE': 'logs/spider_tophub/smzdm_haojiads/2eed69a81ce711ea831a0242ac1c0004.log', 'NEWSPIDER_MODULE': 'spider_tophub.spiders', 'ROBOTSTXT_OBEY': True, 'SPIDER_MODULES': ['spider_tophub.spiders'], 'USER_AGENT': 'Mozilla/5.0 (Windows NT 10.0; Win64; x64) AppleWebKit/537.36 (KHTML, like Gecko) Chrome/77.0.3865.120 Safari/537.36'}
2019-12-12 13:57:33 [scrapy.extensions.telnet] INFO: Telnet Password: 445454f85b824789
2019-12-12 13:57:33 [scrapy.middleware] INFO: Enabled extensions:
['scrapy.extensions.corestats.CoreStats',
 'scrapy.extensions.telnet.TelnetConsole',
 'scrapy.extensions.memusage.MemoryUsage',
 'scrapy.extensions.logstats.LogStats']
2019-12-12 13:57:33 [scrapy.middleware] INFO: Enabled downloader middlewares:
['scrapy.downloadermiddlewares.robotstxt.RobotsTxtMiddleware',
 'scrapy.downloadermiddlewares.httpauth.HttpAuthMiddleware',
 'scrapy.downloadermiddlewares.downloadtimeout.DownloadTimeoutMiddleware',
 'scrapy.downloadermiddlewares.defaultheaders.DefaultHeadersMiddleware',
 'scrapy.downloadermiddlewares.useragent.UserAgentMiddleware',
 'scrapy.downloadermiddlewares.retry.RetryMiddleware',
 'scrapy.downloadermiddlewares.redirect.MetaRefreshMiddleware',
 'scrapy.downloadermiddlewares.httpcompression.HttpCompressionMiddleware',
 'scrapy.downloadermiddlewares.redirect.RedirectMiddleware',
 'scrapy.downloadermiddlewares.cookies.CookiesMiddleware',
 'scrapy.downloadermiddlewares.httpproxy.HttpProxyMiddleware',
 'scrapy.downloadermiddlewares.stats.DownloaderStats']
2019-12-12 13:57:33 [scrapy.middleware] INFO: Enabled spider middlewares:
['scrapy.spidermiddlewares.httperror.HttpErrorMiddleware',
 'scrapy.spidermiddlewares.offsite.OffsiteMiddleware',
 'scrapy.spidermiddlewares.referer.RefererMiddleware',
 'scrapy.spidermiddlewares.urllength.UrlLengthMiddleware',
 'scrapy.spidermiddlewares.depth.DepthMiddleware']
2019-12-12 13:57:33 [scrapy.middleware] INFO: Enabled item pipelines:
['spider_tophub.pipelines.MysqlTwistedPipeline']
2019-12-12 13:57:33 [scrapy.core.engine] INFO: Spider opened
2019-12-12 13:57:33 [scrapy.extensions.logstats] INFO: Crawled 0 pages (at 0 pages/min), scraped 0 items (at 0 items/min)
2019-12-12 13:57:33 [scrapy.extensions.telnet] INFO: Telnet console listening on 127.0.0.1:6023
2019-12-12 13:57:34 [scrapy.core.engine] DEBUG: Crawled (200) <GET https://www.smzdm.com/robots.txt> (referer: None)
2019-12-12 13:57:35 [scrapy.core.engine] DEBUG: Crawled (200) <GET https://www.smzdm.com/top/json_more?rank_type=dianshang&rank_id=24&hour=> (referer: None)
2019-12-12 13:57:35 [scrapy.core.scraper] DEBUG: Scraped from <200 https://www.smzdm.com/top/json_more?rank_type=dianshang&rank_id=24&hour=>
None
2019-12-12 13:57:35 [scrapy.core.scraper] DEBUG: Scraped from <200 https://www.smzdm.com/top/json_more?rank_type=dianshang&rank_id=24&hour=>
None
2019-12-12 13:57:35 [scrapy.core.scraper] DEBUG: Scraped from <200 https://www.smzdm.com/top/json_more?rank_type=dianshang&rank_id=24&hour=>
None
2019-12-12 13:57:35 [scrapy.core.scraper] DEBUG: Scraped from <200 https://www.smzdm.com/top/json_more?rank_type=dianshang&rank_id=24&hour=>
None
2019-12-12 13:57:35 [scrapy.core.scraper] DEBUG: Scraped from <200 https://www.smzdm.com/top/json_more?rank_type=dianshang&rank_id=24&hour=>
None
2019-12-12 13:57:35 [scrapy.core.scraper] DEBUG: Scraped from <200 https://www.smzdm.com/top/json_more?rank_type=dianshang&rank_id=24&hour=>
None
2019-12-12 13:57:35 [scrapy.core.scraper] DEBUG: Scraped from <200 https://www.smzdm.com/top/json_more?rank_type=dianshang&rank_id=24&hour=>
None
2019-12-12 13:57:35 [scrapy.core.scraper] DEBUG: Scraped from <200 https://www.smzdm.com/top/json_more?rank_type=dianshang&rank_id=24&hour=>
None
2019-12-12 13:57:35 [scrapy.core.scraper] DEBUG: Scraped from <200 https://www.smzdm.com/top/json_more?rank_type=dianshang&rank_id=24&hour=>
None
2019-12-12 13:57:35 [scrapy.core.scraper] DEBUG: Scraped from <200 https://www.smzdm.com/top/json_more?rank_type=dianshang&rank_id=24&hour=>
None
2019-12-12 13:57:35 [scrapy.core.scraper] DEBUG: Scraped from <200 https://www.smzdm.com/top/json_more?rank_type=dianshang&rank_id=24&hour=>
None
2019-12-12 13:57:35 [scrapy.core.scraper] DEBUG: Scraped from <200 https://www.smzdm.com/top/json_more?rank_type=dianshang&rank_id=24&hour=>
None
2019-12-12 13:57:35 [scrapy.core.scraper] DEBUG: Scraped from <200 https://www.smzdm.com/top/json_more?rank_type=dianshang&rank_id=24&hour=>
None
2019-12-12 13:57:35 [scrapy.core.scraper] DEBUG: Scraped from <200 https://www.smzdm.com/top/json_more?rank_type=dianshang&rank_id=24&hour=>
None
2019-12-12 13:57:35 [scrapy.core.scraper] DEBUG: Scraped from <200 https://www.smzdm.com/top/json_more?rank_type=dianshang&rank_id=24&hour=>
None
2019-12-12 13:57:35 [scrapy.core.scraper] DEBUG: Scraped from <200 https://www.smzdm.com/top/json_more?rank_type=dianshang&rank_id=24&hour=>
None
2019-12-12 13:57:35 [scrapy.core.scraper] DEBUG: Scraped from <200 https://www.smzdm.com/top/json_more?rank_type=dianshang&rank_id=24&hour=>
None
2019-12-12 13:57:35 [scrapy.core.scraper] DEBUG: Scraped from <200 https://www.smzdm.com/top/json_more?rank_type=dianshang&rank_id=24&hour=>
None
2019-12-12 13:57:35 [scrapy.core.scraper] DEBUG: Scraped from <200 https://www.smzdm.com/top/json_more?rank_type=dianshang&rank_id=24&hour=>
None
2019-12-12 13:57:35 [scrapy.core.scraper] DEBUG: Scraped from <200 https://www.smzdm.com/top/json_more?rank_type=dianshang&rank_id=24&hour=>
None
2019-12-12 13:57:35 [scrapy.core.scraper] DEBUG: Scraped from <200 https://www.smzdm.com/top/json_more?rank_type=dianshang&rank_id=24&hour=>
None
2019-12-12 13:57:35 [scrapy.core.scraper] DEBUG: Scraped from <200 https://www.smzdm.com/top/json_more?rank_type=dianshang&rank_id=24&hour=>
None
2019-12-12 13:57:35 [scrapy.core.scraper] DEBUG: Scraped from <200 https://www.smzdm.com/top/json_more?rank_type=dianshang&rank_id=24&hour=>
None
2019-12-12 13:57:35 [scrapy.core.scraper] DEBUG: Scraped from <200 https://www.smzdm.com/top/json_more?rank_type=dianshang&rank_id=24&hour=>
None
2019-12-12 13:57:35 [scrapy.core.engine] INFO: Closing spider (finished)
2019-12-12 13:57:35 [scrapy.statscollectors] INFO: Dumping Scrapy stats:
{'downloader/request_bytes': 732,
 'downloader/request_count': 2,
 'downloader/request_method_count/GET': 2,
 'downloader/response_bytes': 3831,
 'downloader/response_count': 2,
 'downloader/response_status_count/200': 2,
 'elapsed_time_seconds': 1.574826,
 'finish_reason': 'finished',
 'finish_time': datetime.datetime(2019, 12, 12, 13, 57, 35, 510035),
 'item_scraped_count': 24,
 'log_count/DEBUG': 26,
 'log_count/INFO': 10,
 'memusage/max': 57237504,
 'memusage/startup': 57237504,
 'response_received_count': 2,
 'robotstxt/request_count': 1,
 'robotstxt/response_count': 1,
 'robotstxt/response_status_count/200': 1,
 'scheduler/dequeued': 1,
 'scheduler/dequeued/memory': 1,
 'scheduler/enqueued': 1,
 'scheduler/enqueued/memory': 1,
 'start_time': datetime.datetime(2019, 12, 12, 13, 57, 33, 935209)}
2019-12-12 13:57:35 [scrapy.core.engine] INFO: Spider closed (finished)
2019-12-12 13:57:35 [urllib3.connectionpool] DEBUG: Starting new HTTP connection (1): elasticsearch:9200
2019-12-12 13:57:35 [urllib3.connectionpool] DEBUG: Starting new HTTP connection (1): elasticsearch:9200
2019-12-12 13:57:35 [urllib3.connectionpool] DEBUG: Starting new HTTP connection (1): elasticsearch:9200
2019-12-12 13:57:35 [urllib3.connectionpool] DEBUG: Starting new HTTP connection (1): elasticsearch:9200
2019-12-12 13:57:35 [urllib3.connectionpool] DEBUG: http://elasticsearch:9200 "HEAD /top HTTP/1.1" 200 0
2019-12-12 13:57:35 [elasticsearch] INFO: HEAD http://elasticsearch:9200/top [status:200 request:0.007s]
2019-12-12 13:57:35 [elasticsearch] DEBUG: > None
2019-12-12 13:57:35 [elasticsearch] DEBUG: < 
2019-12-12 13:57:35 [urllib3.connectionpool] DEBUG: http://elasticsearch:9200 "HEAD /top HTTP/1.1" 200 0
2019-12-12 13:57:35 [elasticsearch] INFO: HEAD http://elasticsearch:9200/top [status:200 request:0.009s]
2019-12-12 13:57:35 [elasticsearch] DEBUG: > None
2019-12-12 13:57:35 [elasticsearch] DEBUG: < 
2019-12-12 13:57:35 [urllib3.connectionpool] DEBUG: http://elasticsearch:9200 "HEAD /top HTTP/1.1" 200 0
2019-12-12 13:57:35 [elasticsearch] INFO: HEAD http://elasticsearch:9200/top [status:200 request:0.007s]
2019-12-12 13:57:35 [elasticsearch] DEBUG: > None
2019-12-12 13:57:35 [elasticsearch] DEBUG: < 
2019-12-12 13:57:35 [urllib3.connectionpool] DEBUG: http://elasticsearch:9200 "HEAD /top HTTP/1.1" 200 0
2019-12-12 13:57:35 [elasticsearch] INFO: HEAD http://elasticsearch:9200/top [status:200 request:0.010s]
2019-12-12 13:57:35 [elasticsearch] DEBUG: > None
2019-12-12 13:57:35 [elasticsearch] DEBUG: < 
2019-12-12 13:57:35 [urllib3.connectionpool] DEBUG: Starting new HTTP connection (1): elasticsearch:9200
2019-12-12 13:57:35 [urllib3.connectionpool] DEBUG: http://elasticsearch:9200 "HEAD /top HTTP/1.1" 200 0
2019-12-12 13:57:35 [elasticsearch] INFO: HEAD http://elasticsearch:9200/top [status:200 request:0.003s]
2019-12-12 13:57:35 [elasticsearch] DEBUG: > None
2019-12-12 13:57:35 [elasticsearch] DEBUG: < 
2019-12-12 13:57:35 [urllib3.connectionpool] DEBUG: http://elasticsearch:9200 "POST /top/_doc/2517 HTTP/1.1" 200 161
2019-12-12 13:57:35 [elasticsearch] INFO: POST http://elasticsearch:9200/top/_doc/2517 [status:200 request:0.010s]
2019-12-12 13:57:35 [elasticsearch] DEBUG: > {"title":"京东PLUS会员 : 承包一年火车票！客路9折优惠券","description_content":"每月都能领1张","update_at":1576159055499}
2019-12-12 13:57:35 [elasticsearch] DEBUG: < {"_index":"top","_type":"_doc","_id":"2517","_version":164,"result":"updated","_shards":{"total":2,"successful":1,"failed":0},"_seq_no":111898,"_primary_term":1}
2019-12-12 13:57:35 [urllib3.connectionpool] DEBUG: http://elasticsearch:9200 "POST /top/_doc/4688 HTTP/1.1" 200 160
2019-12-12 13:57:35 [elasticsearch] INFO: POST http://elasticsearch:9200/top/_doc/4688 [status:200 request:0.014s]
2019-12-12 13:57:35 [elasticsearch] DEBUG: > {"title":"转盘抽奖、评论有奖 : 天猫 12.12年终品牌盛典主会场","description_content":"12日更新：男女装折上2件85折\\3件8折\\4件75折","update_at":1576159055499}
2019-12-12 13:57:35 [elasticsearch] DEBUG: < {"_index":"top","_type":"_doc","_id":"4688","_version":48,"result":"updated","_shards":{"total":2,"successful":1,"failed":0},"_seq_no":111899,"_primary_term":1}
2019-12-12 13:57:35 [urllib3.connectionpool] DEBUG: Starting new HTTP connection (1): elasticsearch:9200
2019-12-12 13:57:35 [urllib3.connectionpool] DEBUG: http://elasticsearch:9200 "HEAD /top HTTP/1.1" 200 0
2019-12-12 13:57:35 [elasticsearch] INFO: HEAD http://elasticsearch:9200/top [status:200 request:0.002s]
2019-12-12 13:57:35 [elasticsearch] DEBUG: > None
2019-12-12 13:57:35 [elasticsearch] DEBUG: < 
2019-12-12 13:57:35 [urllib3.connectionpool] DEBUG: http://elasticsearch:9200 "POST /top/_doc/4633 HTTP/1.1" 200 160
2019-12-12 13:57:35 [elasticsearch] INFO: POST http://elasticsearch:9200/top/_doc/4633 [status:200 request:0.022s]
2019-12-12 13:57:35 [elasticsearch] DEBUG: > {"title":"白菜党、必看活动 : 天猫凑单津贴 满300-30 错过等一年","description_content":"凑数史低价（内含万能凑单品）","update_at":1576159055499}
2019-12-12 13:57:35 [elasticsearch] DEBUG: < {"_index":"top","_type":"_doc","_id":"4633","_version":57,"result":"updated","_shards":{"total":2,"successful":1,"failed":0},"_seq_no":111900,"_primary_term":1}
2019-12-12 13:57:35 [urllib3.connectionpool] DEBUG: Starting new HTTP connection (1): elasticsearch:9200
2019-12-12 13:57:35 [urllib3.connectionpool] DEBUG: http://elasticsearch:9200 "HEAD /top HTTP/1.1" 200 0
2019-12-12 13:57:35 [elasticsearch] INFO: HEAD http://elasticsearch:9200/top [status:200 request:0.002s]
2019-12-12 13:57:35 [elasticsearch] DEBUG: > None
2019-12-12 13:57:35 [elasticsearch] DEBUG: < 
2019-12-12 13:57:35 [urllib3.connectionpool] DEBUG: http://elasticsearch:9200 "POST /top/_doc/2516 HTTP/1.1" 200 161
2019-12-12 13:57:35 [elasticsearch] INFO: POST http://elasticsearch:9200/top/_doc/2516 [status:200 request:0.028s]
2019-12-12 13:57:35 [elasticsearch] DEBUG: > {"title":"评论有奖、必看活动 : 2019双十二 全网总攻略","description_content":"12日更新：超级红包全天加码+14点抢惊喜红包","update_at":1576159055499}
2019-12-12 13:57:35 [elasticsearch] DEBUG: < {"_index":"top","_type":"_doc","_id":"2516","_version":164,"result":"updated","_shards":{"total":2,"successful":1,"failed":0},"_seq_no":111901,"_primary_term":1}
2019-12-12 13:57:35 [urllib3.connectionpool] DEBUG: Starting new HTTP connection (1): elasticsearch:9200
2019-12-12 13:57:35 [urllib3.connectionpool] DEBUG: http://elasticsearch:9200 "HEAD /top HTTP/1.1" 200 0
2019-12-12 13:57:35 [elasticsearch] INFO: HEAD http://elasticsearch:9200/top [status:200 request:0.002s]
2019-12-12 13:57:35 [elasticsearch] DEBUG: > None
2019-12-12 13:57:35 [elasticsearch] DEBUG: < 
2019-12-12 13:57:35 [urllib3.connectionpool] DEBUG: http://elasticsearch:9200 "POST /top/_doc/2521 HTTP/1.1" 200 161
2019-12-12 13:57:35 [elasticsearch] INFO: POST http://elasticsearch:9200/top/_doc/2521 [status:200 request:0.025s]
2019-12-12 13:57:35 [elasticsearch] DEBUG: > {"title":"移动专享 : 12月12日 京东关注店铺领京豆","description_content":"实测领138京豆","update_at":1576159055499}
2019-12-12 13:57:35 [elasticsearch] DEBUG: < {"_index":"top","_type":"_doc","_id":"2521","_version":164,"result":"updated","_shards":{"total":2,"successful":1,"failed":0},"_seq_no":111902,"_primary_term":1}
2019-12-12 13:57:35 [urllib3.connectionpool] DEBUG: Starting new HTTP connection (1): elasticsearch:9200
2019-12-12 13:57:35 [urllib3.connectionpool] DEBUG: http://elasticsearch:9200 "HEAD /top HTTP/1.1" 200 0
2019-12-12 13:57:35 [elasticsearch] INFO: HEAD http://elasticsearch:9200/top [status:200 request:0.002s]
2019-12-12 13:57:35 [elasticsearch] DEBUG: > None
2019-12-12 13:57:35 [elasticsearch] DEBUG: < 
2019-12-12 13:57:35 [urllib3.connectionpool] DEBUG: http://elasticsearch:9200 "POST /top/_doc/3170 HTTP/1.1" 200 161
2019-12-12 13:57:35 [elasticsearch] INFO: POST http://elasticsearch:9200/top/_doc/3170 [status:200 request:0.019s]
2019-12-12 13:57:35 [elasticsearch] DEBUG: > {"title":"补贴购 : 天猫精选 reebok官方旗舰店 年末大促","description_content":" 约合500元买1600元产品，新增500-150元店铺券","update_at":1576159055499}
2019-12-12 13:57:35 [elasticsearch] DEBUG: < {"_index":"top","_type":"_doc","_id":"3170","_version":157,"result":"updated","_shards":{"total":2,"successful":1,"failed":0},"_seq_no":111903,"_primary_term":1}
2019-12-12 13:57:35 [urllib3.connectionpool] DEBUG: Starting new HTTP connection (1): elasticsearch:9200
2019-12-12 13:57:35 [urllib3.connectionpool] DEBUG: http://elasticsearch:9200 "HEAD /top HTTP/1.1" 200 0
2019-12-12 13:57:35 [elasticsearch] INFO: HEAD http://elasticsearch:9200/top [status:200 request:0.003s]
2019-12-12 13:57:35 [elasticsearch] DEBUG: > None
2019-12-12 13:57:35 [elasticsearch] DEBUG: < 
2019-12-12 13:57:35 [urllib3.connectionpool] DEBUG: http://elasticsearch:9200 "POST /top/_doc/3348 HTTP/1.1" 200 161
2019-12-12 13:57:35 [elasticsearch] INFO: POST http://elasticsearch:9200/top/_doc/3348 [status:200 request:0.018s]
2019-12-12 13:57:35 [elasticsearch] DEBUG: > {"title":"puma官方店满600元-300元店铺优惠券 ","description_content":"1元","update_at":1576159055499}
2019-12-12 13:57:35 [elasticsearch] DEBUG: < {"_index":"top","_type":"_doc","_id":"3348","_version":140,"result":"updated","_shards":{"total":2,"successful":1,"failed":0},"_seq_no":111904,"_primary_term":1}
2019-12-12 13:57:35 [urllib3.connectionpool] DEBUG: Starting new HTTP connection (1): elasticsearch:9200
2019-12-12 13:57:35 [urllib3.connectionpool] DEBUG: http://elasticsearch:9200 "HEAD /top HTTP/1.1" 200 0
2019-12-12 13:57:35 [elasticsearch] INFO: HEAD http://elasticsearch:9200/top [status:200 request:0.002s]
2019-12-12 13:57:35 [elasticsearch] DEBUG: > None
2019-12-12 13:57:35 [elasticsearch] DEBUG: < 
2019-12-12 13:57:35 [urllib3.connectionpool] DEBUG: http://elasticsearch:9200 "POST /top/_doc/4497 HTTP/1.1" 200 160
2019-12-12 13:57:35 [elasticsearch] INFO: POST http://elasticsearch:9200/top/_doc/4497 [status:200 request:0.019s]
2019-12-12 13:57:35 [elasticsearch] DEBUG: > {"title":"白菜党 : 双12白菜汇总 家居日百攻略","description_content":"一篇看全","update_at":1576159055499}
2019-12-12 13:57:35 [elasticsearch] DEBUG: < {"_index":"top","_type":"_doc","_id":"4497","_version":85,"result":"updated","_shards":{"total":2,"successful":1,"failed":0},"_seq_no":111905,"_primary_term":1}
2019-12-12 13:57:35 [urllib3.connectionpool] DEBUG: Starting new HTTP connection (1): elasticsearch:9200
2019-12-12 13:57:35 [urllib3.connectionpool] DEBUG: http://elasticsearch:9200 "HEAD /top HTTP/1.1" 200 0
2019-12-12 13:57:35 [elasticsearch] INFO: HEAD http://elasticsearch:9200/top [status:200 request:0.002s]
2019-12-12 13:57:35 [elasticsearch] DEBUG: > None
2019-12-12 13:57:35 [elasticsearch] DEBUG: < 
2019-12-12 13:57:35 [urllib3.connectionpool] DEBUG: http://elasticsearch:9200 "POST /top/_doc/2523 HTTP/1.1" 200 161
2019-12-12 13:57:35 [elasticsearch] INFO: POST http://elasticsearch:9200/top/_doc/2523 [status:200 request:0.018s]
2019-12-12 13:57:35 [elasticsearch] DEBUG: > {"title":"必看活动 : 京东 双12怎么玩？攻略在手不用愁","description_content":"12日更新：大牌玩具 满199-100/299-150/499-200","update_at":1576159055499}
2019-12-12 13:57:35 [elasticsearch] DEBUG: < {"_index":"top","_type":"_doc","_id":"2523","_version":164,"result":"updated","_shards":{"total":2,"successful":1,"failed":0},"_seq_no":111906,"_primary_term":1}
2019-12-12 13:57:35 [urllib3.connectionpool] DEBUG: Starting new HTTP connection (1): elasticsearch:9200
2019-12-12 13:57:35 [urllib3.connectionpool] DEBUG: http://elasticsearch:9200 "HEAD /top HTTP/1.1" 200 0
2019-12-12 13:57:35 [elasticsearch] INFO: HEAD http://elasticsearch:9200/top [status:200 request:0.002s]
2019-12-12 13:57:35 [elasticsearch] DEBUG: > None
2019-12-12 13:57:35 [elasticsearch] DEBUG: < 
2019-12-12 13:57:35 [urllib3.connectionpool] DEBUG: Starting new HTTP connection (1): elasticsearch:9200
2019-12-12 13:57:35 [urllib3.connectionpool] DEBUG: http://elasticsearch:9200 "POST /top/_doc/2515 HTTP/1.1" 200 161
2019-12-12 13:57:35 [elasticsearch] INFO: POST http://elasticsearch:9200/top/_doc/2515 [status:200 request:0.018s]
2019-12-12 13:57:35 [elasticsearch] DEBUG: > {"title":"促销活动 : 苏宁易购 双12生活用纸促销","description_content":"满99-40元专享券","update_at":1576159055499}
2019-12-12 13:57:35 [elasticsearch] DEBUG: < {"_index":"top","_type":"_doc","_id":"2515","_version":164,"result":"updated","_shards":{"total":2,"successful":1,"failed":0},"_seq_no":111907,"_primary_term":1}
2019-12-12 13:57:35 [urllib3.connectionpool] DEBUG: http://elasticsearch:9200 "HEAD /top HTTP/1.1" 200 0
2019-12-12 13:57:35 [elasticsearch] INFO: HEAD http://elasticsearch:9200/top [status:200 request:0.002s]
2019-12-12 13:57:35 [elasticsearch] DEBUG: > None
2019-12-12 13:57:35 [elasticsearch] DEBUG: < 
2019-12-12 13:57:35 [urllib3.connectionpool] DEBUG: Starting new HTTP connection (1): elasticsearch:9200
2019-12-12 13:57:35 [urllib3.connectionpool] DEBUG: http://elasticsearch:9200 "POST /top/_doc/2518 HTTP/1.1" 200 161
2019-12-12 13:57:35 [elasticsearch] INFO: POST http://elasticsearch:9200/top/_doc/2518 [status:200 request:0.018s]
2019-12-12 13:57:35 [elasticsearch] DEBUG: > {"title":"促销活动 : 京东 Under Armour官方旗舰店 双12暖暖节","description_content":"2件8折，双券1000-500元，最高300买1000","update_at":1576159055499}
2019-12-12 13:57:35 [elasticsearch] DEBUG: < {"_index":"top","_type":"_doc","_id":"2518","_version":164,"result":"updated","_shards":{"total":2,"successful":1,"failed":0},"_seq_no":111908,"_primary_term":1}
2019-12-12 13:57:35 [urllib3.connectionpool] DEBUG: http://elasticsearch:9200 "HEAD /top HTTP/1.1" 200 0
2019-12-12 13:57:35 [elasticsearch] INFO: HEAD http://elasticsearch:9200/top [status:200 request:0.002s]
2019-12-12 13:57:35 [elasticsearch] DEBUG: > None
2019-12-12 13:57:35 [elasticsearch] DEBUG: < 
2019-12-12 13:57:35 [urllib3.connectionpool] DEBUG: http://elasticsearch:9200 "POST /top/_doc/3228 HTTP/1.1" 200 161
2019-12-12 13:57:35 [elasticsearch] INFO: POST http://elasticsearch:9200/top/_doc/3228 [status:200 request:0.017s]
2019-12-12 13:57:35 [elasticsearch] DEBUG: > {"title":"促销活动 : 京东 reebok官方旗舰店 双12暖暖节","description_content":"新增1000-300店铺券，双券满1000-500元","update_at":1576159055499}
2019-12-12 13:57:35 [elasticsearch] DEBUG: < {"_index":"top","_type":"_doc","_id":"3228","_version":137,"result":"updated","_shards":{"total":2,"successful":1,"failed":0},"_seq_no":111909,"_primary_term":1}
2019-12-12 13:57:35 [urllib3.connectionpool] DEBUG: Starting new HTTP connection (1): elasticsearch:9200
2019-12-12 13:57:35 [urllib3.connectionpool] DEBUG: http://elasticsearch:9200 "HEAD /top HTTP/1.1" 200 0
2019-12-12 13:57:35 [elasticsearch] INFO: HEAD http://elasticsearch:9200/top [status:200 request:0.002s]
2019-12-12 13:57:35 [elasticsearch] DEBUG: > None
2019-12-12 13:57:35 [elasticsearch] DEBUG: < 
2019-12-12 13:57:35 [urllib3.connectionpool] DEBUG: http://elasticsearch:9200 "POST /top/_doc/4446 HTTP/1.1" 200 160
2019-12-12 13:57:35 [elasticsearch] INFO: POST http://elasticsearch:9200/top/_doc/4446 [status:200 request:0.019s]
2019-12-12 13:57:35 [elasticsearch] DEBUG: > {"title":"领京豆瓜分40万金币 : 参加“关注店铺领京豆”福利，每天最低得50京豆！","description_content":"还可瓜分最高40万金币！","update_at":1576159055499}
2019-12-12 13:57:35 [elasticsearch] DEBUG: < {"_index":"top","_type":"_doc","_id":"4446","_version":95,"result":"updated","_shards":{"total":2,"successful":1,"failed":0},"_seq_no":111910,"_primary_term":1}
2019-12-12 13:57:35 [urllib3.connectionpool] DEBUG: Starting new HTTP connection (1): elasticsearch:9200
2019-12-12 13:57:35 [urllib3.connectionpool] DEBUG: http://elasticsearch:9200 "HEAD /top HTTP/1.1" 200 0
2019-12-12 13:57:35 [elasticsearch] INFO: HEAD http://elasticsearch:9200/top [status:200 request:0.002s]
2019-12-12 13:57:35 [elasticsearch] DEBUG: > None
2019-12-12 13:57:35 [elasticsearch] DEBUG: < 
2019-12-12 13:57:35 [urllib3.connectionpool] DEBUG: http://elasticsearch:9200 "POST /top/_doc/4821 HTTP/1.1" 200 160
2019-12-12 13:57:35 [elasticsearch] INFO: POST http://elasticsearch:9200/top/_doc/4821 [status:200 request:0.019s]
2019-12-12 13:57:35 [elasticsearch] DEBUG: > {"title":"白菜党 : 领值友专享天猫红包 0元买白菜","description_content":"1分钱都不能浪费","update_at":1576159055499}
2019-12-12 13:57:35 [elasticsearch] DEBUG: < {"_index":"top","_type":"_doc","_id":"4821","_version":28,"result":"updated","_shards":{"total":2,"successful":1,"failed":0},"_seq_no":111911,"_primary_term":1}
2019-12-12 13:57:35 [urllib3.connectionpool] DEBUG: Starting new HTTP connection (1): elasticsearch:9200
2019-12-12 13:57:35 [urllib3.connectionpool] DEBUG: http://elasticsearch:9200 "HEAD /top HTTP/1.1" 200 0
2019-12-12 13:57:35 [elasticsearch] INFO: HEAD http://elasticsearch:9200/top [status:200 request:0.002s]
2019-12-12 13:57:35 [elasticsearch] DEBUG: > None
2019-12-12 13:57:35 [elasticsearch] DEBUG: < 
2019-12-12 13:57:35 [urllib3.connectionpool] DEBUG: http://elasticsearch:9200 "POST /top/_doc/4329 HTTP/1.1" 200 161
2019-12-12 13:57:35 [elasticsearch] INFO: POST http://elasticsearch:9200/top/_doc/4329 [status:200 request:0.019s]
2019-12-12 13:57:35 [elasticsearch] DEBUG: > {"title":"天猫精选 reebok官方旗舰店 1000-400大额券","description_content":"1元","update_at":1576159055499}
2019-12-12 13:57:35 [elasticsearch] DEBUG: < {"_index":"top","_type":"_doc","_id":"4329","_version":111,"result":"updated","_shards":{"total":2,"successful":1,"failed":0},"_seq_no":111912,"_primary_term":1}
2019-12-12 13:57:35 [urllib3.connectionpool] DEBUG: Starting new HTTP connection (1): elasticsearch:9200
2019-12-12 13:57:35 [urllib3.connectionpool] DEBUG: http://elasticsearch:9200 "HEAD /top HTTP/1.1" 200 0
2019-12-12 13:57:35 [elasticsearch] INFO: HEAD http://elasticsearch:9200/top [status:200 request:0.002s]
2019-12-12 13:57:35 [elasticsearch] DEBUG: > None
2019-12-12 13:57:35 [elasticsearch] DEBUG: < 
2019-12-12 13:57:35 [urllib3.connectionpool] DEBUG: http://elasticsearch:9200 "POST /top/_doc/4514 HTTP/1.1" 200 160
2019-12-12 13:57:35 [elasticsearch] INFO: POST http://elasticsearch:9200/top/_doc/4514 [status:200 request:0.018s]
2019-12-12 13:57:35 [elasticsearch] DEBUG: > {"title":"白菜党 : 双12白菜汇总 玩模母婴攻略","description_content":"不到20元，趣味玩具任你选~","update_at":1576159055499}
2019-12-12 13:57:35 [elasticsearch] DEBUG: < {"_index":"top","_type":"_doc","_id":"4514","_version":83,"result":"updated","_shards":{"total":2,"successful":1,"failed":0},"_seq_no":111913,"_primary_term":1}
2019-12-12 13:57:35 [urllib3.connectionpool] DEBUG: Starting new HTTP connection (1): elasticsearch:9200
2019-12-12 13:57:35 [urllib3.connectionpool] DEBUG: http://elasticsearch:9200 "HEAD /top HTTP/1.1" 200 0
2019-12-12 13:57:35 [elasticsearch] INFO: HEAD http://elasticsearch:9200/top [status:200 request:0.001s]
2019-12-12 13:57:35 [elasticsearch] DEBUG: > None
2019-12-12 13:57:35 [elasticsearch] DEBUG: < 
2019-12-12 13:57:35 [urllib3.connectionpool] DEBUG: http://elasticsearch:9200 "POST /top/_doc/4493 HTTP/1.1" 200 160
2019-12-12 13:57:35 [elasticsearch] INFO: POST http://elasticsearch:9200/top/_doc/4493 [status:200 request:0.018s]
2019-12-12 13:57:35 [elasticsearch] DEBUG: > {"title":"值友专享 : 京东金融银行+存款产品","description_content":"年化收益4.1%起，送8%加息券+16元现金红包","update_at":1576159055499}
2019-12-12 13:57:35 [elasticsearch] DEBUG: < {"_index":"top","_type":"_doc","_id":"4493","_version":82,"result":"updated","_shards":{"total":2,"successful":1,"failed":0},"_seq_no":111914,"_primary_term":1}
2019-12-12 13:57:35 [urllib3.connectionpool] DEBUG: Starting new HTTP connection (1): elasticsearch:9200
2019-12-12 13:57:35 [urllib3.connectionpool] DEBUG: http://elasticsearch:9200 "HEAD /top HTTP/1.1" 200 0
2019-12-12 13:57:35 [elasticsearch] INFO: HEAD http://elasticsearch:9200/top [status:200 request:0.002s]
2019-12-12 13:57:35 [elasticsearch] DEBUG: > None
2019-12-12 13:57:35 [elasticsearch] DEBUG: < 
2019-12-12 13:57:35 [urllib3.connectionpool] DEBUG: Starting new HTTP connection (1): elasticsearch:9200
2019-12-12 13:57:35 [urllib3.connectionpool] DEBUG: http://elasticsearch:9200 "POST /top/_doc/4920 HTTP/1.1" 200 159
2019-12-12 13:57:35 [elasticsearch] INFO: POST http://elasticsearch:9200/top/_doc/4920 [status:200 request:0.019s]
2019-12-12 13:57:35 [elasticsearch] DEBUG: > {"title":"促销活动 : 亚马逊海外购 Clarks 超值年终大促","description_content":"经典款鞋靴年终降价","update_at":1576159055499}
2019-12-12 13:57:35 [elasticsearch] DEBUG: < {"_index":"top","_type":"_doc","_id":"4920","_version":7,"result":"updated","_shards":{"total":2,"successful":1,"failed":0},"_seq_no":111915,"_primary_term":1}
2019-12-12 13:57:35 [urllib3.connectionpool] DEBUG: http://elasticsearch:9200 "HEAD /top HTTP/1.1" 200 0
2019-12-12 13:57:35 [elasticsearch] INFO: HEAD http://elasticsearch:9200/top [status:200 request:0.002s]
2019-12-12 13:57:35 [elasticsearch] DEBUG: > None
2019-12-12 13:57:35 [elasticsearch] DEBUG: < 
2019-12-12 13:57:35 [urllib3.connectionpool] DEBUG: http://elasticsearch:9200 "POST /top/_doc/2520 HTTP/1.1" 200 161
2019-12-12 13:57:35 [elasticsearch] INFO: POST http://elasticsearch:9200/top/_doc/2520 [status:200 request:0.019s]
2019-12-12 13:57:35 [elasticsearch] DEBUG: > {"title":"评论有奖、促销活动 : 聚划算 12.12全年划算盛典 主会场","description_content":"大额神券，疯抢不停/12日更新：评论大牌好物，得百元猫超卡","update_at":1576159055499}
2019-12-12 13:57:35 [elasticsearch] DEBUG: < {"_index":"top","_type":"_doc","_id":"2520","_version":164,"result":"updated","_shards":{"total":2,"successful":1,"failed":0},"_seq_no":111916,"_primary_term":1}
2019-12-12 13:57:35 [urllib3.connectionpool] DEBUG: Starting new HTTP connection (1): elasticsearch:9200
2019-12-12 13:57:35 [urllib3.connectionpool] DEBUG: http://elasticsearch:9200 "HEAD /top HTTP/1.1" 200 0
2019-12-12 13:57:35 [elasticsearch] INFO: HEAD http://elasticsearch:9200/top [status:200 request:0.002s]
2019-12-12 13:57:35 [elasticsearch] DEBUG: > None
2019-12-12 13:57:35 [elasticsearch] DEBUG: < 
2019-12-12 13:57:35 [urllib3.connectionpool] DEBUG: http://elasticsearch:9200 "POST /top/_doc/2529 HTTP/1.1" 200 161
2019-12-12 13:57:35 [elasticsearch] INFO: POST http://elasticsearch:9200/top/_doc/2529 [status:200 request:0.019s]
2019-12-12 13:57:35 [elasticsearch] DEBUG: > {"title":"优惠券码 : 京东商城 自营晨光文具 满258-40元优惠券","description_content":"满218-30/满258-40","update_at":1576159055499}
2019-12-12 13:57:35 [elasticsearch] DEBUG: < {"_index":"top","_type":"_doc","_id":"2529","_version":147,"result":"updated","_shards":{"total":2,"successful":1,"failed":0},"_seq_no":111917,"_primary_term":1}
2019-12-12 13:57:35 [urllib3.connectionpool] DEBUG: Starting new HTTP connection (1): elasticsearch:9200
2019-12-12 13:57:35 [urllib3.connectionpool] DEBUG: http://elasticsearch:9200 "HEAD /top HTTP/1.1" 200 0
2019-12-12 13:57:35 [elasticsearch] INFO: HEAD http://elasticsearch:9200/top [status:200 request:0.002s]
2019-12-12 13:57:35 [elasticsearch] DEBUG: > None
2019-12-12 13:57:35 [elasticsearch] DEBUG: < 
2019-12-12 13:57:35 [urllib3.connectionpool] DEBUG: http://elasticsearch:9200 "POST /top/_doc/3195 HTTP/1.1" 200 161
2019-12-12 13:57:35 [elasticsearch] INFO: POST http://elasticsearch:9200/top/_doc/3195 [status:200 request:0.017s]
2019-12-12 13:57:35 [elasticsearch] DEBUG: > {"title":"12日必看 : 全网绝对值&史低爆发，年终最后一波！","description_content":"iPhone XS Max绝对值5699元，Apple Watch Series 5手表2499元","update_at":1576159055499}
2019-12-12 13:57:35 [elasticsearch] DEBUG: < {"_index":"top","_type":"_doc","_id":"3195","_version":152,"result":"updated","_shards":{"total":2,"successful":1,"failed":0},"_seq_no":111918,"_primary_term":1}
2019-12-12 13:57:35 [urllib3.connectionpool] DEBUG: http://elasticsearch:9200 "POST /top/_doc/2531 HTTP/1.1" 200 161
2019-12-12 13:57:35 [elasticsearch] INFO: POST http://elasticsearch:9200/top/_doc/2531 [status:200 request:0.017s]
2019-12-12 13:57:35 [elasticsearch] DEBUG: > {"title":"促销活动 : 苏宁国际 1212全球年终盛典 主会场","description_content":"进口爆款4件68折，10点抢199减110专享券","update_at":1576159055499}
2019-12-12 13:57:35 [elasticsearch] DEBUG: < {"_index":"top","_type":"_doc","_id":"2531","_version":127,"result":"updated","_shards":{"total":2,"successful":1,"failed":0},"_seq_no":111919,"_primary_term":1}
2019-12-12 13:57:35 [urllib3.connectionpool] DEBUG: http://elasticsearch:9200 "POST /top/_doc/4515 HTTP/1.1" 200 160
2019-12-12 13:57:35 [elasticsearch] INFO: POST http://elasticsearch:9200/top/_doc/4515 [status:200 request:0.015s]
2019-12-12 13:57:35 [elasticsearch] DEBUG: > {"title":"白菜党 :  双12白菜汇总 服饰个护攻略","description_content":"白菜服饰全攻略~","update_at":1576159055499}
2019-12-12 13:57:35 [elasticsearch] DEBUG: < {"_index":"top","_type":"_doc","_id":"4515","_version":83,"result":"updated","_shards":{"total":2,"successful":1,"failed":0},"_seq_no":111920,"_primary_term":1}
2019-12-12 13:57:35 [urllib3.connectionpool] DEBUG: http://elasticsearch:9200 "POST /top/_doc/2533 HTTP/1.1" 200 160
2019-12-12 13:57:35 [elasticsearch] INFO: POST http://elasticsearch:9200/top/_doc/2533 [status:200 request:0.013s]
2019-12-12 13:57:35 [elasticsearch] DEBUG: > {"title":"优惠券码 : 京东商城 非自营文具 满99-30元优惠券","description_content":"百乐、国誉等均可使用","update_at":1576159055499}
2019-12-12 13:57:35 [elasticsearch] DEBUG: < {"_index":"top","_type":"_doc","_id":"2533","_version":75,"result":"updated","_shards":{"total":2,"successful":1,"failed":0},"_seq_no":111921,"_primary_term":1}
