2019-12-12 13:46:38 [scrapy.utils.log] INFO: Scrapy 1.7.4 started (bot: spider_tophub)
2019-12-12 13:46:38 [scrapy.utils.log] INFO: Versions: lxml 4.4.1.0, libxml2 2.9.9, cssselect 1.1.0, parsel 1.5.2, w3lib 1.21.0, Twisted 19.7.0, Python 3.7.5 (default, Nov 23 2019, 05:59:34) - [GCC 8.3.0], pyOpenSSL 19.0.0 (OpenSSL 1.1.1d  10 Sep 2019), cryptography 2.8, Platform Linux-3.10.0-1062.1.2.el7.x86_64-x86_64-with-debian-10.2
2019-12-12 13:46:38 [scrapy.crawler] INFO: Overridden settings: {'BOT_NAME': 'spider_tophub', 'DOWNLOAD_DELAY': 1, 'LOG_FILE': 'logs/spider_tophub/smzdm_haowen/81d44aa81ce511ea831a0242ac1c0004.log', 'NEWSPIDER_MODULE': 'spider_tophub.spiders', 'ROBOTSTXT_OBEY': True, 'SPIDER_MODULES': ['spider_tophub.spiders'], 'USER_AGENT': 'Mozilla/5.0 (Windows NT 10.0; Win64; x64) AppleWebKit/537.36 (KHTML, like Gecko) Chrome/77.0.3865.120 Safari/537.36'}
2019-12-12 13:46:38 [scrapy.extensions.telnet] INFO: Telnet Password: 57c18934539a6062
2019-12-12 13:46:38 [scrapy.middleware] INFO: Enabled extensions:
['scrapy.extensions.corestats.CoreStats',
 'scrapy.extensions.telnet.TelnetConsole',
 'scrapy.extensions.memusage.MemoryUsage',
 'scrapy.extensions.logstats.LogStats']
2019-12-12 13:46:38 [scrapy.middleware] INFO: Enabled downloader middlewares:
['scrapy.downloadermiddlewares.robotstxt.RobotsTxtMiddleware',
 'scrapy.downloadermiddlewares.httpauth.HttpAuthMiddleware',
 'scrapy.downloadermiddlewares.downloadtimeout.DownloadTimeoutMiddleware',
 'scrapy.downloadermiddlewares.defaultheaders.DefaultHeadersMiddleware',
 'scrapy.downloadermiddlewares.useragent.UserAgentMiddleware',
 'scrapy.downloadermiddlewares.retry.RetryMiddleware',
 'scrapy.downloadermiddlewares.redirect.MetaRefreshMiddleware',
 'scrapy.downloadermiddlewares.httpcompression.HttpCompressionMiddleware',
 'scrapy.downloadermiddlewares.redirect.RedirectMiddleware',
 'scrapy.downloadermiddlewares.cookies.CookiesMiddleware',
 'scrapy.downloadermiddlewares.httpproxy.HttpProxyMiddleware',
 'scrapy.downloadermiddlewares.stats.DownloaderStats']
2019-12-12 13:46:38 [scrapy.middleware] INFO: Enabled spider middlewares:
['scrapy.spidermiddlewares.httperror.HttpErrorMiddleware',
 'scrapy.spidermiddlewares.offsite.OffsiteMiddleware',
 'scrapy.spidermiddlewares.referer.RefererMiddleware',
 'scrapy.spidermiddlewares.urllength.UrlLengthMiddleware',
 'scrapy.spidermiddlewares.depth.DepthMiddleware']
2019-12-12 13:46:38 [scrapy.middleware] INFO: Enabled item pipelines:
['spider_tophub.pipelines.MysqlTwistedPipeline']
2019-12-12 13:46:38 [scrapy.core.engine] INFO: Spider opened
2019-12-12 13:46:38 [scrapy.extensions.logstats] INFO: Crawled 0 pages (at 0 pages/min), scraped 0 items (at 0 items/min)
2019-12-12 13:46:38 [scrapy.extensions.telnet] INFO: Telnet console listening on 127.0.0.1:6023
2019-12-12 13:46:39 [scrapy.core.engine] DEBUG: Crawled (200) <GET https://post.smzdm.com/robots.txt> (referer: None)
2019-12-12 13:46:40 [scrapy.core.engine] DEBUG: Crawled (200) <GET https://post.smzdm.com/hot_1/> (referer: None)
2019-12-12 13:46:40 [scrapy.core.scraper] DEBUG: Scraped from <200 https://post.smzdm.com/hot_1/>
None
2019-12-12 13:46:40 [scrapy.core.scraper] DEBUG: Scraped from <200 https://post.smzdm.com/hot_1/>
None
2019-12-12 13:46:40 [scrapy.core.scraper] DEBUG: Scraped from <200 https://post.smzdm.com/hot_1/>
None
2019-12-12 13:46:40 [scrapy.core.scraper] DEBUG: Scraped from <200 https://post.smzdm.com/hot_1/>
None
2019-12-12 13:46:40 [scrapy.core.scraper] DEBUG: Scraped from <200 https://post.smzdm.com/hot_1/>
None
2019-12-12 13:46:40 [scrapy.core.scraper] DEBUG: Scraped from <200 https://post.smzdm.com/hot_1/>
None
2019-12-12 13:46:40 [scrapy.core.scraper] DEBUG: Scraped from <200 https://post.smzdm.com/hot_1/>
None
2019-12-12 13:46:40 [scrapy.core.scraper] DEBUG: Scraped from <200 https://post.smzdm.com/hot_1/>
None
2019-12-12 13:46:40 [scrapy.core.scraper] DEBUG: Scraped from <200 https://post.smzdm.com/hot_1/>
None
2019-12-12 13:46:40 [scrapy.core.scraper] DEBUG: Scraped from <200 https://post.smzdm.com/hot_1/>
None
2019-12-12 13:46:40 [scrapy.core.scraper] DEBUG: Scraped from <200 https://post.smzdm.com/hot_1/>
None
2019-12-12 13:46:40 [scrapy.core.scraper] DEBUG: Scraped from <200 https://post.smzdm.com/hot_1/>
None
2019-12-12 13:46:40 [scrapy.core.scraper] DEBUG: Scraped from <200 https://post.smzdm.com/hot_1/>
None
2019-12-12 13:46:40 [scrapy.core.scraper] DEBUG: Scraped from <200 https://post.smzdm.com/hot_1/>
None
2019-12-12 13:46:40 [scrapy.core.scraper] DEBUG: Scraped from <200 https://post.smzdm.com/hot_1/>
None
2019-12-12 13:46:40 [scrapy.core.scraper] DEBUG: Scraped from <200 https://post.smzdm.com/hot_1/>
None
2019-12-12 13:46:40 [scrapy.core.scraper] DEBUG: Scraped from <200 https://post.smzdm.com/hot_1/>
None
2019-12-12 13:46:40 [scrapy.core.scraper] DEBUG: Scraped from <200 https://post.smzdm.com/hot_1/>
None
2019-12-12 13:46:40 [scrapy.core.scraper] DEBUG: Scraped from <200 https://post.smzdm.com/hot_1/>
None
2019-12-12 13:46:40 [scrapy.core.scraper] DEBUG: Scraped from <200 https://post.smzdm.com/hot_1/>
None
2019-12-12 13:46:40 [scrapy.core.scraper] DEBUG: Scraped from <200 https://post.smzdm.com/hot_1/>
None
2019-12-12 13:46:40 [scrapy.core.scraper] DEBUG: Scraped from <200 https://post.smzdm.com/hot_1/>
None
2019-12-12 13:46:40 [scrapy.core.scraper] DEBUG: Scraped from <200 https://post.smzdm.com/hot_1/>
None
2019-12-12 13:46:40 [scrapy.core.scraper] DEBUG: Scraped from <200 https://post.smzdm.com/hot_1/>
None
2019-12-12 13:46:40 [scrapy.core.engine] INFO: Closing spider (finished)
2019-12-12 13:46:40 [scrapy.statscollectors] INFO: Dumping Scrapy stats:
{'downloader/request_bytes': 691,
 'downloader/request_count': 2,
 'downloader/request_method_count/GET': 2,
 'downloader/response_bytes': 34835,
 'downloader/response_count': 2,
 'downloader/response_status_count/200': 2,
 'elapsed_time_seconds': 1.738913,
 'finish_reason': 'finished',
 'finish_time': datetime.datetime(2019, 12, 12, 13, 46, 40, 606692),
 'item_scraped_count': 24,
 'log_count/DEBUG': 26,
 'log_count/INFO': 10,
 'memusage/max': 57237504,
 'memusage/startup': 57237504,
 'response_received_count': 2,
 'robotstxt/request_count': 1,
 'robotstxt/response_count': 1,
 'robotstxt/response_status_count/200': 1,
 'scheduler/dequeued': 1,
 'scheduler/dequeued/memory': 1,
 'scheduler/enqueued': 1,
 'scheduler/enqueued/memory': 1,
 'start_time': datetime.datetime(2019, 12, 12, 13, 46, 38, 867779)}
2019-12-12 13:46:40 [scrapy.core.engine] INFO: Spider closed (finished)
2019-12-12 13:46:40 [urllib3.connectionpool] DEBUG: Starting new HTTP connection (1): elasticsearch:9200
2019-12-12 13:46:40 [urllib3.connectionpool] DEBUG: Starting new HTTP connection (1): elasticsearch:9200
2019-12-12 13:46:40 [urllib3.connectionpool] DEBUG: Starting new HTTP connection (1): elasticsearch:9200
2019-12-12 13:46:40 [urllib3.connectionpool] DEBUG: Starting new HTTP connection (1): elasticsearch:9200
2019-12-12 13:46:40 [urllib3.connectionpool] DEBUG: http://elasticsearch:9200 "HEAD /top HTTP/1.1" 200 0
2019-12-12 13:46:40 [elasticsearch] INFO: HEAD http://elasticsearch:9200/top [status:200 request:0.007s]
2019-12-12 13:46:40 [elasticsearch] DEBUG: > None
2019-12-12 13:46:40 [elasticsearch] DEBUG: < 
2019-12-12 13:46:40 [urllib3.connectionpool] DEBUG: http://elasticsearch:9200 "HEAD /top HTTP/1.1" 200 0
2019-12-12 13:46:40 [elasticsearch] INFO: HEAD http://elasticsearch:9200/top [status:200 request:0.008s]
2019-12-12 13:46:40 [elasticsearch] DEBUG: > None
2019-12-12 13:46:40 [elasticsearch] DEBUG: < 
2019-12-12 13:46:40 [urllib3.connectionpool] DEBUG: http://elasticsearch:9200 "HEAD /top HTTP/1.1" 200 0
2019-12-12 13:46:40 [elasticsearch] INFO: HEAD http://elasticsearch:9200/top [status:200 request:0.010s]
2019-12-12 13:46:40 [elasticsearch] DEBUG: > None
2019-12-12 13:46:40 [elasticsearch] DEBUG: < 
2019-12-12 13:46:40 [urllib3.connectionpool] DEBUG: http://elasticsearch:9200 "HEAD /top HTTP/1.1" 200 0
2019-12-12 13:46:40 [elasticsearch] INFO: HEAD http://elasticsearch:9200/top [status:200 request:0.006s]
2019-12-12 13:46:40 [elasticsearch] DEBUG: > None
2019-12-12 13:46:40 [elasticsearch] DEBUG: < 
2019-12-12 13:46:40 [urllib3.connectionpool] DEBUG: Starting new HTTP connection (1): elasticsearch:9200
2019-12-12 13:46:40 [urllib3.connectionpool] DEBUG: http://elasticsearch:9200 "HEAD /top HTTP/1.1" 200 0
2019-12-12 13:46:40 [elasticsearch] INFO: HEAD http://elasticsearch:9200/top [status:200 request:0.002s]
2019-12-12 13:46:40 [elasticsearch] DEBUG: > None
2019-12-12 13:46:40 [elasticsearch] DEBUG: < 
2019-12-12 13:46:40 [urllib3.connectionpool] DEBUG: http://elasticsearch:9200 "POST /top/_doc/4366 HTTP/1.1" 200 159
2019-12-12 13:46:40 [elasticsearch] INFO: POST http://elasticsearch:9200/top/_doc/4366 [status:200 request:0.016s]
2019-12-12 13:46:40 [elasticsearch] DEBUG: > {"title":"值无不言158期：成为一名垃圾佬，会得到什么？折腾矿渣年终总结！","description_content":null,"update_at":1576158400575}
2019-12-12 13:46:40 [elasticsearch] DEBUG: < {"_index":"top","_type":"_doc","_id":"4366","_version":6,"result":"updated","_shards":{"total":2,"successful":1,"failed":0},"_seq_no":109263,"_primary_term":1}
2019-12-12 13:46:40 [urllib3.connectionpool] DEBUG: http://elasticsearch:9200 "POST /top/_doc/3285 HTTP/1.1" 200 159
2019-12-12 13:46:40 [elasticsearch] INFO: POST http://elasticsearch:9200/top/_doc/3285 [status:200 request:0.019s]
2019-12-12 13:46:40 [elasticsearch] DEBUG: > {"title":"水电煤/话费充值/寄快递、出行打车/机票/旅行统统有活动，银联12.12全民回报节（下篇）","description_content":null,"update_at":1576158400575}
2019-12-12 13:46:40 [elasticsearch] DEBUG: < {"_index":"top","_type":"_doc","_id":"3285","_version":8,"result":"updated","_shards":{"total":2,"successful":1,"failed":0},"_seq_no":109264,"_primary_term":1}
2019-12-12 13:46:40 [urllib3.connectionpool] DEBUG: Starting new HTTP connection (1): elasticsearch:9200
2019-12-12 13:46:40 [urllib3.connectionpool] DEBUG: http://elasticsearch:9200 "HEAD /top HTTP/1.1" 200 0
2019-12-12 13:46:40 [elasticsearch] INFO: HEAD http://elasticsearch:9200/top [status:200 request:0.002s]
2019-12-12 13:46:40 [elasticsearch] DEBUG: > None
2019-12-12 13:46:40 [elasticsearch] DEBUG: < 
2019-12-12 13:46:40 [urllib3.connectionpool] DEBUG: http://elasticsearch:9200 "POST /top/_doc/3287 HTTP/1.1" 200 159
2019-12-12 13:46:40 [elasticsearch] INFO: POST http://elasticsearch:9200/top/_doc/3287 [status:200 request:0.029s]
2019-12-12 13:46:40 [elasticsearch] DEBUG: > {"title":"健身知识 篇十五：男靠强度，女靠次数——关于减脂的3个小常识","description_content":null,"update_at":1576158400575}
2019-12-12 13:46:40 [elasticsearch] DEBUG: < {"_index":"top","_type":"_doc","_id":"3287","_version":8,"result":"updated","_shards":{"total":2,"successful":1,"failed":0},"_seq_no":109265,"_primary_term":1}
2019-12-12 13:46:40 [urllib3.connectionpool] DEBUG: Starting new HTTP connection (1): elasticsearch:9200
2019-12-12 13:46:40 [urllib3.connectionpool] DEBUG: http://elasticsearch:9200 "HEAD /top HTTP/1.1" 200 0
2019-12-12 13:46:40 [elasticsearch] INFO: HEAD http://elasticsearch:9200/top [status:200 request:0.002s]
2019-12-12 13:46:40 [elasticsearch] DEBUG: > None
2019-12-12 13:46:40 [elasticsearch] DEBUG: < 
2019-12-12 13:46:40 [urllib3.connectionpool] DEBUG: http://elasticsearch:9200 "POST /top/_doc/3293 HTTP/1.1" 200 159
2019-12-12 13:46:40 [elasticsearch] INFO: POST http://elasticsearch:9200/top/_doc/3293 [status:200 request:0.034s]
2019-12-12 13:46:40 [elasticsearch] DEBUG: > {"title":"日方败诉：无印良品商标之争尘埃落定，网上店铺已完成整改~","description_content":null,"update_at":1576158400575}
2019-12-12 13:46:40 [elasticsearch] DEBUG: < {"_index":"top","_type":"_doc","_id":"3293","_version":8,"result":"updated","_shards":{"total":2,"successful":1,"failed":0},"_seq_no":109266,"_primary_term":1}
2019-12-12 13:46:40 [urllib3.connectionpool] DEBUG: Starting new HTTP connection (1): elasticsearch:9200
2019-12-12 13:46:40 [urllib3.connectionpool] DEBUG: http://elasticsearch:9200 "HEAD /top HTTP/1.1" 200 0
2019-12-12 13:46:40 [elasticsearch] INFO: HEAD http://elasticsearch:9200/top [status:200 request:0.002s]
2019-12-12 13:46:40 [elasticsearch] DEBUG: > None
2019-12-12 13:46:40 [elasticsearch] DEBUG: < 
2019-12-12 13:46:40 [urllib3.connectionpool] DEBUG: http://elasticsearch:9200 "POST /top/_doc/4598 HTTP/1.1" 200 159
2019-12-12 13:46:40 [elasticsearch] INFO: POST http://elasticsearch:9200/top/_doc/4598 [status:200 request:0.036s]
2019-12-12 13:46:40 [elasticsearch] DEBUG: > {"title":"喜加一、再加一！GOG限时免费领取《废土》1+2","description_content":null,"update_at":1576158400575}
2019-12-12 13:46:40 [elasticsearch] DEBUG: < {"_index":"top","_type":"_doc","_id":"4598","_version":4,"result":"updated","_shards":{"total":2,"successful":1,"failed":0},"_seq_no":109267,"_primary_term":1}
2019-12-12 13:46:40 [urllib3.connectionpool] DEBUG: Starting new HTTP connection (1): elasticsearch:9200
2019-12-12 13:46:40 [urllib3.connectionpool] DEBUG: http://elasticsearch:9200 "HEAD /top HTTP/1.1" 200 0
2019-12-12 13:46:40 [elasticsearch] INFO: HEAD http://elasticsearch:9200/top [status:200 request:0.002s]
2019-12-12 13:46:40 [elasticsearch] DEBUG: > None
2019-12-12 13:46:40 [elasticsearch] DEBUG: < 
2019-12-12 13:46:40 [urllib3.connectionpool] DEBUG: http://elasticsearch:9200 "POST /top/_doc/3301 HTTP/1.1" 200 159
2019-12-12 13:46:40 [elasticsearch] INFO: POST http://elasticsearch:9200/top/_doc/3301 [status:200 request:0.025s]
2019-12-12 13:46:40 [elasticsearch] DEBUG: > {"title":"全国无限距离对讲：小米有品众筹上架 极蜂智能网络对讲机","description_content":null,"update_at":1576158400575}
2019-12-12 13:46:40 [elasticsearch] DEBUG: < {"_index":"top","_type":"_doc","_id":"3301","_version":8,"result":"updated","_shards":{"total":2,"successful":1,"failed":0},"_seq_no":109268,"_primary_term":1}
2019-12-12 13:46:40 [urllib3.connectionpool] DEBUG: Starting new HTTP connection (1): elasticsearch:9200
2019-12-12 13:46:40 [urllib3.connectionpool] DEBUG: http://elasticsearch:9200 "HEAD /top HTTP/1.1" 200 0
2019-12-12 13:46:40 [elasticsearch] INFO: HEAD http://elasticsearch:9200/top [status:200 request:0.002s]
2019-12-12 13:46:40 [elasticsearch] DEBUG: > None
2019-12-12 13:46:40 [elasticsearch] DEBUG: < 
2019-12-12 13:46:40 [urllib3.connectionpool] DEBUG: Starting new HTTP connection (1): elasticsearch:9200
2019-12-12 13:46:40 [urllib3.connectionpool] DEBUG: http://elasticsearch:9200 "HEAD /top HTTP/1.1" 200 0
2019-12-12 13:46:40 [elasticsearch] INFO: HEAD http://elasticsearch:9200/top [status:200 request:0.002s]
2019-12-12 13:46:40 [elasticsearch] DEBUG: > None
2019-12-12 13:46:40 [elasticsearch] DEBUG: < 
2019-12-12 13:46:40 [urllib3.connectionpool] DEBUG: http://elasticsearch:9200 "POST /top/_doc/3299 HTTP/1.1" 200 159
2019-12-12 13:46:40 [elasticsearch] INFO: POST http://elasticsearch:9200/top/_doc/3299 [status:200 request:0.028s]
2019-12-12 13:46:40 [elasticsearch] DEBUG: > {"title":"平均月销80万+！15款淘宝上鲜为人知的小众品牌，一半没吃过...","description_content":null,"update_at":1576158400575}
2019-12-12 13:46:40 [elasticsearch] DEBUG: < {"_index":"top","_type":"_doc","_id":"3299","_version":8,"result":"updated","_shards":{"total":2,"successful":1,"failed":0},"_seq_no":109269,"_primary_term":1}
2019-12-12 13:46:40 [urllib3.connectionpool] DEBUG: http://elasticsearch:9200 "POST /top/_doc/4500 HTTP/1.1" 200 159
2019-12-12 13:46:40 [elasticsearch] INFO: POST http://elasticsearch:9200/top/_doc/4500 [status:200 request:0.024s]
2019-12-12 13:46:40 [elasticsearch] DEBUG: > {"title":"相见恨晚 篇四：听说你要看名著？99本精神食粮，书单收藏备用","description_content":null,"update_at":1576158400575}
2019-12-12 13:46:40 [elasticsearch] DEBUG: < {"_index":"top","_type":"_doc","_id":"4500","_version":5,"result":"updated","_shards":{"total":2,"successful":1,"failed":0},"_seq_no":109270,"_primary_term":1}
2019-12-12 13:46:40 [urllib3.connectionpool] DEBUG: Starting new HTTP connection (1): elasticsearch:9200
2019-12-12 13:46:40 [urllib3.connectionpool] DEBUG: http://elasticsearch:9200 "HEAD /top HTTP/1.1" 200 0
2019-12-12 13:46:40 [elasticsearch] INFO: HEAD http://elasticsearch:9200/top [status:200 request:0.002s]
2019-12-12 13:46:40 [elasticsearch] DEBUG: > None
2019-12-12 13:46:40 [elasticsearch] DEBUG: < 
2019-12-12 13:46:40 [urllib3.connectionpool] DEBUG: http://elasticsearch:9200 "POST /top/_doc/4720 HTTP/1.1" 200 159
2019-12-12 13:46:40 [elasticsearch] INFO: POST http://elasticsearch:9200/top/_doc/4720 [status:200 request:0.023s]
2019-12-12 13:46:40 [elasticsearch] DEBUG: > {"title":"7位生活家15篇适合烘焙自学者阅读的经验文章，手把手入门，想自学烘焙的朋友我只能帮到这了","description_content":null,"update_at":1576158400575}
2019-12-12 13:46:40 [elasticsearch] DEBUG: < {"_index":"top","_type":"_doc","_id":"4720","_version":3,"result":"updated","_shards":{"total":2,"successful":1,"failed":0},"_seq_no":109271,"_primary_term":1}
2019-12-12 13:46:40 [urllib3.connectionpool] DEBUG: Starting new HTTP connection (1): elasticsearch:9200
2019-12-12 13:46:40 [urllib3.connectionpool] DEBUG: http://elasticsearch:9200 "HEAD /top HTTP/1.1" 200 0
2019-12-12 13:46:40 [elasticsearch] INFO: HEAD http://elasticsearch:9200/top [status:200 request:0.002s]
2019-12-12 13:46:40 [elasticsearch] DEBUG: > None
2019-12-12 13:46:40 [elasticsearch] DEBUG: < 
2019-12-12 13:46:40 [urllib3.connectionpool] DEBUG: Starting new HTTP connection (1): elasticsearch:9200
2019-12-12 13:46:40 [urllib3.connectionpool] DEBUG: http://elasticsearch:9200 "HEAD /top HTTP/1.1" 200 0
2019-12-12 13:46:40 [elasticsearch] INFO: HEAD http://elasticsearch:9200/top [status:200 request:0.002s]
2019-12-12 13:46:40 [elasticsearch] DEBUG: > None
2019-12-12 13:46:40 [elasticsearch] DEBUG: < 
2019-12-12 13:46:40 [urllib3.connectionpool] DEBUG: http://elasticsearch:9200 "POST /top/_doc/4840 HTTP/1.1" 200 159
2019-12-12 13:46:40 [elasticsearch] INFO: POST http://elasticsearch:9200/top/_doc/4840 [status:200 request:0.024s]
2019-12-12 13:46:40 [elasticsearch] DEBUG: > {"title":"装修太难了 篇九：近万字干货——搞定无主灯光、开关插座、水电布局","description_content":null,"update_at":1576158400575}
2019-12-12 13:46:40 [elasticsearch] DEBUG: < {"_index":"top","_type":"_doc","_id":"4840","_version":2,"result":"updated","_shards":{"total":2,"successful":1,"failed":0},"_seq_no":109272,"_primary_term":1}
2019-12-12 13:46:40 [urllib3.connectionpool] DEBUG: http://elasticsearch:9200 "POST /top/_doc/4501 HTTP/1.1" 200 159
2019-12-12 13:46:40 [elasticsearch] INFO: POST http://elasticsearch:9200/top/_doc/4501 [status:200 request:0.025s]
2019-12-12 13:46:40 [elasticsearch] DEBUG: > {"title":"生吞了14款蛋黄酥，照着这份清单买就对了！","description_content":null,"update_at":1576158400575}
2019-12-12 13:46:40 [elasticsearch] DEBUG: < {"_index":"top","_type":"_doc","_id":"4501","_version":5,"result":"updated","_shards":{"total":2,"successful":1,"failed":0},"_seq_no":109273,"_primary_term":1}
2019-12-12 13:46:40 [urllib3.connectionpool] DEBUG: Starting new HTTP connection (1): elasticsearch:9200
2019-12-12 13:46:40 [urllib3.connectionpool] DEBUG: http://elasticsearch:9200 "HEAD /top HTTP/1.1" 200 0
2019-12-12 13:46:40 [elasticsearch] INFO: HEAD http://elasticsearch:9200/top [status:200 request:0.002s]
2019-12-12 13:46:40 [elasticsearch] DEBUG: > None
2019-12-12 13:46:40 [elasticsearch] DEBUG: < 
2019-12-12 13:46:40 [urllib3.connectionpool] DEBUG: http://elasticsearch:9200 "POST /top/_doc/3451 HTTP/1.1" 200 159
2019-12-12 13:46:40 [elasticsearch] INFO: POST http://elasticsearch:9200/top/_doc/3451 [status:200 request:0.020s]
2019-12-12 13:46:40 [elasticsearch] DEBUG: > {"title":"享受到不愿起身！小米有品上架护腰沙发，立体包裹更舒适","description_content":null,"update_at":1576158400575}
2019-12-12 13:46:40 [elasticsearch] DEBUG: < {"_index":"top","_type":"_doc","_id":"3451","_version":7,"result":"updated","_shards":{"total":2,"successful":1,"failed":0},"_seq_no":109274,"_primary_term":1}
2019-12-12 13:46:40 [urllib3.connectionpool] DEBUG: Starting new HTTP connection (1): elasticsearch:9200
2019-12-12 13:46:40 [urllib3.connectionpool] DEBUG: http://elasticsearch:9200 "HEAD /top HTTP/1.1" 200 0
2019-12-12 13:46:40 [elasticsearch] INFO: HEAD http://elasticsearch:9200/top [status:200 request:0.002s]
2019-12-12 13:46:40 [elasticsearch] DEBUG: > None
2019-12-12 13:46:40 [elasticsearch] DEBUG: < 
2019-12-12 13:46:40 [urllib3.connectionpool] DEBUG: http://elasticsearch:9200 "POST /top/_doc/3300 HTTP/1.1" 200 159
2019-12-12 13:46:40 [elasticsearch] INFO: POST http://elasticsearch:9200/top/_doc/3300 [status:200 request:0.022s]
2019-12-12 13:46:40 [elasticsearch] DEBUG: > {"title":"三亚带娃度假小白攻略（2019年底版）","description_content":null,"update_at":1576158400575}
2019-12-12 13:46:40 [elasticsearch] DEBUG: < {"_index":"top","_type":"_doc","_id":"3300","_version":8,"result":"updated","_shards":{"total":2,"successful":1,"failed":0},"_seq_no":109275,"_primary_term":1}
2019-12-12 13:46:40 [urllib3.connectionpool] DEBUG: Starting new HTTP connection (1): elasticsearch:9200
2019-12-12 13:46:40 [urllib3.connectionpool] DEBUG: http://elasticsearch:9200 "HEAD /top HTTP/1.1" 200 0
2019-12-12 13:46:40 [elasticsearch] INFO: HEAD http://elasticsearch:9200/top [status:200 request:0.002s]
2019-12-12 13:46:40 [elasticsearch] DEBUG: > None
2019-12-12 13:46:40 [elasticsearch] DEBUG: < 
2019-12-12 13:46:40 [urllib3.connectionpool] DEBUG: http://elasticsearch:9200 "POST /top/_doc/4504 HTTP/1.1" 200 159
2019-12-12 13:46:40 [elasticsearch] INFO: POST http://elasticsearch:9200/top/_doc/4504 [status:200 request:0.023s]
2019-12-12 13:46:40 [elasticsearch] DEBUG: > {"title":"收纳经验 篇六：收纳小而美不实用？——教你换季、囤货收纳如何做！","description_content":null,"update_at":1576158400575}
2019-12-12 13:46:40 [elasticsearch] DEBUG: < {"_index":"top","_type":"_doc","_id":"4504","_version":5,"result":"updated","_shards":{"total":2,"successful":1,"failed":0},"_seq_no":109276,"_primary_term":1}
2019-12-12 13:46:40 [urllib3.connectionpool] DEBUG: Starting new HTTP connection (1): elasticsearch:9200
2019-12-12 13:46:40 [urllib3.connectionpool] DEBUG: http://elasticsearch:9200 "HEAD /top HTTP/1.1" 200 0
2019-12-12 13:46:40 [elasticsearch] INFO: HEAD http://elasticsearch:9200/top [status:200 request:0.002s]
2019-12-12 13:46:40 [elasticsearch] DEBUG: > None
2019-12-12 13:46:40 [elasticsearch] DEBUG: < 
2019-12-12 13:46:40 [urllib3.connectionpool] DEBUG: Starting new HTTP connection (1): elasticsearch:9200
2019-12-12 13:46:40 [urllib3.connectionpool] DEBUG: http://elasticsearch:9200 "HEAD /top HTTP/1.1" 200 0
2019-12-12 13:46:40 [elasticsearch] INFO: HEAD http://elasticsearch:9200/top [status:200 request:0.002s]
2019-12-12 13:46:40 [elasticsearch] DEBUG: > None
2019-12-12 13:46:40 [elasticsearch] DEBUG: < 
2019-12-12 13:46:40 [urllib3.connectionpool] DEBUG: http://elasticsearch:9200 "POST /top/_doc/3304 HTTP/1.1" 200 159
2019-12-12 13:46:40 [elasticsearch] INFO: POST http://elasticsearch:9200/top/_doc/3304 [status:200 request:0.026s]
2019-12-12 13:46:40 [elasticsearch] DEBUG: > {"title":"年收益300元的躺赢羊毛？京东宠汪汪焕新解读！","description_content":null,"update_at":1576158400575}
2019-12-12 13:46:40 [elasticsearch] DEBUG: < {"_index":"top","_type":"_doc","_id":"3304","_version":8,"result":"updated","_shards":{"total":2,"successful":1,"failed":0},"_seq_no":109277,"_primary_term":1}
2019-12-12 13:46:40 [urllib3.connectionpool] DEBUG: http://elasticsearch:9200 "POST /top/_doc/3448 HTTP/1.1" 200 159
2019-12-12 13:46:40 [elasticsearch] INFO: POST http://elasticsearch:9200/top/_doc/3448 [status:200 request:0.025s]
2019-12-12 13:46:40 [elasticsearch] DEBUG: > {"title":"汽车保养：从发动机清洗到发动机大修","description_content":null,"update_at":1576158400575}
2019-12-12 13:46:40 [elasticsearch] DEBUG: < {"_index":"top","_type":"_doc","_id":"3448","_version":7,"result":"updated","_shards":{"total":2,"successful":1,"failed":0},"_seq_no":109278,"_primary_term":1}
2019-12-12 13:46:40 [urllib3.connectionpool] DEBUG: Starting new HTTP connection (1): elasticsearch:9200
2019-12-12 13:46:40 [urllib3.connectionpool] DEBUG: http://elasticsearch:9200 "HEAD /top HTTP/1.1" 200 0
2019-12-12 13:46:40 [elasticsearch] INFO: HEAD http://elasticsearch:9200/top [status:200 request:0.002s]
2019-12-12 13:46:40 [elasticsearch] DEBUG: > None
2019-12-12 13:46:40 [elasticsearch] DEBUG: < 
2019-12-12 13:46:40 [urllib3.connectionpool] DEBUG: http://elasticsearch:9200 "POST /top/_doc/4502 HTTP/1.1" 200 159
2019-12-12 13:46:40 [elasticsearch] INFO: POST http://elasticsearch:9200/top/_doc/4502 [status:200 request:0.025s]
2019-12-12 13:46:40 [elasticsearch] DEBUG: > {"title":"雷电3可以做什么？Intel豆子峡谷多场景应用测评体验","description_content":null,"update_at":1576158400575}
2019-12-12 13:46:40 [elasticsearch] DEBUG: < {"_index":"top","_type":"_doc","_id":"4502","_version":5,"result":"updated","_shards":{"total":2,"successful":1,"failed":0},"_seq_no":109279,"_primary_term":1}
2019-12-12 13:46:40 [urllib3.connectionpool] DEBUG: Starting new HTTP connection (1): elasticsearch:9200
2019-12-12 13:46:40 [urllib3.connectionpool] DEBUG: http://elasticsearch:9200 "HEAD /top HTTP/1.1" 200 0
2019-12-12 13:46:40 [elasticsearch] INFO: HEAD http://elasticsearch:9200/top [status:200 request:0.003s]
2019-12-12 13:46:40 [elasticsearch] DEBUG: > None
2019-12-12 13:46:40 [elasticsearch] DEBUG: < 
2019-12-12 13:46:40 [urllib3.connectionpool] DEBUG: http://elasticsearch:9200 "POST /top/_doc/4841 HTTP/1.1" 200 159
2019-12-12 13:46:40 [elasticsearch] INFO: POST http://elasticsearch:9200/top/_doc/4841 [status:200 request:0.024s]
2019-12-12 13:46:40 [elasticsearch] DEBUG: > {"title":"年终总结不用愁，个人年终总结思路与40个绝赞资源网站分享，速速收藏","description_content":null,"update_at":1576158400575}
2019-12-12 13:46:40 [elasticsearch] DEBUG: < {"_index":"top","_type":"_doc","_id":"4841","_version":2,"result":"updated","_shards":{"total":2,"successful":1,"failed":0},"_seq_no":109280,"_primary_term":1}
2019-12-12 13:46:40 [urllib3.connectionpool] DEBUG: Starting new HTTP connection (1): elasticsearch:9200
2019-12-12 13:46:40 [urllib3.connectionpool] DEBUG: http://elasticsearch:9200 "HEAD /top HTTP/1.1" 200 0
2019-12-12 13:46:40 [elasticsearch] INFO: HEAD http://elasticsearch:9200/top [status:200 request:0.002s]
2019-12-12 13:46:40 [elasticsearch] DEBUG: > None
2019-12-12 13:46:40 [elasticsearch] DEBUG: < 
2019-12-12 13:46:40 [urllib3.connectionpool] DEBUG: http://elasticsearch:9200 "POST /top/_doc/4929 HTTP/1.1" 201 159
2019-12-12 13:46:40 [elasticsearch] INFO: POST http://elasticsearch:9200/top/_doc/4929 [status:201 request:0.026s]
2019-12-12 13:46:40 [elasticsearch] DEBUG: > {"title":"测评尝遍17款网红拌饭酱，最推荐这几瓶！","description_content":null,"update_at":1576158400575}
2019-12-12 13:46:40 [elasticsearch] DEBUG: < {"_index":"top","_type":"_doc","_id":"4929","_version":1,"result":"created","_shards":{"total":2,"successful":1,"failed":0},"_seq_no":109281,"_primary_term":1}
2019-12-12 13:46:40 [urllib3.connectionpool] DEBUG: Starting new HTTP connection (1): elasticsearch:9200
2019-12-12 13:46:40 [urllib3.connectionpool] DEBUG: http://elasticsearch:9200 "HEAD /top HTTP/1.1" 200 0
2019-12-12 13:46:40 [elasticsearch] INFO: HEAD http://elasticsearch:9200/top [status:200 request:0.002s]
2019-12-12 13:46:40 [elasticsearch] DEBUG: > None
2019-12-12 13:46:40 [elasticsearch] DEBUG: < 
2019-12-12 13:46:40 [urllib3.connectionpool] DEBUG: http://elasticsearch:9200 "POST /top/_doc/4930 HTTP/1.1" 201 159
2019-12-12 13:46:40 [elasticsearch] INFO: POST http://elasticsearch:9200/top/_doc/4930 [status:201 request:0.021s]
2019-12-12 13:46:40 [elasticsearch] DEBUG: > {"title":"带你看遍2019年新款热门行车记录仪","description_content":null,"update_at":1576158400575}
2019-12-12 13:46:40 [elasticsearch] DEBUG: < {"_index":"top","_type":"_doc","_id":"4930","_version":1,"result":"created","_shards":{"total":2,"successful":1,"failed":0},"_seq_no":109282,"_primary_term":1}
2019-12-12 13:46:40 [urllib3.connectionpool] DEBUG: Starting new HTTP connection (1): elasticsearch:9200
2019-12-12 13:46:40 [urllib3.connectionpool] DEBUG: http://elasticsearch:9200 "HEAD /top HTTP/1.1" 200 0
2019-12-12 13:46:40 [elasticsearch] INFO: HEAD http://elasticsearch:9200/top [status:200 request:0.002s]
2019-12-12 13:46:40 [elasticsearch] DEBUG: > None
2019-12-12 13:46:40 [elasticsearch] DEBUG: < 
2019-12-12 13:46:40 [urllib3.connectionpool] DEBUG: http://elasticsearch:9200 "POST /top/_doc/4368 HTTP/1.1" 200 159
2019-12-12 13:46:40 [elasticsearch] INFO: POST http://elasticsearch:9200/top/_doc/4368 [status:200 request:0.018s]
2019-12-12 13:46:40 [elasticsearch] DEBUG: > {"title":"7个问题带你了解一款智能指纹锁是否具备高素质—TCL 物联网智能锁K5","description_content":null,"update_at":1576158400575}
2019-12-12 13:46:40 [elasticsearch] DEBUG: < {"_index":"top","_type":"_doc","_id":"4368","_version":6,"result":"updated","_shards":{"total":2,"successful":1,"failed":0},"_seq_no":109283,"_primary_term":1}
2019-12-12 13:46:40 [urllib3.connectionpool] DEBUG: http://elasticsearch:9200 "POST /top/_doc/4599 HTTP/1.1" 200 159
2019-12-12 13:46:40 [elasticsearch] INFO: POST http://elasticsearch:9200/top/_doc/4599 [status:200 request:0.017s]
2019-12-12 13:46:40 [elasticsearch] DEBUG: > {"title":"数码原动力 篇二十：超大号机顶盒Xbox One S德亚版在线视频软件篇新人项教程。","description_content":null,"update_at":1576158400575}
2019-12-12 13:46:40 [elasticsearch] DEBUG: < {"_index":"top","_type":"_doc","_id":"4599","_version":4,"result":"updated","_shards":{"total":2,"successful":1,"failed":0},"_seq_no":109284,"_primary_term":1}
2019-12-12 13:46:40 [urllib3.connectionpool] DEBUG: http://elasticsearch:9200 "POST /top/_doc/4503 HTTP/1.1" 200 159
2019-12-12 13:46:40 [elasticsearch] INFO: POST http://elasticsearch:9200/top/_doc/4503 [status:200 request:0.020s]
2019-12-12 13:46:40 [elasticsearch] DEBUG: > {"title":"日常省钱小经验 篇十七：碎片时间薅羊毛，积分红包一网打不尽，碎片羊毛第二弹来啦","description_content":null,"update_at":1576158400575}
2019-12-12 13:46:40 [elasticsearch] DEBUG: < {"_index":"top","_type":"_doc","_id":"4503","_version":5,"result":"updated","_shards":{"total":2,"successful":1,"failed":0},"_seq_no":109285,"_primary_term":1}
2019-12-12 13:46:40 [urllib3.connectionpool] DEBUG: http://elasticsearch:9200 "POST /top/_doc/4931 HTTP/1.1" 201 159
2019-12-12 13:46:40 [elasticsearch] INFO: POST http://elasticsearch:9200/top/_doc/4931 [status:201 request:0.020s]
2019-12-12 13:46:40 [elasticsearch] DEBUG: > {"title":"铲屎官福音：小米有品陪彼宠物健康智能定位器","description_content":null,"update_at":1576158400575}
2019-12-12 13:46:40 [elasticsearch] DEBUG: < {"_index":"top","_type":"_doc","_id":"4931","_version":1,"result":"created","_shards":{"total":2,"successful":1,"failed":0},"_seq_no":109286,"_primary_term":1}
