2019-12-12 13:57:18 [scrapy.utils.log] INFO: Scrapy 1.7.4 started (bot: spider_tophub)
2019-12-12 13:57:18 [scrapy.utils.log] INFO: Versions: lxml 4.4.1.0, libxml2 2.9.9, cssselect 1.1.0, parsel 1.5.2, w3lib 1.21.0, Twisted 19.7.0, Python 3.7.5 (default, Nov 23 2019, 05:59:34) - [GCC 8.3.0], pyOpenSSL 19.0.0 (OpenSSL 1.1.1d  10 Sep 2019), cryptography 2.8, Platform Linux-3.10.0-1062.1.2.el7.x86_64-x86_64-with-debian-10.2
2019-12-12 13:57:18 [scrapy.crawler] INFO: Overridden settings: {'BOT_NAME': 'spider_tophub', 'DOWNLOAD_DELAY': 1, 'LOG_FILE': 'logs/spider_tophub/pojie52_renqiremen/2ee7f9961ce711ea831a0242ac1c0004.log', 'NEWSPIDER_MODULE': 'spider_tophub.spiders', 'ROBOTSTXT_OBEY': True, 'SPIDER_MODULES': ['spider_tophub.spiders'], 'USER_AGENT': 'Mozilla/5.0 (Windows NT 10.0; Win64; x64) AppleWebKit/537.36 (KHTML, like Gecko) Chrome/77.0.3865.120 Safari/537.36'}
2019-12-12 13:57:18 [scrapy.extensions.telnet] INFO: Telnet Password: d4c5b456a7132678
2019-12-12 13:57:18 [scrapy.middleware] INFO: Enabled extensions:
['scrapy.extensions.corestats.CoreStats',
 'scrapy.extensions.telnet.TelnetConsole',
 'scrapy.extensions.memusage.MemoryUsage',
 'scrapy.extensions.logstats.LogStats']
2019-12-12 13:57:18 [scrapy.middleware] INFO: Enabled downloader middlewares:
['scrapy.downloadermiddlewares.robotstxt.RobotsTxtMiddleware',
 'scrapy.downloadermiddlewares.httpauth.HttpAuthMiddleware',
 'scrapy.downloadermiddlewares.downloadtimeout.DownloadTimeoutMiddleware',
 'scrapy.downloadermiddlewares.defaultheaders.DefaultHeadersMiddleware',
 'scrapy.downloadermiddlewares.useragent.UserAgentMiddleware',
 'scrapy.downloadermiddlewares.retry.RetryMiddleware',
 'scrapy.downloadermiddlewares.redirect.MetaRefreshMiddleware',
 'scrapy.downloadermiddlewares.httpcompression.HttpCompressionMiddleware',
 'scrapy.downloadermiddlewares.redirect.RedirectMiddleware',
 'scrapy.downloadermiddlewares.cookies.CookiesMiddleware',
 'scrapy.downloadermiddlewares.httpproxy.HttpProxyMiddleware',
 'scrapy.downloadermiddlewares.stats.DownloaderStats']
2019-12-12 13:57:18 [scrapy.middleware] INFO: Enabled spider middlewares:
['scrapy.spidermiddlewares.httperror.HttpErrorMiddleware',
 'scrapy.spidermiddlewares.offsite.OffsiteMiddleware',
 'scrapy.spidermiddlewares.referer.RefererMiddleware',
 'scrapy.spidermiddlewares.urllength.UrlLengthMiddleware',
 'scrapy.spidermiddlewares.depth.DepthMiddleware']
2019-12-12 13:57:18 [scrapy.middleware] INFO: Enabled item pipelines:
['spider_tophub.pipelines.MysqlTwistedPipeline']
2019-12-12 13:57:18 [scrapy.core.engine] INFO: Spider opened
2019-12-12 13:57:18 [scrapy.extensions.logstats] INFO: Crawled 0 pages (at 0 pages/min), scraped 0 items (at 0 items/min)
2019-12-12 13:57:18 [py.warnings] WARNING: /usr/local/lib/python3.7/site-packages/scrapy/spidermiddlewares/offsite.py:61: URLWarning: allowed_domains accepts only domains, not URLs. Ignoring URL entry https://www.52pojie.cn/ in allowed_domains.
  warnings.warn(message, URLWarning)

2019-12-12 13:57:18 [scrapy.extensions.telnet] INFO: Telnet console listening on 127.0.0.1:6023
2019-12-12 13:57:19 [scrapy.core.engine] DEBUG: Crawled (200) <GET https://www.52pojie.cn/robots.txt> (referer: None)
2019-12-12 13:57:20 [scrapy.core.engine] DEBUG: Crawled (200) <GET https://www.52pojie.cn/forum.php> (referer: None)
2019-12-12 13:57:20 [scrapy.core.scraper] DEBUG: Scraped from <200 https://www.52pojie.cn/forum.php>
None
2019-12-12 13:57:20 [scrapy.core.scraper] DEBUG: Scraped from <200 https://www.52pojie.cn/forum.php>
None
2019-12-12 13:57:20 [scrapy.core.scraper] DEBUG: Scraped from <200 https://www.52pojie.cn/forum.php>
None
2019-12-12 13:57:20 [scrapy.core.scraper] DEBUG: Scraped from <200 https://www.52pojie.cn/forum.php>
None
2019-12-12 13:57:20 [scrapy.core.scraper] DEBUG: Scraped from <200 https://www.52pojie.cn/forum.php>
None
2019-12-12 13:57:20 [scrapy.core.scraper] DEBUG: Scraped from <200 https://www.52pojie.cn/forum.php>
None
2019-12-12 13:57:20 [scrapy.core.scraper] DEBUG: Scraped from <200 https://www.52pojie.cn/forum.php>
None
2019-12-12 13:57:20 [scrapy.core.scraper] DEBUG: Scraped from <200 https://www.52pojie.cn/forum.php>
None
2019-12-12 13:57:20 [scrapy.core.scraper] DEBUG: Scraped from <200 https://www.52pojie.cn/forum.php>
None
2019-12-12 13:57:20 [scrapy.core.scraper] DEBUG: Scraped from <200 https://www.52pojie.cn/forum.php>
None
2019-12-12 13:57:20 [scrapy.core.engine] INFO: Closing spider (finished)
2019-12-12 13:57:20 [scrapy.statscollectors] INFO: Dumping Scrapy stats:
{'downloader/request_bytes': 607,
 'downloader/request_count': 2,
 'downloader/request_method_count/GET': 2,
 'downloader/response_bytes': 23933,
 'downloader/response_count': 2,
 'downloader/response_status_count/200': 2,
 'elapsed_time_seconds': 1.716646,
 'finish_reason': 'finished',
 'finish_time': datetime.datetime(2019, 12, 12, 13, 57, 20, 618022),
 'item_scraped_count': 10,
 'log_count/DEBUG': 12,
 'log_count/INFO': 10,
 'log_count/WARNING': 1,
 'memusage/max': 57249792,
 'memusage/startup': 57249792,
 'response_received_count': 2,
 'robotstxt/request_count': 1,
 'robotstxt/response_count': 1,
 'robotstxt/response_status_count/200': 1,
 'scheduler/dequeued': 1,
 'scheduler/dequeued/memory': 1,
 'scheduler/enqueued': 1,
 'scheduler/enqueued/memory': 1,
 'start_time': datetime.datetime(2019, 12, 12, 13, 57, 18, 901376)}
2019-12-12 13:57:20 [scrapy.core.engine] INFO: Spider closed (finished)
2019-12-12 13:57:20 [urllib3.connectionpool] DEBUG: Starting new HTTP connection (1): elasticsearch:9200
2019-12-12 13:57:20 [urllib3.connectionpool] DEBUG: Starting new HTTP connection (1): elasticsearch:9200
2019-12-12 13:57:20 [urllib3.connectionpool] DEBUG: Starting new HTTP connection (1): elasticsearch:9200
2019-12-12 13:57:20 [urllib3.connectionpool] DEBUG: Starting new HTTP connection (1): elasticsearch:9200
2019-12-12 13:57:20 [urllib3.connectionpool] DEBUG: http://elasticsearch:9200 "HEAD /top HTTP/1.1" 200 0
2019-12-12 13:57:20 [elasticsearch] INFO: HEAD http://elasticsearch:9200/top [status:200 request:0.007s]
2019-12-12 13:57:20 [elasticsearch] DEBUG: > None
2019-12-12 13:57:20 [elasticsearch] DEBUG: < 
2019-12-12 13:57:20 [urllib3.connectionpool] DEBUG: http://elasticsearch:9200 "HEAD /top HTTP/1.1" 200 0
2019-12-12 13:57:20 [elasticsearch] INFO: HEAD http://elasticsearch:9200/top [status:200 request:0.007s]
2019-12-12 13:57:20 [elasticsearch] DEBUG: > None
2019-12-12 13:57:20 [elasticsearch] DEBUG: < 
2019-12-12 13:57:20 [urllib3.connectionpool] DEBUG: http://elasticsearch:9200 "HEAD /top HTTP/1.1" 200 0
2019-12-12 13:57:20 [elasticsearch] INFO: HEAD http://elasticsearch:9200/top [status:200 request:0.009s]
2019-12-12 13:57:20 [elasticsearch] DEBUG: > None
2019-12-12 13:57:20 [elasticsearch] DEBUG: < 
2019-12-12 13:57:20 [urllib3.connectionpool] DEBUG: http://elasticsearch:9200 "HEAD /top HTTP/1.1" 200 0
2019-12-12 13:57:20 [elasticsearch] INFO: HEAD http://elasticsearch:9200/top [status:200 request:0.006s]
2019-12-12 13:57:20 [elasticsearch] DEBUG: > None
2019-12-12 13:57:20 [elasticsearch] DEBUG: < 
2019-12-12 13:57:20 [urllib3.connectionpool] DEBUG: Starting new HTTP connection (1): elasticsearch:9200
2019-12-12 13:57:20 [urllib3.connectionpool] DEBUG: http://elasticsearch:9200 "HEAD /top HTTP/1.1" 200 0
2019-12-12 13:57:20 [elasticsearch] INFO: HEAD http://elasticsearch:9200/top [status:200 request:0.002s]
2019-12-12 13:57:20 [elasticsearch] DEBUG: > None
2019-12-12 13:57:20 [elasticsearch] DEBUG: < 
2019-12-12 13:57:20 [urllib3.connectionpool] DEBUG: http://elasticsearch:9200 "POST /top/_doc/2462 HTTP/1.1" 200 161
2019-12-12 13:57:20 [elasticsearch] INFO: POST http://elasticsearch:9200/top/_doc/2462 [status:200 request:0.011s]
2019-12-12 13:57:20 [elasticsearch] DEBUG: > {"title":"[原创发布]备战双十二 解放双手一键秒杀 - 夏天","description_content":null,"update_at":1576159040603}
2019-12-12 13:57:20 [elasticsearch] DEBUG: < {"_index":"top","_type":"_doc","_id":"2462","_version":164,"result":"updated","_shards":{"total":2,"successful":1,"failed":0},"_seq_no":111864,"_primary_term":1}
2019-12-12 13:57:20 [urllib3.connectionpool] DEBUG: http://elasticsearch:9200 "POST /top/_doc/2463 HTTP/1.1" 200 161
2019-12-12 13:57:20 [elasticsearch] INFO: POST http://elasticsearch:9200/top/_doc/2463 [status:200 request:0.013s]
2019-12-12 13:57:20 [elasticsearch] DEBUG: > {"title":"【拒绝百度网盘】OneDrive for Business 直链生成工具 v1.0","description_content":null,"update_at":1576159040603}
2019-12-12 13:57:20 [elasticsearch] DEBUG: < {"_index":"top","_type":"_doc","_id":"2463","_version":164,"result":"updated","_shards":{"total":2,"successful":1,"failed":0},"_seq_no":111865,"_primary_term":1}
2019-12-12 13:57:20 [urllib3.connectionpool] DEBUG: Starting new HTTP connection (1): elasticsearch:9200
2019-12-12 13:57:20 [urllib3.connectionpool] DEBUG: http://elasticsearch:9200 "HEAD /top HTTP/1.1" 200 0
2019-12-12 13:57:20 [elasticsearch] INFO: HEAD http://elasticsearch:9200/top [status:200 request:0.002s]
2019-12-12 13:57:20 [elasticsearch] DEBUG: > None
2019-12-12 13:57:20 [elasticsearch] DEBUG: < 
2019-12-12 13:57:20 [urllib3.connectionpool] DEBUG: http://elasticsearch:9200 "POST /top/_doc/2461 HTTP/1.1" 200 161
2019-12-12 13:57:20 [elasticsearch] INFO: POST http://elasticsearch:9200/top/_doc/2461 [status:200 request:0.020s]
2019-12-12 13:57:20 [elasticsearch] DEBUG: > {"title":"【更新】XDM高速下载百度网盘新思路！","description_content":null,"update_at":1576159040603}
2019-12-12 13:57:20 [elasticsearch] DEBUG: < {"_index":"top","_type":"_doc","_id":"2461","_version":164,"result":"updated","_shards":{"total":2,"successful":1,"failed":0},"_seq_no":111866,"_primary_term":1}
2019-12-12 13:57:20 [urllib3.connectionpool] DEBUG: Starting new HTTP connection (1): elasticsearch:9200
2019-12-12 13:57:20 [urllib3.connectionpool] DEBUG: http://elasticsearch:9200 "POST /top/_doc/2464 HTTP/1.1" 200 161
2019-12-12 13:57:20 [elasticsearch] INFO: POST http://elasticsearch:9200/top/_doc/2464 [status:200 request:0.026s]
2019-12-12 13:57:20 [elasticsearch] DEBUG: > {"title":"浏览器插件下载（非常全面）——支持多款浏览器","description_content":null,"update_at":1576159040603}
2019-12-12 13:57:20 [elasticsearch] DEBUG: < {"_index":"top","_type":"_doc","_id":"2464","_version":164,"result":"updated","_shards":{"total":2,"successful":1,"failed":0},"_seq_no":111867,"_primary_term":1}
2019-12-12 13:57:20 [urllib3.connectionpool] DEBUG: http://elasticsearch:9200 "HEAD /top HTTP/1.1" 200 0
2019-12-12 13:57:20 [elasticsearch] INFO: HEAD http://elasticsearch:9200/top [status:200 request:0.006s]
2019-12-12 13:57:20 [elasticsearch] DEBUG: > None
2019-12-12 13:57:20 [elasticsearch] DEBUG: < 
2019-12-12 13:57:20 [urllib3.connectionpool] DEBUG: Starting new HTTP connection (1): elasticsearch:9200
2019-12-12 13:57:20 [urllib3.connectionpool] DEBUG: http://elasticsearch:9200 "HEAD /top HTTP/1.1" 200 0
2019-12-12 13:57:20 [elasticsearch] INFO: HEAD http://elasticsearch:9200/top [status:200 request:0.002s]
2019-12-12 13:57:20 [elasticsearch] DEBUG: > None
2019-12-12 13:57:20 [elasticsearch] DEBUG: < 
2019-12-12 13:57:20 [urllib3.connectionpool] DEBUG: http://elasticsearch:9200 "POST /top/_doc/2468 HTTP/1.1" 200 161
2019-12-12 13:57:20 [elasticsearch] INFO: POST http://elasticsearch:9200/top/_doc/2468 [status:200 request:0.027s]
2019-12-12 13:57:20 [elasticsearch] DEBUG: > {"title":"【原创】网课刷课流程简单讲解（不含JS脚本编写内容）","description_content":null,"update_at":1576159040603}
2019-12-12 13:57:20 [elasticsearch] DEBUG: < {"_index":"top","_type":"_doc","_id":"2468","_version":164,"result":"updated","_shards":{"total":2,"successful":1,"failed":0},"_seq_no":111868,"_primary_term":1}
2019-12-12 13:57:20 [urllib3.connectionpool] DEBUG: Starting new HTTP connection (1): elasticsearch:9200
2019-12-12 13:57:20 [urllib3.connectionpool] DEBUG: http://elasticsearch:9200 "HEAD /top HTTP/1.1" 200 0
2019-12-12 13:57:20 [elasticsearch] INFO: HEAD http://elasticsearch:9200/top [status:200 request:0.001s]
2019-12-12 13:57:20 [elasticsearch] DEBUG: > None
2019-12-12 13:57:20 [elasticsearch] DEBUG: < 
2019-12-12 13:57:20 [urllib3.connectionpool] DEBUG: Starting new HTTP connection (1): elasticsearch:9200
2019-12-12 13:57:20 [urllib3.connectionpool] DEBUG: http://elasticsearch:9200 "POST /top/_doc/2466 HTTP/1.1" 200 161
2019-12-12 13:57:20 [elasticsearch] INFO: POST http://elasticsearch:9200/top/_doc/2466 [status:200 request:0.021s]
2019-12-12 13:57:20 [elasticsearch] DEBUG: > {"title":"（解决方案更新2）可能是史上最具权威、严谨的医学诊疗手册（MSD ...","description_content":null,"update_at":1576159040603}
2019-12-12 13:57:20 [elasticsearch] DEBUG: < {"_index":"top","_type":"_doc","_id":"2466","_version":164,"result":"updated","_shards":{"total":2,"successful":1,"failed":0},"_seq_no":111869,"_primary_term":1}
2019-12-12 13:57:20 [urllib3.connectionpool] DEBUG: http://elasticsearch:9200 "HEAD /top HTTP/1.1" 200 0
2019-12-12 13:57:20 [elasticsearch] INFO: HEAD http://elasticsearch:9200/top [status:200 request:0.002s]
2019-12-12 13:57:20 [elasticsearch] DEBUG: > None
2019-12-12 13:57:20 [elasticsearch] DEBUG: < 
2019-12-12 13:57:20 [urllib3.connectionpool] DEBUG: http://elasticsearch:9200 "POST /top/_doc/2469 HTTP/1.1" 200 161
2019-12-12 13:57:20 [elasticsearch] INFO: POST http://elasticsearch:9200/top/_doc/2469 [status:200 request:0.016s]
2019-12-12 13:57:20 [elasticsearch] DEBUG: > {"title":"【单机游戏】国产武侠3D《凡人修仙传》","description_content":null,"update_at":1576159040603}
2019-12-12 13:57:20 [elasticsearch] DEBUG: < {"_index":"top","_type":"_doc","_id":"2469","_version":164,"result":"updated","_shards":{"total":2,"successful":1,"failed":0},"_seq_no":111870,"_primary_term":1}
2019-12-12 13:57:20 [urllib3.connectionpool] DEBUG: http://elasticsearch:9200 "POST /top/_doc/4437 HTTP/1.1" 200 160
2019-12-12 13:57:20 [elasticsearch] INFO: POST http://elasticsearch:9200/top/_doc/4437 [status:200 request:0.016s]
2019-12-12 13:57:20 [elasticsearch] DEBUG: > {"title":"冰点文库下载器 3.2.10（1212）去广告绿色版+单文件版","description_content":null,"update_at":1576159040603}
2019-12-12 13:57:20 [elasticsearch] DEBUG: < {"_index":"top","_type":"_doc","_id":"4437","_version":97,"result":"updated","_shards":{"total":2,"successful":1,"failed":0},"_seq_no":111871,"_primary_term":1}
2019-12-12 13:57:20 [urllib3.connectionpool] DEBUG: http://elasticsearch:9200 "POST /top/_doc/2467 HTTP/1.1" 200 161
2019-12-12 13:57:20 [elasticsearch] INFO: POST http://elasticsearch:9200/top/_doc/2467 [status:200 request:0.016s]
2019-12-12 13:57:20 [elasticsearch] DEBUG: > {"title":"中兴光猫ZXHN-F650不拆机获取超级密码(适用于中兴其他光猫)","description_content":null,"update_at":1576159040603}
2019-12-12 13:57:20 [elasticsearch] DEBUG: < {"_index":"top","_type":"_doc","_id":"2467","_version":164,"result":"updated","_shards":{"total":2,"successful":1,"failed":0},"_seq_no":111872,"_primary_term":1}
2019-12-12 13:57:20 [urllib3.connectionpool] DEBUG: http://elasticsearch:9200 "POST /top/_doc/4850 HTTP/1.1" 200 160
2019-12-12 13:57:20 [elasticsearch] INFO: POST http://elasticsearch:9200/top/_doc/4850 [status:200 request:0.015s]
2019-12-12 13:57:20 [elasticsearch] DEBUG: > {"title":"【重写协议】手机号码标记查询工具  抵制恶意标记","description_content":null,"update_at":1576159040603}
2019-12-12 13:57:20 [elasticsearch] DEBUG: < {"_index":"top","_type":"_doc","_id":"4850","_version":21,"result":"updated","_shards":{"total":2,"successful":1,"failed":0},"_seq_no":111873,"_primary_term":1}
