2019-12-12 02:56:36 [scrapy.utils.log] INFO: Scrapy 1.7.4 started (bot: spider_tophub)
2019-12-12 02:56:36 [scrapy.utils.log] INFO: Versions: lxml 4.4.1.0, libxml2 2.9.9, cssselect 1.1.0, parsel 1.5.2, w3lib 1.21.0, Twisted 19.7.0, Python 3.7.5 (default, Nov 23 2019, 05:59:34) - [GCC 8.3.0], pyOpenSSL 19.0.0 (OpenSSL 1.1.1d  10 Sep 2019), cryptography 2.8, Platform Linux-3.10.0-1062.1.2.el7.x86_64-x86_64-with-debian-10.2
2019-12-12 02:56:36 [scrapy.crawler] INFO: Overridden settings: {'BOT_NAME': 'spider_tophub', 'DOWNLOAD_DELAY': 1, 'LOG_FILE': 'logs/spider_tophub/coolshell/005f16241c8b11ea8b5f0242ac180004.log', 'NEWSPIDER_MODULE': 'spider_tophub.spiders', 'ROBOTSTXT_OBEY': True, 'SPIDER_MODULES': ['spider_tophub.spiders'], 'USER_AGENT': 'Mozilla/5.0 (Windows NT 10.0; Win64; x64) AppleWebKit/537.36 (KHTML, like Gecko) Chrome/77.0.3865.120 Safari/537.36'}
2019-12-12 02:56:36 [scrapy.extensions.telnet] INFO: Telnet Password: e402f444792fc113
2019-12-12 02:56:36 [scrapy.middleware] INFO: Enabled extensions:
['scrapy.extensions.corestats.CoreStats',
 'scrapy.extensions.telnet.TelnetConsole',
 'scrapy.extensions.memusage.MemoryUsage',
 'scrapy.extensions.logstats.LogStats']
2019-12-12 02:56:36 [scrapy.middleware] INFO: Enabled downloader middlewares:
['scrapy.downloadermiddlewares.robotstxt.RobotsTxtMiddleware',
 'scrapy.downloadermiddlewares.httpauth.HttpAuthMiddleware',
 'scrapy.downloadermiddlewares.downloadtimeout.DownloadTimeoutMiddleware',
 'scrapy.downloadermiddlewares.defaultheaders.DefaultHeadersMiddleware',
 'scrapy.downloadermiddlewares.useragent.UserAgentMiddleware',
 'scrapy.downloadermiddlewares.retry.RetryMiddleware',
 'scrapy.downloadermiddlewares.redirect.MetaRefreshMiddleware',
 'scrapy.downloadermiddlewares.httpcompression.HttpCompressionMiddleware',
 'scrapy.downloadermiddlewares.redirect.RedirectMiddleware',
 'scrapy.downloadermiddlewares.cookies.CookiesMiddleware',
 'scrapy.downloadermiddlewares.httpproxy.HttpProxyMiddleware',
 'scrapy.downloadermiddlewares.stats.DownloaderStats']
2019-12-12 02:56:36 [scrapy.middleware] INFO: Enabled spider middlewares:
['scrapy.spidermiddlewares.httperror.HttpErrorMiddleware',
 'scrapy.spidermiddlewares.offsite.OffsiteMiddleware',
 'scrapy.spidermiddlewares.referer.RefererMiddleware',
 'scrapy.spidermiddlewares.urllength.UrlLengthMiddleware',
 'scrapy.spidermiddlewares.depth.DepthMiddleware']
2019-12-12 02:56:36 [scrapy.middleware] INFO: Enabled item pipelines:
['spider_tophub.pipelines.MysqlTwistedPipeline']
2019-12-12 02:56:36 [scrapy.core.engine] INFO: Spider opened
2019-12-12 02:56:36 [scrapy.extensions.logstats] INFO: Crawled 0 pages (at 0 pages/min), scraped 0 items (at 0 items/min)
2019-12-12 02:56:36 [scrapy.extensions.telnet] INFO: Telnet console listening on 127.0.0.1:6023
2019-12-12 02:56:36 [scrapy.core.engine] DEBUG: Crawled (200) <GET https://coolshell.cn/robots.txt> (referer: None)
2019-12-12 02:57:05 [scrapy.core.engine] DEBUG: Crawled (200) <GET https://coolshell.cn/feed> (referer: None)
2019-12-12 02:57:05 [scrapy.core.scraper] DEBUG: Scraped from <200 https://coolshell.cn/feed>
None
2019-12-12 02:57:05 [scrapy.core.scraper] DEBUG: Scraped from <200 https://coolshell.cn/feed>
None
2019-12-12 02:57:05 [scrapy.core.scraper] DEBUG: Scraped from <200 https://coolshell.cn/feed>
None
2019-12-12 02:57:05 [scrapy.core.scraper] DEBUG: Scraped from <200 https://coolshell.cn/feed>
None
2019-12-12 02:57:05 [scrapy.core.scraper] DEBUG: Scraped from <200 https://coolshell.cn/feed>
None
2019-12-12 02:57:05 [scrapy.core.scraper] DEBUG: Scraped from <200 https://coolshell.cn/feed>
None
2019-12-12 02:57:05 [scrapy.core.scraper] DEBUG: Scraped from <200 https://coolshell.cn/feed>
None
2019-12-12 02:57:05 [scrapy.core.scraper] DEBUG: Scraped from <200 https://coolshell.cn/feed>
None
2019-12-12 02:57:05 [scrapy.core.scraper] DEBUG: Scraped from <200 https://coolshell.cn/feed>
None
2019-12-12 02:57:05 [scrapy.core.scraper] DEBUG: Scraped from <200 https://coolshell.cn/feed>
None
2019-12-12 02:57:05 [scrapy.core.scraper] DEBUG: Scraped from <200 https://coolshell.cn/feed>
None
2019-12-12 02:57:05 [scrapy.core.scraper] DEBUG: Scraped from <200 https://coolshell.cn/feed>
None
2019-12-12 02:57:05 [scrapy.core.scraper] DEBUG: Scraped from <200 https://coolshell.cn/feed>
None
2019-12-12 02:57:05 [scrapy.core.scraper] DEBUG: Scraped from <200 https://coolshell.cn/feed>
None
2019-12-12 02:57:05 [scrapy.core.scraper] DEBUG: Scraped from <200 https://coolshell.cn/feed>
None
2019-12-12 02:57:05 [scrapy.core.engine] INFO: Closing spider (finished)
2019-12-12 02:57:05 [scrapy.statscollectors] INFO: Dumping Scrapy stats:
{'downloader/request_bytes': 598,
 'downloader/request_count': 2,
 'downloader/request_method_count/GET': 2,
 'downloader/response_bytes': 347202,
 'downloader/response_count': 2,
 'downloader/response_status_count/200': 2,
 'elapsed_time_seconds': 29.334442,
 'finish_reason': 'finished',
 'finish_time': datetime.datetime(2019, 12, 12, 2, 57, 5, 561155),
 'item_scraped_count': 15,
 'log_count/DEBUG': 17,
 'log_count/INFO': 10,
 'memusage/max': 58925056,
 'memusage/startup': 58925056,
 'response_received_count': 2,
 'robotstxt/request_count': 1,
 'robotstxt/response_count': 1,
 'robotstxt/response_status_count/200': 1,
 'scheduler/dequeued': 1,
 'scheduler/dequeued/memory': 1,
 'scheduler/enqueued': 1,
 'scheduler/enqueued/memory': 1,
 'start_time': datetime.datetime(2019, 12, 12, 2, 56, 36, 226713)}
2019-12-12 02:57:05 [scrapy.core.engine] INFO: Spider closed (finished)
2019-12-12 02:57:05 [urllib3.connectionpool] DEBUG: Starting new HTTP connection (1): elasticsearch:9200
2019-12-12 02:57:05 [urllib3.connectionpool] DEBUG: Starting new HTTP connection (1): elasticsearch:9200
2019-12-12 02:57:05 [urllib3.connectionpool] DEBUG: Starting new HTTP connection (1): elasticsearch:9200
2019-12-12 02:57:05 [urllib3.connectionpool] DEBUG: Starting new HTTP connection (1): elasticsearch:9200
2019-12-12 02:57:05 [urllib3.connectionpool] DEBUG: Starting new HTTP connection (1): elasticsearch:9200
2019-12-12 02:57:05 [urllib3.connectionpool] DEBUG: http://elasticsearch:9200 "HEAD /top HTTP/1.1" 200 0
2019-12-12 02:57:05 [elasticsearch] INFO: HEAD http://elasticsearch:9200/top [status:200 request:0.206s]
2019-12-12 02:57:05 [elasticsearch] DEBUG: > None
2019-12-12 02:57:05 [elasticsearch] DEBUG: < 
2019-12-12 02:57:05 [urllib3.connectionpool] DEBUG: http://elasticsearch:9200 "HEAD /top HTTP/1.1" 200 0
2019-12-12 02:57:05 [elasticsearch] INFO: HEAD http://elasticsearch:9200/top [status:200 request:0.210s]
2019-12-12 02:57:05 [elasticsearch] DEBUG: > None
2019-12-12 02:57:05 [elasticsearch] DEBUG: < 
2019-12-12 02:57:05 [urllib3.connectionpool] DEBUG: http://elasticsearch:9200 "HEAD /top HTTP/1.1" 200 0
2019-12-12 02:57:05 [elasticsearch] INFO: HEAD http://elasticsearch:9200/top [status:200 request:0.213s]
2019-12-12 02:57:05 [elasticsearch] DEBUG: > None
2019-12-12 02:57:05 [elasticsearch] DEBUG: < 
2019-12-12 02:57:05 [urllib3.connectionpool] DEBUG: http://elasticsearch:9200 "HEAD /top HTTP/1.1" 200 0
2019-12-12 02:57:05 [elasticsearch] INFO: HEAD http://elasticsearch:9200/top [status:200 request:0.251s]
2019-12-12 02:57:05 [elasticsearch] DEBUG: > None
2019-12-12 02:57:05 [elasticsearch] DEBUG: < 
2019-12-12 02:57:05 [urllib3.connectionpool] DEBUG: http://elasticsearch:9200 "HEAD /top HTTP/1.1" 200 0
2019-12-12 02:57:05 [elasticsearch] INFO: HEAD http://elasticsearch:9200/top [status:200 request:0.247s]
2019-12-12 02:57:05 [elasticsearch] DEBUG: > None
2019-12-12 02:57:05 [elasticsearch] DEBUG: < 
2019-12-12 02:57:06 [urllib3.connectionpool] DEBUG: http://elasticsearch:9200 "POST /top/_doc/101 HTTP/1.1" 201 155
2019-12-12 02:57:06 [elasticsearch] INFO: POST http://elasticsearch:9200/top/_doc/101 [status:201 request:0.233s]
2019-12-12 02:57:06 [elasticsearch] DEBUG: > {"title":"别让自己“墙”了自己","description_content":"杂项资源","update_at":1576119425531}
2019-12-12 02:57:06 [elasticsearch] DEBUG: < {"_index":"top","_type":"_doc","_id":"101","_version":1,"result":"created","_shards":{"total":2,"successful":1,"failed":0},"_seq_no":185,"_primary_term":9}
2019-12-12 02:57:06 [urllib3.connectionpool] DEBUG: Starting new HTTP connection (1): elasticsearch:9200
2019-12-12 02:57:06 [urllib3.connectionpool] DEBUG: http://elasticsearch:9200 "HEAD /top HTTP/1.1" 200 0
2019-12-12 02:57:06 [elasticsearch] INFO: HEAD http://elasticsearch:9200/top [status:200 request:0.013s]
2019-12-12 02:57:06 [elasticsearch] DEBUG: > None
2019-12-12 02:57:06 [elasticsearch] DEBUG: < 
2019-12-12 02:57:06 [urllib3.connectionpool] DEBUG: http://elasticsearch:9200 "POST /top/_doc/104 HTTP/1.1" 201 155
2019-12-12 02:57:06 [elasticsearch] INFO: POST http://elasticsearch:9200/top/_doc/104 [status:201 request:0.272s]
2019-12-12 02:57:06 [elasticsearch] DEBUG: > {"title":"HTTP的前世今生","description_content":"技术读物","update_at":1576119425531}
2019-12-12 02:57:06 [elasticsearch] DEBUG: < {"_index":"top","_type":"_doc","_id":"104","_version":1,"result":"created","_shards":{"total":2,"successful":1,"failed":0},"_seq_no":186,"_primary_term":9}
2019-12-12 02:57:06 [urllib3.connectionpool] DEBUG: Starting new HTTP connection (1): elasticsearch:9200
2019-12-12 02:57:06 [urllib3.connectionpool] DEBUG: http://elasticsearch:9200 "POST /top/_doc/103 HTTP/1.1" 201 155
2019-12-12 02:57:06 [elasticsearch] INFO: POST http://elasticsearch:9200/top/_doc/103 [status:201 request:0.313s]
2019-12-12 02:57:06 [elasticsearch] DEBUG: > {"title":"50年前的登月程序和程序员有多硬核","description_content":"业界新闻","update_at":1576119425531}
2019-12-12 02:57:06 [elasticsearch] DEBUG: < {"_index":"top","_type":"_doc","_id":"103","_version":1,"result":"created","_shards":{"total":2,"successful":1,"failed":0},"_seq_no":187,"_primary_term":9}
2019-12-12 02:57:06 [urllib3.connectionpool] DEBUG: http://elasticsearch:9200 "HEAD /top HTTP/1.1" 200 0
2019-12-12 02:57:06 [elasticsearch] INFO: HEAD http://elasticsearch:9200/top [status:200 request:0.021s]
2019-12-12 02:57:06 [elasticsearch] DEBUG: > None
2019-12-12 02:57:06 [elasticsearch] DEBUG: < 
2019-12-12 02:57:06 [urllib3.connectionpool] DEBUG: http://elasticsearch:9200 "POST /top/_doc/102 HTTP/1.1" 201 155
2019-12-12 02:57:06 [elasticsearch] INFO: POST http://elasticsearch:9200/top/_doc/102 [status:201 request:0.293s]
2019-12-12 02:57:06 [elasticsearch] DEBUG: > {"title":"Unix 50 年：Ken Thompson 的密码","description_content":"Unix/Linux","update_at":1576119425531}
2019-12-12 02:57:06 [elasticsearch] DEBUG: < {"_index":"top","_type":"_doc","_id":"102","_version":1,"result":"created","_shards":{"total":2,"successful":1,"failed":0},"_seq_no":188,"_primary_term":9}
2019-12-12 02:57:06 [urllib3.connectionpool] DEBUG: Starting new HTTP connection (1): elasticsearch:9200
2019-12-12 02:57:06 [urllib3.connectionpool] DEBUG: http://elasticsearch:9200 "HEAD /top HTTP/1.1" 200 0
2019-12-12 02:57:06 [elasticsearch] INFO: HEAD http://elasticsearch:9200/top [status:200 request:0.012s]
2019-12-12 02:57:06 [elasticsearch] DEBUG: > None
2019-12-12 02:57:06 [elasticsearch] DEBUG: < 
2019-12-12 02:57:06 [urllib3.connectionpool] DEBUG: Starting new HTTP connection (1): elasticsearch:9200
2019-12-12 02:57:06 [urllib3.connectionpool] DEBUG: http://elasticsearch:9200 "POST /top/_doc/105 HTTP/1.1" 201 155
2019-12-12 02:57:06 [elasticsearch] INFO: POST http://elasticsearch:9200/top/_doc/105 [status:201 request:0.317s]
2019-12-12 02:57:06 [elasticsearch] DEBUG: > {"title":"如何超过大多数人","description_content":"杂项资源","update_at":1576119425531}
2019-12-12 02:57:06 [elasticsearch] DEBUG: < {"_index":"top","_type":"_doc","_id":"105","_version":1,"result":"created","_shards":{"total":2,"successful":1,"failed":0},"_seq_no":189,"_primary_term":9}
2019-12-12 02:57:06 [urllib3.connectionpool] DEBUG: http://elasticsearch:9200 "HEAD /top HTTP/1.1" 200 0
2019-12-12 02:57:06 [elasticsearch] INFO: HEAD http://elasticsearch:9200/top [status:200 request:0.021s]
2019-12-12 02:57:06 [elasticsearch] DEBUG: > None
2019-12-12 02:57:06 [elasticsearch] DEBUG: < 
2019-12-12 02:57:06 [urllib3.connectionpool] DEBUG: Starting new HTTP connection (1): elasticsearch:9200
2019-12-12 02:57:06 [urllib3.connectionpool] DEBUG: http://elasticsearch:9200 "HEAD /top HTTP/1.1" 200 0
2019-12-12 02:57:06 [elasticsearch] INFO: HEAD http://elasticsearch:9200/top [status:200 request:0.009s]
2019-12-12 02:57:06 [elasticsearch] DEBUG: > None
2019-12-12 02:57:06 [elasticsearch] DEBUG: < 
2019-12-12 02:57:06 [urllib3.connectionpool] DEBUG: http://elasticsearch:9200 "POST /top/_doc/106 HTTP/1.1" 201 155
2019-12-12 02:57:06 [elasticsearch] INFO: POST http://elasticsearch:9200/top/_doc/106 [status:201 request:0.126s]
2019-12-12 02:57:06 [elasticsearch] DEBUG: > {"title":"HTTP API 认证授权术","description_content":"程序设计","update_at":1576119425531}
2019-12-12 02:57:06 [elasticsearch] DEBUG: < {"_index":"top","_type":"_doc","_id":"106","_version":1,"result":"created","_shards":{"total":2,"successful":1,"failed":0},"_seq_no":190,"_primary_term":9}
2019-12-12 02:57:06 [urllib3.connectionpool] DEBUG: Starting new HTTP connection (1): elasticsearch:9200
2019-12-12 02:57:06 [urllib3.connectionpool] DEBUG: http://elasticsearch:9200 "POST /top/_doc/107 HTTP/1.1" 201 155
2019-12-12 02:57:06 [elasticsearch] INFO: POST http://elasticsearch:9200/top/_doc/107 [status:201 request:0.119s]
2019-12-12 02:57:06 [elasticsearch] DEBUG: > {"title":"StackOverflow 2019 程序员调查","description_content":"业界新闻","update_at":1576119425531}
2019-12-12 02:57:06 [elasticsearch] DEBUG: < {"_index":"top","_type":"_doc","_id":"107","_version":1,"result":"created","_shards":{"total":2,"successful":1,"failed":0},"_seq_no":191,"_primary_term":9}
2019-12-12 02:57:06 [urllib3.connectionpool] DEBUG: http://elasticsearch:9200 "HEAD /top HTTP/1.1" 200 0
2019-12-12 02:57:06 [elasticsearch] INFO: HEAD http://elasticsearch:9200/top [status:200 request:0.022s]
2019-12-12 02:57:06 [elasticsearch] DEBUG: > None
2019-12-12 02:57:06 [elasticsearch] DEBUG: < 
2019-12-12 02:57:06 [urllib3.connectionpool] DEBUG: http://elasticsearch:9200 "POST /top/_doc/108 HTTP/1.1" 201 155
2019-12-12 02:57:06 [elasticsearch] INFO: POST http://elasticsearch:9200/top/_doc/108 [status:201 request:0.107s]
2019-12-12 02:57:06 [elasticsearch] DEBUG: > {"title":"“努力就会成功”","description_content":"技术管理","update_at":1576119425531}
2019-12-12 02:57:06 [elasticsearch] DEBUG: < {"_index":"top","_type":"_doc","_id":"108","_version":1,"result":"created","_shards":{"total":2,"successful":1,"failed":0},"_seq_no":192,"_primary_term":9}
2019-12-12 02:57:06 [urllib3.connectionpool] DEBUG: Starting new HTTP connection (1): elasticsearch:9200
2019-12-12 02:57:06 [urllib3.connectionpool] DEBUG: http://elasticsearch:9200 "HEAD /top HTTP/1.1" 200 0
2019-12-12 02:57:06 [elasticsearch] INFO: HEAD http://elasticsearch:9200/top [status:200 request:0.016s]
2019-12-12 02:57:06 [elasticsearch] DEBUG: > None
2019-12-12 02:57:06 [elasticsearch] DEBUG: < 
2019-12-12 02:57:06 [urllib3.connectionpool] DEBUG: http://elasticsearch:9200 "POST /top/_doc/109 HTTP/1.1" 201 155
2019-12-12 02:57:06 [elasticsearch] INFO: POST http://elasticsearch:9200/top/_doc/109 [status:201 request:0.115s]
2019-12-12 02:57:06 [elasticsearch] DEBUG: > {"title":"打造高效的工作环境 – Shell 篇","description_content":"Unix/Linux","update_at":1576119425531}
2019-12-12 02:57:06 [elasticsearch] DEBUG: < {"_index":"top","_type":"_doc","_id":"109","_version":1,"result":"created","_shards":{"total":2,"successful":1,"failed":0},"_seq_no":193,"_primary_term":9}
2019-12-12 02:57:06 [urllib3.connectionpool] DEBUG: Starting new HTTP connection (1): elasticsearch:9200
2019-12-12 02:57:06 [urllib3.connectionpool] DEBUG: http://elasticsearch:9200 "HEAD /top HTTP/1.1" 200 0
2019-12-12 02:57:06 [elasticsearch] INFO: HEAD http://elasticsearch:9200/top [status:200 request:0.011s]
2019-12-12 02:57:06 [elasticsearch] DEBUG: > None
2019-12-12 02:57:06 [elasticsearch] DEBUG: < 
2019-12-12 02:57:06 [urllib3.connectionpool] DEBUG: http://elasticsearch:9200 "POST /top/_doc/110 HTTP/1.1" 201 155
2019-12-12 02:57:06 [elasticsearch] INFO: POST http://elasticsearch:9200/top/_doc/110 [status:201 request:0.150s]
2019-12-12 02:57:06 [elasticsearch] DEBUG: > {"title":"谈谈我的“三观”","description_content":"杂项资源","update_at":1576119425531}
2019-12-12 02:57:06 [elasticsearch] DEBUG: < {"_index":"top","_type":"_doc","_id":"110","_version":1,"result":"created","_shards":{"total":2,"successful":1,"failed":0},"_seq_no":194,"_primary_term":9}
2019-12-12 02:57:06 [urllib3.connectionpool] DEBUG: Starting new HTTP connection (1): elasticsearch:9200
2019-12-12 02:57:06 [urllib3.connectionpool] DEBUG: http://elasticsearch:9200 "HEAD /top HTTP/1.1" 200 0
2019-12-12 02:57:06 [elasticsearch] INFO: HEAD http://elasticsearch:9200/top [status:200 request:0.014s]
2019-12-12 02:57:06 [elasticsearch] DEBUG: > None
2019-12-12 02:57:06 [elasticsearch] DEBUG: < 
2019-12-12 02:57:06 [urllib3.connectionpool] DEBUG: Starting new HTTP connection (1): elasticsearch:9200
2019-12-12 02:57:06 [urllib3.connectionpool] DEBUG: http://elasticsearch:9200 "POST /top/_doc/111 HTTP/1.1" 201 155
2019-12-12 02:57:06 [elasticsearch] INFO: POST http://elasticsearch:9200/top/_doc/111 [status:201 request:0.130s]
2019-12-12 02:57:06 [elasticsearch] DEBUG: > {"title":"记一次Kubernetes/Docker网络排障","description_content":"Unix/Linux","update_at":1576119425531}
2019-12-12 02:57:06 [elasticsearch] DEBUG: < {"_index":"top","_type":"_doc","_id":"111","_version":1,"result":"created","_shards":{"total":2,"successful":1,"failed":0},"_seq_no":195,"_primary_term":9}
2019-12-12 02:57:06 [urllib3.connectionpool] DEBUG: http://elasticsearch:9200 "HEAD /top HTTP/1.1" 200 0
2019-12-12 02:57:06 [elasticsearch] INFO: HEAD http://elasticsearch:9200/top [status:200 request:0.024s]
2019-12-12 02:57:06 [elasticsearch] DEBUG: > None
2019-12-12 02:57:06 [elasticsearch] DEBUG: < 
2019-12-12 02:57:06 [urllib3.connectionpool] DEBUG: http://elasticsearch:9200 "POST /top/_doc/112 HTTP/1.1" 201 155
2019-12-12 02:57:06 [elasticsearch] INFO: POST http://elasticsearch:9200/top/_doc/112 [status:201 request:0.112s]
2019-12-12 02:57:06 [elasticsearch] DEBUG: > {"title":"程序员练级攻略（2018)  与我的专栏","description_content":"技术读物","update_at":1576119425531}
2019-12-12 02:57:06 [elasticsearch] DEBUG: < {"_index":"top","_type":"_doc","_id":"112","_version":1,"result":"created","_shards":{"total":2,"successful":1,"failed":0},"_seq_no":196,"_primary_term":9}
2019-12-12 02:57:06 [urllib3.connectionpool] DEBUG: http://elasticsearch:9200 "POST /top/_doc/113 HTTP/1.1" 201 155
2019-12-12 02:57:06 [elasticsearch] INFO: POST http://elasticsearch:9200/top/_doc/113 [status:201 request:0.079s]
2019-12-12 02:57:06 [elasticsearch] DEBUG: > {"title":"关于我”极客时间“的专栏","description_content":"技术读物","update_at":1576119425531}
2019-12-12 02:57:06 [elasticsearch] DEBUG: < {"_index":"top","_type":"_doc","_id":"113","_version":1,"result":"created","_shards":{"total":2,"successful":1,"failed":0},"_seq_no":197,"_primary_term":9}
2019-12-12 02:57:06 [urllib3.connectionpool] DEBUG: http://elasticsearch:9200 "POST /top/_doc/114 HTTP/1.1" 201 155
2019-12-12 02:57:06 [elasticsearch] INFO: POST http://elasticsearch:9200/top/_doc/114 [status:201 request:0.106s]
2019-12-12 02:57:06 [elasticsearch] DEBUG: > {"title":"Go语言、Docker 和新技术","description_content":"Go 语言","update_at":1576119425531}
2019-12-12 02:57:06 [elasticsearch] DEBUG: < {"_index":"top","_type":"_doc","_id":"114","_version":1,"result":"created","_shards":{"total":2,"successful":1,"failed":0},"_seq_no":198,"_primary_term":9}
2019-12-12 02:57:06 [urllib3.connectionpool] DEBUG: http://elasticsearch:9200 "POST /top/_doc/115 HTTP/1.1" 201 155
2019-12-12 02:57:06 [elasticsearch] INFO: POST http://elasticsearch:9200/top/_doc/115 [status:201 request:0.103s]
2019-12-12 02:57:06 [elasticsearch] DEBUG: > {"title":"关于Facebook 的 React 专利许可证","description_content":"Web开发","update_at":1576119425531}
2019-12-12 02:57:06 [elasticsearch] DEBUG: < {"_index":"top","_type":"_doc","_id":"115","_version":1,"result":"created","_shards":{"total":2,"successful":1,"failed":0},"_seq_no":199,"_primary_term":9}
