2019-12-12 03:44:07 [scrapy.utils.log] INFO: Scrapy 1.7.4 started (bot: spider_tophub)
2019-12-12 03:44:07 [scrapy.utils.log] INFO: Versions: lxml 4.4.1.0, libxml2 2.9.9, cssselect 1.1.0, parsel 1.5.2, w3lib 1.21.0, Twisted 19.7.0, Python 3.7.5 (default, Nov 23 2019, 05:59:34) - [GCC 8.3.0], pyOpenSSL 19.0.0 (OpenSSL 1.1.1d  10 Sep 2019), cryptography 2.8, Platform Linux-3.10.0-1062.1.2.el7.x86_64-x86_64-with-debian-10.2
2019-12-12 03:44:07 [scrapy.crawler] INFO: Overridden settings: {'BOT_NAME': 'spider_tophub', 'DOWNLOAD_DELAY': 1, 'LOG_FILE': 'logs/spider_tophub/huoding/435358a21c8e11ea9d990242ac190004.log', 'NEWSPIDER_MODULE': 'spider_tophub.spiders', 'SPIDER_MODULES': ['spider_tophub.spiders'], 'USER_AGENT': 'Mozilla/5.0 (Windows NT 10.0; Win64; x64) AppleWebKit/537.36 (KHTML, like Gecko) Chrome/77.0.3865.120 Safari/537.36'}
2019-12-12 03:44:07 [scrapy.extensions.telnet] INFO: Telnet Password: 6db7a80b5becd6e5
2019-12-12 03:44:07 [scrapy.middleware] INFO: Enabled extensions:
['scrapy.extensions.corestats.CoreStats',
 'scrapy.extensions.telnet.TelnetConsole',
 'scrapy.extensions.memusage.MemoryUsage',
 'scrapy.extensions.logstats.LogStats']
2019-12-12 03:44:07 [scrapy.middleware] INFO: Enabled downloader middlewares:
['scrapy.downloadermiddlewares.httpauth.HttpAuthMiddleware',
 'scrapy.downloadermiddlewares.downloadtimeout.DownloadTimeoutMiddleware',
 'scrapy.downloadermiddlewares.defaultheaders.DefaultHeadersMiddleware',
 'scrapy.downloadermiddlewares.useragent.UserAgentMiddleware',
 'scrapy.downloadermiddlewares.retry.RetryMiddleware',
 'scrapy.downloadermiddlewares.redirect.MetaRefreshMiddleware',
 'scrapy.downloadermiddlewares.httpcompression.HttpCompressionMiddleware',
 'scrapy.downloadermiddlewares.redirect.RedirectMiddleware',
 'scrapy.downloadermiddlewares.cookies.CookiesMiddleware',
 'scrapy.downloadermiddlewares.httpproxy.HttpProxyMiddleware',
 'scrapy.downloadermiddlewares.stats.DownloaderStats']
2019-12-12 03:44:07 [scrapy.middleware] INFO: Enabled spider middlewares:
['scrapy.spidermiddlewares.httperror.HttpErrorMiddleware',
 'scrapy.spidermiddlewares.offsite.OffsiteMiddleware',
 'scrapy.spidermiddlewares.referer.RefererMiddleware',
 'scrapy.spidermiddlewares.urllength.UrlLengthMiddleware',
 'scrapy.spidermiddlewares.depth.DepthMiddleware']
2019-12-12 03:44:07 [scrapy.middleware] INFO: Enabled item pipelines:
['spider_tophub.pipelines.MysqlTwistedPipeline']
2019-12-12 03:44:07 [scrapy.core.engine] INFO: Spider opened
2019-12-12 03:44:07 [scrapy.extensions.logstats] INFO: Crawled 0 pages (at 0 pages/min), scraped 0 items (at 0 items/min)
2019-12-12 03:44:07 [py.warnings] WARNING: /usr/local/lib/python3.7/site-packages/scrapy/spidermiddlewares/offsite.py:61: URLWarning: allowed_domains accepts only domains, not URLs. Ignoring URL entry https://blog.huoding.com/ in allowed_domains.
  warnings.warn(message, URLWarning)

2019-12-12 03:44:07 [scrapy.extensions.telnet] INFO: Telnet console listening on 127.0.0.1:6023
2019-12-12 03:44:08 [scrapy.core.engine] DEBUG: Crawled (200) <GET https://blog.huoding.com/> (referer: None)
2019-12-12 03:44:08 [scrapy.core.scraper] DEBUG: Scraped from <200 https://blog.huoding.com/>
None
2019-12-12 03:44:08 [scrapy.core.scraper] DEBUG: Scraped from <200 https://blog.huoding.com/>
None
2019-12-12 03:44:08 [scrapy.core.scraper] DEBUG: Scraped from <200 https://blog.huoding.com/>
None
2019-12-12 03:44:08 [scrapy.core.scraper] DEBUG: Scraped from <200 https://blog.huoding.com/>
None
2019-12-12 03:44:08 [scrapy.core.scraper] DEBUG: Scraped from <200 https://blog.huoding.com/>
None
2019-12-12 03:44:08 [scrapy.core.scraper] DEBUG: Scraped from <200 https://blog.huoding.com/>
None
2019-12-12 03:44:08 [scrapy.core.scraper] DEBUG: Scraped from <200 https://blog.huoding.com/>
None
2019-12-12 03:44:08 [scrapy.core.scraper] DEBUG: Scraped from <200 https://blog.huoding.com/>
None
2019-12-12 03:44:08 [scrapy.core.scraper] DEBUG: Scraped from <200 https://blog.huoding.com/>
None
2019-12-12 03:44:08 [scrapy.core.scraper] DEBUG: Scraped from <200 https://blog.huoding.com/>
None
2019-12-12 03:44:08 [scrapy.core.engine] INFO: Closing spider (finished)
2019-12-12 03:44:08 [scrapy.statscollectors] INFO: Dumping Scrapy stats:
{'downloader/request_bytes': 296,
 'downloader/request_count': 1,
 'downloader/request_method_count/GET': 1,
 'downloader/response_bytes': 13341,
 'downloader/response_count': 1,
 'downloader/response_status_count/200': 1,
 'elapsed_time_seconds': 1.301242,
 'finish_reason': 'finished',
 'finish_time': datetime.datetime(2019, 12, 12, 3, 44, 8, 719659),
 'item_scraped_count': 10,
 'log_count/DEBUG': 11,
 'log_count/INFO': 10,
 'log_count/WARNING': 1,
 'memusage/max': 58966016,
 'memusage/startup': 58966016,
 'response_received_count': 1,
 'scheduler/dequeued': 1,
 'scheduler/dequeued/memory': 1,
 'scheduler/enqueued': 1,
 'scheduler/enqueued/memory': 1,
 'start_time': datetime.datetime(2019, 12, 12, 3, 44, 7, 418417)}
2019-12-12 03:44:08 [scrapy.core.engine] INFO: Spider closed (finished)
2019-12-12 03:44:08 [urllib3.connectionpool] DEBUG: Starting new HTTP connection (1): elasticsearch:9200
2019-12-12 03:44:08 [urllib3.connectionpool] DEBUG: Starting new HTTP connection (1): elasticsearch:9200
2019-12-12 03:44:08 [urllib3.connectionpool] DEBUG: Starting new HTTP connection (1): elasticsearch:9200
2019-12-12 03:44:08 [urllib3.connectionpool] DEBUG: Starting new HTTP connection (1): elasticsearch:9200
2019-12-12 03:44:08 [urllib3.connectionpool] DEBUG: Starting new HTTP connection (1): elasticsearch:9200
2019-12-12 03:44:08 [urllib3.connectionpool] DEBUG: http://elasticsearch:9200 "HEAD /top HTTP/1.1" 200 0
2019-12-12 03:44:08 [elasticsearch] INFO: HEAD http://elasticsearch:9200/top [status:200 request:0.151s]
2019-12-12 03:44:08 [elasticsearch] DEBUG: > None
2019-12-12 03:44:08 [elasticsearch] DEBUG: < 
2019-12-12 03:44:08 [urllib3.connectionpool] DEBUG: http://elasticsearch:9200 "HEAD /top HTTP/1.1" 200 0
2019-12-12 03:44:08 [elasticsearch] INFO: HEAD http://elasticsearch:9200/top [status:200 request:0.151s]
2019-12-12 03:44:08 [elasticsearch] DEBUG: > None
2019-12-12 03:44:08 [elasticsearch] DEBUG: < 
2019-12-12 03:44:08 [urllib3.connectionpool] DEBUG: http://elasticsearch:9200 "HEAD /top HTTP/1.1" 200 0
2019-12-12 03:44:08 [elasticsearch] INFO: HEAD http://elasticsearch:9200/top [status:200 request:0.159s]
2019-12-12 03:44:08 [elasticsearch] DEBUG: > None
2019-12-12 03:44:08 [elasticsearch] DEBUG: < 
2019-12-12 03:44:08 [urllib3.connectionpool] DEBUG: http://elasticsearch:9200 "HEAD /top HTTP/1.1" 200 0
2019-12-12 03:44:08 [elasticsearch] INFO: HEAD http://elasticsearch:9200/top [status:200 request:0.165s]
2019-12-12 03:44:08 [elasticsearch] DEBUG: > None
2019-12-12 03:44:08 [elasticsearch] DEBUG: < 
2019-12-12 03:44:08 [urllib3.connectionpool] DEBUG: http://elasticsearch:9200 "HEAD /top HTTP/1.1" 200 0
2019-12-12 03:44:08 [elasticsearch] INFO: HEAD http://elasticsearch:9200/top [status:200 request:0.194s]
2019-12-12 03:44:08 [elasticsearch] DEBUG: > None
2019-12-12 03:44:08 [elasticsearch] DEBUG: < 
2019-12-12 03:44:09 [urllib3.connectionpool] DEBUG: http://elasticsearch:9200 "POST /top/_doc/880 HTTP/1.1" 201 157
2019-12-12 03:44:09 [elasticsearch] INFO: POST http://elasticsearch:9200/top/_doc/880 [status:201 request:0.149s]
2019-12-12 03:44:09 [elasticsearch] DEBUG: > {"title":"使用Fiddler把请求从HTTPS改成HTTP","description_content":null,"update_at":1576122248696}
2019-12-12 03:44:09 [elasticsearch] DEBUG: < {"_index":"top","_type":"_doc","_id":"880","_version":1,"result":"created","_shards":{"total":2,"successful":1,"failed":0},"_seq_no":1568,"_primary_term":13}
2019-12-12 03:44:09 [urllib3.connectionpool] DEBUG: http://elasticsearch:9200 "POST /top/_doc/882 HTTP/1.1" 201 157
2019-12-12 03:44:09 [elasticsearch] INFO: POST http://elasticsearch:9200/top/_doc/882 [status:201 request:0.163s]
2019-12-12 03:44:09 [elasticsearch] DEBUG: > {"title":"OpenResty与模块","description_content":null,"update_at":1576122248696}
2019-12-12 03:44:09 [elasticsearch] DEBUG: < {"_index":"top","_type":"_doc","_id":"882","_version":1,"result":"created","_shards":{"total":2,"successful":1,"failed":0},"_seq_no":1569,"_primary_term":13}
2019-12-12 03:44:09 [urllib3.connectionpool] DEBUG: Starting new HTTP connection (1): elasticsearch:9200
2019-12-12 03:44:09 [urllib3.connectionpool] DEBUG: Starting new HTTP connection (1): elasticsearch:9200
2019-12-12 03:44:09 [urllib3.connectionpool] DEBUG: http://elasticsearch:9200 "HEAD /top HTTP/1.1" 200 0
2019-12-12 03:44:09 [elasticsearch] INFO: HEAD http://elasticsearch:9200/top [status:200 request:0.012s]
2019-12-12 03:44:09 [elasticsearch] DEBUG: > None
2019-12-12 03:44:09 [elasticsearch] DEBUG: < 
2019-12-12 03:44:09 [urllib3.connectionpool] DEBUG: http://elasticsearch:9200 "POST /top/_doc/883 HTTP/1.1" 201 157
2019-12-12 03:44:09 [elasticsearch] INFO: POST http://elasticsearch:9200/top/_doc/883 [status:201 request:0.173s]
2019-12-12 03:44:09 [elasticsearch] DEBUG: > {"title":"为什么「0.1+0.2!=0.3」，而「0.1+0.3==0.4」","description_content":null,"update_at":1576122248696}
2019-12-12 03:44:09 [elasticsearch] DEBUG: < {"_index":"top","_type":"_doc","_id":"883","_version":1,"result":"created","_shards":{"total":2,"successful":1,"failed":0},"_seq_no":1570,"_primary_term":13}
2019-12-12 03:44:09 [urllib3.connectionpool] DEBUG: http://elasticsearch:9200 "HEAD /top HTTP/1.1" 200 0
2019-12-12 03:44:09 [elasticsearch] INFO: HEAD http://elasticsearch:9200/top [status:200 request:0.015s]
2019-12-12 03:44:09 [elasticsearch] DEBUG: > None
2019-12-12 03:44:09 [elasticsearch] DEBUG: < 
2019-12-12 03:44:09 [urllib3.connectionpool] DEBUG: http://elasticsearch:9200 "POST /top/_doc/881 HTTP/1.1" 201 157
2019-12-12 03:44:09 [elasticsearch] INFO: POST http://elasticsearch:9200/top/_doc/881 [status:201 request:0.217s]
2019-12-12 03:44:09 [elasticsearch] DEBUG: > {"title":"如何查询同时包含多个指定标签的文章","description_content":null,"update_at":1576122248696}
2019-12-12 03:44:09 [elasticsearch] DEBUG: < {"_index":"top","_type":"_doc","_id":"881","_version":1,"result":"created","_shards":{"total":2,"successful":1,"failed":0},"_seq_no":1571,"_primary_term":13}
2019-12-12 03:44:09 [urllib3.connectionpool] DEBUG: Starting new HTTP connection (1): elasticsearch:9200
2019-12-12 03:44:09 [urllib3.connectionpool] DEBUG: http://elasticsearch:9200 "HEAD /top HTTP/1.1" 200 0
2019-12-12 03:44:09 [elasticsearch] INFO: HEAD http://elasticsearch:9200/top [status:200 request:0.008s]
2019-12-12 03:44:09 [elasticsearch] DEBUG: > None
2019-12-12 03:44:09 [elasticsearch] DEBUG: < 
2019-12-12 03:44:09 [urllib3.connectionpool] DEBUG: Starting new HTTP connection (1): elasticsearch:9200
2019-12-12 03:44:09 [urllib3.connectionpool] DEBUG: http://elasticsearch:9200 "POST /top/_doc/879 HTTP/1.1" 201 157
2019-12-12 03:44:09 [elasticsearch] INFO: POST http://elasticsearch:9200/top/_doc/879 [status:201 request:0.219s]
2019-12-12 03:44:09 [elasticsearch] DEBUG: > {"title":"被忽视的time命令","description_content":null,"update_at":1576122248696}
2019-12-12 03:44:09 [elasticsearch] DEBUG: < {"_index":"top","_type":"_doc","_id":"879","_version":1,"result":"created","_shards":{"total":2,"successful":1,"failed":0},"_seq_no":1572,"_primary_term":13}
2019-12-12 03:44:09 [urllib3.connectionpool] DEBUG: http://elasticsearch:9200 "HEAD /top HTTP/1.1" 200 0
2019-12-12 03:44:09 [elasticsearch] INFO: HEAD http://elasticsearch:9200/top [status:200 request:0.015s]
2019-12-12 03:44:09 [elasticsearch] DEBUG: > None
2019-12-12 03:44:09 [elasticsearch] DEBUG: < 
2019-12-12 03:44:09 [urllib3.connectionpool] DEBUG: http://elasticsearch:9200 "POST /top/_doc/884 HTTP/1.1" 201 157
2019-12-12 03:44:09 [elasticsearch] INFO: POST http://elasticsearch:9200/top/_doc/884 [status:201 request:0.096s]
2019-12-12 03:44:09 [elasticsearch] DEBUG: > {"title":"数据库ID生成器基准测试","description_content":null,"update_at":1576122248696}
2019-12-12 03:44:09 [elasticsearch] DEBUG: < {"_index":"top","_type":"_doc","_id":"884","_version":1,"result":"created","_shards":{"total":2,"successful":1,"failed":0},"_seq_no":1573,"_primary_term":13}
2019-12-12 03:44:09 [urllib3.connectionpool] DEBUG: Starting new HTTP connection (1): elasticsearch:9200
2019-12-12 03:44:09 [urllib3.connectionpool] DEBUG: http://elasticsearch:9200 "HEAD /top HTTP/1.1" 200 0
2019-12-12 03:44:09 [elasticsearch] INFO: HEAD http://elasticsearch:9200/top [status:200 request:0.007s]
2019-12-12 03:44:09 [elasticsearch] DEBUG: > None
2019-12-12 03:44:09 [elasticsearch] DEBUG: < 
2019-12-12 03:44:09 [urllib3.connectionpool] DEBUG: http://elasticsearch:9200 "POST /top/_doc/885 HTTP/1.1" 201 157
2019-12-12 03:44:09 [elasticsearch] INFO: POST http://elasticsearch:9200/top/_doc/885 [status:201 request:0.103s]
2019-12-12 03:44:09 [elasticsearch] DEBUG: > {"title":"WRK：一个可编程的HTTP性能测试工具","description_content":null,"update_at":1576122248696}
2019-12-12 03:44:09 [elasticsearch] DEBUG: < {"_index":"top","_type":"_doc","_id":"885","_version":1,"result":"created","_shards":{"total":2,"successful":1,"failed":0},"_seq_no":1574,"_primary_term":13}
2019-12-12 03:44:09 [urllib3.connectionpool] DEBUG: http://elasticsearch:9200 "POST /top/_doc/886 HTTP/1.1" 201 157
2019-12-12 03:44:09 [elasticsearch] INFO: POST http://elasticsearch:9200/top/_doc/886 [status:201 request:0.062s]
2019-12-12 03:44:09 [elasticsearch] DEBUG: > {"title":"如何在环境中存储配置","description_content":null,"update_at":1576122248696}
2019-12-12 03:44:09 [elasticsearch] DEBUG: < {"_index":"top","_type":"_doc","_id":"886","_version":1,"result":"created","_shards":{"total":2,"successful":1,"failed":0},"_seq_no":1575,"_primary_term":13}
2019-12-12 03:44:09 [urllib3.connectionpool] DEBUG: http://elasticsearch:9200 "POST /top/_doc/887 HTTP/1.1" 201 157
2019-12-12 03:44:09 [elasticsearch] INFO: POST http://elasticsearch:9200/top/_doc/887 [status:201 request:0.053s]
2019-12-12 03:44:09 [elasticsearch] DEBUG: > {"title":"OpenResty 101","description_content":null,"update_at":1576122248696}
2019-12-12 03:44:09 [elasticsearch] DEBUG: < {"_index":"top","_type":"_doc","_id":"887","_version":1,"result":"created","_shards":{"total":2,"successful":1,"failed":0},"_seq_no":1576,"_primary_term":13}
2019-12-12 03:44:09 [urllib3.connectionpool] DEBUG: http://elasticsearch:9200 "POST /top/_doc/888 HTTP/1.1" 201 157
2019-12-12 03:44:09 [elasticsearch] INFO: POST http://elasticsearch:9200/top/_doc/888 [status:201 request:0.039s]
2019-12-12 03:44:09 [elasticsearch] DEBUG: > {"title":"关于手机App的Https抓包","description_content":null,"update_at":1576122248696}
2019-12-12 03:44:09 [elasticsearch] DEBUG: < {"_index":"top","_type":"_doc","_id":"888","_version":1,"result":"created","_shards":{"total":2,"successful":1,"failed":0},"_seq_no":1577,"_primary_term":13}
