2019-12-12 13:51:58 [scrapy.utils.log] INFO: Scrapy 1.7.4 started (bot: spider_tophub)
2019-12-12 13:51:58 [scrapy.utils.log] INFO: Versions: lxml 4.4.1.0, libxml2 2.9.9, cssselect 1.1.0, parsel 1.5.2, w3lib 1.21.0, Twisted 19.7.0, Python 3.7.5 (default, Nov 23 2019, 05:59:34) - [GCC 8.3.0], pyOpenSSL 19.0.0 (OpenSSL 1.1.1d  10 Sep 2019), cryptography 2.8, Platform Linux-3.10.0-1062.1.2.el7.x86_64-x86_64-with-debian-10.2
2019-12-12 13:51:58 [scrapy.crawler] INFO: Overridden settings: {'BOT_NAME': 'spider_tophub', 'DOWNLOAD_DELAY': 1, 'LOG_FILE': 'logs/spider_tophub/weibo_resou/585de46c1ce611ea831a0242ac1c0004.log', 'NEWSPIDER_MODULE': 'spider_tophub.spiders', 'ROBOTSTXT_OBEY': True, 'SPIDER_MODULES': ['spider_tophub.spiders'], 'USER_AGENT': 'Mozilla/5.0 (Windows NT 10.0; Win64; x64) AppleWebKit/537.36 (KHTML, like Gecko) Chrome/77.0.3865.120 Safari/537.36'}
2019-12-12 13:51:58 [scrapy.extensions.telnet] INFO: Telnet Password: 39fd6b92c28be1f2
2019-12-12 13:51:58 [scrapy.middleware] INFO: Enabled extensions:
['scrapy.extensions.corestats.CoreStats',
 'scrapy.extensions.telnet.TelnetConsole',
 'scrapy.extensions.memusage.MemoryUsage',
 'scrapy.extensions.logstats.LogStats']
2019-12-12 13:51:58 [scrapy.middleware] INFO: Enabled downloader middlewares:
['scrapy.downloadermiddlewares.robotstxt.RobotsTxtMiddleware',
 'scrapy.downloadermiddlewares.httpauth.HttpAuthMiddleware',
 'scrapy.downloadermiddlewares.downloadtimeout.DownloadTimeoutMiddleware',
 'scrapy.downloadermiddlewares.defaultheaders.DefaultHeadersMiddleware',
 'scrapy.downloadermiddlewares.useragent.UserAgentMiddleware',
 'scrapy.downloadermiddlewares.retry.RetryMiddleware',
 'scrapy.downloadermiddlewares.redirect.MetaRefreshMiddleware',
 'scrapy.downloadermiddlewares.httpcompression.HttpCompressionMiddleware',
 'scrapy.downloadermiddlewares.redirect.RedirectMiddleware',
 'scrapy.downloadermiddlewares.cookies.CookiesMiddleware',
 'scrapy.downloadermiddlewares.httpproxy.HttpProxyMiddleware',
 'scrapy.downloadermiddlewares.stats.DownloaderStats']
2019-12-12 13:51:58 [scrapy.middleware] INFO: Enabled spider middlewares:
['scrapy.spidermiddlewares.httperror.HttpErrorMiddleware',
 'scrapy.spidermiddlewares.offsite.OffsiteMiddleware',
 'scrapy.spidermiddlewares.referer.RefererMiddleware',
 'scrapy.spidermiddlewares.urllength.UrlLengthMiddleware',
 'scrapy.spidermiddlewares.depth.DepthMiddleware']
2019-12-12 13:51:58 [scrapy.middleware] INFO: Enabled item pipelines:
['spider_tophub.pipelines.MysqlTwistedPipeline']
2019-12-12 13:51:58 [scrapy.core.engine] INFO: Spider opened
2019-12-12 13:51:58 [scrapy.extensions.logstats] INFO: Crawled 0 pages (at 0 pages/min), scraped 0 items (at 0 items/min)
2019-12-12 13:51:58 [scrapy.extensions.telnet] INFO: Telnet console listening on 127.0.0.1:6023
2019-12-12 13:51:59 [scrapy.downloadermiddlewares.redirect] DEBUG: Redirecting (302) to <GET https://weibo.com/sorry?pagenotfound&> from <GET https://s.weibo.com/robots.txt>
2019-12-12 13:52:00 [scrapy.downloadermiddlewares.redirect] DEBUG: Redirecting (302) to <GET https://passport.weibo.com/visitor/visitor?entry=miniblog&a=enter&url=https%3A%2F%2Fweibo.com%2Fsorry%3Fpagenotfound%26&domain=.weibo.com&ua=php-sso_sdk_client-0.6.28&_rand=1576158720.3776> from <GET https://weibo.com/sorry?pagenotfound&>
2019-12-12 13:52:01 [scrapy.core.engine] DEBUG: Crawled (200) <GET https://passport.weibo.com/visitor/visitor?entry=miniblog&a=enter&url=https%3A%2F%2Fweibo.com%2Fsorry%3Fpagenotfound%26&domain=.weibo.com&ua=php-sso_sdk_client-0.6.28&_rand=1576158720.3776> (referer: None)
2019-12-12 13:52:02 [scrapy.core.engine] DEBUG: Crawled (200) <GET https://s.weibo.com/top/summary?cate=realtimehot> (referer: None)
2019-12-12 13:52:02 [scrapy.core.scraper] DEBUG: Scraped from <200 https://s.weibo.com/top/summary?cate=realtimehot>
None
2019-12-12 13:52:02 [scrapy.core.scraper] DEBUG: Scraped from <200 https://s.weibo.com/top/summary?cate=realtimehot>
None
2019-12-12 13:52:02 [scrapy.core.scraper] DEBUG: Scraped from <200 https://s.weibo.com/top/summary?cate=realtimehot>
None
2019-12-12 13:52:02 [scrapy.core.scraper] DEBUG: Scraped from <200 https://s.weibo.com/top/summary?cate=realtimehot>
None
2019-12-12 13:52:02 [scrapy.core.scraper] DEBUG: Scraped from <200 https://s.weibo.com/top/summary?cate=realtimehot>
None
2019-12-12 13:52:02 [scrapy.core.scraper] DEBUG: Scraped from <200 https://s.weibo.com/top/summary?cate=realtimehot>
None
2019-12-12 13:52:02 [scrapy.core.scraper] DEBUG: Scraped from <200 https://s.weibo.com/top/summary?cate=realtimehot>
None
2019-12-12 13:52:02 [scrapy.core.scraper] DEBUG: Scraped from <200 https://s.weibo.com/top/summary?cate=realtimehot>
None
2019-12-12 13:52:02 [scrapy.core.scraper] DEBUG: Scraped from <200 https://s.weibo.com/top/summary?cate=realtimehot>
None
2019-12-12 13:52:02 [scrapy.core.scraper] DEBUG: Scraped from <200 https://s.weibo.com/top/summary?cate=realtimehot>
None
2019-12-12 13:52:02 [scrapy.core.scraper] DEBUG: Scraped from <200 https://s.weibo.com/top/summary?cate=realtimehot>
None
2019-12-12 13:52:02 [scrapy.core.scraper] DEBUG: Scraped from <200 https://s.weibo.com/top/summary?cate=realtimehot>
None
2019-12-12 13:52:02 [scrapy.core.scraper] DEBUG: Scraped from <200 https://s.weibo.com/top/summary?cate=realtimehot>
None
2019-12-12 13:52:02 [scrapy.core.scraper] DEBUG: Scraped from <200 https://s.weibo.com/top/summary?cate=realtimehot>
None
2019-12-12 13:52:02 [scrapy.core.scraper] DEBUG: Scraped from <200 https://s.weibo.com/top/summary?cate=realtimehot>
None
2019-12-12 13:52:02 [scrapy.core.scraper] DEBUG: Scraped from <200 https://s.weibo.com/top/summary?cate=realtimehot>
None
2019-12-12 13:52:02 [scrapy.core.scraper] DEBUG: Scraped from <200 https://s.weibo.com/top/summary?cate=realtimehot>
None
2019-12-12 13:52:02 [scrapy.core.scraper] DEBUG: Scraped from <200 https://s.weibo.com/top/summary?cate=realtimehot>
None
2019-12-12 13:52:02 [scrapy.core.scraper] DEBUG: Scraped from <200 https://s.weibo.com/top/summary?cate=realtimehot>
None
2019-12-12 13:52:02 [scrapy.core.scraper] DEBUG: Scraped from <200 https://s.weibo.com/top/summary?cate=realtimehot>
None
2019-12-12 13:52:02 [scrapy.core.scraper] DEBUG: Scraped from <200 https://s.weibo.com/top/summary?cate=realtimehot>
None
2019-12-12 13:52:02 [scrapy.core.scraper] DEBUG: Scraped from <200 https://s.weibo.com/top/summary?cate=realtimehot>
None
2019-12-12 13:52:02 [scrapy.core.scraper] DEBUG: Scraped from <200 https://s.weibo.com/top/summary?cate=realtimehot>
None
2019-12-12 13:52:02 [scrapy.core.scraper] DEBUG: Scraped from <200 https://s.weibo.com/top/summary?cate=realtimehot>
None
2019-12-12 13:52:02 [scrapy.core.scraper] DEBUG: Scraped from <200 https://s.weibo.com/top/summary?cate=realtimehot>
None
2019-12-12 13:52:02 [scrapy.core.scraper] DEBUG: Scraped from <200 https://s.weibo.com/top/summary?cate=realtimehot>
None
2019-12-12 13:52:02 [scrapy.core.scraper] DEBUG: Scraped from <200 https://s.weibo.com/top/summary?cate=realtimehot>
None
2019-12-12 13:52:02 [scrapy.core.scraper] DEBUG: Scraped from <200 https://s.weibo.com/top/summary?cate=realtimehot>
None
2019-12-12 13:52:02 [scrapy.core.scraper] DEBUG: Scraped from <200 https://s.weibo.com/top/summary?cate=realtimehot>
None
2019-12-12 13:52:02 [scrapy.core.scraper] DEBUG: Scraped from <200 https://s.weibo.com/top/summary?cate=realtimehot>
None
2019-12-12 13:52:02 [scrapy.core.scraper] DEBUG: Scraped from <200 https://s.weibo.com/top/summary?cate=realtimehot>
None
2019-12-12 13:52:02 [scrapy.core.scraper] DEBUG: Scraped from <200 https://s.weibo.com/top/summary?cate=realtimehot>
None
2019-12-12 13:52:02 [scrapy.core.scraper] DEBUG: Scraped from <200 https://s.weibo.com/top/summary?cate=realtimehot>
None
2019-12-12 13:52:02 [scrapy.core.scraper] DEBUG: Scraped from <200 https://s.weibo.com/top/summary?cate=realtimehot>
None
2019-12-12 13:52:02 [scrapy.core.scraper] DEBUG: Scraped from <200 https://s.weibo.com/top/summary?cate=realtimehot>
None
2019-12-12 13:52:02 [scrapy.core.scraper] DEBUG: Scraped from <200 https://s.weibo.com/top/summary?cate=realtimehot>
None
2019-12-12 13:52:02 [scrapy.core.scraper] DEBUG: Scraped from <200 https://s.weibo.com/top/summary?cate=realtimehot>
None
2019-12-12 13:52:02 [scrapy.core.scraper] DEBUG: Scraped from <200 https://s.weibo.com/top/summary?cate=realtimehot>
None
2019-12-12 13:52:02 [scrapy.core.scraper] DEBUG: Scraped from <200 https://s.weibo.com/top/summary?cate=realtimehot>
None
2019-12-12 13:52:02 [scrapy.core.scraper] DEBUG: Scraped from <200 https://s.weibo.com/top/summary?cate=realtimehot>
None
2019-12-12 13:52:02 [scrapy.core.scraper] DEBUG: Scraped from <200 https://s.weibo.com/top/summary?cate=realtimehot>
None
2019-12-12 13:52:02 [scrapy.core.scraper] DEBUG: Scraped from <200 https://s.weibo.com/top/summary?cate=realtimehot>
None
2019-12-12 13:52:02 [scrapy.core.scraper] DEBUG: Scraped from <200 https://s.weibo.com/top/summary?cate=realtimehot>
None
2019-12-12 13:52:02 [scrapy.core.scraper] DEBUG: Scraped from <200 https://s.weibo.com/top/summary?cate=realtimehot>
None
2019-12-12 13:52:02 [scrapy.core.scraper] DEBUG: Scraped from <200 https://s.weibo.com/top/summary?cate=realtimehot>
None
2019-12-12 13:52:02 [scrapy.core.scraper] DEBUG: Scraped from <200 https://s.weibo.com/top/summary?cate=realtimehot>
None
2019-12-12 13:52:02 [scrapy.core.scraper] DEBUG: Scraped from <200 https://s.weibo.com/top/summary?cate=realtimehot>
None
2019-12-12 13:52:02 [scrapy.core.scraper] DEBUG: Scraped from <200 https://s.weibo.com/top/summary?cate=realtimehot>
None
2019-12-12 13:52:02 [scrapy.core.scraper] DEBUG: Scraped from <200 https://s.weibo.com/top/summary?cate=realtimehot>
None
2019-12-12 13:52:02 [scrapy.core.scraper] DEBUG: Scraped from <200 https://s.weibo.com/top/summary?cate=realtimehot>
None
2019-12-12 13:52:02 [scrapy.core.engine] INFO: Closing spider (finished)
2019-12-12 13:52:02 [scrapy.statscollectors] INFO: Dumping Scrapy stats:
{'downloader/request_bytes': 1489,
 'downloader/request_count': 4,
 'downloader/request_method_count/GET': 4,
 'downloader/response_bytes': 11315,
 'downloader/response_count': 4,
 'downloader/response_status_count/200': 2,
 'downloader/response_status_count/302': 2,
 'elapsed_time_seconds': 3.861874,
 'finish_reason': 'finished',
 'finish_time': datetime.datetime(2019, 12, 12, 13, 52, 2, 729279),
 'item_scraped_count': 50,
 'log_count/DEBUG': 54,
 'log_count/INFO': 10,
 'memusage/max': 57249792,
 'memusage/startup': 57249792,
 'response_received_count': 2,
 'robotstxt/request_count': 1,
 'robotstxt/response_count': 1,
 'robotstxt/response_status_count/200': 1,
 'scheduler/dequeued': 1,
 'scheduler/dequeued/memory': 1,
 'scheduler/enqueued': 1,
 'scheduler/enqueued/memory': 1,
 'start_time': datetime.datetime(2019, 12, 12, 13, 51, 58, 867405)}
2019-12-12 13:52:02 [scrapy.core.engine] INFO: Spider closed (finished)
2019-12-12 13:52:02 [urllib3.connectionpool] DEBUG: Starting new HTTP connection (1): elasticsearch:9200
2019-12-12 13:52:02 [urllib3.connectionpool] DEBUG: Starting new HTTP connection (1): elasticsearch:9200
2019-12-12 13:52:02 [urllib3.connectionpool] DEBUG: Starting new HTTP connection (1): elasticsearch:9200
2019-12-12 13:52:02 [urllib3.connectionpool] DEBUG: Starting new HTTP connection (1): elasticsearch:9200
2019-12-12 13:52:02 [urllib3.connectionpool] DEBUG: http://elasticsearch:9200 "HEAD /top HTTP/1.1" 200 0
2019-12-12 13:52:02 [elasticsearch] INFO: HEAD http://elasticsearch:9200/top [status:200 request:0.010s]
2019-12-12 13:52:02 [elasticsearch] DEBUG: > None
2019-12-12 13:52:02 [elasticsearch] DEBUG: < 
2019-12-12 13:52:02 [urllib3.connectionpool] DEBUG: http://elasticsearch:9200 "HEAD /top HTTP/1.1" 200 0
2019-12-12 13:52:02 [elasticsearch] INFO: HEAD http://elasticsearch:9200/top [status:200 request:0.006s]
2019-12-12 13:52:02 [elasticsearch] DEBUG: > None
2019-12-12 13:52:02 [elasticsearch] DEBUG: < 
2019-12-12 13:52:02 [urllib3.connectionpool] DEBUG: http://elasticsearch:9200 "HEAD /top HTTP/1.1" 200 0
2019-12-12 13:52:02 [elasticsearch] INFO: HEAD http://elasticsearch:9200/top [status:200 request:0.007s]
2019-12-12 13:52:02 [elasticsearch] DEBUG: > None
2019-12-12 13:52:02 [elasticsearch] DEBUG: < 
2019-12-12 13:52:02 [urllib3.connectionpool] DEBUG: http://elasticsearch:9200 "HEAD /top HTTP/1.1" 200 0
2019-12-12 13:52:02 [elasticsearch] INFO: HEAD http://elasticsearch:9200/top [status:200 request:0.006s]
2019-12-12 13:52:02 [elasticsearch] DEBUG: > None
2019-12-12 13:52:02 [elasticsearch] DEBUG: < 
2019-12-12 13:52:02 [urllib3.connectionpool] DEBUG: Starting new HTTP connection (1): elasticsearch:9200
2019-12-12 13:52:02 [urllib3.connectionpool] DEBUG: http://elasticsearch:9200 "HEAD /top HTTP/1.1" 200 0
2019-12-12 13:52:02 [elasticsearch] INFO: HEAD http://elasticsearch:9200/top [status:200 request:0.002s]
2019-12-12 13:52:02 [elasticsearch] DEBUG: > None
2019-12-12 13:52:02 [elasticsearch] DEBUG: < 
2019-12-12 13:52:02 [urllib3.connectionpool] DEBUG: http://elasticsearch:9200 "POST /top/_doc/4677 HTTP/1.1" 200 160
2019-12-12 13:52:02 [elasticsearch] INFO: POST http://elasticsearch:9200/top/_doc/4677 [status:200 request:0.008s]
2019-12-12 13:52:02 [elasticsearch] DEBUG: > {"title":"父亲不舍花10万治疗费出走","description_content":"160.3万","update_at":1576158722694}
2019-12-12 13:52:02 [elasticsearch] DEBUG: < {"_index":"top","_type":"_doc","_id":"4677","_version":48,"result":"updated","_shards":{"total":2,"successful":1,"failed":0},"_seq_no":110872,"_primary_term":1}
2019-12-12 13:52:02 [urllib3.connectionpool] DEBUG: http://elasticsearch:9200 "POST /top/_doc/4597 HTTP/1.1" 200 160
2019-12-12 13:52:02 [elasticsearch] INFO: POST http://elasticsearch:9200/top/_doc/4597 [status:200 request:0.017s]
2019-12-12 13:52:02 [elasticsearch] DEBUG: > {"title":"陈坤买酒被查年龄","description_content":"147.3万","update_at":1576158722694}
2019-12-12 13:52:02 [elasticsearch] DEBUG: < {"_index":"top","_type":"_doc","_id":"4597","_version":64,"result":"updated","_shards":{"total":2,"successful":1,"failed":0},"_seq_no":110873,"_primary_term":1}
2019-12-12 13:52:02 [urllib3.connectionpool] DEBUG: Starting new HTTP connection (1): elasticsearch:9200
2019-12-12 13:52:02 [urllib3.connectionpool] DEBUG: http://elasticsearch:9200 "HEAD /top HTTP/1.1" 200 0
2019-12-12 13:52:02 [elasticsearch] INFO: HEAD http://elasticsearch:9200/top [status:200 request:0.002s]
2019-12-12 13:52:02 [elasticsearch] DEBUG: > None
2019-12-12 13:52:02 [elasticsearch] DEBUG: < 
2019-12-12 13:52:02 [urllib3.connectionpool] DEBUG: http://elasticsearch:9200 "POST /top/_doc/3220 HTTP/1.1" 200 160
2019-12-12 13:52:02 [elasticsearch] INFO: POST http://elasticsearch:9200/top/_doc/3220 [status:200 request:0.027s]
2019-12-12 13:52:02 [elasticsearch] DEBUG: > {"title":"2019谁最高光","description_content":"150.3万","update_at":1576158722694}
2019-12-12 13:52:02 [elasticsearch] DEBUG: < {"_index":"top","_type":"_doc","_id":"3220","_version":24,"result":"updated","_shards":{"total":2,"successful":1,"failed":0},"_seq_no":110874,"_primary_term":1}
2019-12-12 13:52:02 [urllib3.connectionpool] DEBUG: Starting new HTTP connection (1): elasticsearch:9200
2019-12-12 13:52:02 [urllib3.connectionpool] DEBUG: http://elasticsearch:9200 "HEAD /top HTTP/1.1" 200 0
2019-12-12 13:52:02 [elasticsearch] INFO: HEAD http://elasticsearch:9200/top [status:200 request:0.002s]
2019-12-12 13:52:02 [elasticsearch] DEBUG: > None
2019-12-12 13:52:02 [elasticsearch] DEBUG: < 
2019-12-12 13:52:02 [urllib3.connectionpool] DEBUG: Starting new HTTP connection (1): elasticsearch:9200
2019-12-12 13:52:02 [urllib3.connectionpool] DEBUG: http://elasticsearch:9200 "POST /top/_doc/4622 HTTP/1.1" 200 160
2019-12-12 13:52:02 [elasticsearch] INFO: POST http://elasticsearch:9200/top/_doc/4622 [status:200 request:0.037s]
2019-12-12 13:52:02 [elasticsearch] DEBUG: > {"title":"高以翔追我吧最后画面","description_content":"328.7万","update_at":1576158722694}
2019-12-12 13:52:02 [elasticsearch] DEBUG: < {"_index":"top","_type":"_doc","_id":"4622","_version":57,"result":"updated","_shards":{"total":2,"successful":1,"failed":0},"_seq_no":110875,"_primary_term":1}
2019-12-12 13:52:02 [urllib3.connectionpool] DEBUG: http://elasticsearch:9200 "HEAD /top HTTP/1.1" 200 0
2019-12-12 13:52:02 [elasticsearch] INFO: HEAD http://elasticsearch:9200/top [status:200 request:0.003s]
2019-12-12 13:52:02 [elasticsearch] DEBUG: > None
2019-12-12 13:52:02 [elasticsearch] DEBUG: < 
2019-12-12 13:52:02 [urllib3.connectionpool] DEBUG: Starting new HTTP connection (1): elasticsearch:9200
2019-12-12 13:52:02 [urllib3.connectionpool] DEBUG: http://elasticsearch:9200 "HEAD /top HTTP/1.1" 200 0
2019-12-12 13:52:02 [elasticsearch] INFO: HEAD http://elasticsearch:9200/top [status:200 request:0.002s]
2019-12-12 13:52:02 [elasticsearch] DEBUG: > None
2019-12-12 13:52:02 [elasticsearch] DEBUG: < 
2019-12-12 13:52:02 [urllib3.connectionpool] DEBUG: http://elasticsearch:9200 "POST /top/_doc/4542 HTTP/1.1" 200 160
2019-12-12 13:52:02 [elasticsearch] INFO: POST http://elasticsearch:9200/top/_doc/4542 [status:200 request:0.040s]
2019-12-12 13:52:02 [elasticsearch] DEBUG: > {"title":"湖南卫视跨年阵容","description_content":"124.2万","update_at":1576158722694}
2019-12-12 13:52:02 [elasticsearch] DEBUG: < {"_index":"top","_type":"_doc","_id":"4542","_version":76,"result":"updated","_shards":{"total":2,"successful":1,"failed":0},"_seq_no":110876,"_primary_term":1}
2019-12-12 13:52:02 [urllib3.connectionpool] DEBUG: Starting new HTTP connection (1): elasticsearch:9200
2019-12-12 13:52:02 [urllib3.connectionpool] DEBUG: http://elasticsearch:9200 "POST /top/_doc/4889 HTTP/1.1" 200 159
2019-12-12 13:52:02 [elasticsearch] INFO: POST http://elasticsearch:9200/top/_doc/4889 [status:200 request:0.032s]
2019-12-12 13:52:02 [elasticsearch] DEBUG: > {"title":"庆余年手绘大赛","description_content":"121.0万","update_at":1576158722694}
2019-12-12 13:52:02 [elasticsearch] DEBUG: < {"_index":"top","_type":"_doc","_id":"4889","_version":3,"result":"updated","_shards":{"total":2,"successful":1,"failed":0},"_seq_no":110877,"_primary_term":1}
2019-12-12 13:52:02 [urllib3.connectionpool] DEBUG: http://elasticsearch:9200 "HEAD /top HTTP/1.1" 200 0
2019-12-12 13:52:02 [elasticsearch] INFO: HEAD http://elasticsearch:9200/top [status:200 request:0.003s]
2019-12-12 13:52:02 [elasticsearch] DEBUG: > None
2019-12-12 13:52:02 [elasticsearch] DEBUG: < 
2019-12-12 13:52:02 [urllib3.connectionpool] DEBUG: http://elasticsearch:9200 "POST /top/_doc/4806 HTTP/1.1" 200 160
2019-12-12 13:52:02 [elasticsearch] INFO: POST http://elasticsearch:9200/top/_doc/4806 [status:200 request:0.028s]
2019-12-12 13:52:02 [elasticsearch] DEBUG: > {"title":"Doinb成为LPL本地选手","description_content":"119.5万","update_at":1576158722694}
2019-12-12 13:52:02 [elasticsearch] DEBUG: < {"_index":"top","_type":"_doc","_id":"4806","_version":28,"result":"updated","_shards":{"total":2,"successful":1,"failed":0},"_seq_no":110878,"_primary_term":1}
2019-12-12 13:52:02 [urllib3.connectionpool] DEBUG: Starting new HTTP connection (1): elasticsearch:9200
2019-12-12 13:52:02 [urllib3.connectionpool] DEBUG: http://elasticsearch:9200 "HEAD /top HTTP/1.1" 200 0
2019-12-12 13:52:02 [elasticsearch] INFO: HEAD http://elasticsearch:9200/top [status:200 request:0.002s]
2019-12-12 13:52:02 [elasticsearch] DEBUG: > None
2019-12-12 13:52:02 [elasticsearch] DEBUG: < 
2019-12-12 13:52:02 [urllib3.connectionpool] DEBUG: http://elasticsearch:9200 "POST /top/_doc/4774 HTTP/1.1" 200 160
2019-12-12 13:52:02 [elasticsearch] INFO: POST http://elasticsearch:9200/top/_doc/4774 [status:200 request:0.027s]
2019-12-12 13:52:02 [elasticsearch] DEBUG: > {"title":"郭敬明版阴阳师立项","description_content":"105.2万","update_at":1576158722694}
2019-12-12 13:52:02 [elasticsearch] DEBUG: < {"_index":"top","_type":"_doc","_id":"4774","_version":35,"result":"updated","_shards":{"total":2,"successful":1,"failed":0},"_seq_no":110879,"_primary_term":1}
2019-12-12 13:52:02 [urllib3.connectionpool] DEBUG: Starting new HTTP connection (1): elasticsearch:9200
2019-12-12 13:52:02 [urllib3.connectionpool] DEBUG: http://elasticsearch:9200 "HEAD /top HTTP/1.1" 200 0
2019-12-12 13:52:02 [elasticsearch] INFO: HEAD http://elasticsearch:9200/top [status:200 request:0.002s]
2019-12-12 13:52:02 [elasticsearch] DEBUG: > None
2019-12-12 13:52:02 [elasticsearch] DEBUG: < 
2019-12-12 13:52:02 [urllib3.connectionpool] DEBUG: http://elasticsearch:9200 "POST /top/_doc/4490 HTTP/1.1" 200 160
2019-12-12 13:52:02 [elasticsearch] INFO: POST http://elasticsearch:9200/top/_doc/4490 [status:200 request:0.025s]
2019-12-12 13:52:02 [elasticsearch] DEBUG: > {"title":"高校奖励电梯救人同学59800元","description_content":"99.3万","update_at":1576158722694}
2019-12-12 13:52:02 [elasticsearch] DEBUG: < {"_index":"top","_type":"_doc","_id":"4490","_version":85,"result":"updated","_shards":{"total":2,"successful":1,"failed":0},"_seq_no":110880,"_primary_term":1}
2019-12-12 13:52:02 [urllib3.connectionpool] DEBUG: Starting new HTTP connection (1): elasticsearch:9200
2019-12-12 13:52:02 [urllib3.connectionpool] DEBUG: http://elasticsearch:9200 "HEAD /top HTTP/1.1" 200 0
2019-12-12 13:52:02 [elasticsearch] INFO: HEAD http://elasticsearch:9200/top [status:200 request:0.002s]
2019-12-12 13:52:02 [elasticsearch] DEBUG: > None
2019-12-12 13:52:02 [elasticsearch] DEBUG: < 
2019-12-12 13:52:02 [urllib3.connectionpool] DEBUG: Starting new HTTP connection (1): elasticsearch:9200
2019-12-12 13:52:02 [urllib3.connectionpool] DEBUG: http://elasticsearch:9200 "HEAD /top HTTP/1.1" 200 0
2019-12-12 13:52:02 [elasticsearch] INFO: HEAD http://elasticsearch:9200/top [status:200 request:0.002s]
2019-12-12 13:52:02 [elasticsearch] DEBUG: > None
2019-12-12 13:52:02 [elasticsearch] DEBUG: < 
2019-12-12 13:52:02 [urllib3.connectionpool] DEBUG: http://elasticsearch:9200 "POST /top/_doc/4474 HTTP/1.1" 200 160
2019-12-12 13:52:02 [elasticsearch] INFO: POST http://elasticsearch:9200/top/_doc/4474 [status:200 request:0.027s]
2019-12-12 13:52:02 [elasticsearch] DEBUG: > {"title":"外交部称想黑中国也请用点脑子","description_content":"86.5万","update_at":1576158722694}
2019-12-12 13:52:02 [elasticsearch] DEBUG: < {"_index":"top","_type":"_doc","_id":"4474","_version":62,"result":"updated","_shards":{"total":2,"successful":1,"failed":0},"_seq_no":110881,"_primary_term":1}
2019-12-12 13:52:02 [urllib3.connectionpool] DEBUG: http://elasticsearch:9200 "POST /top/_doc/4361 HTTP/1.1" 200 161
2019-12-12 13:52:02 [elasticsearch] INFO: POST http://elasticsearch:9200/top/_doc/4361 [status:200 request:0.022s]
2019-12-12 13:52:02 [elasticsearch] DEBUG: > {"title":"李嫣近照","description_content":"74.9万","update_at":1576158722694}
2019-12-12 13:52:02 [elasticsearch] DEBUG: < {"_index":"top","_type":"_doc","_id":"4361","_version":104,"result":"updated","_shards":{"total":2,"successful":1,"failed":0},"_seq_no":110882,"_primary_term":1}
2019-12-12 13:52:02 [urllib3.connectionpool] DEBUG: Starting new HTTP connection (1): elasticsearch:9200
2019-12-12 13:52:02 [urllib3.connectionpool] DEBUG: http://elasticsearch:9200 "HEAD /top HTTP/1.1" 200 0
2019-12-12 13:52:02 [elasticsearch] INFO: HEAD http://elasticsearch:9200/top [status:200 request:0.002s]
2019-12-12 13:52:02 [elasticsearch] DEBUG: > None
2019-12-12 13:52:02 [elasticsearch] DEBUG: < 
2019-12-12 13:52:02 [urllib3.connectionpool] DEBUG: http://elasticsearch:9200 "POST /top/_doc/4903 HTTP/1.1" 200 160
2019-12-12 13:52:02 [elasticsearch] INFO: POST http://elasticsearch:9200/top/_doc/4903 [status:200 request:0.023s]
2019-12-12 13:52:02 [elasticsearch] DEBUG: > {"title":"许昕刘诗雯获东京奥运参赛资格","description_content":"74.8万","update_at":1576158722694}
2019-12-12 13:52:02 [elasticsearch] DEBUG: < {"_index":"top","_type":"_doc","_id":"4903","_version":10,"result":"updated","_shards":{"total":2,"successful":1,"failed":0},"_seq_no":110883,"_primary_term":1}
2019-12-12 13:52:02 [urllib3.connectionpool] DEBUG: Starting new HTTP connection (1): elasticsearch:9200
2019-12-12 13:52:02 [urllib3.connectionpool] DEBUG: http://elasticsearch:9200 "HEAD /top HTTP/1.1" 200 0
2019-12-12 13:52:02 [elasticsearch] INFO: HEAD http://elasticsearch:9200/top [status:200 request:0.002s]
2019-12-12 13:52:02 [elasticsearch] DEBUG: > None
2019-12-12 13:52:02 [elasticsearch] DEBUG: < 
2019-12-12 13:52:02 [urllib3.connectionpool] DEBUG: Starting new HTTP connection (1): elasticsearch:9200
2019-12-12 13:52:02 [urllib3.connectionpool] DEBUG: http://elasticsearch:9200 "POST /top/_doc/4899 HTTP/1.1" 200 160
2019-12-12 13:52:02 [elasticsearch] INFO: POST http://elasticsearch:9200/top/_doc/4899 [status:200 request:0.028s]
2019-12-12 13:52:02 [elasticsearch] DEBUG: > {"title":"丁宁不敌佐藤瞳","description_content":"74.8万","update_at":1576158722694}
2019-12-12 13:52:02 [elasticsearch] DEBUG: < {"_index":"top","_type":"_doc","_id":"4899","_version":10,"result":"updated","_shards":{"total":2,"successful":1,"failed":0},"_seq_no":110884,"_primary_term":1}
2019-12-12 13:52:02 [urllib3.connectionpool] DEBUG: http://elasticsearch:9200 "HEAD /top HTTP/1.1" 200 0
2019-12-12 13:52:02 [elasticsearch] INFO: HEAD http://elasticsearch:9200/top [status:200 request:0.003s]
2019-12-12 13:52:02 [elasticsearch] DEBUG: > None
2019-12-12 13:52:02 [elasticsearch] DEBUG: < 
2019-12-12 13:52:02 [urllib3.connectionpool] DEBUG: http://elasticsearch:9200 "POST /top/_doc/4682 HTTP/1.1" 200 160
2019-12-12 13:52:02 [elasticsearch] INFO: POST http://elasticsearch:9200/top/_doc/4682 [status:200 request:0.030s]
2019-12-12 13:52:02 [elasticsearch] DEBUG: > {"title":"月亮好圆","description_content":"74.7万","update_at":1576158722694}
2019-12-12 13:52:02 [elasticsearch] DEBUG: < {"_index":"top","_type":"_doc","_id":"4682","_version":45,"result":"updated","_shards":{"total":2,"successful":1,"failed":0},"_seq_no":110885,"_primary_term":1}
2019-12-12 13:52:02 [urllib3.connectionpool] DEBUG: Starting new HTTP connection (1): elasticsearch:9200
2019-12-12 13:52:02 [urllib3.connectionpool] DEBUG: http://elasticsearch:9200 "HEAD /top HTTP/1.1" 200 0
2019-12-12 13:52:02 [elasticsearch] INFO: HEAD http://elasticsearch:9200/top [status:200 request:0.002s]
2019-12-12 13:52:02 [elasticsearch] DEBUG: > None
2019-12-12 13:52:02 [elasticsearch] DEBUG: < 
2019-12-12 13:52:02 [urllib3.connectionpool] DEBUG: http://elasticsearch:9200 "POST /top/_doc/4508 HTTP/1.1" 200 160
2019-12-12 13:52:02 [elasticsearch] INFO: POST http://elasticsearch:9200/top/_doc/4508 [status:200 request:0.026s]
2019-12-12 13:52:02 [elasticsearch] DEBUG: > {"title":"12306网购火车票业务办理时间延长","description_content":"74.6万","update_at":1576158722694}
2019-12-12 13:52:02 [elasticsearch] DEBUG: < {"_index":"top","_type":"_doc","_id":"4508","_version":82,"result":"updated","_shards":{"total":2,"successful":1,"failed":0},"_seq_no":110886,"_primary_term":1}
2019-12-12 13:52:02 [urllib3.connectionpool] DEBUG: Starting new HTTP connection (1): elasticsearch:9200
2019-12-12 13:52:02 [urllib3.connectionpool] DEBUG: http://elasticsearch:9200 "POST /top/_doc/4670 HTTP/1.1" 200 160
2019-12-12 13:52:02 [elasticsearch] INFO: POST http://elasticsearch:9200/top/_doc/4670 [status:200 request:0.023s]
2019-12-12 13:52:02 [elasticsearch] DEBUG: > {"title":"范丞丞粉色头发","description_content":"74.6万","update_at":1576158722694}
2019-12-12 13:52:02 [elasticsearch] DEBUG: < {"_index":"top","_type":"_doc","_id":"4670","_version":49,"result":"updated","_shards":{"total":2,"successful":1,"failed":0},"_seq_no":110887,"_primary_term":1}
2019-12-12 13:52:02 [urllib3.connectionpool] DEBUG: http://elasticsearch:9200 "HEAD /top HTTP/1.1" 200 0
2019-12-12 13:52:02 [elasticsearch] INFO: HEAD http://elasticsearch:9200/top [status:200 request:0.003s]
2019-12-12 13:52:02 [elasticsearch] DEBUG: > None
2019-12-12 13:52:02 [elasticsearch] DEBUG: < 
2019-12-12 13:52:02 [urllib3.connectionpool] DEBUG: Starting new HTTP connection (1): elasticsearch:9200
2019-12-12 13:52:02 [urllib3.connectionpool] DEBUG: http://elasticsearch:9200 "HEAD /top HTTP/1.1" 200 0
2019-12-12 13:52:02 [elasticsearch] INFO: HEAD http://elasticsearch:9200/top [status:200 request:0.002s]
2019-12-12 13:52:02 [elasticsearch] DEBUG: > None
2019-12-12 13:52:02 [elasticsearch] DEBUG: < 
2019-12-12 13:52:02 [urllib3.connectionpool] DEBUG: http://elasticsearch:9200 "POST /top/_doc/3059 HTTP/1.1" 200 161
2019-12-12 13:52:02 [elasticsearch] INFO: POST http://elasticsearch:9200/top/_doc/3059 [status:200 request:0.025s]
2019-12-12 13:52:02 [elasticsearch] DEBUG: > {"title":"五竹 帅","description_content":"74.5万","update_at":1576158722694}
2019-12-12 13:52:02 [elasticsearch] DEBUG: < {"_index":"top","_type":"_doc","_id":"3059","_version":157,"result":"updated","_shards":{"total":2,"successful":1,"failed":0},"_seq_no":110888,"_primary_term":1}
2019-12-12 13:52:02 [urllib3.connectionpool] DEBUG: Starting new HTTP connection (1): elasticsearch:9200
2019-12-12 13:52:02 [urllib3.connectionpool] DEBUG: http://elasticsearch:9200 "HEAD /top HTTP/1.1" 200 0
2019-12-12 13:52:02 [elasticsearch] INFO: HEAD http://elasticsearch:9200/top [status:200 request:0.002s]
2019-12-12 13:52:02 [elasticsearch] DEBUG: > None
2019-12-12 13:52:02 [elasticsearch] DEBUG: < 
2019-12-12 13:52:02 [urllib3.connectionpool] DEBUG: Starting new HTTP connection (1): elasticsearch:9200
2019-12-12 13:52:02 [urllib3.connectionpool] DEBUG: http://elasticsearch:9200 "POST /top/_doc/4863 HTTP/1.1" 200 160
2019-12-12 13:52:02 [elasticsearch] INFO: POST http://elasticsearch:9200/top/_doc/4863 [status:200 request:0.025s]
2019-12-12 13:52:02 [elasticsearch] DEBUG: > {"title":"奇葩说","description_content":"74.4万","update_at":1576158722694}
2019-12-12 13:52:02 [elasticsearch] DEBUG: < {"_index":"top","_type":"_doc","_id":"4863","_version":17,"result":"updated","_shards":{"total":2,"successful":1,"failed":0},"_seq_no":110889,"_primary_term":1}
2019-12-12 13:52:02 [urllib3.connectionpool] DEBUG: http://elasticsearch:9200 "HEAD /top HTTP/1.1" 200 0
2019-12-12 13:52:02 [elasticsearch] INFO: HEAD http://elasticsearch:9200/top [status:200 request:0.005s]
2019-12-12 13:52:02 [elasticsearch] DEBUG: > None
2019-12-12 13:52:02 [elasticsearch] DEBUG: < 
2019-12-12 13:52:02 [urllib3.connectionpool] DEBUG: http://elasticsearch:9200 "POST /top/_doc/4775 HTTP/1.1" 200 160
2019-12-12 13:52:02 [elasticsearch] INFO: POST http://elasticsearch:9200/top/_doc/4775 [status:200 request:0.025s]
2019-12-12 13:52:02 [elasticsearch] DEBUG: > {"title":"相亲要找大年三十才回家的","description_content":"73.7万","update_at":1576158722694}
2019-12-12 13:52:02 [elasticsearch] DEBUG: < {"_index":"top","_type":"_doc","_id":"4775","_version":35,"result":"updated","_shards":{"total":2,"successful":1,"failed":0},"_seq_no":110890,"_primary_term":1}
2019-12-12 13:52:02 [urllib3.connectionpool] DEBUG: Starting new HTTP connection (1): elasticsearch:9200
2019-12-12 13:52:02 [urllib3.connectionpool] DEBUG: http://elasticsearch:9200 "HEAD /top HTTP/1.1" 200 0
2019-12-12 13:52:02 [elasticsearch] INFO: HEAD http://elasticsearch:9200/top [status:200 request:0.002s]
2019-12-12 13:52:02 [elasticsearch] DEBUG: > None
2019-12-12 13:52:02 [elasticsearch] DEBUG: < 
2019-12-12 13:52:02 [urllib3.connectionpool] DEBUG: http://elasticsearch:9200 "POST /top/_doc/4923 HTTP/1.1" 200 159
2019-12-12 13:52:02 [elasticsearch] INFO: POST http://elasticsearch:9200/top/_doc/4923 [status:200 request:0.027s]
2019-12-12 13:52:02 [elasticsearch] DEBUG: > {"title":"宁波大学","description_content":"68.1万","update_at":1576158722694}
2019-12-12 13:52:02 [elasticsearch] DEBUG: < {"_index":"top","_type":"_doc","_id":"4923","_version":5,"result":"updated","_shards":{"total":2,"successful":1,"failed":0},"_seq_no":110891,"_primary_term":1}
2019-12-12 13:52:02 [urllib3.connectionpool] DEBUG: Starting new HTTP connection (1): elasticsearch:9200
2019-12-12 13:52:02 [urllib3.connectionpool] DEBUG: http://elasticsearch:9200 "HEAD /top HTTP/1.1" 200 0
2019-12-12 13:52:02 [elasticsearch] INFO: HEAD http://elasticsearch:9200/top [status:200 request:0.002s]
2019-12-12 13:52:02 [elasticsearch] DEBUG: > None
2019-12-12 13:52:02 [elasticsearch] DEBUG: < 
2019-12-12 13:52:02 [urllib3.connectionpool] DEBUG: http://elasticsearch:9200 "POST /top/_doc/4671 HTTP/1.1" 200 160
2019-12-12 13:52:02 [elasticsearch] INFO: POST http://elasticsearch:9200/top/_doc/4671 [status:200 request:0.027s]
2019-12-12 13:52:02 [elasticsearch] DEBUG: > {"title":"姜子牙预告","description_content":"42.5万","update_at":1576158722694}
2019-12-12 13:52:02 [elasticsearch] DEBUG: < {"_index":"top","_type":"_doc","_id":"4671","_version":49,"result":"updated","_shards":{"total":2,"successful":1,"failed":0},"_seq_no":110892,"_primary_term":1}
2019-12-12 13:52:02 [urllib3.connectionpool] DEBUG: Starting new HTTP connection (1): elasticsearch:9200
2019-12-12 13:52:02 [urllib3.connectionpool] DEBUG: http://elasticsearch:9200 "HEAD /top HTTP/1.1" 200 0
2019-12-12 13:52:02 [elasticsearch] INFO: HEAD http://elasticsearch:9200/top [status:200 request:0.002s]
2019-12-12 13:52:02 [elasticsearch] DEBUG: > None
2019-12-12 13:52:02 [elasticsearch] DEBUG: < 
2019-12-12 13:52:02 [urllib3.connectionpool] DEBUG: http://elasticsearch:9200 "POST /top/_doc/4591 HTTP/1.1" 200 160
2019-12-12 13:52:02 [elasticsearch] INFO: POST http://elasticsearch:9200/top/_doc/4591 [status:200 request:0.024s]
2019-12-12 13:52:02 [elasticsearch] DEBUG: > {"title":"英国地下农场绑3000童奴","description_content":"42.3万","update_at":1576158722694}
2019-12-12 13:52:02 [elasticsearch] DEBUG: < {"_index":"top","_type":"_doc","_id":"4591","_version":65,"result":"updated","_shards":{"total":2,"successful":1,"failed":0},"_seq_no":110893,"_primary_term":1}
2019-12-12 13:52:02 [urllib3.connectionpool] DEBUG: Starting new HTTP connection (1): elasticsearch:9200
2019-12-12 13:52:02 [urllib3.connectionpool] DEBUG: http://elasticsearch:9200 "HEAD /top HTTP/1.1" 200 0
2019-12-12 13:52:02 [elasticsearch] INFO: HEAD http://elasticsearch:9200/top [status:200 request:0.003s]
2019-12-12 13:52:02 [elasticsearch] DEBUG: > None
2019-12-12 13:52:02 [elasticsearch] DEBUG: < 
2019-12-12 13:52:02 [urllib3.connectionpool] DEBUG: http://elasticsearch:9200 "POST /top/_doc/4590 HTTP/1.1" 200 160
2019-12-12 13:52:02 [elasticsearch] INFO: POST http://elasticsearch:9200/top/_doc/4590 [status:200 request:0.024s]
2019-12-12 13:52:02 [elasticsearch] DEBUG: > {"title":"张艺兴古装造型","description_content":"40.3万","update_at":1576158722694}
2019-12-12 13:52:02 [elasticsearch] DEBUG: < {"_index":"top","_type":"_doc","_id":"4590","_version":64,"result":"updated","_shards":{"total":2,"successful":1,"failed":0},"_seq_no":110894,"_primary_term":1}
2019-12-12 13:52:02 [urllib3.connectionpool] DEBUG: Starting new HTTP connection (1): elasticsearch:9200
2019-12-12 13:52:02 [urllib3.connectionpool] DEBUG: http://elasticsearch:9200 "HEAD /top HTTP/1.1" 200 0
2019-12-12 13:52:02 [elasticsearch] INFO: HEAD http://elasticsearch:9200/top [status:200 request:0.003s]
2019-12-12 13:52:02 [elasticsearch] DEBUG: > None
2019-12-12 13:52:02 [elasticsearch] DEBUG: < 
2019-12-12 13:52:02 [urllib3.connectionpool] DEBUG: http://elasticsearch:9200 "POST /top/_doc/4534 HTTP/1.1" 200 160
2019-12-12 13:52:02 [elasticsearch] INFO: POST http://elasticsearch:9200/top/_doc/4534 [status:200 request:0.021s]
2019-12-12 13:52:02 [elasticsearch] DEBUG: > {"title":"花钱过猛后的样子","description_content":"35.1万","update_at":1576158722694}
2019-12-12 13:52:02 [elasticsearch] DEBUG: < {"_index":"top","_type":"_doc","_id":"4534","_version":78,"result":"updated","_shards":{"total":2,"successful":1,"failed":0},"_seq_no":110895,"_primary_term":1}
2019-12-12 13:52:02 [urllib3.connectionpool] DEBUG: Starting new HTTP connection (1): elasticsearch:9200
2019-12-12 13:52:02 [urllib3.connectionpool] DEBUG: http://elasticsearch:9200 "HEAD /top HTTP/1.1" 200 0
2019-12-12 13:52:02 [elasticsearch] INFO: HEAD http://elasticsearch:9200/top [status:200 request:0.002s]
2019-12-12 13:52:02 [elasticsearch] DEBUG: > None
2019-12-12 13:52:02 [elasticsearch] DEBUG: < 
2019-12-12 13:52:02 [urllib3.connectionpool] DEBUG: http://elasticsearch:9200 "POST /top/_doc/4864 HTTP/1.1" 200 160
2019-12-12 13:52:02 [elasticsearch] INFO: POST http://elasticsearch:9200/top/_doc/4864 [status:200 request:0.020s]
2019-12-12 13:52:02 [elasticsearch] DEBUG: > {"title":"迪士尼公主单品","description_content":"30.4万","update_at":1576158722694}
2019-12-12 13:52:02 [elasticsearch] DEBUG: < {"_index":"top","_type":"_doc","_id":"4864","_version":17,"result":"updated","_shards":{"total":2,"successful":1,"failed":0},"_seq_no":110896,"_primary_term":1}
2019-12-12 13:52:02 [urllib3.connectionpool] DEBUG: Starting new HTTP connection (1): elasticsearch:9200
2019-12-12 13:52:02 [urllib3.connectionpool] DEBUG: http://elasticsearch:9200 "HEAD /top HTTP/1.1" 200 0
2019-12-12 13:52:02 [elasticsearch] INFO: HEAD http://elasticsearch:9200/top [status:200 request:0.002s]
2019-12-12 13:52:02 [elasticsearch] DEBUG: > None
2019-12-12 13:52:02 [elasticsearch] DEBUG: < 
2019-12-12 13:52:02 [urllib3.connectionpool] DEBUG: http://elasticsearch:9200 "POST /top/_doc/3009 HTTP/1.1" 200 161
2019-12-12 13:52:02 [elasticsearch] INFO: POST http://elasticsearch:9200/top/_doc/3009 [status:200 request:0.019s]
2019-12-12 13:52:02 [elasticsearch] DEBUG: > {"title":"高以翔抢救现场视频","description_content":"29.6万","update_at":1576158722694}
2019-12-12 13:52:02 [elasticsearch] DEBUG: < {"_index":"top","_type":"_doc","_id":"3009","_version":160,"result":"updated","_shards":{"total":2,"successful":1,"failed":0},"_seq_no":110897,"_primary_term":1}
2019-12-12 13:52:02 [urllib3.connectionpool] DEBUG: Starting new HTTP connection (1): elasticsearch:9200
2019-12-12 13:52:02 [urllib3.connectionpool] DEBUG: http://elasticsearch:9200 "HEAD /top HTTP/1.1" 200 0
2019-12-12 13:52:02 [elasticsearch] INFO: HEAD http://elasticsearch:9200/top [status:200 request:0.002s]
2019-12-12 13:52:02 [elasticsearch] DEBUG: > None
2019-12-12 13:52:02 [elasticsearch] DEBUG: < 
2019-12-12 13:52:02 [urllib3.connectionpool] DEBUG: http://elasticsearch:9200 "POST /top/_doc/4834 HTTP/1.1" 200 160
2019-12-12 13:52:02 [elasticsearch] INFO: POST http://elasticsearch:9200/top/_doc/4834 [status:200 request:0.021s]
2019-12-12 13:52:02 [elasticsearch] DEBUG: > {"title":"袁昊直播","description_content":"28.9万","update_at":1576158722694}
2019-12-12 13:52:02 [elasticsearch] DEBUG: < {"_index":"top","_type":"_doc","_id":"4834","_version":25,"result":"updated","_shards":{"total":2,"successful":1,"failed":0},"_seq_no":110898,"_primary_term":1}
2019-12-12 13:52:02 [urllib3.connectionpool] DEBUG: Starting new HTTP connection (1): elasticsearch:9200
2019-12-12 13:52:02 [urllib3.connectionpool] DEBUG: http://elasticsearch:9200 "HEAD /top HTTP/1.1" 200 0
2019-12-12 13:52:02 [elasticsearch] INFO: HEAD http://elasticsearch:9200/top [status:200 request:0.003s]
2019-12-12 13:52:02 [elasticsearch] DEBUG: > None
2019-12-12 13:52:02 [elasticsearch] DEBUG: < 
2019-12-12 13:52:02 [urllib3.connectionpool] DEBUG: http://elasticsearch:9200 "POST /top/_doc/4783 HTTP/1.1" 200 160
2019-12-12 13:52:02 [elasticsearch] INFO: POST http://elasticsearch:9200/top/_doc/4783 [status:200 request:0.022s]
2019-12-12 13:52:02 [elasticsearch] DEBUG: > {"title":"别人摘帽子你摘帽子","description_content":"28.0万","update_at":1576158722694}
2019-12-12 13:52:02 [elasticsearch] DEBUG: < {"_index":"top","_type":"_doc","_id":"4783","_version":33,"result":"updated","_shards":{"total":2,"successful":1,"failed":0},"_seq_no":110899,"_primary_term":1}
2019-12-12 13:52:02 [urllib3.connectionpool] DEBUG: Starting new HTTP connection (1): elasticsearch:9200
2019-12-12 13:52:02 [urllib3.connectionpool] DEBUG: http://elasticsearch:9200 "HEAD /top HTTP/1.1" 200 0
2019-12-12 13:52:02 [elasticsearch] INFO: HEAD http://elasticsearch:9200/top [status:200 request:0.002s]
2019-12-12 13:52:02 [elasticsearch] DEBUG: > None
2019-12-12 13:52:02 [elasticsearch] DEBUG: < 
2019-12-12 13:52:02 [urllib3.connectionpool] DEBUG: http://elasticsearch:9200 "POST /top/_doc/4926 HTTP/1.1" 200 159
2019-12-12 13:52:02 [elasticsearch] INFO: POST http://elasticsearch:9200/top/_doc/4926 [status:200 request:0.022s]
2019-12-12 13:52:02 [elasticsearch] DEBUG: > {"title":"20天后20后出生","description_content":"24.8万","update_at":1576158722694}
2019-12-12 13:52:02 [elasticsearch] DEBUG: < {"_index":"top","_type":"_doc","_id":"4926","_version":4,"result":"updated","_shards":{"total":2,"successful":1,"failed":0},"_seq_no":110900,"_primary_term":1}
2019-12-12 13:52:02 [urllib3.connectionpool] DEBUG: Starting new HTTP connection (1): elasticsearch:9200
2019-12-12 13:52:02 [urllib3.connectionpool] DEBUG: http://elasticsearch:9200 "HEAD /top HTTP/1.1" 200 0
2019-12-12 13:52:02 [elasticsearch] INFO: HEAD http://elasticsearch:9200/top [status:200 request:0.002s]
2019-12-12 13:52:02 [elasticsearch] DEBUG: > None
2019-12-12 13:52:02 [elasticsearch] DEBUG: < 
2019-12-12 13:52:02 [urllib3.connectionpool] DEBUG: http://elasticsearch:9200 "POST /top/_doc/2848 HTTP/1.1" 200 161
2019-12-12 13:52:02 [elasticsearch] INFO: POST http://elasticsearch:9200/top/_doc/2848 [status:200 request:0.024s]
2019-12-12 13:52:02 [elasticsearch] DEBUG: > {"title":"智利女性蒙面唱跳痛斥强奸犯","description_content":"23.9万","update_at":1576158722694}
2019-12-12 13:52:02 [elasticsearch] DEBUG: < {"_index":"top","_type":"_doc","_id":"2848","_version":162,"result":"updated","_shards":{"total":2,"successful":1,"failed":0},"_seq_no":110901,"_primary_term":1}
2019-12-12 13:52:02 [urllib3.connectionpool] DEBUG: Starting new HTTP connection (1): elasticsearch:9200
2019-12-12 13:52:02 [urllib3.connectionpool] DEBUG: http://elasticsearch:9200 "HEAD /top HTTP/1.1" 200 0
2019-12-12 13:52:02 [elasticsearch] INFO: HEAD http://elasticsearch:9200/top [status:200 request:0.002s]
2019-12-12 13:52:02 [elasticsearch] DEBUG: > None
2019-12-12 13:52:02 [elasticsearch] DEBUG: < 
2019-12-12 13:52:02 [urllib3.connectionpool] DEBUG: http://elasticsearch:9200 "POST /top/_doc/3337 HTTP/1.1" 200 161
2019-12-12 13:52:02 [elasticsearch] INFO: POST http://elasticsearch:9200/top/_doc/3337 [status:200 request:0.021s]
2019-12-12 13:52:02 [elasticsearch] DEBUG: > {"title":"刘诗诗状态","description_content":"23.8万","update_at":1576158722694}
2019-12-12 13:52:02 [elasticsearch] DEBUG: < {"_index":"top","_type":"_doc","_id":"3337","_version":140,"result":"updated","_shards":{"total":2,"successful":1,"failed":0},"_seq_no":110902,"_primary_term":1}
2019-12-12 13:52:02 [urllib3.connectionpool] DEBUG: Starting new HTTP connection (1): elasticsearch:9200
2019-12-12 13:52:02 [urllib3.connectionpool] DEBUG: http://elasticsearch:9200 "HEAD /top HTTP/1.1" 200 0
2019-12-12 13:52:02 [elasticsearch] INFO: HEAD http://elasticsearch:9200/top [status:200 request:0.002s]
2019-12-12 13:52:02 [elasticsearch] DEBUG: > None
2019-12-12 13:52:02 [elasticsearch] DEBUG: < 
2019-12-12 13:52:02 [urllib3.connectionpool] DEBUG: http://elasticsearch:9200 "POST /top/_doc/4898 HTTP/1.1" 200 160
2019-12-12 13:52:02 [elasticsearch] INFO: POST http://elasticsearch:9200/top/_doc/4898 [status:200 request:0.022s]
2019-12-12 13:52:02 [elasticsearch] DEBUG: > {"title":"中国影视明星社会责任研究报告","description_content":"23.8万","update_at":1576158722694}
2019-12-12 13:52:02 [elasticsearch] DEBUG: < {"_index":"top","_type":"_doc","_id":"4898","_version":11,"result":"updated","_shards":{"total":2,"successful":1,"failed":0},"_seq_no":110903,"_primary_term":1}
2019-12-12 13:52:02 [urllib3.connectionpool] DEBUG: Starting new HTTP connection (1): elasticsearch:9200
2019-12-12 13:52:02 [urllib3.connectionpool] DEBUG: http://elasticsearch:9200 "HEAD /top HTTP/1.1" 200 0
2019-12-12 13:52:02 [elasticsearch] INFO: HEAD http://elasticsearch:9200/top [status:200 request:0.002s]
2019-12-12 13:52:02 [elasticsearch] DEBUG: > None
2019-12-12 13:52:02 [elasticsearch] DEBUG: < 
2019-12-12 13:52:02 [urllib3.connectionpool] DEBUG: http://elasticsearch:9200 "POST /top/_doc/4723 HTTP/1.1" 200 160
2019-12-12 13:52:02 [elasticsearch] INFO: POST http://elasticsearch:9200/top/_doc/4723 [status:200 request:0.021s]
2019-12-12 13:52:02 [elasticsearch] DEBUG: > {"title":"小学生网购罚抄笔做作业","description_content":"23.7万","update_at":1576158722694}
2019-12-12 13:52:02 [elasticsearch] DEBUG: < {"_index":"top","_type":"_doc","_id":"4723","_version":43,"result":"updated","_shards":{"total":2,"successful":1,"failed":0},"_seq_no":110904,"_primary_term":1}
2019-12-12 13:52:02 [urllib3.connectionpool] DEBUG: Starting new HTTP connection (1): elasticsearch:9200
2019-12-12 13:52:02 [urllib3.connectionpool] DEBUG: http://elasticsearch:9200 "HEAD /top HTTP/1.1" 200 0
2019-12-12 13:52:02 [elasticsearch] INFO: HEAD http://elasticsearch:9200/top [status:200 request:0.002s]
2019-12-12 13:52:02 [elasticsearch] DEBUG: > None
2019-12-12 13:52:02 [elasticsearch] DEBUG: < 
2019-12-12 13:52:02 [urllib3.connectionpool] DEBUG: http://elasticsearch:9200 "POST /top/_doc/4925 HTTP/1.1" 200 159
2019-12-12 13:52:02 [elasticsearch] INFO: POST http://elasticsearch:9200/top/_doc/4925 [status:200 request:0.020s]
2019-12-12 13:52:02 [elasticsearch] DEBUG: > {"title":"鹤唳华亭","description_content":"23.7万","update_at":1576158722694}
2019-12-12 13:52:02 [elasticsearch] DEBUG: < {"_index":"top","_type":"_doc","_id":"4925","_version":4,"result":"updated","_shards":{"total":2,"successful":1,"failed":0},"_seq_no":110905,"_primary_term":1}
2019-12-12 13:52:02 [urllib3.connectionpool] DEBUG: Starting new HTTP connection (1): elasticsearch:9200
2019-12-12 13:52:02 [urllib3.connectionpool] DEBUG: http://elasticsearch:9200 "HEAD /top HTTP/1.1" 200 0
2019-12-12 13:52:02 [elasticsearch] INFO: HEAD http://elasticsearch:9200/top [status:200 request:0.003s]
2019-12-12 13:52:02 [elasticsearch] DEBUG: > None
2019-12-12 13:52:02 [elasticsearch] DEBUG: < 
2019-12-12 13:52:02 [urllib3.connectionpool] DEBUG: http://elasticsearch:9200 "POST /top/_doc/4447 HTTP/1.1" 200 160
2019-12-12 13:52:02 [elasticsearch] INFO: POST http://elasticsearch:9200/top/_doc/4447 [status:200 request:0.020s]
2019-12-12 13:52:02 [elasticsearch] DEBUG: > {"title":"减肥成功是怎样的一种体验","description_content":"23.3万","update_at":1576158722694}
2019-12-12 13:52:02 [elasticsearch] DEBUG: < {"_index":"top","_type":"_doc","_id":"4447","_version":93,"result":"updated","_shards":{"total":2,"successful":1,"failed":0},"_seq_no":110906,"_primary_term":1}
2019-12-12 13:52:02 [urllib3.connectionpool] DEBUG: Starting new HTTP connection (1): elasticsearch:9200
2019-12-12 13:52:02 [urllib3.connectionpool] DEBUG: http://elasticsearch:9200 "HEAD /top HTTP/1.1" 200 0
2019-12-12 13:52:02 [elasticsearch] INFO: HEAD http://elasticsearch:9200/top [status:200 request:0.002s]
2019-12-12 13:52:02 [elasticsearch] DEBUG: > None
2019-12-12 13:52:02 [elasticsearch] DEBUG: < 
2019-12-12 13:52:02 [urllib3.connectionpool] DEBUG: http://elasticsearch:9200 "POST /top/_doc/4370 HTTP/1.1" 200 161
2019-12-12 13:52:02 [elasticsearch] INFO: POST http://elasticsearch:9200/top/_doc/4370 [status:200 request:0.021s]
2019-12-12 13:52:02 [elasticsearch] DEBUG: > {"title":"肖战南京活动取消","description_content":"23.2万","update_at":1576158722694}
2019-12-12 13:52:02 [elasticsearch] DEBUG: < {"_index":"top","_type":"_doc","_id":"4370","_version":103,"result":"updated","_shards":{"total":2,"successful":1,"failed":0},"_seq_no":110907,"_primary_term":1}
2019-12-12 13:52:03 [urllib3.connectionpool] DEBUG: Starting new HTTP connection (1): elasticsearch:9200
2019-12-12 13:52:03 [urllib3.connectionpool] DEBUG: http://elasticsearch:9200 "HEAD /top HTTP/1.1" 200 0
2019-12-12 13:52:03 [elasticsearch] INFO: HEAD http://elasticsearch:9200/top [status:200 request:0.002s]
2019-12-12 13:52:03 [elasticsearch] DEBUG: > None
2019-12-12 13:52:03 [elasticsearch] DEBUG: < 
2019-12-12 13:52:03 [urllib3.connectionpool] DEBUG: http://elasticsearch:9200 "POST /top/_doc/3374 HTTP/1.1" 200 161
2019-12-12 13:52:03 [elasticsearch] INFO: POST http://elasticsearch:9200/top/_doc/3374 [status:200 request:0.021s]
2019-12-12 13:52:03 [elasticsearch] DEBUG: > {"title":"杨超越乞丐造型","description_content":"23.0万","update_at":1576158722694}
2019-12-12 13:52:03 [elasticsearch] DEBUG: < {"_index":"top","_type":"_doc","_id":"3374","_version":134,"result":"updated","_shards":{"total":2,"successful":1,"failed":0},"_seq_no":110908,"_primary_term":1}
2019-12-12 13:52:03 [urllib3.connectionpool] DEBUG: Starting new HTTP connection (1): elasticsearch:9200
2019-12-12 13:52:03 [urllib3.connectionpool] DEBUG: http://elasticsearch:9200 "HEAD /top HTTP/1.1" 200 0
2019-12-12 13:52:03 [elasticsearch] INFO: HEAD http://elasticsearch:9200/top [status:200 request:0.002s]
2019-12-12 13:52:03 [elasticsearch] DEBUG: > None
2019-12-12 13:52:03 [elasticsearch] DEBUG: < 
2019-12-12 13:52:03 [urllib3.connectionpool] DEBUG: Starting new HTTP connection (1): elasticsearch:9200
2019-12-12 13:52:03 [urllib3.connectionpool] DEBUG: http://elasticsearch:9200 "POST /top/_doc/4694 HTTP/1.1" 200 160
2019-12-12 13:52:03 [elasticsearch] INFO: POST http://elasticsearch:9200/top/_doc/4694 [status:200 request:0.021s]
2019-12-12 13:52:03 [elasticsearch] DEBUG: > {"title":"大明风华定档","description_content":"22.7万","update_at":1576158722694}
2019-12-12 13:52:03 [elasticsearch] DEBUG: < {"_index":"top","_type":"_doc","_id":"4694","_version":45,"result":"updated","_shards":{"total":2,"successful":1,"failed":0},"_seq_no":110909,"_primary_term":1}
2019-12-12 13:52:03 [urllib3.connectionpool] DEBUG: http://elasticsearch:9200 "HEAD /top HTTP/1.1" 200 0
2019-12-12 13:52:03 [elasticsearch] INFO: HEAD http://elasticsearch:9200/top [status:200 request:0.003s]
2019-12-12 13:52:03 [elasticsearch] DEBUG: > None
2019-12-12 13:52:03 [elasticsearch] DEBUG: < 
2019-12-12 13:52:03 [urllib3.connectionpool] DEBUG: http://elasticsearch:9200 "POST /top/_doc/4878 HTTP/1.1" 200 160
2019-12-12 13:52:03 [elasticsearch] INFO: POST http://elasticsearch:9200/top/_doc/4878 [status:200 request:0.023s]
2019-12-12 13:52:03 [elasticsearch] DEBUG: > {"title":"中小学春秋假要来了","description_content":"22.3万","update_at":1576158722694}
2019-12-12 13:52:03 [elasticsearch] DEBUG: < {"_index":"top","_type":"_doc","_id":"4878","_version":16,"result":"updated","_shards":{"total":2,"successful":1,"failed":0},"_seq_no":110910,"_primary_term":1}
2019-12-12 13:52:03 [urllib3.connectionpool] DEBUG: Starting new HTTP connection (1): elasticsearch:9200
2019-12-12 13:52:03 [urllib3.connectionpool] DEBUG: http://elasticsearch:9200 "HEAD /top HTTP/1.1" 200 0
2019-12-12 13:52:03 [elasticsearch] INFO: HEAD http://elasticsearch:9200/top [status:200 request:0.002s]
2019-12-12 13:52:03 [elasticsearch] DEBUG: > None
2019-12-12 13:52:03 [elasticsearch] DEBUG: < 
2019-12-12 13:52:03 [urllib3.connectionpool] DEBUG: http://elasticsearch:9200 "POST /top/_doc/4882 HTTP/1.1" 200 160
2019-12-12 13:52:03 [elasticsearch] INFO: POST http://elasticsearch:9200/top/_doc/4882 [status:200 request:0.022s]
2019-12-12 13:52:03 [elasticsearch] DEBUG: > {"title":"相同的衣服别人穿VS我穿","description_content":"20.1万","update_at":1576158722694}
2019-12-12 13:52:03 [elasticsearch] DEBUG: < {"_index":"top","_type":"_doc","_id":"4882","_version":15,"result":"updated","_shards":{"total":2,"successful":1,"failed":0},"_seq_no":110911,"_primary_term":1}
2019-12-12 13:52:03 [urllib3.connectionpool] DEBUG: Starting new HTTP connection (1): elasticsearch:9200
2019-12-12 13:52:03 [urllib3.connectionpool] DEBUG: http://elasticsearch:9200 "HEAD /top HTTP/1.1" 200 0
2019-12-12 13:52:03 [elasticsearch] INFO: HEAD http://elasticsearch:9200/top [status:200 request:0.002s]
2019-12-12 13:52:03 [elasticsearch] DEBUG: > None
2019-12-12 13:52:03 [elasticsearch] DEBUG: < 
2019-12-12 13:52:03 [urllib3.connectionpool] DEBUG: http://elasticsearch:9200 "POST /top/_doc/2866 HTTP/1.1" 200 161
2019-12-12 13:52:03 [elasticsearch] INFO: POST http://elasticsearch:9200/top/_doc/2866 [status:200 request:0.025s]
2019-12-12 13:52:03 [elasticsearch] DEBUG: > {"title":"吴昕 我一哭就被黑","description_content":"19.8万","update_at":1576158722694}
2019-12-12 13:52:03 [elasticsearch] DEBUG: < {"_index":"top","_type":"_doc","_id":"2866","_version":162,"result":"updated","_shards":{"total":2,"successful":1,"failed":0},"_seq_no":110912,"_primary_term":1}
2019-12-12 13:52:03 [urllib3.connectionpool] DEBUG: Starting new HTTP connection (1): elasticsearch:9200
2019-12-12 13:52:03 [urllib3.connectionpool] DEBUG: http://elasticsearch:9200 "HEAD /top HTTP/1.1" 200 0
2019-12-12 13:52:03 [elasticsearch] INFO: HEAD http://elasticsearch:9200/top [status:200 request:0.002s]
2019-12-12 13:52:03 [elasticsearch] DEBUG: > None
2019-12-12 13:52:03 [elasticsearch] DEBUG: < 
2019-12-12 13:52:03 [urllib3.connectionpool] DEBUG: Starting new HTTP connection (1): elasticsearch:9200
2019-12-12 13:52:03 [urllib3.connectionpool] DEBUG: http://elasticsearch:9200 "POST /top/_doc/2826 HTTP/1.1" 200 161
2019-12-12 13:52:03 [elasticsearch] INFO: POST http://elasticsearch:9200/top/_doc/2826 [status:200 request:0.026s]
2019-12-12 13:52:03 [elasticsearch] DEBUG: > {"title":"柯震东复出","description_content":"18.8万","update_at":1576158722694}
2019-12-12 13:52:03 [elasticsearch] DEBUG: < {"_index":"top","_type":"_doc","_id":"2826","_version":162,"result":"updated","_shards":{"total":2,"successful":1,"failed":0},"_seq_no":110913,"_primary_term":1}
2019-12-12 13:52:03 [urllib3.connectionpool] DEBUG: http://elasticsearch:9200 "HEAD /top HTTP/1.1" 200 0
2019-12-12 13:52:03 [elasticsearch] INFO: HEAD http://elasticsearch:9200/top [status:200 request:0.004s]
2019-12-12 13:52:03 [elasticsearch] DEBUG: > None
2019-12-12 13:52:03 [elasticsearch] DEBUG: < 
2019-12-12 13:52:03 [urllib3.connectionpool] DEBUG: http://elasticsearch:9200 "POST /top/_doc/4690 HTTP/1.1" 200 160
2019-12-12 13:52:03 [elasticsearch] INFO: POST http://elasticsearch:9200/top/_doc/4690 [status:200 request:0.023s]
2019-12-12 13:52:03 [elasticsearch] DEBUG: > {"title":"得知室友脱单之后的反应","description_content":"17.8万","update_at":1576158722694}
2019-12-12 13:52:03 [elasticsearch] DEBUG: < {"_index":"top","_type":"_doc","_id":"4690","_version":44,"result":"updated","_shards":{"total":2,"successful":1,"failed":0},"_seq_no":110914,"_primary_term":1}
2019-12-12 13:52:03 [urllib3.connectionpool] DEBUG: Starting new HTTP connection (1): elasticsearch:9200
2019-12-12 13:52:03 [urllib3.connectionpool] DEBUG: http://elasticsearch:9200 "HEAD /top HTTP/1.1" 200 0
2019-12-12 13:52:03 [elasticsearch] INFO: HEAD http://elasticsearch:9200/top [status:200 request:0.002s]
2019-12-12 13:52:03 [elasticsearch] DEBUG: > None
2019-12-12 13:52:03 [elasticsearch] DEBUG: < 
2019-12-12 13:52:03 [urllib3.connectionpool] DEBUG: http://elasticsearch:9200 "POST /top/_doc/4904 HTTP/1.1" 200 160
2019-12-12 13:52:03 [elasticsearch] INFO: POST http://elasticsearch:9200/top/_doc/4904 [status:200 request:0.024s]
2019-12-12 13:52:03 [elasticsearch] DEBUG: > {"title":"过去十年影响最大100件电子产品","description_content":"17.7万","update_at":1576158722694}
2019-12-12 13:52:03 [elasticsearch] DEBUG: < {"_index":"top","_type":"_doc","_id":"4904","_version":10,"result":"updated","_shards":{"total":2,"successful":1,"failed":0},"_seq_no":110915,"_primary_term":1}
2019-12-12 13:52:03 [urllib3.connectionpool] DEBUG: Starting new HTTP connection (1): elasticsearch:9200
2019-12-12 13:52:03 [urllib3.connectionpool] DEBUG: http://elasticsearch:9200 "HEAD /top HTTP/1.1" 200 0
2019-12-12 13:52:03 [elasticsearch] INFO: HEAD http://elasticsearch:9200/top [status:200 request:0.002s]
2019-12-12 13:52:03 [elasticsearch] DEBUG: > None
2019-12-12 13:52:03 [elasticsearch] DEBUG: < 
2019-12-12 13:52:03 [urllib3.connectionpool] DEBUG: http://elasticsearch:9200 "POST /top/_doc/4337 HTTP/1.1" 200 161
2019-12-12 13:52:03 [elasticsearch] INFO: POST http://elasticsearch:9200/top/_doc/4337 [status:200 request:0.024s]
2019-12-12 13:52:03 [elasticsearch] DEBUG: > {"title":"嘴巴过敏得像雷震子","description_content":"17.6万","update_at":1576158722694}
2019-12-12 13:52:03 [elasticsearch] DEBUG: < {"_index":"top","_type":"_doc","_id":"4337","_version":108,"result":"updated","_shards":{"total":2,"successful":1,"failed":0},"_seq_no":110916,"_primary_term":1}
2019-12-12 13:52:03 [urllib3.connectionpool] DEBUG: Starting new HTTP connection (1): elasticsearch:9200
2019-12-12 13:52:03 [urllib3.connectionpool] DEBUG: http://elasticsearch:9200 "HEAD /top HTTP/1.1" 200 0
2019-12-12 13:52:03 [elasticsearch] INFO: HEAD http://elasticsearch:9200/top [status:200 request:0.002s]
2019-12-12 13:52:03 [elasticsearch] DEBUG: > None
2019-12-12 13:52:03 [elasticsearch] DEBUG: < 
2019-12-12 13:52:03 [urllib3.connectionpool] DEBUG: http://elasticsearch:9200 "POST /top/_doc/4938 HTTP/1.1" 201 159
2019-12-12 13:52:03 [elasticsearch] INFO: POST http://elasticsearch:9200/top/_doc/4938 [status:201 request:0.022s]
2019-12-12 13:52:03 [elasticsearch] DEBUG: > {"title":"太阳系近邻宜居行星的太空探索计划","description_content":"17.0万","update_at":1576158722694}
2019-12-12 13:52:03 [elasticsearch] DEBUG: < {"_index":"top","_type":"_doc","_id":"4938","_version":1,"result":"created","_shards":{"total":2,"successful":1,"failed":0},"_seq_no":110917,"_primary_term":1}
2019-12-12 13:52:03 [urllib3.connectionpool] DEBUG: Starting new HTTP connection (1): elasticsearch:9200
2019-12-12 13:52:03 [urllib3.connectionpool] DEBUG: http://elasticsearch:9200 "HEAD /top HTTP/1.1" 200 0
2019-12-12 13:52:03 [elasticsearch] INFO: HEAD http://elasticsearch:9200/top [status:200 request:0.002s]
2019-12-12 13:52:03 [elasticsearch] DEBUG: > None
2019-12-12 13:52:03 [elasticsearch] DEBUG: < 
2019-12-12 13:52:03 [urllib3.connectionpool] DEBUG: http://elasticsearch:9200 "POST /top/_doc/4732 HTTP/1.1" 200 160
2019-12-12 13:52:03 [elasticsearch] INFO: POST http://elasticsearch:9200/top/_doc/4732 [status:200 request:0.024s]
2019-12-12 13:52:03 [elasticsearch] DEBUG: > {"title":"中央军委举行晋升上将军衔仪式","description_content":"16.7万","update_at":1576158722694}
2019-12-12 13:52:03 [elasticsearch] DEBUG: < {"_index":"top","_type":"_doc","_id":"4732","_version":29,"result":"updated","_shards":{"total":2,"successful":1,"failed":0},"_seq_no":110918,"_primary_term":1}
2019-12-12 13:52:03 [urllib3.connectionpool] DEBUG: http://elasticsearch:9200 "POST /top/_doc/4787 HTTP/1.1" 200 160
2019-12-12 13:52:03 [elasticsearch] INFO: POST http://elasticsearch:9200/top/_doc/4787 [status:200 request:0.023s]
2019-12-12 13:52:03 [elasticsearch] DEBUG: > {"title":"詹姆斯真实正负值联盟第一","description_content":"16.7万","update_at":1576158722694}
2019-12-12 13:52:03 [elasticsearch] DEBUG: < {"_index":"top","_type":"_doc","_id":"4787","_version":32,"result":"updated","_shards":{"total":2,"successful":1,"failed":0},"_seq_no":110919,"_primary_term":1}
2019-12-12 13:52:03 [urllib3.connectionpool] DEBUG: http://elasticsearch:9200 "POST /top/_doc/4384 HTTP/1.1" 200 161
2019-12-12 13:52:03 [elasticsearch] INFO: POST http://elasticsearch:9200/top/_doc/4384 [status:200 request:0.022s]
2019-12-12 13:52:03 [elasticsearch] DEBUG: > {"title":"飞机餐隐藏的秘密","description_content":"15.8万","update_at":1576158722694}
2019-12-12 13:52:03 [elasticsearch] DEBUG: < {"_index":"top","_type":"_doc","_id":"4384","_version":100,"result":"updated","_shards":{"total":2,"successful":1,"failed":0},"_seq_no":110920,"_primary_term":1}
2019-12-12 13:52:03 [urllib3.connectionpool] DEBUG: http://elasticsearch:9200 "POST /top/_doc/4383 HTTP/1.1" 200 160
2019-12-12 13:52:03 [elasticsearch] INFO: POST http://elasticsearch:9200/top/_doc/4383 [status:200 request:0.022s]
2019-12-12 13:52:03 [elasticsearch] DEBUG: > {"title":"北海道冰霜花","description_content":"15.6万","update_at":1576158722694}
2019-12-12 13:52:03 [elasticsearch] DEBUG: < {"_index":"top","_type":"_doc","_id":"4383","_version":98,"result":"updated","_shards":{"total":2,"successful":1,"failed":0},"_seq_no":110921,"_primary_term":1}
