2019-12-12 13:54:58 [scrapy.utils.log] INFO: Scrapy 1.7.4 started (bot: spider_tophub)
2019-12-12 13:54:58 [scrapy.utils.log] INFO: Versions: lxml 4.4.1.0, libxml2 2.9.9, cssselect 1.1.0, parsel 1.5.2, w3lib 1.21.0, Twisted 19.7.0, Python 3.7.5 (default, Nov 23 2019, 05:59:34) - [GCC 8.3.0], pyOpenSSL 19.0.0 (OpenSSL 1.1.1d  10 Sep 2019), cryptography 2.8, Platform Linux-3.10.0-1062.1.2.el7.x86_64-x86_64-with-debian-10.2
2019-12-12 13:54:58 [scrapy.crawler] INFO: Overridden settings: {'BOT_NAME': 'spider_tophub', 'DOWNLOAD_DELAY': 1, 'LOG_FILE': 'logs/spider_tophub/weibo_resou/c3a5a7aa1ce611ea831a0242ac1c0004.log', 'NEWSPIDER_MODULE': 'spider_tophub.spiders', 'ROBOTSTXT_OBEY': True, 'SPIDER_MODULES': ['spider_tophub.spiders'], 'USER_AGENT': 'Mozilla/5.0 (Windows NT 10.0; Win64; x64) AppleWebKit/537.36 (KHTML, like Gecko) Chrome/77.0.3865.120 Safari/537.36'}
2019-12-12 13:54:58 [scrapy.extensions.telnet] INFO: Telnet Password: f6bf698b88ba5723
2019-12-12 13:54:58 [scrapy.middleware] INFO: Enabled extensions:
['scrapy.extensions.corestats.CoreStats',
 'scrapy.extensions.telnet.TelnetConsole',
 'scrapy.extensions.memusage.MemoryUsage',
 'scrapy.extensions.logstats.LogStats']
2019-12-12 13:54:58 [scrapy.middleware] INFO: Enabled downloader middlewares:
['scrapy.downloadermiddlewares.robotstxt.RobotsTxtMiddleware',
 'scrapy.downloadermiddlewares.httpauth.HttpAuthMiddleware',
 'scrapy.downloadermiddlewares.downloadtimeout.DownloadTimeoutMiddleware',
 'scrapy.downloadermiddlewares.defaultheaders.DefaultHeadersMiddleware',
 'scrapy.downloadermiddlewares.useragent.UserAgentMiddleware',
 'scrapy.downloadermiddlewares.retry.RetryMiddleware',
 'scrapy.downloadermiddlewares.redirect.MetaRefreshMiddleware',
 'scrapy.downloadermiddlewares.httpcompression.HttpCompressionMiddleware',
 'scrapy.downloadermiddlewares.redirect.RedirectMiddleware',
 'scrapy.downloadermiddlewares.cookies.CookiesMiddleware',
 'scrapy.downloadermiddlewares.httpproxy.HttpProxyMiddleware',
 'scrapy.downloadermiddlewares.stats.DownloaderStats']
2019-12-12 13:54:58 [scrapy.middleware] INFO: Enabled spider middlewares:
['scrapy.spidermiddlewares.httperror.HttpErrorMiddleware',
 'scrapy.spidermiddlewares.offsite.OffsiteMiddleware',
 'scrapy.spidermiddlewares.referer.RefererMiddleware',
 'scrapy.spidermiddlewares.urllength.UrlLengthMiddleware',
 'scrapy.spidermiddlewares.depth.DepthMiddleware']
2019-12-12 13:54:58 [scrapy.middleware] INFO: Enabled item pipelines:
['spider_tophub.pipelines.MysqlTwistedPipeline']
2019-12-12 13:54:58 [scrapy.core.engine] INFO: Spider opened
2019-12-12 13:54:58 [scrapy.extensions.logstats] INFO: Crawled 0 pages (at 0 pages/min), scraped 0 items (at 0 items/min)
2019-12-12 13:54:58 [scrapy.extensions.telnet] INFO: Telnet console listening on 127.0.0.1:6023
2019-12-12 13:54:59 [scrapy.downloadermiddlewares.redirect] DEBUG: Redirecting (302) to <GET https://weibo.com/sorry?pagenotfound&> from <GET https://s.weibo.com/robots.txt>
2019-12-12 13:54:59 [scrapy.downloadermiddlewares.redirect] DEBUG: Redirecting (302) to <GET https://passport.weibo.com/visitor/visitor?entry=miniblog&a=enter&url=https%3A%2F%2Fweibo.com%2Fsorry%3Fpagenotfound%26&domain=.weibo.com&ua=php-sso_sdk_client-0.6.28&_rand=1576158899.7395> from <GET https://weibo.com/sorry?pagenotfound&>
2019-12-12 13:55:01 [scrapy.core.engine] DEBUG: Crawled (200) <GET https://passport.weibo.com/visitor/visitor?entry=miniblog&a=enter&url=https%3A%2F%2Fweibo.com%2Fsorry%3Fpagenotfound%26&domain=.weibo.com&ua=php-sso_sdk_client-0.6.28&_rand=1576158899.7395> (referer: None)
2019-12-12 13:55:02 [scrapy.core.engine] DEBUG: Crawled (200) <GET https://s.weibo.com/top/summary?cate=realtimehot> (referer: None)
2019-12-12 13:55:02 [scrapy.core.scraper] DEBUG: Scraped from <200 https://s.weibo.com/top/summary?cate=realtimehot>
None
2019-12-12 13:55:02 [scrapy.core.scraper] DEBUG: Scraped from <200 https://s.weibo.com/top/summary?cate=realtimehot>
None
2019-12-12 13:55:02 [scrapy.core.scraper] DEBUG: Scraped from <200 https://s.weibo.com/top/summary?cate=realtimehot>
None
2019-12-12 13:55:02 [scrapy.core.scraper] DEBUG: Scraped from <200 https://s.weibo.com/top/summary?cate=realtimehot>
None
2019-12-12 13:55:02 [scrapy.core.scraper] DEBUG: Scraped from <200 https://s.weibo.com/top/summary?cate=realtimehot>
None
2019-12-12 13:55:02 [scrapy.core.scraper] DEBUG: Scraped from <200 https://s.weibo.com/top/summary?cate=realtimehot>
None
2019-12-12 13:55:02 [scrapy.core.scraper] DEBUG: Scraped from <200 https://s.weibo.com/top/summary?cate=realtimehot>
None
2019-12-12 13:55:02 [scrapy.core.scraper] DEBUG: Scraped from <200 https://s.weibo.com/top/summary?cate=realtimehot>
None
2019-12-12 13:55:02 [scrapy.core.scraper] DEBUG: Scraped from <200 https://s.weibo.com/top/summary?cate=realtimehot>
None
2019-12-12 13:55:02 [scrapy.core.scraper] DEBUG: Scraped from <200 https://s.weibo.com/top/summary?cate=realtimehot>
None
2019-12-12 13:55:02 [scrapy.core.scraper] DEBUG: Scraped from <200 https://s.weibo.com/top/summary?cate=realtimehot>
None
2019-12-12 13:55:02 [scrapy.core.scraper] DEBUG: Scraped from <200 https://s.weibo.com/top/summary?cate=realtimehot>
None
2019-12-12 13:55:02 [scrapy.core.scraper] DEBUG: Scraped from <200 https://s.weibo.com/top/summary?cate=realtimehot>
None
2019-12-12 13:55:02 [scrapy.core.scraper] DEBUG: Scraped from <200 https://s.weibo.com/top/summary?cate=realtimehot>
None
2019-12-12 13:55:02 [scrapy.core.scraper] DEBUG: Scraped from <200 https://s.weibo.com/top/summary?cate=realtimehot>
None
2019-12-12 13:55:02 [scrapy.core.scraper] DEBUG: Scraped from <200 https://s.weibo.com/top/summary?cate=realtimehot>
None
2019-12-12 13:55:02 [scrapy.core.scraper] DEBUG: Scraped from <200 https://s.weibo.com/top/summary?cate=realtimehot>
None
2019-12-12 13:55:02 [scrapy.core.scraper] DEBUG: Scraped from <200 https://s.weibo.com/top/summary?cate=realtimehot>
None
2019-12-12 13:55:02 [scrapy.core.scraper] DEBUG: Scraped from <200 https://s.weibo.com/top/summary?cate=realtimehot>
None
2019-12-12 13:55:02 [scrapy.core.scraper] DEBUG: Scraped from <200 https://s.weibo.com/top/summary?cate=realtimehot>
None
2019-12-12 13:55:02 [scrapy.core.scraper] DEBUG: Scraped from <200 https://s.weibo.com/top/summary?cate=realtimehot>
None
2019-12-12 13:55:02 [scrapy.core.scraper] DEBUG: Scraped from <200 https://s.weibo.com/top/summary?cate=realtimehot>
None
2019-12-12 13:55:02 [scrapy.core.scraper] DEBUG: Scraped from <200 https://s.weibo.com/top/summary?cate=realtimehot>
None
2019-12-12 13:55:02 [scrapy.core.scraper] DEBUG: Scraped from <200 https://s.weibo.com/top/summary?cate=realtimehot>
None
2019-12-12 13:55:02 [scrapy.core.scraper] DEBUG: Scraped from <200 https://s.weibo.com/top/summary?cate=realtimehot>
None
2019-12-12 13:55:02 [scrapy.core.scraper] DEBUG: Scraped from <200 https://s.weibo.com/top/summary?cate=realtimehot>
None
2019-12-12 13:55:02 [scrapy.core.scraper] DEBUG: Scraped from <200 https://s.weibo.com/top/summary?cate=realtimehot>
None
2019-12-12 13:55:02 [scrapy.core.scraper] DEBUG: Scraped from <200 https://s.weibo.com/top/summary?cate=realtimehot>
None
2019-12-12 13:55:02 [scrapy.core.scraper] DEBUG: Scraped from <200 https://s.weibo.com/top/summary?cate=realtimehot>
None
2019-12-12 13:55:02 [scrapy.core.scraper] DEBUG: Scraped from <200 https://s.weibo.com/top/summary?cate=realtimehot>
None
2019-12-12 13:55:02 [scrapy.core.scraper] DEBUG: Scraped from <200 https://s.weibo.com/top/summary?cate=realtimehot>
None
2019-12-12 13:55:02 [scrapy.core.scraper] DEBUG: Scraped from <200 https://s.weibo.com/top/summary?cate=realtimehot>
None
2019-12-12 13:55:02 [scrapy.core.scraper] DEBUG: Scraped from <200 https://s.weibo.com/top/summary?cate=realtimehot>
None
2019-12-12 13:55:02 [scrapy.core.scraper] DEBUG: Scraped from <200 https://s.weibo.com/top/summary?cate=realtimehot>
None
2019-12-12 13:55:02 [scrapy.core.scraper] DEBUG: Scraped from <200 https://s.weibo.com/top/summary?cate=realtimehot>
None
2019-12-12 13:55:02 [scrapy.core.scraper] DEBUG: Scraped from <200 https://s.weibo.com/top/summary?cate=realtimehot>
None
2019-12-12 13:55:02 [scrapy.core.scraper] DEBUG: Scraped from <200 https://s.weibo.com/top/summary?cate=realtimehot>
None
2019-12-12 13:55:02 [scrapy.core.scraper] DEBUG: Scraped from <200 https://s.weibo.com/top/summary?cate=realtimehot>
None
2019-12-12 13:55:02 [scrapy.core.scraper] DEBUG: Scraped from <200 https://s.weibo.com/top/summary?cate=realtimehot>
None
2019-12-12 13:55:02 [scrapy.core.scraper] DEBUG: Scraped from <200 https://s.weibo.com/top/summary?cate=realtimehot>
None
2019-12-12 13:55:02 [scrapy.core.scraper] DEBUG: Scraped from <200 https://s.weibo.com/top/summary?cate=realtimehot>
None
2019-12-12 13:55:02 [scrapy.core.scraper] DEBUG: Scraped from <200 https://s.weibo.com/top/summary?cate=realtimehot>
None
2019-12-12 13:55:02 [scrapy.core.scraper] DEBUG: Scraped from <200 https://s.weibo.com/top/summary?cate=realtimehot>
None
2019-12-12 13:55:02 [scrapy.core.scraper] DEBUG: Scraped from <200 https://s.weibo.com/top/summary?cate=realtimehot>
None
2019-12-12 13:55:02 [scrapy.core.scraper] DEBUG: Scraped from <200 https://s.weibo.com/top/summary?cate=realtimehot>
None
2019-12-12 13:55:02 [scrapy.core.scraper] DEBUG: Scraped from <200 https://s.weibo.com/top/summary?cate=realtimehot>
None
2019-12-12 13:55:02 [scrapy.core.scraper] DEBUG: Scraped from <200 https://s.weibo.com/top/summary?cate=realtimehot>
None
2019-12-12 13:55:02 [scrapy.core.scraper] DEBUG: Scraped from <200 https://s.weibo.com/top/summary?cate=realtimehot>
None
2019-12-12 13:55:02 [scrapy.core.scraper] DEBUG: Scraped from <200 https://s.weibo.com/top/summary?cate=realtimehot>
None
2019-12-12 13:55:02 [scrapy.core.scraper] DEBUG: Scraped from <200 https://s.weibo.com/top/summary?cate=realtimehot>
None
2019-12-12 13:55:02 [scrapy.core.engine] INFO: Closing spider (finished)
2019-12-12 13:55:02 [scrapy.statscollectors] INFO: Dumping Scrapy stats:
{'downloader/request_bytes': 1489,
 'downloader/request_count': 4,
 'downloader/request_method_count/GET': 4,
 'downloader/response_bytes': 11318,
 'downloader/response_count': 4,
 'downloader/response_status_count/200': 2,
 'downloader/response_status_count/302': 2,
 'elapsed_time_seconds': 3.749314,
 'finish_reason': 'finished',
 'finish_time': datetime.datetime(2019, 12, 12, 13, 55, 2, 614318),
 'item_scraped_count': 50,
 'log_count/DEBUG': 54,
 'log_count/INFO': 10,
 'memusage/max': 57245696,
 'memusage/startup': 57245696,
 'response_received_count': 2,
 'robotstxt/request_count': 1,
 'robotstxt/response_count': 1,
 'robotstxt/response_status_count/200': 1,
 'scheduler/dequeued': 1,
 'scheduler/dequeued/memory': 1,
 'scheduler/enqueued': 1,
 'scheduler/enqueued/memory': 1,
 'start_time': datetime.datetime(2019, 12, 12, 13, 54, 58, 865004)}
2019-12-12 13:55:02 [scrapy.core.engine] INFO: Spider closed (finished)
2019-12-12 13:55:02 [urllib3.connectionpool] DEBUG: Starting new HTTP connection (1): elasticsearch:9200
2019-12-12 13:55:02 [urllib3.connectionpool] DEBUG: Starting new HTTP connection (1): elasticsearch:9200
2019-12-12 13:55:02 [urllib3.connectionpool] DEBUG: Starting new HTTP connection (1): elasticsearch:9200
2019-12-12 13:55:02 [urllib3.connectionpool] DEBUG: Starting new HTTP connection (1): elasticsearch:9200
2019-12-12 13:55:02 [urllib3.connectionpool] DEBUG: http://elasticsearch:9200 "HEAD /top HTTP/1.1" 200 0
2019-12-12 13:55:02 [elasticsearch] INFO: HEAD http://elasticsearch:9200/top [status:200 request:0.006s]
2019-12-12 13:55:02 [elasticsearch] DEBUG: > None
2019-12-12 13:55:02 [elasticsearch] DEBUG: < 
2019-12-12 13:55:02 [urllib3.connectionpool] DEBUG: http://elasticsearch:9200 "HEAD /top HTTP/1.1" 200 0
2019-12-12 13:55:02 [elasticsearch] INFO: HEAD http://elasticsearch:9200/top [status:200 request:0.006s]
2019-12-12 13:55:02 [elasticsearch] DEBUG: > None
2019-12-12 13:55:02 [elasticsearch] DEBUG: < 
2019-12-12 13:55:02 [urllib3.connectionpool] DEBUG: http://elasticsearch:9200 "HEAD /top HTTP/1.1" 200 0
2019-12-12 13:55:02 [elasticsearch] INFO: HEAD http://elasticsearch:9200/top [status:200 request:0.012s]
2019-12-12 13:55:02 [elasticsearch] DEBUG: > None
2019-12-12 13:55:02 [elasticsearch] DEBUG: < 
2019-12-12 13:55:02 [urllib3.connectionpool] DEBUG: http://elasticsearch:9200 "HEAD /top HTTP/1.1" 200 0
2019-12-12 13:55:02 [elasticsearch] INFO: HEAD http://elasticsearch:9200/top [status:200 request:0.007s]
2019-12-12 13:55:02 [elasticsearch] DEBUG: > None
2019-12-12 13:55:02 [elasticsearch] DEBUG: < 
2019-12-12 13:55:02 [urllib3.connectionpool] DEBUG: Starting new HTTP connection (1): elasticsearch:9200
2019-12-12 13:55:02 [urllib3.connectionpool] DEBUG: http://elasticsearch:9200 "HEAD /top HTTP/1.1" 200 0
2019-12-12 13:55:02 [elasticsearch] INFO: HEAD http://elasticsearch:9200/top [status:200 request:0.005s]
2019-12-12 13:55:02 [elasticsearch] DEBUG: > None
2019-12-12 13:55:02 [elasticsearch] DEBUG: < 
2019-12-12 13:55:02 [urllib3.connectionpool] DEBUG: http://elasticsearch:9200 "POST /top/_doc/4622 HTTP/1.1" 200 160
2019-12-12 13:55:02 [elasticsearch] INFO: POST http://elasticsearch:9200/top/_doc/4622 [status:200 request:0.013s]
2019-12-12 13:55:02 [elasticsearch] DEBUG: > {"title":"高以翔追我吧最后画面","description_content":"321.6万","update_at":1576158902579}
2019-12-12 13:55:02 [elasticsearch] DEBUG: < {"_index":"top","_type":"_doc","_id":"4622","_version":58,"result":"updated","_shards":{"total":2,"successful":1,"failed":0},"_seq_no":111534,"_primary_term":1}
2019-12-12 13:55:02 [urllib3.connectionpool] DEBUG: http://elasticsearch:9200 "POST /top/_doc/4677 HTTP/1.1" 200 160
2019-12-12 13:55:02 [elasticsearch] INFO: POST http://elasticsearch:9200/top/_doc/4677 [status:200 request:0.021s]
2019-12-12 13:55:02 [elasticsearch] DEBUG: > {"title":"父亲不舍花10万治疗费出走","description_content":"159.2万","update_at":1576158902579}
2019-12-12 13:55:02 [elasticsearch] DEBUG: < {"_index":"top","_type":"_doc","_id":"4677","_version":49,"result":"updated","_shards":{"total":2,"successful":1,"failed":0},"_seq_no":111535,"_primary_term":1}
2019-12-12 13:55:02 [urllib3.connectionpool] DEBUG: Starting new HTTP connection (1): elasticsearch:9200
2019-12-12 13:55:02 [urllib3.connectionpool] DEBUG: http://elasticsearch:9200 "HEAD /top HTTP/1.1" 200 0
2019-12-12 13:55:02 [elasticsearch] INFO: HEAD http://elasticsearch:9200/top [status:200 request:0.006s]
2019-12-12 13:55:02 [elasticsearch] DEBUG: > None
2019-12-12 13:55:02 [elasticsearch] DEBUG: < 
2019-12-12 13:55:02 [urllib3.connectionpool] DEBUG: http://elasticsearch:9200 "POST /top/_doc/3005 HTTP/1.1" 200 160
2019-12-12 13:55:02 [elasticsearch] INFO: POST http://elasticsearch:9200/top/_doc/3005 [status:200 request:0.029s]
2019-12-12 13:55:02 [elasticsearch] DEBUG: > {"title":"支付宝双12有惊喜","description_content":"149.7万","update_at":1576158902579}
2019-12-12 13:55:02 [elasticsearch] DEBUG: < {"_index":"top","_type":"_doc","_id":"3005","_version":20,"result":"updated","_shards":{"total":2,"successful":1,"failed":0},"_seq_no":111536,"_primary_term":1}
2019-12-12 13:55:02 [urllib3.connectionpool] DEBUG: Starting new HTTP connection (1): elasticsearch:9200
2019-12-12 13:55:02 [urllib3.connectionpool] DEBUG: http://elasticsearch:9200 "HEAD /top HTTP/1.1" 200 0
2019-12-12 13:55:02 [elasticsearch] INFO: HEAD http://elasticsearch:9200/top [status:200 request:0.004s]
2019-12-12 13:55:02 [elasticsearch] DEBUG: > None
2019-12-12 13:55:02 [elasticsearch] DEBUG: < 
2019-12-12 13:55:02 [urllib3.connectionpool] DEBUG: http://elasticsearch:9200 "POST /top/_doc/4597 HTTP/1.1" 200 160
2019-12-12 13:55:02 [elasticsearch] INFO: POST http://elasticsearch:9200/top/_doc/4597 [status:200 request:0.039s]
2019-12-12 13:55:02 [elasticsearch] DEBUG: > {"title":"陈坤买酒被查年龄","description_content":"140.4万","update_at":1576158902579}
2019-12-12 13:55:02 [elasticsearch] DEBUG: < {"_index":"top","_type":"_doc","_id":"4597","_version":65,"result":"updated","_shards":{"total":2,"successful":1,"failed":0},"_seq_no":111537,"_primary_term":1}
2019-12-12 13:55:02 [urllib3.connectionpool] DEBUG: Starting new HTTP connection (1): elasticsearch:9200
2019-12-12 13:55:02 [urllib3.connectionpool] DEBUG: http://elasticsearch:9200 "HEAD /top HTTP/1.1" 200 0
2019-12-12 13:55:02 [elasticsearch] INFO: HEAD http://elasticsearch:9200/top [status:200 request:0.002s]
2019-12-12 13:55:02 [elasticsearch] DEBUG: > None
2019-12-12 13:55:02 [elasticsearch] DEBUG: < 
2019-12-12 13:55:02 [urllib3.connectionpool] DEBUG: http://elasticsearch:9200 "POST /top/_doc/4542 HTTP/1.1" 200 160
2019-12-12 13:55:02 [elasticsearch] INFO: POST http://elasticsearch:9200/top/_doc/4542 [status:200 request:0.035s]
2019-12-12 13:55:02 [elasticsearch] DEBUG: > {"title":"湖南卫视跨年阵容","description_content":"121.3万","update_at":1576158902579}
2019-12-12 13:55:02 [elasticsearch] DEBUG: < {"_index":"top","_type":"_doc","_id":"4542","_version":77,"result":"updated","_shards":{"total":2,"successful":1,"failed":0},"_seq_no":111538,"_primary_term":1}
2019-12-12 13:55:02 [urllib3.connectionpool] DEBUG: Starting new HTTP connection (1): elasticsearch:9200
2019-12-12 13:55:02 [urllib3.connectionpool] DEBUG: http://elasticsearch:9200 "HEAD /top HTTP/1.1" 200 0
2019-12-12 13:55:02 [elasticsearch] INFO: HEAD http://elasticsearch:9200/top [status:200 request:0.004s]
2019-12-12 13:55:02 [elasticsearch] DEBUG: > None
2019-12-12 13:55:02 [elasticsearch] DEBUG: < 
2019-12-12 13:55:02 [urllib3.connectionpool] DEBUG: http://elasticsearch:9200 "POST /top/_doc/4806 HTTP/1.1" 200 160
2019-12-12 13:55:02 [elasticsearch] INFO: POST http://elasticsearch:9200/top/_doc/4806 [status:200 request:0.024s]
2019-12-12 13:55:02 [elasticsearch] DEBUG: > {"title":"Doinb成为LPL本地选手","description_content":"58.7万","update_at":1576158902579}
2019-12-12 13:55:02 [elasticsearch] DEBUG: < {"_index":"top","_type":"_doc","_id":"4806","_version":29,"result":"updated","_shards":{"total":2,"successful":1,"failed":0},"_seq_no":111539,"_primary_term":1}
2019-12-12 13:55:02 [urllib3.connectionpool] DEBUG: Starting new HTTP connection (1): elasticsearch:9200
2019-12-12 13:55:02 [urllib3.connectionpool] DEBUG: http://elasticsearch:9200 "HEAD /top HTTP/1.1" 200 0
2019-12-12 13:55:02 [elasticsearch] INFO: HEAD http://elasticsearch:9200/top [status:200 request:0.003s]
2019-12-12 13:55:02 [elasticsearch] DEBUG: > None
2019-12-12 13:55:02 [elasticsearch] DEBUG: < 
2019-12-12 13:55:02 [urllib3.connectionpool] DEBUG: Starting new HTTP connection (1): elasticsearch:9200
2019-12-12 13:55:02 [urllib3.connectionpool] DEBUG: http://elasticsearch:9200 "POST /top/_doc/4774 HTTP/1.1" 200 160
2019-12-12 13:55:02 [elasticsearch] INFO: POST http://elasticsearch:9200/top/_doc/4774 [status:200 request:0.026s]
2019-12-12 13:55:02 [elasticsearch] DEBUG: > {"title":"郭敬明版阴阳师立项","description_content":"54.6万","update_at":1576158902579}
2019-12-12 13:55:02 [elasticsearch] DEBUG: < {"_index":"top","_type":"_doc","_id":"4774","_version":36,"result":"updated","_shards":{"total":2,"successful":1,"failed":0},"_seq_no":111540,"_primary_term":1}
2019-12-12 13:55:02 [urllib3.connectionpool] DEBUG: http://elasticsearch:9200 "HEAD /top HTTP/1.1" 200 0
2019-12-12 13:55:02 [elasticsearch] INFO: HEAD http://elasticsearch:9200/top [status:200 request:0.003s]
2019-12-12 13:55:02 [elasticsearch] DEBUG: > None
2019-12-12 13:55:02 [elasticsearch] DEBUG: < 
2019-12-12 13:55:02 [urllib3.connectionpool] DEBUG: http://elasticsearch:9200 "POST /top/_doc/4490 HTTP/1.1" 200 160
2019-12-12 13:55:02 [elasticsearch] INFO: POST http://elasticsearch:9200/top/_doc/4490 [status:200 request:0.026s]
2019-12-12 13:55:02 [elasticsearch] DEBUG: > {"title":"高校奖励电梯救人同学59800元","description_content":"46.7万","update_at":1576158902579}
2019-12-12 13:55:02 [elasticsearch] DEBUG: < {"_index":"top","_type":"_doc","_id":"4490","_version":86,"result":"updated","_shards":{"total":2,"successful":1,"failed":0},"_seq_no":111541,"_primary_term":1}
2019-12-12 13:55:02 [urllib3.connectionpool] DEBUG: Starting new HTTP connection (1): elasticsearch:9200
2019-12-12 13:55:02 [urllib3.connectionpool] DEBUG: http://elasticsearch:9200 "HEAD /top HTTP/1.1" 200 0
2019-12-12 13:55:02 [elasticsearch] INFO: HEAD http://elasticsearch:9200/top [status:200 request:0.003s]
2019-12-12 13:55:02 [elasticsearch] DEBUG: > None
2019-12-12 13:55:02 [elasticsearch] DEBUG: < 
2019-12-12 13:55:02 [urllib3.connectionpool] DEBUG: http://elasticsearch:9200 "POST /top/_doc/4474 HTTP/1.1" 200 160
2019-12-12 13:55:02 [elasticsearch] INFO: POST http://elasticsearch:9200/top/_doc/4474 [status:200 request:0.024s]
2019-12-12 13:55:02 [elasticsearch] DEBUG: > {"title":"外交部称想黑中国也请用点脑子","description_content":"44.8万","update_at":1576158902579}
2019-12-12 13:55:02 [elasticsearch] DEBUG: < {"_index":"top","_type":"_doc","_id":"4474","_version":63,"result":"updated","_shards":{"total":2,"successful":1,"failed":0},"_seq_no":111542,"_primary_term":1}
2019-12-12 13:55:02 [urllib3.connectionpool] DEBUG: Starting new HTTP connection (1): elasticsearch:9200
2019-12-12 13:55:02 [urllib3.connectionpool] DEBUG: http://elasticsearch:9200 "HEAD /top HTTP/1.1" 200 0
2019-12-12 13:55:02 [elasticsearch] INFO: HEAD http://elasticsearch:9200/top [status:200 request:0.003s]
2019-12-12 13:55:02 [elasticsearch] DEBUG: > None
2019-12-12 13:55:02 [elasticsearch] DEBUG: < 
2019-12-12 13:55:02 [urllib3.connectionpool] DEBUG: http://elasticsearch:9200 "POST /top/_doc/4361 HTTP/1.1" 200 161
2019-12-12 13:55:02 [elasticsearch] INFO: POST http://elasticsearch:9200/top/_doc/4361 [status:200 request:0.026s]
2019-12-12 13:55:02 [elasticsearch] DEBUG: > {"title":"李嫣近照","description_content":"44.7万","update_at":1576158902579}
2019-12-12 13:55:02 [elasticsearch] DEBUG: < {"_index":"top","_type":"_doc","_id":"4361","_version":105,"result":"updated","_shards":{"total":2,"successful":1,"failed":0},"_seq_no":111543,"_primary_term":1}
2019-12-12 13:55:02 [urllib3.connectionpool] DEBUG: Starting new HTTP connection (1): elasticsearch:9200
2019-12-12 13:55:02 [urllib3.connectionpool] DEBUG: http://elasticsearch:9200 "HEAD /top HTTP/1.1" 200 0
2019-12-12 13:55:02 [elasticsearch] INFO: HEAD http://elasticsearch:9200/top [status:200 request:0.005s]
2019-12-12 13:55:02 [elasticsearch] DEBUG: > None
2019-12-12 13:55:02 [elasticsearch] DEBUG: < 
2019-12-12 13:55:02 [urllib3.connectionpool] DEBUG: http://elasticsearch:9200 "POST /top/_doc/4903 HTTP/1.1" 200 160
2019-12-12 13:55:02 [elasticsearch] INFO: POST http://elasticsearch:9200/top/_doc/4903 [status:200 request:0.028s]
2019-12-12 13:55:02 [elasticsearch] DEBUG: > {"title":"许昕刘诗雯获东京奥运参赛资格","description_content":"44.4万","update_at":1576158902579}
2019-12-12 13:55:02 [elasticsearch] DEBUG: < {"_index":"top","_type":"_doc","_id":"4903","_version":11,"result":"updated","_shards":{"total":2,"successful":1,"failed":0},"_seq_no":111544,"_primary_term":1}
2019-12-12 13:55:02 [urllib3.connectionpool] DEBUG: Starting new HTTP connection (1): elasticsearch:9200
2019-12-12 13:55:02 [urllib3.connectionpool] DEBUG: http://elasticsearch:9200 "HEAD /top HTTP/1.1" 200 0
2019-12-12 13:55:02 [elasticsearch] INFO: HEAD http://elasticsearch:9200/top [status:200 request:0.002s]
2019-12-12 13:55:02 [elasticsearch] DEBUG: > None
2019-12-12 13:55:02 [elasticsearch] DEBUG: < 
2019-12-12 13:55:02 [urllib3.connectionpool] DEBUG: http://elasticsearch:9200 "POST /top/_doc/4913 HTTP/1.1" 200 159
2019-12-12 13:55:02 [elasticsearch] INFO: POST http://elasticsearch:9200/top/_doc/4913 [status:200 request:0.024s]
2019-12-12 13:55:02 [elasticsearch] DEBUG: > {"title":"丁宁不敌佐藤瞳","description_content":"43.7万","update_at":1576158902579}
2019-12-12 13:55:02 [elasticsearch] DEBUG: < {"_index":"top","_type":"_doc","_id":"4913","_version":2,"result":"updated","_shards":{"total":2,"successful":1,"failed":0},"_seq_no":111545,"_primary_term":1}
2019-12-12 13:55:02 [urllib3.connectionpool] DEBUG: Starting new HTTP connection (1): elasticsearch:9200
2019-12-12 13:55:02 [urllib3.connectionpool] DEBUG: http://elasticsearch:9200 "HEAD /top HTTP/1.1" 200 0
2019-12-12 13:55:02 [elasticsearch] INFO: HEAD http://elasticsearch:9200/top [status:200 request:0.003s]
2019-12-12 13:55:02 [elasticsearch] DEBUG: > None
2019-12-12 13:55:02 [elasticsearch] DEBUG: < 
2019-12-12 13:55:02 [urllib3.connectionpool] DEBUG: http://elasticsearch:9200 "POST /top/_doc/4682 HTTP/1.1" 200 160
2019-12-12 13:55:02 [elasticsearch] INFO: POST http://elasticsearch:9200/top/_doc/4682 [status:200 request:0.025s]
2019-12-12 13:55:02 [elasticsearch] DEBUG: > {"title":"月亮好圆","description_content":"43.6万","update_at":1576158902579}
2019-12-12 13:55:02 [elasticsearch] DEBUG: < {"_index":"top","_type":"_doc","_id":"4682","_version":46,"result":"updated","_shards":{"total":2,"successful":1,"failed":0},"_seq_no":111546,"_primary_term":1}
2019-12-12 13:55:02 [urllib3.connectionpool] DEBUG: Starting new HTTP connection (1): elasticsearch:9200
2019-12-12 13:55:02 [urllib3.connectionpool] DEBUG: http://elasticsearch:9200 "HEAD /top HTTP/1.1" 200 0
2019-12-12 13:55:02 [elasticsearch] INFO: HEAD http://elasticsearch:9200/top [status:200 request:0.003s]
2019-12-12 13:55:02 [elasticsearch] DEBUG: > None
2019-12-12 13:55:02 [elasticsearch] DEBUG: < 
2019-12-12 13:55:02 [urllib3.connectionpool] DEBUG: http://elasticsearch:9200 "POST /top/_doc/4508 HTTP/1.1" 200 160
2019-12-12 13:55:02 [elasticsearch] INFO: POST http://elasticsearch:9200/top/_doc/4508 [status:200 request:0.024s]
2019-12-12 13:55:02 [elasticsearch] DEBUG: > {"title":"12306网购火车票业务办理时间延长","description_content":"43.4万","update_at":1576158902579}
2019-12-12 13:55:02 [elasticsearch] DEBUG: < {"_index":"top","_type":"_doc","_id":"4508","_version":83,"result":"updated","_shards":{"total":2,"successful":1,"failed":0},"_seq_no":111547,"_primary_term":1}
2019-12-12 13:55:02 [urllib3.connectionpool] DEBUG: Starting new HTTP connection (1): elasticsearch:9200
2019-12-12 13:55:02 [urllib3.connectionpool] DEBUG: http://elasticsearch:9200 "HEAD /top HTTP/1.1" 200 0
2019-12-12 13:55:02 [elasticsearch] INFO: HEAD http://elasticsearch:9200/top [status:200 request:0.002s]
2019-12-12 13:55:02 [elasticsearch] DEBUG: > None
2019-12-12 13:55:02 [elasticsearch] DEBUG: < 
2019-12-12 13:55:02 [urllib3.connectionpool] DEBUG: http://elasticsearch:9200 "POST /top/_doc/4670 HTTP/1.1" 200 160
2019-12-12 13:55:02 [elasticsearch] INFO: POST http://elasticsearch:9200/top/_doc/4670 [status:200 request:0.026s]
2019-12-12 13:55:02 [elasticsearch] DEBUG: > {"title":"范丞丞粉色头发","description_content":"43.4万","update_at":1576158902579}
2019-12-12 13:55:02 [elasticsearch] DEBUG: < {"_index":"top","_type":"_doc","_id":"4670","_version":50,"result":"updated","_shards":{"total":2,"successful":1,"failed":0},"_seq_no":111548,"_primary_term":1}
2019-12-12 13:55:02 [urllib3.connectionpool] DEBUG: Starting new HTTP connection (1): elasticsearch:9200
2019-12-12 13:55:02 [urllib3.connectionpool] DEBUG: http://elasticsearch:9200 "HEAD /top HTTP/1.1" 200 0
2019-12-12 13:55:02 [elasticsearch] INFO: HEAD http://elasticsearch:9200/top [status:200 request:0.004s]
2019-12-12 13:55:02 [elasticsearch] DEBUG: > None
2019-12-12 13:55:02 [elasticsearch] DEBUG: < 
2019-12-12 13:55:02 [urllib3.connectionpool] DEBUG: http://elasticsearch:9200 "POST /top/_doc/3059 HTTP/1.1" 200 161
2019-12-12 13:55:02 [elasticsearch] INFO: POST http://elasticsearch:9200/top/_doc/3059 [status:200 request:0.029s]
2019-12-12 13:55:02 [elasticsearch] DEBUG: > {"title":"五竹 帅","description_content":"43.2万","update_at":1576158902579}
2019-12-12 13:55:02 [elasticsearch] DEBUG: < {"_index":"top","_type":"_doc","_id":"3059","_version":158,"result":"updated","_shards":{"total":2,"successful":1,"failed":0},"_seq_no":111549,"_primary_term":1}
2019-12-12 13:55:02 [urllib3.connectionpool] DEBUG: Starting new HTTP connection (1): elasticsearch:9200
2019-12-12 13:55:02 [urllib3.connectionpool] DEBUG: http://elasticsearch:9200 "HEAD /top HTTP/1.1" 200 0
2019-12-12 13:55:02 [elasticsearch] INFO: HEAD http://elasticsearch:9200/top [status:200 request:0.002s]
2019-12-12 13:55:02 [elasticsearch] DEBUG: > None
2019-12-12 13:55:02 [elasticsearch] DEBUG: < 
2019-12-12 13:55:02 [urllib3.connectionpool] DEBUG: http://elasticsearch:9200 "POST /top/_doc/4923 HTTP/1.1" 200 159
2019-12-12 13:55:02 [elasticsearch] INFO: POST http://elasticsearch:9200/top/_doc/4923 [status:200 request:0.031s]
2019-12-12 13:55:02 [elasticsearch] DEBUG: > {"title":"宁波大学","description_content":"43.1万","update_at":1576158902579}
2019-12-12 13:55:02 [elasticsearch] DEBUG: < {"_index":"top","_type":"_doc","_id":"4923","_version":6,"result":"updated","_shards":{"total":2,"successful":1,"failed":0},"_seq_no":111550,"_primary_term":1}
2019-12-12 13:55:02 [urllib3.connectionpool] DEBUG: Starting new HTTP connection (1): elasticsearch:9200
2019-12-12 13:55:02 [urllib3.connectionpool] DEBUG: http://elasticsearch:9200 "HEAD /top HTTP/1.1" 200 0
2019-12-12 13:55:02 [elasticsearch] INFO: HEAD http://elasticsearch:9200/top [status:200 request:0.002s]
2019-12-12 13:55:02 [elasticsearch] DEBUG: > None
2019-12-12 13:55:02 [elasticsearch] DEBUG: < 
2019-12-12 13:55:02 [urllib3.connectionpool] DEBUG: http://elasticsearch:9200 "POST /top/_doc/4775 HTTP/1.1" 200 160
2019-12-12 13:55:02 [elasticsearch] INFO: POST http://elasticsearch:9200/top/_doc/4775 [status:200 request:0.039s]
2019-12-12 13:55:02 [elasticsearch] DEBUG: > {"title":"相亲要找大年三十才回家的","description_content":"42.9万","update_at":1576158902579}
2019-12-12 13:55:02 [elasticsearch] DEBUG: < {"_index":"top","_type":"_doc","_id":"4775","_version":36,"result":"updated","_shards":{"total":2,"successful":1,"failed":0},"_seq_no":111551,"_primary_term":1}
2019-12-12 13:55:02 [urllib3.connectionpool] DEBUG: Starting new HTTP connection (1): elasticsearch:9200
2019-12-12 13:55:02 [urllib3.connectionpool] DEBUG: http://elasticsearch:9200 "HEAD /top HTTP/1.1" 200 0
2019-12-12 13:55:02 [elasticsearch] INFO: HEAD http://elasticsearch:9200/top [status:200 request:0.005s]
2019-12-12 13:55:02 [elasticsearch] DEBUG: > None
2019-12-12 13:55:02 [elasticsearch] DEBUG: < 
2019-12-12 13:55:02 [urllib3.connectionpool] DEBUG: http://elasticsearch:9200 "POST /top/_doc/4863 HTTP/1.1" 200 160
2019-12-12 13:55:02 [elasticsearch] INFO: POST http://elasticsearch:9200/top/_doc/4863 [status:200 request:0.037s]
2019-12-12 13:55:02 [elasticsearch] DEBUG: > {"title":"奇葩说","description_content":"42.6万","update_at":1576158902579}
2019-12-12 13:55:02 [elasticsearch] DEBUG: < {"_index":"top","_type":"_doc","_id":"4863","_version":18,"result":"updated","_shards":{"total":2,"successful":1,"failed":0},"_seq_no":111552,"_primary_term":1}
2019-12-12 13:55:02 [urllib3.connectionpool] DEBUG: Starting new HTTP connection (1): elasticsearch:9200
2019-12-12 13:55:02 [urllib3.connectionpool] DEBUG: http://elasticsearch:9200 "HEAD /top HTTP/1.1" 200 0
2019-12-12 13:55:02 [elasticsearch] INFO: HEAD http://elasticsearch:9200/top [status:200 request:0.002s]
2019-12-12 13:55:02 [elasticsearch] DEBUG: > None
2019-12-12 13:55:02 [elasticsearch] DEBUG: < 
2019-12-12 13:55:02 [urllib3.connectionpool] DEBUG: http://elasticsearch:9200 "POST /top/_doc/4671 HTTP/1.1" 200 160
2019-12-12 13:55:02 [elasticsearch] INFO: POST http://elasticsearch:9200/top/_doc/4671 [status:200 request:0.036s]
2019-12-12 13:55:02 [elasticsearch] DEBUG: > {"title":"姜子牙预告","description_content":"42.6万","update_at":1576158902579}
2019-12-12 13:55:02 [elasticsearch] DEBUG: < {"_index":"top","_type":"_doc","_id":"4671","_version":50,"result":"updated","_shards":{"total":2,"successful":1,"failed":0},"_seq_no":111553,"_primary_term":1}
2019-12-12 13:55:02 [urllib3.connectionpool] DEBUG: Starting new HTTP connection (1): elasticsearch:9200
2019-12-12 13:55:02 [urllib3.connectionpool] DEBUG: http://elasticsearch:9200 "HEAD /top HTTP/1.1" 200 0
2019-12-12 13:55:02 [elasticsearch] INFO: HEAD http://elasticsearch:9200/top [status:200 request:0.007s]
2019-12-12 13:55:02 [elasticsearch] DEBUG: > None
2019-12-12 13:55:02 [elasticsearch] DEBUG: < 
2019-12-12 13:55:02 [urllib3.connectionpool] DEBUG: http://elasticsearch:9200 "POST /top/_doc/4591 HTTP/1.1" 200 160
2019-12-12 13:55:02 [elasticsearch] INFO: POST http://elasticsearch:9200/top/_doc/4591 [status:200 request:0.037s]
2019-12-12 13:55:02 [elasticsearch] DEBUG: > {"title":"英国地下农场绑3000童奴","description_content":"41.3万","update_at":1576158902579}
2019-12-12 13:55:02 [elasticsearch] DEBUG: < {"_index":"top","_type":"_doc","_id":"4591","_version":66,"result":"updated","_shards":{"total":2,"successful":1,"failed":0},"_seq_no":111554,"_primary_term":1}
2019-12-12 13:55:02 [urllib3.connectionpool] DEBUG: Starting new HTTP connection (1): elasticsearch:9200
2019-12-12 13:55:02 [urllib3.connectionpool] DEBUG: http://elasticsearch:9200 "HEAD /top HTTP/1.1" 200 0
2019-12-12 13:55:02 [elasticsearch] INFO: HEAD http://elasticsearch:9200/top [status:200 request:0.003s]
2019-12-12 13:55:02 [elasticsearch] DEBUG: > None
2019-12-12 13:55:02 [elasticsearch] DEBUG: < 
2019-12-12 13:55:02 [urllib3.connectionpool] DEBUG: http://elasticsearch:9200 "POST /top/_doc/4590 HTTP/1.1" 200 160
2019-12-12 13:55:02 [elasticsearch] INFO: POST http://elasticsearch:9200/top/_doc/4590 [status:200 request:0.027s]
2019-12-12 13:55:02 [elasticsearch] DEBUG: > {"title":"张艺兴古装造型","description_content":"38.1万","update_at":1576158902579}
2019-12-12 13:55:02 [elasticsearch] DEBUG: < {"_index":"top","_type":"_doc","_id":"4590","_version":65,"result":"updated","_shards":{"total":2,"successful":1,"failed":0},"_seq_no":111555,"_primary_term":1}
2019-12-12 13:55:02 [urllib3.connectionpool] DEBUG: Starting new HTTP connection (1): elasticsearch:9200
2019-12-12 13:55:02 [urllib3.connectionpool] DEBUG: http://elasticsearch:9200 "HEAD /top HTTP/1.1" 200 0
2019-12-12 13:55:02 [elasticsearch] INFO: HEAD http://elasticsearch:9200/top [status:200 request:0.003s]
2019-12-12 13:55:02 [elasticsearch] DEBUG: > None
2019-12-12 13:55:02 [elasticsearch] DEBUG: < 
2019-12-12 13:55:02 [urllib3.connectionpool] DEBUG: http://elasticsearch:9200 "POST /top/_doc/4534 HTTP/1.1" 200 160
2019-12-12 13:55:02 [elasticsearch] INFO: POST http://elasticsearch:9200/top/_doc/4534 [status:200 request:0.026s]
2019-12-12 13:55:02 [elasticsearch] DEBUG: > {"title":"花钱过猛后的样子","description_content":"35.9万","update_at":1576158902579}
2019-12-12 13:55:02 [elasticsearch] DEBUG: < {"_index":"top","_type":"_doc","_id":"4534","_version":79,"result":"updated","_shards":{"total":2,"successful":1,"failed":0},"_seq_no":111556,"_primary_term":1}
2019-12-12 13:55:02 [urllib3.connectionpool] DEBUG: Starting new HTTP connection (1): elasticsearch:9200
2019-12-12 13:55:02 [urllib3.connectionpool] DEBUG: http://elasticsearch:9200 "HEAD /top HTTP/1.1" 200 0
2019-12-12 13:55:02 [elasticsearch] INFO: HEAD http://elasticsearch:9200/top [status:200 request:0.003s]
2019-12-12 13:55:02 [elasticsearch] DEBUG: > None
2019-12-12 13:55:02 [elasticsearch] DEBUG: < 
2019-12-12 13:55:02 [urllib3.connectionpool] DEBUG: http://elasticsearch:9200 "POST /top/_doc/4926 HTTP/1.1" 200 159
2019-12-12 13:55:02 [elasticsearch] INFO: POST http://elasticsearch:9200/top/_doc/4926 [status:200 request:0.023s]
2019-12-12 13:55:02 [elasticsearch] DEBUG: > {"title":"20天后20后出生","description_content":"34.1万","update_at":1576158902579}
2019-12-12 13:55:02 [elasticsearch] DEBUG: < {"_index":"top","_type":"_doc","_id":"4926","_version":5,"result":"updated","_shards":{"total":2,"successful":1,"failed":0},"_seq_no":111557,"_primary_term":1}
2019-12-12 13:55:02 [urllib3.connectionpool] DEBUG: Starting new HTTP connection (1): elasticsearch:9200
2019-12-12 13:55:02 [urllib3.connectionpool] DEBUG: http://elasticsearch:9200 "HEAD /top HTTP/1.1" 200 0
2019-12-12 13:55:02 [elasticsearch] INFO: HEAD http://elasticsearch:9200/top [status:200 request:0.003s]
2019-12-12 13:55:02 [elasticsearch] DEBUG: > None
2019-12-12 13:55:02 [elasticsearch] DEBUG: < 
2019-12-12 13:55:02 [urllib3.connectionpool] DEBUG: http://elasticsearch:9200 "POST /top/_doc/3009 HTTP/1.1" 200 161
2019-12-12 13:55:02 [elasticsearch] INFO: POST http://elasticsearch:9200/top/_doc/3009 [status:200 request:0.023s]
2019-12-12 13:55:02 [elasticsearch] DEBUG: > {"title":"高以翔抢救现场视频","description_content":"32.8万","update_at":1576158902579}
2019-12-12 13:55:02 [elasticsearch] DEBUG: < {"_index":"top","_type":"_doc","_id":"3009","_version":161,"result":"updated","_shards":{"total":2,"successful":1,"failed":0},"_seq_no":111558,"_primary_term":1}
2019-12-12 13:55:02 [urllib3.connectionpool] DEBUG: Starting new HTTP connection (1): elasticsearch:9200
2019-12-12 13:55:02 [urllib3.connectionpool] DEBUG: http://elasticsearch:9200 "HEAD /top HTTP/1.1" 200 0
2019-12-12 13:55:02 [elasticsearch] INFO: HEAD http://elasticsearch:9200/top [status:200 request:0.004s]
2019-12-12 13:55:02 [elasticsearch] DEBUG: > None
2019-12-12 13:55:02 [elasticsearch] DEBUG: < 
2019-12-12 13:55:02 [urllib3.connectionpool] DEBUG: http://elasticsearch:9200 "POST /top/_doc/3337 HTTP/1.1" 200 161
2019-12-12 13:55:02 [elasticsearch] INFO: POST http://elasticsearch:9200/top/_doc/3337 [status:200 request:0.024s]
2019-12-12 13:55:02 [elasticsearch] DEBUG: > {"title":"刘诗诗状态","description_content":"30.4万","update_at":1576158902579}
2019-12-12 13:55:02 [elasticsearch] DEBUG: < {"_index":"top","_type":"_doc","_id":"3337","_version":141,"result":"updated","_shards":{"total":2,"successful":1,"failed":0},"_seq_no":111559,"_primary_term":1}
2019-12-12 13:55:02 [urllib3.connectionpool] DEBUG: Starting new HTTP connection (1): elasticsearch:9200
2019-12-12 13:55:02 [urllib3.connectionpool] DEBUG: http://elasticsearch:9200 "HEAD /top HTTP/1.1" 200 0
2019-12-12 13:55:02 [elasticsearch] INFO: HEAD http://elasticsearch:9200/top [status:200 request:0.002s]
2019-12-12 13:55:02 [elasticsearch] DEBUG: > None
2019-12-12 13:55:02 [elasticsearch] DEBUG: < 
2019-12-12 13:55:02 [urllib3.connectionpool] DEBUG: Starting new HTTP connection (1): elasticsearch:9200
2019-12-12 13:55:02 [urllib3.connectionpool] DEBUG: http://elasticsearch:9200 "POST /top/_doc/4864 HTTP/1.1" 200 160
2019-12-12 13:55:02 [elasticsearch] INFO: POST http://elasticsearch:9200/top/_doc/4864 [status:200 request:0.026s]
2019-12-12 13:55:02 [elasticsearch] DEBUG: > {"title":"迪士尼公主单品","description_content":"30.1万","update_at":1576158902579}
2019-12-12 13:55:02 [elasticsearch] DEBUG: < {"_index":"top","_type":"_doc","_id":"4864","_version":18,"result":"updated","_shards":{"total":2,"successful":1,"failed":0},"_seq_no":111560,"_primary_term":1}
2019-12-12 13:55:02 [urllib3.connectionpool] DEBUG: http://elasticsearch:9200 "HEAD /top HTTP/1.1" 200 0
2019-12-12 13:55:02 [elasticsearch] INFO: HEAD http://elasticsearch:9200/top [status:200 request:0.003s]
2019-12-12 13:55:02 [elasticsearch] DEBUG: > None
2019-12-12 13:55:02 [elasticsearch] DEBUG: < 
2019-12-12 13:55:02 [urllib3.connectionpool] DEBUG: Starting new HTTP connection (1): elasticsearch:9200
2019-12-12 13:55:02 [urllib3.connectionpool] DEBUG: http://elasticsearch:9200 "HEAD /top HTTP/1.1" 200 0
2019-12-12 13:55:02 [elasticsearch] INFO: HEAD http://elasticsearch:9200/top [status:200 request:0.002s]
2019-12-12 13:55:02 [elasticsearch] DEBUG: > None
2019-12-12 13:55:02 [elasticsearch] DEBUG: < 
2019-12-12 13:55:02 [urllib3.connectionpool] DEBUG: http://elasticsearch:9200 "POST /top/_doc/4783 HTTP/1.1" 200 160
2019-12-12 13:55:02 [elasticsearch] INFO: POST http://elasticsearch:9200/top/_doc/4783 [status:200 request:0.027s]
2019-12-12 13:55:02 [elasticsearch] DEBUG: > {"title":"别人摘帽子你摘帽子","description_content":"29.0万","update_at":1576158902579}
2019-12-12 13:55:02 [elasticsearch] DEBUG: < {"_index":"top","_type":"_doc","_id":"4783","_version":34,"result":"updated","_shards":{"total":2,"successful":1,"failed":0},"_seq_no":111561,"_primary_term":1}
2019-12-12 13:55:02 [urllib3.connectionpool] DEBUG: http://elasticsearch:9200 "POST /top/_doc/2848 HTTP/1.1" 200 161
2019-12-12 13:55:02 [elasticsearch] INFO: POST http://elasticsearch:9200/top/_doc/2848 [status:200 request:0.030s]
2019-12-12 13:55:02 [elasticsearch] DEBUG: > {"title":"智利女性蒙面唱跳痛斥强奸犯","description_content":"28.6万","update_at":1576158902579}
2019-12-12 13:55:02 [elasticsearch] DEBUG: < {"_index":"top","_type":"_doc","_id":"2848","_version":163,"result":"updated","_shards":{"total":2,"successful":1,"failed":0},"_seq_no":111562,"_primary_term":1}
2019-12-12 13:55:02 [urllib3.connectionpool] DEBUG: Starting new HTTP connection (1): elasticsearch:9200
2019-12-12 13:55:02 [urllib3.connectionpool] DEBUG: http://elasticsearch:9200 "HEAD /top HTTP/1.1" 200 0
2019-12-12 13:55:02 [elasticsearch] INFO: HEAD http://elasticsearch:9200/top [status:200 request:0.003s]
2019-12-12 13:55:02 [elasticsearch] DEBUG: > None
2019-12-12 13:55:02 [elasticsearch] DEBUG: < 
2019-12-12 13:55:02 [urllib3.connectionpool] DEBUG: http://elasticsearch:9200 "POST /top/_doc/4834 HTTP/1.1" 200 160
2019-12-12 13:55:02 [elasticsearch] INFO: POST http://elasticsearch:9200/top/_doc/4834 [status:200 request:0.032s]
2019-12-12 13:55:02 [elasticsearch] DEBUG: > {"title":"袁昊直播","description_content":"28.5万","update_at":1576158902579}
2019-12-12 13:55:02 [elasticsearch] DEBUG: < {"_index":"top","_type":"_doc","_id":"4834","_version":26,"result":"updated","_shards":{"total":2,"successful":1,"failed":0},"_seq_no":111563,"_primary_term":1}
2019-12-12 13:55:02 [urllib3.connectionpool] DEBUG: Starting new HTTP connection (1): elasticsearch:9200
2019-12-12 13:55:02 [urllib3.connectionpool] DEBUG: http://elasticsearch:9200 "HEAD /top HTTP/1.1" 200 0
2019-12-12 13:55:02 [elasticsearch] INFO: HEAD http://elasticsearch:9200/top [status:200 request:0.003s]
2019-12-12 13:55:02 [elasticsearch] DEBUG: > None
2019-12-12 13:55:02 [elasticsearch] DEBUG: < 
2019-12-12 13:55:02 [urllib3.connectionpool] DEBUG: Starting new HTTP connection (1): elasticsearch:9200
2019-12-12 13:55:02 [urllib3.connectionpool] DEBUG: http://elasticsearch:9200 "POST /top/_doc/4898 HTTP/1.1" 200 160
2019-12-12 13:55:02 [elasticsearch] INFO: POST http://elasticsearch:9200/top/_doc/4898 [status:200 request:0.033s]
2019-12-12 13:55:02 [elasticsearch] DEBUG: > {"title":"中国影视明星社会责任研究报告","description_content":"27.7万","update_at":1576158902579}
2019-12-12 13:55:02 [elasticsearch] DEBUG: < {"_index":"top","_type":"_doc","_id":"4898","_version":12,"result":"updated","_shards":{"total":2,"successful":1,"failed":0},"_seq_no":111564,"_primary_term":1}
2019-12-12 13:55:02 [urllib3.connectionpool] DEBUG: http://elasticsearch:9200 "HEAD /top HTTP/1.1" 200 0
2019-12-12 13:55:02 [elasticsearch] INFO: HEAD http://elasticsearch:9200/top [status:200 request:0.003s]
2019-12-12 13:55:02 [elasticsearch] DEBUG: > None
2019-12-12 13:55:02 [elasticsearch] DEBUG: < 
2019-12-12 13:55:02 [urllib3.connectionpool] DEBUG: Starting new HTTP connection (1): elasticsearch:9200
2019-12-12 13:55:02 [urllib3.connectionpool] DEBUG: http://elasticsearch:9200 "POST /top/_doc/4925 HTTP/1.1" 200 159
2019-12-12 13:55:02 [elasticsearch] INFO: POST http://elasticsearch:9200/top/_doc/4925 [status:200 request:0.037s]
2019-12-12 13:55:02 [elasticsearch] DEBUG: > {"title":"鹤唳华亭","description_content":"25.9万","update_at":1576158902579}
2019-12-12 13:55:02 [elasticsearch] DEBUG: < {"_index":"top","_type":"_doc","_id":"4925","_version":5,"result":"updated","_shards":{"total":2,"successful":1,"failed":0},"_seq_no":111565,"_primary_term":1}
2019-12-12 13:55:02 [urllib3.connectionpool] DEBUG: http://elasticsearch:9200 "HEAD /top HTTP/1.1" 200 0
2019-12-12 13:55:02 [elasticsearch] INFO: HEAD http://elasticsearch:9200/top [status:200 request:0.003s]
2019-12-12 13:55:02 [elasticsearch] DEBUG: > None
2019-12-12 13:55:02 [elasticsearch] DEBUG: < 
2019-12-12 13:55:02 [urllib3.connectionpool] DEBUG: http://elasticsearch:9200 "POST /top/_doc/4447 HTTP/1.1" 200 160
2019-12-12 13:55:02 [elasticsearch] INFO: POST http://elasticsearch:9200/top/_doc/4447 [status:200 request:0.028s]
2019-12-12 13:55:02 [elasticsearch] DEBUG: > {"title":"减肥成功是怎样的一种体验","description_content":"23.1万","update_at":1576158902579}
2019-12-12 13:55:02 [elasticsearch] DEBUG: < {"_index":"top","_type":"_doc","_id":"4447","_version":94,"result":"updated","_shards":{"total":2,"successful":1,"failed":0},"_seq_no":111566,"_primary_term":1}
2019-12-12 13:55:02 [urllib3.connectionpool] DEBUG: Starting new HTTP connection (1): elasticsearch:9200
2019-12-12 13:55:02 [urllib3.connectionpool] DEBUG: http://elasticsearch:9200 "HEAD /top HTTP/1.1" 200 0
2019-12-12 13:55:02 [elasticsearch] INFO: HEAD http://elasticsearch:9200/top [status:200 request:0.002s]
2019-12-12 13:55:02 [elasticsearch] DEBUG: > None
2019-12-12 13:55:02 [elasticsearch] DEBUG: < 
2019-12-12 13:55:02 [urllib3.connectionpool] DEBUG: Starting new HTTP connection (1): elasticsearch:9200
2019-12-12 13:55:02 [urllib3.connectionpool] DEBUG: http://elasticsearch:9200 "HEAD /top HTTP/1.1" 200 0
2019-12-12 13:55:02 [elasticsearch] INFO: HEAD http://elasticsearch:9200/top [status:200 request:0.002s]
2019-12-12 13:55:02 [elasticsearch] DEBUG: > None
2019-12-12 13:55:02 [elasticsearch] DEBUG: < 
2019-12-12 13:55:02 [urllib3.connectionpool] DEBUG: http://elasticsearch:9200 "POST /top/_doc/4694 HTTP/1.1" 200 160
2019-12-12 13:55:02 [elasticsearch] INFO: POST http://elasticsearch:9200/top/_doc/4694 [status:200 request:0.035s]
2019-12-12 13:55:02 [elasticsearch] DEBUG: > {"title":"大明风华定档","description_content":"22.6万","update_at":1576158902579}
2019-12-12 13:55:02 [elasticsearch] DEBUG: < {"_index":"top","_type":"_doc","_id":"4694","_version":46,"result":"updated","_shards":{"total":2,"successful":1,"failed":0},"_seq_no":111567,"_primary_term":1}
2019-12-12 13:55:02 [urllib3.connectionpool] DEBUG: http://elasticsearch:9200 "POST /top/_doc/4370 HTTP/1.1" 200 161
2019-12-12 13:55:02 [elasticsearch] INFO: POST http://elasticsearch:9200/top/_doc/4370 [status:200 request:0.036s]
2019-12-12 13:55:02 [elasticsearch] DEBUG: > {"title":"肖战南京活动取消","description_content":"22.6万","update_at":1576158902579}
2019-12-12 13:55:02 [elasticsearch] DEBUG: < {"_index":"top","_type":"_doc","_id":"4370","_version":104,"result":"updated","_shards":{"total":2,"successful":1,"failed":0},"_seq_no":111568,"_primary_term":1}
2019-12-12 13:55:02 [urllib3.connectionpool] DEBUG: Starting new HTTP connection (1): elasticsearch:9200
2019-12-12 13:55:02 [urllib3.connectionpool] DEBUG: http://elasticsearch:9200 "HEAD /top HTTP/1.1" 200 0
2019-12-12 13:55:02 [elasticsearch] INFO: HEAD http://elasticsearch:9200/top [status:200 request:0.002s]
2019-12-12 13:55:02 [elasticsearch] DEBUG: > None
2019-12-12 13:55:02 [elasticsearch] DEBUG: < 
2019-12-12 13:55:02 [urllib3.connectionpool] DEBUG: Starting new HTTP connection (1): elasticsearch:9200
2019-12-12 13:55:02 [urllib3.connectionpool] DEBUG: http://elasticsearch:9200 "POST /top/_doc/3374 HTTP/1.1" 200 161
2019-12-12 13:55:02 [elasticsearch] INFO: POST http://elasticsearch:9200/top/_doc/3374 [status:200 request:0.037s]
2019-12-12 13:55:02 [elasticsearch] DEBUG: > {"title":"杨超越乞丐造型","description_content":"22.5万","update_at":1576158902579}
2019-12-12 13:55:02 [elasticsearch] DEBUG: < {"_index":"top","_type":"_doc","_id":"3374","_version":135,"result":"updated","_shards":{"total":2,"successful":1,"failed":0},"_seq_no":111569,"_primary_term":1}
2019-12-12 13:55:02 [urllib3.connectionpool] DEBUG: http://elasticsearch:9200 "HEAD /top HTTP/1.1" 200 0
2019-12-12 13:55:02 [elasticsearch] INFO: HEAD http://elasticsearch:9200/top [status:200 request:0.005s]
2019-12-12 13:55:02 [elasticsearch] DEBUG: > None
2019-12-12 13:55:02 [elasticsearch] DEBUG: < 
2019-12-12 13:55:02 [urllib3.connectionpool] DEBUG: http://elasticsearch:9200 "POST /top/_doc/4723 HTTP/1.1" 200 160
2019-12-12 13:55:02 [elasticsearch] INFO: POST http://elasticsearch:9200/top/_doc/4723 [status:200 request:0.035s]
2019-12-12 13:55:02 [elasticsearch] DEBUG: > {"title":"小学生网购罚抄笔做作业","description_content":"22.5万","update_at":1576158902579}
2019-12-12 13:55:02 [elasticsearch] DEBUG: < {"_index":"top","_type":"_doc","_id":"4723","_version":44,"result":"updated","_shards":{"total":2,"successful":1,"failed":0},"_seq_no":111570,"_primary_term":1}
2019-12-12 13:55:02 [urllib3.connectionpool] DEBUG: Starting new HTTP connection (1): elasticsearch:9200
2019-12-12 13:55:02 [urllib3.connectionpool] DEBUG: http://elasticsearch:9200 "HEAD /top HTTP/1.1" 200 0
2019-12-12 13:55:02 [elasticsearch] INFO: HEAD http://elasticsearch:9200/top [status:200 request:0.003s]
2019-12-12 13:55:02 [elasticsearch] DEBUG: > None
2019-12-12 13:55:02 [elasticsearch] DEBUG: < 
2019-12-12 13:55:02 [urllib3.connectionpool] DEBUG: http://elasticsearch:9200 "POST /top/_doc/4878 HTTP/1.1" 200 160
2019-12-12 13:55:02 [elasticsearch] INFO: POST http://elasticsearch:9200/top/_doc/4878 [status:200 request:0.032s]
2019-12-12 13:55:02 [elasticsearch] DEBUG: > {"title":"中小学春秋假要来了","description_content":"22.0万","update_at":1576158902579}
2019-12-12 13:55:02 [elasticsearch] DEBUG: < {"_index":"top","_type":"_doc","_id":"4878","_version":17,"result":"updated","_shards":{"total":2,"successful":1,"failed":0},"_seq_no":111571,"_primary_term":1}
2019-12-12 13:55:02 [urllib3.connectionpool] DEBUG: Starting new HTTP connection (1): elasticsearch:9200
2019-12-12 13:55:02 [urllib3.connectionpool] DEBUG: http://elasticsearch:9200 "HEAD /top HTTP/1.1" 200 0
2019-12-12 13:55:02 [elasticsearch] INFO: HEAD http://elasticsearch:9200/top [status:200 request:0.004s]
2019-12-12 13:55:02 [elasticsearch] DEBUG: > None
2019-12-12 13:55:02 [elasticsearch] DEBUG: < 
2019-12-12 13:55:02 [urllib3.connectionpool] DEBUG: http://elasticsearch:9200 "POST /top/_doc/4882 HTTP/1.1" 200 160
2019-12-12 13:55:02 [elasticsearch] INFO: POST http://elasticsearch:9200/top/_doc/4882 [status:200 request:0.030s]
2019-12-12 13:55:02 [elasticsearch] DEBUG: > {"title":"相同的衣服别人穿VS我穿","description_content":"20.6万","update_at":1576158902579}
2019-12-12 13:55:02 [elasticsearch] DEBUG: < {"_index":"top","_type":"_doc","_id":"4882","_version":16,"result":"updated","_shards":{"total":2,"successful":1,"failed":0},"_seq_no":111572,"_primary_term":1}
2019-12-12 13:55:02 [urllib3.connectionpool] DEBUG: Starting new HTTP connection (1): elasticsearch:9200
2019-12-12 13:55:02 [urllib3.connectionpool] DEBUG: http://elasticsearch:9200 "HEAD /top HTTP/1.1" 200 0
2019-12-12 13:55:02 [elasticsearch] INFO: HEAD http://elasticsearch:9200/top [status:200 request:0.002s]
2019-12-12 13:55:02 [elasticsearch] DEBUG: > None
2019-12-12 13:55:02 [elasticsearch] DEBUG: < 
2019-12-12 13:55:02 [urllib3.connectionpool] DEBUG: Starting new HTTP connection (1): elasticsearch:9200
2019-12-12 13:55:02 [urllib3.connectionpool] DEBUG: http://elasticsearch:9200 "POST /top/_doc/2866 HTTP/1.1" 200 161
2019-12-12 13:55:02 [elasticsearch] INFO: POST http://elasticsearch:9200/top/_doc/2866 [status:200 request:0.029s]
2019-12-12 13:55:02 [elasticsearch] DEBUG: > {"title":"吴昕 我一哭就被黑","description_content":"20.3万","update_at":1576158902579}
2019-12-12 13:55:02 [elasticsearch] DEBUG: < {"_index":"top","_type":"_doc","_id":"2866","_version":163,"result":"updated","_shards":{"total":2,"successful":1,"failed":0},"_seq_no":111573,"_primary_term":1}
2019-12-12 13:55:02 [urllib3.connectionpool] DEBUG: http://elasticsearch:9200 "HEAD /top HTTP/1.1" 200 0
2019-12-12 13:55:02 [elasticsearch] INFO: HEAD http://elasticsearch:9200/top [status:200 request:0.003s]
2019-12-12 13:55:02 [elasticsearch] DEBUG: > None
2019-12-12 13:55:02 [elasticsearch] DEBUG: < 
2019-12-12 13:55:02 [urllib3.connectionpool] DEBUG: http://elasticsearch:9200 "POST /top/_doc/2826 HTTP/1.1" 200 161
2019-12-12 13:55:02 [elasticsearch] INFO: POST http://elasticsearch:9200/top/_doc/2826 [status:200 request:0.028s]
2019-12-12 13:55:02 [elasticsearch] DEBUG: > {"title":"柯震东复出","description_content":"18.8万","update_at":1576158902579}
2019-12-12 13:55:02 [elasticsearch] DEBUG: < {"_index":"top","_type":"_doc","_id":"2826","_version":163,"result":"updated","_shards":{"total":2,"successful":1,"failed":0},"_seq_no":111574,"_primary_term":1}
2019-12-12 13:55:02 [urllib3.connectionpool] DEBUG: http://elasticsearch:9200 "POST /top/_doc/4337 HTTP/1.1" 200 161
2019-12-12 13:55:02 [elasticsearch] INFO: POST http://elasticsearch:9200/top/_doc/4337 [status:200 request:0.024s]
2019-12-12 13:55:02 [elasticsearch] DEBUG: > {"title":"嘴巴过敏得像雷震子","description_content":"17.9万","update_at":1576158902579}
2019-12-12 13:55:02 [elasticsearch] DEBUG: < {"_index":"top","_type":"_doc","_id":"4337","_version":109,"result":"updated","_shards":{"total":2,"successful":1,"failed":0},"_seq_no":111575,"_primary_term":1}
2019-12-12 13:55:02 [urllib3.connectionpool] DEBUG: Starting new HTTP connection (1): elasticsearch:9200
2019-12-12 13:55:02 [urllib3.connectionpool] DEBUG: Starting new HTTP connection (1): elasticsearch:9200
2019-12-12 13:55:02 [urllib3.connectionpool] DEBUG: http://elasticsearch:9200 "HEAD /top HTTP/1.1" 200 0
2019-12-12 13:55:02 [elasticsearch] INFO: HEAD http://elasticsearch:9200/top [status:200 request:0.003s]
2019-12-12 13:55:02 [elasticsearch] DEBUG: > None
2019-12-12 13:55:02 [elasticsearch] DEBUG: < 
2019-12-12 13:55:02 [urllib3.connectionpool] DEBUG: http://elasticsearch:9200 "HEAD /top HTTP/1.1" 200 0
2019-12-12 13:55:02 [elasticsearch] INFO: HEAD http://elasticsearch:9200/top [status:200 request:0.003s]
2019-12-12 13:55:02 [elasticsearch] DEBUG: > None
2019-12-12 13:55:02 [elasticsearch] DEBUG: < 
2019-12-12 13:55:02 [urllib3.connectionpool] DEBUG: http://elasticsearch:9200 "POST /top/_doc/4690 HTTP/1.1" 200 160
2019-12-12 13:55:02 [elasticsearch] INFO: POST http://elasticsearch:9200/top/_doc/4690 [status:200 request:0.027s]
2019-12-12 13:55:02 [elasticsearch] DEBUG: > {"title":"得知室友脱单之后的反应","description_content":"16.4万","update_at":1576158902579}
2019-12-12 13:55:02 [elasticsearch] DEBUG: < {"_index":"top","_type":"_doc","_id":"4690","_version":45,"result":"updated","_shards":{"total":2,"successful":1,"failed":0},"_seq_no":111576,"_primary_term":1}
2019-12-12 13:55:02 [urllib3.connectionpool] DEBUG: Starting new HTTP connection (1): elasticsearch:9200
2019-12-12 13:55:02 [urllib3.connectionpool] DEBUG: http://elasticsearch:9200 "HEAD /top HTTP/1.1" 200 0
2019-12-12 13:55:02 [elasticsearch] INFO: HEAD http://elasticsearch:9200/top [status:200 request:0.004s]
2019-12-12 13:55:02 [elasticsearch] DEBUG: > None
2019-12-12 13:55:02 [elasticsearch] DEBUG: < 
2019-12-12 13:55:02 [urllib3.connectionpool] DEBUG: http://elasticsearch:9200 "POST /top/_doc/4904 HTTP/1.1" 200 160
2019-12-12 13:55:03 [elasticsearch] INFO: POST http://elasticsearch:9200/top/_doc/4904 [status:200 request:0.026s]
2019-12-12 13:55:03 [elasticsearch] DEBUG: > {"title":"过去十年影响最大100件电子产品","description_content":"16.1万","update_at":1576158902579}
2019-12-12 13:55:03 [elasticsearch] DEBUG: < {"_index":"top","_type":"_doc","_id":"4904","_version":11,"result":"updated","_shards":{"total":2,"successful":1,"failed":0},"_seq_no":111577,"_primary_term":1}
2019-12-12 13:55:03 [urllib3.connectionpool] DEBUG: Starting new HTTP connection (1): elasticsearch:9200
2019-12-12 13:55:03 [urllib3.connectionpool] DEBUG: http://elasticsearch:9200 "HEAD /top HTTP/1.1" 200 0
2019-12-12 13:55:03 [elasticsearch] INFO: HEAD http://elasticsearch:9200/top [status:200 request:0.004s]
2019-12-12 13:55:03 [elasticsearch] DEBUG: > None
2019-12-12 13:55:03 [elasticsearch] DEBUG: < 
2019-12-12 13:55:03 [urllib3.connectionpool] DEBUG: http://elasticsearch:9200 "POST /top/_doc/4668 HTTP/1.1" 200 160
2019-12-12 13:55:03 [elasticsearch] INFO: POST http://elasticsearch:9200/top/_doc/4668 [status:200 request:0.018s]
2019-12-12 13:55:03 [elasticsearch] DEBUG: > {"title":"中央军委举行晋升上将军衔仪式","description_content":"15.9万","update_at":1576158902579}
2019-12-12 13:55:03 [elasticsearch] DEBUG: < {"_index":"top","_type":"_doc","_id":"4668","_version":22,"result":"updated","_shards":{"total":2,"successful":1,"failed":0},"_seq_no":111578,"_primary_term":1}
2019-12-12 13:55:03 [urllib3.connectionpool] DEBUG: Starting new HTTP connection (1): elasticsearch:9200
2019-12-12 13:55:03 [urllib3.connectionpool] DEBUG: http://elasticsearch:9200 "HEAD /top HTTP/1.1" 200 0
2019-12-12 13:55:03 [elasticsearch] INFO: HEAD http://elasticsearch:9200/top [status:200 request:0.002s]
2019-12-12 13:55:03 [elasticsearch] DEBUG: > None
2019-12-12 13:55:03 [elasticsearch] DEBUG: < 
2019-12-12 13:55:03 [urllib3.connectionpool] DEBUG: http://elasticsearch:9200 "POST /top/_doc/4938 HTTP/1.1" 200 159
2019-12-12 13:55:03 [elasticsearch] INFO: POST http://elasticsearch:9200/top/_doc/4938 [status:200 request:0.024s]
2019-12-12 13:55:03 [elasticsearch] DEBUG: > {"title":"太阳系近邻宜居行星的太空探索计划","description_content":"15.8万","update_at":1576158902579}
2019-12-12 13:55:03 [elasticsearch] DEBUG: < {"_index":"top","_type":"_doc","_id":"4938","_version":2,"result":"updated","_shards":{"total":2,"successful":1,"failed":0},"_seq_no":111579,"_primary_term":1}
2019-12-12 13:55:03 [urllib3.connectionpool] DEBUG: Starting new HTTP connection (1): elasticsearch:9200
2019-12-12 13:55:03 [urllib3.connectionpool] DEBUG: http://elasticsearch:9200 "HEAD /top HTTP/1.1" 200 0
2019-12-12 13:55:03 [elasticsearch] INFO: HEAD http://elasticsearch:9200/top [status:200 request:0.002s]
2019-12-12 13:55:03 [elasticsearch] DEBUG: > None
2019-12-12 13:55:03 [elasticsearch] DEBUG: < 
2019-12-12 13:55:03 [urllib3.connectionpool] DEBUG: http://elasticsearch:9200 "POST /top/_doc/4787 HTTP/1.1" 200 160
2019-12-12 13:55:03 [elasticsearch] INFO: POST http://elasticsearch:9200/top/_doc/4787 [status:200 request:0.024s]
2019-12-12 13:55:03 [elasticsearch] DEBUG: > {"title":"詹姆斯真实正负值联盟第一","description_content":"15.8万","update_at":1576158902579}
2019-12-12 13:55:03 [elasticsearch] DEBUG: < {"_index":"top","_type":"_doc","_id":"4787","_version":33,"result":"updated","_shards":{"total":2,"successful":1,"failed":0},"_seq_no":111580,"_primary_term":1}
2019-12-12 13:55:03 [urllib3.connectionpool] DEBUG: http://elasticsearch:9200 "POST /top/_doc/4384 HTTP/1.1" 200 161
2019-12-12 13:55:03 [elasticsearch] INFO: POST http://elasticsearch:9200/top/_doc/4384 [status:200 request:0.021s]
2019-12-12 13:55:03 [elasticsearch] DEBUG: > {"title":"飞机餐隐藏的秘密","description_content":"15.4万","update_at":1576158902579}
2019-12-12 13:55:03 [elasticsearch] DEBUG: < {"_index":"top","_type":"_doc","_id":"4384","_version":101,"result":"updated","_shards":{"total":2,"successful":1,"failed":0},"_seq_no":111581,"_primary_term":1}
2019-12-12 13:55:03 [urllib3.connectionpool] DEBUG: http://elasticsearch:9200 "POST /top/_doc/4383 HTTP/1.1" 200 160
2019-12-12 13:55:03 [elasticsearch] INFO: POST http://elasticsearch:9200/top/_doc/4383 [status:200 request:0.020s]
2019-12-12 13:55:03 [elasticsearch] DEBUG: > {"title":"北海道冰霜花","description_content":"15.0万","update_at":1576158902579}
2019-12-12 13:55:03 [elasticsearch] DEBUG: < {"_index":"top","_type":"_doc","_id":"4383","_version":99,"result":"updated","_shards":{"total":2,"successful":1,"failed":0},"_seq_no":111582,"_primary_term":1}
2019-12-12 13:55:03 [urllib3.connectionpool] DEBUG: http://elasticsearch:9200 "POST /top/_doc/3243 HTTP/1.1" 200 161
2019-12-12 13:55:03 [elasticsearch] INFO: POST http://elasticsearch:9200/top/_doc/3243 [status:200 request:0.018s]
2019-12-12 13:55:03 [elasticsearch] DEBUG: > {"title":"两个人在一起久了什么感受","description_content":"14.6万","update_at":1576158902579}
2019-12-12 13:55:03 [elasticsearch] DEBUG: < {"_index":"top","_type":"_doc","_id":"3243","_version":144,"result":"updated","_shards":{"total":2,"successful":1,"failed":0},"_seq_no":111583,"_primary_term":1}
