2019-12-12 03:21:13 [scrapy.utils.log] INFO: Scrapy 1.7.4 started (bot: spider_tophub)
2019-12-12 03:21:13 [scrapy.utils.log] INFO: Versions: lxml 4.4.1.0, libxml2 2.9.9, cssselect 1.1.0, parsel 1.5.2, w3lib 1.21.0, Twisted 19.7.0, Python 3.7.5 (default, Nov 23 2019, 05:59:34) - [GCC 8.3.0], pyOpenSSL 19.0.0 (OpenSSL 1.1.1d  10 Sep 2019), cryptography 2.8, Platform Linux-3.10.0-1062.1.2.el7.x86_64-x86_64-with-debian-10.2
2019-12-12 03:21:13 [scrapy.crawler] INFO: Overridden settings: {'BOT_NAME': 'spider_tophub', 'DOWNLOAD_DELAY': 1, 'LOG_FILE': 'logs/spider_tophub/catchen/4311676c1c8e11ea9d990242ac190004.log', 'NEWSPIDER_MODULE': 'spider_tophub.spiders', 'ROBOTSTXT_OBEY': True, 'SPIDER_MODULES': ['spider_tophub.spiders']}
2019-12-12 03:21:13 [scrapy.extensions.telnet] INFO: Telnet Password: ad7cf07e48bc6f45
2019-12-12 03:21:13 [scrapy.middleware] INFO: Enabled extensions:
['scrapy.extensions.corestats.CoreStats',
 'scrapy.extensions.telnet.TelnetConsole',
 'scrapy.extensions.memusage.MemoryUsage',
 'scrapy.extensions.logstats.LogStats']
2019-12-12 03:21:13 [scrapy.middleware] INFO: Enabled downloader middlewares:
['scrapy.downloadermiddlewares.robotstxt.RobotsTxtMiddleware',
 'scrapy.downloadermiddlewares.httpauth.HttpAuthMiddleware',
 'scrapy.downloadermiddlewares.downloadtimeout.DownloadTimeoutMiddleware',
 'scrapy.downloadermiddlewares.defaultheaders.DefaultHeadersMiddleware',
 'scrapy.downloadermiddlewares.useragent.UserAgentMiddleware',
 'scrapy.downloadermiddlewares.retry.RetryMiddleware',
 'scrapy.downloadermiddlewares.redirect.MetaRefreshMiddleware',
 'scrapy.downloadermiddlewares.httpcompression.HttpCompressionMiddleware',
 'scrapy.downloadermiddlewares.redirect.RedirectMiddleware',
 'scrapy.downloadermiddlewares.cookies.CookiesMiddleware',
 'scrapy.downloadermiddlewares.httpproxy.HttpProxyMiddleware',
 'scrapy.downloadermiddlewares.stats.DownloaderStats']
2019-12-12 03:21:13 [scrapy.middleware] INFO: Enabled spider middlewares:
['scrapy.spidermiddlewares.httperror.HttpErrorMiddleware',
 'scrapy.spidermiddlewares.offsite.OffsiteMiddleware',
 'scrapy.spidermiddlewares.referer.RefererMiddleware',
 'scrapy.spidermiddlewares.urllength.UrlLengthMiddleware',
 'scrapy.spidermiddlewares.depth.DepthMiddleware']
2019-12-12 03:21:13 [scrapy.middleware] INFO: Enabled item pipelines:
['spider_tophub.pipelines.MysqlTwistedPipeline']
2019-12-12 03:21:13 [scrapy.core.engine] INFO: Spider opened
2019-12-12 03:21:13 [scrapy.extensions.logstats] INFO: Crawled 0 pages (at 0 pages/min), scraped 0 items (at 0 items/min)
2019-12-12 03:21:13 [scrapy.extensions.telnet] INFO: Telnet console listening on 127.0.0.1:6023
2019-12-12 03:21:14 [scrapy.core.engine] DEBUG: Crawled (200) <GET https://chinese.catchen.me/robots.txt> (referer: None)
2019-12-12 03:21:15 [scrapy.core.engine] DEBUG: Crawled (200) <GET https://chinese.catchen.me/> (referer: None)
2019-12-12 03:21:15 [scrapy.core.scraper] DEBUG: Scraped from <200 https://chinese.catchen.me/>
None
2019-12-12 03:21:15 [scrapy.core.scraper] DEBUG: Scraped from <200 https://chinese.catchen.me/>
None
2019-12-12 03:21:15 [scrapy.core.scraper] DEBUG: Scraped from <200 https://chinese.catchen.me/>
None
2019-12-12 03:21:15 [scrapy.core.scraper] DEBUG: Scraped from <200 https://chinese.catchen.me/>
None
2019-12-12 03:21:15 [scrapy.core.scraper] DEBUG: Scraped from <200 https://chinese.catchen.me/>
None
2019-12-12 03:21:15 [scrapy.core.scraper] DEBUG: Scraped from <200 https://chinese.catchen.me/>
None
2019-12-12 03:21:15 [scrapy.core.scraper] DEBUG: Scraped from <200 https://chinese.catchen.me/>
None
2019-12-12 03:21:15 [scrapy.core.engine] INFO: Closing spider (finished)
2019-12-12 03:21:15 [scrapy.statscollectors] INFO: Dumping Scrapy stats:
{'downloader/request_bytes': 444,
 'downloader/request_count': 2,
 'downloader/request_method_count/GET': 2,
 'downloader/response_bytes': 30232,
 'downloader/response_count': 2,
 'downloader/response_status_count/200': 2,
 'elapsed_time_seconds': 1.723972,
 'finish_reason': 'finished',
 'finish_time': datetime.datetime(2019, 12, 12, 3, 21, 15, 653576),
 'item_scraped_count': 7,
 'log_count/DEBUG': 9,
 'log_count/INFO': 10,
 'memusage/max': 57225216,
 'memusage/startup': 57225216,
 'response_received_count': 2,
 'robotstxt/request_count': 1,
 'robotstxt/response_count': 1,
 'robotstxt/response_status_count/200': 1,
 'scheduler/dequeued': 1,
 'scheduler/dequeued/memory': 1,
 'scheduler/enqueued': 1,
 'scheduler/enqueued/memory': 1,
 'start_time': datetime.datetime(2019, 12, 12, 3, 21, 13, 929604)}
2019-12-12 03:21:15 [scrapy.core.engine] INFO: Spider closed (finished)
2019-12-12 03:21:15 [urllib3.connectionpool] DEBUG: Starting new HTTP connection (1): elasticsearch:9200
2019-12-12 03:21:15 [urllib3.connectionpool] DEBUG: Starting new HTTP connection (1): elasticsearch:9200
2019-12-12 03:21:15 [urllib3.connectionpool] DEBUG: Starting new HTTP connection (1): elasticsearch:9200
2019-12-12 03:21:15 [urllib3.connectionpool] DEBUG: Starting new HTTP connection (1): elasticsearch:9200
2019-12-12 03:21:15 [urllib3.connectionpool] DEBUG: http://elasticsearch:9200 "HEAD /top HTTP/1.1" 200 0
2019-12-12 03:21:15 [elasticsearch] INFO: HEAD http://elasticsearch:9200/top [status:200 request:0.009s]
2019-12-12 03:21:15 [elasticsearch] DEBUG: > None
2019-12-12 03:21:15 [elasticsearch] DEBUG: < 
2019-12-12 03:21:15 [urllib3.connectionpool] DEBUG: http://elasticsearch:9200 "HEAD /top HTTP/1.1" 200 0
2019-12-12 03:21:15 [elasticsearch] INFO: HEAD http://elasticsearch:9200/top [status:200 request:0.009s]
2019-12-12 03:21:15 [elasticsearch] DEBUG: > None
2019-12-12 03:21:15 [elasticsearch] DEBUG: < 
2019-12-12 03:21:15 [urllib3.connectionpool] DEBUG: http://elasticsearch:9200 "HEAD /top HTTP/1.1" 200 0
2019-12-12 03:21:15 [elasticsearch] INFO: HEAD http://elasticsearch:9200/top [status:200 request:0.012s]
2019-12-12 03:21:15 [elasticsearch] DEBUG: > None
2019-12-12 03:21:15 [elasticsearch] DEBUG: < 
2019-12-12 03:21:15 [urllib3.connectionpool] DEBUG: http://elasticsearch:9200 "HEAD /top HTTP/1.1" 200 0
2019-12-12 03:21:15 [elasticsearch] INFO: HEAD http://elasticsearch:9200/top [status:200 request:0.008s]
2019-12-12 03:21:15 [elasticsearch] DEBUG: > None
2019-12-12 03:21:15 [elasticsearch] DEBUG: < 
2019-12-12 03:21:15 [urllib3.connectionpool] DEBUG: Starting new HTTP connection (1): elasticsearch:9200
2019-12-12 03:21:15 [urllib3.connectionpool] DEBUG: http://elasticsearch:9200 "HEAD /top HTTP/1.1" 200 0
2019-12-12 03:21:15 [elasticsearch] INFO: HEAD http://elasticsearch:9200/top [status:200 request:0.002s]
2019-12-12 03:21:15 [elasticsearch] DEBUG: > None
2019-12-12 03:21:15 [elasticsearch] DEBUG: < 
2019-12-12 03:21:15 [urllib3.connectionpool] DEBUG: http://elasticsearch:9200 "POST /top/_doc/538 HTTP/1.1" 201 157
2019-12-12 03:21:15 [elasticsearch] INFO: POST http://elasticsearch:9200/top/_doc/538 [status:201 request:0.012s]
2019-12-12 03:21:15 [elasticsearch] DEBUG: > {"title":"追踪短地址的小工具：Trace URL","description_content":"progressive web app","update_at":1576120875633}
2019-12-12 03:21:15 [elasticsearch] DEBUG: < {"_index":"top","_type":"_doc","_id":"538","_version":1,"result":"created","_shards":{"total":2,"successful":1,"failed":0},"_seq_no":1060,"_primary_term":10}
2019-12-12 03:21:15 [urllib3.connectionpool] DEBUG: http://elasticsearch:9200 "POST /top/_doc/539 HTTP/1.1" 201 157
2019-12-12 03:21:15 [elasticsearch] INFO: POST http://elasticsearch:9200/top/_doc/539 [status:201 request:0.016s]
2019-12-12 03:21:15 [elasticsearch] DEBUG: > {"title":"Early Reader 2020 调整","description_content":"patreon","update_at":1576120875633}
2019-12-12 03:21:15 [elasticsearch] DEBUG: < {"_index":"top","_type":"_doc","_id":"539","_version":1,"result":"created","_shards":{"total":2,"successful":1,"failed":0},"_seq_no":1061,"_primary_term":10}
2019-12-12 03:21:15 [urllib3.connectionpool] DEBUG: Starting new HTTP connection (1): elasticsearch:9200
2019-12-12 03:21:15 [urllib3.connectionpool] DEBUG: http://elasticsearch:9200 "HEAD /top HTTP/1.1" 200 0
2019-12-12 03:21:15 [elasticsearch] INFO: HEAD http://elasticsearch:9200/top [status:200 request:0.002s]
2019-12-12 03:21:15 [elasticsearch] DEBUG: > None
2019-12-12 03:21:15 [elasticsearch] DEBUG: < 
2019-12-12 03:21:15 [urllib3.connectionpool] DEBUG: http://elasticsearch:9200 "POST /top/_doc/537 HTTP/1.1" 201 157
2019-12-12 03:21:15 [elasticsearch] INFO: POST http://elasticsearch:9200/top/_doc/537 [status:201 request:0.026s]
2019-12-12 03:21:15 [elasticsearch] DEBUG: > {"title":"Career Coaching 小组交流群","description_content":"discord","update_at":1576120875633}
2019-12-12 03:21:15 [elasticsearch] DEBUG: < {"_index":"top","_type":"_doc","_id":"537","_version":1,"result":"created","_shards":{"total":2,"successful":1,"failed":0},"_seq_no":1062,"_primary_term":10}
2019-12-12 03:21:15 [urllib3.connectionpool] DEBUG: Starting new HTTP connection (1): elasticsearch:9200
2019-12-12 03:21:15 [urllib3.connectionpool] DEBUG: http://elasticsearch:9200 "HEAD /top HTTP/1.1" 200 0
2019-12-12 03:21:15 [elasticsearch] INFO: HEAD http://elasticsearch:9200/top [status:200 request:0.002s]
2019-12-12 03:21:15 [elasticsearch] DEBUG: > None
2019-12-12 03:21:15 [elasticsearch] DEBUG: < 
2019-12-12 03:21:15 [urllib3.connectionpool] DEBUG: http://elasticsearch:9200 "POST /top/_doc/536 HTTP/1.1" 201 157
2019-12-12 03:21:15 [elasticsearch] INFO: POST http://elasticsearch:9200/top/_doc/536 [status:201 request:0.031s]
2019-12-12 03:21:15 [elasticsearch] DEBUG: > {"title":"《牛油果烤面包》满月回顾（Part 3 - 统计数据）","description_content":"podcast","update_at":1576120875633}
2019-12-12 03:21:15 [elasticsearch] DEBUG: < {"_index":"top","_type":"_doc","_id":"536","_version":1,"result":"created","_shards":{"total":2,"successful":1,"failed":0},"_seq_no":1063,"_primary_term":10}
2019-12-12 03:21:15 [urllib3.connectionpool] DEBUG: http://elasticsearch:9200 "POST /top/_doc/540 HTTP/1.1" 201 157
2019-12-12 03:21:15 [elasticsearch] INFO: POST http://elasticsearch:9200/top/_doc/540 [status:201 request:0.028s]
2019-12-12 03:21:15 [elasticsearch] DEBUG: > {"title":"《牛油果烤面包》满月回顾（Part 1 - 发布平台）","description_content":"podcast","update_at":1576120875633}
2019-12-12 03:21:15 [elasticsearch] DEBUG: < {"_index":"top","_type":"_doc","_id":"540","_version":1,"result":"created","_shards":{"total":2,"successful":1,"failed":0},"_seq_no":1064,"_primary_term":10}
2019-12-12 03:21:15 [urllib3.connectionpool] DEBUG: http://elasticsearch:9200 "POST /top/_doc/541 HTTP/1.1" 201 157
2019-12-12 03:21:15 [elasticsearch] INFO: POST http://elasticsearch:9200/top/_doc/541 [status:201 request:0.020s]
2019-12-12 03:21:15 [elasticsearch] DEBUG: > {"title":"《Secrets of Sand Hill Road》书摘（Part - 1）","description_content":"sand hill road","update_at":1576120875633}
2019-12-12 03:21:15 [elasticsearch] DEBUG: < {"_index":"top","_type":"_doc","_id":"541","_version":1,"result":"created","_shards":{"total":2,"successful":1,"failed":0},"_seq_no":1065,"_primary_term":10}
2019-12-12 03:21:15 [urllib3.connectionpool] DEBUG: http://elasticsearch:9200 "POST /top/_doc/542 HTTP/1.1" 201 157
2019-12-12 03:21:15 [elasticsearch] INFO: POST http://elasticsearch:9200/top/_doc/542 [status:201 request:0.016s]
2019-12-12 03:21:15 [elasticsearch] DEBUG: > {"title":"如何让 MailChimp 订阅对话框在点击时弹出","description_content":"email","update_at":1576120875633}
2019-12-12 03:21:15 [elasticsearch] DEBUG: < {"_index":"top","_type":"_doc","_id":"542","_version":1,"result":"created","_shards":{"total":2,"successful":1,"failed":0},"_seq_no":1066,"_primary_term":10}
