2019-12-12 13:47:28 [scrapy.utils.log] INFO: Scrapy 1.7.4 started (bot: spider_tophub)
2019-12-12 13:47:28 [scrapy.utils.log] INFO: Versions: lxml 4.4.1.0, libxml2 2.9.9, cssselect 1.1.0, parsel 1.5.2, w3lib 1.21.0, Twisted 19.7.0, Python 3.7.5 (default, Nov 23 2019, 05:59:34) - [GCC 8.3.0], pyOpenSSL 19.0.0 (OpenSSL 1.1.1d  10 Sep 2019), cryptography 2.8, Platform Linux-3.10.0-1062.1.2.el7.x86_64-x86_64-with-debian-10.2
2019-12-12 13:47:28 [scrapy.crawler] INFO: Overridden settings: {'BOT_NAME': 'spider_tophub', 'DOWNLOAD_DELAY': 1, 'LOG_FILE': 'logs/spider_tophub/36kr_rebang/ecff31ee1ce511ea831a0242ac1c0004.log', 'NEWSPIDER_MODULE': 'spider_tophub.spiders', 'ROBOTSTXT_OBEY': True, 'SPIDER_MODULES': ['spider_tophub.spiders'], 'USER_AGENT': 'Mozilla/5.0 (Windows NT 10.0; Win64; x64) AppleWebKit/537.36 (KHTML, like Gecko) Chrome/77.0.3865.120 Safari/537.36'}
2019-12-12 13:47:28 [scrapy.extensions.telnet] INFO: Telnet Password: c7dd29a47bcad28a
2019-12-12 13:47:28 [scrapy.middleware] INFO: Enabled extensions:
['scrapy.extensions.corestats.CoreStats',
 'scrapy.extensions.telnet.TelnetConsole',
 'scrapy.extensions.memusage.MemoryUsage',
 'scrapy.extensions.logstats.LogStats']
2019-12-12 13:47:28 [scrapy.middleware] INFO: Enabled downloader middlewares:
['scrapy.downloadermiddlewares.robotstxt.RobotsTxtMiddleware',
 'scrapy.downloadermiddlewares.httpauth.HttpAuthMiddleware',
 'scrapy.downloadermiddlewares.downloadtimeout.DownloadTimeoutMiddleware',
 'scrapy.downloadermiddlewares.defaultheaders.DefaultHeadersMiddleware',
 'scrapy.downloadermiddlewares.useragent.UserAgentMiddleware',
 'scrapy.downloadermiddlewares.retry.RetryMiddleware',
 'scrapy.downloadermiddlewares.redirect.MetaRefreshMiddleware',
 'scrapy.downloadermiddlewares.httpcompression.HttpCompressionMiddleware',
 'scrapy.downloadermiddlewares.redirect.RedirectMiddleware',
 'scrapy.downloadermiddlewares.cookies.CookiesMiddleware',
 'scrapy.downloadermiddlewares.httpproxy.HttpProxyMiddleware',
 'scrapy.downloadermiddlewares.stats.DownloaderStats']
2019-12-12 13:47:28 [scrapy.middleware] INFO: Enabled spider middlewares:
['scrapy.spidermiddlewares.httperror.HttpErrorMiddleware',
 'scrapy.spidermiddlewares.offsite.OffsiteMiddleware',
 'scrapy.spidermiddlewares.referer.RefererMiddleware',
 'scrapy.spidermiddlewares.urllength.UrlLengthMiddleware',
 'scrapy.spidermiddlewares.depth.DepthMiddleware']
2019-12-12 13:47:28 [scrapy.middleware] INFO: Enabled item pipelines:
['spider_tophub.pipelines.MysqlTwistedPipeline']
2019-12-12 13:47:28 [scrapy.core.engine] INFO: Spider opened
2019-12-12 13:47:28 [scrapy.extensions.logstats] INFO: Crawled 0 pages (at 0 pages/min), scraped 0 items (at 0 items/min)
2019-12-12 13:47:28 [py.warnings] WARNING: /usr/local/lib/python3.7/site-packages/scrapy/spidermiddlewares/offsite.py:61: URLWarning: allowed_domains accepts only domains, not URLs. Ignoring URL entry https://36kr.com/ in allowed_domains.
  warnings.warn(message, URLWarning)

2019-12-12 13:47:28 [scrapy.extensions.telnet] INFO: Telnet console listening on 127.0.0.1:6023
2019-12-12 13:47:29 [scrapy.core.engine] DEBUG: Crawled (200) <GET https://36kr.com/robots.txt> (referer: None)
2019-12-12 13:47:29 [scrapy.core.engine] DEBUG: Crawled (200) <GET https://36kr.com/newsflashes> (referer: None)
2019-12-12 13:47:30 [scrapy.core.scraper] DEBUG: Scraped from <200 https://36kr.com/newsflashes>
None
2019-12-12 13:47:30 [scrapy.core.scraper] DEBUG: Scraped from <200 https://36kr.com/newsflashes>
None
2019-12-12 13:47:30 [scrapy.core.scraper] DEBUG: Scraped from <200 https://36kr.com/newsflashes>
None
2019-12-12 13:47:30 [scrapy.core.scraper] DEBUG: Scraped from <200 https://36kr.com/newsflashes>
None
2019-12-12 13:47:30 [scrapy.core.scraper] DEBUG: Scraped from <200 https://36kr.com/newsflashes>
None
2019-12-12 13:47:30 [scrapy.core.scraper] DEBUG: Scraped from <200 https://36kr.com/newsflashes>
None
2019-12-12 13:47:30 [scrapy.core.scraper] DEBUG: Scraped from <200 https://36kr.com/newsflashes>
None
2019-12-12 13:47:30 [scrapy.core.scraper] DEBUG: Scraped from <200 https://36kr.com/newsflashes>
None
2019-12-12 13:47:30 [scrapy.core.scraper] DEBUG: Scraped from <200 https://36kr.com/newsflashes>
None
2019-12-12 13:47:30 [scrapy.core.scraper] DEBUG: Scraped from <200 https://36kr.com/newsflashes>
None
2019-12-12 13:47:30 [scrapy.core.engine] INFO: Closing spider (finished)
2019-12-12 13:47:30 [scrapy.statscollectors] INFO: Dumping Scrapy stats:
{'downloader/request_bytes': 676,
 'downloader/request_count': 2,
 'downloader/request_method_count/GET': 2,
 'downloader/response_bytes': 29113,
 'downloader/response_count': 2,
 'downloader/response_status_count/200': 2,
 'elapsed_time_seconds': 1.154287,
 'finish_reason': 'finished',
 'finish_time': datetime.datetime(2019, 12, 12, 13, 47, 30, 34341),
 'item_scraped_count': 10,
 'log_count/DEBUG': 12,
 'log_count/INFO': 10,
 'log_count/WARNING': 1,
 'memusage/max': 57257984,
 'memusage/startup': 57257984,
 'response_received_count': 2,
 'robotstxt/request_count': 1,
 'robotstxt/response_count': 1,
 'robotstxt/response_status_count/200': 1,
 'scheduler/dequeued': 1,
 'scheduler/dequeued/memory': 1,
 'scheduler/enqueued': 1,
 'scheduler/enqueued/memory': 1,
 'start_time': datetime.datetime(2019, 12, 12, 13, 47, 28, 880054)}
2019-12-12 13:47:30 [scrapy.core.engine] INFO: Spider closed (finished)
2019-12-12 13:47:30 [urllib3.connectionpool] DEBUG: Starting new HTTP connection (1): elasticsearch:9200
2019-12-12 13:47:30 [urllib3.connectionpool] DEBUG: http://elasticsearch:9200 "HEAD /top HTTP/1.1" 200 0
2019-12-12 13:47:30 [elasticsearch] INFO: HEAD http://elasticsearch:9200/top [status:200 request:0.004s]
2019-12-12 13:47:30 [elasticsearch] DEBUG: > None
2019-12-12 13:47:30 [elasticsearch] DEBUG: < 
2019-12-12 13:47:30 [urllib3.connectionpool] DEBUG: Starting new HTTP connection (1): elasticsearch:9200
2019-12-12 13:47:30 [urllib3.connectionpool] DEBUG: Starting new HTTP connection (1): elasticsearch:9200
2019-12-12 13:47:30 [urllib3.connectionpool] DEBUG: Starting new HTTP connection (1): elasticsearch:9200
2019-12-12 13:47:30 [urllib3.connectionpool] DEBUG: http://elasticsearch:9200 "HEAD /top HTTP/1.1" 200 0
2019-12-12 13:47:30 [elasticsearch] INFO: HEAD http://elasticsearch:9200/top [status:200 request:0.004s]
2019-12-12 13:47:30 [elasticsearch] DEBUG: > None
2019-12-12 13:47:30 [elasticsearch] DEBUG: < 
2019-12-12 13:47:30 [urllib3.connectionpool] DEBUG: http://elasticsearch:9200 "HEAD /top HTTP/1.1" 200 0
2019-12-12 13:47:30 [elasticsearch] INFO: HEAD http://elasticsearch:9200/top [status:200 request:0.004s]
2019-12-12 13:47:30 [elasticsearch] DEBUG: > None
2019-12-12 13:47:30 [elasticsearch] DEBUG: < 
2019-12-12 13:47:30 [urllib3.connectionpool] DEBUG: http://elasticsearch:9200 "HEAD /top HTTP/1.1" 200 0
2019-12-12 13:47:30 [elasticsearch] INFO: HEAD http://elasticsearch:9200/top [status:200 request:0.008s]
2019-12-12 13:47:30 [elasticsearch] DEBUG: > None
2019-12-12 13:47:30 [elasticsearch] DEBUG: < 
2019-12-12 13:47:30 [urllib3.connectionpool] DEBUG: Starting new HTTP connection (1): elasticsearch:9200
2019-12-12 13:47:30 [urllib3.connectionpool] DEBUG: http://elasticsearch:9200 "HEAD /top HTTP/1.1" 200 0
2019-12-12 13:47:30 [elasticsearch] INFO: HEAD http://elasticsearch:9200/top [status:200 request:0.002s]
2019-12-12 13:47:30 [elasticsearch] DEBUG: > None
2019-12-12 13:47:30 [elasticsearch] DEBUG: < 
2019-12-12 13:47:30 [urllib3.connectionpool] DEBUG: http://elasticsearch:9200 "POST /top/_doc/2983 HTTP/1.1" 200 161
2019-12-12 13:47:30 [elasticsearch] INFO: POST http://elasticsearch:9200/top/_doc/2983 [status:200 request:0.020s]
2019-12-12 13:47:30 [elasticsearch] DEBUG: > {"title":"李子柒爆红争议：DJ、富二代、幕后团队与全商业版图","description_content":"35.2万","update_at":1576158450019}
2019-12-12 13:47:30 [elasticsearch] DEBUG: < {"_index":"top","_type":"_doc","_id":"2983","_version":160,"result":"updated","_shards":{"total":2,"successful":1,"failed":0},"_seq_no":109707,"_primary_term":1}
2019-12-12 13:47:30 [urllib3.connectionpool] DEBUG: http://elasticsearch:9200 "POST /top/_doc/3199 HTTP/1.1" 200 161
2019-12-12 13:47:30 [elasticsearch] INFO: POST http://elasticsearch:9200/top/_doc/3199 [status:200 request:0.017s]
2019-12-12 13:47:30 [elasticsearch] DEBUG: > {"title":"最前线 | 罗永浩的新技术站到了聚光灯下，也引来了哈佛研究员的质疑","description_content":"3.7万","update_at":1576158450019}
2019-12-12 13:47:30 [elasticsearch] DEBUG: < {"_index":"top","_type":"_doc","_id":"3199","_version":150,"result":"updated","_shards":{"total":2,"successful":1,"failed":0},"_seq_no":109708,"_primary_term":1}
2019-12-12 13:47:30 [urllib3.connectionpool] DEBUG: Starting new HTTP connection (1): elasticsearch:9200
2019-12-12 13:47:30 [urllib3.connectionpool] DEBUG: http://elasticsearch:9200 "HEAD /top HTTP/1.1" 200 0
2019-12-12 13:47:30 [elasticsearch] INFO: HEAD http://elasticsearch:9200/top [status:200 request:0.003s]
2019-12-12 13:47:30 [elasticsearch] DEBUG: > None
2019-12-12 13:47:30 [elasticsearch] DEBUG: < 
2019-12-12 13:47:30 [urllib3.connectionpool] DEBUG: http://elasticsearch:9200 "POST /top/_doc/4396 HTTP/1.1" 200 160
2019-12-12 13:47:30 [elasticsearch] INFO: POST http://elasticsearch:9200/top/_doc/4396 [status:200 request:0.027s]
2019-12-12 13:47:30 [elasticsearch] DEBUG: > {"title":"最前线 | 谐音梗没玩够，Vans又把王安石诗句印在了鞋上","description_content":"4.4万","update_at":1576158450019}
2019-12-12 13:47:30 [elasticsearch] DEBUG: < {"_index":"top","_type":"_doc","_id":"4396","_version":96,"result":"updated","_shards":{"total":2,"successful":1,"failed":0},"_seq_no":109709,"_primary_term":1}
2019-12-12 13:47:30 [urllib3.connectionpool] DEBUG: Starting new HTTP connection (1): elasticsearch:9200
2019-12-12 13:47:30 [urllib3.connectionpool] DEBUG: http://elasticsearch:9200 "HEAD /top HTTP/1.1" 200 0
2019-12-12 13:47:30 [elasticsearch] INFO: HEAD http://elasticsearch:9200/top [status:200 request:0.003s]
2019-12-12 13:47:30 [elasticsearch] DEBUG: > None
2019-12-12 13:47:30 [elasticsearch] DEBUG: < 
2019-12-12 13:47:30 [urllib3.connectionpool] DEBUG: http://elasticsearch:9200 "POST /top/_doc/2984 HTTP/1.1" 200 161
2019-12-12 13:47:30 [elasticsearch] INFO: POST http://elasticsearch:9200/top/_doc/2984 [status:200 request:0.033s]
2019-12-12 13:47:30 [elasticsearch] DEBUG: > {"title":"36氪独家丨腾讯投资小熊U租C轮逾5000万元，投后估值超20亿元","description_content":"6.5万","update_at":1576158450019}
2019-12-12 13:47:30 [elasticsearch] DEBUG: < {"_index":"top","_type":"_doc","_id":"2984","_version":160,"result":"updated","_shards":{"total":2,"successful":1,"failed":0},"_seq_no":109710,"_primary_term":1}
2019-12-12 13:47:30 [urllib3.connectionpool] DEBUG: Starting new HTTP connection (1): elasticsearch:9200
2019-12-12 13:47:30 [urllib3.connectionpool] DEBUG: http://elasticsearch:9200 "HEAD /top HTTP/1.1" 200 0
2019-12-12 13:47:30 [elasticsearch] INFO: HEAD http://elasticsearch:9200/top [status:200 request:0.003s]
2019-12-12 13:47:30 [elasticsearch] DEBUG: > None
2019-12-12 13:47:30 [elasticsearch] DEBUG: < 
2019-12-12 13:47:30 [urllib3.connectionpool] DEBUG: http://elasticsearch:9200 "POST /top/_doc/2261 HTTP/1.1" 200 161
2019-12-12 13:47:30 [elasticsearch] INFO: POST http://elasticsearch:9200/top/_doc/2261 [status:200 request:0.036s]
2019-12-12 13:47:30 [elasticsearch] DEBUG: > {"title":"8点1氪 | 德国第三大运营商：将用华为建设5G；特斯拉 1 月将上调Model 3进口车价格；微信多项功能升级","description_content":"3.5万","update_at":1576158450019}
2019-12-12 13:47:30 [elasticsearch] DEBUG: < {"_index":"top","_type":"_doc","_id":"2261","_version":161,"result":"updated","_shards":{"total":2,"successful":1,"failed":0},"_seq_no":109711,"_primary_term":1}
2019-12-12 13:47:30 [urllib3.connectionpool] DEBUG: Starting new HTTP connection (1): elasticsearch:9200
2019-12-12 13:47:30 [urllib3.connectionpool] DEBUG: http://elasticsearch:9200 "HEAD /top HTTP/1.1" 200 0
2019-12-12 13:47:30 [elasticsearch] INFO: HEAD http://elasticsearch:9200/top [status:200 request:0.003s]
2019-12-12 13:47:30 [elasticsearch] DEBUG: > None
2019-12-12 13:47:30 [elasticsearch] DEBUG: < 
2019-12-12 13:47:30 [urllib3.connectionpool] DEBUG: http://elasticsearch:9200 "POST /top/_doc/2265 HTTP/1.1" 200 161
2019-12-12 13:47:30 [elasticsearch] INFO: POST http://elasticsearch:9200/top/_doc/2265 [status:200 request:0.026s]
2019-12-12 13:47:30 [elasticsearch] DEBUG: > {"title":"一日暴涨1.2万亿元，市值大超微软苹果，全球最大IPO诞生，净利润为15个中石油","description_content":"3.1万","update_at":1576158450019}
2019-12-12 13:47:30 [elasticsearch] DEBUG: < {"_index":"top","_type":"_doc","_id":"2265","_version":161,"result":"updated","_shards":{"total":2,"successful":1,"failed":0},"_seq_no":109712,"_primary_term":1}
2019-12-12 13:47:30 [urllib3.connectionpool] DEBUG: Starting new HTTP connection (1): elasticsearch:9200
2019-12-12 13:47:30 [urllib3.connectionpool] DEBUG: http://elasticsearch:9200 "HEAD /top HTTP/1.1" 200 0
2019-12-12 13:47:30 [elasticsearch] INFO: HEAD http://elasticsearch:9200/top [status:200 request:0.003s]
2019-12-12 13:47:30 [elasticsearch] DEBUG: > None
2019-12-12 13:47:30 [elasticsearch] DEBUG: < 
2019-12-12 13:47:30 [urllib3.connectionpool] DEBUG: http://elasticsearch:9200 "POST /top/_doc/4672 HTTP/1.1" 200 160
2019-12-12 13:47:30 [elasticsearch] INFO: POST http://elasticsearch:9200/top/_doc/4672 [status:200 request:0.022s]
2019-12-12 13:47:30 [elasticsearch] DEBUG: > {"title":"焦点分析 | 被微软75亿收购的 GitHub，无法承受失去中国之痛","description_content":"2.7万","update_at":1576158450019}
2019-12-12 13:47:30 [elasticsearch] DEBUG: < {"_index":"top","_type":"_doc","_id":"4672","_version":47,"result":"updated","_shards":{"total":2,"successful":1,"failed":0},"_seq_no":109713,"_primary_term":1}
2019-12-12 13:47:30 [urllib3.connectionpool] DEBUG: http://elasticsearch:9200 "POST /top/_doc/4803 HTTP/1.1" 200 160
2019-12-12 13:47:30 [elasticsearch] INFO: POST http://elasticsearch:9200/top/_doc/4803 [status:200 request:0.019s]
2019-12-12 13:47:30 [elasticsearch] DEBUG: > {"title":"我想过39岁找工作会辛苦，没想到会这么残酷","description_content":"2.7万","update_at":1576158450019}
2019-12-12 13:47:30 [elasticsearch] DEBUG: < {"_index":"top","_type":"_doc","_id":"4803","_version":28,"result":"updated","_shards":{"total":2,"successful":1,"failed":0},"_seq_no":109714,"_primary_term":1}
2019-12-12 13:47:30 [urllib3.connectionpool] DEBUG: http://elasticsearch:9200 "POST /top/_doc/4552 HTTP/1.1" 200 160
2019-12-12 13:47:30 [elasticsearch] INFO: POST http://elasticsearch:9200/top/_doc/4552 [status:200 request:0.017s]
2019-12-12 13:47:30 [elasticsearch] DEBUG: > {"title":"影视明星无戏可拍","description_content":"2.2万","update_at":1576158450019}
2019-12-12 13:47:30 [elasticsearch] DEBUG: < {"_index":"top","_type":"_doc","_id":"4552","_version":68,"result":"updated","_shards":{"total":2,"successful":1,"failed":0},"_seq_no":109715,"_primary_term":1}
2019-12-12 13:47:30 [urllib3.connectionpool] DEBUG: http://elasticsearch:9200 "POST /top/_doc/4892 HTTP/1.1" 200 160
2019-12-12 13:47:30 [elasticsearch] INFO: POST http://elasticsearch:9200/top/_doc/4892 [status:200 request:0.014s]
2019-12-12 13:47:30 [elasticsearch] DEBUG: > {"title":"2019 年薪水最高的十三个技术岗位","description_content":"2.1万","update_at":1576158450019}
2019-12-12 13:47:30 [elasticsearch] DEBUG: < {"_index":"top","_type":"_doc","_id":"4892","_version":11,"result":"updated","_shards":{"total":2,"successful":1,"failed":0},"_seq_no":109716,"_primary_term":1}
