2019-12-12 03:46:12 [scrapy.utils.log] INFO: Scrapy 1.7.4 started (bot: spider_tophub)
2019-12-12 03:46:12 [scrapy.utils.log] INFO: Versions: lxml 4.4.1.0, libxml2 2.9.9, cssselect 1.1.0, parsel 1.5.2, w3lib 1.21.0, Twisted 19.7.0, Python 3.7.5 (default, Nov 23 2019, 05:59:34) - [GCC 8.3.0], pyOpenSSL 19.0.0 (OpenSSL 1.1.1d  10 Sep 2019), cryptography 2.8, Platform Linux-3.10.0-1062.1.2.el7.x86_64-x86_64-with-debian-10.2
2019-12-12 03:46:12 [scrapy.crawler] INFO: Overridden settings: {'BOT_NAME': 'spider_tophub', 'DOWNLOAD_DELAY': 1, 'LOG_FILE': 'logs/spider_tophub/ruanyifeng/437a67121c8e11ea9d990242ac190004.log', 'NEWSPIDER_MODULE': 'spider_tophub.spiders', 'ROBOTSTXT_OBEY': True, 'SPIDER_MODULES': ['spider_tophub.spiders'], 'USER_AGENT': 'Mozilla/5.0 (Windows NT 10.0; Win64; x64) AppleWebKit/537.36 (KHTML, like Gecko) Chrome/77.0.3865.120 Safari/537.36'}
2019-12-12 03:46:12 [scrapy.extensions.telnet] INFO: Telnet Password: e465ab7cbab02eb0
2019-12-12 03:46:12 [scrapy.middleware] INFO: Enabled extensions:
['scrapy.extensions.corestats.CoreStats',
 'scrapy.extensions.telnet.TelnetConsole',
 'scrapy.extensions.memusage.MemoryUsage',
 'scrapy.extensions.logstats.LogStats']
2019-12-12 03:46:12 [scrapy.middleware] INFO: Enabled downloader middlewares:
['scrapy.downloadermiddlewares.robotstxt.RobotsTxtMiddleware',
 'scrapy.downloadermiddlewares.httpauth.HttpAuthMiddleware',
 'scrapy.downloadermiddlewares.downloadtimeout.DownloadTimeoutMiddleware',
 'scrapy.downloadermiddlewares.defaultheaders.DefaultHeadersMiddleware',
 'scrapy.downloadermiddlewares.useragent.UserAgentMiddleware',
 'scrapy.downloadermiddlewares.retry.RetryMiddleware',
 'scrapy.downloadermiddlewares.redirect.MetaRefreshMiddleware',
 'scrapy.downloadermiddlewares.httpcompression.HttpCompressionMiddleware',
 'scrapy.downloadermiddlewares.redirect.RedirectMiddleware',
 'scrapy.downloadermiddlewares.cookies.CookiesMiddleware',
 'scrapy.downloadermiddlewares.httpproxy.HttpProxyMiddleware',
 'scrapy.downloadermiddlewares.stats.DownloaderStats']
2019-12-12 03:46:12 [scrapy.middleware] INFO: Enabled spider middlewares:
['scrapy.spidermiddlewares.httperror.HttpErrorMiddleware',
 'scrapy.spidermiddlewares.offsite.OffsiteMiddleware',
 'scrapy.spidermiddlewares.referer.RefererMiddleware',
 'scrapy.spidermiddlewares.urllength.UrlLengthMiddleware',
 'scrapy.spidermiddlewares.depth.DepthMiddleware']
2019-12-12 03:46:12 [scrapy.middleware] INFO: Enabled item pipelines:
['spider_tophub.pipelines.MysqlTwistedPipeline']
2019-12-12 03:46:12 [scrapy.core.engine] INFO: Spider opened
2019-12-12 03:46:12 [scrapy.extensions.logstats] INFO: Crawled 0 pages (at 0 pages/min), scraped 0 items (at 0 items/min)
2019-12-12 03:46:12 [scrapy.extensions.telnet] INFO: Telnet console listening on 127.0.0.1:6023
2019-12-12 03:46:14 [scrapy.core.engine] DEBUG: Crawled (200) <GET http://www.ruanyifeng.com/robots.txt> (referer: None)
2019-12-12 03:46:15 [scrapy.core.engine] DEBUG: Crawled (200) <GET http://www.ruanyifeng.com/blog/archives.html> (referer: None)
2019-12-12 03:46:15 [scrapy.core.scraper] DEBUG: Scraped from <200 http://www.ruanyifeng.com/blog/archives.html>
None
2019-12-12 03:46:15 [scrapy.core.scraper] DEBUG: Scraped from <200 http://www.ruanyifeng.com/blog/archives.html>
None
2019-12-12 03:46:15 [scrapy.core.scraper] DEBUG: Scraped from <200 http://www.ruanyifeng.com/blog/archives.html>
None
2019-12-12 03:46:15 [scrapy.core.scraper] DEBUG: Scraped from <200 http://www.ruanyifeng.com/blog/archives.html>
None
2019-12-12 03:46:15 [scrapy.core.scraper] DEBUG: Scraped from <200 http://www.ruanyifeng.com/blog/archives.html>
None
2019-12-12 03:46:15 [scrapy.core.scraper] DEBUG: Scraped from <200 http://www.ruanyifeng.com/blog/archives.html>
None
2019-12-12 03:46:15 [scrapy.core.scraper] DEBUG: Scraped from <200 http://www.ruanyifeng.com/blog/archives.html>
None
2019-12-12 03:46:15 [scrapy.core.scraper] DEBUG: Scraped from <200 http://www.ruanyifeng.com/blog/archives.html>
None
2019-12-12 03:46:15 [scrapy.core.scraper] DEBUG: Scraped from <200 http://www.ruanyifeng.com/blog/archives.html>
None
2019-12-12 03:46:15 [scrapy.core.scraper] DEBUG: Scraped from <200 http://www.ruanyifeng.com/blog/archives.html>
None
2019-12-12 03:46:15 [scrapy.core.scraper] DEBUG: Scraped from <200 http://www.ruanyifeng.com/blog/archives.html>
None
2019-12-12 03:46:15 [scrapy.core.scraper] DEBUG: Scraped from <200 http://www.ruanyifeng.com/blog/archives.html>
None
2019-12-12 03:46:15 [scrapy.core.scraper] DEBUG: Scraped from <200 http://www.ruanyifeng.com/blog/archives.html>
None
2019-12-12 03:46:15 [scrapy.core.scraper] DEBUG: Scraped from <200 http://www.ruanyifeng.com/blog/archives.html>
None
2019-12-12 03:46:15 [scrapy.core.scraper] DEBUG: Scraped from <200 http://www.ruanyifeng.com/blog/archives.html>
None
2019-12-12 03:46:15 [scrapy.core.scraper] DEBUG: Scraped from <200 http://www.ruanyifeng.com/blog/archives.html>
None
2019-12-12 03:46:15 [scrapy.core.scraper] DEBUG: Scraped from <200 http://www.ruanyifeng.com/blog/archives.html>
None
2019-12-12 03:46:15 [scrapy.core.scraper] DEBUG: Scraped from <200 http://www.ruanyifeng.com/blog/archives.html>
None
2019-12-12 03:46:15 [scrapy.core.scraper] DEBUG: Scraped from <200 http://www.ruanyifeng.com/blog/archives.html>
None
2019-12-12 03:46:15 [scrapy.core.scraper] ERROR: Spider error processing <GET http://www.ruanyifeng.com/blog/archives.html> (referer: None)
Traceback (most recent call last):
  File "/usr/local/lib/python3.7/site-packages/scrapy/utils/defer.py", line 102, in iter_errback
    yield next(it)
  File "/usr/local/lib/python3.7/site-packages/scrapy/core/spidermw.py", line 84, in evaluate_iterable
    for r in iterable:
  File "/usr/local/lib/python3.7/site-packages/scrapy/spidermiddlewares/offsite.py", line 29, in process_spider_output
    for x in result:
  File "/usr/local/lib/python3.7/site-packages/scrapy/core/spidermw.py", line 84, in evaluate_iterable
    for r in iterable:
  File "/usr/local/lib/python3.7/site-packages/scrapy/spidermiddlewares/referer.py", line 339, in <genexpr>
    return (_set_referer(r) for r in result or ())
  File "/usr/local/lib/python3.7/site-packages/scrapy/core/spidermw.py", line 84, in evaluate_iterable
    for r in iterable:
  File "/usr/local/lib/python3.7/site-packages/scrapy/spidermiddlewares/urllength.py", line 37, in <genexpr>
    return (r for r in result or () if _filter(r))
  File "/usr/local/lib/python3.7/site-packages/scrapy/core/spidermw.py", line 84, in evaluate_iterable
    for r in iterable:
  File "/usr/local/lib/python3.7/site-packages/scrapy/spidermiddlewares/depth.py", line 58, in <genexpr>
    return (r for r in result or () if _filter(r))
  File "/home/backend/spider_tophub/spider_tophub/spiders/ruanyifeng.py", line 44, in parse
    publish_at = datetime.strptime(result.xpath('.//abbr/text()').get(), "%Y年%m月%d日 %H:%M")
TypeError: strptime() argument 1 must be str, not None
2019-12-12 03:46:15 [scrapy.core.engine] INFO: Closing spider (finished)
2019-12-12 03:46:15 [scrapy.statscollectors] INFO: Dumping Scrapy stats:
{'downloader/request_bytes': 624,
 'downloader/request_count': 2,
 'downloader/request_method_count/GET': 2,
 'downloader/response_bytes': 7552,
 'downloader/response_count': 2,
 'downloader/response_status_count/200': 2,
 'elapsed_time_seconds': 3.247331,
 'finish_reason': 'finished',
 'finish_time': datetime.datetime(2019, 12, 12, 3, 46, 15, 469060),
 'item_scraped_count': 19,
 'log_count/DEBUG': 26,
 'log_count/ERROR': 1,
 'log_count/INFO': 10,
 'memusage/max': 57233408,
 'memusage/startup': 57233408,
 'response_received_count': 2,
 'robotstxt/request_count': 1,
 'robotstxt/response_count': 1,
 'robotstxt/response_status_count/200': 1,
 'scheduler/dequeued': 1,
 'scheduler/dequeued/memory': 1,
 'scheduler/enqueued': 1,
 'scheduler/enqueued/memory': 1,
 'spider_exceptions/TypeError': 1,
 'start_time': datetime.datetime(2019, 12, 12, 3, 46, 12, 221729)}
2019-12-12 03:46:15 [scrapy.core.engine] INFO: Spider closed (finished)
2019-12-12 03:46:15 [urllib3.connectionpool] DEBUG: Starting new HTTP connection (1): elasticsearch:9200
2019-12-12 03:46:15 [urllib3.connectionpool] DEBUG: Starting new HTTP connection (1): elasticsearch:9200
2019-12-12 03:46:15 [urllib3.connectionpool] DEBUG: Starting new HTTP connection (1): elasticsearch:9200
2019-12-12 03:46:15 [urllib3.connectionpool] DEBUG: Starting new HTTP connection (1): elasticsearch:9200
2019-12-12 03:46:15 [urllib3.connectionpool] DEBUG: Starting new HTTP connection (1): elasticsearch:9200
2019-12-12 03:46:15 [urllib3.connectionpool] DEBUG: http://elasticsearch:9200 "HEAD /top HTTP/1.1" 200 0
2019-12-12 03:46:15 [elasticsearch] INFO: HEAD http://elasticsearch:9200/top [status:200 request:0.051s]
2019-12-12 03:46:15 [elasticsearch] DEBUG: > None
2019-12-12 03:46:15 [elasticsearch] DEBUG: < 
2019-12-12 03:46:15 [urllib3.connectionpool] DEBUG: http://elasticsearch:9200 "HEAD /top HTTP/1.1" 200 0
2019-12-12 03:46:15 [elasticsearch] INFO: HEAD http://elasticsearch:9200/top [status:200 request:0.055s]
2019-12-12 03:46:15 [elasticsearch] DEBUG: > None
2019-12-12 03:46:15 [elasticsearch] DEBUG: < 
2019-12-12 03:46:15 [urllib3.connectionpool] DEBUG: http://elasticsearch:9200 "HEAD /top HTTP/1.1" 200 0
2019-12-12 03:46:15 [elasticsearch] INFO: HEAD http://elasticsearch:9200/top [status:200 request:0.055s]
2019-12-12 03:46:15 [elasticsearch] DEBUG: > None
2019-12-12 03:46:15 [elasticsearch] DEBUG: < 
2019-12-12 03:46:15 [urllib3.connectionpool] DEBUG: http://elasticsearch:9200 "HEAD /top HTTP/1.1" 200 0
2019-12-12 03:46:15 [elasticsearch] INFO: HEAD http://elasticsearch:9200/top [status:200 request:0.062s]
2019-12-12 03:46:15 [elasticsearch] DEBUG: > None
2019-12-12 03:46:15 [elasticsearch] DEBUG: < 
2019-12-12 03:46:15 [urllib3.connectionpool] DEBUG: http://elasticsearch:9200 "HEAD /top HTTP/1.1" 200 0
2019-12-12 03:46:15 [elasticsearch] INFO: HEAD http://elasticsearch:9200/top [status:200 request:0.068s]
2019-12-12 03:46:15 [elasticsearch] DEBUG: > None
2019-12-12 03:46:15 [elasticsearch] DEBUG: < 
2019-12-12 03:46:15 [urllib3.connectionpool] DEBUG: http://elasticsearch:9200 "POST /top/_doc/1217 HTTP/1.1" 201 158
2019-12-12 03:46:15 [elasticsearch] INFO: POST http://elasticsearch:9200/top/_doc/1217 [status:201 request:0.030s]
2019-12-12 03:46:15 [elasticsearch] DEBUG: > {"title":"科技爱好者周刊：第 84 期","description_content":null,"update_at":1576122375405}
2019-12-12 03:46:15 [elasticsearch] DEBUG: < {"_index":"top","_type":"_doc","_id":"1217","_version":1,"result":"created","_shards":{"total":2,"successful":1,"failed":0},"_seq_no":1958,"_primary_term":13}
2019-12-12 03:46:15 [urllib3.connectionpool] DEBUG: Starting new HTTP connection (1): elasticsearch:9200
2019-12-12 03:46:15 [urllib3.connectionpool] DEBUG: http://elasticsearch:9200 "POST /top/_doc/1215 HTTP/1.1" 201 158
2019-12-12 03:46:15 [elasticsearch] INFO: POST http://elasticsearch:9200/top/_doc/1215 [status:201 request:0.053s]
2019-12-12 03:46:15 [elasticsearch] DEBUG: > {"title":"科技爱好者周刊：第 85 期","description_content":null,"update_at":1576122375405}
2019-12-12 03:46:15 [elasticsearch] DEBUG: < {"_index":"top","_type":"_doc","_id":"1215","_version":1,"result":"created","_shards":{"total":2,"successful":1,"failed":0},"_seq_no":1959,"_primary_term":13}
2019-12-12 03:46:15 [urllib3.connectionpool] DEBUG: http://elasticsearch:9200 "HEAD /top HTTP/1.1" 200 0
2019-12-12 03:46:15 [elasticsearch] INFO: HEAD http://elasticsearch:9200/top [status:200 request:0.012s]
2019-12-12 03:46:15 [elasticsearch] DEBUG: > None
2019-12-12 03:46:15 [elasticsearch] DEBUG: < 
2019-12-12 03:46:15 [urllib3.connectionpool] DEBUG: Starting new HTTP connection (1): elasticsearch:9200
2019-12-12 03:46:15 [urllib3.connectionpool] DEBUG: http://elasticsearch:9200 "POST /top/_doc/1216 HTTP/1.1" 201 158
2019-12-12 03:46:15 [elasticsearch] INFO: POST http://elasticsearch:9200/top/_doc/1216 [status:201 request:0.085s]
2019-12-12 03:46:15 [elasticsearch] DEBUG: > {"title":"如何识别文件的真假","description_content":null,"update_at":1576122375405}
2019-12-12 03:46:15 [elasticsearch] DEBUG: < {"_index":"top","_type":"_doc","_id":"1216","_version":1,"result":"created","_shards":{"total":2,"successful":1,"failed":0},"_seq_no":1960,"_primary_term":13}
2019-12-12 03:46:15 [urllib3.connectionpool] DEBUG: http://elasticsearch:9200 "HEAD /top HTTP/1.1" 200 0
2019-12-12 03:46:15 [elasticsearch] INFO: HEAD http://elasticsearch:9200/top [status:200 request:0.012s]
2019-12-12 03:46:15 [elasticsearch] DEBUG: > None
2019-12-12 03:46:15 [elasticsearch] DEBUG: < 
2019-12-12 03:46:15 [urllib3.connectionpool] DEBUG: Starting new HTTP connection (1): elasticsearch:9200
2019-12-12 03:46:15 [urllib3.connectionpool] DEBUG: http://elasticsearch:9200 "HEAD /top HTTP/1.1" 200 0
2019-12-12 03:46:15 [elasticsearch] INFO: HEAD http://elasticsearch:9200/top [status:200 request:0.004s]
2019-12-12 03:46:15 [elasticsearch] DEBUG: > None
2019-12-12 03:46:15 [elasticsearch] DEBUG: < 
2019-12-12 03:46:15 [urllib3.connectionpool] DEBUG: http://elasticsearch:9200 "POST /top/_doc/1214 HTTP/1.1" 201 158
2019-12-12 03:46:15 [elasticsearch] INFO: POST http://elasticsearch:9200/top/_doc/1214 [status:201 request:0.094s]
2019-12-12 03:46:15 [elasticsearch] DEBUG: > {"title":"科技爱好者周刊：第 83 期","description_content":null,"update_at":1576122375405}
2019-12-12 03:46:15 [elasticsearch] DEBUG: < {"_index":"top","_type":"_doc","_id":"1214","_version":1,"result":"created","_shards":{"total":2,"successful":1,"failed":0},"_seq_no":1961,"_primary_term":13}
2019-12-12 03:46:15 [urllib3.connectionpool] DEBUG: http://elasticsearch:9200 "POST /top/_doc/1218 HTTP/1.1" 201 158
2019-12-12 03:46:15 [elasticsearch] INFO: POST http://elasticsearch:9200/top/_doc/1218 [status:201 request:0.100s]
2019-12-12 03:46:15 [elasticsearch] DEBUG: > {"title":"Python 异步编程入门","description_content":null,"update_at":1576122375405}
2019-12-12 03:46:15 [elasticsearch] DEBUG: < {"_index":"top","_type":"_doc","_id":"1218","_version":1,"result":"created","_shards":{"total":2,"successful":1,"failed":0},"_seq_no":1962,"_primary_term":13}
2019-12-12 03:46:15 [urllib3.connectionpool] DEBUG: Starting new HTTP connection (1): elasticsearch:9200
2019-12-12 03:46:15 [urllib3.connectionpool] DEBUG: http://elasticsearch:9200 "HEAD /top HTTP/1.1" 200 0
2019-12-12 03:46:15 [elasticsearch] INFO: HEAD http://elasticsearch:9200/top [status:200 request:0.004s]
2019-12-12 03:46:15 [elasticsearch] DEBUG: > None
2019-12-12 03:46:15 [elasticsearch] DEBUG: < 
2019-12-12 03:46:15 [urllib3.connectionpool] DEBUG: Starting new HTTP connection (1): elasticsearch:9200
2019-12-12 03:46:15 [urllib3.connectionpool] DEBUG: http://elasticsearch:9200 "POST /top/_doc/1219 HTTP/1.1" 201 158
2019-12-12 03:46:15 [elasticsearch] INFO: POST http://elasticsearch:9200/top/_doc/1219 [status:201 request:0.080s]
2019-12-12 03:46:15 [elasticsearch] DEBUG: > {"title":"CSS 定位详解","description_content":null,"update_at":1576122375405}
2019-12-12 03:46:15 [elasticsearch] DEBUG: < {"_index":"top","_type":"_doc","_id":"1219","_version":1,"result":"created","_shards":{"total":2,"successful":1,"failed":0},"_seq_no":1963,"_primary_term":13}
2019-12-12 03:46:15 [urllib3.connectionpool] DEBUG: http://elasticsearch:9200 "HEAD /top HTTP/1.1" 200 0
2019-12-12 03:46:15 [elasticsearch] INFO: HEAD http://elasticsearch:9200/top [status:200 request:0.011s]
2019-12-12 03:46:15 [elasticsearch] DEBUG: > None
2019-12-12 03:46:15 [elasticsearch] DEBUG: < 
2019-12-12 03:46:15 [urllib3.connectionpool] DEBUG: Starting new HTTP connection (1): elasticsearch:9200
2019-12-12 03:46:15 [urllib3.connectionpool] DEBUG: http://elasticsearch:9200 "HEAD /top HTTP/1.1" 200 0
2019-12-12 03:46:15 [elasticsearch] INFO: HEAD http://elasticsearch:9200/top [status:200 request:0.007s]
2019-12-12 03:46:15 [elasticsearch] DEBUG: > None
2019-12-12 03:46:15 [elasticsearch] DEBUG: < 
2019-12-12 03:46:15 [urllib3.connectionpool] DEBUG: http://elasticsearch:9200 "POST /top/_doc/1220 HTTP/1.1" 201 158
2019-12-12 03:46:15 [elasticsearch] INFO: POST http://elasticsearch:9200/top/_doc/1220 [status:201 request:0.068s]
2019-12-12 03:46:15 [elasticsearch] DEBUG: > {"title":"容错，高可用和灾备","description_content":null,"update_at":1576122375405}
2019-12-12 03:46:15 [elasticsearch] DEBUG: < {"_index":"top","_type":"_doc","_id":"1220","_version":1,"result":"created","_shards":{"total":2,"successful":1,"failed":0},"_seq_no":1964,"_primary_term":13}
2019-12-12 03:46:15 [urllib3.connectionpool] DEBUG: Starting new HTTP connection (1): elasticsearch:9200
2019-12-12 03:46:15 [urllib3.connectionpool] DEBUG: http://elasticsearch:9200 "HEAD /top HTTP/1.1" 200 0
2019-12-12 03:46:15 [elasticsearch] INFO: HEAD http://elasticsearch:9200/top [status:200 request:0.003s]
2019-12-12 03:46:15 [elasticsearch] DEBUG: > None
2019-12-12 03:46:15 [elasticsearch] DEBUG: < 
2019-12-12 03:46:15 [urllib3.connectionpool] DEBUG: http://elasticsearch:9200 "POST /top/_doc/1221 HTTP/1.1" 201 158
2019-12-12 03:46:15 [elasticsearch] INFO: POST http://elasticsearch:9200/top/_doc/1221 [status:201 request:0.064s]
2019-12-12 03:46:15 [elasticsearch] DEBUG: > {"title":"科技爱好者周刊：第 82 期","description_content":null,"update_at":1576122375405}
2019-12-12 03:46:15 [elasticsearch] DEBUG: < {"_index":"top","_type":"_doc","_id":"1221","_version":1,"result":"created","_shards":{"total":2,"successful":1,"failed":0},"_seq_no":1965,"_primary_term":13}
2019-12-12 03:46:15 [urllib3.connectionpool] DEBUG: Starting new HTTP connection (1): elasticsearch:9200
2019-12-12 03:46:15 [urllib3.connectionpool] DEBUG: http://elasticsearch:9200 "HEAD /top HTTP/1.1" 200 0
2019-12-12 03:46:15 [elasticsearch] INFO: HEAD http://elasticsearch:9200/top [status:200 request:0.003s]
2019-12-12 03:46:15 [elasticsearch] DEBUG: > None
2019-12-12 03:46:15 [elasticsearch] DEBUG: < 
2019-12-12 03:46:15 [urllib3.connectionpool] DEBUG: http://elasticsearch:9200 "POST /top/_doc/1222 HTTP/1.1" 201 158
2019-12-12 03:46:15 [elasticsearch] INFO: POST http://elasticsearch:9200/top/_doc/1222 [status:201 request:0.056s]
2019-12-12 03:46:15 [elasticsearch] DEBUG: > {"title":"杨安泽的总统竞选","description_content":null,"update_at":1576122375405}
2019-12-12 03:46:15 [elasticsearch] DEBUG: < {"_index":"top","_type":"_doc","_id":"1222","_version":1,"result":"created","_shards":{"total":2,"successful":1,"failed":0},"_seq_no":1966,"_primary_term":13}
2019-12-12 03:46:15 [urllib3.connectionpool] DEBUG: Starting new HTTP connection (1): elasticsearch:9200
2019-12-12 03:46:15 [urllib3.connectionpool] DEBUG: http://elasticsearch:9200 "HEAD /top HTTP/1.1" 200 0
2019-12-12 03:46:15 [elasticsearch] INFO: HEAD http://elasticsearch:9200/top [status:200 request:0.003s]
2019-12-12 03:46:15 [elasticsearch] DEBUG: > None
2019-12-12 03:46:15 [elasticsearch] DEBUG: < 
2019-12-12 03:46:15 [urllib3.connectionpool] DEBUG: http://elasticsearch:9200 "POST /top/_doc/1223 HTTP/1.1" 201 158
2019-12-12 03:46:15 [elasticsearch] INFO: POST http://elasticsearch:9200/top/_doc/1223 [status:201 request:0.051s]
2019-12-12 03:46:15 [elasticsearch] DEBUG: > {"title":"科技爱好者周刊：第 81 期","description_content":null,"update_at":1576122375405}
2019-12-12 03:46:15 [elasticsearch] DEBUG: < {"_index":"top","_type":"_doc","_id":"1223","_version":1,"result":"created","_shards":{"total":2,"successful":1,"failed":0},"_seq_no":1967,"_primary_term":13}
2019-12-12 03:46:15 [urllib3.connectionpool] DEBUG: Starting new HTTP connection (1): elasticsearch:9200
2019-12-12 03:46:15 [urllib3.connectionpool] DEBUG: http://elasticsearch:9200 "HEAD /top HTTP/1.1" 200 0
2019-12-12 03:46:15 [elasticsearch] INFO: HEAD http://elasticsearch:9200/top [status:200 request:0.003s]
2019-12-12 03:46:15 [elasticsearch] DEBUG: > None
2019-12-12 03:46:15 [elasticsearch] DEBUG: < 
2019-12-12 03:46:15 [urllib3.connectionpool] DEBUG: http://elasticsearch:9200 "POST /top/_doc/1224 HTTP/1.1" 201 158
2019-12-12 03:46:15 [elasticsearch] INFO: POST http://elasticsearch:9200/top/_doc/1224 [status:201 request:0.048s]
2019-12-12 03:46:15 [elasticsearch] DEBUG: > {"title":"关于计算机科学的50个误解","description_content":null,"update_at":1576122375405}
2019-12-12 03:46:15 [elasticsearch] DEBUG: < {"_index":"top","_type":"_doc","_id":"1224","_version":1,"result":"created","_shards":{"total":2,"successful":1,"failed":0},"_seq_no":1968,"_primary_term":13}
2019-12-12 03:46:15 [urllib3.connectionpool] DEBUG: Starting new HTTP connection (1): elasticsearch:9200
2019-12-12 03:46:15 [urllib3.connectionpool] DEBUG: http://elasticsearch:9200 "HEAD /top HTTP/1.1" 200 0
2019-12-12 03:46:15 [elasticsearch] INFO: HEAD http://elasticsearch:9200/top [status:200 request:0.003s]
2019-12-12 03:46:15 [elasticsearch] DEBUG: > None
2019-12-12 03:46:15 [elasticsearch] DEBUG: < 
2019-12-12 03:46:15 [urllib3.connectionpool] DEBUG: http://elasticsearch:9200 "POST /top/_doc/1225 HTTP/1.1" 201 158
2019-12-12 03:46:15 [elasticsearch] INFO: POST http://elasticsearch:9200/top/_doc/1225 [status:201 request:0.045s]
2019-12-12 03:46:15 [elasticsearch] DEBUG: > {"title":"科技爱好者周刊：第 80 期","description_content":null,"update_at":1576122375405}
2019-12-12 03:46:15 [elasticsearch] DEBUG: < {"_index":"top","_type":"_doc","_id":"1225","_version":1,"result":"created","_shards":{"total":2,"successful":1,"failed":0},"_seq_no":1969,"_primary_term":13}
2019-12-12 03:46:15 [urllib3.connectionpool] DEBUG: Starting new HTTP connection (1): elasticsearch:9200
2019-12-12 03:46:15 [urllib3.connectionpool] DEBUG: http://elasticsearch:9200 "HEAD /top HTTP/1.1" 200 0
2019-12-12 03:46:15 [elasticsearch] INFO: HEAD http://elasticsearch:9200/top [status:200 request:0.006s]
2019-12-12 03:46:15 [elasticsearch] DEBUG: > None
2019-12-12 03:46:15 [elasticsearch] DEBUG: < 
2019-12-12 03:46:15 [urllib3.connectionpool] DEBUG: http://elasticsearch:9200 "POST /top/_doc/1226 HTTP/1.1" 201 158
2019-12-12 03:46:15 [elasticsearch] INFO: POST http://elasticsearch:9200/top/_doc/1226 [status:201 request:0.048s]
2019-12-12 03:46:15 [elasticsearch] DEBUG: > {"title":"你所不知道的 AI 进展","description_content":null,"update_at":1576122375405}
2019-12-12 03:46:15 [elasticsearch] DEBUG: < {"_index":"top","_type":"_doc","_id":"1226","_version":1,"result":"created","_shards":{"total":2,"successful":1,"failed":0},"_seq_no":1970,"_primary_term":13}
2019-12-12 03:46:15 [urllib3.connectionpool] DEBUG: Starting new HTTP connection (1): elasticsearch:9200
2019-12-12 03:46:15 [urllib3.connectionpool] DEBUG: http://elasticsearch:9200 "POST /top/_doc/1227 HTTP/1.1" 201 158
2019-12-12 03:46:15 [elasticsearch] INFO: POST http://elasticsearch:9200/top/_doc/1227 [status:201 request:0.047s]
2019-12-12 03:46:15 [elasticsearch] DEBUG: > {"title":"科技爱好者周刊：第 79 期","description_content":null,"update_at":1576122375405}
2019-12-12 03:46:15 [elasticsearch] DEBUG: < {"_index":"top","_type":"_doc","_id":"1227","_version":1,"result":"created","_shards":{"total":2,"successful":1,"failed":0},"_seq_no":1971,"_primary_term":13}
2019-12-12 03:46:15 [urllib3.connectionpool] DEBUG: http://elasticsearch:9200 "HEAD /top HTTP/1.1" 200 0
2019-12-12 03:46:15 [elasticsearch] INFO: HEAD http://elasticsearch:9200/top [status:200 request:0.005s]
2019-12-12 03:46:15 [elasticsearch] DEBUG: > None
2019-12-12 03:46:15 [elasticsearch] DEBUG: < 
2019-12-12 03:46:15 [urllib3.connectionpool] DEBUG: Starting new HTTP connection (1): elasticsearch:9200
2019-12-12 03:46:15 [urllib3.connectionpool] DEBUG: http://elasticsearch:9200 "HEAD /top HTTP/1.1" 200 0
2019-12-12 03:46:15 [elasticsearch] INFO: HEAD http://elasticsearch:9200/top [status:200 request:0.003s]
2019-12-12 03:46:15 [elasticsearch] DEBUG: > None
2019-12-12 03:46:15 [elasticsearch] DEBUG: < 
2019-12-12 03:46:15 [urllib3.connectionpool] DEBUG: http://elasticsearch:9200 "POST /top/_doc/1228 HTTP/1.1" 201 158
2019-12-12 03:46:15 [elasticsearch] INFO: POST http://elasticsearch:9200/top/_doc/1228 [status:201 request:0.051s]
2019-12-12 03:46:15 [elasticsearch] DEBUG: > {"title":"Tmux 使用教程","description_content":null,"update_at":1576122375405}
2019-12-12 03:46:15 [elasticsearch] DEBUG: < {"_index":"top","_type":"_doc","_id":"1228","_version":1,"result":"created","_shards":{"total":2,"successful":1,"failed":0},"_seq_no":1972,"_primary_term":13}
2019-12-12 03:46:15 [urllib3.connectionpool] DEBUG: http://elasticsearch:9200 "POST /top/_doc/1229 HTTP/1.1" 201 158
2019-12-12 03:46:15 [elasticsearch] INFO: POST http://elasticsearch:9200/top/_doc/1229 [status:201 request:0.046s]
2019-12-12 03:46:15 [elasticsearch] DEBUG: > {"title":"科技爱好者周刊：第 78 期","description_content":null,"update_at":1576122375405}
2019-12-12 03:46:15 [elasticsearch] DEBUG: < {"_index":"top","_type":"_doc","_id":"1229","_version":1,"result":"created","_shards":{"total":2,"successful":1,"failed":0},"_seq_no":1973,"_primary_term":13}
2019-12-12 03:46:15 [urllib3.connectionpool] DEBUG: http://elasticsearch:9200 "POST /top/_doc/1230 HTTP/1.1" 201 158
2019-12-12 03:46:15 [elasticsearch] INFO: POST http://elasticsearch:9200/top/_doc/1230 [status:201 request:0.038s]
2019-12-12 03:46:15 [elasticsearch] DEBUG: > {"title":"科技爱好者周刊：第 77 期","description_content":null,"update_at":1576122375405}
2019-12-12 03:46:15 [elasticsearch] DEBUG: < {"_index":"top","_type":"_doc","_id":"1230","_version":1,"result":"created","_shards":{"total":2,"successful":1,"failed":0},"_seq_no":1974,"_primary_term":13}
2019-12-12 03:46:15 [urllib3.connectionpool] DEBUG: http://elasticsearch:9200 "POST /top/_doc/1231 HTTP/1.1" 201 158
2019-12-12 03:46:15 [elasticsearch] INFO: POST http://elasticsearch:9200/top/_doc/1231 [status:201 request:0.033s]
2019-12-12 03:46:15 [elasticsearch] DEBUG: > {"title":"科技爱好者周刊：第 76 期","description_content":null,"update_at":1576122375405}
2019-12-12 03:46:15 [elasticsearch] DEBUG: < {"_index":"top","_type":"_doc","_id":"1231","_version":1,"result":"created","_shards":{"total":2,"successful":1,"failed":0},"_seq_no":1975,"_primary_term":13}
2019-12-12 03:46:15 [urllib3.connectionpool] DEBUG: http://elasticsearch:9200 "POST /top/_doc/1232 HTTP/1.1" 201 158
2019-12-12 03:46:15 [elasticsearch] INFO: POST http://elasticsearch:9200/top/_doc/1232 [status:201 request:0.028s]
2019-12-12 03:46:15 [elasticsearch] DEBUG: > {"title":"科技爱好者周刊：第 75 期","description_content":null,"update_at":1576122375405}
2019-12-12 03:46:15 [elasticsearch] DEBUG: < {"_index":"top","_type":"_doc","_id":"1232","_version":1,"result":"created","_shards":{"total":2,"successful":1,"failed":0},"_seq_no":1976,"_primary_term":13}
