2019-12-12 13:57:53 [scrapy.utils.log] INFO: Scrapy 1.7.4 started (bot: spider_tophub)
2019-12-12 13:57:53 [scrapy.utils.log] INFO: Versions: lxml 4.4.1.0, libxml2 2.9.9, cssselect 1.1.0, parsel 1.5.2, w3lib 1.21.0, Twisted 19.7.0, Python 3.7.5 (default, Nov 23 2019, 05:59:34) - [GCC 8.3.0], pyOpenSSL 19.0.0 (OpenSSL 1.1.1d  10 Sep 2019), cryptography 2.8, Platform Linux-3.10.0-1062.1.2.el7.x86_64-x86_64-with-debian-10.2
2019-12-12 13:57:53 [scrapy.crawler] INFO: Overridden settings: {'BOT_NAME': 'spider_tophub', 'DOWNLOAD_DELAY': 1, 'LOG_FILE': 'logs/spider_tophub/toutiao_hotwords/2ef33d9c1ce711ea831a0242ac1c0004.log', 'NEWSPIDER_MODULE': 'spider_tophub.spiders', 'SPIDER_MODULES': ['spider_tophub.spiders'], 'USER_AGENT': 'Mozilla/5.0 (Windows NT 6.1; WOW64) AppleWebKit/537.1 (KHTML, like Gecko) Chrome/22.0.1207.1 Safari/537.1'}
2019-12-12 13:57:53 [scrapy.extensions.telnet] INFO: Telnet Password: 1d6a5b5f614c38f1
2019-12-12 13:57:53 [scrapy.middleware] INFO: Enabled extensions:
['scrapy.extensions.corestats.CoreStats',
 'scrapy.extensions.telnet.TelnetConsole',
 'scrapy.extensions.memusage.MemoryUsage',
 'scrapy.extensions.logstats.LogStats']
2019-12-12 13:57:53 [scrapy.middleware] INFO: Enabled downloader middlewares:
['scrapy.downloadermiddlewares.httpauth.HttpAuthMiddleware',
 'scrapy.downloadermiddlewares.downloadtimeout.DownloadTimeoutMiddleware',
 'scrapy.downloadermiddlewares.defaultheaders.DefaultHeadersMiddleware',
 'scrapy.downloadermiddlewares.useragent.UserAgentMiddleware',
 'scrapy.downloadermiddlewares.retry.RetryMiddleware',
 'scrapy.downloadermiddlewares.redirect.MetaRefreshMiddleware',
 'scrapy.downloadermiddlewares.httpcompression.HttpCompressionMiddleware',
 'scrapy.downloadermiddlewares.redirect.RedirectMiddleware',
 'scrapy.downloadermiddlewares.cookies.CookiesMiddleware',
 'scrapy.downloadermiddlewares.httpproxy.HttpProxyMiddleware',
 'scrapy.downloadermiddlewares.stats.DownloaderStats']
2019-12-12 13:57:53 [scrapy.middleware] INFO: Enabled spider middlewares:
['scrapy.spidermiddlewares.httperror.HttpErrorMiddleware',
 'scrapy.spidermiddlewares.offsite.OffsiteMiddleware',
 'scrapy.spidermiddlewares.referer.RefererMiddleware',
 'scrapy.spidermiddlewares.urllength.UrlLengthMiddleware',
 'scrapy.spidermiddlewares.depth.DepthMiddleware']
2019-12-12 13:57:53 [scrapy.middleware] INFO: Enabled item pipelines:
['spider_tophub.pipelines.MysqlTwistedPipeline']
2019-12-12 13:57:53 [scrapy.core.engine] INFO: Spider opened
2019-12-12 13:57:53 [scrapy.extensions.logstats] INFO: Crawled 0 pages (at 0 pages/min), scraped 0 items (at 0 items/min)
2019-12-12 13:57:53 [scrapy.extensions.telnet] INFO: Telnet console listening on 127.0.0.1:6023
2019-12-12 13:57:54 [scrapy.core.engine] DEBUG: Crawled (200) <GET https://ib.snssdk.com/api/suggest_words/?business_id=10017> (referer: None)
2019-12-12 13:57:54 [scrapy.core.scraper] DEBUG: Scraped from <200 https://ib.snssdk.com/api/suggest_words/?business_id=10017>
None
2019-12-12 13:57:54 [scrapy.core.scraper] DEBUG: Scraped from <200 https://ib.snssdk.com/api/suggest_words/?business_id=10017>
None
2019-12-12 13:57:54 [scrapy.core.scraper] DEBUG: Scraped from <200 https://ib.snssdk.com/api/suggest_words/?business_id=10017>
None
2019-12-12 13:57:54 [scrapy.core.scraper] DEBUG: Scraped from <200 https://ib.snssdk.com/api/suggest_words/?business_id=10017>
None
2019-12-12 13:57:54 [scrapy.core.scraper] DEBUG: Scraped from <200 https://ib.snssdk.com/api/suggest_words/?business_id=10017>
None
2019-12-12 13:57:54 [scrapy.core.scraper] DEBUG: Scraped from <200 https://ib.snssdk.com/api/suggest_words/?business_id=10017>
None
2019-12-12 13:57:54 [scrapy.core.scraper] DEBUG: Scraped from <200 https://ib.snssdk.com/api/suggest_words/?business_id=10017>
None
2019-12-12 13:57:54 [scrapy.core.scraper] DEBUG: Scraped from <200 https://ib.snssdk.com/api/suggest_words/?business_id=10017>
None
2019-12-12 13:57:54 [scrapy.core.scraper] DEBUG: Scraped from <200 https://ib.snssdk.com/api/suggest_words/?business_id=10017>
None
2019-12-12 13:57:54 [scrapy.core.scraper] DEBUG: Scraped from <200 https://ib.snssdk.com/api/suggest_words/?business_id=10017>
None
2019-12-12 13:57:54 [scrapy.core.scraper] DEBUG: Scraped from <200 https://ib.snssdk.com/api/suggest_words/?business_id=10017>
None
2019-12-12 13:57:54 [scrapy.core.scraper] DEBUG: Scraped from <200 https://ib.snssdk.com/api/suggest_words/?business_id=10017>
None
2019-12-12 13:57:54 [scrapy.core.scraper] DEBUG: Scraped from <200 https://ib.snssdk.com/api/suggest_words/?business_id=10017>
None
2019-12-12 13:57:54 [scrapy.core.scraper] DEBUG: Scraped from <200 https://ib.snssdk.com/api/suggest_words/?business_id=10017>
None
2019-12-12 13:57:54 [scrapy.core.scraper] DEBUG: Scraped from <200 https://ib.snssdk.com/api/suggest_words/?business_id=10017>
None
2019-12-12 13:57:54 [scrapy.core.scraper] DEBUG: Scraped from <200 https://ib.snssdk.com/api/suggest_words/?business_id=10017>
None
2019-12-12 13:57:54 [scrapy.core.scraper] DEBUG: Scraped from <200 https://ib.snssdk.com/api/suggest_words/?business_id=10017>
None
2019-12-12 13:57:54 [scrapy.core.scraper] DEBUG: Scraped from <200 https://ib.snssdk.com/api/suggest_words/?business_id=10017>
None
2019-12-12 13:57:54 [scrapy.core.scraper] DEBUG: Scraped from <200 https://ib.snssdk.com/api/suggest_words/?business_id=10017>
None
2019-12-12 13:57:54 [scrapy.core.scraper] DEBUG: Scraped from <200 https://ib.snssdk.com/api/suggest_words/?business_id=10017>
None
2019-12-12 13:57:54 [scrapy.core.scraper] DEBUG: Scraped from <200 https://ib.snssdk.com/api/suggest_words/?business_id=10017>
None
2019-12-12 13:57:54 [scrapy.core.scraper] DEBUG: Scraped from <200 https://ib.snssdk.com/api/suggest_words/?business_id=10017>
None
2019-12-12 13:57:54 [scrapy.core.scraper] DEBUG: Scraped from <200 https://ib.snssdk.com/api/suggest_words/?business_id=10017>
None
2019-12-12 13:57:54 [scrapy.core.scraper] DEBUG: Scraped from <200 https://ib.snssdk.com/api/suggest_words/?business_id=10017>
None
2019-12-12 13:57:54 [scrapy.core.scraper] DEBUG: Scraped from <200 https://ib.snssdk.com/api/suggest_words/?business_id=10017>
None
2019-12-12 13:57:54 [scrapy.core.scraper] DEBUG: Scraped from <200 https://ib.snssdk.com/api/suggest_words/?business_id=10017>
None
2019-12-12 13:57:54 [scrapy.core.scraper] DEBUG: Scraped from <200 https://ib.snssdk.com/api/suggest_words/?business_id=10017>
None
2019-12-12 13:57:54 [scrapy.core.scraper] DEBUG: Scraped from <200 https://ib.snssdk.com/api/suggest_words/?business_id=10017>
None
2019-12-12 13:57:54 [scrapy.core.scraper] DEBUG: Scraped from <200 https://ib.snssdk.com/api/suggest_words/?business_id=10017>
None
2019-12-12 13:57:54 [scrapy.core.scraper] DEBUG: Scraped from <200 https://ib.snssdk.com/api/suggest_words/?business_id=10017>
None
2019-12-12 13:57:54 [scrapy.core.scraper] DEBUG: Scraped from <200 https://ib.snssdk.com/api/suggest_words/?business_id=10017>
None
2019-12-12 13:57:54 [scrapy.core.scraper] DEBUG: Scraped from <200 https://ib.snssdk.com/api/suggest_words/?business_id=10017>
None
2019-12-12 13:57:54 [scrapy.core.scraper] DEBUG: Scraped from <200 https://ib.snssdk.com/api/suggest_words/?business_id=10017>
None
2019-12-12 13:57:54 [scrapy.core.scraper] DEBUG: Scraped from <200 https://ib.snssdk.com/api/suggest_words/?business_id=10017>
None
2019-12-12 13:57:54 [scrapy.core.scraper] DEBUG: Scraped from <200 https://ib.snssdk.com/api/suggest_words/?business_id=10017>
None
2019-12-12 13:57:54 [scrapy.core.scraper] DEBUG: Scraped from <200 https://ib.snssdk.com/api/suggest_words/?business_id=10017>
None
2019-12-12 13:57:54 [scrapy.core.scraper] DEBUG: Scraped from <200 https://ib.snssdk.com/api/suggest_words/?business_id=10017>
None
2019-12-12 13:57:54 [scrapy.core.scraper] DEBUG: Scraped from <200 https://ib.snssdk.com/api/suggest_words/?business_id=10017>
None
2019-12-12 13:57:54 [scrapy.core.scraper] DEBUG: Scraped from <200 https://ib.snssdk.com/api/suggest_words/?business_id=10017>
None
2019-12-12 13:57:54 [scrapy.core.scraper] DEBUG: Scraped from <200 https://ib.snssdk.com/api/suggest_words/?business_id=10017>
None
2019-12-12 13:57:54 [scrapy.core.scraper] DEBUG: Scraped from <200 https://ib.snssdk.com/api/suggest_words/?business_id=10017>
None
2019-12-12 13:57:54 [scrapy.core.scraper] DEBUG: Scraped from <200 https://ib.snssdk.com/api/suggest_words/?business_id=10017>
None
2019-12-12 13:57:54 [scrapy.core.scraper] DEBUG: Scraped from <200 https://ib.snssdk.com/api/suggest_words/?business_id=10017>
None
2019-12-12 13:57:54 [scrapy.core.scraper] DEBUG: Scraped from <200 https://ib.snssdk.com/api/suggest_words/?business_id=10017>
None
2019-12-12 13:57:54 [scrapy.core.scraper] DEBUG: Scraped from <200 https://ib.snssdk.com/api/suggest_words/?business_id=10017>
None
2019-12-12 13:57:54 [scrapy.core.scraper] DEBUG: Scraped from <200 https://ib.snssdk.com/api/suggest_words/?business_id=10017>
None
2019-12-12 13:57:54 [scrapy.core.scraper] DEBUG: Scraped from <200 https://ib.snssdk.com/api/suggest_words/?business_id=10017>
None
2019-12-12 13:57:54 [scrapy.core.scraper] DEBUG: Scraped from <200 https://ib.snssdk.com/api/suggest_words/?business_id=10017>
None
2019-12-12 13:57:54 [scrapy.core.scraper] DEBUG: Scraped from <200 https://ib.snssdk.com/api/suggest_words/?business_id=10017>
None
2019-12-12 13:57:54 [scrapy.core.scraper] DEBUG: Scraped from <200 https://ib.snssdk.com/api/suggest_words/?business_id=10017>
None
2019-12-12 13:57:54 [scrapy.core.scraper] DEBUG: Scraped from <200 https://ib.snssdk.com/api/suggest_words/?business_id=10017>
None
2019-12-12 13:57:54 [scrapy.core.scraper] DEBUG: Scraped from <200 https://ib.snssdk.com/api/suggest_words/?business_id=10017>
None
2019-12-12 13:57:54 [scrapy.core.scraper] DEBUG: Scraped from <200 https://ib.snssdk.com/api/suggest_words/?business_id=10017>
None
2019-12-12 13:57:54 [scrapy.core.scraper] DEBUG: Scraped from <200 https://ib.snssdk.com/api/suggest_words/?business_id=10017>
None
2019-12-12 13:57:54 [scrapy.core.scraper] DEBUG: Scraped from <200 https://ib.snssdk.com/api/suggest_words/?business_id=10017>
None
2019-12-12 13:57:54 [scrapy.core.scraper] DEBUG: Scraped from <200 https://ib.snssdk.com/api/suggest_words/?business_id=10017>
None
2019-12-12 13:57:54 [scrapy.core.scraper] DEBUG: Scraped from <200 https://ib.snssdk.com/api/suggest_words/?business_id=10017>
None
2019-12-12 13:57:54 [scrapy.core.scraper] DEBUG: Scraped from <200 https://ib.snssdk.com/api/suggest_words/?business_id=10017>
None
2019-12-12 13:57:54 [scrapy.core.scraper] DEBUG: Scraped from <200 https://ib.snssdk.com/api/suggest_words/?business_id=10017>
None
2019-12-12 13:57:54 [scrapy.core.scraper] DEBUG: Scraped from <200 https://ib.snssdk.com/api/suggest_words/?business_id=10017>
None
2019-12-12 13:57:54 [scrapy.core.engine] INFO: Closing spider (finished)
2019-12-12 13:57:54 [scrapy.statscollectors] INFO: Dumping Scrapy stats:
{'downloader/request_bytes': 319,
 'downloader/request_count': 1,
 'downloader/request_method_count/GET': 1,
 'downloader/response_bytes': 3348,
 'downloader/response_count': 1,
 'downloader/response_status_count/200': 1,
 'elapsed_time_seconds': 0.24685,
 'finish_reason': 'finished',
 'finish_time': datetime.datetime(2019, 12, 12, 13, 57, 54, 132814),
 'item_scraped_count': 60,
 'log_count/DEBUG': 61,
 'log_count/INFO': 10,
 'memusage/max': 57225216,
 'memusage/startup': 57225216,
 'response_received_count': 1,
 'scheduler/dequeued': 1,
 'scheduler/dequeued/memory': 1,
 'scheduler/enqueued': 1,
 'scheduler/enqueued/memory': 1,
 'start_time': datetime.datetime(2019, 12, 12, 13, 57, 53, 885964)}
2019-12-12 13:57:54 [scrapy.core.engine] INFO: Spider closed (finished)
2019-12-12 13:57:54 [urllib3.connectionpool] DEBUG: Starting new HTTP connection (1): elasticsearch:9200
2019-12-12 13:57:54 [urllib3.connectionpool] DEBUG: Starting new HTTP connection (1): elasticsearch:9200
2019-12-12 13:57:54 [urllib3.connectionpool] DEBUG: Starting new HTTP connection (1): elasticsearch:9200
2019-12-12 13:57:54 [urllib3.connectionpool] DEBUG: Starting new HTTP connection (1): elasticsearch:9200
2019-12-12 13:57:54 [urllib3.connectionpool] DEBUG: http://elasticsearch:9200 "HEAD /top HTTP/1.1" 200 0
2019-12-12 13:57:54 [elasticsearch] INFO: HEAD http://elasticsearch:9200/top [status:200 request:0.006s]
2019-12-12 13:57:54 [elasticsearch] DEBUG: > None
2019-12-12 13:57:54 [elasticsearch] DEBUG: < 
2019-12-12 13:57:54 [urllib3.connectionpool] DEBUG: http://elasticsearch:9200 "HEAD /top HTTP/1.1" 200 0
2019-12-12 13:57:54 [elasticsearch] INFO: HEAD http://elasticsearch:9200/top [status:200 request:0.007s]
2019-12-12 13:57:54 [elasticsearch] DEBUG: > None
2019-12-12 13:57:54 [elasticsearch] DEBUG: < 
2019-12-12 13:57:54 [urllib3.connectionpool] DEBUG: http://elasticsearch:9200 "HEAD /top HTTP/1.1" 200 0
2019-12-12 13:57:54 [elasticsearch] INFO: HEAD http://elasticsearch:9200/top [status:200 request:0.009s]
2019-12-12 13:57:54 [elasticsearch] DEBUG: > None
2019-12-12 13:57:54 [elasticsearch] DEBUG: < 
2019-12-12 13:57:54 [urllib3.connectionpool] DEBUG: http://elasticsearch:9200 "HEAD /top HTTP/1.1" 200 0
2019-12-12 13:57:54 [elasticsearch] INFO: HEAD http://elasticsearch:9200/top [status:200 request:0.007s]
2019-12-12 13:57:54 [elasticsearch] DEBUG: > None
2019-12-12 13:57:54 [elasticsearch] DEBUG: < 
2019-12-12 13:57:54 [urllib3.connectionpool] DEBUG: Starting new HTTP connection (1): elasticsearch:9200
2019-12-12 13:57:54 [urllib3.connectionpool] DEBUG: http://elasticsearch:9200 "HEAD /top HTTP/1.1" 200 0
2019-12-12 13:57:54 [elasticsearch] INFO: HEAD http://elasticsearch:9200/top [status:200 request:0.002s]
2019-12-12 13:57:54 [elasticsearch] DEBUG: > None
2019-12-12 13:57:54 [elasticsearch] DEBUG: < 
2019-12-12 13:57:54 [urllib3.connectionpool] DEBUG: http://elasticsearch:9200 "POST /top/_doc/3407 HTTP/1.1" 200 161
2019-12-12 13:57:54 [elasticsearch] INFO: POST http://elasticsearch:9200/top/_doc/3407 [status:200 request:0.009s]
2019-12-12 13:57:54 [elasticsearch] DEBUG: > {"title":"劳荣枝家属回应通报","description_content":"391.4万","update_at":1576159074113}
2019-12-12 13:57:54 [elasticsearch] DEBUG: < {"_index":"top","_type":"_doc","_id":"3407","_version":131,"result":"updated","_shards":{"total":2,"successful":1,"failed":0},"_seq_no":112146,"_primary_term":1}
2019-12-12 13:57:54 [urllib3.connectionpool] DEBUG: http://elasticsearch:9200 "POST /top/_doc/4487 HTTP/1.1" 200 160
2019-12-12 13:57:54 [elasticsearch] INFO: POST http://elasticsearch:9200/top/_doc/4487 [status:200 request:0.016s]
2019-12-12 13:57:54 [elasticsearch] DEBUG: > {"title":"赵薇老公被起诉","description_content":"421.8万","update_at":1576159074113}
2019-12-12 13:57:54 [elasticsearch] DEBUG: < {"_index":"top","_type":"_doc","_id":"4487","_version":87,"result":"updated","_shards":{"total":2,"successful":1,"failed":0},"_seq_no":112147,"_primary_term":1}
2019-12-12 13:57:54 [urllib3.connectionpool] DEBUG: Starting new HTTP connection (1): elasticsearch:9200
2019-12-12 13:57:54 [urllib3.connectionpool] DEBUG: http://elasticsearch:9200 "HEAD /top HTTP/1.1" 200 0
2019-12-12 13:57:54 [elasticsearch] INFO: HEAD http://elasticsearch:9200/top [status:200 request:0.002s]
2019-12-12 13:57:54 [elasticsearch] DEBUG: > None
2019-12-12 13:57:54 [elasticsearch] DEBUG: < 
2019-12-12 13:57:54 [urllib3.connectionpool] DEBUG: http://elasticsearch:9200 "POST /top/_doc/4833 HTTP/1.1" 200 160
2019-12-12 13:57:54 [elasticsearch] INFO: POST http://elasticsearch:9200/top/_doc/4833 [status:200 request:0.021s]
2019-12-12 13:57:54 [elasticsearch] DEBUG: > {"title":"高速收费员将转岗","description_content":"412.3万","update_at":1576159074113}
2019-12-12 13:57:54 [elasticsearch] DEBUG: < {"_index":"top","_type":"_doc","_id":"4833","_version":27,"result":"updated","_shards":{"total":2,"successful":1,"failed":0},"_seq_no":112148,"_primary_term":1}
2019-12-12 13:57:54 [urllib3.connectionpool] DEBUG: Starting new HTTP connection (1): elasticsearch:9200
2019-12-12 13:57:54 [urllib3.connectionpool] DEBUG: http://elasticsearch:9200 "HEAD /top HTTP/1.1" 200 0
2019-12-12 13:57:54 [elasticsearch] INFO: HEAD http://elasticsearch:9200/top [status:200 request:0.002s]
2019-12-12 13:57:54 [elasticsearch] DEBUG: > None
2019-12-12 13:57:54 [elasticsearch] DEBUG: < 
2019-12-12 13:57:54 [urllib3.connectionpool] DEBUG: http://elasticsearch:9200 "POST /top/_doc/4832 HTTP/1.1" 200 160
2019-12-12 13:57:54 [elasticsearch] INFO: POST http://elasticsearch:9200/top/_doc/4832 [status:200 request:0.029s]
2019-12-12 13:57:54 [elasticsearch] DEBUG: > {"title":"孙杨再曝药检新证据","description_content":"462.7万","update_at":1576159074113}
2019-12-12 13:57:54 [elasticsearch] DEBUG: < {"_index":"top","_type":"_doc","_id":"4832","_version":27,"result":"updated","_shards":{"total":2,"successful":1,"failed":0},"_seq_no":112149,"_primary_term":1}
2019-12-12 13:57:54 [urllib3.connectionpool] DEBUG: Starting new HTTP connection (1): elasticsearch:9200
2019-12-12 13:57:54 [urllib3.connectionpool] DEBUG: http://elasticsearch:9200 "HEAD /top HTTP/1.1" 200 0
2019-12-12 13:57:54 [elasticsearch] INFO: HEAD http://elasticsearch:9200/top [status:200 request:0.002s]
2019-12-12 13:57:54 [elasticsearch] DEBUG: > None
2019-12-12 13:57:54 [elasticsearch] DEBUG: < 
2019-12-12 13:57:54 [urllib3.connectionpool] DEBUG: http://elasticsearch:9200 "POST /top/_doc/4342 HTTP/1.1" 200 161
2019-12-12 13:57:54 [elasticsearch] INFO: POST http://elasticsearch:9200/top/_doc/4342 [status:200 request:0.030s]
2019-12-12 13:57:54 [elasticsearch] DEBUG: > {"title":"三位明星被点名批评","description_content":"391.4万","update_at":1576159074113}
2019-12-12 13:57:54 [elasticsearch] DEBUG: < {"_index":"top","_type":"_doc","_id":"4342","_version":109,"result":"updated","_shards":{"total":2,"successful":1,"failed":0},"_seq_no":112150,"_primary_term":1}
2019-12-12 13:57:54 [urllib3.connectionpool] DEBUG: Starting new HTTP connection (1): elasticsearch:9200
2019-12-12 13:57:54 [urllib3.connectionpool] DEBUG: http://elasticsearch:9200 "HEAD /top HTTP/1.1" 200 0
2019-12-12 13:57:54 [elasticsearch] INFO: HEAD http://elasticsearch:9200/top [status:200 request:0.002s]
2019-12-12 13:57:54 [elasticsearch] DEBUG: > None
2019-12-12 13:57:54 [elasticsearch] DEBUG: < 
2019-12-12 13:57:54 [urllib3.connectionpool] DEBUG: http://elasticsearch:9200 "POST /top/_doc/4823 HTTP/1.1" 200 160
2019-12-12 13:57:54 [elasticsearch] INFO: POST http://elasticsearch:9200/top/_doc/4823 [status:200 request:0.024s]
2019-12-12 13:57:54 [elasticsearch] DEBUG: > {"title":"广厦男篮被罚100万","description_content":"386.4万","update_at":1576159074113}
2019-12-12 13:57:54 [elasticsearch] DEBUG: < {"_index":"top","_type":"_doc","_id":"4823","_version":28,"result":"updated","_shards":{"total":2,"successful":1,"failed":0},"_seq_no":112151,"_primary_term":1}
2019-12-12 13:57:54 [urllib3.connectionpool] DEBUG: Starting new HTTP connection (1): elasticsearch:9200
2019-12-12 13:57:54 [urllib3.connectionpool] DEBUG: http://elasticsearch:9200 "HEAD /top HTTP/1.1" 200 0
2019-12-12 13:57:54 [elasticsearch] INFO: HEAD http://elasticsearch:9200/top [status:200 request:0.002s]
2019-12-12 13:57:54 [elasticsearch] DEBUG: > None
2019-12-12 13:57:54 [elasticsearch] DEBUG: < 
2019-12-12 13:57:54 [urllib3.connectionpool] DEBUG: http://elasticsearch:9200 "POST /top/_doc/4825 HTTP/1.1" 200 160
2019-12-12 13:57:54 [elasticsearch] INFO: POST http://elasticsearch:9200/top/_doc/4825 [status:200 request:0.024s]
2019-12-12 13:57:54 [elasticsearch] DEBUG: > {"title":"加拿大欲撤资亚投行","description_content":"382.8万","update_at":1576159074113}
2019-12-12 13:57:54 [elasticsearch] DEBUG: < {"_index":"top","_type":"_doc","_id":"4825","_version":28,"result":"updated","_shards":{"total":2,"successful":1,"failed":0},"_seq_no":112152,"_primary_term":1}
2019-12-12 13:57:54 [urllib3.connectionpool] DEBUG: Starting new HTTP connection (1): elasticsearch:9200
2019-12-12 13:57:54 [urllib3.connectionpool] DEBUG: http://elasticsearch:9200 "HEAD /top HTTP/1.1" 200 0
2019-12-12 13:57:54 [elasticsearch] INFO: HEAD http://elasticsearch:9200/top [status:200 request:0.002s]
2019-12-12 13:57:54 [elasticsearch] DEBUG: > None
2019-12-12 13:57:54 [elasticsearch] DEBUG: < 
2019-12-12 13:57:54 [urllib3.connectionpool] DEBUG: http://elasticsearch:9200 "POST /top/_doc/3406 HTTP/1.1" 200 161
2019-12-12 13:57:54 [elasticsearch] INFO: POST http://elasticsearch:9200/top/_doc/3406 [status:200 request:0.023s]
2019-12-12 13:57:54 [elasticsearch] DEBUG: > {"title":"抢救高以翔画面曝光","description_content":"377.2万","update_at":1576159074113}
2019-12-12 13:57:54 [elasticsearch] DEBUG: < {"_index":"top","_type":"_doc","_id":"3406","_version":131,"result":"updated","_shards":{"total":2,"successful":1,"failed":0},"_seq_no":112153,"_primary_term":1}
2019-12-12 13:57:54 [urllib3.connectionpool] DEBUG: Starting new HTTP connection (1): elasticsearch:9200
2019-12-12 13:57:54 [urllib3.connectionpool] DEBUG: http://elasticsearch:9200 "HEAD /top HTTP/1.1" 200 0
2019-12-12 13:57:54 [elasticsearch] INFO: HEAD http://elasticsearch:9200/top [status:200 request:0.002s]
2019-12-12 13:57:54 [elasticsearch] DEBUG: > None
2019-12-12 13:57:54 [elasticsearch] DEBUG: < 
2019-12-12 13:57:54 [urllib3.connectionpool] DEBUG: http://elasticsearch:9200 "POST /top/_doc/4731 HTTP/1.1" 200 160
2019-12-12 13:57:54 [elasticsearch] INFO: POST http://elasticsearch:9200/top/_doc/4731 [status:200 request:0.021s]
2019-12-12 13:57:54 [elasticsearch] DEBUG: > {"title":"收费站撤站进入尾声","description_content":"355.5万","update_at":1576159074113}
2019-12-12 13:57:54 [elasticsearch] DEBUG: < {"_index":"top","_type":"_doc","_id":"4731","_version":42,"result":"updated","_shards":{"total":2,"successful":1,"failed":0},"_seq_no":112154,"_primary_term":1}
2019-12-12 13:57:54 [urllib3.connectionpool] DEBUG: Starting new HTTP connection (1): elasticsearch:9200
2019-12-12 13:57:54 [urllib3.connectionpool] DEBUG: http://elasticsearch:9200 "HEAD /top HTTP/1.1" 200 0
2019-12-12 13:57:54 [elasticsearch] INFO: HEAD http://elasticsearch:9200/top [status:200 request:0.001s]
2019-12-12 13:57:54 [elasticsearch] DEBUG: > None
2019-12-12 13:57:54 [elasticsearch] DEBUG: < 
2019-12-12 13:57:54 [urllib3.connectionpool] DEBUG: http://elasticsearch:9200 "POST /top/_doc/3189 HTTP/1.1" 200 161
2019-12-12 13:57:54 [elasticsearch] INFO: POST http://elasticsearch:9200/top/_doc/3189 [status:200 request:0.022s]
2019-12-12 13:57:54 [elasticsearch] DEBUG: > {"title":"南方温暖历史罕见","description_content":"349.8万","update_at":1576159074113}
2019-12-12 13:57:54 [elasticsearch] DEBUG: < {"_index":"top","_type":"_doc","_id":"3189","_version":155,"result":"updated","_shards":{"total":2,"successful":1,"failed":0},"_seq_no":112155,"_primary_term":1}
2019-12-12 13:57:54 [urllib3.connectionpool] DEBUG: Starting new HTTP connection (1): elasticsearch:9200
2019-12-12 13:57:54 [urllib3.connectionpool] DEBUG: http://elasticsearch:9200 "HEAD /top HTTP/1.1" 200 0
2019-12-12 13:57:54 [elasticsearch] INFO: HEAD http://elasticsearch:9200/top [status:200 request:0.002s]
2019-12-12 13:57:54 [elasticsearch] DEBUG: > None
2019-12-12 13:57:54 [elasticsearch] DEBUG: < 
2019-12-12 13:57:54 [urllib3.connectionpool] DEBUG: Starting new HTTP connection (1): elasticsearch:9200
2019-12-12 13:57:54 [urllib3.connectionpool] DEBUG: http://elasticsearch:9200 "POST /top/_doc/2762 HTTP/1.1" 200 161
2019-12-12 13:57:54 [elasticsearch] INFO: POST http://elasticsearch:9200/top/_doc/2762 [status:200 request:0.020s]
2019-12-12 13:57:54 [elasticsearch] DEBUG: > {"title":"魏大勋遭大规模脱粉","description_content":"333.3万","update_at":1576159074113}
2019-12-12 13:57:54 [elasticsearch] DEBUG: < {"_index":"top","_type":"_doc","_id":"2762","_version":164,"result":"updated","_shards":{"total":2,"successful":1,"failed":0},"_seq_no":112156,"_primary_term":1}
2019-12-12 13:57:54 [urllib3.connectionpool] DEBUG: http://elasticsearch:9200 "HEAD /top HTTP/1.1" 200 0
2019-12-12 13:57:54 [elasticsearch] INFO: HEAD http://elasticsearch:9200/top [status:200 request:0.003s]
2019-12-12 13:57:54 [elasticsearch] DEBUG: > None
2019-12-12 13:57:54 [elasticsearch] DEBUG: < 
2019-12-12 13:57:54 [urllib3.connectionpool] DEBUG: http://elasticsearch:9200 "POST /top/_doc/4543 HTTP/1.1" 200 160
2019-12-12 13:57:54 [elasticsearch] INFO: POST http://elasticsearch:9200/top/_doc/4543 [status:200 request:0.021s]
2019-12-12 13:57:54 [elasticsearch] DEBUG: > {"title":"男子深夜存款时睡着","description_content":"324.0万","update_at":1576159074113}
2019-12-12 13:57:54 [elasticsearch] DEBUG: < {"_index":"top","_type":"_doc","_id":"4543","_version":77,"result":"updated","_shards":{"total":2,"successful":1,"failed":0},"_seq_no":112157,"_primary_term":1}
2019-12-12 13:57:54 [urllib3.connectionpool] DEBUG: Starting new HTTP connection (1): elasticsearch:9200
2019-12-12 13:57:54 [urllib3.connectionpool] DEBUG: http://elasticsearch:9200 "HEAD /top HTTP/1.1" 200 0
2019-12-12 13:57:54 [elasticsearch] INFO: HEAD http://elasticsearch:9200/top [status:200 request:0.003s]
2019-12-12 13:57:54 [elasticsearch] DEBUG: > None
2019-12-12 13:57:54 [elasticsearch] DEBUG: < 
2019-12-12 13:57:54 [urllib3.connectionpool] DEBUG: http://elasticsearch:9200 "POST /top/_doc/4824 HTTP/1.1" 200 160
2019-12-12 13:57:54 [elasticsearch] INFO: POST http://elasticsearch:9200/top/_doc/4824 [status:200 request:0.024s]
2019-12-12 13:57:54 [elasticsearch] DEBUG: > {"title":"俄罗斯航母起火","description_content":"284.0万","update_at":1576159074113}
2019-12-12 13:57:54 [elasticsearch] DEBUG: < {"_index":"top","_type":"_doc","_id":"4824","_version":28,"result":"updated","_shards":{"total":2,"successful":1,"failed":0},"_seq_no":112158,"_primary_term":1}
2019-12-12 13:57:54 [urllib3.connectionpool] DEBUG: Starting new HTTP connection (1): elasticsearch:9200
2019-12-12 13:57:54 [urllib3.connectionpool] DEBUG: http://elasticsearch:9200 "HEAD /top HTTP/1.1" 200 0
2019-12-12 13:57:54 [elasticsearch] INFO: HEAD http://elasticsearch:9200/top [status:200 request:0.003s]
2019-12-12 13:57:54 [elasticsearch] DEBUG: > None
2019-12-12 13:57:54 [elasticsearch] DEBUG: < 
2019-12-12 13:57:54 [urllib3.connectionpool] DEBUG: http://elasticsearch:9200 "POST /top/_doc/2763 HTTP/1.1" 200 161
2019-12-12 13:57:54 [elasticsearch] INFO: POST http://elasticsearch:9200/top/_doc/2763 [status:200 request:0.022s]
2019-12-12 13:57:54 [elasticsearch] DEBUG: > {"title":"PDD拿下LPL名额","description_content":"263.2万","update_at":1576159074113}
2019-12-12 13:57:54 [elasticsearch] DEBUG: < {"_index":"top","_type":"_doc","_id":"2763","_version":164,"result":"updated","_shards":{"total":2,"successful":1,"failed":0},"_seq_no":112159,"_primary_term":1}
2019-12-12 13:57:54 [urllib3.connectionpool] DEBUG: Starting new HTTP connection (1): elasticsearch:9200
2019-12-12 13:57:54 [urllib3.connectionpool] DEBUG: http://elasticsearch:9200 "HEAD /top HTTP/1.1" 200 0
2019-12-12 13:57:54 [elasticsearch] INFO: HEAD http://elasticsearch:9200/top [status:200 request:0.002s]
2019-12-12 13:57:54 [elasticsearch] DEBUG: > None
2019-12-12 13:57:54 [elasticsearch] DEBUG: < 
2019-12-12 13:57:54 [urllib3.connectionpool] DEBUG: http://elasticsearch:9200 "POST /top/_doc/4496 HTTP/1.1" 200 160
2019-12-12 13:57:54 [elasticsearch] INFO: POST http://elasticsearch:9200/top/_doc/4496 [status:200 request:0.022s]
2019-12-12 13:57:54 [elasticsearch] DEBUG: > {"title":"肖战南京活动取消","description_content":"261.2万","update_at":1576159074113}
2019-12-12 13:57:54 [elasticsearch] DEBUG: < {"_index":"top","_type":"_doc","_id":"4496","_version":86,"result":"updated","_shards":{"total":2,"successful":1,"failed":0},"_seq_no":112160,"_primary_term":1}
2019-12-12 13:57:54 [urllib3.connectionpool] DEBUG: Starting new HTTP connection (1): elasticsearch:9200
2019-12-12 13:57:54 [urllib3.connectionpool] DEBUG: http://elasticsearch:9200 "HEAD /top HTTP/1.1" 200 0
2019-12-12 13:57:54 [elasticsearch] INFO: HEAD http://elasticsearch:9200/top [status:200 request:0.002s]
2019-12-12 13:57:54 [elasticsearch] DEBUG: > None
2019-12-12 13:57:54 [elasticsearch] DEBUG: < 
2019-12-12 13:57:54 [urllib3.connectionpool] DEBUG: http://elasticsearch:9200 "POST /top/_doc/4721 HTTP/1.1" 200 160
2019-12-12 13:57:54 [elasticsearch] INFO: POST http://elasticsearch:9200/top/_doc/4721 [status:200 request:0.020s]
2019-12-12 13:57:54 [elasticsearch] DEBUG: > {"title":"宗馥莉回应换代言","description_content":"260.1万","update_at":1576159074113}
2019-12-12 13:57:54 [elasticsearch] DEBUG: < {"_index":"top","_type":"_doc","_id":"4721","_version":45,"result":"updated","_shards":{"total":2,"successful":1,"failed":0},"_seq_no":112161,"_primary_term":1}
2019-12-12 13:57:54 [urllib3.connectionpool] DEBUG: Starting new HTTP connection (1): elasticsearch:9200
2019-12-12 13:57:54 [urllib3.connectionpool] DEBUG: http://elasticsearch:9200 "HEAD /top HTTP/1.1" 200 0
2019-12-12 13:57:54 [elasticsearch] INFO: HEAD http://elasticsearch:9200/top [status:200 request:0.002s]
2019-12-12 13:57:54 [elasticsearch] DEBUG: > None
2019-12-12 13:57:54 [elasticsearch] DEBUG: < 
2019-12-12 13:57:54 [urllib3.connectionpool] DEBUG: http://elasticsearch:9200 "POST /top/_doc/4488 HTTP/1.1" 200 160
2019-12-12 13:57:54 [elasticsearch] INFO: POST http://elasticsearch:9200/top/_doc/4488 [status:200 request:0.018s]
2019-12-12 13:57:54 [elasticsearch] DEBUG: > {"title":"梅婷晒儿女照片","description_content":"258.6万","update_at":1576159074113}
2019-12-12 13:57:54 [elasticsearch] DEBUG: < {"_index":"top","_type":"_doc","_id":"4488","_version":87,"result":"updated","_shards":{"total":2,"successful":1,"failed":0},"_seq_no":112162,"_primary_term":1}
2019-12-12 13:57:54 [urllib3.connectionpool] DEBUG: Starting new HTTP connection (1): elasticsearch:9200
2019-12-12 13:57:54 [urllib3.connectionpool] DEBUG: http://elasticsearch:9200 "HEAD /top HTTP/1.1" 200 0
2019-12-12 13:57:54 [elasticsearch] INFO: HEAD http://elasticsearch:9200/top [status:200 request:0.002s]
2019-12-12 13:57:54 [elasticsearch] DEBUG: > None
2019-12-12 13:57:54 [elasticsearch] DEBUG: < 
2019-12-12 13:57:54 [urllib3.connectionpool] DEBUG: http://elasticsearch:9200 "POST /top/_doc/2765 HTTP/1.1" 200 161
2019-12-12 13:57:54 [elasticsearch] INFO: POST http://elasticsearch:9200/top/_doc/2765 [status:200 request:0.019s]
2019-12-12 13:57:54 [elasticsearch] DEBUG: > {"title":"吴秀波息影后首露面","description_content":"246.6万","update_at":1576159074113}
2019-12-12 13:57:54 [elasticsearch] DEBUG: < {"_index":"top","_type":"_doc","_id":"2765","_version":164,"result":"updated","_shards":{"total":2,"successful":1,"failed":0},"_seq_no":112163,"_primary_term":1}
2019-12-12 13:57:54 [urllib3.connectionpool] DEBUG: Starting new HTTP connection (1): elasticsearch:9200
2019-12-12 13:57:54 [urllib3.connectionpool] DEBUG: http://elasticsearch:9200 "HEAD /top HTTP/1.1" 200 0
2019-12-12 13:57:54 [elasticsearch] INFO: HEAD http://elasticsearch:9200/top [status:200 request:0.002s]
2019-12-12 13:57:54 [elasticsearch] DEBUG: > None
2019-12-12 13:57:54 [elasticsearch] DEBUG: < 
2019-12-12 13:57:54 [urllib3.connectionpool] DEBUG: http://elasticsearch:9200 "POST /top/_doc/4642 HTTP/1.1" 200 160
2019-12-12 13:57:54 [elasticsearch] INFO: POST http://elasticsearch:9200/top/_doc/4642 [status:200 request:0.020s]
2019-12-12 13:57:54 [elasticsearch] DEBUG: > {"title":"当事人回应包丽事件","description_content":"244.3万","update_at":1576159074113}
2019-12-12 13:57:54 [elasticsearch] DEBUG: < {"_index":"top","_type":"_doc","_id":"4642","_version":56,"result":"updated","_shards":{"total":2,"successful":1,"failed":0},"_seq_no":112164,"_primary_term":1}
2019-12-12 13:57:54 [urllib3.connectionpool] DEBUG: Starting new HTTP connection (1): elasticsearch:9200
2019-12-12 13:57:54 [urllib3.connectionpool] DEBUG: http://elasticsearch:9200 "HEAD /top HTTP/1.1" 200 0
2019-12-12 13:57:54 [elasticsearch] INFO: HEAD http://elasticsearch:9200/top [status:200 request:0.002s]
2019-12-12 13:57:54 [elasticsearch] DEBUG: > None
2019-12-12 13:57:54 [elasticsearch] DEBUG: < 
2019-12-12 13:57:54 [urllib3.connectionpool] DEBUG: http://elasticsearch:9200 "POST /top/_doc/4881 HTTP/1.1" 200 160
2019-12-12 13:57:54 [elasticsearch] INFO: POST http://elasticsearch:9200/top/_doc/4881 [status:200 request:0.020s]
2019-12-12 13:57:54 [elasticsearch] DEBUG: > {"title":"父亲因不舍药费出走","description_content":"241.0万","update_at":1576159074113}
2019-12-12 13:57:54 [elasticsearch] DEBUG: < {"_index":"top","_type":"_doc","_id":"4881","_version":17,"result":"updated","_shards":{"total":2,"successful":1,"failed":0},"_seq_no":112165,"_primary_term":1}
2019-12-12 13:57:54 [urllib3.connectionpool] DEBUG: Starting new HTTP connection (1): elasticsearch:9200
2019-12-12 13:57:54 [urllib3.connectionpool] DEBUG: http://elasticsearch:9200 "HEAD /top HTTP/1.1" 200 0
2019-12-12 13:57:54 [elasticsearch] INFO: HEAD http://elasticsearch:9200/top [status:200 request:0.002s]
2019-12-12 13:57:54 [elasticsearch] DEBUG: > None
2019-12-12 13:57:54 [elasticsearch] DEBUG: < 
2019-12-12 13:57:54 [urllib3.connectionpool] DEBUG: http://elasticsearch:9200 "POST /top/_doc/3164 HTTP/1.1" 200 161
2019-12-12 13:57:54 [elasticsearch] INFO: POST http://elasticsearch:9200/top/_doc/3164 [status:200 request:0.023s]
2019-12-12 13:57:54 [elasticsearch] DEBUG: > {"title":"UZI排名超迪丽热巴","description_content":"240.5万","update_at":1576159074113}
2019-12-12 13:57:54 [elasticsearch] DEBUG: < {"_index":"top","_type":"_doc","_id":"3164","_version":158,"result":"updated","_shards":{"total":2,"successful":1,"failed":0},"_seq_no":112166,"_primary_term":1}
2019-12-12 13:57:54 [urllib3.connectionpool] DEBUG: Starting new HTTP connection (1): elasticsearch:9200
2019-12-12 13:57:54 [urllib3.connectionpool] DEBUG: http://elasticsearch:9200 "HEAD /top HTTP/1.1" 200 0
2019-12-12 13:57:54 [elasticsearch] INFO: HEAD http://elasticsearch:9200/top [status:200 request:0.002s]
2019-12-12 13:57:54 [elasticsearch] DEBUG: > None
2019-12-12 13:57:54 [elasticsearch] DEBUG: < 
2019-12-12 13:57:54 [urllib3.connectionpool] DEBUG: http://elasticsearch:9200 "POST /top/_doc/2789 HTTP/1.1" 200 161
2019-12-12 13:57:54 [elasticsearch] INFO: POST http://elasticsearch:9200/top/_doc/2789 [status:200 request:0.024s]
2019-12-12 13:57:54 [elasticsearch] DEBUG: > {"title":"西汉薄太后陵被盗","description_content":"234.1万","update_at":1576159074113}
2019-12-12 13:57:54 [elasticsearch] DEBUG: < {"_index":"top","_type":"_doc","_id":"2789","_version":144,"result":"updated","_shards":{"total":2,"successful":1,"failed":0},"_seq_no":112167,"_primary_term":1}
2019-12-12 13:57:54 [urllib3.connectionpool] DEBUG: Starting new HTTP connection (1): elasticsearch:9200
2019-12-12 13:57:54 [urllib3.connectionpool] DEBUG: http://elasticsearch:9200 "HEAD /top HTTP/1.1" 200 0
2019-12-12 13:57:54 [elasticsearch] INFO: HEAD http://elasticsearch:9200/top [status:200 request:0.002s]
2019-12-12 13:57:54 [elasticsearch] DEBUG: > None
2019-12-12 13:57:54 [elasticsearch] DEBUG: < 
2019-12-12 13:57:54 [urllib3.connectionpool] DEBUG: http://elasticsearch:9200 "POST /top/_doc/2801 HTTP/1.1" 200 161
2019-12-12 13:57:54 [elasticsearch] INFO: POST http://elasticsearch:9200/top/_doc/2801 [status:200 request:0.023s]
2019-12-12 13:57:54 [elasticsearch] DEBUG: > {"title":"徐璐张铭恩疑分手","description_content":"225.6万","update_at":1576159074113}
2019-12-12 13:57:54 [elasticsearch] DEBUG: < {"_index":"top","_type":"_doc","_id":"2801","_version":164,"result":"updated","_shards":{"total":2,"successful":1,"failed":0},"_seq_no":112168,"_primary_term":1}
2019-12-12 13:57:54 [urllib3.connectionpool] DEBUG: Starting new HTTP connection (1): elasticsearch:9200
2019-12-12 13:57:54 [urllib3.connectionpool] DEBUG: http://elasticsearch:9200 "HEAD /top HTTP/1.1" 200 0
2019-12-12 13:57:54 [elasticsearch] INFO: HEAD http://elasticsearch:9200/top [status:200 request:0.002s]
2019-12-12 13:57:54 [elasticsearch] DEBUG: > None
2019-12-12 13:57:54 [elasticsearch] DEBUG: < 
2019-12-12 13:57:54 [urllib3.connectionpool] DEBUG: http://elasticsearch:9200 "POST /top/_doc/2808 HTTP/1.1" 200 161
2019-12-12 13:57:54 [elasticsearch] INFO: POST http://elasticsearch:9200/top/_doc/2808 [status:200 request:0.022s]
2019-12-12 13:57:54 [elasticsearch] DEBUG: > {"title":"曝TVB将裁近千人","description_content":"220.0万","update_at":1576159074113}
2019-12-12 13:57:54 [elasticsearch] DEBUG: < {"_index":"top","_type":"_doc","_id":"2808","_version":159,"result":"updated","_shards":{"total":2,"successful":1,"failed":0},"_seq_no":112169,"_primary_term":1}
2019-12-12 13:57:54 [urllib3.connectionpool] DEBUG: Starting new HTTP connection (1): elasticsearch:9200
2019-12-12 13:57:54 [urllib3.connectionpool] DEBUG: http://elasticsearch:9200 "HEAD /top HTTP/1.1" 200 0
2019-12-12 13:57:54 [elasticsearch] INFO: HEAD http://elasticsearch:9200/top [status:200 request:0.002s]
2019-12-12 13:57:54 [elasticsearch] DEBUG: > None
2019-12-12 13:57:54 [elasticsearch] DEBUG: < 
2019-12-12 13:57:54 [urllib3.connectionpool] DEBUG: http://elasticsearch:9200 "POST /top/_doc/2819 HTTP/1.1" 200 161
2019-12-12 13:57:54 [elasticsearch] INFO: POST http://elasticsearch:9200/top/_doc/2819 [status:200 request:0.021s]
2019-12-12 13:57:54 [elasticsearch] DEBUG: > {"title":"长江武汉段露江底","description_content":"213.9万","update_at":1576159074113}
2019-12-12 13:57:54 [elasticsearch] DEBUG: < {"_index":"top","_type":"_doc","_id":"2819","_version":125,"result":"updated","_shards":{"total":2,"successful":1,"failed":0},"_seq_no":112170,"_primary_term":1}
2019-12-12 13:57:54 [urllib3.connectionpool] DEBUG: Starting new HTTP connection (1): elasticsearch:9200
2019-12-12 13:57:54 [urllib3.connectionpool] DEBUG: http://elasticsearch:9200 "HEAD /top HTTP/1.1" 200 0
2019-12-12 13:57:54 [elasticsearch] INFO: HEAD http://elasticsearch:9200/top [status:200 request:0.002s]
2019-12-12 13:57:54 [elasticsearch] DEBUG: > None
2019-12-12 13:57:54 [elasticsearch] DEBUG: < 
2019-12-12 13:57:54 [urllib3.connectionpool] DEBUG: http://elasticsearch:9200 "POST /top/_doc/4635 HTTP/1.1" 200 160
2019-12-12 13:57:54 [elasticsearch] INFO: POST http://elasticsearch:9200/top/_doc/4635 [status:200 request:0.020s]
2019-12-12 13:57:54 [elasticsearch] DEBUG: > {"title":"王思聪遭讨债","description_content":"208.0万","update_at":1576159074113}
2019-12-12 13:57:54 [elasticsearch] DEBUG: < {"_index":"top","_type":"_doc","_id":"4635","_version":57,"result":"updated","_shards":{"total":2,"successful":1,"failed":0},"_seq_no":112171,"_primary_term":1}
2019-12-12 13:57:54 [urllib3.connectionpool] DEBUG: Starting new HTTP connection (1): elasticsearch:9200
2019-12-12 13:57:54 [urllib3.connectionpool] DEBUG: http://elasticsearch:9200 "HEAD /top HTTP/1.1" 200 0
2019-12-12 13:57:54 [elasticsearch] INFO: HEAD http://elasticsearch:9200/top [status:200 request:0.002s]
2019-12-12 13:57:54 [elasticsearch] DEBUG: > None
2019-12-12 13:57:54 [elasticsearch] DEBUG: < 
2019-12-12 13:57:54 [urllib3.connectionpool] DEBUG: http://elasticsearch:9200 "POST /top/_doc/2768 HTTP/1.1" 200 161
2019-12-12 13:57:54 [elasticsearch] INFO: POST http://elasticsearch:9200/top/_doc/2768 [status:200 request:0.021s]
2019-12-12 13:57:54 [elasticsearch] DEBUG: > {"title":"姚晨现身医院","description_content":"202.1万","update_at":1576159074113}
2019-12-12 13:57:54 [elasticsearch] DEBUG: < {"_index":"top","_type":"_doc","_id":"2768","_version":164,"result":"updated","_shards":{"total":2,"successful":1,"failed":0},"_seq_no":112172,"_primary_term":1}
2019-12-12 13:57:54 [urllib3.connectionpool] DEBUG: Starting new HTTP connection (1): elasticsearch:9200
2019-12-12 13:57:54 [urllib3.connectionpool] DEBUG: http://elasticsearch:9200 "HEAD /top HTTP/1.1" 200 0
2019-12-12 13:57:54 [elasticsearch] INFO: HEAD http://elasticsearch:9200/top [status:200 request:0.002s]
2019-12-12 13:57:54 [elasticsearch] DEBUG: > None
2019-12-12 13:57:54 [elasticsearch] DEBUG: < 
2019-12-12 13:57:54 [urllib3.connectionpool] DEBUG: http://elasticsearch:9200 "POST /top/_doc/4860 HTTP/1.1" 200 160
2019-12-12 13:57:54 [elasticsearch] INFO: POST http://elasticsearch:9200/top/_doc/4860 [status:200 request:0.022s]
2019-12-12 13:57:54 [elasticsearch] DEBUG: > {"title":"自制绷带跑鞋夺金牌","description_content":"199.2万","update_at":1576159074113}
2019-12-12 13:57:54 [elasticsearch] DEBUG: < {"_index":"top","_type":"_doc","_id":"4860","_version":19,"result":"updated","_shards":{"total":2,"successful":1,"failed":0},"_seq_no":112173,"_primary_term":1}
2019-12-12 13:57:54 [urllib3.connectionpool] DEBUG: Starting new HTTP connection (1): elasticsearch:9200
2019-12-12 13:57:54 [urllib3.connectionpool] DEBUG: http://elasticsearch:9200 "HEAD /top HTTP/1.1" 200 0
2019-12-12 13:57:54 [elasticsearch] INFO: HEAD http://elasticsearch:9200/top [status:200 request:0.003s]
2019-12-12 13:57:54 [elasticsearch] DEBUG: > None
2019-12-12 13:57:54 [elasticsearch] DEBUG: < 
2019-12-12 13:57:54 [urllib3.connectionpool] DEBUG: http://elasticsearch:9200 "POST /top/_doc/4861 HTTP/1.1" 200 160
2019-12-12 13:57:54 [elasticsearch] INFO: POST http://elasticsearch:9200/top/_doc/4861 [status:200 request:0.023s]
2019-12-12 13:57:54 [elasticsearch] DEBUG: > {"title":"武圣关公回归定档","description_content":"198.0万","update_at":1576159074113}
2019-12-12 13:57:54 [elasticsearch] DEBUG: < {"_index":"top","_type":"_doc","_id":"4861","_version":14,"result":"updated","_shards":{"total":2,"successful":1,"failed":0},"_seq_no":112174,"_primary_term":1}
2019-12-12 13:57:54 [urllib3.connectionpool] DEBUG: Starting new HTTP connection (1): elasticsearch:9200
2019-12-12 13:57:54 [urllib3.connectionpool] DEBUG: http://elasticsearch:9200 "HEAD /top HTTP/1.1" 200 0
2019-12-12 13:57:54 [elasticsearch] INFO: HEAD http://elasticsearch:9200/top [status:200 request:0.002s]
2019-12-12 13:57:54 [elasticsearch] DEBUG: > None
2019-12-12 13:57:54 [elasticsearch] DEBUG: < 
2019-12-12 13:57:54 [urllib3.connectionpool] DEBUG: http://elasticsearch:9200 "POST /top/_doc/4880 HTTP/1.1" 200 160
2019-12-12 13:57:54 [elasticsearch] INFO: POST http://elasticsearch:9200/top/_doc/4880 [status:200 request:0.025s]
2019-12-12 13:57:54 [elasticsearch] DEBUG: > {"title":"德回应外交官被驱逐","description_content":"191.0万","update_at":1576159074113}
2019-12-12 13:57:54 [elasticsearch] DEBUG: < {"_index":"top","_type":"_doc","_id":"4880","_version":17,"result":"updated","_shards":{"total":2,"successful":1,"failed":0},"_seq_no":112175,"_primary_term":1}
2019-12-12 13:57:54 [urllib3.connectionpool] DEBUG: Starting new HTTP connection (1): elasticsearch:9200
2019-12-12 13:57:54 [urllib3.connectionpool] DEBUG: http://elasticsearch:9200 "HEAD /top HTTP/1.1" 200 0
2019-12-12 13:57:54 [elasticsearch] INFO: HEAD http://elasticsearch:9200/top [status:200 request:0.002s]
2019-12-12 13:57:54 [elasticsearch] DEBUG: > None
2019-12-12 13:57:54 [elasticsearch] DEBUG: < 
2019-12-12 13:57:54 [urllib3.connectionpool] DEBUG: http://elasticsearch:9200 "POST /top/_doc/3420 HTTP/1.1" 200 161
2019-12-12 13:57:54 [elasticsearch] INFO: POST http://elasticsearch:9200/top/_doc/3420 [status:200 request:0.024s]
2019-12-12 13:57:54 [elasticsearch] DEBUG: > {"title":"新婚妻子失踪16年","description_content":"189.5万","update_at":1576159074113}
2019-12-12 13:57:54 [elasticsearch] DEBUG: < {"_index":"top","_type":"_doc","_id":"3420","_version":127,"result":"updated","_shards":{"total":2,"successful":1,"failed":0},"_seq_no":112176,"_primary_term":1}
2019-12-12 13:57:54 [urllib3.connectionpool] DEBUG: Starting new HTTP connection (1): elasticsearch:9200
2019-12-12 13:57:54 [urllib3.connectionpool] DEBUG: http://elasticsearch:9200 "HEAD /top HTTP/1.1" 200 0
2019-12-12 13:57:54 [elasticsearch] INFO: HEAD http://elasticsearch:9200/top [status:200 request:0.002s]
2019-12-12 13:57:54 [elasticsearch] DEBUG: > None
2019-12-12 13:57:54 [elasticsearch] DEBUG: < 
2019-12-12 13:57:54 [urllib3.connectionpool] DEBUG: http://elasticsearch:9200 "POST /top/_doc/2780 HTTP/1.1" 200 161
2019-12-12 13:57:54 [elasticsearch] INFO: POST http://elasticsearch:9200/top/_doc/2780 [status:200 request:0.020s]
2019-12-12 13:57:54 [elasticsearch] DEBUG: > {"title":"劳荣枝辩护人发声","description_content":"186.6万","update_at":1576159074113}
2019-12-12 13:57:54 [elasticsearch] DEBUG: < {"_index":"top","_type":"_doc","_id":"2780","_version":157,"result":"updated","_shards":{"total":2,"successful":1,"failed":0},"_seq_no":112177,"_primary_term":1}
2019-12-12 13:57:54 [urllib3.connectionpool] DEBUG: Starting new HTTP connection (1): elasticsearch:9200
2019-12-12 13:57:54 [urllib3.connectionpool] DEBUG: http://elasticsearch:9200 "HEAD /top HTTP/1.1" 200 0
2019-12-12 13:57:54 [elasticsearch] INFO: HEAD http://elasticsearch:9200/top [status:200 request:0.002s]
2019-12-12 13:57:54 [elasticsearch] DEBUG: > None
2019-12-12 13:57:54 [elasticsearch] DEBUG: < 
2019-12-12 13:57:54 [urllib3.connectionpool] DEBUG: http://elasticsearch:9200 "POST /top/_doc/2764 HTTP/1.1" 200 161
2019-12-12 13:57:54 [elasticsearch] INFO: POST http://elasticsearch:9200/top/_doc/2764 [status:200 request:0.019s]
2019-12-12 13:57:54 [elasticsearch] DEBUG: > {"title":"贾乃亮帮清购物车","description_content":"185.5万","update_at":1576159074113}
2019-12-12 13:57:54 [elasticsearch] DEBUG: < {"_index":"top","_type":"_doc","_id":"2764","_version":164,"result":"updated","_shards":{"total":2,"successful":1,"failed":0},"_seq_no":112178,"_primary_term":1}
2019-12-12 13:57:54 [urllib3.connectionpool] DEBUG: Starting new HTTP connection (1): elasticsearch:9200
2019-12-12 13:57:54 [urllib3.connectionpool] DEBUG: http://elasticsearch:9200 "HEAD /top HTTP/1.1" 200 0
2019-12-12 13:57:54 [elasticsearch] INFO: HEAD http://elasticsearch:9200/top [status:200 request:0.002s]
2019-12-12 13:57:54 [elasticsearch] DEBUG: > None
2019-12-12 13:57:54 [elasticsearch] DEBUG: < 
2019-12-12 13:57:54 [urllib3.connectionpool] DEBUG: http://elasticsearch:9200 "POST /top/_doc/3212 HTTP/1.1" 200 161
2019-12-12 13:57:54 [elasticsearch] INFO: POST http://elasticsearch:9200/top/_doc/3212 [status:200 request:0.019s]
2019-12-12 13:57:54 [elasticsearch] DEBUG: > {"title":"马苏疑复出受阻","description_content":"184.9万","update_at":1576159074113}
2019-12-12 13:57:54 [elasticsearch] DEBUG: < {"_index":"top","_type":"_doc","_id":"3212","_version":151,"result":"updated","_shards":{"total":2,"successful":1,"failed":0},"_seq_no":112179,"_primary_term":1}
2019-12-12 13:57:54 [urllib3.connectionpool] DEBUG: Starting new HTTP connection (1): elasticsearch:9200
2019-12-12 13:57:54 [urllib3.connectionpool] DEBUG: http://elasticsearch:9200 "HEAD /top HTTP/1.1" 200 0
2019-12-12 13:57:54 [elasticsearch] INFO: HEAD http://elasticsearch:9200/top [status:200 request:0.002s]
2019-12-12 13:57:54 [elasticsearch] DEBUG: > None
2019-12-12 13:57:54 [elasticsearch] DEBUG: < 
2019-12-12 13:57:54 [urllib3.connectionpool] DEBUG: http://elasticsearch:9200 "POST /top/_doc/3182 HTTP/1.1" 200 161
2019-12-12 13:57:54 [elasticsearch] INFO: POST http://elasticsearch:9200/top/_doc/3182 [status:200 request:0.018s]
2019-12-12 13:57:54 [elasticsearch] DEBUG: > {"title":"华为成立新公司","description_content":"182.0万","update_at":1576159074113}
2019-12-12 13:57:54 [elasticsearch] DEBUG: < {"_index":"top","_type":"_doc","_id":"3182","_version":135,"result":"updated","_shards":{"total":2,"successful":1,"failed":0},"_seq_no":112180,"_primary_term":1}
2019-12-12 13:57:54 [urllib3.connectionpool] DEBUG: Starting new HTTP connection (1): elasticsearch:9200
2019-12-12 13:57:54 [urllib3.connectionpool] DEBUG: http://elasticsearch:9200 "HEAD /top HTTP/1.1" 200 0
2019-12-12 13:57:54 [elasticsearch] INFO: HEAD http://elasticsearch:9200/top [status:200 request:0.003s]
2019-12-12 13:57:54 [elasticsearch] DEBUG: > None
2019-12-12 13:57:54 [elasticsearch] DEBUG: < 
2019-12-12 13:57:54 [urllib3.connectionpool] DEBUG: http://elasticsearch:9200 "POST /top/_doc/4641 HTTP/1.1" 200 160
2019-12-12 13:57:54 [elasticsearch] INFO: POST http://elasticsearch:9200/top/_doc/4641 [status:200 request:0.019s]
2019-12-12 13:57:54 [elasticsearch] DEBUG: > {"title":"吉娜为婆婆庆生","description_content":"179.5万","update_at":1576159074113}
2019-12-12 13:57:54 [elasticsearch] DEBUG: < {"_index":"top","_type":"_doc","_id":"4641","_version":56,"result":"updated","_shards":{"total":2,"successful":1,"failed":0},"_seq_no":112181,"_primary_term":1}
2019-12-12 13:57:54 [urllib3.connectionpool] DEBUG: Starting new HTTP connection (1): elasticsearch:9200
2019-12-12 13:57:54 [urllib3.connectionpool] DEBUG: http://elasticsearch:9200 "HEAD /top HTTP/1.1" 200 0
2019-12-12 13:57:54 [elasticsearch] INFO: HEAD http://elasticsearch:9200/top [status:200 request:0.002s]
2019-12-12 13:57:54 [elasticsearch] DEBUG: > None
2019-12-12 13:57:54 [elasticsearch] DEBUG: < 
2019-12-12 13:57:54 [urllib3.connectionpool] DEBUG: http://elasticsearch:9200 "POST /top/_doc/4826 HTTP/1.1" 200 160
2019-12-12 13:57:54 [elasticsearch] INFO: POST http://elasticsearch:9200/top/_doc/4826 [status:200 request:0.019s]
2019-12-12 13:57:54 [elasticsearch] DEBUG: > {"title":"张艺兴古装造型","description_content":"177.4万","update_at":1576159074113}
2019-12-12 13:57:54 [elasticsearch] DEBUG: < {"_index":"top","_type":"_doc","_id":"4826","_version":28,"result":"updated","_shards":{"total":2,"successful":1,"failed":0},"_seq_no":112182,"_primary_term":1}
2019-12-12 13:57:54 [urllib3.connectionpool] DEBUG: Starting new HTTP connection (1): elasticsearch:9200
2019-12-12 13:57:54 [urllib3.connectionpool] DEBUG: http://elasticsearch:9200 "HEAD /top HTTP/1.1" 200 0
2019-12-12 13:57:54 [elasticsearch] INFO: HEAD http://elasticsearch:9200/top [status:200 request:0.002s]
2019-12-12 13:57:54 [elasticsearch] DEBUG: > None
2019-12-12 13:57:54 [elasticsearch] DEBUG: < 
2019-12-12 13:57:54 [urllib3.connectionpool] DEBUG: http://elasticsearch:9200 "POST /top/_doc/2761 HTTP/1.1" 200 161
2019-12-12 13:57:54 [elasticsearch] INFO: POST http://elasticsearch:9200/top/_doc/2761 [status:200 request:0.020s]
2019-12-12 13:57:54 [elasticsearch] DEBUG: > {"title":"中国第一高楼烂尾","description_content":"175.4万","update_at":1576159074113}
2019-12-12 13:57:54 [elasticsearch] DEBUG: < {"_index":"top","_type":"_doc","_id":"2761","_version":164,"result":"updated","_shards":{"total":2,"successful":1,"failed":0},"_seq_no":112183,"_primary_term":1}
2019-12-12 13:57:54 [urllib3.connectionpool] DEBUG: Starting new HTTP connection (1): elasticsearch:9200
2019-12-12 13:57:54 [urllib3.connectionpool] DEBUG: http://elasticsearch:9200 "HEAD /top HTTP/1.1" 200 0
2019-12-12 13:57:54 [elasticsearch] INFO: HEAD http://elasticsearch:9200/top [status:200 request:0.003s]
2019-12-12 13:57:54 [elasticsearch] DEBUG: > None
2019-12-12 13:57:54 [elasticsearch] DEBUG: < 
2019-12-12 13:57:54 [urllib3.connectionpool] DEBUG: http://elasticsearch:9200 "POST /top/_doc/2772 HTTP/1.1" 200 161
2019-12-12 13:57:54 [elasticsearch] INFO: POST http://elasticsearch:9200/top/_doc/2772 [status:200 request:0.021s]
2019-12-12 13:57:54 [elasticsearch] DEBUG: > {"title":"周杰伦新歌影院首发","description_content":"173.6万","update_at":1576159074113}
2019-12-12 13:57:54 [elasticsearch] DEBUG: < {"_index":"top","_type":"_doc","_id":"2772","_version":164,"result":"updated","_shards":{"total":2,"successful":1,"failed":0},"_seq_no":112184,"_primary_term":1}
2019-12-12 13:57:54 [urllib3.connectionpool] DEBUG: Starting new HTTP connection (1): elasticsearch:9200
2019-12-12 13:57:54 [urllib3.connectionpool] DEBUG: http://elasticsearch:9200 "HEAD /top HTTP/1.1" 200 0
2019-12-12 13:57:54 [elasticsearch] INFO: HEAD http://elasticsearch:9200/top [status:200 request:0.002s]
2019-12-12 13:57:54 [elasticsearch] DEBUG: > None
2019-12-12 13:57:54 [elasticsearch] DEBUG: < 
2019-12-12 13:57:54 [urllib3.connectionpool] DEBUG: http://elasticsearch:9200 "POST /top/_doc/4444 HTTP/1.1" 200 160
2019-12-12 13:57:54 [elasticsearch] INFO: POST http://elasticsearch:9200/top/_doc/4444 [status:200 request:0.021s]
2019-12-12 13:57:54 [elasticsearch] DEBUG: > {"title":"杨超越乞丐造型","description_content":"169.4万","update_at":1576159074113}
2019-12-12 13:57:54 [elasticsearch] DEBUG: < {"_index":"top","_type":"_doc","_id":"4444","_version":50,"result":"updated","_shards":{"total":2,"successful":1,"failed":0},"_seq_no":112185,"_primary_term":1}
2019-12-12 13:57:54 [urllib3.connectionpool] DEBUG: Starting new HTTP connection (1): elasticsearch:9200
2019-12-12 13:57:54 [urllib3.connectionpool] DEBUG: http://elasticsearch:9200 "HEAD /top HTTP/1.1" 200 0
2019-12-12 13:57:54 [elasticsearch] INFO: HEAD http://elasticsearch:9200/top [status:200 request:0.002s]
2019-12-12 13:57:54 [elasticsearch] DEBUG: > None
2019-12-12 13:57:54 [elasticsearch] DEBUG: < 
2019-12-12 13:57:54 [urllib3.connectionpool] DEBUG: http://elasticsearch:9200 "POST /top/_doc/4746 HTTP/1.1" 200 160
2019-12-12 13:57:54 [elasticsearch] INFO: POST http://elasticsearch:9200/top/_doc/4746 [status:200 request:0.023s]
2019-12-12 13:57:54 [elasticsearch] DEBUG: > {"title":"日照户户通道路爆皮","description_content":"160.2万","update_at":1576159074113}
2019-12-12 13:57:54 [elasticsearch] DEBUG: < {"_index":"top","_type":"_doc","_id":"4746","_version":40,"result":"updated","_shards":{"total":2,"successful":1,"failed":0},"_seq_no":112186,"_primary_term":1}
2019-12-12 13:57:54 [urllib3.connectionpool] DEBUG: Starting new HTTP connection (1): elasticsearch:9200
2019-12-12 13:57:54 [urllib3.connectionpool] DEBUG: http://elasticsearch:9200 "HEAD /top HTTP/1.1" 200 0
2019-12-12 13:57:54 [elasticsearch] INFO: HEAD http://elasticsearch:9200/top [status:200 request:0.002s]
2019-12-12 13:57:54 [elasticsearch] DEBUG: > None
2019-12-12 13:57:54 [elasticsearch] DEBUG: < 
2019-12-12 13:57:54 [urllib3.connectionpool] DEBUG: http://elasticsearch:9200 "POST /top/_doc/4689 HTTP/1.1" 200 160
2019-12-12 13:57:54 [elasticsearch] INFO: POST http://elasticsearch:9200/top/_doc/4689 [status:200 request:0.021s]
2019-12-12 13:57:54 [elasticsearch] DEBUG: > {"title":"小S秀老公为其染发","description_content":"156.2万","update_at":1576159074113}
2019-12-12 13:57:54 [elasticsearch] DEBUG: < {"_index":"top","_type":"_doc","_id":"4689","_version":48,"result":"updated","_shards":{"total":2,"successful":1,"failed":0},"_seq_no":112187,"_primary_term":1}
2019-12-12 13:57:54 [urllib3.connectionpool] DEBUG: Starting new HTTP connection (1): elasticsearch:9200
2019-12-12 13:57:54 [urllib3.connectionpool] DEBUG: http://elasticsearch:9200 "HEAD /top HTTP/1.1" 200 0
2019-12-12 13:57:54 [elasticsearch] INFO: HEAD http://elasticsearch:9200/top [status:200 request:0.002s]
2019-12-12 13:57:54 [elasticsearch] DEBUG: > None
2019-12-12 13:57:54 [elasticsearch] DEBUG: < 
2019-12-12 13:57:54 [urllib3.connectionpool] DEBUG: http://elasticsearch:9200 "POST /top/_doc/4471 HTTP/1.1" 200 160
2019-12-12 13:57:54 [elasticsearch] INFO: POST http://elasticsearch:9200/top/_doc/4471 [status:200 request:0.020s]
2019-12-12 13:57:54 [elasticsearch] DEBUG: > {"title":"警方重金追捕女逃犯","description_content":"155.2万","update_at":1576159074113}
2019-12-12 13:57:54 [elasticsearch] DEBUG: < {"_index":"top","_type":"_doc","_id":"4471","_version":69,"result":"updated","_shards":{"total":2,"successful":1,"failed":0},"_seq_no":112188,"_primary_term":1}
2019-12-12 13:57:54 [urllib3.connectionpool] DEBUG: Starting new HTTP connection (1): elasticsearch:9200
2019-12-12 13:57:54 [urllib3.connectionpool] DEBUG: http://elasticsearch:9200 "HEAD /top HTTP/1.1" 200 0
2019-12-12 13:57:54 [elasticsearch] INFO: HEAD http://elasticsearch:9200/top [status:200 request:0.001s]
2019-12-12 13:57:54 [elasticsearch] DEBUG: > None
2019-12-12 13:57:54 [elasticsearch] DEBUG: < 
2019-12-12 13:57:54 [urllib3.connectionpool] DEBUG: http://elasticsearch:9200 "POST /top/_doc/3324 HTTP/1.1" 200 161
2019-12-12 13:57:54 [elasticsearch] INFO: POST http://elasticsearch:9200/top/_doc/3324 [status:200 request:0.020s]
2019-12-12 13:57:54 [elasticsearch] DEBUG: > {"title":"四川3家国企晒工资","description_content":"147.9万","update_at":1576159074113}
2019-12-12 13:57:54 [elasticsearch] DEBUG: < {"_index":"top","_type":"_doc","_id":"3324","_version":126,"result":"updated","_shards":{"total":2,"successful":1,"failed":0},"_seq_no":112189,"_primary_term":1}
2019-12-12 13:57:54 [urllib3.connectionpool] DEBUG: Starting new HTTP connection (1): elasticsearch:9200
2019-12-12 13:57:54 [urllib3.connectionpool] DEBUG: http://elasticsearch:9200 "HEAD /top HTTP/1.1" 200 0
2019-12-12 13:57:54 [elasticsearch] INFO: HEAD http://elasticsearch:9200/top [status:200 request:0.002s]
2019-12-12 13:57:54 [elasticsearch] DEBUG: > None
2019-12-12 13:57:54 [elasticsearch] DEBUG: < 
2019-12-12 13:57:54 [urllib3.connectionpool] DEBUG: http://elasticsearch:9200 "POST /top/_doc/4905 HTTP/1.1" 200 160
2019-12-12 13:57:54 [elasticsearch] INFO: POST http://elasticsearch:9200/top/_doc/4905 [status:200 request:0.018s]
2019-12-12 13:57:54 [elasticsearch] DEBUG: > {"title":"曝马蜂窝裁员40%","description_content":"144.8万","update_at":1576159074113}
2019-12-12 13:57:54 [elasticsearch] DEBUG: < {"_index":"top","_type":"_doc","_id":"4905","_version":11,"result":"updated","_shards":{"total":2,"successful":1,"failed":0},"_seq_no":112190,"_primary_term":1}
2019-12-12 13:57:54 [urllib3.connectionpool] DEBUG: Starting new HTTP connection (1): elasticsearch:9200
2019-12-12 13:57:54 [urllib3.connectionpool] DEBUG: http://elasticsearch:9200 "HEAD /top HTTP/1.1" 200 0
2019-12-12 13:57:54 [elasticsearch] INFO: HEAD http://elasticsearch:9200/top [status:200 request:0.002s]
2019-12-12 13:57:54 [elasticsearch] DEBUG: > None
2019-12-12 13:57:54 [elasticsearch] DEBUG: < 
2019-12-12 13:57:54 [urllib3.connectionpool] DEBUG: http://elasticsearch:9200 "POST /top/_doc/2766 HTTP/1.1" 200 161
2019-12-12 13:57:54 [elasticsearch] INFO: POST http://elasticsearch:9200/top/_doc/2766 [status:200 request:0.018s]
2019-12-12 13:57:54 [elasticsearch] DEBUG: > {"title":"刚毕业就年薪200万","description_content":"142.2万","update_at":1576159074113}
2019-12-12 13:57:54 [elasticsearch] DEBUG: < {"_index":"top","_type":"_doc","_id":"2766","_version":164,"result":"updated","_shards":{"total":2,"successful":1,"failed":0},"_seq_no":112191,"_primary_term":1}
2019-12-12 13:57:54 [urllib3.connectionpool] DEBUG: Starting new HTTP connection (1): elasticsearch:9200
2019-12-12 13:57:54 [urllib3.connectionpool] DEBUG: http://elasticsearch:9200 "HEAD /top HTTP/1.1" 200 0
2019-12-12 13:57:54 [elasticsearch] INFO: HEAD http://elasticsearch:9200/top [status:200 request:0.002s]
2019-12-12 13:57:54 [elasticsearch] DEBUG: > None
2019-12-12 13:57:54 [elasticsearch] DEBUG: < 
2019-12-12 13:57:54 [urllib3.connectionpool] DEBUG: Starting new HTTP connection (1): elasticsearch:9200
2019-12-12 13:57:54 [urllib3.connectionpool] DEBUG: http://elasticsearch:9200 "POST /top/_doc/2777 HTTP/1.1" 200 161
2019-12-12 13:57:54 [elasticsearch] INFO: POST http://elasticsearch:9200/top/_doc/2777 [status:200 request:0.020s]
2019-12-12 13:57:54 [elasticsearch] DEBUG: > {"title":"林夏薇刘恺威聚餐照","description_content":"140.8万","update_at":1576159074113}
2019-12-12 13:57:54 [elasticsearch] DEBUG: < {"_index":"top","_type":"_doc","_id":"2777","_version":151,"result":"updated","_shards":{"total":2,"successful":1,"failed":0},"_seq_no":112192,"_primary_term":1}
2019-12-12 13:57:54 [urllib3.connectionpool] DEBUG: http://elasticsearch:9200 "HEAD /top HTTP/1.1" 200 0
2019-12-12 13:57:54 [elasticsearch] INFO: HEAD http://elasticsearch:9200/top [status:200 request:0.002s]
2019-12-12 13:57:54 [elasticsearch] DEBUG: > None
2019-12-12 13:57:54 [elasticsearch] DEBUG: < 
2019-12-12 13:57:54 [urllib3.connectionpool] DEBUG: http://elasticsearch:9200 "POST /top/_doc/2816 HTTP/1.1" 200 161
2019-12-12 13:57:54 [elasticsearch] INFO: POST http://elasticsearch:9200/top/_doc/2816 [status:200 request:0.021s]
2019-12-12 13:57:54 [elasticsearch] DEBUG: > {"title":"劳荣枝五张面孔","description_content":"139.3万","update_at":1576159074113}
2019-12-12 13:57:54 [elasticsearch] DEBUG: < {"_index":"top","_type":"_doc","_id":"2816","_version":159,"result":"updated","_shards":{"total":2,"successful":1,"failed":0},"_seq_no":112193,"_primary_term":1}
2019-12-12 13:57:54 [urllib3.connectionpool] DEBUG: Starting new HTTP connection (1): elasticsearch:9200
2019-12-12 13:57:54 [urllib3.connectionpool] DEBUG: http://elasticsearch:9200 "HEAD /top HTTP/1.1" 200 0
2019-12-12 13:57:54 [elasticsearch] INFO: HEAD http://elasticsearch:9200/top [status:200 request:0.003s]
2019-12-12 13:57:54 [elasticsearch] DEBUG: > None
2019-12-12 13:57:54 [elasticsearch] DEBUG: < 
2019-12-12 13:57:54 [urllib3.connectionpool] DEBUG: http://elasticsearch:9200 "POST /top/_doc/2767 HTTP/1.1" 200 161
2019-12-12 13:57:54 [elasticsearch] INFO: POST http://elasticsearch:9200/top/_doc/2767 [status:200 request:0.021s]
2019-12-12 13:57:54 [elasticsearch] DEBUG: > {"title":"抚顺石油二厂起火","description_content":"136.3万","update_at":1576159074113}
2019-12-12 13:57:54 [elasticsearch] DEBUG: < {"_index":"top","_type":"_doc","_id":"2767","_version":164,"result":"updated","_shards":{"total":2,"successful":1,"failed":0},"_seq_no":112194,"_primary_term":1}
2019-12-12 13:57:54 [urllib3.connectionpool] DEBUG: Starting new HTTP connection (1): elasticsearch:9200
2019-12-12 13:57:54 [urllib3.connectionpool] DEBUG: http://elasticsearch:9200 "HEAD /top HTTP/1.1" 200 0
2019-12-12 13:57:54 [elasticsearch] INFO: HEAD http://elasticsearch:9200/top [status:200 request:0.002s]
2019-12-12 13:57:54 [elasticsearch] DEBUG: > None
2019-12-12 13:57:54 [elasticsearch] DEBUG: < 
2019-12-12 13:57:54 [urllib3.connectionpool] DEBUG: http://elasticsearch:9200 "POST /top/_doc/2770 HTTP/1.1" 200 161
2019-12-12 13:57:54 [elasticsearch] INFO: POST http://elasticsearch:9200/top/_doc/2770 [status:200 request:0.021s]
2019-12-12 13:57:54 [elasticsearch] DEBUG: > {"title":"昆凌发文感谢老公","description_content":"135.7万","update_at":1576159074113}
2019-12-12 13:57:54 [elasticsearch] DEBUG: < {"_index":"top","_type":"_doc","_id":"2770","_version":164,"result":"updated","_shards":{"total":2,"successful":1,"failed":0},"_seq_no":112195,"_primary_term":1}
2019-12-12 13:57:54 [urllib3.connectionpool] DEBUG: Starting new HTTP connection (1): elasticsearch:9200
2019-12-12 13:57:54 [urllib3.connectionpool] DEBUG: http://elasticsearch:9200 "HEAD /top HTTP/1.1" 200 0
2019-12-12 13:57:54 [elasticsearch] INFO: HEAD http://elasticsearch:9200/top [status:200 request:0.002s]
2019-12-12 13:57:54 [elasticsearch] DEBUG: > None
2019-12-12 13:57:54 [elasticsearch] DEBUG: < 
2019-12-12 13:57:54 [urllib3.connectionpool] DEBUG: http://elasticsearch:9200 "POST /top/_doc/2760 HTTP/1.1" 200 161
2019-12-12 13:57:54 [elasticsearch] INFO: POST http://elasticsearch:9200/top/_doc/2760 [status:200 request:0.020s]
2019-12-12 13:57:54 [elasticsearch] DEBUG: > {"title":"霍启刚罕见晒儿女","description_content":"133.9万","update_at":1576159074113}
2019-12-12 13:57:54 [elasticsearch] DEBUG: < {"_index":"top","_type":"_doc","_id":"2760","_version":164,"result":"updated","_shards":{"total":2,"successful":1,"failed":0},"_seq_no":112196,"_primary_term":1}
2019-12-12 13:57:54 [urllib3.connectionpool] DEBUG: Starting new HTTP connection (1): elasticsearch:9200
2019-12-12 13:57:54 [urllib3.connectionpool] DEBUG: http://elasticsearch:9200 "HEAD /top HTTP/1.1" 200 0
2019-12-12 13:57:54 [elasticsearch] INFO: HEAD http://elasticsearch:9200/top [status:200 request:0.002s]
2019-12-12 13:57:54 [elasticsearch] DEBUG: > None
2019-12-12 13:57:54 [elasticsearch] DEBUG: < 
2019-12-12 13:57:54 [urllib3.connectionpool] DEBUG: http://elasticsearch:9200 "POST /top/_doc/2781 HTTP/1.1" 200 161
2019-12-12 13:57:54 [elasticsearch] INFO: POST http://elasticsearch:9200/top/_doc/2781 [status:200 request:0.017s]
2019-12-12 13:57:54 [elasticsearch] DEBUG: > {"title":"伊万卡秀蚂蚁腰","description_content":"133.2万","update_at":1576159074113}
2019-12-12 13:57:54 [elasticsearch] DEBUG: < {"_index":"top","_type":"_doc","_id":"2781","_version":164,"result":"updated","_shards":{"total":2,"successful":1,"failed":0},"_seq_no":112197,"_primary_term":1}
2019-12-12 13:57:54 [urllib3.connectionpool] DEBUG: Starting new HTTP connection (1): elasticsearch:9200
2019-12-12 13:57:54 [urllib3.connectionpool] DEBUG: http://elasticsearch:9200 "HEAD /top HTTP/1.1" 200 0
2019-12-12 13:57:54 [elasticsearch] INFO: HEAD http://elasticsearch:9200/top [status:200 request:0.002s]
2019-12-12 13:57:54 [elasticsearch] DEBUG: > None
2019-12-12 13:57:54 [elasticsearch] DEBUG: < 
2019-12-12 13:57:54 [urllib3.connectionpool] DEBUG: http://elasticsearch:9200 "POST /top/_doc/4894 HTTP/1.1" 200 160
2019-12-12 13:57:54 [elasticsearch] INFO: POST http://elasticsearch:9200/top/_doc/4894 [status:200 request:0.017s]
2019-12-12 13:57:54 [elasticsearch] DEBUG: > {"title":"12306购票时间延长","description_content":"130.3万","update_at":1576159074113}
2019-12-12 13:57:54 [elasticsearch] DEBUG: < {"_index":"top","_type":"_doc","_id":"4894","_version":14,"result":"updated","_shards":{"total":2,"successful":1,"failed":0},"_seq_no":112198,"_primary_term":1}
2019-12-12 13:57:54 [urllib3.connectionpool] DEBUG: Starting new HTTP connection (1): elasticsearch:9200
2019-12-12 13:57:54 [urllib3.connectionpool] DEBUG: http://elasticsearch:9200 "HEAD /top HTTP/1.1" 200 0
2019-12-12 13:57:54 [elasticsearch] INFO: HEAD http://elasticsearch:9200/top [status:200 request:0.002s]
2019-12-12 13:57:54 [elasticsearch] DEBUG: > None
2019-12-12 13:57:54 [elasticsearch] DEBUG: < 
2019-12-12 13:57:54 [urllib3.connectionpool] DEBUG: http://elasticsearch:9200 "POST /top/_doc/4643 HTTP/1.1" 200 160
2019-12-12 13:57:54 [elasticsearch] INFO: POST http://elasticsearch:9200/top/_doc/4643 [status:200 request:0.017s]
2019-12-12 13:57:54 [elasticsearch] DEBUG: > {"title":"曝小鬼当家将被翻拍","description_content":"124.7万","update_at":1576159074113}
2019-12-12 13:57:54 [elasticsearch] DEBUG: < {"_index":"top","_type":"_doc","_id":"4643","_version":56,"result":"updated","_shards":{"total":2,"successful":1,"failed":0},"_seq_no":112199,"_primary_term":1}
2019-12-12 13:57:54 [urllib3.connectionpool] DEBUG: Starting new HTTP connection (1): elasticsearch:9200
2019-12-12 13:57:54 [urllib3.connectionpool] DEBUG: http://elasticsearch:9200 "HEAD /top HTTP/1.1" 200 0
2019-12-12 13:57:54 [elasticsearch] INFO: HEAD http://elasticsearch:9200/top [status:200 request:0.002s]
2019-12-12 13:57:54 [elasticsearch] DEBUG: > None
2019-12-12 13:57:54 [elasticsearch] DEBUG: < 
2019-12-12 13:57:54 [urllib3.connectionpool] DEBUG: http://elasticsearch:9200 "POST /top/_doc/4348 HTTP/1.1" 200 161
2019-12-12 13:57:54 [elasticsearch] INFO: POST http://elasticsearch:9200/top/_doc/4348 [status:200 request:0.018s]
2019-12-12 13:57:54 [elasticsearch] DEBUG: > {"title":"财政部辞聘上财教授","description_content":"120.7万","update_at":1576159074113}
2019-12-12 13:57:54 [elasticsearch] DEBUG: < {"_index":"top","_type":"_doc","_id":"4348","_version":108,"result":"updated","_shards":{"total":2,"successful":1,"failed":0},"_seq_no":112200,"_primary_term":1}
2019-12-12 13:57:54 [urllib3.connectionpool] DEBUG: Starting new HTTP connection (1): elasticsearch:9200
2019-12-12 13:57:54 [urllib3.connectionpool] DEBUG: http://elasticsearch:9200 "HEAD /top HTTP/1.1" 200 0
2019-12-12 13:57:54 [elasticsearch] INFO: HEAD http://elasticsearch:9200/top [status:200 request:0.002s]
2019-12-12 13:57:54 [elasticsearch] DEBUG: > None
2019-12-12 13:57:54 [elasticsearch] DEBUG: < 
2019-12-12 13:57:54 [urllib3.connectionpool] DEBUG: http://elasticsearch:9200 "POST /top/_doc/2776 HTTP/1.1" 200 161
2019-12-12 13:57:54 [elasticsearch] INFO: POST http://elasticsearch:9200/top/_doc/2776 [status:200 request:0.019s]
2019-12-12 13:57:54 [elasticsearch] DEBUG: > {"title":"庆余年开启超前点播","description_content":"116.7万","update_at":1576159074113}
2019-12-12 13:57:54 [elasticsearch] DEBUG: < {"_index":"top","_type":"_doc","_id":"2776","_version":147,"result":"updated","_shards":{"total":2,"successful":1,"failed":0},"_seq_no":112201,"_primary_term":1}
2019-12-12 13:57:54 [urllib3.connectionpool] DEBUG: Starting new HTTP connection (1): elasticsearch:9200
2019-12-12 13:57:54 [urllib3.connectionpool] DEBUG: http://elasticsearch:9200 "HEAD /top HTTP/1.1" 200 0
2019-12-12 13:57:54 [elasticsearch] INFO: HEAD http://elasticsearch:9200/top [status:200 request:0.002s]
2019-12-12 13:57:54 [elasticsearch] DEBUG: > None
2019-12-12 13:57:54 [elasticsearch] DEBUG: < 
2019-12-12 13:57:54 [urllib3.connectionpool] DEBUG: http://elasticsearch:9200 "POST /top/_doc/4877 HTTP/1.1" 200 160
2019-12-12 13:57:54 [elasticsearch] INFO: POST http://elasticsearch:9200/top/_doc/4877 [status:200 request:0.021s]
2019-12-12 13:57:54 [elasticsearch] DEBUG: > {"title":"陈坤买酒被查年龄","description_content":"116.3万","update_at":1576159074113}
2019-12-12 13:57:54 [elasticsearch] DEBUG: < {"_index":"top","_type":"_doc","_id":"4877","_version":16,"result":"updated","_shards":{"total":2,"successful":1,"failed":0},"_seq_no":112202,"_primary_term":1}
2019-12-12 13:57:54 [urllib3.connectionpool] DEBUG: http://elasticsearch:9200 "POST /top/_doc/4722 HTTP/1.1" 200 160
2019-12-12 13:57:54 [elasticsearch] INFO: POST http://elasticsearch:9200/top/_doc/4722 [status:200 request:0.020s]
2019-12-12 13:57:54 [elasticsearch] DEBUG: > {"title":"四川男篮官宣换帅","description_content":"114.8万","update_at":1576159074113}
2019-12-12 13:57:54 [elasticsearch] DEBUG: < {"_index":"top","_type":"_doc","_id":"4722","_version":45,"result":"updated","_shards":{"total":2,"successful":1,"failed":0},"_seq_no":112203,"_primary_term":1}
2019-12-12 13:57:54 [urllib3.connectionpool] DEBUG: http://elasticsearch:9200 "POST /top/_doc/4858 HTTP/1.1" 200 160
2019-12-12 13:57:54 [elasticsearch] INFO: POST http://elasticsearch:9200/top/_doc/4858 [status:200 request:0.019s]
2019-12-12 13:57:54 [elasticsearch] DEBUG: > {"title":"范丞丞粉色头发","description_content":"113.7万","update_at":1576159074113}
2019-12-12 13:57:54 [elasticsearch] DEBUG: < {"_index":"top","_type":"_doc","_id":"4858","_version":19,"result":"updated","_shards":{"total":2,"successful":1,"failed":0},"_seq_no":112204,"_primary_term":1}
2019-12-12 13:57:54 [urllib3.connectionpool] DEBUG: http://elasticsearch:9200 "POST /top/_doc/4859 HTTP/1.1" 200 160
2019-12-12 13:57:54 [elasticsearch] INFO: POST http://elasticsearch:9200/top/_doc/4859 [status:200 request:0.017s]
2019-12-12 13:57:54 [elasticsearch] DEBUG: > {"title":"李艾晒儿子日常","description_content":"112.3万","update_at":1576159074113}
2019-12-12 13:57:54 [elasticsearch] DEBUG: < {"_index":"top","_type":"_doc","_id":"4859","_version":19,"result":"updated","_shards":{"total":2,"successful":1,"failed":0},"_seq_no":112205,"_primary_term":1}
